[4.559s] Invoking command in '/home/mi/workplace/src/learning': PYTHONPATH=/home/mi/workplace/install/learning/lib/python3.6/site-packages:${PYTHONPATH} /usr/bin/python3 setup.py egg_info --egg-base ../../build/learning build --build-base /home/mi/workplace/build/learning/build install --prefix /home/mi/workplace/install/learning --record /home/mi/workplace/build/learning/install.log --single-version-externally-managed
[6.373s] running egg_info
[6.378s] writing ../../build/learning/learning.egg-info/PKG-INFO
[6.380s] writing dependency_links to ../../build/learning/learning.egg-info/dependency_links.txt
[6.382s] writing entry points to ../../build/learning/learning.egg-info/entry_points.txt
[6.383s] writing requirements to ../../build/learning/learning.egg-info/requires.txt
[6.385s] writing top-level names to ../../build/learning/learning.egg-info/top_level.txt
[6.402s] reading manifest file '../../build/learning/learning.egg-info/SOURCES.txt'
[6.408s] writing manifest file '../../build/learning/learning.egg-info/SOURCES.txt'
[6.410s] running build
[6.411s] running build_py
[6.415s] copying learning/get_data.py -> /home/mi/workplace/build/learning/build/lib/learning
[6.418s] running install
[6.422s] /usr/local/lib/python3.6/dist-packages/setuptools/command/install.py:37: SetuptoolsDeprecationWarning: setup.py install is deprecated. Use build and pip and other standards-based tools.
[6.423s]   setuptools.SetuptoolsDeprecationWarning,
[6.424s] running install_lib
[6.430s] copying /home/mi/workplace/build/learning/build/lib/learning/get_data.py -> /home/mi/workplace/install/learning/lib/python3.6/site-packages/learning
[6.433s] byte-compiling /home/mi/workplace/install/learning/lib/python3.6/site-packages/learning/get_data.py to get_data.cpython-36.pyc
[6.437s] running install_data
[6.439s] running install_egg_info
[6.460s] removing '/home/mi/workplace/install/learning/lib/python3.6/site-packages/learning-0.0.0-py3.6.egg-info' (and everything under it)
[6.461s] Copying ../../build/learning/learning.egg-info to /home/mi/workplace/install/learning/lib/python3.6/site-packages/learning-0.0.0-py3.6.egg-info
[6.462s] running install_scripts
[6.557s] Installing camera script to /home/mi/workplace/install/learning/lib/learning
[6.559s] Installing crash script to /home/mi/workplace/install/learning/lib/learning
[6.561s] Installing data_receive script to /home/mi/workplace/install/learning/lib/learning
[6.561s] Installing get_data script to /home/mi/workplace/install/learning/lib/learning
[6.565s] Installing goal script to /home/mi/workplace/install/learning/lib/learning
[6.566s] Installing rgb script to /home/mi/workplace/install/learning/lib/learning
[6.566s] Installing rotate script to /home/mi/workplace/install/learning/lib/learning
[6.568s] Installing rotate_until_center1 script to /home/mi/workplace/install/learning/lib/learning
[6.569s] Installing stand script to /home/mi/workplace/install/learning/lib/learning
[6.578s] Installing track script to /home/mi/workplace/install/learning/lib/learning
[6.578s] Installing walk_t_sec script to /home/mi/workplace/install/learning/lib/learning
[6.579s] Installing walktest script to /home/mi/workplace/install/learning/lib/learning
[6.579s] writing list of installed files to '/home/mi/workplace/build/learning/install.log'
[6.699s] Invoked command in '/home/mi/workplace/src/learning' returned '0': PYTHONPATH=/home/mi/workplace/install/learning/lib/python3.6/site-packages:${PYTHONPATH} /usr/bin/python3 setup.py egg_info --egg-base ../../build/learning build --build-base /home/mi/workplace/build/learning/build install --prefix /home/mi/workplace/install/learning --record /home/mi/workplace/build/learning/install.log --single-version-externally-managed
