2024-05-23 23:11:32.433 [info] Log level: Info
2024-05-23 23:11:32.433 [info] Validating found git in: "git"
2024-05-23 23:11:32.433 [info] Using git "2.17.1" from "git"
2024-05-23 23:11:32.433 [info] > git rev-parse --show-toplevel [2495ms]
2024-05-23 23:11:32.433 [info] > git rev-parse --git-dir --git-common-dir [216ms]
2024-05-23 23:11:32.433 [info] Open repository: /home/mi
2024-05-23 23:11:32.515 [info] > git config --get commit.template [188ms]
2024-05-23 23:11:32.628 [info] > git rev-parse --show-toplevel [197ms]
2024-05-23 23:11:32.737 [info] > git rev-parse --show-toplevel [36ms]
2024-05-23 23:11:32.740 [info] > git for-each-ref --format=%(refname)%00%(upstream:short)%00%(objectname)%00%(upstream:track)%00%(upstream:remotename)%00%(upstream:remoteref) refs/heads/whf_play refs/remotes/whf_play [82ms]
2024-05-23 23:11:33.418 [info] > git status -z -uall [648ms]
2024-05-23 23:11:33.420 [info] > git check-ignore -v -z --stdin [308ms]
2024-05-23 23:11:33.433 [info] > git rev-parse --show-toplevel [569ms]
2024-05-23 23:11:34.950 [info] > git rev-parse --show-toplevel [1197ms]
2024-05-23 23:11:35.172 [info] > git config --get commit.template [307ms]
2024-05-23 23:11:35.623 [info] > git rev-parse --show-toplevel [489ms]
2024-05-23 23:11:35.903 [info] > git rev-parse --show-toplevel [73ms]
2024-05-23 23:11:35.907 [info] > git for-each-ref --format=%(refname)%00%(upstream:short)%00%(objectname)%00%(upstream:track)%00%(upstream:remotename)%00%(upstream:remoteref) refs/heads/whf_play refs/remotes/whf_play [101ms]
2024-05-23 23:11:36.043 [info] > git rev-parse --show-toplevel [56ms]
2024-05-23 23:11:36.201 [info] > git rev-parse --show-toplevel [40ms]
2024-05-23 23:11:36.429 [info] > git status -z -uall [499ms]
2024-05-23 23:11:36.433 [info] > git rev-parse --show-toplevel [135ms]
2024-05-23 23:11:37.232 [info] > git rev-parse --show-toplevel [683ms]
2024-05-23 23:11:37.280 [info] > git rev-parse --show-toplevel [16ms]
2024-05-23 23:11:37.685 [info] > git rev-parse --show-toplevel [115ms]
2024-05-23 23:11:37.978 [info] > git rev-parse --show-toplevel [93ms]
2024-05-23 23:11:38.021 [info] > git rev-parse --show-toplevel [11ms]
2024-05-23 23:11:38.054 [info] > git rev-parse --show-toplevel [5ms]
2024-05-23 23:11:38.153 [info] > git rev-parse --show-toplevel [63ms]
2024-05-23 23:11:38.218 [info] > git rev-parse --show-toplevel [41ms]
2024-05-23 23:11:38.311 [info] > git rev-parse --show-toplevel [68ms]
2024-05-23 23:11:38.362 [info] > git rev-parse --show-toplevel [19ms]
2024-05-23 23:11:38.405 [info] > git rev-parse --show-toplevel [18ms]
2024-05-23 23:11:38.449 [info] > git rev-parse --show-toplevel [13ms]
2024-05-23 23:11:38.547 [info] > git rev-parse --show-toplevel [65ms]
2024-05-23 23:11:38.590 [info] > git rev-parse --show-toplevel [16ms]
2024-05-23 23:11:38.664 [info] > git rev-parse --show-toplevel [48ms]
2024-05-23 23:11:38.935 [info] > git rev-parse --show-toplevel [214ms]
2024-05-23 23:11:39.287 [info] > git rev-parse --show-toplevel [223ms]
2024-05-23 23:11:39.809 [info] > git rev-parse --show-toplevel [34ms]
2024-05-23 23:11:39.854 [info] > git rev-parse --show-toplevel [19ms]
2024-05-23 23:11:40.247 [info] > git rev-parse --show-toplevel [33ms]
2024-05-23 23:11:40.295 [info] > git rev-parse --show-toplevel [19ms]
2024-05-23 23:11:40.326 [info] > git rev-parse --show-toplevel [7ms]
2024-05-23 23:11:40.358 [info] > git rev-parse --show-toplevel [7ms]
2024-05-23 23:11:40.456 [info] > git show --textconv :workplace/src/learning/learning/move_node.py [51ms]
2024-05-23 23:11:40.485 [info] > git ls-files --stage -- /home/mi/workplace/src/learning/learning/move_node.py [51ms]
2024-05-23 23:11:40.528 [info] > git cat-file -s bd4ca092f2e8b0a21bbb7d98be2ca9b306f57420 [10ms]
2024-05-23 23:16:57.722 [info] > git show --textconv :workplace/src/learning/learning/get_data.py [57ms]
2024-05-23 23:16:57.738 [info] > git ls-files --stage -- /home/mi/workplace/src/learning/learning/get_data.py [23ms]
2024-05-23 23:16:57.773 [info] > git cat-file -s 9d13abeda5998bb74af7082f4c08702f1e5acef0 [12ms]
2024-05-23 23:28:54.647 [info] > git show --textconv :workplace/src/learning/learning/move_node.py [49ms]
2024-05-23 23:28:54.659 [info] > git ls-files --stage -- /home/mi/workplace/src/learning/learning/move_node.py [35ms]
2024-05-23 23:28:54.699 [info] > git cat-file -s 76d4d92b986953661183673baf556d194b04cb90 [14ms]
2024-05-23 23:29:15.756 [info] > git show --textconv :workplace/src/learning/learning/get_data.py [46ms]
2024-05-23 23:29:15.798 [info] > git ls-files --stage -- /home/mi/workplace/src/learning/learning/get_data.py [53ms]
2024-05-23 23:29:15.922 [info] > git cat-file -s b774aea93f19bdc3c47a4ce0d80a42ded195260a [53ms]
2024-05-23 23:29:17.574 [info] > git show --textconv :README.md [120ms]
2024-05-23 23:29:17.577 [info] > git ls-files --stage -- /home/mi/README.md [84ms]
2024-05-23 23:29:17.727 [info] > git show --textconv :workplace/src/learning/learning/main_node.py [60ms]
2024-05-23 23:29:17.750 [info] > git cat-file -s 8c593d39f2ee23b8fe303ad65cc943d430a12738 [137ms]
2024-05-23 23:29:17.771 [info] > git ls-files --stage -- /home/mi/workplace/src/learning/learning/main_node.py [70ms]
2024-05-23 23:29:17.833 [info] > git cat-file -s 2dbb9e44abda0578827f7854479f9fce158c8d04 [25ms]
2024-05-23 23:34:00.966 [info] > git show --textconv :workplace/src/learning/learning/move_node.py [47ms]
2024-05-23 23:34:00.983 [info] > git ls-files --stage -- /home/mi/workplace/src/learning/learning/move_node.py [38ms]
2024-05-23 23:34:01.016 [info] > git cat-file -s 76d4d92b986953661183673baf556d194b04cb90 [12ms]
2024-05-23 23:38:19.164 [info] > git show --textconv :workplace/src/learning/learning/get_data.py [38ms]
2024-05-23 23:38:19.186 [info] > git ls-files --stage -- /home/mi/workplace/src/learning/learning/get_data.py [28ms]
2024-05-23 23:38:19.220 [info] > git cat-file -s b774aea93f19bdc3c47a4ce0d80a42ded195260a [8ms]
2024-05-23 23:38:20.229 [info] > git show --textconv :workplace/src/learning/learning/main_node.py [49ms]
2024-05-23 23:38:20.245 [info] > git ls-files --stage -- /home/mi/workplace/src/learning/learning/main_node.py [27ms]
2024-05-23 23:38:20.274 [info] > git cat-file -s 2dbb9e44abda0578827f7854479f9fce158c8d04 [7ms]
2024-05-23 23:39:17.665 [info] > git show --textconv :workplace/src/learning/learning/move_node.py [38ms]
2024-05-23 23:39:17.686 [info] > git ls-files --stage -- /home/mi/workplace/src/learning/learning/move_node.py [30ms]
2024-05-23 23:39:17.714 [info] > git cat-file -s 76d4d92b986953661183673baf556d194b04cb90 [6ms]
2024-05-23 23:43:45.170 [info] > git show --textconv :workplace/src/learning/learning/main_node.py [34ms]
2024-05-23 23:43:45.192 [info] > git ls-files --stage -- /home/mi/workplace/src/learning/learning/main_node.py [27ms]
2024-05-23 23:43:45.227 [info] > git cat-file -s 2dbb9e44abda0578827f7854479f9fce158c8d04 [8ms]
2024-05-23 23:44:01.632 [info] > git show --textconv :workplace/src/learning/learning/move_node.py [50ms]
2024-05-23 23:44:01.646 [info] > git ls-files --stage -- /home/mi/workplace/src/learning/learning/move_node.py [24ms]
2024-05-23 23:44:01.683 [info] > git cat-file -s 76d4d92b986953661183673baf556d194b04cb90 [9ms]
2024-05-23 23:44:10.833 [info] > git show --textconv :workplace/src/learning/learning/get_data.py [42ms]
2024-05-23 23:44:10.847 [info] > git ls-files --stage -- /home/mi/workplace/src/learning/learning/get_data.py [22ms]
2024-05-23 23:44:10.883 [info] > git cat-file -s b774aea93f19bdc3c47a4ce0d80a42ded195260a [13ms]
2024-05-23 23:44:41.644 [info] > git show --textconv :workplace/src/learning/learning/move_node.py [50ms]
2024-05-23 23:44:41.665 [info] > git ls-files --stage -- /home/mi/workplace/src/learning/learning/move_node.py [31ms]
2024-05-23 23:44:41.698 [info] > git cat-file -s 76d4d92b986953661183673baf556d194b04cb90 [6ms]
2024-05-23 23:44:42.495 [info] > git show --textconv :workplace/src/learning/learning/get_data.py [45ms]
2024-05-23 23:44:42.514 [info] > git ls-files --stage -- /home/mi/workplace/src/learning/learning/get_data.py [34ms]
2024-05-23 23:44:42.561 [info] > git cat-file -s b774aea93f19bdc3c47a4ce0d80a42ded195260a [14ms]
2024-05-23 23:44:44.062 [info] > git show --textconv :workplace/src/learning/learning/move_node.py [38ms]
2024-05-23 23:44:44.083 [info] > git ls-files --stage -- /home/mi/workplace/src/learning/learning/move_node.py [31ms]
2024-05-23 23:44:44.117 [info] > git cat-file -s 76d4d92b986953661183673baf556d194b04cb90 [13ms]
2024-05-23 23:44:44.727 [info] > git show --textconv :workplace/src/learning/learning/get_data.py [37ms]
2024-05-23 23:44:44.746 [info] > git ls-files --stage -- /home/mi/workplace/src/learning/learning/get_data.py [29ms]
2024-05-23 23:44:44.776 [info] > git cat-file -s b774aea93f19bdc3c47a4ce0d80a42ded195260a [5ms]
2024-05-23 23:44:50.537 [info] > git show --textconv :workplace/src/learning/learning/main_node.py [55ms]
2024-05-23 23:44:50.567 [info] > git ls-files --stage -- /home/mi/workplace/src/learning/learning/main_node.py [54ms]
2024-05-23 23:44:50.608 [info] > git cat-file -s 2dbb9e44abda0578827f7854479f9fce158c8d04 [9ms]
2024-05-23 23:45:34.600 [info] > git show --textconv :workplace/src/learning/learning/get_data.py [45ms]
2024-05-23 23:45:34.612 [info] > git ls-files --stage -- /home/mi/workplace/src/learning/learning/get_data.py [21ms]
2024-05-23 23:45:34.662 [info] > git cat-file -s b774aea93f19bdc3c47a4ce0d80a42ded195260a [20ms]
2024-05-23 23:45:47.278 [info] > git show --textconv :workplace/src/learning/learning/main_node.py [35ms]
2024-05-23 23:45:47.290 [info] > git ls-files --stage -- /home/mi/workplace/src/learning/learning/main_node.py [20ms]
2024-05-23 23:45:47.320 [info] > git cat-file -s 2dbb9e44abda0578827f7854479f9fce158c8d04 [9ms]
2024-05-23 23:45:48.818 [info] > git show --textconv :workplace/src/learning/learning/get_data.py [41ms]
2024-05-23 23:45:48.826 [info] > git ls-files --stage -- /home/mi/workplace/src/learning/learning/get_data.py [19ms]
2024-05-23 23:45:48.871 [info] > git cat-file -s b774aea93f19bdc3c47a4ce0d80a42ded195260a [15ms]
2024-05-23 23:52:36.871 [info] > git show --textconv :workplace/src/learning/learning/main_node.py [31ms]
2024-05-23 23:52:36.892 [info] > git ls-files --stage -- /home/mi/workplace/src/learning/learning/main_node.py [25ms]
2024-05-23 23:52:36.924 [info] > git cat-file -s 2dbb9e44abda0578827f7854479f9fce158c8d04 [10ms]
2024-05-23 23:52:44.798 [info] > git show --textconv :workplace/src/learning/learning/get_data.py [32ms]
2024-05-23 23:52:44.813 [info] > git ls-files --stage -- /home/mi/workplace/src/learning/learning/get_data.py [22ms]
2024-05-23 23:52:44.841 [info] > git cat-file -s b774aea93f19bdc3c47a4ce0d80a42ded195260a [5ms]
2024-05-23 23:52:49.679 [info] > git check-ignore -v -z --stdin [136ms]
2024-05-23 23:52:52.622 [info] > git check-ignore -v -z --stdin [37ms]
2024-05-23 23:52:53.540 [info] > git show --textconv :workplace/src/learning/learning/shoot.py [35ms]
2024-05-23 23:52:53.562 [info] > git ls-files --stage -- /home/mi/workplace/src/learning/learning/shoot.py [27ms]
2024-05-23 23:52:53.600 [info] > git cat-file -s e69de29bb2d1d6434b8b29ae775ad8c2e48c5391 [6ms]
2024-05-23 23:54:52.710 [info] > git check-ignore -v -z --stdin [41ms]
2024-05-23 23:54:55.776 [info] > git show --textconv :workplace/src/learning/learning/rotate.py [62ms]
2024-05-23 23:54:55.788 [info] > git ls-files --stage -- /home/mi/workplace/src/learning/learning/rotate.py [35ms]
2024-05-23 23:54:55.819 [info] > git cat-file -s e7b2e332236f0974352ac45addea76ecfbd536d5 [4ms]
2024-05-23 23:56:56.780 [info] > git check-ignore -v -z --stdin [44ms]
2024-05-23 23:56:57.803 [info] > git check-ignore -v -z --stdin [21ms]
2024-05-23 23:57:10.115 [info] > git show --textconv :workplace/src/learning/learning/config.py [33ms]
2024-05-23 23:57:10.125 [info] > git ls-files --stage -- /home/mi/workplace/src/learning/learning/config.py [22ms]
2024-05-23 23:57:10.364 [info] > git check-ignore -v -z --stdin [27ms]
2024-05-23 23:57:14.229 [info] > git show --textconv :workplace/src/learning/learning/get_data.py [45ms]
2024-05-23 23:57:14.234 [info] > git ls-files --stage -- /home/mi/workplace/src/learning/learning/get_data.py [21ms]
2024-05-23 23:57:14.285 [info] > git cat-file -s b774aea93f19bdc3c47a4ce0d80a42ded195260a [23ms]
2024-05-23 23:57:16.522 [info] > git show --textconv :workplace/src/learning/learning/main_node.py [65ms]
2024-05-23 23:57:16.534 [info] > git ls-files --stage -- /home/mi/workplace/src/learning/learning/main_node.py [32ms]
2024-05-23 23:57:16.566 [info] > git cat-file -s 2dbb9e44abda0578827f7854479f9fce158c8d04 [8ms]
2024-05-23 23:57:24.776 [info] > git show --textconv :workplace/src/learning/learning/crash.py [33ms]
2024-05-23 23:57:24.818 [info] > git ls-files --stage -- /home/mi/workplace/src/learning/learning/crash.py [46ms]
2024-05-23 23:57:24.854 [info] > git cat-file -s f547fe11b8bb522299afb02955a2f9df74b87ff4 [7ms]
2024-05-23 23:57:25.166 [info] > git show --textconv :workplace/src/learning/learning/config.py [48ms]
2024-05-23 23:57:25.203 [info] > git ls-files --stage -- /home/mi/workplace/src/learning/learning/config.py [56ms]
2024-05-23 23:57:42.675 [info] > git show --textconv :workplace/src/learning/learning/get_data.py [45ms]
2024-05-23 23:57:42.692 [info] > git ls-files --stage -- /home/mi/workplace/src/learning/learning/get_data.py [31ms]
2024-05-23 23:57:42.719 [info] > git cat-file -s b774aea93f19bdc3c47a4ce0d80a42ded195260a [4ms]
2024-05-23 23:58:38.256 [info] > git show --textconv :workplace/src/learning/learning/config.py [37ms]
2024-05-23 23:58:38.267 [info] > git ls-files --stage -- /home/mi/workplace/src/learning/learning/config.py [22ms]
2024-05-23 23:58:41.705 [info] > git show --textconv :workplace/src/learning/learning/get_data.py [49ms]
2024-05-23 23:58:41.713 [info] > git ls-files --stage -- /home/mi/workplace/src/learning/learning/get_data.py [23ms]
2024-05-23 23:58:41.753 [info] > git cat-file -s b774aea93f19bdc3c47a4ce0d80a42ded195260a [14ms]
2024-05-23 23:59:26.060 [info] > git show --textconv :workplace/src/learning/learning/rotate.py [48ms]
2024-05-23 23:59:26.099 [info] > git ls-files --stage -- /home/mi/workplace/src/learning/learning/rotate.py [46ms]
2024-05-23 23:59:26.138 [info] > git cat-file -s e7b2e332236f0974352ac45addea76ecfbd536d5 [4ms]
2024-05-24 00:00:58.097 [info] > git show --textconv :workplace/src/learning/learning/get_data.py [37ms]
2024-05-24 00:00:58.109 [info] > git ls-files --stage -- /home/mi/workplace/src/learning/learning/get_data.py [22ms]
2024-05-24 00:00:58.148 [info] > git cat-file -s b774aea93f19bdc3c47a4ce0d80a42ded195260a [10ms]
2024-05-24 00:07:55.746 [info] > git show --textconv :workplace/src/learning/learning/config.py [31ms]
2024-05-24 00:07:55.764 [info] > git ls-files --stage -- /home/mi/workplace/src/learning/learning/config.py [24ms]
2024-05-24 00:08:17.632 [info] > git show --textconv :workplace/src/learning/learning/get_data.py [87ms]
2024-05-24 00:08:17.675 [info] > git ls-files --stage -- /home/mi/workplace/src/learning/learning/get_data.py [72ms]
2024-05-24 00:08:17.725 [info] > git cat-file -s b774aea93f19bdc3c47a4ce0d80a42ded195260a [13ms]
2024-05-24 00:08:21.021 [info] > git show --textconv :workplace/src/learning/learning/config.py [33ms]
2024-05-24 00:08:21.033 [info] > git ls-files --stage -- /home/mi/workplace/src/learning/learning/config.py [20ms]
2024-05-24 00:09:13.464 [info] > git show --textconv :workplace/src/learning/learning/get_data.py [43ms]
2024-05-24 00:09:13.472 [info] > git ls-files --stage -- /home/mi/workplace/src/learning/learning/get_data.py [23ms]
2024-05-24 00:09:13.527 [info] > git cat-file -s b774aea93f19bdc3c47a4ce0d80a42ded195260a [16ms]
2024-05-24 00:09:41.325 [info] > git show --textconv :workplace/src/learning/learning/config.py [32ms]
2024-05-24 00:09:41.340 [info] > git ls-files --stage -- /home/mi/workplace/src/learning/learning/config.py [21ms]
2024-05-24 00:09:55.240 [info] > git show --textconv :workplace/src/learning/learning/constants.py [42ms]
2024-05-24 00:09:55.259 [info] > git ls-files --stage -- /home/mi/workplace/src/learning/learning/constants.py [26ms]
2024-05-24 00:09:55.513 [info] > git check-ignore -v -z --stdin [25ms]
2024-05-24 00:09:57.614 [info] > git show --textconv :workplace/src/learning/learning/get_data.py [34ms]
2024-05-24 00:09:57.626 [info] > git ls-files --stage -- /home/mi/workplace/src/learning/learning/get_data.py [20ms]
2024-05-24 00:09:57.675 [info] > git cat-file -s b774aea93f19bdc3c47a4ce0d80a42ded195260a [23ms]
2024-05-24 00:10:18.724 [info] > git show --textconv :workplace/src/learning/learning/constants.py [44ms]
2024-05-24 00:10:18.733 [info] > git ls-files --stage -- /home/mi/workplace/src/learning/learning/constants.py [27ms]
2024-05-24 00:10:44.200 [info] > git show --textconv :workplace/src/learning/learning/get_data.py [52ms]
2024-05-24 00:10:44.207 [info] > git ls-files --stage -- /home/mi/workplace/src/learning/learning/get_data.py [32ms]
2024-05-24 00:10:44.251 [info] > git cat-file -s b774aea93f19bdc3c47a4ce0d80a42ded195260a [17ms]
2024-05-24 00:11:10.066 [info] > git show --textconv :workplace/src/learning/learning/constants.py [33ms]
2024-05-24 00:11:10.085 [info] > git ls-files --stage -- /home/mi/workplace/src/learning/learning/constants.py [25ms]
2024-05-24 00:11:12.331 [info] > git show --textconv :workplace/src/learning/learning/get_data.py [52ms]
2024-05-24 00:11:12.338 [info] > git ls-files --stage -- /home/mi/workplace/src/learning/learning/get_data.py [31ms]
2024-05-24 00:11:12.374 [info] > git cat-file -s b774aea93f19bdc3c47a4ce0d80a42ded195260a [7ms]
2024-05-24 00:11:42.984 [info] > git show --textconv :workplace/src/learning/learning/constants.py [31ms]
2024-05-24 00:11:43.005 [info] > git ls-files --stage -- /home/mi/workplace/src/learning/learning/constants.py [27ms]
2024-05-24 00:12:34.952 [info] > git show --textconv :workplace/src/learning/learning/get_data.py [52ms]
2024-05-24 00:12:34.960 [info] > git ls-files --stage -- /home/mi/workplace/src/learning/learning/get_data.py [30ms]
2024-05-24 00:12:34.989 [info] > git cat-file -s b774aea93f19bdc3c47a4ce0d80a42ded195260a [7ms]
2024-05-24 00:12:51.041 [info] > git show --textconv :workplace/src/learning/learning/main_node.py [53ms]
2024-05-24 00:12:51.051 [info] > git ls-files --stage -- /home/mi/workplace/src/learning/learning/main_node.py [29ms]
2024-05-24 00:12:51.088 [info] > git cat-file -s 2dbb9e44abda0578827f7854479f9fce158c8d04 [12ms]
2024-05-24 00:13:37.215 [info] > git show --textconv :workplace/src/learning/learning/constants.py [39ms]
2024-05-24 00:13:37.228 [info] > git ls-files --stage -- /home/mi/workplace/src/learning/learning/constants.py [25ms]
2024-05-24 00:15:28.021 [info] > git show --textconv :workplace/src/learning/learning/get_data.py [40ms]
2024-05-24 00:15:28.031 [info] > git ls-files --stage -- /home/mi/workplace/src/learning/learning/get_data.py [21ms]
2024-05-24 00:15:28.075 [info] > git cat-file -s b774aea93f19bdc3c47a4ce0d80a42ded195260a [18ms]
2024-05-24 00:16:01.706 [info] > git show --textconv :workplace/src/learning/learning/move_node.py [34ms]
2024-05-24 00:16:01.720 [info] > git ls-files --stage -- /home/mi/workplace/src/learning/learning/move_node.py [21ms]
2024-05-24 00:16:01.755 [info] > git cat-file -s 76d4d92b986953661183673baf556d194b04cb90 [10ms]
2024-05-24 00:17:09.764 [info] > git show --textconv :README.md [232ms]
2024-05-24 00:17:09.773 [info] > git ls-files --stage -- /home/mi/README.md [215ms]
2024-05-24 00:17:09.802 [info] > git cat-file -s 8c593d39f2ee23b8fe303ad65cc943d430a12738 [8ms]
2024-05-24 00:17:09.909 [info] > git check-ignore -v -z --stdin [41ms]
2024-05-24 00:17:10.423 [info] > git show --textconv :workplace/src/learning/learning/main_node.py [40ms]
2024-05-24 00:17:10.436 [info] > git ls-files --stage -- /home/mi/workplace/src/learning/learning/main_node.py [25ms]
2024-05-24 00:17:10.473 [info] > git cat-file -s 2dbb9e44abda0578827f7854479f9fce158c8d04 [11ms]
2024-05-24 00:17:36.672 [info] > git show --textconv :workplace/src/learning/learning/move_node.py [57ms]
2024-05-24 00:17:36.686 [info] > git ls-files --stage -- /home/mi/workplace/src/learning/learning/move_node.py [32ms]
2024-05-24 00:17:36.726 [info] > git cat-file -s 76d4d92b986953661183673baf556d194b04cb90 [13ms]
2024-05-24 00:18:14.138 [info] > git show --textconv :workplace/src/learning/learning/get_data.py [36ms]
2024-05-24 00:18:14.158 [info] > git ls-files --stage -- /home/mi/workplace/src/learning/learning/get_data.py [28ms]
2024-05-24 00:18:14.190 [info] > git cat-file -s b774aea93f19bdc3c47a4ce0d80a42ded195260a [4ms]
2024-05-24 00:18:40.768 [info] > git show --textconv :workplace/src/learning/learning/constants.py [41ms]
2024-05-24 00:18:40.790 [info] > git ls-files --stage -- /home/mi/workplace/src/learning/learning/constants.py [35ms]
2024-05-24 00:19:22.297 [info] > git show --textconv :workplace/src/learning/learning/get_data.py [37ms]
2024-05-24 00:19:22.310 [info] > git ls-files --stage -- /home/mi/workplace/src/learning/learning/get_data.py [22ms]
2024-05-24 00:19:22.343 [info] > git cat-file -s b774aea93f19bdc3c47a4ce0d80a42ded195260a [6ms]
2024-05-24 00:19:23.417 [info] > git show --textconv :workplace/src/learning/learning/constants.py [233ms]
2024-05-24 00:19:23.418 [info] > git ls-files --stage -- /home/mi/workplace/src/learning/learning/constants.py [195ms]
2024-05-24 00:19:38.506 [info] > git show --textconv :workplace/src/learning/learning/get_data.py [40ms]
2024-05-24 00:19:38.520 [info] > git ls-files --stage -- /home/mi/workplace/src/learning/learning/get_data.py [22ms]
2024-05-24 00:19:38.556 [info] > git cat-file -s b774aea93f19bdc3c47a4ce0d80a42ded195260a [9ms]
2024-05-24 00:20:37.603 [info] > git show --textconv :workplace/src/learning/learning/constants.py [83ms]
2024-05-24 00:20:37.641 [info] > git ls-files --stage -- /home/mi/workplace/src/learning/learning/constants.py [52ms]
2024-05-24 00:20:48.861 [info] > git show --textconv :workplace/src/learning/learning/get_data.py [35ms]
2024-05-24 00:20:48.881 [info] > git ls-files --stage -- /home/mi/workplace/src/learning/learning/get_data.py [28ms]
2024-05-24 00:20:48.925 [info] > git cat-file -s b774aea93f19bdc3c47a4ce0d80a42ded195260a [21ms]
2024-05-24 00:20:58.067 [info] > git show --textconv :workplace/src/learning/learning/constants.py [39ms]
2024-05-24 00:20:58.077 [info] > git ls-files --stage -- /home/mi/workplace/src/learning/learning/constants.py [14ms]
2024-05-24 00:21:02.999 [info] > git show --textconv :workplace/src/learning/learning/get_data.py [34ms]
2024-05-24 00:21:03.011 [info] > git ls-files --stage -- /home/mi/workplace/src/learning/learning/get_data.py [21ms]
2024-05-24 00:21:03.046 [info] > git cat-file -s b774aea93f19bdc3c47a4ce0d80a42ded195260a [6ms]
2024-05-24 00:21:16.936 [info] > git show --textconv :workplace/src/learning/learning/move_node.py [46ms]
2024-05-24 00:21:16.957 [info] > git ls-files --stage -- /home/mi/workplace/src/learning/learning/move_node.py [31ms]
2024-05-24 00:21:16.987 [info] > git cat-file -s 76d4d92b986953661183673baf556d194b04cb90 [6ms]
2024-05-24 00:21:29.492 [info] > git show --textconv :README.md [57ms]
2024-05-24 00:21:29.497 [info] > git ls-files --stage -- /home/mi/README.md [35ms]
2024-05-24 00:21:29.538 [info] > git cat-file -s 8c593d39f2ee23b8fe303ad65cc943d430a12738 [13ms]
2024-05-24 00:21:30.022 [info] > git show --textconv :workplace/src/learning/learning/main_node.py [40ms]
2024-05-24 00:21:30.046 [info] > git ls-files --stage -- /home/mi/workplace/src/learning/learning/main_node.py [34ms]
2024-05-24 00:21:30.078 [info] > git cat-file -s 2dbb9e44abda0578827f7854479f9fce158c8d04 [9ms]
2024-05-24 00:22:24.866 [info] > git show --textconv :workplace/src/learning/learning/constants.py [40ms]
2024-05-24 00:22:24.884 [info] > git ls-files --stage -- /home/mi/workplace/src/learning/learning/constants.py [33ms]
2024-05-24 00:25:06.724 [info] > git show --textconv :workplace/src/learning/learning/get_data.py [47ms]
2024-05-24 00:25:06.732 [info] > git ls-files --stage -- /home/mi/workplace/src/learning/learning/get_data.py [28ms]
2024-05-24 00:25:06.770 [info] > git cat-file -s f78d4e4d9392604ac86de908861cd3fdfdd12407 [9ms]
2024-05-24 00:25:12.719 [info] > git show --textconv :workplace/src/learning/learning/move_node.py [53ms]
2024-05-24 00:25:12.749 [info] > git ls-files --stage -- /home/mi/workplace/src/learning/learning/move_node.py [41ms]
2024-05-24 00:25:12.789 [info] > git cat-file -s 85e9125d2deecd9191f1ac7bf13dafe5741ac818 [9ms]
2024-05-24 00:25:15.914 [info] > git show --textconv :workplace/src/learning/learning/main_node.py [40ms]
2024-05-24 00:25:15.926 [info] > git ls-files --stage -- /home/mi/workplace/src/learning/learning/main_node.py [21ms]
2024-05-24 00:25:15.965 [info] > git cat-file -s d1e5112c020b7e1d23f95379db59bac4066cc7c3 [12ms]
2024-05-24 00:25:18.389 [info] > git show --textconv :workplace/src/learning/learning/constants.py [38ms]
2024-05-24 00:25:18.402 [info] > git ls-files --stage -- /home/mi/workplace/src/learning/learning/constants.py [24ms]
2024-05-24 00:26:44.703 [info] > git show --textconv :workplace/src/learning/learning/get_data.py [75ms]
2024-05-24 00:26:44.710 [info] > git ls-files --stage -- /home/mi/workplace/src/learning/learning/get_data.py [49ms]
2024-05-24 00:26:44.745 [info] > git cat-file -s f78d4e4d9392604ac86de908861cd3fdfdd12407 [8ms]
2024-05-24 00:30:58.325 [info] > git show --textconv :workplace/src/learning/learning/move_node.py [61ms]
2024-05-24 00:30:58.332 [info] > git ls-files --stage -- /home/mi/workplace/src/learning/learning/move_node.py [30ms]
2024-05-24 00:30:58.368 [info] > git cat-file -s 85e9125d2deecd9191f1ac7bf13dafe5741ac818 [10ms]
2024-05-24 00:31:30.937 [info] > git show --textconv :workplace/src/learning/learning/constants.py [49ms]
2024-05-24 00:31:30.947 [info] > git ls-files --stage -- /home/mi/workplace/src/learning/learning/constants.py [19ms]
2024-05-24 00:31:51.938 [info] > git show --textconv :workplace/src/learning/learning/move_node.py [36ms]
2024-05-24 00:31:51.957 [info] > git ls-files --stage -- /home/mi/workplace/src/learning/learning/move_node.py [26ms]
2024-05-24 00:31:51.992 [info] > git cat-file -s 85e9125d2deecd9191f1ac7bf13dafe5741ac818 [6ms]
2024-05-24 00:32:13.052 [info] > git show --textconv :workplace/src/learning/learning/constants.py [37ms]
2024-05-24 00:32:13.067 [info] > git ls-files --stage -- /home/mi/workplace/src/learning/learning/constants.py [21ms]
2024-05-24 00:32:20.103 [info] > git show --textconv :workplace/src/learning/learning/move_node.py [46ms]
2024-05-24 00:32:20.117 [info] > git ls-files --stage -- /home/mi/workplace/src/learning/learning/move_node.py [28ms]
2024-05-24 00:32:20.152 [info] > git cat-file -s 85e9125d2deecd9191f1ac7bf13dafe5741ac818 [10ms]
2024-05-24 00:32:32.138 [info] > git show --textconv :workplace/src/learning/learning/constants.py [56ms]
2024-05-24 00:32:32.145 [info] > git ls-files --stage -- /home/mi/workplace/src/learning/learning/constants.py [31ms]
2024-05-24 00:32:47.346 [info] > git show --textconv :workplace/src/learning/learning/get_data.py [40ms]
2024-05-24 00:32:47.356 [info] > git ls-files --stage -- /home/mi/workplace/src/learning/learning/get_data.py [23ms]
2024-05-24 00:32:47.394 [info] > git cat-file -s f78d4e4d9392604ac86de908861cd3fdfdd12407 [10ms]
2024-05-24 00:32:48.051 [info] > git show --textconv :workplace/src/learning/learning/move_node.py [35ms]
2024-05-24 00:32:48.065 [info] > git ls-files --stage -- /home/mi/workplace/src/learning/learning/move_node.py [20ms]
2024-05-24 00:32:48.101 [info] > git cat-file -s 85e9125d2deecd9191f1ac7bf13dafe5741ac818 [8ms]
2024-05-24 00:35:31.440 [info] > git show --textconv :workplace/src/learning/learning/rgb_cam_suber.py [61ms]
2024-05-24 00:35:31.445 [info] > git ls-files --stage -- /home/mi/workplace/src/learning/learning/rgb_cam_suber.py [40ms]
2024-05-24 00:35:31.483 [info] > git cat-file -s 1c7e676c5aac29a6204c3c6b7f493a1bde81dc34 [10ms]
2024-05-24 00:35:55.486 [info] > git show --textconv :workplace/src/learning/learning/constants.py [46ms]
2024-05-24 00:35:55.508 [info] > git ls-files --stage -- /home/mi/workplace/src/learning/learning/constants.py [37ms]
2024-05-24 00:35:56.955 [info] > git show --textconv :workplace/src/learning/learning/get_data.py [37ms]
2024-05-24 00:35:56.967 [info] > git ls-files --stage -- /home/mi/workplace/src/learning/learning/get_data.py [22ms]
2024-05-24 00:35:56.996 [info] > git cat-file -s f78d4e4d9392604ac86de908861cd3fdfdd12407 [5ms]
2024-05-24 00:36:00.087 [info] > git show --textconv :workplace/src/learning/learning/rgb_cam_suber.py [36ms]
2024-05-24 00:36:00.119 [info] > git ls-files --stage -- /home/mi/workplace/src/learning/learning/rgb_cam_suber.py [38ms]
2024-05-24 00:36:00.147 [info] > git cat-file -s 1c7e676c5aac29a6204c3c6b7f493a1bde81dc34 [5ms]
2024-05-24 00:36:01.448 [info] > git show --textconv :workplace/src/learning/learning/move_node.py [40ms]
2024-05-24 00:36:01.459 [info] > git ls-files --stage -- /home/mi/workplace/src/learning/learning/move_node.py [23ms]
2024-05-24 00:36:01.510 [info] > git cat-file -s 85e9125d2deecd9191f1ac7bf13dafe5741ac818 [9ms]
2024-05-24 00:38:02.217 [info] > git show --textconv :workplace/src/learning/learning/shoot.py [31ms]
2024-05-24 00:38:02.241 [info] > git ls-files --stage -- /home/mi/workplace/src/learning/learning/shoot.py [27ms]
2024-05-24 00:38:02.274 [info] > git cat-file -s e69de29bb2d1d6434b8b29ae775ad8c2e48c5391 [5ms]
2024-05-24 00:38:15.193 [info] > git show --textconv :workplace/src/learning/learning/move_node.py [47ms]
2024-05-24 00:38:15.212 [info] > git ls-files --stage -- /home/mi/workplace/src/learning/learning/move_node.py [30ms]
2024-05-24 00:38:15.253 [info] > git cat-file -s 85e9125d2deecd9191f1ac7bf13dafe5741ac818 [18ms]
2024-05-24 00:39:09.465 [info] > git show --textconv :README.md [43ms]
2024-05-24 00:39:09.494 [info] > git ls-files --stage -- /home/mi/README.md [41ms]
2024-05-24 00:39:09.532 [info] > git cat-file -s 8c593d39f2ee23b8fe303ad65cc943d430a12738 [9ms]
2024-05-24 00:39:18.348 [info] > git show --textconv :workplace/src/learning/learning/move_node.py [48ms]
2024-05-24 00:39:18.385 [info] > git ls-files --stage -- /home/mi/workplace/src/learning/learning/move_node.py [60ms]
2024-05-24 00:39:18.427 [info] > git cat-file -s e5495770e486e023c0be1223b9c07d6c56d5b9b7 [12ms]
