[4.385s] Invoking command in '/home/mi/workplace/src/learning': PYTHONPATH=/home/mi/workplace/install/learning/lib/python3.6/site-packages:${PYTHONPATH} /usr/bin/python3 setup.py egg_info --egg-base ../../build/learning build --build-base /home/mi/workplace/build/learning/build install --prefix /home/mi/workplace/install/learning --record /home/mi/workplace/build/learning/install.log --single-version-externally-managed
[5.978s] running egg_info
[5.980s] writing ../../build/learning/learning.egg-info/PKG-INFO
[5.982s] writing dependency_links to ../../build/learning/learning.egg-info/dependency_links.txt
[5.985s] writing entry points to ../../build/learning/learning.egg-info/entry_points.txt
[5.987s] writing requirements to ../../build/learning/learning.egg-info/requires.txt
[5.988s] writing top-level names to ../../build/learning/learning.egg-info/top_level.txt
[6.003s] reading manifest file '../../build/learning/learning.egg-info/SOURCES.txt'
[6.010s] writing manifest file '../../build/learning/learning.egg-info/SOURCES.txt'
[6.013s] running build
[6.014s] running build_py
[6.016s] copying learning/get_loc.py -> /home/mi/workplace/build/learning/build/lib/learning
[6.023s] running install
[6.026s] /usr/local/lib/python3.6/dist-packages/setuptools/command/install.py:37: SetuptoolsDeprecationWarning: setup.py install is deprecated. Use build and pip and other standards-based tools.
[6.028s]   setuptools.SetuptoolsDeprecationWarning,
[6.030s] running install_lib
[6.031s] copying /home/mi/workplace/build/learning/build/lib/learning/get_loc.py -> /home/mi/workplace/install/learning/lib/python3.6/site-packages/learning
[6.035s] byte-compiling /home/mi/workplace/install/learning/lib/python3.6/site-packages/learning/get_loc.py to get_loc.cpython-36.pyc
[6.042s] byte-compiling /home/mi/workplace/install/learning/lib/python3.6/site-packages/learning/move_x.py to move_x.cpython-36.pyc
[6.045s]   File "/home/mi/workplace/install/learning/lib/python3.6/site-packages/learning/move_x.py", line 132
[6.045s]     else #球近就快速行走
[6.046s]                 ^
[6.046s] SyntaxError: invalid syntax
[6.047s] 
[6.048s] running install_data
[6.048s] running install_egg_info
[6.058s] removing '/home/mi/workplace/install/learning/lib/python3.6/site-packages/learning-0.0.0-py3.6.egg-info' (and everything under it)
[6.059s] Copying ../../build/learning/learning.egg-info to /home/mi/workplace/install/learning/lib/python3.6/site-packages/learning-0.0.0-py3.6.egg-info
[6.064s] running install_scripts
[6.161s] Installing camera script to /home/mi/workplace/install/learning/lib/learning
[6.163s] Installing crash script to /home/mi/workplace/install/learning/lib/learning
[6.164s] Installing data_receive script to /home/mi/workplace/install/learning/lib/learning
[6.164s] Installing get_data script to /home/mi/workplace/install/learning/lib/learning
[6.165s] Installing goal script to /home/mi/workplace/install/learning/lib/learning
[6.166s] Installing keeper script to /home/mi/workplace/install/learning/lib/learning
[6.167s] Installing main_node script to /home/mi/workplace/install/learning/lib/learning
[6.168s] Installing move_x script to /home/mi/workplace/install/learning/lib/learning
[6.169s] Installing rgb script to /home/mi/workplace/install/learning/lib/learning
[6.176s] Installing rotate script to /home/mi/workplace/install/learning/lib/learning
[6.177s] Installing rotate_until_center1 script to /home/mi/workplace/install/learning/lib/learning
[6.177s] Installing stand script to /home/mi/workplace/install/learning/lib/learning
[6.178s] Installing track script to /home/mi/workplace/install/learning/lib/learning
[6.179s] Installing walk_t_sec script to /home/mi/workplace/install/learning/lib/learning
[6.180s] Installing walktest script to /home/mi/workplace/install/learning/lib/learning
[6.181s] writing list of installed files to '/home/mi/workplace/build/learning/install.log'
[6.312s] Invoked command in '/home/mi/workplace/src/learning' returned '0': PYTHONPATH=/home/mi/workplace/install/learning/lib/python3.6/site-packages:${PYTHONPATH} /usr/bin/python3 setup.py egg_info --egg-base ../../build/learning build --build-base /home/mi/workplace/build/learning/build install --prefix /home/mi/workplace/install/learning --record /home/mi/workplace/build/learning/install.log --single-version-externally-managed
