[4.132s] Invoking command in '/home/mi/workplace/src/learning': PYTHONPATH=/home/mi/workplace/install/learning/lib/python3.6/site-packages:${PYTHONPATH} /usr/bin/python3 setup.py egg_info --egg-base ../../build/learning build --build-base /home/mi/workplace/build/learning/build install --prefix /home/mi/workplace/install/learning --record /home/mi/workplace/build/learning/install.log --single-version-externally-managed
[5.837s] running egg_info
[5.840s] writing ../../build/learning/learning.egg-info/PKG-INFO
[5.842s] writing dependency_links to ../../build/learning/learning.egg-info/dependency_links.txt
[5.844s] writing entry points to ../../build/learning/learning.egg-info/entry_points.txt
[5.845s] writing requirements to ../../build/learning/learning.egg-info/requires.txt
[5.845s] writing top-level names to ../../build/learning/learning.egg-info/top_level.txt
[5.864s] reading manifest file '../../build/learning/learning.egg-info/SOURCES.txt'
[5.872s] writing manifest file '../../build/learning/learning.egg-info/SOURCES.txt'
[5.873s] running build
[5.873s] running build_py
[5.877s] copying learning/walk_t_sec.py -> /home/mi/workplace/build/learning/build/lib/learning
[5.879s] running install
[5.882s] running install_lib
[5.885s] /usr/local/lib/python3.6/dist-packages/setuptools/command/install.py:37: SetuptoolsDeprecationWarning: setup.py install is deprecated. Use build and pip and other standards-based tools.
[5.886s]   setuptools.SetuptoolsDeprecationWarning,
[5.888s] copying /home/mi/workplace/build/learning/build/lib/learning/walk_t_sec.py -> /home/mi/workplace/install/learning/lib/python3.6/site-packages/learning
[5.893s] byte-compiling /home/mi/workplace/install/learning/lib/python3.6/site-packages/learning/walk_t_sec.py to walk_t_sec.cpython-36.pyc
[5.898s] running install_data
[5.901s] running install_egg_info
[5.912s] removing '/home/mi/workplace/install/learning/lib/python3.6/site-packages/learning-0.0.0-py3.6.egg-info' (and everything under it)
[5.914s] Copying ../../build/learning/learning.egg-info to /home/mi/workplace/install/learning/lib/python3.6/site-packages/learning-0.0.0-py3.6.egg-info
[5.920s] running install_scripts
[6.021s] Installing camera script to /home/mi/workplace/install/learning/lib/learning
[6.022s] Installing crash script to /home/mi/workplace/install/learning/lib/learning
[6.025s] Installing data_receive script to /home/mi/workplace/install/learning/lib/learning
[6.025s] Installing rgb script to /home/mi/workplace/install/learning/lib/learning
[6.026s] Installing rotate_until_center1 script to /home/mi/workplace/install/learning/lib/learning
[6.027s] Installing stand script to /home/mi/workplace/install/learning/lib/learning
[6.027s] Installing test script to /home/mi/workplace/install/learning/lib/learning
[6.028s] Installing track script to /home/mi/workplace/install/learning/lib/learning
[6.028s] Installing walk_t_sec script to /home/mi/workplace/install/learning/lib/learning
[6.029s] Installing walktest script to /home/mi/workplace/install/learning/lib/learning
[6.031s] writing list of installed files to '/home/mi/workplace/build/learning/install.log'
[6.161s] Invoked command in '/home/mi/workplace/src/learning' returned '0': PYTHONPATH=/home/mi/workplace/install/learning/lib/python3.6/site-packages:${PYTHONPATH} /usr/bin/python3 setup.py egg_info --egg-base ../../build/learning build --build-base /home/mi/workplace/build/learning/build install --prefix /home/mi/workplace/install/learning --record /home/mi/workplace/build/learning/install.log --single-version-externally-managed
