2024-05-04 21:58:03.612 [info] 日志级别: Info
2024-05-04 21:58:03.612 [info] 正在验证在以下位置找到的 git: "git"
2024-05-04 21:58:03.612 [info] 将使用位于 "2.17.1" 的 Git "git"
2024-05-04 21:58:03.612 [info] > git rev-parse --show-toplevel [3089ms]
2024-05-04 21:58:03.612 [info] > git rev-parse --git-dir --git-common-dir [52ms]
2024-05-04 21:58:03.612 [info] Open repository: /home/mi
2024-05-04 21:58:03.612 [info] > git rev-parse --show-toplevel [64ms]
2024-05-04 21:58:03.612 [info] > git config --get commit.template [87ms]
2024-05-04 21:58:03.751 [info] > git rev-parse --show-toplevel [115ms]
2024-05-04 21:58:05.812 [info] > git for-each-ref --format=%(refname)%00%(upstream:short)%00%(objectname)%00%(upstream:track)%00%(upstream:remotename)%00%(upstream:remoteref) refs/heads/main refs/remotes/main [2130ms]
2024-05-04 21:58:05.868 [info] > git rev-parse --show-toplevel [86ms]
2024-05-04 21:58:05.982 [info] > git check-ignore -v -z --stdin [148ms]
2024-05-04 21:58:05.991 [info] > git rev-parse --show-toplevel [74ms]
2024-05-04 21:58:06.319 [info] > git rev-parse --show-toplevel [285ms]
2024-05-04 21:58:07.078 [info] > git status -z -uall [1063ms]
2024-05-04 21:58:07.255 [info] > git rev-parse --show-toplevel [917ms]
2024-05-04 21:58:07.864 [info] > git merge-base refs/heads/main refs/remotes/origin/main [742ms]
2024-05-04 21:58:07.891 [info] > git rev-parse --show-toplevel [134ms]
2024-05-04 21:58:07.896 [info] > git config --get commit.template [154ms]
2024-05-04 21:58:07.949 [info] > git rev-list --count --left-right refs/heads/main...refs/remotes/origin/main [63ms]
2024-05-04 21:58:08.157 [info] > git for-each-ref --format=%(refname)%00%(upstream:short)%00%(objectname)%00%(upstream:track)%00%(upstream:remotename)%00%(upstream:remoteref) refs/heads/main refs/remotes/main [213ms]
2024-05-04 21:58:08.160 [info] > git rev-parse --show-toplevel [238ms]
2024-05-04 21:58:08.270 [info] > git diff --name-status -z --diff-filter=ADMR 1785e2ffb5c58c7a4e066a01d5440065b3639e73...refs/remotes/origin/main [296ms]
2024-05-04 21:58:08.312 [info] > git rev-parse --show-toplevel [131ms]
2024-05-04 21:58:08.354 [info] > git rev-parse --show-toplevel [24ms]
2024-05-04 21:58:08.509 [info] > git rev-parse --show-toplevel [134ms]
2024-05-04 21:58:08.754 [info] > git status -z -uall [405ms]
2024-05-04 21:58:08.756 [info] > git rev-parse --show-toplevel [227ms]
2024-05-04 21:58:08.846 [info] > git rev-parse --show-toplevel [15ms]
2024-05-04 21:58:09.533 [info] > git rev-parse --show-toplevel [39ms]
2024-05-04 21:58:09.616 [info] > git rev-parse --show-toplevel [65ms]
2024-05-04 21:58:09.643 [info] > git rev-parse --show-toplevel [8ms]
2024-05-04 21:58:09.669 [info] > git rev-parse --show-toplevel [6ms]
2024-05-04 21:58:09.699 [info] > git rev-parse --show-toplevel [8ms]
2024-05-04 21:58:09.730 [info] > git rev-parse --show-toplevel [6ms]
2024-05-04 21:58:09.752 [info] > git rev-parse --show-toplevel [5ms]
2024-05-04 21:58:09.778 [info] > git rev-parse --show-toplevel [7ms]
2024-05-04 21:58:09.801 [info] > git rev-parse --show-toplevel [5ms]
2024-05-04 21:58:09.826 [info] > git rev-parse --show-toplevel [6ms]
2024-05-04 21:58:09.850 [info] > git rev-parse --show-toplevel [6ms]
2024-05-04 21:58:09.874 [info] > git rev-parse --show-toplevel [5ms]
2024-05-04 21:58:09.901 [info] > git rev-parse --show-toplevel [7ms]
2024-05-04 21:58:09.925 [info] > git rev-parse --show-toplevel [5ms]
2024-05-04 21:58:09.951 [info] > git rev-parse --show-toplevel [6ms]
2024-05-04 21:58:09.981 [info] > git rev-parse --show-toplevel [10ms]
2024-05-04 21:58:10.011 [info] > git rev-parse --show-toplevel [8ms]
2024-05-04 21:58:10.092 [info] > git show --textconv :.bashrc [34ms]
2024-05-04 21:58:10.116 [info] > git ls-files --stage -- /home/mi/.bashrc [28ms]
2024-05-04 21:58:10.138 [info] > git cat-file -s 0787b3142632c83a88f185be4c1567c05cc2f849 [3ms]
2024-05-04 22:07:25.032 [info] > git check-ignore -v -z --stdin [37ms]
2024-05-04 22:07:26.311 [info] > git check-ignore -v -z --stdin [25ms]
2024-05-04 22:07:27.922 [info] > git check-ignore -v -z --stdin [22ms]
2024-05-04 22:07:29.580 [info] > git check-ignore -v -z --stdin [27ms]
2024-05-04 22:07:34.166 [info] > git check-ignore -v -z --stdin [26ms]
2024-05-04 22:07:35.564 [info] > git check-ignore -v -z --stdin [19ms]
2024-05-04 22:07:37.093 [info] > git show --textconv :workplace/src/learning/learning/walktest.py [52ms]
2024-05-04 22:07:37.094 [info] > git ls-files --stage -- /home/mi/workplace/src/learning/learning/walktest.py [29ms]
2024-05-04 22:07:37.120 [info] > git cat-file -s e26daafd84b2f542235e99310ebb89f9de53a85e [6ms]
2024-05-04 22:07:57.416 [info] > git show --textconv :workplace/src/learning/learning/walk.py [24ms]
2024-05-04 22:07:57.429 [info] > git ls-files --stage -- /home/mi/workplace/src/learning/learning/walk.py [18ms]
2024-05-04 22:07:57.679 [info] > git check-ignore -v -z --stdin [22ms]
2024-05-04 22:08:09.688 [info] > git show --textconv :workplace/src/learning/learning/track.py [33ms]
2024-05-04 22:08:09.696 [info] > git ls-files --stage -- /home/mi/workplace/src/learning/learning/track.py [21ms]
2024-05-04 22:08:09.721 [info] > git cat-file -s a962c6336d222a1efdebbf544f3a5b8f1d526b1d [5ms]
2024-05-04 22:08:10.359 [info] > git show --textconv :workplace/src/learning/learning/walktest.py [37ms]
2024-05-04 22:08:10.365 [info] > git ls-files --stage -- /home/mi/workplace/src/learning/learning/walktest.py [22ms]
2024-05-04 22:08:10.388 [info] > git cat-file -s e26daafd84b2f542235e99310ebb89f9de53a85e [4ms]
2024-05-04 22:08:11.125 [info] > git show --textconv :workplace/src/learning/learning/walk.py [25ms]
2024-05-04 22:08:11.139 [info] > git ls-files --stage -- /home/mi/workplace/src/learning/learning/walk.py [18ms]
2024-05-04 22:08:12.180 [info] > git show --textconv :workplace/src/learning/learning/walktest.py [28ms]
2024-05-04 22:08:12.191 [info] > git ls-files --stage -- /home/mi/workplace/src/learning/learning/walktest.py [19ms]
2024-05-04 22:08:12.212 [info] > git cat-file -s e26daafd84b2f542235e99310ebb89f9de53a85e [4ms]
2024-05-04 22:08:17.584 [info] > git show --textconv :workplace/src/learning/learning/walk.py [27ms]
2024-05-04 22:08:17.599 [info] > git ls-files --stage -- /home/mi/workplace/src/learning/learning/walk.py [18ms]
2024-05-04 22:09:01.092 [info] > git config --get commit.template [29ms]
2024-05-04 22:09:01.131 [info] > git for-each-ref --format=%(refname)%00%(upstream:short)%00%(objectname)%00%(upstream:track)%00%(upstream:remotename)%00%(upstream:remoteref) refs/heads/main refs/remotes/main [6ms]
2024-05-04 22:09:01.404 [info] > git status -z -uall [237ms]
2024-05-04 22:39:17.062 [info] > git config --get commit.template [4ms]
2024-05-04 22:39:17.093 [info] > git for-each-ref --format=%(refname)%00%(upstream:short)%00%(objectname)%00%(upstream:track)%00%(upstream:remotename)%00%(upstream:remoteref) refs/heads/main refs/remotes/main [6ms]
2024-05-04 22:39:17.344 [info] > git status -z -uall [222ms]
2024-05-04 22:46:31.606 [info] > git config --get commit.template [5ms]
2024-05-04 22:46:31.635 [info] > git for-each-ref --format=%(refname)%00%(upstream:short)%00%(objectname)%00%(upstream:track)%00%(upstream:remotename)%00%(upstream:remoteref) refs/heads/main refs/remotes/main [5ms]
2024-05-04 22:46:31.871 [info] > git status -z -uall [205ms]
2024-05-04 22:46:33.382 [info] > git show --textconv :workplace/src/learning/learning/ZED_Tracker_color_range.py [36ms]
2024-05-04 22:46:33.394 [info] > git ls-files --stage -- /home/mi/workplace/src/learning/learning/ZED_Tracker_color_range.py [18ms]
2024-05-04 22:46:33.423 [info] > git cat-file -s 7e2c5976d7c94eec15778677ea960a2635100827 [4ms]
2024-05-04 22:53:27.471 [info] > git config --get commit.template [7ms]
2024-05-04 22:53:27.503 [info] > git for-each-ref --format=%(refname)%00%(upstream:short)%00%(objectname)%00%(upstream:track)%00%(upstream:remotename)%00%(upstream:remoteref) refs/heads/main refs/remotes/main [6ms]
2024-05-04 22:53:27.738 [info] > git status -z -uall [204ms]
2024-05-04 22:56:38.063 [info] > git show --textconv :workplace/src/learning/learning/track.py [39ms]
2024-05-04 22:56:38.071 [info] > git ls-files --stage -- /home/mi/workplace/src/learning/learning/track.py [18ms]
2024-05-04 22:56:38.100 [info] > git cat-file -s a962c6336d222a1efdebbf544f3a5b8f1d526b1d [3ms]
2024-05-04 22:56:50.482 [info] > git config --get commit.template [22ms]
2024-05-04 22:56:50.519 [info] > git for-each-ref --format=%(refname)%00%(upstream:short)%00%(objectname)%00%(upstream:track)%00%(upstream:remotename)%00%(upstream:remoteref) refs/heads/main refs/remotes/main [6ms]
2024-05-04 22:56:51.315 [info] > git status -z -uall [768ms]
2024-05-04 22:57:04.737 [info] > git config --get commit.template [12ms]
2024-05-04 22:57:04.770 [info] > git for-each-ref --format=%(refname)%00%(upstream:short)%00%(objectname)%00%(upstream:track)%00%(upstream:remotename)%00%(upstream:remoteref) refs/heads/main refs/remotes/main [5ms]
2024-05-04 22:57:04.987 [info] > git status -z -uall [189ms]
2024-05-04 22:58:18.337 [info] > git config --get commit.template [10ms]
2024-05-04 22:58:18.372 [info] > git for-each-ref --format=%(refname)%00%(upstream:short)%00%(objectname)%00%(upstream:track)%00%(upstream:remotename)%00%(upstream:remoteref) refs/heads/main refs/remotes/main [6ms]
2024-05-04 22:58:18.593 [info] > git status -z -uall [194ms]
2024-05-04 23:00:06.726 [info] > git config --get commit.template [28ms]
2024-05-04 23:00:06.757 [info] > git for-each-ref --format=%(refname)%00%(upstream:short)%00%(objectname)%00%(upstream:track)%00%(upstream:remotename)%00%(upstream:remoteref) refs/heads/main refs/remotes/main [5ms]
2024-05-04 23:00:06.999 [info] > git status -z -uall [213ms]
2024-05-04 23:00:12.116 [info] > git config --get commit.template [4ms]
2024-05-04 23:00:12.152 [info] > git for-each-ref --format=%(refname)%00%(upstream:short)%00%(objectname)%00%(upstream:track)%00%(upstream:remotename)%00%(upstream:remoteref) refs/heads/main refs/remotes/main [5ms]
2024-05-04 23:00:12.388 [info] > git status -z -uall [204ms]
2024-05-04 23:00:17.513 [info] > git config --get commit.template [38ms]
2024-05-04 23:00:17.514 [info] > git for-each-ref --format=%(refname)%00%(upstream:short)%00%(objectname)%00%(upstream:track)%00%(upstream:remotename)%00%(upstream:remoteref) refs/heads/main refs/remotes/main [11ms]
2024-05-04 23:00:17.736 [info] > git status -z -uall [187ms]
2024-05-04 23:00:45.242 [info] > git config --get commit.template [36ms]
2024-05-04 23:00:45.283 [info] > git for-each-ref --format=%(refname)%00%(upstream:short)%00%(objectname)%00%(upstream:track)%00%(upstream:remotename)%00%(upstream:remoteref) refs/heads/main refs/remotes/main [6ms]
2024-05-04 23:00:45.513 [info] > git status -z -uall [197ms]
2024-05-04 23:10:06.960 [info] > git config --get commit.template [10ms]
2024-05-04 23:10:07.005 [info] > git for-each-ref --format=%(refname)%00%(upstream:short)%00%(objectname)%00%(upstream:track)%00%(upstream:remotename)%00%(upstream:remoteref) refs/heads/main refs/remotes/main [6ms]
2024-05-04 23:10:07.251 [info] > git status -z -uall [206ms]
2024-05-04 23:11:37.580 [info] > git config --get commit.template [9ms]
2024-05-04 23:11:37.621 [info] > git for-each-ref --format=%(refname)%00%(upstream:short)%00%(objectname)%00%(upstream:track)%00%(upstream:remotename)%00%(upstream:remoteref) refs/heads/main refs/remotes/main [6ms]
2024-05-04 23:11:37.859 [info] > git status -z -uall [205ms]
2024-05-04 23:17:26.915 [info] > git config --get commit.template [5ms]
2024-05-04 23:17:26.959 [info] > git for-each-ref --format=%(refname)%00%(upstream:short)%00%(objectname)%00%(upstream:track)%00%(upstream:remotename)%00%(upstream:remoteref) refs/heads/main refs/remotes/main [10ms]
2024-05-04 23:17:27.198 [info] > git status -z -uall [205ms]
2024-05-04 23:19:25.608 [info] > git config --get commit.template [8ms]
2024-05-04 23:19:25.650 [info] > git for-each-ref --format=%(refname)%00%(upstream:short)%00%(objectname)%00%(upstream:track)%00%(upstream:remotename)%00%(upstream:remoteref) refs/heads/main refs/remotes/main [5ms]
2024-05-04 23:19:25.876 [info] > git status -z -uall [188ms]
2024-05-04 23:19:31.003 [info] > git config --get commit.template [41ms]
2024-05-04 23:19:31.027 [info] > git for-each-ref --format=%(refname)%00%(upstream:short)%00%(objectname)%00%(upstream:track)%00%(upstream:remotename)%00%(upstream:remoteref) refs/heads/main refs/remotes/main [26ms]
2024-05-04 23:19:31.280 [info] > git status -z -uall [213ms]
2024-05-04 23:19:36.385 [info] > git config --get commit.template [18ms]
2024-05-04 23:19:36.434 [info] > git for-each-ref --format=%(refname)%00%(upstream:short)%00%(objectname)%00%(upstream:track)%00%(upstream:remotename)%00%(upstream:remoteref) refs/heads/main refs/remotes/main [6ms]
2024-05-04 23:19:36.674 [info] > git status -z -uall [201ms]
2024-05-04 23:33:44.493 [info] > git config --get commit.template [45ms]
2024-05-04 23:33:44.495 [info] > git for-each-ref --format=%(refname)%00%(upstream:short)%00%(objectname)%00%(upstream:track)%00%(upstream:remotename)%00%(upstream:remoteref) refs/heads/main refs/remotes/main [10ms]
2024-05-04 23:33:44.722 [info] > git status -z -uall [194ms]
