[4.458s] Invoking command in '/home/mi/workplace/src/learning': PYTHONPATH=/home/mi/workplace/install/learning/lib/python3.6/site-packages:${PYTHONPATH} /usr/bin/python3 setup.py egg_info --egg-base ../../build/learning build --build-base /home/mi/workplace/build/learning/build install --prefix /home/mi/workplace/install/learning --record /home/mi/workplace/build/learning/install.log --single-version-externally-managed
[6.201s] running egg_info
[6.203s] writing ../../build/learning/learning.egg-info/PKG-INFO
[6.207s] writing dependency_links to ../../build/learning/learning.egg-info/dependency_links.txt
[6.207s] writing entry points to ../../build/learning/learning.egg-info/entry_points.txt
[6.208s] writing requirements to ../../build/learning/learning.egg-info/requires.txt
[6.210s] writing top-level names to ../../build/learning/learning.egg-info/top_level.txt
[6.225s] reading manifest file '../../build/learning/learning.egg-info/SOURCES.txt'
[6.230s] writing manifest file '../../build/learning/learning.egg-info/SOURCES.txt'
[6.231s] running build
[6.232s] running build_py
[6.232s] copying learning/walktest.py -> /home/mi/workplace/build/learning/build/lib/learning
[6.233s] copying learning/stand.py -> /home/mi/workplace/build/learning/build/lib/learning
[6.234s] running install
[6.236s] /usr/local/lib/python3.6/dist-packages/setuptools/command/install.py:37: SetuptoolsDeprecationWarning: setup.py install is deprecated. Use build and pip and other standards-based tools.
[6.236s]   setuptools.SetuptoolsDeprecationWarning,
[6.237s] running install_lib
[6.239s] copying /home/mi/workplace/build/learning/build/lib/learning/walktest.py -> /home/mi/workplace/install/learning/lib/python3.6/site-packages/learning
[6.240s] copying /home/mi/workplace/build/learning/build/lib/learning/stand.py -> /home/mi/workplace/install/learning/lib/python3.6/site-packages/learning
[6.241s] byte-compiling /home/mi/workplace/install/learning/lib/python3.6/site-packages/learning/walktest.py to walktest.cpython-36.pyc
[6.246s] byte-compiling /home/mi/workplace/install/learning/lib/python3.6/site-packages/learning/stand.py to stand.cpython-36.pyc
[6.248s] running install_data
[6.251s] running install_egg_info
[6.260s] removing '/home/mi/workplace/install/learning/lib/python3.6/site-packages/learning-0.0.0-py3.6.egg-info' (and everything under it)
[6.261s] Copying ../../build/learning/learning.egg-info to /home/mi/workplace/install/learning/lib/python3.6/site-packages/learning-0.0.0-py3.6.egg-info
[6.270s] running install_scripts
[6.369s] Installing stand script to /home/mi/workplace/install/learning/lib/learning
[6.371s] Installing walktest script to /home/mi/workplace/install/learning/lib/learning
[6.372s] writing list of installed files to '/home/mi/workplace/build/learning/install.log'
[6.487s] Invoked command in '/home/mi/workplace/src/learning' returned '0': PYTHONPATH=/home/mi/workplace/install/learning/lib/python3.6/site-packages:${PYTHONPATH} /usr/bin/python3 setup.py egg_info --egg-base ../../build/learning build --build-base /home/mi/workplace/build/learning/build install --prefix /home/mi/workplace/install/learning --record /home/mi/workplace/build/learning/install.log --single-version-externally-managed
