[4.199s] Invoking command in '/home/mi/workplace/src/learning': PYTHONPATH=/home/mi/workplace/install/learning/lib/python3.6/site-packages:${PYTHONPATH} /usr/bin/python3 setup.py egg_info --egg-base ../../build/learning build --build-base /home/mi/workplace/build/learning/build install --prefix /home/mi/workplace/install/learning --record /home/mi/workplace/build/learning/install.log --single-version-externally-managed
[5.830s] running egg_info
[5.834s] writing ../../build/learning/learning.egg-info/PKG-INFO
[5.835s] writing dependency_links to ../../build/learning/learning.egg-info/dependency_links.txt
[5.838s] writing entry points to ../../build/learning/learning.egg-info/entry_points.txt
[5.838s] writing requirements to ../../build/learning/learning.egg-info/requires.txt
[5.840s] writing top-level names to ../../build/learning/learning.egg-info/top_level.txt
[5.857s] reading manifest file '../../build/learning/learning.egg-info/SOURCES.txt'
[5.864s] writing manifest file '../../build/learning/learning.egg-info/SOURCES.txt'
[5.865s] running build
[5.866s] running build_py
[5.876s] copying learning/get_loc.py -> /home/mi/workplace/build/learning/build/lib/learning
[5.877s] copying learning/move_x.py -> /home/mi/workplace/build/learning/build/lib/learning
[5.878s] running install
[5.880s] /usr/local/lib/python3.6/dist-packages/setuptools/command/install.py:37: SetuptoolsDeprecationWarning: setup.py install is deprecated. Use build and pip and other standards-based tools.
[5.884s]   setuptools.SetuptoolsDeprecationWarning,
[5.884s] running install_lib
[5.885s] copying /home/mi/workplace/build/learning/build/lib/learning/get_loc.py -> /home/mi/workplace/install/learning/lib/python3.6/site-packages/learning
[5.886s] copying /home/mi/workplace/build/learning/build/lib/learning/move_x.py -> /home/mi/workplace/install/learning/lib/python3.6/site-packages/learning
[5.891s] byte-compiling /home/mi/workplace/install/learning/lib/python3.6/site-packages/learning/get_loc.py to get_loc.cpython-36.pyc
[5.896s] byte-compiling /home/mi/workplace/install/learning/lib/python3.6/site-packages/learning/move_x.py to move_x.cpython-36.pyc
[5.898s]   File "/home/mi/workplace/install/learning/lib/python3.6/site-packages/learning/move_x.py", line 132
[5.899s]     else #球近就快速行走
[5.900s]                 ^
[5.900s] SyntaxError: invalid syntax
[5.902s] 
[5.902s] running install_data
[5.903s] running install_egg_info
[5.913s] removing '/home/mi/workplace/install/learning/lib/python3.6/site-packages/learning-0.0.0-py3.6.egg-info' (and everything under it)
[5.914s] Copying ../../build/learning/learning.egg-info to /home/mi/workplace/install/learning/lib/python3.6/site-packages/learning-0.0.0-py3.6.egg-info
[5.918s] running install_scripts
[6.011s] Installing camera script to /home/mi/workplace/install/learning/lib/learning
[6.013s] Installing crash script to /home/mi/workplace/install/learning/lib/learning
[6.014s] Installing data_receive script to /home/mi/workplace/install/learning/lib/learning
[6.014s] Installing get_data script to /home/mi/workplace/install/learning/lib/learning
[6.015s] Installing goal script to /home/mi/workplace/install/learning/lib/learning
[6.016s] Installing keeper script to /home/mi/workplace/install/learning/lib/learning
[6.017s] Installing main_node script to /home/mi/workplace/install/learning/lib/learning
[6.017s] Installing move_x script to /home/mi/workplace/install/learning/lib/learning
[6.018s] Installing rgb script to /home/mi/workplace/install/learning/lib/learning
[6.018s] Installing rotate script to /home/mi/workplace/install/learning/lib/learning
[6.019s] Installing rotate_until_center1 script to /home/mi/workplace/install/learning/lib/learning
[6.020s] Installing stand script to /home/mi/workplace/install/learning/lib/learning
[6.020s] Installing track script to /home/mi/workplace/install/learning/lib/learning
[6.021s] Installing walk_t_sec script to /home/mi/workplace/install/learning/lib/learning
[6.022s] Installing walktest script to /home/mi/workplace/install/learning/lib/learning
[6.026s] writing list of installed files to '/home/mi/workplace/build/learning/install.log'
[6.155s] Invoked command in '/home/mi/workplace/src/learning' returned '0': PYTHONPATH=/home/mi/workplace/install/learning/lib/python3.6/site-packages:${PYTHONPATH} /usr/bin/python3 setup.py egg_info --egg-base ../../build/learning build --build-base /home/mi/workplace/build/learning/build install --prefix /home/mi/workplace/install/learning --record /home/mi/workplace/build/learning/install.log --single-version-externally-managed
