[4.104s] Invoking command in '/home/mi/workplace/src/learning': PYTHONPATH=/home/mi/workplace/install/learning/lib/python3.6/site-packages:${PYTHONPATH} /usr/bin/python3 setup.py egg_info --egg-base ../../build/learning build --build-base /home/mi/workplace/build/learning/build install --prefix /home/mi/workplace/install/learning --record /home/mi/workplace/build/learning/install.log --single-version-externally-managed
[5.740s] running egg_info
[5.743s] writing ../../build/learning/learning.egg-info/PKG-INFO
[5.744s] writing dependency_links to ../../build/learning/learning.egg-info/dependency_links.txt
[5.752s] writing entry points to ../../build/learning/learning.egg-info/entry_points.txt
[5.753s] writing requirements to ../../build/learning/learning.egg-info/requires.txt
[5.753s] writing top-level names to ../../build/learning/learning.egg-info/top_level.txt
[5.762s] reading manifest file '../../build/learning/learning.egg-info/SOURCES.txt'
[5.770s] writing manifest file '../../build/learning/learning.egg-info/SOURCES.txt'
[5.771s] running build
[5.772s] running build_py
[5.777s] running install
[5.778s] /usr/local/lib/python3.6/dist-packages/setuptools/command/install.py:37: SetuptoolsDeprecationWarning: setup.py install is deprecated. Use build and pip and other standards-based tools.
[5.779s]   setuptools.SetuptoolsDeprecationWarning,
[5.780s] running install_lib
[5.790s] running install_data
[5.791s] running install_egg_info
[5.798s] removing '/home/mi/workplace/install/learning/lib/python3.6/site-packages/learning-0.0.0-py3.6.egg-info' (and everything under it)
[5.798s] Copying ../../build/learning/learning.egg-info to /home/mi/workplace/install/learning/lib/python3.6/site-packages/learning-0.0.0-py3.6.egg-info
[5.802s] running install_scripts
[5.894s] Installing camera script to /home/mi/workplace/install/learning/lib/learning
[5.902s] Installing crash script to /home/mi/workplace/install/learning/lib/learning
[5.903s] Installing data_receive script to /home/mi/workplace/install/learning/lib/learning
[5.903s] Installing rgb script to /home/mi/workplace/install/learning/lib/learning
[5.904s] Installing rotate_until_center1 script to /home/mi/workplace/install/learning/lib/learning
[5.905s] Installing stand script to /home/mi/workplace/install/learning/lib/learning
[5.905s] Installing track script to /home/mi/workplace/install/learning/lib/learning
[5.905s] Installing walktest script to /home/mi/workplace/install/learning/lib/learning
[5.906s] writing list of installed files to '/home/mi/workplace/build/learning/install.log'
[6.023s] Invoked command in '/home/mi/workplace/src/learning' returned '0': PYTHONPATH=/home/mi/workplace/install/learning/lib/python3.6/site-packages:${PYTHONPATH} /usr/bin/python3 setup.py egg_info --egg-base ../../build/learning build --build-base /home/mi/workplace/build/learning/build install --prefix /home/mi/workplace/install/learning --record /home/mi/workplace/build/learning/install.log --single-version-externally-managed
