[4.043s] Invoking command in '/home/mi/workplace/src/learning': PYTHONPATH=/home/mi/workplace/install/learning/lib/python3.6/site-packages:${PYTHONPATH} /usr/bin/python3 setup.py egg_info --egg-base ../../build/learning build --build-base /home/mi/workplace/build/learning/build install --prefix /home/mi/workplace/install/learning --record /home/mi/workplace/build/learning/install.log --single-version-externally-managed
[5.496s] running egg_info
[5.500s] writing ../../build/learning/learning.egg-info/PKG-INFO
[5.501s] writing dependency_links to ../../build/learning/learning.egg-info/dependency_links.txt
[5.505s] writing entry points to ../../build/learning/learning.egg-info/entry_points.txt
[5.507s] writing requirements to ../../build/learning/learning.egg-info/requires.txt
[5.508s] writing top-level names to ../../build/learning/learning.egg-info/top_level.txt
[5.521s] reading manifest file '../../build/learning/learning.egg-info/SOURCES.txt'
[5.528s] writing manifest file '../../build/learning/learning.egg-info/SOURCES.txt'
[5.529s] running build
[5.530s] running build_py
[5.531s] copying learning/walk_t_sec.py -> /home/mi/workplace/build/learning/build/lib/learning
[5.535s] running install
[5.536s] /usr/local/lib/python3.6/dist-packages/setuptools/command/install.py:37: SetuptoolsDeprecationWarning: setup.py install is deprecated. Use build and pip and other standards-based tools.
[5.539s]   setuptools.SetuptoolsDeprecationWarning,
[5.541s] running install_lib
[5.541s] copying /home/mi/workplace/build/learning/build/lib/learning/walk_t_sec.py -> /home/mi/workplace/install/learning/lib/python3.6/site-packages/learning
[5.546s] byte-compiling /home/mi/workplace/install/learning/lib/python3.6/site-packages/learning/walk_t_sec.py to walk_t_sec.cpython-36.pyc
[5.552s] running install_data
[5.555s] running install_egg_info
[5.561s] removing '/home/mi/workplace/install/learning/lib/python3.6/site-packages/learning-0.0.0-py3.6.egg-info' (and everything under it)
[5.564s] Copying ../../build/learning/learning.egg-info to /home/mi/workplace/install/learning/lib/python3.6/site-packages/learning-0.0.0-py3.6.egg-info
[5.568s] running install_scripts
[5.662s] Installing camera script to /home/mi/workplace/install/learning/lib/learning
[5.663s] Installing crash script to /home/mi/workplace/install/learning/lib/learning
[5.664s] Installing data_receive script to /home/mi/workplace/install/learning/lib/learning
[5.665s] Installing rgb script to /home/mi/workplace/install/learning/lib/learning
[5.665s] Installing rotate_until_center1 = learning.rotate_until_center1walk_t_sec script to /home/mi/workplace/install/learning/lib/learning
[5.669s] Installing stand script to /home/mi/workplace/install/learning/lib/learning
[5.670s] Installing track script to /home/mi/workplace/install/learning/lib/learning
[5.670s] Installing walktest script to /home/mi/workplace/install/learning/lib/learning
[5.671s] writing list of installed files to '/home/mi/workplace/build/learning/install.log'
[5.783s] Invoked command in '/home/mi/workplace/src/learning' returned '0': PYTHONPATH=/home/mi/workplace/install/learning/lib/python3.6/site-packages:${PYTHONPATH} /usr/bin/python3 setup.py egg_info --egg-base ../../build/learning build --build-base /home/mi/workplace/build/learning/build install --prefix /home/mi/workplace/install/learning --record /home/mi/workplace/build/learning/install.log --single-version-externally-managed
