[3.827s] Invoking command in '/home/mi/workplace/src/lcm': PYTHONPATH=/home/mi/workplace/install/lcm/lib/python3.6/site-packages:${PYTHONPATH} /usr/bin/python3 setup.py egg_info --egg-base ../../build/lcm build --build-base /home/mi/workplace/build/lcm/build install --prefix /home/mi/workplace/install/lcm --record /home/mi/workplace/build/lcm/install.log --single-version-externally-managed
[5.394s] running egg_info
[5.398s] writing ../../build/lcm/lcm.egg-info/PKG-INFO
[5.399s] writing dependency_links to ../../build/lcm/lcm.egg-info/dependency_links.txt
[5.400s] writing entry points to ../../build/lcm/lcm.egg-info/entry_points.txt
[5.401s] writing requirements to ../../build/lcm/lcm.egg-info/requires.txt
[5.402s] writing top-level names to ../../build/lcm/lcm.egg-info/top_level.txt
[5.421s] reading manifest file '../../build/lcm/lcm.egg-info/SOURCES.txt'
[5.430s] writing manifest file '../../build/lcm/lcm.egg-info/SOURCES.txt'
[5.430s] running build
[5.431s] running build_py
[5.432s] copying lcm/get_msg_from_lcm.py -> /home/mi/workplace/build/lcm/build/lib/lcm
[5.434s] running install
[5.435s] /usr/local/lib/python3.6/dist-packages/setuptools/command/install.py:37: SetuptoolsDeprecationWarning: setup.py install is deprecated. Use build and pip and other standards-based tools.
[5.436s]   setuptools.SetuptoolsDeprecationWarning,
[5.437s] running install_lib
[5.441s] copying /home/mi/workplace/build/lcm/build/lib/lcm/get_msg_from_lcm.py -> /home/mi/workplace/install/lcm/lib/python3.6/site-packages/lcm
[5.444s] byte-compiling /home/mi/workplace/install/lcm/lib/python3.6/site-packages/lcm/get_msg_from_lcm.py to get_msg_from_lcm.cpython-36.pyc
[5.446s] running install_data
[5.449s] running install_egg_info
[5.458s] removing '/home/mi/workplace/install/lcm/lib/python3.6/site-packages/lcm-0.0.0-py3.6.egg-info' (and everything under it)
[5.461s] Copying ../../build/lcm/lcm.egg-info to /home/mi/workplace/install/lcm/lib/python3.6/site-packages/lcm-0.0.0-py3.6.egg-info
[5.465s] running install_scripts
[5.561s] Installing lcm_test script to /home/mi/workplace/install/lcm/lib/lcm
[5.562s] writing list of installed files to '/home/mi/workplace/build/lcm/install.log'
[5.690s] Invoked command in '/home/mi/workplace/src/lcm' returned '0': PYTHONPATH=/home/mi/workplace/install/lcm/lib/python3.6/site-packages:${PYTHONPATH} /usr/bin/python3 setup.py egg_info --egg-base ../../build/lcm build --build-base /home/mi/workplace/build/lcm/build install --prefix /home/mi/workplace/install/lcm --record /home/mi/workplace/build/lcm/install.log --single-version-externally-managed
