[4.591s] Invoking command in '/home/mi/workplace/src/learning': PYTHONPATH=/home/mi/workplace/install/learning/lib/python3.6/site-packages:${PYTHONPATH} /usr/bin/python3 setup.py egg_info --egg-base ../../build/learning build --build-base /home/mi/workplace/build/learning/build install --prefix /home/mi/workplace/install/learning --record /home/mi/workplace/build/learning/install.log --single-version-externally-managed
[6.661s] running egg_info
[6.665s] writing ../../build/learning/learning.egg-info/PKG-INFO
[6.666s] writing dependency_links to ../../build/learning/learning.egg-info/dependency_links.txt
[6.669s] writing entry points to ../../build/learning/learning.egg-info/entry_points.txt
[6.669s] writing requirements to ../../build/learning/learning.egg-info/requires.txt
[6.670s] writing top-level names to ../../build/learning/learning.egg-info/top_level.txt
[6.685s] reading manifest file '../../build/learning/learning.egg-info/SOURCES.txt'
[6.691s] writing manifest file '../../build/learning/learning.egg-info/SOURCES.txt'
[6.697s] running build
[6.697s] running build_py
[6.699s] running install
[6.700s] /usr/local/lib/python3.6/dist-packages/setuptools/command/install.py:37: SetuptoolsDeprecationWarning: setup.py install is deprecated. Use build and pip and other standards-based tools.
[6.701s]   setuptools.SetuptoolsDeprecationWarning,
[6.701s] running install_lib
[6.709s] running install_data
[6.710s] running install_egg_info
[6.721s] removing '/home/mi/workplace/install/learning/lib/python3.6/site-packages/learning-0.0.0-py3.6.egg-info' (and everything under it)
[6.722s] Copying ../../build/learning/learning.egg-info to /home/mi/workplace/install/learning/lib/python3.6/site-packages/learning-0.0.0-py3.6.egg-info
[6.729s] running install_scripts
[6.830s] Installing camera script to /home/mi/workplace/install/learning/lib/learning
[6.835s] Installing rgb script to /home/mi/workplace/install/learning/lib/learning
[6.836s] Installing stand script to /home/mi/workplace/install/learning/lib/learning
[6.838s] Installing track script to /home/mi/workplace/install/learning/lib/learning
[6.839s] Installing walktest script to /home/mi/workplace/install/learning/lib/learning
[6.839s] writing list of installed files to '/home/mi/workplace/build/learning/install.log'
[7.001s] Invoked command in '/home/mi/workplace/src/learning' returned '0': PYTHONPATH=/home/mi/workplace/install/learning/lib/python3.6/site-packages:${PYTHONPATH} /usr/bin/python3 setup.py egg_info --egg-base ../../build/learning build --build-base /home/mi/workplace/build/learning/build install --prefix /home/mi/workplace/install/learning --record /home/mi/workplace/build/learning/install.log --single-version-externally-managed
