[4.700s] Invoking command in '/home/mi/workplace/src/learning': PYTHONPATH=/home/mi/workplace/install/learning/lib/python3.6/site-packages:${PYTHONPATH} /usr/bin/python3 setup.py egg_info --egg-base ../../build/learning build --build-base /home/mi/workplace/build/learning/build install --prefix /home/mi/workplace/install/learning --record /home/mi/workplace/build/learning/install.log --single-version-externally-managed
[6.742s] running egg_info
[6.743s] writing ../../build/learning/learning.egg-info/PKG-INFO
[6.750s] writing dependency_links to ../../build/learning/learning.egg-info/dependency_links.txt
[6.750s] writing entry points to ../../build/learning/learning.egg-info/entry_points.txt
[6.751s] writing requirements to ../../build/learning/learning.egg-info/requires.txt
[6.751s] writing top-level names to ../../build/learning/learning.egg-info/top_level.txt
[6.765s] reading manifest file '../../build/learning/learning.egg-info/SOURCES.txt'
[6.772s] writing manifest file '../../build/learning/learning.egg-info/SOURCES.txt'
[6.775s] running build
[6.776s] running build_py
[6.777s] running install
[6.778s] /usr/local/lib/python3.6/dist-packages/setuptools/command/install.py:37: SetuptoolsDeprecationWarning: setup.py install is deprecated. Use build and pip and other standards-based tools.
[6.780s]   setuptools.SetuptoolsDeprecationWarning,
[6.781s] running install_lib
[6.785s] running install_data
[6.791s] running install_egg_info
[6.801s] removing '/home/mi/workplace/install/learning/lib/python3.6/site-packages/learning-0.0.0-py3.6.egg-info' (and everything under it)
[6.803s] Copying ../../build/learning/learning.egg-info to /home/mi/workplace/install/learning/lib/python3.6/site-packages/learning-0.0.0-py3.6.egg-info
[6.809s] running install_scripts
[6.933s] Installing camera script to /home/mi/workplace/install/learning/lib/learning
[6.939s] Installing rgb_cam_suber script to /home/mi/workplace/install/learning/lib/learning
[6.941s] Installing stand script to /home/mi/workplace/install/learning/lib/learning
[6.943s] Installing walktest script to /home/mi/workplace/install/learning/lib/learning
[6.946s] writing list of installed files to '/home/mi/workplace/build/learning/install.log'
[7.095s] Invoked command in '/home/mi/workplace/src/learning' returned '0': PYTHONPATH=/home/mi/workplace/install/learning/lib/python3.6/site-packages:${PYTHONPATH} /usr/bin/python3 setup.py egg_info --egg-base ../../build/learning build --build-base /home/mi/workplace/build/learning/build install --prefix /home/mi/workplace/install/learning --record /home/mi/workplace/build/learning/install.log --single-version-externally-managed
