[4.660s] Invoking command in '/home/mi/workplace/src/learning': PYTHONPATH=/home/mi/workplace/install/learning/lib/python3.6/site-packages:${PYTHONPATH} /usr/bin/python3 setup.py egg_info --egg-base ../../build/learning build --build-base /home/mi/workplace/build/learning/build install --prefix /home/mi/workplace/install/learning --record /home/mi/workplace/build/learning/install.log --single-version-externally-managed
[6.524s] running egg_info
[6.528s] writing ../../build/learning/learning.egg-info/PKG-INFO
[6.529s] writing dependency_links to ../../build/learning/learning.egg-info/dependency_links.txt
[6.531s] writing entry points to ../../build/learning/learning.egg-info/entry_points.txt
[6.532s] writing requirements to ../../build/learning/learning.egg-info/requires.txt
[6.532s] writing top-level names to ../../build/learning/learning.egg-info/top_level.txt
[6.553s] reading manifest file '../../build/learning/learning.egg-info/SOURCES.txt'
[6.560s] writing manifest file '../../build/learning/learning.egg-info/SOURCES.txt'
[6.561s] running build
[6.562s] running build_py
[6.563s] copying learning/crash.py -> /home/mi/workplace/build/learning/build/lib/learning
[6.568s] running install
[6.570s] /usr/local/lib/python3.6/dist-packages/setuptools/command/install.py:37: SetuptoolsDeprecationWarning: setup.py install is deprecated. Use build and pip and other standards-based tools.
[6.571s]   setuptools.SetuptoolsDeprecationWarning,
[6.572s] running install_lib
[6.573s] copying /home/mi/workplace/build/learning/build/lib/learning/crash.py -> /home/mi/workplace/install/learning/lib/python3.6/site-packages/learning
[6.575s] byte-compiling /home/mi/workplace/install/learning/lib/python3.6/site-packages/learning/crash.py to crash.cpython-36.pyc
[6.583s] running install_data
[6.584s] running install_egg_info
[6.592s] removing '/home/mi/workplace/install/learning/lib/python3.6/site-packages/learning-0.0.0-py3.6.egg-info' (and everything under it)
[6.595s] Copying ../../build/learning/learning.egg-info to /home/mi/workplace/install/learning/lib/python3.6/site-packages/learning-0.0.0-py3.6.egg-info
[6.600s] running install_scripts
[6.717s] Installing camera script to /home/mi/workplace/install/learning/lib/learning
[6.718s] Installing crash script to /home/mi/workplace/install/learning/lib/learning
[6.718s] Installing rgb script to /home/mi/workplace/install/learning/lib/learning
[6.726s] Installing stand script to /home/mi/workplace/install/learning/lib/learning
[6.735s] Installing track script to /home/mi/workplace/install/learning/lib/learning
[6.736s] Installing walktest script to /home/mi/workplace/install/learning/lib/learning
[6.737s] writing list of installed files to '/home/mi/workplace/build/learning/install.log'
[6.860s] Invoked command in '/home/mi/workplace/src/learning' returned '0': PYTHONPATH=/home/mi/workplace/install/learning/lib/python3.6/site-packages:${PYTHONPATH} /usr/bin/python3 setup.py egg_info --egg-base ../../build/learning build --build-base /home/mi/workplace/build/learning/build install --prefix /home/mi/workplace/install/learning --record /home/mi/workplace/build/learning/install.log --single-version-externally-managed
