2024-05-20 21:25:05.838 [info] Log level: Info
2024-05-20 21:25:05.838 [info] Validating found git in: "git"
2024-05-20 21:25:05.838 [info] Using git "2.17.1" from "git"
2024-05-20 21:25:05.839 [info] > git rev-parse --show-toplevel [591ms]
2024-05-20 21:25:05.839 [info] > git rev-parse --git-dir --git-common-dir [36ms]
2024-05-20 21:25:05.839 [info] Open repository: /home/mi
2024-05-20 21:25:05.988 [info] > git rev-parse --show-toplevel [95ms]
2024-05-20 21:25:05.993 [info] > git config --get commit.template [122ms]
2024-05-20 21:25:06.166 [info] > git rev-parse --show-toplevel [81ms]
2024-05-20 21:25:06.201 [info] > git for-each-ref --format=%(refname)%00%(upstream:short)%00%(objectname)%00%(upstream:track)%00%(upstream:remotename)%00%(upstream:remoteref) refs/heads/whf_play refs/remotes/whf_play [64ms]
2024-05-20 21:25:06.248 [info] > git rev-parse --show-toplevel [53ms]
2024-05-20 21:25:06.372 [info] > git rev-parse --show-toplevel [67ms]
2024-05-20 21:25:06.541 [info] > git check-ignore -v -z --stdin [92ms]
2024-05-20 21:25:06.550 [info] > git rev-parse --show-toplevel [146ms]
2024-05-20 21:25:06.587 [info] > git rev-parse --show-toplevel [13ms]
2024-05-20 21:25:07.427 [info] > git rev-parse --show-toplevel [458ms]
2024-05-20 21:25:07.561 [info] > git rev-parse --show-toplevel [84ms]
2024-05-20 21:25:07.849 [info] > git status -z -uall [1619ms]
2024-05-20 21:25:13.626 [info] > git config --get commit.template [674ms]
2024-05-20 21:25:13.626 [info] > git rev-parse --show-toplevel [889ms]
2024-05-20 21:25:13.695 [info] > git rev-parse --show-toplevel [42ms]
2024-05-20 21:25:13.699 [info] > git for-each-ref --format=%(refname)%00%(upstream:short)%00%(objectname)%00%(upstream:track)%00%(upstream:remotename)%00%(upstream:remoteref) refs/heads/whf_play refs/remotes/whf_play [13ms]
2024-05-20 21:25:14.009 [info] > git rev-parse --show-toplevel [269ms]
2024-05-20 21:25:14.050 [info] > git rev-parse --show-toplevel [9ms]
2024-05-20 21:25:14.100 [info] > git rev-parse --show-toplevel [29ms]
2024-05-20 21:25:14.136 [info] > git status -z -uall [416ms]
2024-05-20 21:25:14.137 [info] > git rev-parse --show-toplevel [14ms]
2024-05-20 21:25:18.435 [info] > git rev-parse --show-toplevel [4277ms]
2024-05-20 21:25:18.755 [info] > git rev-parse --show-toplevel [291ms]
2024-05-20 21:25:18.846 [info] > git rev-parse --show-toplevel [64ms]
2024-05-20 21:25:18.874 [info] > git rev-parse --show-toplevel [5ms]
2024-05-20 21:25:18.949 [info] > git rev-parse --show-toplevel [50ms]
2024-05-20 21:25:18.989 [info] > git rev-parse --show-toplevel [11ms]
2024-05-20 21:25:19.018 [info] > git rev-parse --show-toplevel [6ms]
2024-05-20 21:25:19.068 [info] > git rev-parse --show-toplevel [22ms]
2024-05-20 21:25:19.097 [info] > git rev-parse --show-toplevel [7ms]
2024-05-20 21:25:19.124 [info] > git rev-parse --show-toplevel [5ms]
2024-05-20 21:25:19.176 [info] > git rev-parse --show-toplevel [28ms]
2024-05-20 21:25:19.205 [info] > git rev-parse --show-toplevel [5ms]
2024-05-20 21:25:19.233 [info] > git rev-parse --show-toplevel [5ms]
2024-05-20 21:25:19.260 [info] > git rev-parse --show-toplevel [5ms]
2024-05-20 21:25:19.286 [info] > git rev-parse --show-toplevel [4ms]
2024-05-20 21:25:19.315 [info] > git rev-parse --show-toplevel [6ms]
2024-05-20 21:25:19.342 [info] > git rev-parse --show-toplevel [5ms]
2024-05-20 21:25:19.440 [info] > git show --textconv :workplace/src/learning/learning/walk_t_sec.py [56ms]
2024-05-20 21:25:19.585 [info] > git rev-parse --show-toplevel [147ms]
2024-05-20 21:25:19.585 [info] > git ls-files --stage -- /home/mi/workplace/src/learning/learning/walk_t_sec.py [173ms]
2024-05-20 21:25:19.611 [info] > git cat-file -s 5e3ba503b0b5def449bb3e5f24d4e2d127db49d4 [5ms]
2024-05-20 21:25:27.421 [info] > git config --get commit.template [87ms]
2024-05-20 21:25:27.429 [info] > git for-each-ref --format=%(refname)%00%(upstream:short)%00%(objectname)%00%(upstream:track)%00%(upstream:remotename)%00%(upstream:remoteref) refs/heads/whf_play refs/remotes/whf_play [67ms]
2024-05-20 21:25:28.065 [info] > git status -z -uall [607ms]
2024-05-20 21:29:24.287 [info] > git check-ignore -v -z --stdin [24ms]
2024-05-20 21:29:25.708 [info] > git show --textconv :README.md [96ms]
2024-05-20 21:29:25.709 [info] > git ls-files --stage -- /home/mi/README.md [73ms]
2024-05-20 21:29:25.742 [info] > git cat-file -s d722ff9105b9b51165131575da58dd4e8b8254e2 [13ms]
2024-05-20 21:29:27.541 [info] > git config --get commit.template [9ms]
2024-05-20 21:29:27.594 [info] > git for-each-ref --format=%(refname)%00%(upstream:short)%00%(objectname)%00%(upstream:track)%00%(upstream:remotename)%00%(upstream:remoteref) refs/heads/whf_play refs/remotes/whf_play [21ms]
2024-05-20 21:29:27.958 [info] > git status -z -uall [339ms]
2024-05-20 21:29:36.323 [info] > git show --textconv :workplace/src/learning/learning/walk_t_sec.py [40ms]
2024-05-20 21:29:36.330 [info] > git ls-files --stage -- /home/mi/workplace/src/learning/learning/walk_t_sec.py [19ms]
2024-05-20 21:29:36.370 [info] > git cat-file -s 5e3ba503b0b5def449bb3e5f24d4e2d127db49d4 [14ms]
2024-05-20 21:29:36.714 [info] > git check-ignore -v -z --stdin [15ms]
2024-05-20 21:29:47.779 [info] > git check-ignore -v -z --stdin [16ms]
2024-05-20 21:29:48.544 [info] > git check-ignore -v -z --stdin [16ms]
2024-05-20 21:29:49.250 [info] > git check-ignore -v -z --stdin [15ms]
2024-05-20 21:29:49.927 [info] > git check-ignore -v -z --stdin [15ms]
2024-05-20 21:29:50.706 [info] > git check-ignore -v -z --stdin [17ms]
2024-05-20 21:29:51.806 [info] > git show --textconv :workplace/src/learning/learning/decision_node.py [33ms]
2024-05-20 21:29:51.814 [info] > git ls-files --stage -- /home/mi/workplace/src/learning/learning/decision_node.py [13ms]
2024-05-20 21:29:51.849 [info] > git cat-file -s e69de29bb2d1d6434b8b29ae775ad8c2e48c5391 [9ms]
2024-05-20 21:29:57.000 [info] > git show --textconv :workplace/src/learning/learning/walk_t_sec.py [36ms]
2024-05-20 21:29:57.005 [info] > git ls-files --stage -- /home/mi/workplace/src/learning/learning/walk_t_sec.py [15ms]
2024-05-20 21:29:57.040 [info] > git cat-file -s 5e3ba503b0b5def449bb3e5f24d4e2d127db49d4 [10ms]
2024-05-20 21:29:59.260 [info] > git show --textconv :workplace/src/learning/learning/stop_node.py [56ms]
2024-05-20 21:29:59.269 [info] > git ls-files --stage -- /home/mi/workplace/src/learning/learning/stop_node.py [24ms]
2024-05-20 21:29:59.299 [info] > git cat-file -s c7619e70f1c1da91768e040b135ae232a110fcc3 [4ms]
2024-05-20 21:30:04.528 [info] > git show --textconv :workplace/src/learning/learning/make_goal.py [61ms]
2024-05-20 21:30:04.541 [info] > git ls-files --stage -- /home/mi/workplace/src/learning/learning/make_goal.py [41ms]
2024-05-20 21:30:06.051 [info] > git show --textconv :workplace/src/learning/learning/get_data.py [94ms]
2024-05-20 21:30:06.069 [info] > git ls-files --stage -- /home/mi/workplace/src/learning/learning/get_data.py [51ms]
2024-05-20 21:30:06.123 [info] > git cat-file -s 1f6f451efbd6391953f9c6a5e4e9b5aad855c071 [18ms]
2024-05-20 21:30:28.355 [info] > git show --textconv :workplace/src/learning/learning/walk_t_sec.py [35ms]
2024-05-20 21:30:28.361 [info] > git ls-files --stage -- /home/mi/workplace/src/learning/learning/walk_t_sec.py [15ms]
2024-05-20 21:30:28.403 [info] > git cat-file -s 5e3ba503b0b5def449bb3e5f24d4e2d127db49d4 [19ms]
2024-05-20 21:32:29.229 [info] > git show --textconv :README.md [39ms]
2024-05-20 21:32:29.255 [info] > git ls-files --stage -- /home/mi/README.md [34ms]
2024-05-20 21:32:29.296 [info] > git cat-file -s d722ff9105b9b51165131575da58dd4e8b8254e2 [19ms]
2024-05-20 21:41:43.248 [info] > git config --get commit.template [7ms]
2024-05-20 21:41:43.275 [info] > git for-each-ref --format=%(refname)%00%(upstream:short)%00%(objectname)%00%(upstream:track)%00%(upstream:remotename)%00%(upstream:remoteref) refs/heads/whf_play refs/remotes/whf_play [5ms]
2024-05-20 21:41:43.675 [info] > git status -z -uall [375ms]
2024-05-20 21:41:48.317 [info] > git check-ignore -v -z --stdin [76ms]
2024-05-20 21:41:49.432 [info] > git config --get commit.template [7ms]
2024-05-20 21:41:49.467 [info] > git for-each-ref --format=%(refname)%00%(upstream:short)%00%(objectname)%00%(upstream:track)%00%(upstream:remotename)%00%(upstream:remoteref) refs/heads/whf_play refs/remotes/whf_play [6ms]
2024-05-20 21:41:49.853 [info] > git status -z -uall [352ms]
2024-05-20 21:41:55.722 [info] > git config --get commit.template [36ms]
2024-05-20 21:41:55.724 [info] > git for-each-ref --format=%(refname)%00%(upstream:short)%00%(objectname)%00%(upstream:track)%00%(upstream:remotename)%00%(upstream:remoteref) refs/heads/whf_play refs/remotes/whf_play [9ms]
2024-05-20 21:41:56.062 [info] > git status -z -uall [308ms]
2024-05-20 21:41:59.499 [info] > git check-ignore -v -z --stdin [28ms]
2024-05-20 21:42:00.927 [info] > git check-ignore -v -z --stdin [18ms]
2024-05-20 21:42:01.575 [info] > git config --get commit.template [35ms]
2024-05-20 21:42:01.576 [info] > git for-each-ref --format=%(refname)%00%(upstream:short)%00%(objectname)%00%(upstream:track)%00%(upstream:remotename)%00%(upstream:remoteref) refs/heads/whf_play refs/remotes/whf_play [9ms]
2024-05-20 21:42:01.937 [info] > git status -z -uall [330ms] (cancelled)
2024-05-20 21:42:03.233 [info] > git check-ignore -v -z --stdin [23ms]
2024-05-20 21:50:00.151 [info] > git check-ignore -v -z --stdin [17ms]
2024-05-20 21:50:03.706 [info] > git check-ignore -v -z --stdin [22ms]
2024-05-20 21:50:04.842 [info] > git check-ignore -v -z --stdin [19ms]
2024-05-20 21:50:16.551 [info] > git show --textconv :workplace/src/lcm/lcm/__init__.py [44ms]
2024-05-20 21:50:16.558 [info] > git ls-files --stage -- /home/mi/workplace/src/lcm/lcm/__init__.py [13ms]
2024-05-20 21:50:25.994 [info] > git show --textconv :workplace/src/lcm/lcm/lcm_test.py [33ms]
2024-05-20 21:50:26.003 [info] > git ls-files --stage -- /home/mi/workplace/src/lcm/lcm/lcm_test.py [13ms]
2024-05-20 21:50:26.219 [info] > git check-ignore -v -z --stdin [14ms]
2024-05-20 21:54:03.662 [info] > git show --textconv :workplace/src/lcm/lcm/msg.lcm [32ms]
2024-05-20 21:54:03.676 [info] > git ls-files --stage -- /home/mi/workplace/src/lcm/lcm/msg.lcm [18ms]
2024-05-20 21:54:03.880 [info] > git check-ignore -v -z --stdin [14ms]
2024-05-20 21:54:33.251 [info] > git show --textconv :workplace/src/lcm/lcm/lcm_test.py [36ms]
2024-05-20 21:54:33.266 [info] > git ls-files --stage -- /home/mi/workplace/src/lcm/lcm/lcm_test.py [27ms]
2024-05-20 21:56:47.218 [info] > git show --textconv :workplace/src/lcm/lcm/msg.lcm [31ms]
2024-05-20 21:56:47.228 [info] > git ls-files --stage -- /home/mi/workplace/src/lcm/lcm/msg.lcm [16ms]
2024-05-20 21:56:50.908 [info] > git show --textconv :workplace/src/lcm/lcm/global_to_robot.lcm [35ms]
2024-05-20 21:56:50.920 [info] > git ls-files --stage -- /home/mi/workplace/src/lcm/lcm/global_to_robot.lcm [15ms]
2024-05-20 21:56:51.103 [info] > git check-ignore -v -z --stdin [15ms]
2024-05-20 21:56:52.191 [info] > git show --textconv :workplace/src/lcm/lcm/lcm_test.py [45ms]
2024-05-20 21:56:52.199 [info] > git ls-files --stage -- /home/mi/workplace/src/lcm/lcm/lcm_test.py [20ms]
2024-05-20 21:58:15.319 [info] > git check-ignore -v -z --stdin [17ms]
2024-05-20 21:58:19.596 [info] > git show --textconv :workplace/src/lcm/lcm/localization_lcmt.py [43ms]
2024-05-20 21:58:19.607 [info] > git ls-files --stage -- /home/mi/workplace/src/lcm/lcm/localization_lcmt.py [22ms]
2024-05-20 21:58:36.180 [info] > git show --textconv :workplace/src/lcm/lcm/global_to_robot.lcm [35ms]
2024-05-20 21:58:36.190 [info] > git ls-files --stage -- /home/mi/workplace/src/lcm/lcm/global_to_robot.lcm [20ms]
2024-05-20 21:58:59.004 [info] > git show --textconv :workplace/src/lcm/lcm/localization_lcmt.py [41ms]
2024-05-20 21:58:59.010 [info] > git ls-files --stage -- /home/mi/workplace/src/lcm/lcm/localization_lcmt.py [14ms]
2024-05-20 21:59:08.134 [info] > git show --textconv :workplace/src/lcm/lcm/lcm_test.py [106ms]
2024-05-20 21:59:08.149 [info] > git ls-files --stage -- /home/mi/workplace/src/lcm/lcm/lcm_test.py [70ms]
2024-05-20 21:59:08.643 [info] > git show --textconv :workplace/src/lcm/lcm/global_to_robot.lcm [40ms]
2024-05-20 21:59:08.649 [info] > git ls-files --stage -- /home/mi/workplace/src/lcm/lcm/global_to_robot.lcm [15ms]
2024-05-20 21:59:14.779 [info] > git show --textconv :workplace/src/lcm/lcm/lcm_test.py [46ms]
2024-05-20 21:59:14.786 [info] > git ls-files --stage -- /home/mi/workplace/src/lcm/lcm/lcm_test.py [22ms]
2024-05-20 21:59:35.472 [info] > git show --textconv :workplace/src/lcm/lcm/localization_lcmt.py [39ms]
2024-05-20 21:59:35.481 [info] > git ls-files --stage -- /home/mi/workplace/src/lcm/lcm/localization_lcmt.py [16ms]
2024-05-20 21:59:43.113 [info] > git show --textconv :workplace/src/lcm/lcm/global_to_robot.lcm [34ms]
2024-05-20 21:59:43.120 [info] > git ls-files --stage -- /home/mi/workplace/src/lcm/lcm/global_to_robot.lcm [15ms]
2024-05-20 21:59:43.737 [info] > git show --textconv :workplace/src/lcm/lcm/lcm_test.py [44ms]
2024-05-20 21:59:43.745 [info] > git ls-files --stage -- /home/mi/workplace/src/lcm/lcm/lcm_test.py [16ms]
2024-05-20 22:00:01.560 [info] > git show --textconv :workplace/src/lcm/lcm/localization_lcmt.py [35ms]
2024-05-20 22:00:01.570 [info] > git ls-files --stage -- /home/mi/workplace/src/lcm/lcm/localization_lcmt.py [19ms]
2024-05-20 22:00:19.251 [info] > git show --textconv :workplace/src/lcm/lcm/lcm_test.py [33ms]
2024-05-20 22:00:19.260 [info] > git ls-files --stage -- /home/mi/workplace/src/lcm/lcm/lcm_test.py [14ms]
2024-05-20 22:01:40.092 [info] > git show --textconv :workplace/src/lcm/setup.py [40ms]
2024-05-20 22:01:40.103 [info] > git ls-files --stage -- /home/mi/workplace/src/lcm/setup.py [24ms]
2024-05-20 22:02:09.095 [info] > git show --textconv :workplace/src/lcm/lcm/lcm_test.py [50ms]
2024-05-20 22:02:09.130 [info] > git ls-files --stage -- /home/mi/workplace/src/lcm/lcm/lcm_test.py [47ms]
2024-05-20 22:05:03.599 [info] > git check-ignore -v -z --stdin [17ms]
2024-05-20 22:05:04.748 [info] > git check-ignore -v -z --stdin [17ms]
2024-05-20 22:05:05.930 [info] > git check-ignore -v -z --stdin [19ms]
2024-05-20 22:05:07.991 [info] > git check-ignore -v -z --stdin [18ms]
2024-05-20 22:05:12.943 [info] > git show --textconv :README.md [45ms]
2024-05-20 22:05:12.950 [info] > git ls-files --stage -- /home/mi/README.md [17ms]
2024-05-20 22:05:12.987 [info] > git cat-file -s d722ff9105b9b51165131575da58dd4e8b8254e2 [9ms]
2024-05-20 22:13:05.741 [info] > git show --textconv :README.md [45ms]
2024-05-20 22:13:05.749 [info] > git ls-files --stage -- /home/mi/README.md [19ms]
2024-05-20 22:13:05.780 [info] > git cat-file -s d722ff9105b9b51165131575da58dd4e8b8254e2 [4ms]
2024-05-20 22:13:08.246 [info] > git show --textconv :README.md [37ms]
2024-05-20 22:13:08.257 [info] > git ls-files --stage -- /home/mi/README.md [20ms]
2024-05-20 22:13:08.291 [info] > git cat-file -s d722ff9105b9b51165131575da58dd4e8b8254e2 [6ms]
2024-05-20 22:13:22.693 [info] > git show --textconv :workplace/src/lcm/lcm/lcm_test.py [47ms]
2024-05-20 22:13:22.708 [info] > git ls-files --stage -- /home/mi/workplace/src/lcm/lcm/lcm_test.py [34ms]
2024-05-20 22:14:14.660 [info] > git show --textconv :workplace/src/lcm/package.xml [39ms]
2024-05-20 22:14:14.671 [info] > git ls-files --stage -- /home/mi/workplace/src/lcm/package.xml [15ms]
2024-05-20 22:14:18.529 [info] > git show --textconv :workplace/src/learning/package.xml [41ms]
2024-05-20 22:14:18.534 [info] > git ls-files --stage -- /home/mi/workplace/src/learning/package.xml [14ms]
2024-05-20 22:14:18.567 [info] > git cat-file -s e3bd95ba842cd467d9921b9d569f7fd3e0aa636d [4ms]
2024-05-20 22:14:31.874 [info] > git show --textconv :workplace/src/lcm/package.xml [40ms]
2024-05-20 22:14:31.879 [info] > git ls-files --stage -- /home/mi/workplace/src/lcm/package.xml [15ms]
2024-05-20 22:16:43.293 [info] > git show --textconv :README.md [37ms]
2024-05-20 22:16:43.304 [info] > git ls-files --stage -- /home/mi/README.md [17ms]
2024-05-20 22:16:43.335 [info] > git cat-file -s d722ff9105b9b51165131575da58dd4e8b8254e2 [5ms]
2024-05-20 22:20:45.176 [info] > git show --textconv :workplace/src/lcm/lcm/localization_lcmt.py [55ms]
2024-05-20 22:20:45.185 [info] > git ls-files --stage -- /home/mi/workplace/src/lcm/lcm/localization_lcmt.py [34ms]
2024-05-20 22:21:11.614 [info] > git show --textconv :README.md [36ms]
2024-05-20 22:21:11.628 [info] > git ls-files --stage -- /home/mi/README.md [22ms]
2024-05-20 22:21:11.663 [info] > git cat-file -s d722ff9105b9b51165131575da58dd4e8b8254e2 [4ms]
2024-05-20 22:21:12.503 [info] > git show --textconv :workplace/src/lcm/lcm/lcm_test.py [40ms]
2024-05-20 22:21:12.512 [info] > git ls-files --stage -- /home/mi/workplace/src/lcm/lcm/lcm_test.py [16ms]
2024-05-20 22:21:14.573 [info] > git show --textconv :workplace/src/lcm/lcm/localization_lcmt.py [42ms]
2024-05-20 22:21:14.579 [info] > git ls-files --stage -- /home/mi/workplace/src/lcm/lcm/localization_lcmt.py [15ms]
2024-05-20 22:21:19.957 [info] > git show --textconv :workplace/src/lcm/lcm/lcm_test.py [43ms]
2024-05-20 22:21:19.963 [info] > git ls-files --stage -- /home/mi/workplace/src/lcm/lcm/lcm_test.py [21ms]
2024-05-20 22:21:20.512 [info] > git show --textconv :workplace/src/lcm/lcm/localization_lcmt.py [35ms]
2024-05-20 22:21:20.520 [info] > git ls-files --stage -- /home/mi/workplace/src/lcm/lcm/localization_lcmt.py [14ms]
2024-05-20 22:21:21.161 [info] > git show --textconv :workplace/src/lcm/lcm/lcm_test.py [40ms]
2024-05-20 22:21:21.171 [info] > git ls-files --stage -- /home/mi/workplace/src/lcm/lcm/lcm_test.py [18ms]
2024-05-20 22:21:34.760 [info] > git show --textconv :workplace/src/lcm/lcm/localization_lcmt.py [40ms]
2024-05-20 22:21:34.766 [info] > git ls-files --stage -- /home/mi/workplace/src/lcm/lcm/localization_lcmt.py [16ms]
2024-05-20 22:22:35.478 [info] > git show --textconv :workplace/src/lcm/lcm/lcm_test.py [35ms]
2024-05-20 22:22:35.492 [info] > git ls-files --stage -- /home/mi/workplace/src/lcm/lcm/lcm_test.py [21ms]
2024-05-20 22:22:55.593 [info] > git show --textconv :workplace/src/lcm/lcm/localization_lcmt.py [43ms]
2024-05-20 22:22:55.606 [info] > git ls-files --stage -- /home/mi/workplace/src/lcm/lcm/localization_lcmt.py [18ms]
2024-05-20 22:23:12.651 [info] > git show --textconv :README.md [32ms]
2024-05-20 22:23:12.665 [info] > git ls-files --stage -- /home/mi/README.md [19ms]
2024-05-20 22:23:12.695 [info] > git cat-file -s d722ff9105b9b51165131575da58dd4e8b8254e2 [4ms]
2024-05-20 22:23:14.527 [info] > git show --textconv :workplace/src/lcm/package.xml [44ms]
2024-05-20 22:23:14.535 [info] > git ls-files --stage -- /home/mi/workplace/src/lcm/package.xml [15ms]
2024-05-20 22:23:16.728 [info] > git show --textconv :README.md [43ms]
2024-05-20 22:23:16.736 [info] > git ls-files --stage -- /home/mi/README.md [22ms]
2024-05-20 22:23:16.766 [info] > git cat-file -s d722ff9105b9b51165131575da58dd4e8b8254e2 [5ms]
2024-05-20 22:23:17.519 [info] > git show --textconv :workplace/src/lcm/lcm/lcm_test.py [35ms]
2024-05-20 22:23:17.526 [info] > git ls-files --stage -- /home/mi/workplace/src/lcm/lcm/lcm_test.py [15ms]
2024-05-20 22:23:48.638 [info] > git show --textconv :workplace/src/lcm/lcm/localization_lcmt.py [38ms]
2024-05-20 22:23:48.658 [info] > git ls-files --stage -- /home/mi/workplace/src/lcm/lcm/localization_lcmt.py [29ms]
2024-05-20 22:24:00.798 [info] > git show --textconv :workplace/src/lcm/lcm/global_to_robot.lcm [37ms]
2024-05-20 22:24:00.802 [info] > git ls-files --stage -- /home/mi/workplace/src/lcm/lcm/global_to_robot.lcm [15ms]
2024-05-20 22:24:04.907 [info] > git show --textconv :workplace/src/lcm/lcm/localization_lcmt.py [45ms]
2024-05-20 22:24:04.912 [info] > git ls-files --stage -- /home/mi/workplace/src/lcm/lcm/localization_lcmt.py [18ms]
2024-05-20 22:24:26.350 [info] > git show --textconv :workplace/build/lcm/build/lib/lcm/localization_lcmt.py [35ms]
2024-05-20 22:24:26.373 [info] > git ls-files --stage -- /home/mi/workplace/build/lcm/build/lib/lcm/localization_lcmt.py [28ms]
2024-05-20 22:24:26.556 [info] > git check-ignore -v -z --stdin [26ms]
2024-05-20 22:28:33.953 [info] > git show --textconv :workplace/src/lcm/lcm/global_to_robot.lcm [36ms]
2024-05-20 22:28:33.960 [info] > git ls-files --stage -- /home/mi/workplace/src/lcm/lcm/global_to_robot.lcm [13ms]
2024-05-20 22:28:35.573 [info] > git show --textconv :workplace/src/lcm/lcm/lcm_test.py [65ms]
2024-05-20 22:28:35.580 [info] > git ls-files --stage -- /home/mi/workplace/src/lcm/lcm/lcm_test.py [31ms]
2024-05-20 22:30:23.178 [info] > git show --textconv :workplace/src/lcm/lcm/localization_lcmt.py [49ms]
2024-05-20 22:30:23.185 [info] > git ls-files --stage -- /home/mi/workplace/src/lcm/lcm/localization_lcmt.py [25ms]
2024-05-20 22:30:26.505 [info] > git show --textconv :workplace/src/lcm/lcm/lcm_test.py [38ms]
2024-05-20 22:30:26.514 [info] > git ls-files --stage -- /home/mi/workplace/src/lcm/lcm/lcm_test.py [19ms]
2024-05-20 22:31:05.320 [info] > git show --textconv :workplace/src/lcm/lcm/localization_lcmt.py [42ms]
2024-05-20 22:31:05.327 [info] > git ls-files --stage -- /home/mi/workplace/src/lcm/lcm/localization_lcmt.py [16ms]
2024-05-20 22:31:39.051 [info] > git show --textconv :workplace/src/lcm/lcm/lcm_test.py [39ms]
2024-05-20 22:31:39.069 [info] > git ls-files --stage -- /home/mi/workplace/src/lcm/lcm/lcm_test.py [26ms]
2024-05-20 22:32:19.712 [info] > git show --textconv :workplace/src/lcm/lcm/localization_lcmt.py [30ms]
2024-05-20 22:32:19.722 [info] > git ls-files --stage -- /home/mi/workplace/src/lcm/lcm/localization_lcmt.py [15ms]
2024-05-20 22:32:34.437 [info] > git show --textconv :workplace/src/lcm/lcm/lcm_test.py [51ms]
2024-05-20 22:32:34.444 [info] > git ls-files --stage -- /home/mi/workplace/src/lcm/lcm/lcm_test.py [23ms]
2024-05-20 22:32:38.251 [info] > git show --textconv :README.md [33ms]
2024-05-20 22:32:38.264 [info] > git ls-files --stage -- /home/mi/README.md [19ms]
2024-05-20 22:32:38.292 [info] > git cat-file -s d722ff9105b9b51165131575da58dd4e8b8254e2 [4ms]
2024-05-20 22:33:05.996 [info] > git show --textconv :workplace/src/lcm/lcm/localization_lcmt.py [37ms]
2024-05-20 22:33:06.007 [info] > git ls-files --stage -- /home/mi/workplace/src/lcm/lcm/localization_lcmt.py [19ms]
2024-05-20 22:33:10.015 [info] > git show --textconv :workplace/src/lcm/lcm/lcm_test.py [41ms]
2024-05-20 22:33:10.023 [info] > git ls-files --stage -- /home/mi/workplace/src/lcm/lcm/lcm_test.py [13ms]
2024-05-20 22:33:27.581 [info] > git show --textconv :workplace/src/lcm/lcm/global_to_robot.lcm [34ms]
2024-05-20 22:33:27.588 [info] > git ls-files --stage -- /home/mi/workplace/src/lcm/lcm/global_to_robot.lcm [11ms]
2024-05-20 22:33:29.031 [info] > git show --textconv :workplace/src/lcm/lcm/__init__.py [32ms]
2024-05-20 22:33:29.045 [info] > git ls-files --stage -- /home/mi/workplace/src/lcm/lcm/__init__.py [18ms]
2024-05-20 22:33:32.186 [info] > git show --textconv :workplace/src/lcm/lcm/localization_lcmt.py [38ms]
2024-05-20 22:33:32.196 [info] > git ls-files --stage -- /home/mi/workplace/src/lcm/lcm/localization_lcmt.py [18ms]
2024-05-20 22:33:32.671 [info] > git show --textconv :workplace/src/lcm/lcm/lcm_test.py [72ms]
2024-05-20 22:33:32.676 [info] > git ls-files --stage -- /home/mi/workplace/src/lcm/lcm/lcm_test.py [19ms]
2024-05-20 22:33:33.171 [info] > git show --textconv :workplace/src/lcm/lcm/global_to_robot.lcm [37ms]
2024-05-20 22:33:33.178 [info] > git ls-files --stage -- /home/mi/workplace/src/lcm/lcm/global_to_robot.lcm [15ms]
2024-05-20 22:33:33.735 [info] > git show --textconv :workplace/src/lcm/lcm/__init__.py [45ms]
2024-05-20 22:33:33.745 [info] > git ls-files --stage -- /home/mi/workplace/src/lcm/lcm/__init__.py [15ms]
2024-05-20 22:33:36.033 [info] > git show --textconv :workplace/src/lcm/lcm/global_to_robot.lcm [48ms]
2024-05-20 22:33:36.038 [info] > git ls-files --stage -- /home/mi/workplace/src/lcm/lcm/global_to_robot.lcm [16ms]
2024-05-20 22:33:37.797 [info] > git show --textconv :workplace/src/lcm/lcm/lcm_test.py [52ms]
2024-05-20 22:33:37.806 [info] > git ls-files --stage -- /home/mi/workplace/src/lcm/lcm/lcm_test.py [27ms]
2024-05-20 22:33:43.971 [info] > git show --textconv :workplace/src/lcm/lcm/global_to_robot.lcm [38ms]
2024-05-20 22:33:43.980 [info] > git ls-files --stage -- /home/mi/workplace/src/lcm/lcm/global_to_robot.lcm [14ms]
2024-05-20 22:33:44.422 [info] > git show --textconv :workplace/src/lcm/lcm/localization_lcmt.py [34ms]
2024-05-20 22:33:44.435 [info] > git ls-files --stage -- /home/mi/workplace/src/lcm/lcm/localization_lcmt.py [19ms]
2024-05-20 22:33:44.783 [info] > git show --textconv :workplace/src/lcm/lcm/global_to_robot.lcm [35ms]
2024-05-20 22:33:44.791 [info] > git ls-files --stage -- /home/mi/workplace/src/lcm/lcm/global_to_robot.lcm [13ms]
2024-05-20 22:34:11.241 [info] > git show --textconv :workplace/src/lcm/package.xml [37ms]
2024-05-20 22:34:11.249 [info] > git ls-files --stage -- /home/mi/workplace/src/lcm/package.xml [14ms]
2024-05-20 22:34:23.579 [info] > git show --textconv :workplace/src/lcm/lcm/test.py [37ms]
2024-05-20 22:34:23.588 [info] > git ls-files --stage -- /home/mi/workplace/src/lcm/lcm/test.py [13ms]
2024-05-20 22:34:23.778 [info] > git check-ignore -v -z --stdin [17ms]
2024-05-20 22:34:57.056 [info] > git show --textconv :README.md [36ms]
2024-05-20 22:34:57.067 [info] > git ls-files --stage -- /home/mi/README.md [19ms]
2024-05-20 22:34:57.103 [info] > git cat-file -s d722ff9105b9b51165131575da58dd4e8b8254e2 [5ms]
2024-05-20 22:34:58.135 [info] > git show --textconv :workplace/src/lcm/setup.py [41ms]
2024-05-20 22:34:58.142 [info] > git ls-files --stage -- /home/mi/workplace/src/lcm/setup.py [21ms]
2024-05-20 22:34:58.480 [info] > git show --textconv :workplace/src/lcm/lcm/global_to_robot.lcm [34ms]
2024-05-20 22:34:58.489 [info] > git ls-files --stage -- /home/mi/workplace/src/lcm/lcm/global_to_robot.lcm [14ms]
2024-05-20 22:34:59.703 [info] > git show --textconv :workplace/src/lcm/lcm/lcm_test.py [46ms]
2024-05-20 22:34:59.718 [info] > git ls-files --stage -- /home/mi/workplace/src/lcm/lcm/lcm_test.py [29ms]
2024-05-20 22:35:38.453 [info] > git show --textconv :workplace/src/lcm/setup.py [37ms]
2024-05-20 22:35:38.465 [info] > git ls-files --stage -- /home/mi/workplace/src/lcm/setup.py [20ms]
2024-05-20 22:35:40.741 [info] > git check-ignore -v -z --stdin [16ms]
2024-05-20 22:35:43.824 [info] > git show --textconv :workplace/src/lcm/lcm/test.py [37ms]
2024-05-20 22:35:43.833 [info] > git ls-files --stage -- /home/mi/workplace/src/lcm/lcm/test.py [17ms]
2024-05-20 22:35:45.897 [info] > git show --textconv :workplace/src/lcm/lcm/lcm_test.py [37ms]
2024-05-20 22:35:45.905 [info] > git ls-files --stage -- /home/mi/workplace/src/lcm/lcm/lcm_test.py [13ms]
2024-05-20 22:35:58.282 [info] > git show --textconv :workplace/src/lcm/lcm/test.py [33ms]
2024-05-20 22:35:58.293 [info] > git ls-files --stage -- /home/mi/workplace/src/lcm/lcm/test.py [16ms]
2024-05-20 22:36:00.221 [info] > git show --textconv :workplace/src/lcm/lcm/lcm_test.py [42ms]
2024-05-20 22:36:00.232 [info] > git ls-files --stage -- /home/mi/workplace/src/lcm/lcm/lcm_test.py [21ms]
2024-05-20 22:36:39.811 [info] > git check-ignore -v -z --stdin [15ms]
2024-05-20 22:37:54.165 [info] > git show --textconv :workplace/src/lcm/lcm/localization_lcmt.py [61ms]
2024-05-20 22:37:54.170 [info] > git ls-files --stage -- /home/mi/workplace/src/lcm/lcm/localization_lcmt.py [18ms]
2024-05-20 22:38:25.100 [info] > git show --textconv :workplace/src/lcm/lcm/teest.py [38ms]
2024-05-20 22:38:25.114 [info] > git ls-files --stage -- /home/mi/workplace/src/lcm/lcm/teest.py [20ms]
2024-05-20 22:38:25.317 [info] > git check-ignore -v -z --stdin [15ms]
2024-05-20 22:38:41.621 [info] > git show --textconv :workplace/src/lcm/lcm/global_to_robot.lcm [38ms]
2024-05-20 22:38:41.629 [info] > git ls-files --stage -- /home/mi/workplace/src/lcm/lcm/global_to_robot.lcm [15ms]
2024-05-20 22:38:42.606 [info] > git show --textconv :workplace/src/lcm/lcm/lcm_test.py [69ms]
2024-05-20 22:38:42.620 [info] > git ls-files --stage -- /home/mi/workplace/src/lcm/lcm/lcm_test.py [29ms]
2024-05-20 22:38:55.177 [info] > git show --textconv :workplace/src/lcm/lcm/localization_lcmt.py [39ms]
2024-05-20 22:38:55.188 [info] > git ls-files --stage -- /home/mi/workplace/src/lcm/lcm/localization_lcmt.py [19ms]
2024-05-20 22:38:55.947 [info] > git show --textconv :workplace/src/lcm/lcm/lcm_test.py [71ms]
2024-05-20 22:38:55.953 [info] > git ls-files --stage -- /home/mi/workplace/src/lcm/lcm/lcm_test.py [42ms]
2024-05-20 22:38:57.766 [info] > git show --textconv :workplace/src/lcm/lcm/global_to_robot.lcm [37ms]
2024-05-20 22:38:57.775 [info] > git ls-files --stage -- /home/mi/workplace/src/lcm/lcm/global_to_robot.lcm [13ms]
2024-05-20 22:39:21.719 [info] > git show --textconv :workplace/src/lcm/lcm/lcm_test.py [52ms]
2024-05-20 22:39:21.734 [info] > git ls-files --stage -- /home/mi/workplace/src/lcm/lcm/lcm_test.py [29ms]
2024-05-20 22:40:19.418 [info] > git show --textconv :workplace/src/lcm/lcm/teest.py [41ms]
2024-05-20 22:40:19.424 [info] > git ls-files --stage -- /home/mi/workplace/src/lcm/lcm/teest.py [17ms]
2024-05-20 22:40:25.315 [info] > git show --textconv :workplace/src/lcm/lcm/lcm_test.py [44ms]
2024-05-20 22:40:25.322 [info] > git ls-files --stage -- /home/mi/workplace/src/lcm/lcm/lcm_test.py [20ms]
2024-05-20 22:44:09.172 [info] > git show --textconv :workplace/src/lcm/lcm/global_to_robot.lcm [34ms]
2024-05-20 22:44:09.179 [info] > git ls-files --stage -- /home/mi/workplace/src/lcm/lcm/global_to_robot.lcm [12ms]
2024-05-20 22:44:10.392 [info] > git show --textconv :workplace/src/lcm/lcm/lcm_test.py [42ms]
2024-05-20 22:44:10.400 [info] > git ls-files --stage -- /home/mi/workplace/src/lcm/lcm/lcm_test.py [21ms]
2024-05-20 22:49:34.792 [info] > git rev-parse --show-toplevel [13ms]
2024-05-20 22:49:34.792 [info] fatal: not a git repository (or any of the parent directories): .git
2024-05-20 22:55:14.596 [info] > git check-ignore -v -z --stdin [14ms]
2024-05-20 22:55:18.687 [info] > git check-ignore -v -z --stdin [28ms]
2024-05-20 22:55:20.810 [info] > git check-ignore -v -z --stdin [29ms]
2024-05-20 23:02:30.380 [info] > git show --textconv :workplace/src/lcm/lcm/lcm_test.py [54ms]
2024-05-20 23:02:30.388 [info] > git ls-files --stage -- /home/mi/workplace/src/lcm/lcm/lcm_test.py [29ms]
2024-05-20 23:02:57.427 [info] > git check-ignore -v -z --stdin [26ms]
2024-05-20 23:02:58.458 [info] > git check-ignore -v -z --stdin [12ms]
2024-05-20 23:03:00.236 [info] > git check-ignore -v -z --stdin [22ms]
2024-05-20 23:03:03.326 [info] > git check-ignore -v -z --stdin [23ms]
2024-05-20 23:03:04.278 [info] > git show --textconv :Downloads/lcm/lcm-python/lcm/__init__.py [36ms]
2024-05-20 23:03:04.287 [info] > git ls-files --stage -- /home/mi/Downloads/lcm/lcm-python/lcm/__init__.py [13ms]
2024-05-20 23:03:13.119 [info] > git check-ignore -v -z --stdin [21ms]
2024-05-20 23:03:35.118 [info] > git check-ignore -v -z --stdin [25ms]
2024-05-20 23:04:13.650 [info] > git show --textconv :workplace/src/lcm/lcm/lcm_test.py [49ms]
2024-05-20 23:04:13.663 [info] > git ls-files --stage -- /home/mi/workplace/src/lcm/lcm/lcm_test.py [23ms]
2024-05-20 23:09:43.913 [info] > git show --textconv :workplace/src/lcm/lcm/get_msg_from_lcm.py [50ms]
2024-05-20 23:09:43.919 [info] > git ls-files --stage -- /home/mi/workplace/src/lcm/lcm/get_msg_from_lcm.py [16ms]
2024-05-20 23:09:44.141 [info] > git check-ignore -v -z --stdin [15ms]
2024-05-20 23:09:45.618 [info] > git show --textconv :workplace/src/lcm/setup.py [54ms]
2024-05-20 23:09:45.632 [info] > git ls-files --stage -- /home/mi/workplace/src/lcm/setup.py [33ms]
2024-05-20 23:10:01.899 [info] > git show --textconv :README.md [34ms]
2024-05-20 23:10:01.910 [info] > git ls-files --stage -- /home/mi/README.md [17ms]
2024-05-20 23:10:01.955 [info] > git cat-file -s d722ff9105b9b51165131575da58dd4e8b8254e2 [9ms]
2024-05-20 23:10:02.474 [info] > git show --textconv :workplace/src/lcm/lcm/teest.py [36ms]
2024-05-20 23:10:02.484 [info] > git ls-files --stage -- /home/mi/workplace/src/lcm/lcm/teest.py [17ms]
2024-05-20 23:10:03.582 [info] > git show --textconv :workplace/src/lcm/lcm/global_to_robot.lcm [37ms]
2024-05-20 23:10:03.590 [info] > git ls-files --stage -- /home/mi/workplace/src/lcm/lcm/global_to_robot.lcm [14ms]
2024-05-20 23:10:04.319 [info] > git show --textconv :workplace/src/lcm/lcm/get_msg_from_lcm.py [43ms]
2024-05-20 23:10:04.334 [info] > git ls-files --stage -- /home/mi/workplace/src/lcm/lcm/get_msg_from_lcm.py [24ms]
2024-05-20 23:12:13.611 [info] > git rev-parse --show-toplevel [8ms]
2024-05-20 23:12:13.611 [info] fatal: not a git repository (or any of the parent directories): .git
2024-05-20 23:24:38.008 [info] > git check-ignore -v -z --stdin [19ms]
2024-05-20 23:24:53.969 [info] > git show --textconv :Downloads/lcm/lcm-python/lcm/__init__.py [34ms]
2024-05-20 23:24:53.977 [info] > git ls-files --stage -- /home/mi/Downloads/lcm/lcm-python/lcm/__init__.py [13ms]
2024-05-20 23:26:48.576 [info] > git rev-parse --show-toplevel [12ms]
2024-05-20 23:26:48.577 [info] fatal: not a git repository (or any of the parent directories): .git
2024-05-20 23:29:44.578 [info] > git check-ignore -v -z --stdin [22ms]
2024-05-20 23:29:47.927 [info] > git check-ignore -v -z --stdin [14ms]
2024-05-20 23:29:49.384 [info] > git check-ignore -v -z --stdin [22ms]
2024-05-20 23:29:49.943 [info] > git check-ignore -v -z --stdin [18ms]
2024-05-20 23:29:51.059 [info] > git show --textconv :workplace/install/lcm/lib/python3.6/site-packages/lcm/__init__.py [38ms]
2024-05-20 23:29:51.065 [info] > git ls-files --stage -- /home/mi/workplace/install/lcm/lib/python3.6/site-packages/lcm/__init__.py [13ms]
2024-05-20 23:30:25.948 [info] > git check-ignore -v -z --stdin [30ms]
2024-05-20 23:32:35.699 [info] > git check-ignore -v -z --stdin [14ms]
2024-05-20 23:32:40.932 [info] > git show --textconv :Downloads/lcm/lcm-python/build/lib.linux-aarch64-3.6/lcm/__init__.py [38ms]
2024-05-20 23:32:40.949 [info] > git ls-files --stage -- /home/mi/Downloads/lcm/lcm-python/build/lib.linux-aarch64-3.6/lcm/__init__.py [22ms]
2024-05-20 23:32:51.781 [info] > git rev-parse --show-toplevel [8ms]
2024-05-20 23:32:51.781 [info] fatal: not a git repository (or any of the parent directories): .git
