[3.921s] Invoking command in '/home/mi/workplace/src/learning': PYTHONPATH=/home/mi/workplace/install/learning/lib/python3.6/site-packages:${PYTHONPATH} /usr/bin/python3 setup.py egg_info --egg-base ../../build/learning build --build-base /home/mi/workplace/build/learning/build install --prefix /home/mi/workplace/install/learning --record /home/mi/workplace/build/learning/install.log --single-version-externally-managed
[5.675s] running egg_info
[5.678s] writing ../../build/learning/learning.egg-info/PKG-INFO
[5.679s] writing dependency_links to ../../build/learning/learning.egg-info/dependency_links.txt
[5.680s] writing entry points to ../../build/learning/learning.egg-info/entry_points.txt
[5.682s] writing requirements to ../../build/learning/learning.egg-info/requires.txt
[5.683s] writing top-level names to ../../build/learning/learning.egg-info/top_level.txt
[5.698s] reading manifest file '../../build/learning/learning.egg-info/SOURCES.txt'
[5.705s] writing manifest file '../../build/learning/learning.egg-info/SOURCES.txt'
[5.707s] running build
[5.708s] running build_py
[5.712s] /usr/local/lib/python3.6/dist-packages/setuptools/command/install.py:37: SetuptoolsDeprecationWarning: setup.py install is deprecated. Use build and pip and other standards-based tools.
[5.713s]   setuptools.SetuptoolsDeprecationWarning,
[5.718s] running install
[5.719s] running install_lib
[5.722s] running install_data
[5.723s] running install_egg_info
[5.731s] removing '/home/mi/workplace/install/learning/lib/python3.6/site-packages/learning-0.0.0-py3.6.egg-info' (and everything under it)
[5.741s] Copying ../../build/learning/learning.egg-info to /home/mi/workplace/install/learning/lib/python3.6/site-packages/learning-0.0.0-py3.6.egg-info
[5.741s] running install_scripts
[5.826s] Installing camera script to /home/mi/workplace/install/learning/lib/learning
[5.829s] Installing crash script to /home/mi/workplace/install/learning/lib/learning
[5.830s] Installing data_receive script to /home/mi/workplace/install/learning/lib/learning
[5.830s] Installing rgb script to /home/mi/workplace/install/learning/lib/learning
[5.831s] Installing rotate_until_center1 script to /home/mi/workplace/install/learning/lib/learning
[5.832s] Installing stand script to /home/mi/workplace/install/learning/lib/learning
[5.832s] Installing track script to /home/mi/workplace/install/learning/lib/learning
[5.833s] Installing walk_t_sec script to /home/mi/workplace/install/learning/lib/learning
[5.833s] Installing walktest script to /home/mi/workplace/install/learning/lib/learning
[5.835s] writing list of installed files to '/home/mi/workplace/build/learning/install.log'
[5.947s] Invoked command in '/home/mi/workplace/src/learning' returned '0': PYTHONPATH=/home/mi/workplace/install/learning/lib/python3.6/site-packages:${PYTHONPATH} /usr/bin/python3 setup.py egg_info --egg-base ../../build/learning build --build-base /home/mi/workplace/build/learning/build install --prefix /home/mi/workplace/install/learning --record /home/mi/workplace/build/learning/install.log --single-version-externally-managed
