[4.530s] Invoking command in '/home/mi/workplace/src/learning': PYTHONPATH=/home/mi/workplace/install/learning/lib/python3.6/site-packages:${PYTHONPATH} /usr/bin/python3 setup.py egg_info --egg-base ../../build/learning build --build-base /home/mi/workplace/build/learning/build install --prefix /home/mi/workplace/install/learning --record /home/mi/workplace/build/learning/install.log --single-version-externally-managed
[6.445s] running egg_info
[6.465s] writing ../../build/learning/learning.egg-info/PKG-INFO
[6.466s] writing dependency_links to ../../build/learning/learning.egg-info/dependency_links.txt
[6.469s] writing entry points to ../../build/learning/learning.egg-info/entry_points.txt
[6.472s] writing requirements to ../../build/learning/learning.egg-info/requires.txt
[6.472s] writing top-level names to ../../build/learning/learning.egg-info/top_level.txt
[6.477s] reading manifest file '../../build/learning/learning.egg-info/SOURCES.txt'
[6.487s] writing manifest file '../../build/learning/learning.egg-info/SOURCES.txt'
[6.490s] running build
[6.497s] running build_py
[6.498s] running install
[6.499s] /usr/local/lib/python3.6/dist-packages/setuptools/command/install.py:37: SetuptoolsDeprecationWarning: setup.py install is deprecated. Use build and pip and other standards-based tools.
[6.499s]   setuptools.SetuptoolsDeprecationWarning,
[6.501s] running install_lib
[6.504s] running install_data
[6.505s] running install_egg_info
[6.522s] removing '/home/mi/workplace/install/learning/lib/python3.6/site-packages/learning-0.0.0-py3.6.egg-info' (and everything under it)
[6.522s] Copying ../../build/learning/learning.egg-info to /home/mi/workplace/install/learning/lib/python3.6/site-packages/learning-0.0.0-py3.6.egg-info
[6.523s] running install_scripts
[6.632s] Installing camera script to /home/mi/workplace/install/learning/lib/learning
[6.636s] Installing rgb_cam_suber script to /home/mi/workplace/install/learning/lib/learning
[6.637s] Installing stand script to /home/mi/workplace/install/learning/lib/learning
[6.655s] Installing track script to /home/mi/workplace/install/learning/lib/learning
[6.656s] Installing walktest script to /home/mi/workplace/install/learning/lib/learning
[6.657s] writing list of installed files to '/home/mi/workplace/build/learning/install.log'
[6.785s] Invoked command in '/home/mi/workplace/src/learning' returned '0': PYTHONPATH=/home/mi/workplace/install/learning/lib/python3.6/site-packages:${PYTHONPATH} /usr/bin/python3 setup.py egg_info --egg-base ../../build/learning build --build-base /home/mi/workplace/build/learning/build install --prefix /home/mi/workplace/install/learning --record /home/mi/workplace/build/learning/install.log --single-version-externally-managed
