2024-05-25 21:56:26.419 [info] Log level: Info
2024-05-25 21:56:26.421 [info] Validating found git in: "git"
2024-05-25 21:56:26.421 [info] Using git "2.17.1" from "git"
2024-05-25 21:56:26.421 [info] > git rev-parse --show-toplevel [3075ms]
2024-05-25 21:56:26.421 [info] > git rev-parse --git-dir --git-common-dir [390ms]
2024-05-25 21:56:26.421 [info] Open repository: /home/mi
2024-05-25 21:56:26.948 [info] > git config --get commit.template [481ms]
2024-05-25 21:56:26.949 [info] > git rev-parse --show-toplevel [504ms]
2024-05-25 21:56:27.115 [info] > git rev-parse --show-toplevel [133ms]
2024-05-25 21:56:27.381 [info] > git for-each-ref --format=%(refname)%00%(upstream:short)%00%(objectname)%00%(upstream:track)%00%(upstream:remotename)%00%(upstream:remoteref) refs/heads/whf_play refs/remotes/whf_play [308ms]
2024-05-25 21:56:27.829 [info] > git check-ignore -v -z --stdin [690ms]
2024-05-25 21:56:27.853 [info] > git rev-parse --show-toplevel [482ms]
2024-05-25 21:56:29.239 [info] > git status -z -uall [1794ms]
2024-05-25 21:56:29.241 [info] > git rev-parse --show-toplevel [935ms]
2024-05-25 21:56:30.995 [info] > git config --get commit.template [587ms]
2024-05-25 21:56:30.996 [info] > git rev-parse --show-toplevel [612ms]
2024-05-25 21:56:31.085 [info] > git rev-parse --show-toplevel [59ms]
2024-05-25 21:56:31.659 [info] > git for-each-ref --format=%(refname)%00%(upstream:short)%00%(objectname)%00%(upstream:track)%00%(upstream:remotename)%00%(upstream:remoteref) refs/heads/whf_play refs/remotes/whf_play [590ms]
2024-05-25 21:56:31.760 [info] > git rev-parse --show-toplevel [210ms]
2024-05-25 21:56:31.802 [info] > git rev-parse --show-toplevel [7ms]
2024-05-25 21:56:31.918 [info] > git rev-parse --show-toplevel [93ms]
2024-05-25 21:56:32.012 [info] > git rev-parse --show-toplevel [28ms]
2024-05-25 21:56:32.055 [info] > git rev-parse --show-toplevel [10ms]
2024-05-25 21:56:32.127 [info] > git status -z -uall [447ms]
2024-05-25 21:56:32.273 [info] > git rev-parse --show-toplevel [155ms]
2024-05-25 21:56:33.087 [info] > git rev-parse --show-toplevel [236ms]
2024-05-25 21:56:33.414 [info] > git rev-parse --show-toplevel [291ms]
2024-05-25 21:56:33.520 [info] > git rev-parse --show-toplevel [83ms]
2024-05-25 21:56:33.575 [info] > git rev-parse --show-toplevel [29ms]
2024-05-25 21:56:33.653 [info] > git rev-parse --show-toplevel [55ms]
2024-05-25 21:56:33.776 [info] > git rev-parse --show-toplevel [15ms]
2024-05-25 21:56:33.830 [info] > git rev-parse --show-toplevel [30ms]
2024-05-25 21:56:33.868 [info] > git rev-parse --show-toplevel [18ms]
2024-05-25 21:56:33.910 [info] > git rev-parse --show-toplevel [21ms]
2024-05-25 21:56:33.968 [info] > git rev-parse --show-toplevel [38ms]
2024-05-25 21:56:34.094 [info] > git rev-parse --show-toplevel [107ms]
2024-05-25 21:56:34.170 [info] > git rev-parse --show-toplevel [53ms]
2024-05-25 21:56:34.207 [info] > git rev-parse --show-toplevel [9ms]
2024-05-25 21:56:34.254 [info] > git rev-parse --show-toplevel [24ms]
2024-05-25 21:56:34.304 [info] > git rev-parse --show-toplevel [13ms]
2024-05-25 21:56:34.407 [info] > git rev-parse --show-toplevel [64ms]
2024-05-25 21:56:34.545 [info] > git rev-parse --show-toplevel [33ms]
2024-05-25 21:56:34.642 [info] > git rev-parse --show-toplevel [61ms]
2024-05-25 21:56:34.700 [info] > git rev-parse --show-toplevel [19ms]
2024-05-25 21:56:34.791 [info] > git rev-parse --show-toplevel [48ms]
2024-05-25 21:56:34.959 [info] > git show --textconv :workplace/src/learning/learning/move_node.py [98ms]
2024-05-25 21:56:34.960 [info] > git ls-files --stage -- /home/mi/workplace/src/learning/learning/move_node.py [15ms]
2024-05-25 21:56:35.057 [info] > git cat-file -s e5495770e486e023c0be1223b9c07d6c56d5b9b7 [50ms]
2024-05-25 21:56:42.481 [info] > git config --get commit.template [44ms]
2024-05-25 21:56:42.489 [info] > git for-each-ref --format=%(refname)%00%(upstream:short)%00%(objectname)%00%(upstream:track)%00%(upstream:remotename)%00%(upstream:remoteref) refs/heads/whf_play refs/remotes/whf_play [12ms]
2024-05-25 21:56:43.177 [info] > git status -z -uall [643ms]
2024-05-25 21:56:49.851 [info] > git config --get commit.template [9ms]
2024-05-25 21:56:49.905 [info] > git for-each-ref --format=%(refname)%00%(upstream:short)%00%(objectname)%00%(upstream:track)%00%(upstream:remotename)%00%(upstream:remoteref) refs/heads/whf_play refs/remotes/whf_play [5ms]
2024-05-25 21:56:50.633 [info] > git status -z -uall [686ms]
2024-05-25 21:57:00.069 [info] > git config --get commit.template [289ms]
2024-05-25 21:57:00.132 [info] > git show --textconv :README.md [151ms]
2024-05-25 21:57:00.149 [info] > git for-each-ref --format=%(refname)%00%(upstream:short)%00%(objectname)%00%(upstream:track)%00%(upstream:remotename)%00%(upstream:remoteref) refs/heads/whf_play refs/remotes/whf_play [20ms]
2024-05-25 21:57:00.176 [info] > git ls-files --stage -- /home/mi/README.md [126ms]
2024-05-25 21:57:00.273 [info] > git cat-file -s 8c593d39f2ee23b8fe303ad65cc943d430a12738 [58ms]
2024-05-25 21:57:00.707 [info] > git status -z -uall [533ms]
2024-05-25 21:58:18.718 [info] > git show --textconv :workplace/src/learning/learning/main_node.py [55ms]
2024-05-25 21:58:18.757 [info] > git ls-files --stage -- /home/mi/workplace/src/learning/learning/main_node.py [62ms]
2024-05-25 21:58:18.788 [info] > git cat-file -s d1e5112c020b7e1d23f95379db59bac4066cc7c3 [7ms]
2024-05-25 21:58:26.924 [info] > git check-ignore -v -z --stdin [127ms]
2024-05-25 21:59:17.282 [info] > git show --textconv :workplace/src/learning/learning/move_node.py [33ms]
2024-05-25 21:59:17.303 [info] > git ls-files --stage -- /home/mi/workplace/src/learning/learning/move_node.py [29ms]
2024-05-25 21:59:17.328 [info] > git cat-file -s e5495770e486e023c0be1223b9c07d6c56d5b9b7 [4ms]
2024-05-25 22:00:42.849 [info] > git show --textconv :workplace/src/learning/learning/main_node.py [31ms]
2024-05-25 22:00:42.867 [info] > git ls-files --stage -- /home/mi/workplace/src/learning/learning/main_node.py [26ms]
2024-05-25 22:00:42.896 [info] > git cat-file -s d1e5112c020b7e1d23f95379db59bac4066cc7c3 [4ms]
2024-05-25 22:02:40.646 [info] > git show --textconv :workplace/src/learning/learning/rgb_cam_suber.py [37ms]
2024-05-25 22:02:40.668 [info] > git ls-files --stage -- /home/mi/workplace/src/learning/learning/rgb_cam_suber.py [30ms]
2024-05-25 22:02:40.703 [info] > git cat-file -s 332893ec5edccaa77da1847f1975bfa71c5041b7 [11ms]
2024-05-25 22:02:48.556 [info] > git config --get commit.template [36ms]
2024-05-25 22:02:48.593 [info] > git for-each-ref --format=%(refname)%00%(upstream:short)%00%(objectname)%00%(upstream:track)%00%(upstream:remotename)%00%(upstream:remoteref) refs/heads/whf_play refs/remotes/whf_play [6ms]
2024-05-25 22:02:48.927 [info] > git status -z -uall [307ms]
2024-05-25 22:02:55.619 [info] > git show --textconv :workplace/src/learning/learning/move_node.py [65ms]
2024-05-25 22:02:55.625 [info] > git ls-files --stage -- /home/mi/workplace/src/learning/learning/move_node.py [32ms]
2024-05-25 22:02:55.663 [info] > git cat-file -s e5495770e486e023c0be1223b9c07d6c56d5b9b7 [12ms]
2024-05-25 22:02:58.094 [info] > git show --textconv :workplace/src/learning/learning/main_node.py [56ms]
2024-05-25 22:02:58.104 [info] > git ls-files --stage -- /home/mi/workplace/src/learning/learning/main_node.py [37ms]
2024-05-25 22:02:58.141 [info] > git cat-file -s d1e5112c020b7e1d23f95379db59bac4066cc7c3 [10ms]
2024-05-25 22:03:04.490 [info] > git show --textconv :workplace/src/learning/learning/move_node.py [34ms]
2024-05-25 22:03:04.510 [info] > git ls-files --stage -- /home/mi/workplace/src/learning/learning/move_node.py [29ms]
2024-05-25 22:03:04.548 [info] > git cat-file -s e5495770e486e023c0be1223b9c07d6c56d5b9b7 [13ms]
2024-05-25 22:03:58.715 [info] > git show --textconv :README.md [48ms]
2024-05-25 22:03:58.739 [info] > git ls-files --stage -- /home/mi/README.md [39ms]
2024-05-25 22:03:58.767 [info] > git cat-file -s 8c593d39f2ee23b8fe303ad65cc943d430a12738 [5ms]
2024-05-25 22:04:29.045 [info] > git show --textconv :workplace/src/learning/learning/rgb_cam_suber.py [39ms]
2024-05-25 22:04:29.065 [info] > git ls-files --stage -- /home/mi/workplace/src/learning/learning/rgb_cam_suber.py [33ms]
2024-05-25 22:04:29.098 [info] > git cat-file -s 332893ec5edccaa77da1847f1975bfa71c5041b7 [8ms]
2024-05-25 22:04:29.805 [info] > git show --textconv :workplace/src/learning/learning/move_node.py [38ms]
2024-05-25 22:04:29.823 [info] > git ls-files --stage -- /home/mi/workplace/src/learning/learning/move_node.py [26ms]
2024-05-25 22:04:29.858 [info] > git cat-file -s e5495770e486e023c0be1223b9c07d6c56d5b9b7 [14ms]
2024-05-25 22:04:30.748 [info] > git show --textconv :workplace/src/learning/learning/constants.py [35ms]
2024-05-25 22:04:30.765 [info] > git ls-files --stage -- /home/mi/workplace/src/learning/learning/constants.py [26ms]
2024-05-25 22:04:30.804 [info] > git cat-file -s fc1fcc4d725e55d0dc12c9ab94f401cb6fc760d5 [5ms]
2024-05-25 22:04:33.043 [info] > git show --textconv :workplace/src/learning/learning/rgb_cam_suber.py [36ms]
2024-05-25 22:04:33.060 [info] > git ls-files --stage -- /home/mi/workplace/src/learning/learning/rgb_cam_suber.py [24ms]
2024-05-25 22:04:33.090 [info] > git cat-file -s 332893ec5edccaa77da1847f1975bfa71c5041b7 [8ms]
2024-05-25 22:04:36.825 [info] > git show --textconv :workplace/src/learning/learning/get_data.py [64ms]
2024-05-25 22:04:36.833 [info] > git ls-files --stage -- /home/mi/workplace/src/learning/learning/get_data.py [33ms]
2024-05-25 22:04:36.885 [info] > git cat-file -s 5f64d2ccd1dd8e456f5733a627bc16aa87bff3c3 [23ms]
2024-05-25 22:09:21.794 [info] > git config --get commit.template [30ms]
2024-05-25 22:09:21.796 [info] > git for-each-ref --format=%(refname)%00%(upstream:short)%00%(objectname)%00%(upstream:track)%00%(upstream:remotename)%00%(upstream:remoteref) refs/heads/whf_play refs/remotes/whf_play [8ms]
2024-05-25 22:09:22.068 [info] > git status -z -uall [247ms]
2024-05-25 22:11:06.979 [info] > git check-ignore -v -z --stdin [39ms]
2024-05-25 22:11:09.488 [info] > git check-ignore -v -z --stdin [38ms]
2024-05-25 22:11:13.169 [info] > git check-ignore -v -z --stdin [27ms]
2024-05-25 22:11:14.394 [info] > git show --textconv :workplace/src/learning/learning/constants.py [42ms]
2024-05-25 22:11:14.407 [info] > git ls-files --stage -- /home/mi/workplace/src/learning/learning/constants.py [26ms]
2024-05-25 22:11:14.438 [info] > git cat-file -s fc1fcc4d725e55d0dc12c9ab94f401cb6fc760d5 [7ms]
2024-05-25 22:13:01.831 [info] > git config --get commit.template [5ms]
2024-05-25 22:13:01.860 [info] > git for-each-ref --format=%(refname)%00%(upstream:short)%00%(objectname)%00%(upstream:track)%00%(upstream:remotename)%00%(upstream:remoteref) refs/heads/whf_play refs/remotes/whf_play [5ms]
2024-05-25 22:13:02.133 [info] > git status -z -uall [248ms]
2024-05-25 22:16:03.634 [info] > git show --textconv :workplace/src/learning/learning/get_data.py [36ms]
2024-05-25 22:16:03.654 [info] > git ls-files --stage -- /home/mi/workplace/src/learning/learning/get_data.py [28ms]
2024-05-25 22:16:03.696 [info] > git cat-file -s 5f64d2ccd1dd8e456f5733a627bc16aa87bff3c3 [19ms]
2024-05-25 22:21:47.838 [info] > git show --textconv :workplace/src/learning/learning/move_node.py [52ms]
2024-05-25 22:21:47.844 [info] > git ls-files --stage -- /home/mi/workplace/src/learning/learning/move_node.py [26ms]
2024-05-25 22:21:47.888 [info] > git cat-file -s e5495770e486e023c0be1223b9c07d6c56d5b9b7 [16ms]
2024-05-25 22:21:50.123 [info] > git show --textconv :workplace/src/learning/learning/get_data.py [39ms]
2024-05-25 22:21:50.146 [info] > git ls-files --stage -- /home/mi/workplace/src/learning/learning/get_data.py [31ms]
2024-05-25 22:21:50.177 [info] > git cat-file -s 5f64d2ccd1dd8e456f5733a627bc16aa87bff3c3 [5ms]
2024-05-25 22:21:51.423 [info] > git show --textconv :workplace/src/learning/learning/constants.py [35ms]
2024-05-25 22:21:51.438 [info] > git ls-files --stage -- /home/mi/workplace/src/learning/learning/constants.py [23ms]
2024-05-25 22:21:51.468 [info] > git cat-file -s fc1fcc4d725e55d0dc12c9ab94f401cb6fc760d5 [4ms]
2024-05-25 22:21:55.644 [info] > git show --textconv :workplace/src/learning/learning/get_data.py [44ms]
2024-05-25 22:21:55.663 [info] > git ls-files --stage -- /home/mi/workplace/src/learning/learning/get_data.py [25ms]
2024-05-25 22:21:55.695 [info] > git cat-file -s 5f64d2ccd1dd8e456f5733a627bc16aa87bff3c3 [5ms]
2024-05-25 22:21:58.902 [info] > git show --textconv :workplace/src/learning/learning/rgb_cam_suber.py [33ms]
2024-05-25 22:21:58.919 [info] > git ls-files --stage -- /home/mi/workplace/src/learning/learning/rgb_cam_suber.py [25ms]
2024-05-25 22:21:58.948 [info] > git cat-file -s 332893ec5edccaa77da1847f1975bfa71c5041b7 [4ms]
2024-05-25 22:21:59.483 [info] > git show --textconv :workplace/src/learning/learning/move_node.py [34ms]
2024-05-25 22:21:59.497 [info] > git ls-files --stage -- /home/mi/workplace/src/learning/learning/move_node.py [22ms]
2024-05-25 22:21:59.533 [info] > git cat-file -s e5495770e486e023c0be1223b9c07d6c56d5b9b7 [8ms]
2024-05-25 22:22:08.959 [info] > git show --textconv :workplace/src/learning/learning/get_data.py [40ms]
2024-05-25 22:22:08.972 [info] > git ls-files --stage -- /home/mi/workplace/src/learning/learning/get_data.py [23ms]
2024-05-25 22:22:09.002 [info] > git cat-file -s 5f64d2ccd1dd8e456f5733a627bc16aa87bff3c3 [4ms]
2024-05-25 22:24:12.566 [info] > git show --textconv :workplace/src/learning/learning/safe.py [35ms]
2024-05-25 22:24:12.588 [info] > git ls-files --stage -- /home/mi/workplace/src/learning/learning/safe.py [34ms]
2024-05-25 22:24:12.627 [info] > git cat-file -s 07a0ba1a1d05550d86b8f44f397be3a9acb0bb98 [5ms]
2024-05-25 22:25:04.935 [info] > git show --textconv :workplace/src/learning/learning/rgb_cam_suber.py [34ms]
2024-05-25 22:25:04.953 [info] > git ls-files --stage -- /home/mi/workplace/src/learning/learning/rgb_cam_suber.py [25ms]
2024-05-25 22:25:04.983 [info] > git cat-file -s 332893ec5edccaa77da1847f1975bfa71c5041b7 [6ms]
2024-05-25 22:26:23.199 [info] > git show --textconv :workplace/src/learning/learning/get_data.py [32ms]
2024-05-25 22:26:23.215 [info] > git ls-files --stage -- /home/mi/workplace/src/learning/learning/get_data.py [21ms]
2024-05-25 22:26:23.249 [info] > git cat-file -s 5f64d2ccd1dd8e456f5733a627bc16aa87bff3c3 [10ms]
2024-05-25 22:26:28.455 [info] > git config --get commit.template [9ms]
2024-05-25 22:26:28.487 [info] > git for-each-ref --format=%(refname)%00%(upstream:short)%00%(objectname)%00%(upstream:track)%00%(upstream:remotename)%00%(upstream:remoteref) refs/heads/whf_play refs/remotes/whf_play [5ms]
2024-05-25 22:26:28.771 [info] > git status -z -uall [256ms]
2024-05-25 22:27:43.745 [info] > git show --textconv :workplace/src/learning/learning/safe.py [40ms]
2024-05-25 22:27:43.758 [info] > git ls-files --stage -- /home/mi/workplace/src/learning/learning/safe.py [21ms]
2024-05-25 22:27:43.788 [info] > git cat-file -s 07a0ba1a1d05550d86b8f44f397be3a9acb0bb98 [5ms]
2024-05-25 22:28:10.382 [info] > git check-ignore -v -z --stdin [37ms]
2024-05-25 22:28:12.610 [info] > git show --textconv :README.md [45ms]
2024-05-25 22:28:12.629 [info] > git ls-files --stage -- /home/mi/README.md [35ms]
2024-05-25 22:28:12.658 [info] > git cat-file -s 8c593d39f2ee23b8fe303ad65cc943d430a12738 [5ms]
2024-05-25 22:28:12.987 [info] > git check-ignore -v -z --stdin [42ms]
2024-05-25 22:38:58.662 [info] > git config --get commit.template [4ms]
2024-05-25 22:38:58.695 [info] > git for-each-ref --format=%(refname)%00%(upstream:short)%00%(objectname)%00%(upstream:track)%00%(upstream:remotename)%00%(upstream:remoteref) refs/heads/whf_play refs/remotes/whf_play [6ms]
2024-05-25 22:38:58.987 [info] > git status -z -uall [261ms]
2024-05-25 22:39:00.306 [info] > git show --textconv :workplace/src/learning/learning/get_data.py [36ms]
2024-05-25 22:39:00.323 [info] > git ls-files --stage -- /home/mi/workplace/src/learning/learning/get_data.py [25ms]
2024-05-25 22:39:00.353 [info] > git cat-file -s 5f64d2ccd1dd8e456f5733a627bc16aa87bff3c3 [6ms]
2024-05-25 22:39:04.124 [info] > git config --get commit.template [37ms]
2024-05-25 22:39:04.126 [info] > git for-each-ref --format=%(refname)%00%(upstream:short)%00%(objectname)%00%(upstream:track)%00%(upstream:remotename)%00%(upstream:remoteref) refs/heads/whf_play refs/remotes/whf_play [5ms]
2024-05-25 22:39:04.392 [info] > git status -z -uall [237ms]
2024-05-25 22:44:47.431 [info] > git show --textconv :workplace/src/learning/learning/geometry.py [36ms]
2024-05-25 22:44:47.450 [info] > git ls-files --stage -- /home/mi/workplace/src/learning/learning/geometry.py [27ms]
2024-05-25 22:44:47.484 [info] > git cat-file -s b7e2f40e67344a999938665d07006848e874300b [9ms]
2024-05-25 22:44:49.416 [info] > git show --textconv :workplace/src/learning/learning/get_data.py [40ms]
2024-05-25 22:44:49.431 [info] > git ls-files --stage -- /home/mi/workplace/src/learning/learning/get_data.py [26ms]
2024-05-25 22:44:49.465 [info] > git cat-file -s 5f64d2ccd1dd8e456f5733a627bc16aa87bff3c3 [9ms]
2024-05-25 22:45:50.429 [info] > git show --textconv :workplace/src/learning/learning/geometry.py [34ms]
2024-05-25 22:45:50.446 [info] > git ls-files --stage -- /home/mi/workplace/src/learning/learning/geometry.py [25ms]
2024-05-25 22:45:50.476 [info] > git cat-file -s b7e2f40e67344a999938665d07006848e874300b [4ms]
2024-05-25 22:45:57.722 [info] > git show --textconv :workplace/src/learning/learning/get_data.py [43ms]
2024-05-25 22:45:57.741 [info] > git ls-files --stage -- /home/mi/workplace/src/learning/learning/get_data.py [26ms]
2024-05-25 22:45:57.771 [info] > git cat-file -s 5f64d2ccd1dd8e456f5733a627bc16aa87bff3c3 [5ms]
2024-05-25 22:46:40.851 [info] > git show --textconv :workplace/src/learning/learning/geometry.py [40ms]
2024-05-25 22:46:40.868 [info] > git ls-files --stage -- /home/mi/workplace/src/learning/learning/geometry.py [24ms]
2024-05-25 22:46:40.899 [info] > git cat-file -s b7e2f40e67344a999938665d07006848e874300b [3ms]
2024-05-25 22:46:55.872 [info] > git show --textconv :workplace/src/learning/learning/rgb_cam_suber.py [31ms]
2024-05-25 22:46:55.889 [info] > git ls-files --stage -- /home/mi/workplace/src/learning/learning/rgb_cam_suber.py [22ms]
2024-05-25 22:46:55.923 [info] > git cat-file -s 332893ec5edccaa77da1847f1975bfa71c5041b7 [4ms]
2024-05-25 22:46:59.168 [info] > git show --textconv :workplace/src/learning/learning/move_node.py [38ms]
2024-05-25 22:46:59.179 [info] > git ls-files --stage -- /home/mi/workplace/src/learning/learning/move_node.py [21ms]
2024-05-25 22:46:59.216 [info] > git cat-file -s e5495770e486e023c0be1223b9c07d6c56d5b9b7 [8ms]
2024-05-25 22:47:38.751 [info] > git show --textconv :workplace/src/learning/learning/get_data.py [35ms]
2024-05-25 22:47:38.768 [info] > git ls-files --stage -- /home/mi/workplace/src/learning/learning/get_data.py [22ms]
2024-05-25 22:47:38.803 [info] > git cat-file -s 5f64d2ccd1dd8e456f5733a627bc16aa87bff3c3 [6ms]
2024-05-25 22:48:07.334 [info] > git show --textconv :workplace/src/learning/learning/geometry.py [35ms]
2024-05-25 22:48:07.352 [info] > git ls-files --stage -- /home/mi/workplace/src/learning/learning/geometry.py [24ms]
2024-05-25 22:48:07.384 [info] > git cat-file -s b7e2f40e67344a999938665d07006848e874300b [5ms]
2024-05-25 22:48:09.850 [info] > git show --textconv :workplace/src/learning/learning/get_data.py [34ms]
2024-05-25 22:48:09.868 [info] > git ls-files --stage -- /home/mi/workplace/src/learning/learning/get_data.py [24ms]
2024-05-25 22:48:09.903 [info] > git cat-file -s 5f64d2ccd1dd8e456f5733a627bc16aa87bff3c3 [10ms]
2024-05-25 22:48:11.125 [info] > git show --textconv :workplace/src/learning/learning/geometry.py [38ms]
2024-05-25 22:48:11.139 [info] > git ls-files --stage -- /home/mi/workplace/src/learning/learning/geometry.py [22ms]
2024-05-25 22:48:11.178 [info] > git cat-file -s b7e2f40e67344a999938665d07006848e874300b [9ms]
2024-05-25 22:48:11.866 [info] > git show --textconv :workplace/src/learning/learning/rgb_cam_suber.py [39ms]
2024-05-25 22:48:11.883 [info] > git ls-files --stage -- /home/mi/workplace/src/learning/learning/rgb_cam_suber.py [22ms]
2024-05-25 22:48:11.912 [info] > git cat-file -s 332893ec5edccaa77da1847f1975bfa71c5041b7 [5ms]
2024-05-25 22:48:12.460 [info] > git show --textconv :workplace/src/learning/learning/geometry.py [36ms]
2024-05-25 22:48:12.478 [info] > git ls-files --stage -- /home/mi/workplace/src/learning/learning/geometry.py [26ms]
2024-05-25 22:48:12.510 [info] > git cat-file -s b7e2f40e67344a999938665d07006848e874300b [5ms]
2024-05-25 22:48:13.774 [info] > git show --textconv :workplace/src/learning/learning/get_data.py [59ms]
2024-05-25 22:48:13.830 [info] > git ls-files --stage -- /home/mi/workplace/src/learning/learning/get_data.py [70ms]
2024-05-25 22:48:13.875 [info] > git cat-file -s 5f64d2ccd1dd8e456f5733a627bc16aa87bff3c3 [10ms]
2024-05-25 22:51:33.774 [info] > git show --textconv :workplace/src/learning/learning/constants.py [49ms]
2024-05-25 22:51:33.785 [info] > git ls-files --stage -- /home/mi/workplace/src/learning/learning/constants.py [26ms]
2024-05-25 22:51:33.816 [info] > git cat-file -s fc1fcc4d725e55d0dc12c9ab94f401cb6fc760d5 [7ms]
2024-05-25 22:52:01.571 [info] > git show --textconv :workplace/src/learning/learning/get_data.py [46ms]
2024-05-25 22:52:01.581 [info] > git ls-files --stage -- /home/mi/workplace/src/learning/learning/get_data.py [31ms]
2024-05-25 22:52:01.613 [info] > git cat-file -s 5f64d2ccd1dd8e456f5733a627bc16aa87bff3c3 [7ms]
2024-05-25 22:52:29.497 [info] > git config --get commit.template [32ms]
2024-05-25 22:52:29.498 [info] > git for-each-ref --format=%(refname)%00%(upstream:short)%00%(objectname)%00%(upstream:track)%00%(upstream:remotename)%00%(upstream:remoteref) refs/heads/whf_play refs/remotes/whf_play [8ms]
2024-05-25 22:52:29.796 [info] > git status -z -uall [270ms]
2024-05-25 22:54:35.713 [info] > git show --textconv :workplace/src/learning/learning/move_node.py [35ms]
2024-05-25 22:54:35.748 [info] > git ls-files --stage -- /home/mi/workplace/src/learning/learning/move_node.py [42ms]
2024-05-25 22:54:35.778 [info] > git cat-file -s e5495770e486e023c0be1223b9c07d6c56d5b9b7 [5ms]
2024-05-25 22:55:02.946 [info] > git show --textconv :workplace/src/learning/learning/make_goal.py [47ms]
2024-05-25 22:55:02.956 [info] > git ls-files --stage -- /home/mi/workplace/src/learning/learning/make_goal.py [25ms]
2024-05-25 22:55:02.991 [info] > git cat-file -s 1535b8739ab95e6e6256260d5211a7eb88314def [9ms]
2024-05-25 22:55:04.381 [info] > git show --textconv :workplace/src/learning/learning/move_node.py [30ms]
2024-05-25 22:55:04.397 [info] > git ls-files --stage -- /home/mi/workplace/src/learning/learning/move_node.py [20ms]
2024-05-25 22:55:04.426 [info] > git cat-file -s e5495770e486e023c0be1223b9c07d6c56d5b9b7 [4ms]
2024-05-25 22:55:05.066 [info] > git show --textconv :workplace/src/learning/learning/main_node.py [34ms]
2024-05-25 22:55:05.082 [info] > git ls-files --stage -- /home/mi/workplace/src/learning/learning/main_node.py [23ms]
2024-05-25 22:55:05.113 [info] > git cat-file -s d1e5112c020b7e1d23f95379db59bac4066cc7c3 [5ms]
2024-05-25 22:55:35.531 [info] > git show --textconv :workplace/src/learning/learning/get_data.py [32ms]
2024-05-25 22:55:35.546 [info] > git ls-files --stage -- /home/mi/workplace/src/learning/learning/get_data.py [21ms]
2024-05-25 22:55:35.581 [info] > git cat-file -s 5f64d2ccd1dd8e456f5733a627bc16aa87bff3c3 [11ms]
2024-05-25 23:00:34.215 [info] > git show --textconv :workplace/src/learning/learning/rgb_cam_suber.py [30ms]
2024-05-25 23:00:34.238 [info] > git ls-files --stage -- /home/mi/workplace/src/learning/learning/rgb_cam_suber.py [26ms]
2024-05-25 23:00:34.270 [info] > git cat-file -s 332893ec5edccaa77da1847f1975bfa71c5041b7 [6ms]
2024-05-25 23:02:06.545 [info] > git show --textconv :workplace/src/learning/learning/get_data.py [32ms]
2024-05-25 23:02:06.559 [info] > git ls-files --stage -- /home/mi/workplace/src/learning/learning/get_data.py [20ms]
2024-05-25 23:02:06.590 [info] > git cat-file -s 5f64d2ccd1dd8e456f5733a627bc16aa87bff3c3 [4ms]
2024-05-25 23:02:34.728 [info] > git config --get commit.template [7ms]
2024-05-25 23:02:34.757 [info] > git for-each-ref --format=%(refname)%00%(upstream:short)%00%(objectname)%00%(upstream:track)%00%(upstream:remotename)%00%(upstream:remoteref) refs/heads/whf_play refs/remotes/whf_play [5ms]
2024-05-25 23:02:35.025 [info] > git status -z -uall [239ms]
2024-05-25 23:04:33.985 [info] > git ls-files --stage -- /home/mi/workplace/src/learning/learning/get_data.py [19ms]
2024-05-25 23:04:34.018 [info] > git cat-file -s 216f4a31124b4bbef1c79656803ce5fb304ea31e [8ms]
2024-05-25 23:04:34.087 [info] > git show --textconv :workplace/src/learning/learning/get_data.py [20ms]
2024-05-25 23:05:00.504 [info] > git ls-files --stage -- /home/mi/workplace/src/learning/learning/get_data.py [24ms]
2024-05-25 23:05:00.532 [info] > git cat-file -s 216f4a31124b4bbef1c79656803ce5fb304ea31e [4ms]
2024-05-25 23:05:00.605 [info] > git show --textconv :workplace/src/learning/learning/get_data.py [24ms]
2024-05-25 23:05:06.603 [info] > git ls-files --stage -- /home/mi/workplace/src/learning/learning/get_data.py [20ms]
2024-05-25 23:05:06.640 [info] > git cat-file -s 216f4a31124b4bbef1c79656803ce5fb304ea31e [6ms]
2024-05-25 23:05:06.706 [info] > git show --textconv :workplace/src/learning/learning/get_data.py [25ms]
2024-05-25 23:05:16.414 [info] > git check-ignore -v -z --stdin [52ms]
2024-05-25 23:05:24.671 [info] > git check-ignore -v -z --stdin [46ms]
2024-05-25 23:05:28.404 [info] > git check-ignore -v -z --stdin [40ms]
2024-05-25 23:05:29.394 [info] > git check-ignore -v -z --stdin [28ms]
2024-05-25 23:05:30.369 [info] > git check-ignore -v -z --stdin [42ms]
