2024-05-03 21:34:59.885 [info] 日志级别: Info
2024-05-03 21:34:59.886 [info] 正在验证在以下位置找到的 git: "git"
2024-05-03 21:34:59.886 [info] 将使用位于 "2.17.1" 的 Git "git"
2024-05-03 21:34:59.886 [info] > git rev-parse --show-toplevel [377ms]
2024-05-03 21:34:59.886 [info] > git rev-parse --git-dir --git-common-dir [391ms]
2024-05-03 21:34:59.886 [info] Open repository: /home/mi
2024-05-03 21:35:00.117 [info] > git rev-parse --show-toplevel [117ms]
2024-05-03 21:35:00.123 [info] > git config --get commit.template [154ms]
2024-05-03 21:35:00.455 [info] > git rev-parse --show-toplevel [95ms]
2024-05-03 21:35:00.531 [info] > git for-each-ref --format=%(refname)%00%(upstream:short)%00%(objectname)%00%(upstream:track)%00%(upstream:remotename)%00%(upstream:remoteref) refs/heads/main refs/remotes/main [122ms]
2024-05-03 21:35:00.537 [info] > git rev-parse --show-toplevel [55ms]
2024-05-03 21:35:00.618 [info] > git rev-parse --show-toplevel [61ms]
2024-05-03 21:35:00.730 [info] > git check-ignore -v -z --stdin [143ms]
2024-05-03 21:35:00.744 [info] > git rev-parse --show-toplevel [21ms]
2024-05-03 21:35:00.785 [info] > git rev-parse --show-toplevel [16ms]
2024-05-03 21:35:00.905 [info] > git rev-parse --show-toplevel [101ms]
2024-05-03 21:35:00.969 [info] > git rev-parse --show-toplevel [6ms]
2024-05-03 21:35:01.008 [info] > git rev-parse --show-toplevel [13ms]
2024-05-03 21:35:01.072 [info] > git rev-parse --show-toplevel [41ms]
2024-05-03 21:35:01.117 [info] > git rev-parse --show-toplevel [20ms]
2024-05-03 21:35:01.234 [info] > git rev-parse --show-toplevel [17ms]
2024-05-03 21:35:01.267 [info] > git rev-parse --show-toplevel [8ms]
2024-05-03 21:35:01.325 [info] > git rev-parse --show-toplevel [13ms]
2024-05-03 21:35:01.718 [info] > git rev-parse --show-toplevel [300ms]
2024-05-03 21:35:01.754 [info] > git rev-parse --show-toplevel [9ms]
2024-05-03 21:35:01.824 [info] > git rev-parse --show-toplevel [11ms]
2024-05-03 21:35:01.878 [info] > git rev-parse --show-toplevel [9ms]
2024-05-03 21:35:01.913 [info] > git rev-parse --show-toplevel [11ms]
2024-05-03 21:35:01.980 [info] > git rev-parse --show-toplevel [10ms]
2024-05-03 21:35:02.021 [info] > git rev-parse --show-toplevel [6ms]
2024-05-03 21:35:02.057 [info] > git rev-parse --show-toplevel [5ms]
2024-05-03 21:35:02.100 [info] > git rev-parse --show-toplevel [21ms]
2024-05-03 21:35:02.142 [info] > git rev-parse --show-toplevel [6ms]
2024-05-03 21:35:02.175 [info] > git rev-parse --show-toplevel [6ms]
2024-05-03 21:35:02.230 [info] > git rev-parse --show-toplevel [8ms]
2024-05-03 21:35:02.299 [info] > git rev-parse --show-toplevel [29ms]
2024-05-03 21:35:02.357 [info] > git rev-parse --show-toplevel [12ms]
2024-05-03 21:35:02.433 [info] > git rev-parse --show-toplevel [19ms]
2024-05-03 21:35:02.490 [info] > git rev-parse --show-toplevel [8ms]
2024-05-03 21:35:02.564 [info] > git rev-parse --show-toplevel [33ms]
2024-05-03 21:35:02.695 [info] > git show --textconv :workplace/src/learning/learning/rgb_cam_suber.py [58ms]
2024-05-03 21:35:02.723 [info] > git ls-files --stage -- /home/mi/workplace/src/learning/learning/rgb_cam_suber.py [37ms]
2024-05-03 21:35:05.001 [info] > git status -z -uall [4392ms]
2024-05-03 21:35:07.757 [info] > git merge-base refs/heads/main refs/remotes/origin/main [2574ms]
2024-05-03 21:35:07.813 [info] > git rev-list --count --left-right refs/heads/main...refs/remotes/origin/main [28ms]
2024-05-03 21:35:07.840 [info] > git config --get commit.template [138ms]
2024-05-03 21:35:07.846 [info] > git diff --name-status -z --diff-filter=ADMR 204e76f159ef4a5b90ad15a9c05af0a3b3984d4b...refs/remotes/origin/main [12ms]
2024-05-03 21:35:07.902 [info] > git for-each-ref --format=%(refname)%00%(upstream:short)%00%(objectname)%00%(upstream:track)%00%(upstream:remotename)%00%(upstream:remoteref) refs/heads/main refs/remotes/main [33ms]
2024-05-03 21:35:11.851 [info] > git status -z -uall [3911ms]
2024-05-03 21:35:30.431 [info] > git check-ignore -v -z --stdin [19ms]
2024-05-03 21:35:32.018 [info] > git show --textconv :realsense2_camera.bash [30ms]
2024-05-03 21:35:32.033 [info] > git ls-files --stage -- /home/mi/realsense2_camera.bash [18ms]
2024-05-03 21:35:32.064 [info] > git cat-file -s 6e92dfcd4fe24e353309f1fdb7fcb1081a31df8c [8ms]
2024-05-03 21:35:32.890 [info] > git show --textconv :stereo_camera.bash [25ms]
2024-05-03 21:35:32.906 [info] > git ls-files --stage -- /home/mi/stereo_camera.bash [18ms]
2024-05-03 21:35:40.600 [info] > git show --textconv :.bashrc [28ms]
2024-05-03 21:35:40.617 [info] > git ls-files --stage -- /home/mi/.bashrc [21ms]
2024-05-03 21:35:40.647 [info] > git cat-file -s 07035dda157cb2043954fcd188a7f18805062990 [5ms]
2024-05-03 21:39:12.753 [info] > git config --get commit.template [36ms]
2024-05-03 21:39:12.757 [info] > git for-each-ref --format=%(refname)%00%(upstream:short)%00%(objectname)%00%(upstream:track)%00%(upstream:remotename)%00%(upstream:remoteref) refs/heads/main refs/remotes/main [13ms]
2024-05-03 21:39:16.020 [info] > git status -z -uall [3239ms]
2024-05-03 21:40:54.144 [info] > git config --get commit.template [4ms]
2024-05-03 21:40:54.169 [info] > git for-each-ref --format=%(refname)%00%(upstream:short)%00%(objectname)%00%(upstream:track)%00%(upstream:remotename)%00%(upstream:remoteref) refs/heads/main refs/remotes/main [5ms]
2024-05-03 21:40:57.408 [info] > git status -z -uall [3213ms]
2024-05-03 21:42:21.300 [info] > git config --get commit.template [35ms]
2024-05-03 21:42:21.304 [info] > git for-each-ref --format=%(refname)%00%(upstream:short)%00%(objectname)%00%(upstream:track)%00%(upstream:remotename)%00%(upstream:remoteref) refs/heads/main refs/remotes/main [11ms]
2024-05-03 21:42:24.500 [info] > git status -z -uall [3159ms]
