2024-05-15 21:58:04.298 [info] 试验“pythonaacf”处于活动状态
2024-05-15 21:58:04.298 [info] 试验“pythonRecommendTensorboardExt”处于活动状态
2024-05-15 21:58:04.298 [info] 试验“pythonREPLSmartSend”处于活动状态
2024-05-15 21:58:04.298 [info] 试验“pythonSurveyNotificationcf”处于活动状态
2024-05-15 21:58:04.298 [info] 试验“pythonTerminalEnvVarActivation”处于活动状态
2024-05-15 21:58:04.298 [info] 试验“pythonTestAdapter”处于活动状态
2024-05-15 21:58:04.591 [info] Default formatter is set to null for workspace /home/mi
2024-05-15 21:58:06.130 [info] > hatch env show --json
2024-05-15 21:58:06.130 [info] cwd: .
2024-05-15 21:58:06.789 [info] > ./.venv/bin/python -I ./.vscode-server/extensions/ms-python.python-2024.6.0/python_files/get_output_via_markers.py ./.vscode-server/extensions/ms-python.python-2024.6.0/python_files/interpreterInfo.py
2024-05-15 21:58:07.336 [info] > pyenv which python
2024-05-15 21:58:07.336 [info] cwd: .
2024-05-15 21:58:07.428 [info] Python 解释器路径: ./.venv/bin/python
2024-05-15 21:58:07.784 [info] > . ./.venv/bin/activate && echo 'e8b39361-0157-4923-80e1-22d70d46dee6' && python ./.vscode-server/extensions/ms-python.python-2024.6.0/python_files/printEnvVariables.py
2024-05-15 21:58:07.784 [info] shell: bash
2024-05-15 21:58:07.961 [info] > /usr/bin/python ./.vscode-server/extensions/ms-python.python-2024.6.0/python_files/printEnvVariables.py
2024-05-15 21:58:07.961 [info] shell: bash
2024-05-15 21:58:08.104 [info] Setting environment variable VIRTUAL_ENV in collection to /home/mi/.venv {"applyAtShellIntegration":true,"applyAtProcessCreation":true}
2024-05-15 21:58:08.104 [info] Prepending environment variable PATH in collection with /home/mi/.vscode-server/extensions/ms-python.python-2024.6.0/python_files/deactivate/bash:/home/mi/.venv/bin: {"applyAtShellIntegration":true,"applyAtProcessCreation":true}
2024-05-15 21:58:08.104 [info] Prepending environment variable PS1 in collection with (.venv)  {"applyAtShellIntegration":true,"applyAtProcessCreation":false}
2024-05-15 21:58:08.109 [info] Send text to terminal: /usr/bin/python /home/mi/.vscode-server/extensions/ms-python.python-2024.6.0/python_files/printEnvVariablesToFile.py /home/mi/.vscode-server/extensions/ms-python.python-2024.6.0/python_files/deactivate/bash/envVars.txt
2024-05-15 21:58:10.756 [info] 正在启动 Pylance 语言服务器。
2024-05-15 21:58:38.112 [error] Failed to initialize deactivate script /bin/bash [Error: "/home/mi/.vscode-server/extensions/ms-python.python-2024.6.0/python_files/deactivate/bash/envVars.txt" file not created
	at Timeout.<anonymous> (/home/mi/.vscode-server/extensions/ms-python.python-2024.6.0/out/client/extension.js:2:272632)
	at listOnTimeout (node:internal/timers:569:17)
	at process.processTimers (node:internal/timers:512:7)]
