1714632896.3649976 [INFO] [launch]: All log files can be found below /home/mi/.ros/log/2024-05-02-14-54-56-341226-mi-desktop-8653
1714632896.3670149 [INFO] [launch]: Default logging verbosity is set to INFO
1714632896.4530544 [INFO] [launch.user]: mi æ­£åœ¨åˆå§‹åŒ– launch ...
1714632896.4546657 [INFO] [launch.user]: æ­£åœ¨åŠ è½½ launch æ–‡ä»¶:/opt/ros2/cyberdog/share/cyberdog_bringup/launch/base.launch.py
1714632898.9183602 [INFO] [launch.user]: mi æ­£åœ¨åˆå§‹åŒ– base launch ...
1714632898.9948866 [INFO] [launch.user]: æ­£åœ¨åŠ è½½ launch æ–‡ä»¶:/opt/ros2/cyberdog/share/navigation_bringup/launch/navigation.launch.py
1714632899.0531871 [INFO] [launch.user]: navigation sleep ...
1714632901.3071930 [INFO] [cyberdog_vp_engine-12]: process started with pid [9252]
1714632901.5193706 [INFO] [stereo_camera-20]: process started with pid [9334]
1714632901.6817179 [INFO] [connector-1]: process started with pid [9194]
1714632901.6887374 [INFO] [cyberdog_audio-2]: process started with pid [9195]
1714632901.7310724 [INFO] [device_manager-3]: process started with pid [9203]
1714632901.7346163 [INFO] [sensor_manager-4]: process started with pid [9206]
1714632901.7358894 [INFO] [motion_manager-5]: process started with pid [9207]
1714632901.7367787 [INFO] [realsense2_actuator_node-6]: process started with pid [9209]
1714632901.7712684 [INFO] [cyberdog_manager-7]: process started with pid [9212]
1714632901.7782767 [INFO] [odom_out_publisher-8]: process started with pid [9227]
1714632901.7790582 [INFO] [motor_bridge-9]: process started with pid [9228]
1714632901.7803240 [INFO] [app_server-10]: process started with pid [9239]
1714632901.7811568 [INFO] [bes_transmit_waiter-11]: process started with pid [9247]
1714632901.8658783 [INFO] [cyberdog_face-13]: process started with pid [9261]
1714632901.8815877 [INFO] [cyberdog_action-14]: process started with pid [9282]
1714632901.9064720 [INFO] [cyberdog_interactive-15]: process started with pid [9292]
1714632901.9072576 [INFO] [cyberdog_train-16]: process started with pid [9302]
1714632901.9078109 [INFO] [cyberdog_ai_sports-17]: process started with pid [9304]
1714632901.9084001 [INFO] [camera_server-18]: process started with pid [9312]
1714632901.9092927 [INFO] [vision_manager-19]: process started with pid [9319]
1714632906.1098559 [vision_manager-19] [INFO] [1714632906.067368271] [vision_manager cyberdog_model]: cyberdog_model Constructor
1714632906.1545432 [vision_manager-19] [INFO] [1714632906.067865619] [vision_manager cyberdog_model]: is_specified_version: 0
1714632906.1577518 [vision_manager-19] [INFO] [1714632906.068005588] [vision_manager cyberdog_model]: specified_version: 0.0
1714632906.1750951 [vision_manager-19] [INFO] [1714632906.068117589] [vision_manager cyberdog_model]: module_name: auto_track
1714632906.2042036 [vision_manager-19] [INFO] [1714632906.068240438] [vision_manager cyberdog_model]: model_dir: /SDCARD/vision/auto_track/
1714632906.2086740 [vision_manager-19] [INFO] [1714632906.068352663] [vision_manager cyberdog_model]: temp_download_path: /SDCARD/vision/auto_track/temp/
1714632906.2155845 [vision_manager-19] [INFO] [1714632906.094281182] [vision_manager cyberdog_model]: cyberdog_model Constructor
1714632906.2202129 [vision_manager-19] [INFO] [1714632906.094547584] [vision_manager cyberdog_model]: is_specified_version: 0
1714632906.2235096 [vision_manager-19] [INFO] [1714632906.094667777] [vision_manager cyberdog_model]: specified_version: 0.0
1714632906.2269633 [vision_manager-19] [INFO] [1714632906.094805442] [vision_manager cyberdog_model]: module_name: body_gesture
1714632906.2275071 [vision_manager-19] [INFO] [1714632906.094903075] [vision_manager cyberdog_model]: model_dir: /SDCARD/vision/body_gesture/
1714632906.3500447 [vision_manager-19] [INFO] [1714632906.161590660] [vision_manager cyberdog_model]: temp_download_path: /SDCARD/vision/body_gesture/temp/
1714632906.3569899 [vision_manager-19] [INFO] [1714632906.162702157] [vision_manager cyberdog_model]: cyberdog_model Constructor
1714632906.3619010 [vision_manager-19] [INFO] [1714632906.162872558] [vision_manager cyberdog_model]: is_specified_version: 0
1714632906.3706102 [vision_manager-19] [INFO] [1714632906.162974607] [vision_manager cyberdog_model]: specified_version: 0.0
1714632906.3722649 [vision_manager-19] [INFO] [1714632906.163090896] [vision_manager cyberdog_model]: module_name: face_recognition/age
1714632906.3728504 [vision_manager-19] [INFO] [1714632906.163193200] [vision_manager cyberdog_model]: model_dir: /SDCARD/vision/face_recognition/age/
1714632906.3732910 [vision_manager-19] [INFO] [1714632906.163299345] [vision_manager cyberdog_model]: temp_download_path: /SDCARD/vision/face_recognition/age/temp/
1714632906.3738091 [vision_manager-19] [INFO] [1714632906.164311193] [vision_manager cyberdog_model]: cyberdog_model Constructor
1714632906.3741415 [vision_manager-19] [INFO] [1714632906.164463802] [vision_manager cyberdog_model]: is_specified_version: 0
1714632906.3746061 [vision_manager-19] [INFO] [1714632906.164571899] [vision_manager cyberdog_model]: specified_version: 0.0
1714632906.3858805 [vision_manager-19] [INFO] [1714632906.164670684] [vision_manager cyberdog_model]: module_name: face_recognition/detect
1714632906.3870955 [vision_manager-19] [INFO] [1714632906.164767933] [vision_manager cyberdog_model]: model_dir: /SDCARD/vision/face_recognition/detect/
1714632906.3875279 [vision_manager-19] [INFO] [1714632906.164872669] [vision_manager cyberdog_model]: temp_download_path: /SDCARD/vision/face_recognition/detect/temp/
1714632906.3879423 [vision_manager-19] [INFO] [1714632906.253704809] [vision_manager cyberdog_model]: cyberdog_model Constructor
1714632906.3928330 [vision_manager-19] [INFO] [1714632906.254163277] [vision_manager cyberdog_model]: is_specified_version: 0
1714632906.3961248 [vision_manager-19] [INFO] [1714632906.254290158] [vision_manager cyberdog_model]: specified_version: 0.0
1714632906.3993216 [vision_manager-19] [INFO] [1714632906.254388494] [vision_manager cyberdog_model]: module_name: face_recognition/emotion
1714632906.4036403 [vision_manager-19] [INFO] [1714632906.254490191] [vision_manager cyberdog_model]: model_dir: /SDCARD/vision/face_recognition/emotion/
1714632906.4074788 [vision_manager-19] [INFO] [1714632906.254594608] [vision_manager cyberdog_model]: temp_download_path: /SDCARD/vision/face_recognition/emotion/temp/
1714632906.4115837 [vision_manager-19] [INFO] [1714632906.256966306] [vision_manager cyberdog_model]: cyberdog_model Constructor
1714632906.4121416 [vision_manager-19] [INFO] [1714632906.257172676] [vision_manager cyberdog_model]: is_specified_version: 0
1714632906.4149272 [vision_manager-19] [INFO] [1714632906.257284037] [vision_manager cyberdog_model]: specified_version: 0.0
1714632906.4153454 [vision_manager-19] [INFO] [1714632906.257379653] [vision_manager cyberdog_model]: module_name: face_recognition/feature
1714632906.4157534 [vision_manager-19] [INFO] [1714632906.257531942] [vision_manager cyberdog_model]: model_dir: /SDCARD/vision/face_recognition/feature/
1714632906.4160769 [vision_manager-19] [INFO] [1714632906.257782184] [vision_manager cyberdog_model]: temp_download_path: /SDCARD/vision/face_recognition/feature/temp/
1714632906.5527120 [vision_manager-19] [INFO] [1714632906.308685520] [vision_manager cyberdog_model]: cyberdog_model Constructor
1714632906.5531797 [vision_manager-19] [INFO] [1714632906.308945586] [vision_manager cyberdog_model]: is_specified_version: 0
1714632906.5536535 [vision_manager-19] [INFO] [1714632906.309059123] [vision_manager cyberdog_model]: specified_version: 0.0
1714632906.5540173 [vision_manager-19] [INFO] [1714632906.309157780] [vision_manager cyberdog_model]: module_name: face_recognition/landmark
1714632906.5543504 [vision_manager-19] [INFO] [1714632906.309269717] [vision_manager cyberdog_model]: model_dir: /SDCARD/vision/face_recognition/landmark/
1714632906.5546842 [vision_manager-19] [INFO] [1714632906.309378517] [vision_manager cyberdog_model]: temp_download_path: /SDCARD/vision/face_recognition/landmark/temp/
1714632906.5549977 [vision_manager-19] [INFO] [1714632906.367093010] [vision_manager cyberdog_model]: cyberdog_model Constructor
1714632906.5553336 [vision_manager-19] [INFO] [1714632906.367273811] [vision_manager cyberdog_model]: is_specified_version: 0
1714632906.5556500 [vision_manager-19] [INFO] [1714632906.367381364] [vision_manager cyberdog_model]: specified_version: 0.0
1714632906.5559416 [vision_manager-19] [INFO] [1714632906.367477365] [vision_manager cyberdog_model]: module_name: keypoints_detection
1714632906.5562451 [vision_manager-19] [INFO] [1714632906.367577941] [vision_manager cyberdog_model]: model_dir: /SDCARD/vision/keypoints_detection/
1714632906.5565414 [vision_manager-19] [INFO] [1714632906.367680982] [vision_manager cyberdog_model]: temp_download_path: /SDCARD/vision/keypoints_detection/temp/
1714632906.5568449 [vision_manager-19] [INFO] [1714632906.368635358] [vision_manager cyberdog_model]: cyberdog_model Constructor
1714632906.5571253 [vision_manager-19] [INFO] [1714632906.368769855] [vision_manager cyberdog_model]: is_specified_version: 0
1714632906.5574684 [vision_manager-19] [INFO] [1714632906.368870239] [vision_manager cyberdog_model]: specified_version: 0.0
1714632906.5645807 [vision_manager-19] [INFO] [1714632906.368965280] [vision_manager cyberdog_model]: module_name: person_reid
1714632906.5651264 [vision_manager-19] [INFO] [1714632906.369070561] [vision_manager cyberdog_model]: model_dir: /SDCARD/vision/person_reid/
1714632906.5656147 [vision_manager-19] [INFO] [1714632906.369176898] [vision_manager cyberdog_model]: temp_download_path: /SDCARD/vision/person_reid/temp/
1714632906.5772290 [vision_manager-19] [INFO] [1714632906.457637354] [az1.vision_manager]: Vision manager constructor complated.
1714632907.6027586 [camera_server-18] [INFO] [1714632907.600089347] [MainCameraNode]: CameraServerNode: Creating node camera_server.
1714632908.6538928 [camera_server-18] [INFO] [1714632908.534996286] [uninitialized WebRTCManager]: WebRTCManager has been created
1714632908.6550283 [camera_server-18] [INFO] [1714632908.535385857] [CameraContext]: initialize: initialize
1714632908.6609030 [camera_server-18] [INFO] [1714632908.535972133] [MainCameraNode]: on_configure: camera_server Configuring
1714632908.6641612 [camera_server-18] [INFO] [1714632908.626981826] [CameraContext]: createSession: createSession
1714632908.6646316 [camera_server-18] [INFO] [1714632908.627272484] [MainCameraNode]: on_activate: camera_server Activating
1714632908.9164622 [vision_manager-19] [INFO] [1714632908.790256778] [az1.vision_manager]: Received signal to download model. 
1714632908.9171517 [vision_manager-19] [ERROR] [1714632908.814129122] [az1.vision_manager]: Internet is not ready will not download. 
1714632910.3654492 [vision_manager-19] [INFO] [1714632909.949123009] [az1.vision_manager]: Received signal to download model. 
1714632910.3664770 [vision_manager-19] [ERROR] [1714632909.949535684] [az1.vision_manager]: Internet is not ready will not download. 
1714632910.7927415 [vision_manager-19] [INFO] [1714632910.789853319] [az1.vision_manager]: Received signal to download model. 
1714632910.7933655 [vision_manager-19] [ERROR] [1714632910.791335570] [az1.vision_manager]: Internet is not ready will not download. 
1714632911.2319958 [INFO] [launch.user]: navigation launch nav2_base
1714632912.7449572 [INFO] [controller_server-21]: process started with pid [10071]
1714632912.7460496 [INFO] [planner_server-22]: process started with pid [10073]
1714632912.7466581 [INFO] [bt_navigator_pose-23]: process started with pid [10074]
1714632912.7474580 [INFO] [recoveries_server-24]: process started with pid [10076]
1714632912.7655582 [vision_manager-19] [INFO] [1714632911.791896743] [az1.vision_manager]: Received signal to download model. 
1714632912.7660489 [vision_manager-19] [ERROR] [1714632911.792253673] [az1.vision_manager]: Internet is not ready will not download. 
1714632912.8113093 [vision_manager-19] [INFO] [1714632912.788960000] [az1.vision_manager]: Received signal to download model. 
1714632912.8119440 [vision_manager-19] [ERROR] [1714632912.789324771] [az1.vision_manager]: Internet is not ready will not download. 
1714632913.7902615 [vision_manager-19] [INFO] [1714632913.787639846] [az1.vision_manager]: Received signal to download model. 
1714632913.7909579 [vision_manager-19] [ERROR] [1714632913.788011081] [az1.vision_manager]: Internet is not ready will not download. 
1714632914.8303053 [vision_manager-19] [INFO] [1714632914.789153857] [az1.vision_manager]: Received signal to download model. 
1714632914.8309186 [vision_manager-19] [ERROR] [1714632914.794743724] [az1.vision_manager]: Internet is not ready will not download. 
1714632915.7982957 [vision_manager-19] [INFO] [1714632915.788265738] [az1.vision_manager]: Received signal to download model. 
1714632915.8142295 [vision_manager-19] [ERROR] [1714632915.803503488] [az1.vision_manager]: Internet is not ready will not download. 
1714632916.8442121 [vision_manager-19] [INFO] [1714632916.792777629] [az1.vision_manager]: Received signal to download model. 
1714632916.8448663 [vision_manager-19] [ERROR] [1714632916.793122624] [az1.vision_manager]: Internet is not ready will not download. 
1714632917.8259602 [vision_manager-19] [INFO] [1714632917.823385817] [az1.vision_manager]: Received signal to download model. 
1714632917.8358843 [vision_manager-19] [ERROR] [1714632917.823738203] [az1.vision_manager]: Internet is not ready will not download. 
1714632918.7897553 [vision_manager-19] [INFO] [1714632918.788045593] [az1.vision_manager]: Received signal to download model. 
1714632918.7926431 [vision_manager-19] [ERROR] [1714632918.790084968] [az1.vision_manager]: Internet is not ready will not download. 
1714632919.7977734 [vision_manager-19] [INFO] [1714632919.793239216] [az1.vision_manager]: Received signal to download model. 
1714632919.7986462 [vision_manager-19] [ERROR] [1714632919.794733212] [az1.vision_manager]: Internet is not ready will not download. 
1714632920.8011847 [vision_manager-19] [INFO] [1714632920.798120806] [az1.vision_manager]: Received signal to download model. 
1714632920.8079100 [vision_manager-19] [ERROR] [1714632920.802303526] [az1.vision_manager]: Internet is not ready will not download. 
1714632964.2957139 [INFO] [launch.user]: navigation launch occmap
1714632965.2401969 [INFO] [create_gridmap_node-25]: process started with pid [10689]
1714632965.2417414 [INFO] [publish_gridmap_node-26]: process started with pid [10690]
1714632965.2523358 [vision_manager-19] [INFO] [1714632964.798873012] [az1.vision_manager]: Received signal to download model. 
1714632965.2527647 [vision_manager-19] [INFO] [1714632964.799193686] [az1.vision_manager]: Internet is ready, begin to download model.
1714632965.2531011 [vision_manager-19] [INFO] [1714632964.799394808] [vision_manager cyberdog_model]: update models fuc begin
1714632965.2534235 [vision_manager-19] [INFO] [1714632964.799507192] [vision_manager cyberdog_model]: init fuc
1714632966.4364634 [create_gridmap_node-25] [0m[INFO] [1714632966.432218414] [az1.create_gridmap_node]: create map path /home/mi/mapping/[0m
1714632966.4662590 [create_gridmap_node-25] [0m[INFO] [1714632966.451478242] [az1.create_gridmap_node]: loop pose path /SDCARD/miloc/maps/default/viusal/[0m
1714632966.4674876 [create_gridmap_node-25] [0m[INFO] [1714632966.460658121] [az1.create_gridmap_node]: calibration_file /SDCARD/calibrate.yaml[0m
1714632966.4936807 [create_gridmap_node-25] [0m[INFO] [1714632966.461914546] [az1.create_gridmap_node]: subscribe odom topic odom_slam[0m
1714632966.5121868 [create_gridmap_node-25] [0m[INFO] [1714632966.491595095] [az1.create_gridmap_node]: subscribe laser topic scan[0m
1714632966.5129156 [create_gridmap_node-25] [0m[INFO] [1714632966.491814712] [az1.create_gridmap_node]: create map service cyberdog_occmap/create_map_service[0m
1714632966.5136790 [create_gridmap_node-25] [0m[INFO] [1714632966.492002650] [az1.create_gridmap_node]: finish map service cyberdog_occmap/finish_map_service[0m
1714632966.5140862 [create_gridmap_node-25] [0m[INFO] [1714632966.492224507] [az1.create_gridmap_node]: start_nav_service cyberdog_occmap/start_nav_service[0m
1714632966.5145004 [create_gridmap_node-25] [0m[INFO] [1714632966.492412445] [az1.create_gridmap_node]: stop_nav_service cyberdog_occmap/stop_nav_service[0m
1714632968.9702184 [vision_manager-19] [INFO] [1714632968.968916848] [az1.vision_manager]: Configuring vision_manager. 
1714632968.9738014 [vision_manager-19] Semaphore set id is: 0
1714632968.9762609 [vision_manager-19] [INFO] [1714632968.971180225] [az1.vision_manager]: Create ROS object. 
1714632969.0217323 [vision_manager-19] [INFO] [1714632969.016478494] [az1.vision_manager]: Configure complated. 
1714632974.8210535 [vision_manager-19] [ERROR] [1714632974.816934046] [vision_manager FdsImpl]: Host not found
1714632974.8215709 [vision_manager-19] [INFO] [1714632974.817210336] [vision_manager cyberdog_model]: can not get model version from fds,please checkout network is fine
1714632974.8219416 [vision_manager-19] [ERROR] [1714632974.817675972] [vision_manager cyberdog_model]: Init failed
1714632974.8222282 [vision_manager-19] [ERROR] [1714632974.817819077] [az1.vision_manager]: Download model from Fds fail. 
1714632974.8270462 [vision_manager-19] [INFO] [1714632974.819680051] [vision_manager cyberdog_model]: update models fuc begin
1714632974.8279250 [vision_manager-19] [INFO] [1714632974.821791811] [vision_manager cyberdog_model]: init fuc
1714632984.3027122 [INFO] [launch.user]: navigation launch state_publisher
1714632984.5095816 [INFO] [robot_state_publisher-27]: process started with pid [10902]
1714632984.8328195 [vision_manager-19] [ERROR] [1714632984.831362540] [vision_manager FdsImpl]: Host not found
1714632984.8333659 [vision_manager-19] [INFO] [1714632984.831619598] [vision_manager cyberdog_model]: can not get model version from fds,please checkout network is fine
1714632984.8358824 [vision_manager-19] [ERROR] [1714632984.831776176] [vision_manager cyberdog_model]: Init failed
1714632984.8379395 [vision_manager-19] [ERROR] [1714632984.832493909] [az1.vision_manager]: Download model from Fds fail. 
1714632984.8384054 [vision_manager-19] [INFO] [1714632984.832745687] [vision_manager cyberdog_model]: update models fuc begin
1714632984.8387685 [vision_manager-19] [INFO] [1714632984.832874936] [vision_manager cyberdog_model]: init fuc
1714632988.2970383 [INFO] [launch.user]: navigation launch tracking
1714632988.4315741 [INFO] [cyberdog_tracking-28]: process started with pid [10938]
1714632992.3042150 [INFO] [launch.user]: navigation launch realsense
1714632992.6239963 [INFO] [realsense2_camera_node-29]: process started with pid [10997]
1714632994.8563635 [vision_manager-19] [ERROR] [1714632994.846832227] [vision_manager FdsImpl]: Host not found
1714632994.8575611 [vision_manager-19] [INFO] [1714632994.848945683] [vision_manager cyberdog_model]: can not get model version from fds,please checkout network is fine
1714632994.8583980 [vision_manager-19] [ERROR] [1714632994.849097172] [vision_manager cyberdog_model]: Init failed
1714632994.8590727 [vision_manager-19] [ERROR] [1714632994.849254261] [az1.vision_manager]: Download model from Fds fail. 
1714632994.8597431 [vision_manager-19] [INFO] [1714632994.849484759] [vision_manager cyberdog_model]: update models fuc begin
1714632994.8603897 [vision_manager-19] [INFO] [1714632994.849590136] [vision_manager cyberdog_model]: init fuc
1714632996.2969451 [INFO] [launch.user]: navigation launch realsense_align
1714632996.6172898 [INFO] [realsense_align_node-30]: process started with pid [11044]
1714633000.2969341 [INFO] [launch.user]: navigation launch mcr_uwb
1714633000.4156129 [INFO] [mcr_uwb-31]: process started with pid [11084]
1714633000.7366025 [mcr_uwb-31] [INFO] [1714633000.735459049] [az1.mcr_uwb]: 
1714633000.7372556 [mcr_uwb-31] 	mcr_uwb lifecycle node launched. 
1714633000.7401257 [mcr_uwb-31] 	Waiting on external lifecycle transitions to activate
1714633000.7413094 [mcr_uwb-31] 	See https://design.ros2.org/articles/node_lifecycle.html for more information.
1714633000.7489672 [mcr_uwb-31] [INFO] [1714633000.740471472] [az1.mcr_uwb]: Creating
1714633004.3010888 [INFO] [launch.user]: navigation launch velocity_adaptor
1714633004.4338315 [INFO] [velocity_adaptor-32]: process started with pid [11130]
1714633004.8643966 [vision_manager-19] [ERROR] [1714633004.860322634] [vision_manager FdsImpl]: Host not found
1714633004.8650610 [vision_manager-19] [INFO] [1714633004.860622572] [vision_manager cyberdog_model]: can not get model version from fds,please checkout network is fine
1714633004.8654702 [vision_manager-19] [ERROR] [1714633004.860771661] [vision_manager cyberdog_model]: Init failed
1714633004.8657980 [vision_manager-19] [ERROR] [1714633004.860878510] [az1.vision_manager]: Download model from Fds fail. 
1714633004.8765948 [vision_manager-19] [INFO] [1714633004.861099184] [vision_manager cyberdog_model]: update models fuc begin
1714633004.8816094 [vision_manager-19] [INFO] [1714633004.861201969] [vision_manager cyberdog_model]: init fuc
1714633008.3046613 [INFO] [launch.user]: navigation launch map_label_server
1714633008.4439902 [INFO] [label_server-33]: process started with pid [11179]
1714633012.2972779 [INFO] [launch.user]: navigation launch laser_mapping
1714633012.5298481 [INFO] [mapping-34]: process started with pid [11237]
1714633016.2989998 [INFO] [launch.user]: navigation launch laser_localization
1714633016.5608525 [INFO] [localization-35]: process started with pid [11291]
1714633020.2980137 [INFO] [launch.user]: navigation launch mivins_localization
1714633020.7939274 [INFO] [mivins_node-36]: process started with pid [11341]
1714633024.2987316 [INFO] [launch.user]: navigation launch mivins_mapping
1714633024.8317018 [INFO] [mivins_node-37]: process started with pid [11387]
1714633028.3014965 [INFO] [launch.user]: navigation launch mivins_vo
1714633028.7448885 [INFO] [mivins_node-38]: process started with pid [11432]
1714633032.2996812 [INFO] [launch.user]: navigation launch miloc
1714633032.5013392 [INFO] [miloc_server-39]: process started with pid [11477]
1714633036.3001015 [INFO] [launch.user]: navigation launch elevation_mapping_odom
1714633036.4540029 [INFO] [elevation_mapping-40]: process started with pid [11532]
1714633040.3104279 [INFO] [launch.user]: navigation launch head_tof_pc_publisher
1714633040.5310497 [INFO] [head_tof_pcl_publisher.py-41]: process started with pid [11586]
1714633044.2998681 [INFO] [launch.user]: navigation launch stair_align
1714633044.4294169 [INFO] [stair_align-42]: process started with pid [11623]
1714633046.2684650 [vision_manager-19] [INFO] [1714633046.265817608] [vision_manager cyberdog_model]: face_recognition/emotion has 1 versions in fsd
1714633046.2698860 [vision_manager-19] [INFO] [1714633046.266108778] [vision_manager cyberdog_model]: read model version in toml file
1714633046.2733207 [vision_manager-19] [INFO] [1714633046.266342540] [vision_manager cyberdog_model]: Get_Model_Version func 
1714633046.2771142 [vision_manager-19] [INFO] [1714633046.271727382] [vision_manager cyberdog_model]: read key value from toml successfully
1714633046.2776275 [vision_manager-19] [INFO] [1714633046.271988376] [vision_manager cyberdog_model]: the model version in toml file is 1.1 
1714633046.2780037 [vision_manager-19] [INFO] [1714633046.272186041] [vision_manager cyberdog_model]: temp toml path /SDCARD/vision/face_recognition/emotion/temp/version.toml do not exist!
1714633046.2784319 [vision_manager-19] [INFO] [1714633046.272333850] [vision_manager cyberdog_model]: obj: 1.1/
1714633046.2787573 [vision_manager-19] [INFO] [1714633046.272512988] [vision_manager cyberdog_model]: ftp_newest_version  is 1.1
1714633046.2791200 [vision_manager-19] [INFO] [1714633046.272630653] [vision_manager cyberdog_model]: nx_version  is 1.1
1714633046.2793941 [vision_manager-19] [INFO] [1714633046.272738173] [vision_manager cyberdog_model]: nx model version is the newest version
1714633046.2796593 [vision_manager-19] [INFO] [1714633046.272909567] [vision_manager cyberdog_model]: DownloadModels fuc
1714633046.2799265 [vision_manager-19] [INFO] [1714633046.273015264] [vision_manager cyberdog_model]: do not need download
1714633046.2802210 [vision_manager-19] [ERROR] [1714633046.273123040] [vision_manager cyberdog_model]: download failed or do not need download
1714633046.2805836 [vision_manager-19] [ERROR] [1714633046.273272834] [az1.vision_manager]: Download model from Fds fail. 
1714633046.2808516 [vision_manager-19] [INFO] [1714633046.273528260] [vision_manager cyberdog_model]: update models fuc begin
1714633046.2811258 [vision_manager-19] [INFO] [1714633046.273626948] [vision_manager cyberdog_model]: init fuc
1714633048.3027754 [INFO] [launch.user]: navigation launch tracking_indication
1714633048.4407721 [INFO] [tracking_indication-43]: process started with pid [11669]
1714633052.3010962 [INFO] [launch.user]: navigation launch rosbag_recorder
1714633052.4528651 [INFO] [rosbag_recorder-44]: process started with pid [11721]
1714633052.5839117 [rosbag_recorder-44] [WARN] [1714633052.577656232] [az1.cyberdog_rosbag_recorder]: Rosbag recorder is not use, please set flag use: true, you can record.
1714633056.3090820 [INFO] [launch.user]: navigation launch tracking_base
1714633056.6412654 [INFO] [tracking_base-45]: process started with pid [11774]
1714633060.3025327 [INFO] [launch.user]: navigation launch emergency_stop
1714633060.4219720 [INFO] [cyberdog_emergency_stop-46]: process started with pid [11811]
1714633060.9035664 [cyberdog_emergency_stop-46] [INFO] [1714633060.870115826] [az1.cyberdog_emergency_stop]: Create enable emergency stop service......
1714633064.3006082 [INFO] [launch.user]: navigation launch cyberdog_pointnet
1714633064.4299634 [INFO] [cyberdog_pointnet-47]: process started with pid [11861]
1714633064.8858521 [cyberdog_pointnet-47] [INFO] [1714633064.884551809] [az1.cyberdog_pointnet]: Create service: release_pointnet
1714633065.0930619 [cyberdog_pointnet-47] [INFO] [1714633065.087265689] [uninitialized cyberdog_model]: cyberdog_model Constructor
1714633065.0936966 [cyberdog_pointnet-47] [INFO] [1714633065.087548859] [uninitialized cyberdog_model]: is_specified_version: 0
1714633065.1116111 [cyberdog_pointnet-47] [INFO] [1714633065.087683196] [uninitialized cyberdog_model]: specified_version: 1.1
1714633065.1122141 [cyberdog_pointnet-47] [INFO] [1714633065.087789725] [uninitialized cyberdog_model]: module_name: ground_segmentation
1714633065.1130261 [cyberdog_pointnet-47] [INFO] [1714633065.087901022] [uninitialized cyberdog_model]: model_dir: /SDCARD/vision/ground_segmentation/
1714633065.1134386 [cyberdog_pointnet-47] [INFO] [1714633065.088604707] [uninitialized cyberdog_model]: temp_download_path: /SDCARD/vision/ground_segmentation/temp/
1714633065.8556998 [cyberdog_pointnet-47] [INFO] [1714633065.854575402] [az1.cyberdog_pointnet]: [WifiSignalCallback] internet is ok!!!
1714633065.8695958 [cyberdog_pointnet-47] [INFO] [1714633065.855015886] [uninitialized cyberdog_model]: update models fuc begin
1714633065.8712027 [cyberdog_pointnet-47] [INFO] [1714633065.855165231] [uninitialized cyberdog_model]: init fuc
1714633068.3033056 [INFO] [launch.user]: navigation launch algorithm_manager
1714633068.4349568 [INFO] [algorithm_manager-48]: process started with pid [11915]
1714633069.3499908 [algorithm_manager-48] [INFO] [1714633069.347647885] [AlgorithmTaskManager]: diff_x threashold: 0.700000, diff_y threashold: 0.700000
1714633069.3546140 [algorithm_manager-48] [INFO] [1714633069.348099408] [AlgorithmTaskManager]: detect_duration: 5
1714633069.3551056 [algorithm_manager-48] [INFO] [1714633069.348211921] [AlgorithmTaskManager]: pose_topic_name: tracking_pose_transformed
1714633069.3553982 [algorithm_manager-48] [INFO] [1714633069.348316850] [AlgorithmTaskManager]: filter_size: 5
1714633070.4733372 [algorithm_manager-48] [INFO] [1714633070.469703720] [az1.LaserMapping]: DeclareParameters.
1714633075.7984824 [algorithm_manager-48] [INFO] [1714633075.792690733] [az1.VisionTracking]: tracking_keep_distance_: 1.500000, tracking_relative_pos_: 1, enable_visual_obstacle_avoidance_
1714633078.5680346 [algorithm_manager-48] [INFO] [1714633078.567026324] [az1.AutoDock]: ExecutorAutoDock server is ready
1714633079.2887583 [algorithm_manager-48] [INFO] [1714633079.160690605] [AlgorithmTaskManager]: MachineActuator Init, config file: /opt/ros2/cyberdog/share/params/toml_config/manager/state_machine_config.toml
1714633079.4298997 [algorithm_manager-48] [INFO] [1714633079.428865405] [AlgorithmTaskManager]: MachineActuator start on call.
1714633079.4305897 [algorithm_manager-48] [INFO] [1714633079.429131263] [AlgorithmTaskManager]: MachineActuator checkout state: SetUp.
1714633079.4484007 [algorithm_manager-48] [INFO] [1714633079.429256096] [AlgorithmTaskManager]: Get fsm: Setup
1714633079.4490006 [algorithm_manager-48] [INFO] [1714633079.429352641] [AlgorithmTaskManager]: MachineActuator service setup on call.
1714633079.5982361 [algorithm_manager-48] [INFO] [1714633079.580116329] [AlgorithmTaskManager]: MachineActuator service callback on call.
1714633079.5987732 [algorithm_manager-48] 	 ===> target_state: Active
1714633079.5990903 [algorithm_manager-48] [INFO] [1714633079.580450572] [AlgorithmTaskManager]: MachineActuator checkout state: Active.
1714633079.5993614 [algorithm_manager-48] [INFO] [1714633079.580588141] [AlgorithmTaskManager]: Get fsm: Active
1714633138.6376598 [cyberdog_pointnet-47] [ERROR] [1714633138.636341673] [uninitialized FdsImpl]: Connection reset by peer
1714633138.6424038 [cyberdog_pointnet-47] [INFO] [1714633138.636763945] [uninitialized cyberdog_model]: can not get model version from fds,please checkout network is fine
1714633138.6465836 [cyberdog_pointnet-47] [ERROR] [1714633138.636926340] [uninitialized cyberdog_model]: Init failed
1714633138.6533613 [cyberdog_pointnet-47] [INFO] [1714633138.637142483] [az1.cyberdog_pointnet]: Download and update ground_segmentation model from Fds failed or timeout
1714633138.9038861 [vision_manager-19] [INFO] [1714633138.898608535] [vision_manager cyberdog_model]: face_recognition/feature has 2 versions in fsd
1714633138.9046624 [vision_manager-19] [INFO] [1714633138.898963910] [vision_manager cyberdog_model]: read model version in toml file
1714633138.9058824 [vision_manager-19] [INFO] [1714633138.899137023] [vision_manager cyberdog_model]: Get_Model_Version func 
1714633138.9105248 [vision_manager-19] [INFO] [1714633138.902481445] [vision_manager cyberdog_model]: read key value from toml successfully
1714633138.9111454 [vision_manager-19] [INFO] [1714633138.902740362] [vision_manager cyberdog_model]: the model version in toml file is 1.1 
1714633138.9115942 [vision_manager-19] [INFO] [1714633138.903271697] [vision_manager cyberdog_model]: temp toml path /SDCARD/vision/face_recognition/feature/temp/version.toml do not exist!
1714633138.9121602 [vision_manager-19] [INFO] [1714633138.903531382] [vision_manager cyberdog_model]: obj: 1.1/
1714633138.9126477 [vision_manager-19] [INFO] [1714633138.903672342] [vision_manager cyberdog_model]: obj: 1/
1714633138.9129682 [vision_manager-19] [INFO] [1714633138.903842479] [vision_manager cyberdog_model]: ftp_newest_version  is 1.1
1714633138.9134657 [vision_manager-19] [INFO] [1714633138.904001035] [vision_manager cyberdog_model]: nx_version  is 1.1
1714633138.9137621 [vision_manager-19] [INFO] [1714633138.904135660] [vision_manager cyberdog_model]: nx model version is the newest version
1714633138.9141417 [vision_manager-19] [INFO] [1714633138.904278796] [vision_manager cyberdog_model]: DownloadModels fuc
1714633138.9148426 [vision_manager-19] [INFO] [1714633138.904451748] [vision_manager cyberdog_model]: do not need download
1714633138.9156437 [vision_manager-19] [ERROR] [1714633138.904570729] [vision_manager cyberdog_model]: download failed or do not need download
1714633138.9175298 [vision_manager-19] [ERROR] [1714633138.904716360] [az1.vision_manager]: Download model from Fds fail. 
1714633138.9178593 [vision_manager-19] [INFO] [1714633138.905050076] [vision_manager cyberdog_model]: update models fuc begin
1714633138.9188306 [vision_manager-19] [INFO] [1714633138.905161859] [vision_manager cyberdog_model]: init fuc
1714633149.6415541 [vision_manager-19] [INFO] [1714633149.639092264] [vision_manager cyberdog_model]: face_recognition/landmark has 1 versions in fsd
1714633149.6429777 [vision_manager-19] [INFO] [1714633149.639444536] [vision_manager cyberdog_model]: read model version in toml file
1714633149.6467850 [vision_manager-19] [INFO] [1714633149.639715994] [vision_manager cyberdog_model]: Get_Model_Version func 
1714633149.6505744 [vision_manager-19] [INFO] [1714633149.648297560] [vision_manager cyberdog_model]: read key value from toml successfully
1714633149.6511626 [vision_manager-19] [INFO] [1714633149.648537729] [vision_manager cyberdog_model]: the model version in toml file is 1.1 
1714633149.6515002 [vision_manager-19] [INFO] [1714633149.648745842] [vision_manager cyberdog_model]: temp toml path /SDCARD/vision/face_recognition/landmark/temp/version.toml do not exist!
1714633149.6619117 [vision_manager-19] [INFO] [1714633149.648875860] [vision_manager cyberdog_model]: obj: 1.1/
1714633149.6625645 [vision_manager-19] [INFO] [1714633149.648984315] [vision_manager cyberdog_model]: ftp_newest_version  is 1.1
1714633149.6653857 [vision_manager-19] [INFO] [1714633149.649082021] [vision_manager cyberdog_model]: nx_version  is 1.1
1714633149.6658776 [vision_manager-19] [INFO] [1714633149.649257565] [vision_manager cyberdog_model]: nx model version is the newest version
1714633149.6661944 [vision_manager-19] [INFO] [1714633149.649373251] [vision_manager cyberdog_model]: DownloadModels fuc
1714633149.6665661 [vision_manager-19] [INFO] [1714633149.649471181] [vision_manager cyberdog_model]: do not need download
1714633149.6668613 [vision_manager-19] [ERROR] [1714633149.649567830] [vision_manager cyberdog_model]: download failed or do not need download
1714633149.6672244 [vision_manager-19] [ERROR] [1714633149.649682428] [az1.vision_manager]: Download model from Fds fail. 
1714633149.6675327 [vision_manager-19] [INFO] [1714633149.649940482] [vision_manager cyberdog_model]: update models fuc begin
1714633149.6678052 [vision_manager-19] [INFO] [1714633149.650034860] [vision_manager cyberdog_model]: init fuc
1714633161.9089496 [camera_server-18] [INFO] [1714633161.895136129] [MainCameraNode]: serviceCallback: service received command STOP_IMAGE_PUBLISH, argument 
1714633161.9099705 [camera_server-18] 
1714633161.9108081 [camera_server-18] [INFO] [1714633161.895612587] [MainCameraNode]: serviceCallback: width = 0, height = 0, fps = 0
1714633161.9111915 [camera_server-18] [INFO] [1714633161.895894658] []: ~TimePerf: STOP_IMAGE_PUBLISH cost time: 28us
1714633162.4077411 [camera_server-18] [INFO] [1714633162.405254576] [MainCameraNode]: serviceCallback: service received command START_IMAGE_PUBLISH, argument 
1714633162.4082708 [camera_server-18] 
1714633162.4114125 [camera_server-18] [INFO] [1714633162.405577987] [MainCameraNode]: serviceCallback: width = 2560, height = 1920, fps = 10
1714633162.6938229 [camera_server-18] OFParserListModules: module list: /proc/device-tree/tegra-camera-platform/modules/module0
1714633162.7016799 [camera_server-18] OFParserListModules: module list: /proc/device-tree/tegra-camera-platform/modules/module1
1714633162.7131276 [camera_server-18] OFParserListModules: module list: /proc/device-tree/tegra-camera-platform/modules/module2
1714633162.7262349 [camera_server-18] OFParserListModules: module list: /proc/device-tree/tegra-camera-platform/modules/module3
1714633162.7400167 [camera_server-18] NvPclHwGetModuleList: No module data found
1714633162.7406778 [camera_server-18] NvPclHwGetModuleList: No module data found
1714633162.7412617 [camera_server-18] NvPclHwGetModuleList: No module data found
1714633162.7420204 [camera_server-18] NvPclHwGetModuleList: No module data found
1714633162.8445706 [camera_server-18] OFParserGetVirtualDevice: NVIDIA Camera virtual enumerator not found in proc device-tree
1714633162.8505669 [camera_server-18] ---- imager: Found override file [/var/nvidia/nvcam/settings/ov13b10_bottomleft_RBP194.isp]. ----
1714633162.9599252 [camera_server-18] ---- imager: Found override file [/var/nvidia/nvcam/settings/gc02m1_bottomright_RBP194.isp]. ----
1714633163.0363960 [camera_server-18] LSC: LSC surface is not based on full res!
1714633163.0420268 [camera_server-18] ---- imager: Found override file [/var/nvidia/nvcam/settings/ov9782_centerleft_RBP194.isp]. ----
1714633163.1166193 [camera_server-18] LSC: LSC surface is not based on full res!
1714633163.1256146 [camera_server-18] ---- imager: Found override file [/var/nvidia/nvcam/settings/ov9782_centerright_RBP194.isp]. ----
1714633163.1839387 [camera_server-18] LSC: LSC surface is not based on full res!
1714633163.1872511 [camera_server-18] ---- imager: No override file found. ----
1714633163.1878164 [camera_server-18] initializeDevNode: Failed to open dev node '/dev/camera/video4'; No such file or directory, trying alternate default location
1714633163.1908107 [camera_server-18] (NvCamV4l2) Error BadParameter: Control 10094858 not found (in /dvs/git/dirty/git-master_linux/camera/utils/nvcamv4l2/v4l2_device.cpp, function findControlById(), line 1874)
1714633163.1913087 [camera_server-18] (NvCamV4l2) Error BadParameter:  (propagating from /dvs/git/dirty/git-master_linux/camera/utils/nvcamv4l2/v4l2_device.cpp, function getControlRange(), line 331)
1714633163.1923783 [camera_server-18] initialize: focus query failed
1714633163.1928537 [camera_server-18] SCF: Error BadParameter:  (propagating from src/services/capture/CaptureServiceDeviceSensor.cpp, function open(), line 139)
1714633163.1931810 [camera_server-18] SCF: Error BadParameter:  (propagating from src/services/capture/CaptureServiceDeviceSensor.cpp, function getSourceFromGuid(), line 579)
1714633163.1934443 [camera_server-18] SCF: Error BadParameter:  (propagating from src/services/capture/CaptureService.cpp, function addSourceByGuid(), line 437)
1714633163.1937046 [camera_server-18] SCF: Error BadParameter:  (propagating from src/api/CameraDriver.cpp, function addSourceByIndex(), line 305)
1714633163.1940238 [camera_server-18] SCF: Error BadParameter:  (propagating from src/api/CameraDriver.cpp, function getSource(), line 471)
1714633163.1943583 [camera_server-18] Acquiring SCF Camera device source via index 4 has failed. ---- imager: No override file found. ----
1714633163.1946330 [camera_server-18] initializeDevNode: Failed to open dev node '/dev/camera/video5'; No such file or directory, trying alternate default location
1714633163.1949024 [camera_server-18] (NvCamV4l2) Error BadParameter: Control 10094858 not found (in /dvs/git/dirty/git-master_linux/camera/utils/nvcamv4l2/v4l2_device.cpp, function findControlById(), line 1874)
1714633163.1951435 [camera_server-18] (NvCamV4l2) Error BadParameter:  (propagating from /dvs/git/dirty/git-master_linux/camera/utils/nvcamv4l2/v4l2_device.cpp, function getControlRange(), line 331)
1714633163.1954465 [camera_server-18] initialize: focus query failed
1714633163.1984861 [camera_server-18] SCF: Error BadValue: NvPHSSendThroughputHints (in src/common/CameraPowerHint.cpp, function sendCameraPowerHint(), line 56)
1714633163.2429304 [camera_server-18] [INFO] [1714633163.240415862] [StreamConsumer]: StreamConsumer: Stream size: 2560x1920
1714633163.2612257 [camera_server-18] [INFO] [1714633163.247497949] [RGBStream]: RGBStreamConsumer: publish rate = 10
1714633163.2620399 [camera_server-18] [INFO] [1714633163.253068501] [StreamConsumer]: threadInitialize: m_maxBuffersNum = 8
1714633163.5104811 [camera_server-18] [INFO] [1714633163.506157049] [CameraContext]: startCameraStream: Starting repeat capture requests.
1714633163.5113001 [camera_server-18] 
1714633163.5191176 [camera_server-18] [INFO] [1714633163.515488071] [NCSClient]: NCSClient: Create
1714633163.5206137 [camera_server-18] [INFO] [1714633163.515827122] []: ~TimePerf: START_IMAGE_PUBLISH cost time: 1109680us
1714633163.9953094 [camera_server-18] [INFO] [1714633163.961027841] [RGBStream]: publishImage: Publishing image #0
1714633165.0397124 [camera_server-18] [INFO] [1714633165.030515527] [RGBStream]: processBuffer: 19.80 frames per second
1714633166.0367751 [camera_server-18] [INFO] [1714633166.033291213] [RGBStream]: processBuffer: 23.93 frames per second
1714633167.0156939 [camera_server-18] [INFO] [1714633167.009813113] [RGBStream]: publishImage: Publishing image #72
1714633167.0791054 [camera_server-18] [INFO] [1714633167.064155575] [RGBStream]: processBuffer: 26.19 frames per second
1714633168.0942373 [camera_server-18] [INFO] [1714633168.091916717] [RGBStream]: processBuffer: 26.27 frames per second
1714633168.9989891 [vision_manager-19] [INFO] [1714633168.974957048] [vision_manager cyberdog_model]: keypoints_detection has 2 versions in fsd
1714633169.0018089 [vision_manager-19] [INFO] [1714633168.975276407] [vision_manager cyberdog_model]: read model version in toml file
1714633169.0036395 [vision_manager-19] [INFO] [1714633168.975537675] [vision_manager cyberdog_model]: Get_Model_Version func 
1714633169.0085957 [vision_manager-19] [INFO] [1714633168.982918883] [vision_manager cyberdog_model]: read key value from toml successfully
1714633169.0092144 [vision_manager-19] [INFO] [1714633168.983311201] [vision_manager cyberdog_model]: the model version in toml file is 1.1 
1714633169.0095811 [vision_manager-19] [INFO] [1714633168.983660549] [vision_manager cyberdog_model]: temp toml path /SDCARD/vision/keypoints_detection/temp/version.toml do not exist!
1714633169.0099151 [vision_manager-19] [INFO] [1714633168.985455792] [vision_manager cyberdog_model]: obj: 1.0/
1714633169.0101945 [vision_manager-19] [INFO] [1714633168.985734581] [vision_manager cyberdog_model]: obj: 1.1/
1714633169.0105660 [vision_manager-19] [INFO] [1714633168.985946773] [vision_manager cyberdog_model]: ftp_newest_version  is 1.1
1714633169.0108724 [vision_manager-19] [INFO] [1714633168.987301742] [vision_manager cyberdog_model]: nx_version  is 1.1
1714633169.0111556 [vision_manager-19] [INFO] [1714633168.987481611] [vision_manager cyberdog_model]: nx model version is the newest version
1714633169.0114169 [vision_manager-19] [INFO] [1714633168.987801706] [vision_manager cyberdog_model]: DownloadModels fuc
1714633169.0117140 [vision_manager-19] [INFO] [1714633168.988077138] [vision_manager cyberdog_model]: do not need download
1714633169.0120051 [vision_manager-19] [ERROR] [1714633168.988231910] [vision_manager cyberdog_model]: download failed or do not need download
1714633169.0122747 [vision_manager-19] [ERROR] [1714633168.989239288] [az1.vision_manager]: Download model from Fds fail. 
1714633169.0125334 [vision_manager-19] [INFO] [1714633168.991778244] [vision_manager cyberdog_model]: update models fuc begin
1714633169.0128317 [vision_manager-19] [INFO] [1714633168.992054890] [vision_manager cyberdog_model]: init fuc
1714633169.1947992 [camera_server-18] [INFO] [1714633169.191904057] [RGBStream]: processBuffer: 24.55 frames per second
1714633170.1902869 [camera_server-18] [INFO] [1714633170.171485941] [RGBStream]: publishImage: Publishing image #150
1714633170.2505417 [camera_server-18] [INFO] [1714633170.246515157] [RGBStream]: processBuffer: 22.76 frames per second
1714633171.3311338 [camera_server-18] [INFO] [1714633171.328760872] [RGBStream]: processBuffer: 24.95 frames per second
1714633172.4110062 [camera_server-18] [INFO] [1714633172.403417169] [RGBStream]: processBuffer: 25.12 frames per second
1714633173.1993768 [camera_server-18] [INFO] [1714633173.194787322] [RGBStream]: publishImage: Publishing image #225
1714633173.5057425 [camera_server-18] [INFO] [1714633173.502292577] [RGBStream]: processBuffer: 24.57 frames per second
1714633174.5933683 [camera_server-18] [INFO] [1714633174.589432701] [RGBStream]: processBuffer: 24.84 frames per second
1714633175.6176412 [camera_server-18] [INFO] [1714633175.614619258] [RGBStream]: processBuffer: 26.34 frames per second
1714633176.2866232 [camera_server-18] [INFO] [1714633176.271770560] [RGBStream]: publishImage: Publishing image #303
1714633176.6634018 [camera_server-18] [INFO] [1714633176.659675385] [RGBStream]: processBuffer: 25.84 frames per second
1714633177.8086081 [camera_server-18] [INFO] [1714633177.806101986] [RGBStream]: processBuffer: 15.70 frames per second
1714633178.3877938 [camera_server-18] [INFO] [1714633178.383073611] [MainCameraNode]: serviceCallback: service received command STOP_IMAGE_PUBLISH, argument 
1714633178.3886468 [camera_server-18] 
1714633178.3971424 [camera_server-18] [INFO] [1714633178.383559961] [MainCameraNode]: serviceCallback: width = 0, height = 0, fps = 0
1714633178.5870886 [camera_server-18] [INFO] [1714633178.581177173] [StreamConsumer]: threadExecute: stop stream thread
1714633179.7835426 [camera_server-18] [INFO] [1714633179.781086068] []: ~TimePerf: STOP_IMAGE_PUBLISH cost time: 1397265us
1714633199.0069180 [vision_manager-19] [ERROR] [1714633199.004581742] [vision_manager FdsImpl]: Timeout
1714633199.0075171 [vision_manager-19] [INFO] [1714633199.004850749] [vision_manager cyberdog_model]: can not get model version from fds,please checkout network is fine
1714633199.0118577 [vision_manager-19] [ERROR] [1714633199.005018123] [vision_manager cyberdog_model]: Init failed
1714633199.0130923 [vision_manager-19] [ERROR] [1714633199.006897335] [az1.vision_manager]: Download model from Fds fail. 
1714634421.1047916 [camera_server-18] NvPclStateControllerOpen: Module 7 is not plugged in!
1714634421.2032928 [camera_server-18] NvPclStateControllerOpen: Failed ImagerGUID 7. (error 0x8)
1714634421.3093457 [camera_server-18] NvPclOpen: PCL Open Failed. Error: 0xf
1714634421.3634830 [camera_server-18] SCF: Error BadParameter: Sensor could not be opened. (in src/services/capture/CaptureServiceDeviceSensor.cpp, function getSourceFromGuid(), line 582)
1714634421.3816812 [camera_server-18] SCF: Error BadParameter:  (propagating from src/services/capture/CaptureService.cpp, function addSourceByGuid(), line 437)
1714634421.4458899 [camera_server-18] SCF: Error BadParameter:  (propagating from src/api/CameraDriver.cpp, function handleHotplugEvent(), line 346)
1714634421.4467056 [camera_server-18] SCF: Error BadParameter:  (propagating from src/api/CameraDriver.cpp, function onDeviceStatusChanged(), line 315)
1714634421.4471877 [camera_server-18] NvPclStateControllerOpen: Module 8 is not plugged in!
1714634421.4475753 [camera_server-18] NvPclStateControllerOpen: Failed ImagerGUID 8. (error 0x8)
1714634421.4479015 [camera_server-18] NvPclOpen: PCL Open Failed. Error: 0xf
1714634421.4483442 [camera_server-18] SCF: Error BadParameter: Sensor could not be opened. (in src/services/capture/CaptureServiceDeviceSensor.cpp, function getSourceFromGuid(), line 582)
1714634421.5867543 [camera_server-18] SCF: Error BadParameter:  (propagating from src/services/capture/CaptureService.cpp, function addSourceByGuid(), line 437)
1714634421.5873680 [camera_server-18] SCF: Error BadParameter:  (propagating from src/api/CameraDriver.cpp, function handleHotplugEvent(), line 346)
1714634421.5877090 [camera_server-18] SCF: Error BadParameter:  (propagating from src/api/CameraDriver.cpp, function onDeviceStatusChanged(), line 315)
1714634865.9309027 [camera_server-18] NvPclStateControllerOpen: Module 5 is not plugged in!
1714634865.9854603 [camera_server-18] NvPclStateControllerOpen: Failed ImagerGUID 5. (error 0x8)
1714634866.0896819 [camera_server-18] NvPclOpen: PCL Open Failed. Error: 0xf
1714634866.1584110 [camera_server-18] SCF: Error BadParameter: Sensor could not be opened. (in src/services/capture/CaptureServiceDeviceSensor.cpp, function getSourceFromGuid(), line 582)
1714634866.1814933 [camera_server-18] SCF: Error BadParameter:  (propagating from src/services/capture/CaptureService.cpp, function addSourceByGuid(), line 437)
1714634866.2320108 [camera_server-18] SCF: Error BadParameter:  (propagating from src/api/CameraDriver.cpp, function handleHotplugEvent(), line 346)
1714634866.2901855 [camera_server-18] SCF: Error BadParameter:  (propagating from src/api/CameraDriver.cpp, function onDeviceStatusChanged(), line 315)
1714634869.2807291 [camera_server-18] NvPclStateControllerOpen: Module 6 is not plugged in!
1714634869.2814186 [camera_server-18] NvPclStateControllerOpen: Failed ImagerGUID 6. (error 0x8)
1714634869.2817893 [camera_server-18] NvPclOpen: PCL Open Failed. Error: 0xf
1714634869.2821541 [camera_server-18] SCF: Error BadParameter: Sensor could not be opened. (in src/services/capture/CaptureServiceDeviceSensor.cpp, function getSourceFromGuid(), line 582)
1714634869.3550050 [camera_server-18] SCF: Error BadParameter:  (propagating from src/services/capture/CaptureService.cpp, function addSourceByGuid(), line 437)
1714634869.3788157 [camera_server-18] SCF: Error BadParameter:  (propagating from src/api/CameraDriver.cpp, function handleHotplugEvent(), line 346)
1714634869.4358187 [camera_server-18] SCF: Error BadParameter:  (propagating from src/api/CameraDriver.cpp, function onDeviceStatusChanged(), line 315)
1714634928.3646593 [camera_server-18] NvPclStateControllerOpen: Module 7 is not plugged in!
1714634928.3658502 [camera_server-18] NvPclStateControllerOpen: Failed ImagerGUID 7. (error 0x8)
1714634928.3662732 [camera_server-18] NvPclOpen: PCL Open Failed. Error: 0xf
1714634928.3668833 [camera_server-18] SCF: Error BadParameter: Sensor could not be opened. (in src/services/capture/CaptureServiceDeviceSensor.cpp, function getSourceFromGuid(), line 582)
1714634928.3672588 [camera_server-18] SCF: Error BadParameter:  (propagating from src/services/capture/CaptureService.cpp, function addSourceByGuid(), line 437)
1714634928.3675704 [camera_server-18] SCF: Error BadParameter:  (propagating from src/api/CameraDriver.cpp, function handleHotplugEvent(), line 346)
1714634928.3678627 [camera_server-18] SCF: Error BadParameter:  (propagating from src/api/CameraDriver.cpp, function onDeviceStatusChanged(), line 315)
1714634929.0008540 [camera_server-18] NvPclStateControllerOpen: Module 8 is not plugged in!
1714634929.1161311 [camera_server-18] NvPclStateControllerOpen: Failed ImagerGUID 8. (error 0x8)
1714634929.1428649 [camera_server-18] NvPclOpen: PCL Open Failed. Error: 0xf
1714634929.1711473 [camera_server-18] SCF: Error BadParameter: Sensor could not be opened. (in src/services/capture/CaptureServiceDeviceSensor.cpp, function getSourceFromGuid(), line 582)
1714634929.1933479 [camera_server-18] SCF: Error BadParameter:  (propagating from src/services/capture/CaptureService.cpp, function addSourceByGuid(), line 437)
1714634929.2158968 [camera_server-18] SCF: Error BadParameter:  (propagating from src/api/CameraDriver.cpp, function handleHotplugEvent(), line 346)
1714634929.2360718 [camera_server-18] SCF: Error BadParameter:  (propagating from src/api/CameraDriver.cpp, function onDeviceStatusChanged(), line 315)
1714636453.4046488 [camera_server-18] NvPclStateControllerOpen: Module 5 is not plugged in!
1714636453.4052594 [camera_server-18] NvPclStateControllerOpen: Failed ImagerGUID 5. (error 0x8)
1714636453.4055848 [camera_server-18] NvPclOpen: PCL Open Failed. Error: 0xf
1714636453.5046723 [camera_server-18] SCF: Error BadParameter: Sensor could not be opened. (in src/services/capture/CaptureServiceDeviceSensor.cpp, function getSourceFromGuid(), line 582)
1714636453.5445256 [camera_server-18] SCF: Error BadParameter:  (propagating from src/services/capture/CaptureService.cpp, function addSourceByGuid(), line 437)
1714636453.5564902 [camera_server-18] SCF: Error BadParameter:  (propagating from src/api/CameraDriver.cpp, function handleHotplugEvent(), line 346)
1714636453.5772917 [camera_server-18] SCF: Error BadParameter:  (propagating from src/api/CameraDriver.cpp, function onDeviceStatusChanged(), line 315)
1714636455.3750713 [camera_server-18] NvPclStateControllerOpen: Module 6 is not plugged in!
1714636455.3829396 [camera_server-18] NvPclStateControllerOpen: Failed ImagerGUID 6. (error 0x8)
1714636455.3911767 [camera_server-18] NvPclOpen: PCL Open Failed. Error: 0xf
1714636455.4021845 [camera_server-18] SCF: Error BadParameter: Sensor could not be opened. (in src/services/capture/CaptureServiceDeviceSensor.cpp, function getSourceFromGuid(), line 582)
1714636455.4344685 [camera_server-18] SCF: Error BadParameter:  (propagating from src/services/capture/CaptureService.cpp, function addSourceByGuid(), line 437)
1714636455.4459932 [camera_server-18] SCF: Error BadParameter:  (propagating from src/api/CameraDriver.cpp, function handleHotplugEvent(), line 346)
1714636455.4899671 [camera_server-18] SCF: Error BadParameter:  (propagating from src/api/CameraDriver.cpp, function onDeviceStatusChanged(), line 315)
