2024-05-03 23:25:57.576 [info] 日志级别: Info
2024-05-03 23:25:57.576 [info] 正在验证在以下位置找到的 git: "git"
2024-05-03 23:25:57.576 [info] 将使用位于 "2.17.1" 的 Git "git"
2024-05-03 23:25:57.576 [info] > git rev-parse --show-toplevel [2731ms]
2024-05-03 23:25:57.576 [info] > git rev-parse --git-dir --git-common-dir [39ms]
2024-05-03 23:25:57.576 [info] Open repository: /home/mi
2024-05-03 23:25:57.696 [info] > git rev-parse --show-toplevel [79ms]
2024-05-03 23:25:57.702 [info] > git config --get commit.template [101ms]
2024-05-03 23:25:59.297 [info] > git rev-parse --show-toplevel [1554ms]
2024-05-03 23:25:59.442 [info] > git for-each-ref --format=%(refname)%00%(upstream:short)%00%(objectname)%00%(upstream:track)%00%(upstream:remotename)%00%(upstream:remoteref) refs/heads/main refs/remotes/main [177ms]
2024-05-03 23:25:59.628 [info] > git check-ignore -v -z --stdin [288ms]
2024-05-03 23:25:59.640 [info] > git rev-parse --show-toplevel [248ms]
2024-05-03 23:25:59.927 [info] > git rev-parse --show-toplevel [213ms]
2024-05-03 23:26:00.892 [info] > git rev-parse --show-toplevel [863ms]
2024-05-03 23:26:01.158 [info] > git rev-parse --show-toplevel [76ms]
2024-05-03 23:26:01.374 [info] > git rev-parse --show-toplevel [98ms]
2024-05-03 23:26:02.123 [info] > git rev-parse --show-toplevel [631ms]
2024-05-03 23:26:02.568 [info] > git rev-parse --show-toplevel [406ms]
2024-05-03 23:26:03.113 [info] > git rev-parse --show-toplevel [463ms]
2024-05-03 23:26:03.155 [info] > git rev-parse --show-toplevel [12ms]
2024-05-03 23:26:03.204 [info] > git rev-parse --show-toplevel [18ms]
2024-05-03 23:26:03.236 [info] > git rev-parse --show-toplevel [9ms]
2024-05-03 23:26:03.325 [info] > git rev-parse --show-toplevel [68ms]
2024-05-03 23:26:03.364 [info] > git rev-parse --show-toplevel [6ms]
2024-05-03 23:26:03.425 [info] > git rev-parse --show-toplevel [30ms]
2024-05-03 23:26:03.456 [info] > git rev-parse --show-toplevel [3ms]
2024-05-03 23:26:03.485 [info] > git rev-parse --show-toplevel [7ms]
2024-05-03 23:26:03.512 [info] > git rev-parse --show-toplevel [6ms]
2024-05-03 23:26:03.546 [info] > git rev-parse --show-toplevel [10ms]
2024-05-03 23:26:03.587 [info] > git rev-parse --show-toplevel [7ms]
2024-05-03 23:26:03.623 [info] > git rev-parse --show-toplevel [6ms]
2024-05-03 23:26:03.671 [info] > git rev-parse --show-toplevel [18ms]
2024-05-03 23:26:03.703 [info] > git rev-parse --show-toplevel [7ms]
2024-05-03 23:26:03.756 [info] > git rev-parse --show-toplevel [5ms]
2024-05-03 23:26:03.810 [info] > git rev-parse --show-toplevel [26ms]
2024-05-03 23:26:04.115 [info] > git rev-parse --show-toplevel [282ms]
2024-05-03 23:26:04.211 [info] > git rev-parse --show-toplevel [74ms]
2024-05-03 23:26:04.297 [info] > git status -z -uall [4337ms]
2024-05-03 23:26:04.298 [info] > git rev-parse --show-toplevel [14ms]
2024-05-03 23:26:07.905 [info] > git merge-base refs/heads/main refs/remotes/origin/main [3351ms]
2024-05-03 23:26:07.946 [info] > git rev-parse --show-toplevel [3625ms]
2024-05-03 23:26:08.014 [info] > git config --get commit.template [148ms]
2024-05-03 23:26:08.255 [info] > git rev-parse --show-toplevel [256ms]
2024-05-03 23:26:08.344 [info] > git rev-list --count --left-right refs/heads/main...refs/remotes/origin/main [399ms]
2024-05-03 23:26:08.426 [info] > git show --textconv :workplace/src/learning/learning/track.py [122ms]
2024-05-03 23:26:08.427 [info] > git ls-files --stage -- /home/mi/workplace/src/learning/learning/track.py [86ms]
2024-05-03 23:26:08.437 [info] > git for-each-ref --format=%(refname)%00%(upstream:short)%00%(objectname)%00%(upstream:track)%00%(upstream:remotename)%00%(upstream:remoteref) refs/heads/main refs/remotes/main [28ms]
2024-05-03 23:26:08.439 [info] > git diff --name-status -z --diff-filter=ADMR 204e76f159ef4a5b90ad15a9c05af0a3b3984d4b...refs/remotes/origin/main [61ms]
2024-05-03 23:26:11.594 [info] > git status -z -uall [3108ms]
