[3.740s] DEBUG:colcon:Command line arguments: ['/usr/bin/colcon', 'build']
[3.742s] DEBUG:colcon:Parsed command line arguments: Namespace(allow_overriding=[], ament_cmake_args=None, base_paths=['.'], build_base='build', catkin_cmake_args=None, catkin_skip_building_tests=False, cmake_args=None, cmake_clean_cache=False, cmake_clean_first=False, cmake_force_configure=False, cmake_target=None, cmake_target_skip_unavailable=False, continue_on_error=False, event_handlers=None, executor='parallel', ignore_user_meta=False, install_base='install', log_base=None, log_level=None, main=<bound method BuildVerb.main of <colcon_core.verb.build.BuildVerb object at 0x7f95d69f60>>, merge_install=False, metas=['./colcon.meta'], packages_above=None, packages_above_and_dependencies=None, packages_above_depth=None, packages_end=None, packages_ignore=None, packages_ignore_regex=None, packages_select=None, packages_select_build_failed=False, packages_select_by_dep=None, packages_select_regex=None, packages_select_test_failures=False, packages_skip=None, packages_skip_build_finished=False, packages_skip_by_dep=None, packages_skip_regex=None, packages_skip_test_passed=False, packages_skip_up_to=None, packages_start=None, packages_up_to=None, packages_up_to_regex=None, parallel_workers=6, paths=None, symlink_install=False, test_result_base=None, verb_extension=<colcon_core.verb.build.BuildVerb object at 0x7f95d69f60>, verb_name='build', verb_parser=<colcon_defaults.argument_parser.defaults.DefaultArgumentsDecorator object at 0x7f95cdd278>)
[3.821s] Level 1:colcon.colcon_core.package_discovery:discover_packages(colcon_meta) check parameters
[3.821s] Level 1:colcon.colcon_core.package_discovery:discover_packages(recursive) check parameters
[3.822s] Level 1:colcon.colcon_core.package_discovery:discover_packages(ignore) check parameters
[3.822s] Level 1:colcon.colcon_core.package_discovery:discover_packages(path) check parameters
[3.822s] Level 1:colcon.colcon_core.package_discovery:discover_packages(colcon_meta) discover
[3.834s] Level 1:colcon.colcon_core.package_discovery:discover_packages(recursive) discover
[3.834s] INFO:colcon.colcon_core.package_discovery:Crawling recursively for packages in '/home/mi/workplace'
[3.835s] Level 1:colcon.colcon_core.package_identification:_identify(.) by extensions ['ignore', 'ignore_ament_install']
[3.835s] Level 1:colcon.colcon_core.package_identification:_identify(.) by extension 'ignore'
[3.836s] Level 1:colcon.colcon_core.package_identification:_identify(.) by extension 'ignore_ament_install'
[3.836s] Level 1:colcon.colcon_core.package_identification:_identify(.) by extensions ['colcon_pkg']
[3.836s] Level 1:colcon.colcon_core.package_identification:_identify(.) by extension 'colcon_pkg'
[3.836s] Level 1:colcon.colcon_core.package_identification:_identify(.) by extensions ['colcon_meta']
[3.837s] Level 1:colcon.colcon_core.package_identification:_identify(.) by extension 'colcon_meta'
[3.837s] Level 1:colcon.colcon_core.package_identification:_identify(.) by extensions ['ros']
[3.837s] Level 1:colcon.colcon_core.package_identification:_identify(.) by extension 'ros'
[4.465s] Level 1:colcon.colcon_core.package_identification:_identify(.) by extensions ['cmake', 'python']
[4.468s] Level 1:colcon.colcon_core.package_identification:_identify(.) by extension 'cmake'
[4.468s] Level 1:colcon.colcon_core.package_identification:_identify(.) by extension 'python'
[4.469s] Level 1:colcon.colcon_core.package_identification:_identify(.) by extensions ['python_setup_py']
[4.469s] Level 1:colcon.colcon_core.package_identification:_identify(.) by extension 'python_setup_py'
[4.470s] Level 1:colcon.colcon_core.package_identification:_identify(build) by extensions ['ignore', 'ignore_ament_install']
[4.470s] Level 1:colcon.colcon_core.package_identification:_identify(build) by extension 'ignore'
[4.470s] Level 1:colcon.colcon_core.package_identification:_identify(build) ignored
[4.473s] Level 1:colcon.colcon_core.package_identification:_identify(install) by extensions ['ignore', 'ignore_ament_install']
[4.473s] Level 1:colcon.colcon_core.package_identification:_identify(install) by extension 'ignore'
[4.473s] Level 1:colcon.colcon_core.package_identification:_identify(install) ignored
[4.482s] Level 1:colcon.colcon_core.package_identification:_identify(log) by extensions ['ignore', 'ignore_ament_install']
[4.483s] Level 1:colcon.colcon_core.package_identification:_identify(log) by extension 'ignore'
[4.483s] Level 1:colcon.colcon_core.package_identification:_identify(log) ignored
[4.484s] Level 1:colcon.colcon_core.package_identification:_identify(src) by extensions ['ignore', 'ignore_ament_install']
[4.484s] Level 1:colcon.colcon_core.package_identification:_identify(src) by extension 'ignore'
[4.484s] Level 1:colcon.colcon_core.package_identification:_identify(src) by extension 'ignore_ament_install'
[4.485s] Level 1:colcon.colcon_core.package_identification:_identify(src) by extensions ['colcon_pkg']
[4.485s] Level 1:colcon.colcon_core.package_identification:_identify(src) by extension 'colcon_pkg'
[4.485s] Level 1:colcon.colcon_core.package_identification:_identify(src) by extensions ['colcon_meta']
[4.486s] Level 1:colcon.colcon_core.package_identification:_identify(src) by extension 'colcon_meta'
[4.486s] Level 1:colcon.colcon_core.package_identification:_identify(src) by extensions ['ros']
[4.486s] Level 1:colcon.colcon_core.package_identification:_identify(src) by extension 'ros'
[4.487s] Level 1:colcon.colcon_core.package_identification:_identify(src) by extensions ['cmake', 'python']
[4.487s] Level 1:colcon.colcon_core.package_identification:_identify(src) by extension 'cmake'
[4.487s] Level 1:colcon.colcon_core.package_identification:_identify(src) by extension 'python'
[4.487s] Level 1:colcon.colcon_core.package_identification:_identify(src) by extensions ['python_setup_py']
[4.488s] Level 1:colcon.colcon_core.package_identification:_identify(src) by extension 'python_setup_py'
[4.489s] Level 1:colcon.colcon_core.package_identification:_identify(src/learning) by extensions ['ignore', 'ignore_ament_install']
[4.489s] Level 1:colcon.colcon_core.package_identification:_identify(src/learning) by extension 'ignore'
[4.490s] Level 1:colcon.colcon_core.package_identification:_identify(src/learning) by extension 'ignore_ament_install'
[4.490s] Level 1:colcon.colcon_core.package_identification:_identify(src/learning) by extensions ['colcon_pkg']
[4.490s] Level 1:colcon.colcon_core.package_identification:_identify(src/learning) by extension 'colcon_pkg'
[4.490s] Level 1:colcon.colcon_core.package_identification:_identify(src/learning) by extensions ['colcon_meta']
[4.491s] Level 1:colcon.colcon_core.package_identification:_identify(src/learning) by extension 'colcon_meta'
[4.491s] Level 1:colcon.colcon_core.package_identification:_identify(src/learning) by extensions ['ros']
[4.491s] Level 1:colcon.colcon_core.package_identification:_identify(src/learning) by extension 'ros'
[4.524s] DEBUG:colcon.colcon_core.package_identification:Package 'src/learning' with type 'ros.ament_python' and name 'learning'
[4.525s] Level 1:colcon.colcon_core.package_discovery:discover_packages(recursive) using defaults
[4.527s] Level 1:colcon.colcon_core.package_discovery:discover_packages(ignore) discover
[4.527s] Level 1:colcon.colcon_core.package_discovery:discover_packages(ignore) using defaults
[4.527s] Level 1:colcon.colcon_core.package_discovery:discover_packages(path) discover
[4.527s] Level 1:colcon.colcon_core.package_discovery:discover_packages(path) using defaults
[4.691s] Level 5:colcon.colcon_core.verb:set package 'learning' build argument 'cmake_args' from command line to 'None'
[4.692s] Level 5:colcon.colcon_core.verb:set package 'learning' build argument 'cmake_target' from command line to 'None'
[4.692s] Level 5:colcon.colcon_core.verb:set package 'learning' build argument 'cmake_target_skip_unavailable' from command line to 'False'
[4.692s] Level 5:colcon.colcon_core.verb:set package 'learning' build argument 'cmake_clean_cache' from command line to 'False'
[4.692s] Level 5:colcon.colcon_core.verb:set package 'learning' build argument 'cmake_clean_first' from command line to 'False'
[4.693s] Level 5:colcon.colcon_core.verb:set package 'learning' build argument 'cmake_force_configure' from command line to 'False'
[4.693s] Level 5:colcon.colcon_core.verb:set package 'learning' build argument 'ament_cmake_args' from command line to 'None'
[4.693s] Level 5:colcon.colcon_core.verb:set package 'learning' build argument 'catkin_cmake_args' from command line to 'None'
[4.693s] Level 5:colcon.colcon_core.verb:set package 'learning' build argument 'catkin_skip_building_tests' from command line to 'False'
[4.693s] DEBUG:colcon.colcon_core.verb:Building package 'learning' with the following arguments: {'ament_cmake_args': None, 'build_base': '/home/mi/workplace/build/learning', 'catkin_cmake_args': None, 'catkin_skip_building_tests': False, 'cmake_args': None, 'cmake_clean_cache': False, 'cmake_clean_first': False, 'cmake_force_configure': False, 'cmake_target': None, 'cmake_target_skip_unavailable': False, 'install_base': '/home/mi/workplace/install/learning', 'merge_install': False, 'path': '/home/mi/workplace/src/learning', 'symlink_install': False, 'test_result_base': None}
[4.843s] INFO:colcon.colcon_core.executor:Executing jobs using 'parallel' executor
[4.891s] DEBUG:colcon.colcon_parallel_executor.executor.parallel:run_until_complete
[4.893s] INFO:colcon.colcon_ros.task.ament_python.build:Building ROS package in '/home/mi/workplace/src/learning' with build type 'ament_python'
[4.894s] Level 1:colcon.colcon_core.shell:create_environment_hook('learning', 'ament_prefix_path')
[4.941s] INFO:colcon.colcon_core.plugin_system:Skipping extension 'colcon_core.shell.bat': Not used on non-Windows systems
[4.943s] INFO:colcon.colcon_core.shell:Creating environment hook '/home/mi/workplace/install/learning/share/learning/hook/ament_prefix_path.ps1'
[4.953s] INFO:colcon.colcon_core.shell:Creating environment descriptor '/home/mi/workplace/install/learning/share/learning/hook/ament_prefix_path.dsv'
[4.957s] INFO:colcon.colcon_core.shell:Creating environment hook '/home/mi/workplace/install/learning/share/learning/hook/ament_prefix_path.sh'
[4.972s] INFO:colcon.colcon_core.shell:Skip shell extension 'powershell' for command environment: Not usable outside of PowerShell
[4.972s] DEBUG:colcon.colcon_core.shell:Skip shell extension 'dsv' for command environment
[9.689s] INFO:colcon.colcon_core.task.python.build:Building Python package in '/home/mi/workplace/src/learning'
[9.708s] INFO:colcon.colcon_core.shell:Skip shell extension 'powershell' for command environment: Not usable outside of PowerShell
[9.712s] DEBUG:colcon.colcon_core.shell:Skip shell extension 'dsv' for command environment
[16.722s] DEBUG:colcon.colcon_core.event_handler.log_command:Invoking command in '/home/mi/workplace/src/learning': PYTHONPATH=/home/mi/workplace/install/learning/lib/python3.6/site-packages:${PYTHONPATH} /usr/bin/python3 setup.py egg_info --egg-base ../../build/learning build --build-base /home/mi/workplace/build/learning/build install --prefix /home/mi/workplace/install/learning --record /home/mi/workplace/build/learning/install.log --single-version-externally-managed
[22.850s] DEBUG:colcon.colcon_core.event_handler.log_command:Invoked command in '/home/mi/workplace/src/learning' returned '0': PYTHONPATH=/home/mi/workplace/install/learning/lib/python3.6/site-packages:${PYTHONPATH} /usr/bin/python3 setup.py egg_info --egg-base ../../build/learning build --build-base /home/mi/workplace/build/learning/build install --prefix /home/mi/workplace/install/learning --record /home/mi/workplace/build/learning/install.log --single-version-externally-managed
[22.946s] Level 1:colcon.colcon_core.environment:checking '/home/mi/workplace/install/learning' for CMake module files
[22.949s] Level 1:colcon.colcon_core.environment:checking '/home/mi/workplace/install/learning' for CMake config files
[22.986s] Level 1:colcon.colcon_core.environment:checking '/home/mi/workplace/install/learning/lib'
[22.989s] Level 1:colcon.colcon_core.environment:checking '/home/mi/workplace/install/learning/bin'
[22.994s] Level 1:colcon.colcon_core.environment:checking '/home/mi/workplace/install/learning/lib/pkgconfig/learning.pc'
[22.998s] Level 1:colcon.colcon_core.environment:checking '/home/mi/workplace/install/learning/lib/python3.6/site-packages'
[23.002s] Level 1:colcon.colcon_core.shell:create_environment_hook('learning', 'pythonpath')
[23.036s] INFO:colcon.colcon_core.shell:Creating environment hook '/home/mi/workplace/install/learning/share/learning/hook/pythonpath.ps1'
[23.045s] INFO:colcon.colcon_core.shell:Creating environment descriptor '/home/mi/workplace/install/learning/share/learning/hook/pythonpath.dsv'
[23.051s] INFO:colcon.colcon_core.shell:Creating environment hook '/home/mi/workplace/install/learning/share/learning/hook/pythonpath.sh'
[23.057s] Level 1:colcon.colcon_core.environment:create_environment_scripts_only(learning)
[23.067s] INFO:colcon.colcon_core.shell:Creating package script '/home/mi/workplace/install/learning/share/learning/package.ps1'
[23.080s] INFO:colcon.colcon_core.shell:Creating package descriptor '/home/mi/workplace/install/learning/share/learning/package.dsv'
[23.093s] INFO:colcon.colcon_core.shell:Creating package script '/home/mi/workplace/install/learning/share/learning/package.sh'
[23.113s] INFO:colcon.colcon_core.shell:Creating package script '/home/mi/workplace/install/learning/share/learning/package.bash'
[23.130s] INFO:colcon.colcon_core.shell:Creating package script '/home/mi/workplace/install/learning/share/learning/package.zsh'
[23.156s] Level 1:colcon.colcon_core.environment:create_file_with_runtime_dependencies(/home/mi/workplace/install/learning/share/colcon-core/packages/learning)
[23.171s] DEBUG:colcon.colcon_parallel_executor.executor.parallel:closing loop
[23.172s] DEBUG:colcon.colcon_parallel_executor.executor.parallel:loop closed
[23.181s] DEBUG:colcon.colcon_parallel_executor.executor.parallel:run_until_complete finished with '0'
[23.182s] DEBUG:colcon.colcon_core.event_reactor:joining thread
[23.267s] INFO:colcon.colcon_core.plugin_system:Skipping extension 'colcon_notification.desktop_notification.terminal_notifier': Not used on non-Darwin systems
[23.289s] INFO:colcon.colcon_core.plugin_system:Skipping extension 'colcon_notification.desktop_notification.win32': Not used on non-Windows systems
[23.301s] INFO:colcon.colcon_notification.desktop_notification:Sending desktop notification using 'notify2'
[23.828s] DEBUG:colcon.colcon_core.event_reactor:joined thread
[23.832s] INFO:colcon.colcon_core.shell:Creating prefix script '/home/mi/workplace/install/local_setup.ps1'
[23.863s] INFO:colcon.colcon_core.shell:Creating prefix util module '/home/mi/workplace/install/_local_setup_util_ps1.py'
[23.928s] INFO:colcon.colcon_core.shell:Creating prefix chain script '/home/mi/workplace/install/setup.ps1'
[23.945s] INFO:colcon.colcon_core.shell:Creating prefix script '/home/mi/workplace/install/local_setup.sh'
[23.969s] INFO:colcon.colcon_core.shell:Creating prefix util module '/home/mi/workplace/install/_local_setup_util_sh.py'
[23.997s] INFO:colcon.colcon_core.shell:Creating prefix chain script '/home/mi/workplace/install/setup.sh'
[24.062s] INFO:colcon.colcon_core.shell:Creating prefix script '/home/mi/workplace/install/local_setup.bash'
[24.065s] INFO:colcon.colcon_core.shell:Creating prefix chain script '/home/mi/workplace/install/setup.bash'
[24.080s] INFO:colcon.colcon_core.shell:Creating prefix script '/home/mi/workplace/install/local_setup.zsh'
[24.103s] INFO:colcon.colcon_core.shell:Creating prefix chain script '/home/mi/workplace/install/setup.zsh'
