[4.431s] Invoking command in '/home/mi/workplace/src/learning': PYTHONPATH=/home/mi/workplace/install/learning/lib/python3.6/site-packages:${PYTHONPATH} /usr/bin/python3 setup.py egg_info --egg-base ../../build/learning build --build-base /home/mi/workplace/build/learning/build install --prefix /home/mi/workplace/install/learning --record /home/mi/workplace/build/learning/install.log --single-version-externally-managed
[6.235s] running egg_info
[6.241s] writing ../../build/learning/learning.egg-info/PKG-INFO
[6.244s] writing dependency_links to ../../build/learning/learning.egg-info/dependency_links.txt
[6.245s] writing entry points to ../../build/learning/learning.egg-info/entry_points.txt
[6.254s] writing requirements to ../../build/learning/learning.egg-info/requires.txt
[6.254s] writing top-level names to ../../build/learning/learning.egg-info/top_level.txt
[6.263s] reading manifest file '../../build/learning/learning.egg-info/SOURCES.txt'
[6.269s] writing manifest file '../../build/learning/learning.egg-info/SOURCES.txt'
[6.277s] running build
[6.278s] running build_py
[6.278s] copying learning/keeper.py -> /home/mi/workplace/build/learning/build/lib/learning
[6.279s] copying learning/sensor_node.py -> /home/mi/workplace/build/learning/build/lib/learning
[6.282s] running install
[6.285s] /usr/local/lib/python3.6/dist-packages/setuptools/command/install.py:37: SetuptoolsDeprecationWarning: setup.py install is deprecated. Use build and pip and other standards-based tools.
[6.288s]   setuptools.SetuptoolsDeprecationWarning,
[6.288s] running install_lib
[6.292s] copying /home/mi/workplace/build/learning/build/lib/learning/keeper.py -> /home/mi/workplace/install/learning/lib/python3.6/site-packages/learning
[6.292s] copying /home/mi/workplace/build/learning/build/lib/learning/sensor_node.py -> /home/mi/workplace/install/learning/lib/python3.6/site-packages/learning
[6.295s] byte-compiling /home/mi/workplace/install/learning/lib/python3.6/site-packages/learning/keeper.py to keeper.cpython-36.pyc
[6.298s] byte-compiling /home/mi/workplace/install/learning/lib/python3.6/site-packages/learning/sensor_node.py to sensor_node.cpython-36.pyc
[6.305s] running install_data
[6.311s] running install_egg_info
[6.318s] removing '/home/mi/workplace/install/learning/lib/python3.6/site-packages/learning-0.0.0-py3.6.egg-info' (and everything under it)
[6.319s] Copying ../../build/learning/learning.egg-info to /home/mi/workplace/install/learning/lib/python3.6/site-packages/learning-0.0.0-py3.6.egg-info
[6.320s] running install_scripts
[6.422s] Installing camera script to /home/mi/workplace/install/learning/lib/learning
[6.424s] Installing crash script to /home/mi/workplace/install/learning/lib/learning
[6.425s] Installing data_receive script to /home/mi/workplace/install/learning/lib/learning
[6.427s] Installing get_data script to /home/mi/workplace/install/learning/lib/learning
[6.428s] Installing goal script to /home/mi/workplace/install/learning/lib/learning
[6.436s] Installing keeper script to /home/mi/workplace/install/learning/lib/learning
[6.441s] Installing move_x script to /home/mi/workplace/install/learning/lib/learning
[6.442s] Installing rgb script to /home/mi/workplace/install/learning/lib/learning
[6.442s] Installing rotate script to /home/mi/workplace/install/learning/lib/learning
[6.443s] Installing rotate_until_center1 script to /home/mi/workplace/install/learning/lib/learning
[6.443s] Installing stand script to /home/mi/workplace/install/learning/lib/learning
[6.444s] Installing track script to /home/mi/workplace/install/learning/lib/learning
[6.444s] Installing walk_t_sec script to /home/mi/workplace/install/learning/lib/learning
[6.445s] Installing walktest script to /home/mi/workplace/install/learning/lib/learning
[6.445s] writing list of installed files to '/home/mi/workplace/build/learning/install.log'
[6.561s] Invoked command in '/home/mi/workplace/src/learning' returned '0': PYTHONPATH=/home/mi/workplace/install/learning/lib/python3.6/site-packages:${PYTHONPATH} /usr/bin/python3 setup.py egg_info --egg-base ../../build/learning build --build-base /home/mi/workplace/build/learning/build install --prefix /home/mi/workplace/install/learning --record /home/mi/workplace/build/learning/install.log --single-version-externally-managed
