2024-05-22 21:17:00.320 [info] Experiment 'pythonCreateEnvOnPipInstall' is active
2024-05-22 21:17:00.321 [info] Experiment 'pythonRecommendTensorboardExt' is active
2024-05-22 21:17:00.321 [info] Experiment 'pythonTerminalEnvVarActivation' is active
2024-05-22 21:17:00.321 [info] Experiment 'pythonTestAdapter' is active
2024-05-22 21:17:00.321 [info] Default formatter is set to null for workspace /home/mi
2024-05-22 21:17:00.321 [info] Python interpreter path: /usr/bin/python3
2024-05-22 21:17:00.710 [info] > pyenv which python
2024-05-22 21:17:00.711 [info] cwd: .
2024-05-22 21:17:06.525 [info] Starting Pylance language server.
2024-05-22 21:26:18.193 [info] Discover tests for workspace name: mi - uri: /home/mi/workplace/src/learning/learning/get_data.py
2024-05-22 21:26:21.988 [info] Discover tests for workspace name: mi - uri: /home/mi/workplace/src/learning/learning/get_data.py
2024-05-22 21:36:49.523 [info] Discover tests for workspace name: mi - uri: /home/mi/workplace/src/learning/learning/move_node.py
2024-05-22 21:42:40.276 [info] Discover tests for workspace name: mi - uri: /home/mi/workplace/src/learning/learning/move_node.py
2024-05-22 21:47:10.367 [info] Discover tests for workspace name: mi - uri: /home/mi/workplace/src/learning/learning/move_node.py
2024-05-22 21:48:02.764 [info] Discover tests for workspace name: mi - uri: /home/mi/workplace/src/learning/learning/move_node.py
2024-05-22 21:51:05.085 [info] Discover tests for workspace name: mi - uri: /home/mi/workplace/src/learning/learning/rgb_cam_suber.py
2024-05-22 21:51:22.090 [info] Discover tests for workspace name: mi - uri: /home/mi/workplace/src/learning/learning/rgb_cam_suber.py
2024-05-22 21:55:31.692 [info] Discover tests for workspace name: mi - uri: /home/mi/workplace/src/learning/learning/get_data.py
2024-05-22 22:04:42.049 [info] Discover tests for workspace name: mi - uri: /home/mi/workplace/src/learning/learning/get_data.py
2024-05-22 22:04:59.604 [info] Discover tests for workspace name: mi - uri: /home/mi/workplace/src/learning/learning/get_data.py
2024-05-22 22:05:00.840 [info] Discover tests for workspace name: mi - uri: /home/mi/workplace/src/learning/learning/get_data.py
2024-05-22 22:07:25.679 [info] Discover tests for workspace name: mi - uri: /home/mi/workplace/src/learning/learning/main_node.py
2024-05-22 22:07:26.299 [info] Discover tests for workspace name: mi - uri: /home/mi/workplace/src/learning/learning/main_node.py
2024-05-22 22:07:46.564 [info] Discover tests for workspace name: mi - uri: /home/mi/workplace/src/learning/learning/main_node.py
2024-05-22 22:19:22.985 [info] Discover tests for workspace name: mi - uri: /home/mi/workplace/src/learning/learning/move_node.py
2024-05-22 22:21:07.537 [info] Discover tests for workspace name: mi - uri: /home/mi/workplace/src/learning/learning/main_node.py
2024-05-22 22:21:51.934 [info] Discover tests for workspace name: mi - uri: /home/mi/workplace/src/learning/learning/main_node.py
2024-05-22 22:22:04.400 [info] Discover tests for workspace name: mi - uri: /home/mi/workplace/src/learning/learning/main_node.py
2024-05-22 22:22:05.782 [info] Discover tests for workspace name: mi - uri: /home/mi/workplace/src/learning/learning/move_node.py
2024-05-22 22:22:23.267 [info] Discover tests for workspace name: mi - uri: /home/mi/workplace/src/learning/learning/rotate_to_line.py
2024-05-22 22:22:25.483 [info] Discover tests for workspace name: mi - uri: /home/mi/workplace/src/learning/learning/rgb_cam_suber.py
2024-05-22 22:23:05.481 [info] Discover tests for workspace name: mi - uri: /home/mi/workplace/src/learning/learning/main_node.py
2024-05-22 22:23:06.766 [info] Discover tests for workspace name: mi - uri: /home/mi/workplace/src/learning/learning/move_node.py
2024-05-22 22:25:53.310 [info] Discover tests for workspace name: mi - uri: /home/mi/workplace/src/learning/setup.py
2024-05-22 22:27:14.589 [info] Discover tests for workspace name: mi - uri: /home/mi/workplace/src/learning/setup.py
2024-05-22 22:28:10.772 [info] Discover tests for workspace name: mi - uri: /home/mi/workplace/src/learning/learning/main_node.py
2024-05-22 22:29:20.441 [info] Discover tests for workspace name: mi - uri: /home/mi/workplace/src/learning/learning/main_node.py
2024-05-22 22:30:07.392 [info] Discover tests for workspace name: mi - uri: /home/mi/workplace/src/learning/learning/main_node.py
2024-05-22 22:30:29.731 [info] Discover tests for workspace name: mi - uri: /home/mi/workplace/src/learning/learning/main_node.py
2024-05-22 22:31:15.708 [info] Discover tests for workspace name: mi - uri: /home/mi/workplace/src/learning/learning/main_node.py
2024-05-22 22:31:36.192 [info] Discover tests for workspace name: mi - uri: /home/mi/workplace/src/learning/learning/main_node.py
2024-05-22 22:32:42.627 [info] Discover tests for workspace name: mi - uri: /home/mi/workplace/src/learning/learning/main_node.py
2024-05-22 22:32:56.443 [info] Discover tests for workspace name: mi - uri: /home/mi/workplace/src/learning/learning/move_node.py
2024-05-22 22:35:18.976 [info] Discover tests for workspace name: mi - uri: /home/mi/workplace/src/learning/learning/get_data.py
2024-05-22 22:35:41.374 [info] Discover tests for workspace name: mi - uri: /home/mi/workplace/src/learning/learning/get_data.py
2024-05-22 22:35:50.870 [info] Discover tests for workspace name: mi - uri: /home/mi/workplace/src/learning/learning/get_data.py
2024-05-22 22:36:52.492 [info] Discover tests for workspace name: mi - uri: /home/mi/workplace/src/learning/learning/main_node.py
2024-05-22 22:39:05.811 [info] Discover tests for workspace name: mi - uri: /home/mi/workplace/src/learning/learning/rgb_cam_suber.py
2024-05-22 22:40:42.497 [info] Discover tests for workspace name: mi - uri: /home/mi/workplace/src/learning/learning/get_data.py
2024-05-22 22:44:16.277 [info] Discover tests for workspace name: mi - uri: /home/mi/workplace/src/learning/learning/routine.py
2024-05-22 22:48:46.591 [info] Discover tests for workspace name: mi - uri: /home/mi/workplace/src/learning/learning/routine.py
2024-05-22 22:53:22.728 [info] Discover tests for workspace name: mi - uri: /home/mi/workplace/src/learning/learning/get_data.py
2024-05-22 22:54:07.272 [info] Discover tests for workspace name: mi - uri: /home/mi/workplace/src/learning/learning/main_node.py
2024-05-22 22:56:19.087 [info] Discover tests for workspace name: mi - uri: /home/mi/workplace/src/learning/learning/get_data.py
2024-05-22 22:57:58.987 [info] Discover tests for workspace name: mi - uri: /home/mi/workplace/src/learning/learning/move_node.py
2024-05-22 22:59:30.067 [info] Discover tests for workspace name: mi - uri: /home/mi/workplace/src/learning/learning/move_node.py
2024-05-22 22:59:52.148 [info] Discover tests for workspace name: mi - uri: /home/mi/workplace/src/learning/learning/move_node.py
2024-05-22 23:02:04.013 [info] Discover tests for workspace name: mi - uri: /home/mi/workplace/src/learning/learning/move_node.py
2024-05-22 23:02:26.754 [info] Discover tests for workspace name: mi - uri: /home/mi/workplace/src/learning/learning/move_node.py
2024-05-22 23:03:49.205 [info] Discover tests for workspace name: mi - uri: /home/mi/workplace/src/learning/learning/move_node.py
2024-05-22 23:07:36.935 [info] Discover tests for workspace name: mi - uri: /home/mi/workplace/src/learning/learning/move_node.py
2024-05-22 23:07:42.439 [info] Discover tests for workspace name: mi - uri: /home/mi/workplace/src/learning/learning/move_node.py
2024-05-22 23:10:36.195 [info] Discover tests for workspace name: mi - uri: /home/mi/workplace/src/learning/learning/get_data.py
2024-05-22 23:12:07.550 [info] Discover tests for workspace name: mi - uri: /home/mi/workplace/src/learning/learning/get_data.py
2024-05-22 23:16:09.113 [info] Discover tests for workspace name: mi - uri: /home/mi/workplace/src/learning/learning/get_data.py
2024-05-22 23:16:10.214 [info] Discover tests for workspace name: mi - uri: /home/mi/workplace/src/learning/learning/get_data.py
2024-05-22 23:18:36.671 [info] Discover tests for workspace name: mi - uri: /home/mi/workplace/src/learning/learning/get_data.py
2024-05-22 23:22:00.647 [info] Discover tests for workspace name: mi - uri: /home/mi/workplace/src/learning/learning/main_node.py
2024-05-22 23:22:23.799 [info] Discover tests for workspace name: mi - uri: /home/mi/workplace/src/learning/learning/main_node.py
2024-05-22 23:23:56.675 [info] Discover tests for workspace name: mi - uri: /home/mi/workplace/src/learning/learning/move_node.py
2024-05-22 23:24:18.784 [info] Discover tests for workspace name: mi - uri: /home/mi/workplace/src/learning/learning/get_data.py
2024-05-22 23:24:33.975 [info] Discover tests for workspace name: mi - uri: /home/mi/workplace/src/learning/learning/get_data.py
2024-05-22 23:27:10.247 [info] Discover tests for workspace name: mi - uri: /home/mi/workplace/src/learning/learning/main_node.py
2024-05-22 23:30:50.254 [info] Discover tests for workspace name: mi - uri: /home/mi/workplace/src/learning/learning/get_data.py
2024-05-22 23:33:37.541 [info] Discover tests for workspace name: mi - uri: /home/mi/workplace/src/learning/learning/move_node.py
2024-05-22 23:34:11.303 [info] Discover tests for workspace name: mi - uri: /home/mi/workplace/src/learning/learning/main_node.py
2024-05-22 23:34:44.495 [info] Discover tests for workspace name: mi - uri: /home/mi/workplace/src/learning/learning/move_node.py
2024-05-22 23:52:23.731 [info] Discover tests for workspace name: mi - uri: /home/mi/workplace/src/learning/learning/get_data.py
2024-05-22 23:52:25.827 [info] Discover tests for workspace name: mi - uri: /home/mi/workplace/src/learning/learning/get_data.py
2024-05-22 23:52:27.910 [info] Discover tests for workspace name: mi - uri: /home/mi/workplace/src/learning/learning/move_node.py
2024-05-22 23:52:29.789 [info] Discover tests for workspace name: mi - uri: /home/mi/workplace/src/learning/learning/main_node.py
2024-05-22 23:54:14.656 [info] Discover tests for workspace name: mi - uri: /home/mi/workplace/src/learning/learning/main_node.py
2024-05-22 23:54:58.889 [info] Discover tests for workspace name: mi - uri: /home/mi/workplace/src/learning/learning/main_node.py
2024-05-22 23:55:05.611 [info] Discover tests for workspace name: mi - uri: /home/mi/workplace/src/learning/learning/main_node.py
2024-05-22 23:56:36.907 [info] Discover tests for workspace name: mi - uri: /home/mi/workplace/src/learning/learning/get_data.py
2024-05-22 23:57:22.699 [info] Discover tests for workspace name: mi - uri: /home/mi/workplace/src/learning/learning/main_node.py
2024-05-22 23:57:24.039 [info] Discover tests for workspace name: mi - uri: /home/mi/workplace/src/learning/learning/rgb_cam_suber.py
2024-05-22 23:57:25.198 [info] Discover tests for workspace name: mi - uri: /home/mi/workplace/src/learning/learning/move_node.py
2024-05-22 23:57:26.304 [info] Discover tests for workspace name: mi - uri: /home/mi/workplace/src/learning/learning/get_data.py
2024-05-22 23:59:44.859 [info] Discover tests for workspace name: mi - uri: /home/mi/workplace/src/learning/learning/get_data.py
2024-05-23 00:00:12.051 [info] Discover tests for workspace name: mi - uri: /home/mi/workplace/src/learning/learning/main_node.py
2024-05-23 00:07:14.599 [info] Discover tests for workspace name: mi - uri: /home/mi/workplace/src/learning/learning/move_node.py
2024-05-23 00:07:54.482 [info] Discover tests for workspace name: mi - uri: /home/mi/workplace/src/learning/learning/main_node.py
2024-05-23 00:11:38.072 [info] Discover tests for workspace name: mi - uri: /home/mi/workplace/src/learning/learning/main_node.py
2024-05-23 00:13:31.406 [info] Discover tests for workspace name: mi - uri: /home/mi/workplace/src/learning/learning/get_data.py
2024-05-23 00:13:47.171 [info] Discover tests for workspace name: mi - uri: /home/mi/workplace/src/learning/learning/get_data.py
2024-05-23 00:14:05.701 [info] Discover tests for workspace name: mi - uri: /home/mi/workplace/src/learning/learning/get_data.py
2024-05-23 00:14:16.768 [info] Discover tests for workspace name: mi - uri: /home/mi/workplace/src/learning/learning/get_data.py
2024-05-23 00:20:41.563 [info] Discover tests for workspace name: mi - uri: /home/mi/workplace/src/learning/learning/main_node.py
2024-05-23 00:24:34.482 [info] Discover tests for workspace name: mi - uri: /home/mi/workplace/src/learning/learning/main_node.py
2024-05-23 00:26:13.620 [info] Discover tests for workspace name: mi - uri: /home/mi/workplace/src/learning/learning/move_node.py
2024-05-23 00:28:32.646 [info] Discover tests for workspace name: mi - uri: /home/mi/workplace/src/learning/learning/move_node.py
2024-05-23 00:30:21.880 [info] Discover tests for workspace name: mi - uri: /home/mi/workplace/src/learning/learning/move_node.py
2024-05-23 00:31:16.664 [info] Discover tests for workspace name: mi - uri: /home/mi/workplace/src/learning/learning/move_node.py
2024-05-23 00:34:10.460 [info] Discover tests for workspace name: mi - uri: /home/mi/workplace/src/learning/learning/move_node.py
2024-05-23 00:35:04.678 [info] Discover tests for workspace name: mi - uri: /home/mi/workplace/src/learning/learning/move_node.py
2024-05-23 00:38:38.155 [info] Discover tests for workspace name: mi - uri: /home/mi/workplace/src/learning/learning/test.py
2024-05-23 00:39:04.740 [info] Discover tests for workspace name: mi - uri: /home/mi/workplace/src/learning/setup.py
2024-05-23 00:40:28.367 [info] Discover tests for workspace name: mi - uri: /home/mi/workplace/src/learning/learning/test.py
