[3.782s] Invoking command in '/home/mi/workplace/src/learning': PYTHONPATH=/home/mi/workplace/install/learning/lib/python3.6/site-packages:${PYTHONPATH} /usr/bin/python3 setup.py egg_info --egg-base ../../build/learning build --build-base /home/mi/workplace/build/learning/build install --prefix /home/mi/workplace/install/learning --record /home/mi/workplace/build/learning/install.log --single-version-externally-managed
[5.374s] running egg_info
[5.378s] writing ../../build/learning/learning.egg-info/PKG-INFO
[5.379s] writing dependency_links to ../../build/learning/learning.egg-info/dependency_links.txt
[5.380s] writing entry points to ../../build/learning/learning.egg-info/entry_points.txt
[5.381s] writing requirements to ../../build/learning/learning.egg-info/requires.txt
[5.383s] writing top-level names to ../../build/learning/learning.egg-info/top_level.txt
[5.402s] reading manifest file '../../build/learning/learning.egg-info/SOURCES.txt'
[5.410s] writing manifest file '../../build/learning/learning.egg-info/SOURCES.txt'
[5.411s] running build
[5.412s] running build_py
[5.413s] copying learning/test.py -> /home/mi/workplace/build/learning/build/lib/learning
[5.417s] running install
[5.420s] /usr/local/lib/python3.6/dist-packages/setuptools/command/install.py:37: SetuptoolsDeprecationWarning: setup.py install is deprecated. Use build and pip and other standards-based tools.
[5.420s]   setuptools.SetuptoolsDeprecationWarning,
[5.422s] running install_lib
[5.426s] copying /home/mi/workplace/build/learning/build/lib/learning/test.py -> /home/mi/workplace/install/learning/lib/python3.6/site-packages/learning
[5.430s] byte-compiling /home/mi/workplace/install/learning/lib/python3.6/site-packages/learning/test.py to test.cpython-36.pyc
[5.433s] running install_data
[5.436s] running install_egg_info
[5.444s] removing '/home/mi/workplace/install/learning/lib/python3.6/site-packages/learning-0.0.0-py3.6.egg-info' (and everything under it)
[5.446s] Copying ../../build/learning/learning.egg-info to /home/mi/workplace/install/learning/lib/python3.6/site-packages/learning-0.0.0-py3.6.egg-info
[5.451s] running install_scripts
[5.551s] Installing camera script to /home/mi/workplace/install/learning/lib/learning
[5.552s] Installing crash script to /home/mi/workplace/install/learning/lib/learning
[5.555s] Installing data_receive script to /home/mi/workplace/install/learning/lib/learning
[5.556s] Installing rgb script to /home/mi/workplace/install/learning/lib/learning
[5.557s] Installing rotate_until_center1 script to /home/mi/workplace/install/learning/lib/learning
[5.558s] Installing stand script to /home/mi/workplace/install/learning/lib/learning
[5.558s] Installing test script to /home/mi/workplace/install/learning/lib/learning
[5.559s] Installing track script to /home/mi/workplace/install/learning/lib/learning
[5.559s] Installing walk_t_sec script to /home/mi/workplace/install/learning/lib/learning
[5.560s] Installing walktest script to /home/mi/workplace/install/learning/lib/learning
[5.563s] writing list of installed files to '/home/mi/workplace/build/learning/install.log'
[5.693s] Invoked command in '/home/mi/workplace/src/learning' returned '0': PYTHONPATH=/home/mi/workplace/install/learning/lib/python3.6/site-packages:${PYTHONPATH} /usr/bin/python3 setup.py egg_info --egg-base ../../build/learning build --build-base /home/mi/workplace/build/learning/build install --prefix /home/mi/workplace/install/learning --record /home/mi/workplace/build/learning/install.log --single-version-externally-managed
