2024-05-12 18:55:22.408 [info] 日志级别: Info
2024-05-12 18:55:22.409 [info] 正在验证在以下位置找到的 git: "git"
2024-05-12 18:55:22.409 [info] 将使用位于 "2.17.1" 的 Git "git"
2024-05-12 18:55:22.409 [info] > git rev-parse --show-toplevel [123ms]
2024-05-12 18:55:22.409 [info] > git rev-parse --git-dir --git-common-dir [2670ms]
2024-05-12 18:55:22.409 [info] Open repository: /home/mi
2024-05-12 18:55:22.838 [info] > git rev-parse --show-toplevel [379ms]
2024-05-12 18:55:22.846 [info] > git config --get commit.template [406ms]
2024-05-12 18:55:23.031 [info] > git rev-parse --show-toplevel [151ms]
2024-05-12 18:55:23.179 [info] > git check-ignore -v -z --stdin [119ms]
2024-05-12 18:55:23.193 [info] > git for-each-ref --format=%(refname)%00%(upstream:short)%00%(objectname)%00%(upstream:track)%00%(upstream:remotename)%00%(upstream:remoteref) refs/heads/main refs/remotes/main [188ms]
2024-05-12 18:55:23.898 [info] > git rev-parse --show-toplevel [770ms]
2024-05-12 18:55:24.236 [info] > git rev-parse --show-toplevel [157ms]
2024-05-12 18:55:24.298 [info] > git rev-parse --show-toplevel [41ms]
2024-05-12 18:55:24.367 [info] > git rev-parse --show-toplevel [18ms]
2024-05-12 18:55:24.418 [info] > git rev-parse --show-toplevel [24ms]
2024-05-12 18:55:24.458 [info] > git rev-parse --show-toplevel [16ms]
2024-05-12 18:55:24.485 [info] > git rev-parse --show-toplevel [5ms]
2024-05-12 18:55:24.519 [info] > git rev-parse --show-toplevel [12ms]
2024-05-12 18:55:24.546 [info] > git rev-parse --show-toplevel [6ms]
2024-05-12 18:55:24.582 [info] > git rev-parse --show-toplevel [12ms]
2024-05-12 18:55:24.611 [info] > git rev-parse --show-toplevel [5ms]
2024-05-12 18:55:24.640 [info] > git rev-parse --show-toplevel [6ms]
2024-05-12 18:55:24.666 [info] > git rev-parse --show-toplevel [4ms]
2024-05-12 18:55:24.738 [info] > git rev-parse --show-toplevel [18ms]
2024-05-12 18:55:24.786 [info] > git status -z -uall [494ms]
2024-05-12 18:55:24.787 [info] > git rev-parse --show-toplevel [15ms]
2024-05-12 18:55:29.380 [info] > git merge-base refs/heads/main refs/remotes/origin/main [4263ms]
2024-05-12 18:55:29.411 [info] > git rev-parse --show-toplevel [4598ms]
2024-05-12 18:55:29.465 [info] > git rev-list --count --left-right refs/heads/main...refs/remotes/origin/main [57ms]
2024-05-12 18:55:29.505 [info] > git config --get commit.template [241ms]
2024-05-12 18:55:29.516 [info] > git diff --name-status -z --diff-filter=ADMR 8d6b30f4bf1e51f3b0cd02c16b633a3ca6bedbe1...refs/remotes/origin/main [15ms]
2024-05-12 18:55:29.521 [info] > git rev-parse --show-toplevel [63ms]
2024-05-12 18:55:29.622 [info] > git for-each-ref --format=%(refname)%00%(upstream:short)%00%(objectname)%00%(upstream:track)%00%(upstream:remotename)%00%(upstream:remoteref) refs/heads/main refs/remotes/main [78ms]
2024-05-12 18:55:29.629 [info] > git rev-parse --show-toplevel [59ms]
2024-05-12 18:55:29.678 [info] > git rev-parse --show-toplevel [26ms]
2024-05-12 18:55:29.732 [info] > git rev-parse --show-toplevel [10ms]
2024-05-12 18:55:29.759 [info] > git rev-parse --show-toplevel [6ms]
2024-05-12 18:55:29.788 [info] > git rev-parse --show-toplevel [9ms]
2024-05-12 18:55:29.837 [info] > git rev-parse --show-toplevel [23ms]
2024-05-12 18:55:29.866 [info] > git rev-parse --show-toplevel [6ms]
2024-05-12 18:55:29.894 [info] > git rev-parse --show-toplevel [6ms]
2024-05-12 18:55:29.923 [info] > git rev-parse --show-toplevel [8ms]
2024-05-12 18:55:29.951 [info] > git rev-parse --show-toplevel [5ms]
2024-05-12 18:55:29.978 [info] > git rev-parse --show-toplevel [6ms]
2024-05-12 18:55:30.057 [info] > git show --textconv :README.md [37ms]
2024-05-12 18:55:30.080 [info] > git ls-files --stage -- /home/mi/README.md [33ms]
2024-05-12 18:55:30.120 [info] > git cat-file -s 7b01e21cfe3dad56c8a37ea5f2728290e55d4b0b [16ms]
2024-05-12 18:55:30.135 [info] > git status -z -uall [461ms]
2024-05-12 18:55:53.380 [info] > git config --get commit.template [15ms]
2024-05-12 18:55:53.431 [info] > git for-each-ref --format=%(refname)%00%(upstream:short)%00%(objectname)%00%(upstream:track)%00%(upstream:remotename)%00%(upstream:remoteref) refs/heads/main refs/remotes/main [10ms]
2024-05-12 18:55:54.125 [info] > git status -z -uall [607ms]
2024-05-12 18:57:00.739 [info] > git config --get commit.template [34ms]
2024-05-12 18:57:00.741 [info] > git for-each-ref --format=%(refname)%00%(upstream:short)%00%(objectname)%00%(upstream:track)%00%(upstream:remotename)%00%(upstream:remoteref) refs/heads/main refs/remotes/main [10ms]
2024-05-12 18:57:01.145 [info] > git status -z -uall [373ms]
