[4.020s] Invoking command in '/home/mi/workplace/src/learning': PYTHONPATH=/home/mi/workplace/install/learning/lib/python3.6/site-packages:${PYTHONPATH} /usr/bin/python3 setup.py egg_info --egg-base ../../build/learning build --build-base /home/mi/workplace/build/learning/build install --prefix /home/mi/workplace/install/learning --record /home/mi/workplace/build/learning/install.log --single-version-externally-managed
[5.698s] running egg_info
[5.702s] writing ../../build/learning/learning.egg-info/PKG-INFO
[5.703s] writing dependency_links to ../../build/learning/learning.egg-info/dependency_links.txt
[5.705s] writing entry points to ../../build/learning/learning.egg-info/entry_points.txt
[5.705s] writing requirements to ../../build/learning/learning.egg-info/requires.txt
[5.706s] writing top-level names to ../../build/learning/learning.egg-info/top_level.txt
[5.721s] reading manifest file '../../build/learning/learning.egg-info/SOURCES.txt'
[5.727s] writing manifest file '../../build/learning/learning.egg-info/SOURCES.txt'
[5.727s] running build
[5.728s] running build_py
[5.729s] running install
[5.730s] /usr/local/lib/python3.6/dist-packages/setuptools/command/install.py:37: SetuptoolsDeprecationWarning: setup.py install is deprecated. Use build and pip and other standards-based tools.
[5.731s]   setuptools.SetuptoolsDeprecationWarning,
[5.734s] running install_lib
[5.738s] running install_data
[5.741s] running install_egg_info
[5.749s] removing '/home/mi/workplace/install/learning/lib/python3.6/site-packages/learning-0.0.0-py3.6.egg-info' (and everything under it)
[5.751s] Copying ../../build/learning/learning.egg-info to /home/mi/workplace/install/learning/lib/python3.6/site-packages/learning-0.0.0-py3.6.egg-info
[5.756s] running install_scripts
[5.848s] Installing rgb_cam_suber script to /home/mi/workplace/install/learning/lib/learning
[5.850s] Installing stand script to /home/mi/workplace/install/learning/lib/learning
[5.850s] Installing walktest script to /home/mi/workplace/install/learning/lib/learning
[5.853s] writing list of installed files to '/home/mi/workplace/build/learning/install.log'
[5.976s] Invoked command in '/home/mi/workplace/src/learning' returned '0': PYTHONPATH=/home/mi/workplace/install/learning/lib/python3.6/site-packages:${PYTHONPATH} /usr/bin/python3 setup.py egg_info --egg-base ../../build/learning build --build-base /home/mi/workplace/build/learning/build install --prefix /home/mi/workplace/install/learning --record /home/mi/workplace/build/learning/install.log --single-version-externally-managed
