[4.358s] Invoking command in '/home/mi/workplace/src/learning': PYTHONPATH=/home/mi/workplace/install/learning/lib/python3.6/site-packages:${PYTHONPATH} /usr/bin/python3 setup.py egg_info --egg-base ../../build/learning build --build-base /home/mi/workplace/build/learning/build install --prefix /home/mi/workplace/install/learning --record /home/mi/workplace/build/learning/install.log --single-version-externally-managed
[6.120s] running egg_info
[6.124s] writing ../../build/learning/learning.egg-info/PKG-INFO
[6.127s] writing dependency_links to ../../build/learning/learning.egg-info/dependency_links.txt
[6.128s] writing entry points to ../../build/learning/learning.egg-info/entry_points.txt
[6.129s] writing requirements to ../../build/learning/learning.egg-info/requires.txt
[6.129s] writing top-level names to ../../build/learning/learning.egg-info/top_level.txt
[6.148s] reading manifest file '../../build/learning/learning.egg-info/SOURCES.txt'
[6.157s] writing manifest file '../../build/learning/learning.egg-info/SOURCES.txt'
[6.158s] running build
[6.159s] running build_py
[6.171s] running install
[6.172s] /usr/local/lib/python3.6/dist-packages/setuptools/command/install.py:37: SetuptoolsDeprecationWarning: setup.py install is deprecated. Use build and pip and other standards-based tools.
[6.172s]   setuptools.SetuptoolsDeprecationWarning,
[6.173s] running install_lib
[6.182s] byte-compiling /home/mi/workplace/install/learning/lib/python3.6/site-packages/learning/move_x.py to move_x.cpython-36.pyc
[6.186s]   File "/home/mi/workplace/install/learning/lib/python3.6/site-packages/learning/move_x.py", line 132
[6.186s]     else #球近就快速行走
[6.188s]                 ^
[6.189s] SyntaxError: invalid syntax
[6.189s] 
[6.190s] running install_data
[6.190s] running install_egg_info
[6.202s] removing '/home/mi/workplace/install/learning/lib/python3.6/site-packages/learning-0.0.0-py3.6.egg-info' (and everything under it)
[6.203s] Copying ../../build/learning/learning.egg-info to /home/mi/workplace/install/learning/lib/python3.6/site-packages/learning-0.0.0-py3.6.egg-info
[6.208s] running install_scripts
[6.310s] Installing camera script to /home/mi/workplace/install/learning/lib/learning
[6.313s] Installing crash script to /home/mi/workplace/install/learning/lib/learning
[6.321s] Installing data_receive script to /home/mi/workplace/install/learning/lib/learning
[6.322s] Installing get_data script to /home/mi/workplace/install/learning/lib/learning
[6.323s] Installing goal script to /home/mi/workplace/install/learning/lib/learning
[6.323s] Installing keeper script to /home/mi/workplace/install/learning/lib/learning
[6.324s] Installing main_node script to /home/mi/workplace/install/learning/lib/learning
[6.325s] Installing move_x script to /home/mi/workplace/install/learning/lib/learning
[6.325s] Installing rgb script to /home/mi/workplace/install/learning/lib/learning
[6.328s] Installing rotate script to /home/mi/workplace/install/learning/lib/learning
[6.329s] Installing rotate_until_center1 script to /home/mi/workplace/install/learning/lib/learning
[6.329s] Installing stand script to /home/mi/workplace/install/learning/lib/learning
[6.330s] Installing track script to /home/mi/workplace/install/learning/lib/learning
[6.332s] Installing walk_t_sec script to /home/mi/workplace/install/learning/lib/learning
[6.333s] Installing walktest script to /home/mi/workplace/install/learning/lib/learning
[6.336s] writing list of installed files to '/home/mi/workplace/build/learning/install.log'
[6.464s] Invoked command in '/home/mi/workplace/src/learning' returned '0': PYTHONPATH=/home/mi/workplace/install/learning/lib/python3.6/site-packages:${PYTHONPATH} /usr/bin/python3 setup.py egg_info --egg-base ../../build/learning build --build-base /home/mi/workplace/build/learning/build install --prefix /home/mi/workplace/install/learning --record /home/mi/workplace/build/learning/install.log --single-version-externally-managed
