[4.144s] Invoking command in '/home/mi/workplace/src/learning': PYTHONPATH=/home/mi/workplace/install/learning/lib/python3.6/site-packages:${PYTHONPATH} /usr/bin/python3 setup.py egg_info --egg-base ../../build/learning build --build-base /home/mi/workplace/build/learning/build install --prefix /home/mi/workplace/install/learning --record /home/mi/workplace/build/learning/install.log --single-version-externally-managed
[5.711s] running egg_info
[5.714s] writing ../../build/learning/learning.egg-info/PKG-INFO
[5.716s] writing dependency_links to ../../build/learning/learning.egg-info/dependency_links.txt
[5.719s] writing entry points to ../../build/learning/learning.egg-info/entry_points.txt
[5.720s] writing requirements to ../../build/learning/learning.egg-info/requires.txt
[5.720s] writing top-level names to ../../build/learning/learning.egg-info/top_level.txt
[5.742s] reading manifest file '../../build/learning/learning.egg-info/SOURCES.txt'
[5.752s] writing manifest file '../../build/learning/learning.egg-info/SOURCES.txt'
[5.753s] running build
[5.753s] running build_py
[5.756s] copying learning/main_node.py -> /home/mi/workplace/build/learning/build/lib/learning
[5.765s] running install
[5.766s] /usr/local/lib/python3.6/dist-packages/setuptools/command/install.py:37: SetuptoolsDeprecationWarning: setup.py install is deprecated. Use build and pip and other standards-based tools.
[5.767s]   setuptools.SetuptoolsDeprecationWarning,
[5.768s] running install_lib
[5.772s] copying /home/mi/workplace/build/learning/build/lib/learning/main_node.py -> /home/mi/workplace/install/learning/lib/python3.6/site-packages/learning
[5.778s] byte-compiling /home/mi/workplace/install/learning/lib/python3.6/site-packages/learning/main_node.py to main_node.cpython-36.pyc
[5.784s] running install_data
[5.787s] running install_egg_info
[5.794s] removing '/home/mi/workplace/install/learning/lib/python3.6/site-packages/learning-0.0.0-py3.6.egg-info' (and everything under it)
[5.796s] Copying ../../build/learning/learning.egg-info to /home/mi/workplace/install/learning/lib/python3.6/site-packages/learning-0.0.0-py3.6.egg-info
[5.801s] running install_scripts
[5.891s] Installing camera script to /home/mi/workplace/install/learning/lib/learning
[5.895s] Installing crash script to /home/mi/workplace/install/learning/lib/learning
[5.896s] Installing data_receive script to /home/mi/workplace/install/learning/lib/learning
[5.897s] Installing get_data script to /home/mi/workplace/install/learning/lib/learning
[5.897s] Installing goal script to /home/mi/workplace/install/learning/lib/learning
[5.899s] Installing keeper script to /home/mi/workplace/install/learning/lib/learning
[5.900s] Installing main script to /home/mi/workplace/install/learning/lib/learning
[5.902s] Installing move_x script to /home/mi/workplace/install/learning/lib/learning
[5.902s] Installing rgb script to /home/mi/workplace/install/learning/lib/learning
[5.903s] Installing rotate script to /home/mi/workplace/install/learning/lib/learning
[5.903s] Installing rotate_until_center1 script to /home/mi/workplace/install/learning/lib/learning
[5.904s] Installing sit script to /home/mi/workplace/install/learning/lib/learning
[5.904s] Installing stand script to /home/mi/workplace/install/learning/lib/learning
[5.905s] Installing test script to /home/mi/workplace/install/learning/lib/learning
[5.905s] Installing track script to /home/mi/workplace/install/learning/lib/learning
[5.906s] Installing walk_t_sec script to /home/mi/workplace/install/learning/lib/learning
[5.906s] Installing walktest script to /home/mi/workplace/install/learning/lib/learning
[5.908s] writing list of installed files to '/home/mi/workplace/build/learning/install.log'
[6.022s] Invoked command in '/home/mi/workplace/src/learning' returned '0': PYTHONPATH=/home/mi/workplace/install/learning/lib/python3.6/site-packages:${PYTHONPATH} /usr/bin/python3 setup.py egg_info --egg-base ../../build/learning build --build-base /home/mi/workplace/build/learning/build install --prefix /home/mi/workplace/install/learning --record /home/mi/workplace/build/learning/install.log --single-version-externally-managed
