2024-05-02 22:28:44.346 [info] 日志级别: Info
2024-05-02 22:28:44.346 [info] 正在验证在以下位置找到的 git: "git"
2024-05-02 22:28:44.346 [info] 将使用位于 "2.17.1" 的 Git "git"
2024-05-02 22:28:44.346 [info] > git rev-parse --show-toplevel [57ms]
2024-05-02 22:28:44.346 [info] fatal: not a git repository (or any of the parent directories): .git
2024-05-02 22:28:44.346 [info] > git rev-parse --show-toplevel [10ms]
2024-05-02 22:28:44.346 [info] fatal: not a git repository (or any of the parent directories): .git
2024-05-02 22:28:44.386 [info] > git rev-parse --show-toplevel [13ms]
2024-05-02 22:28:44.424 [info] > git rev-parse --git-dir --git-common-dir [10ms]
2024-05-02 22:28:44.514 [info] Open repository: /home/mi
2024-05-02 22:28:44.608 [info] > git config --get commit.template [39ms]
2024-05-02 22:28:44.660 [info] > git for-each-ref --format=%(refname)%00%(upstream:short)%00%(objectname)%00%(upstream:track)%00%(upstream:remotename)%00%(upstream:remoteref) refs/heads/main refs/remotes/main [20ms]
2024-05-02 22:28:45.411 [info] > git check-ignore -v -z --stdin [70ms]
2024-05-02 22:28:47.267 [info] > git status -z -uall [2575ms] (cancelled)
2024-05-02 22:28:52.636 [info] > git check-ignore -v -z --stdin [21ms]
2024-05-02 22:28:56.049 [info] > git check-ignore -v -z --stdin [29ms]
2024-05-02 22:29:42.991 [info] > git rev-parse --show-toplevel [6ms]
2024-05-02 22:29:42.991 [info] fatal: not a git repository (or any of the parent directories): .git
2024-05-02 22:29:43.022 [info] > git rev-parse --show-toplevel [13ms]
2024-05-02 22:29:43.022 [info] fatal: not a git repository (or any of the parent directories): .git
2024-05-02 22:29:53.497 [info] > git check-ignore -v -z --stdin [16ms]
2024-05-02 22:29:56.254 [info] > git check-ignore -v -z --stdin [22ms]
2024-05-02 22:29:58.363 [info] > git check-ignore -v -z --stdin [20ms]
2024-05-02 22:30:01.292 [info] > git show --textconv :workplace/src/learning/learning/rgb_cam_suber.py [45ms]
2024-05-02 22:30:03.564 [info] > git ls-files --stage -- /home/mi/workplace/src/learning/learning/rgb_cam_suber.py [2295ms]
2024-05-02 22:30:07.272 [info] > git show --textconv :workplace/src/learning/learning/track.py [35ms]
2024-05-02 22:30:07.314 [info] > git ls-files --stage -- /home/mi/workplace/src/learning/learning/track.py [51ms]
2024-05-02 22:30:21.834 [info] > git show --textconv :stereo_camera.bash [29ms]
2024-05-02 22:30:21.849 [info] > git ls-files --stage -- /home/mi/stereo_camera.bash [18ms]
