running egg_info
writing ../../build/learning/learning.egg-info/PKG-INFO
writing dependency_links to ../../build/learning/learning.egg-info/dependency_links.txt
writing entry points to ../../build/learning/learning.egg-info/entry_points.txt
writing requirements to ../../build/learning/learning.egg-info/requires.txt
writing top-level names to ../../build/learning/learning.egg-info/top_level.txt
reading manifest file '../../build/learning/learning.egg-info/SOURCES.txt'
writing manifest file '../../build/learning/learning.egg-info/SOURCES.txt'
running build
running build_py
copying learning/stand.py -> /home/mi/workplace/build/learning/build/lib/learning
running install
/usr/local/lib/python3.6/dist-packages/setuptools/command/install.py:37: SetuptoolsDeprecationWarning: setup.py install is deprecated. Use build and pip and other standards-based tools.
  setuptools.SetuptoolsDeprecationWarning,
running install_lib
copying /home/mi/workplace/build/learning/build/lib/learning/stand.py -> /home/mi/workplace/install/learning/lib/python3.6/site-packages/learning
byte-compiling /home/mi/workplace/install/learning/lib/python3.6/site-packages/learning/stand.py to stand.cpython-36.pyc
running install_data
copying package.xml -> /home/mi/workplace/install/learning/share/learning
running install_egg_info
removing '/home/mi/workplace/install/learning/lib/python3.6/site-packages/learning-0.0.0-py3.6.egg-info' (and everything under it)
Copying ../../build/learning/learning.egg-info to /home/mi/workplace/install/learning/lib/python3.6/site-packages/learning-0.0.0-py3.6.egg-info
running install_scripts
Installing stand script to /home/mi/workplace/install/learning/lib/learning
Installing walktest script to /home/mi/workplace/install/learning/lib/learning
writing list of installed files to '/home/mi/workplace/build/learning/install.log'
