[4.250s] Invoking command in '/home/mi/workplace/src/learning': PYTHONPATH=/home/mi/workplace/install/learning/lib/python3.6/site-packages:${PYTHONPATH} /usr/bin/python3 setup.py egg_info --egg-base ../../build/learning build --build-base /home/mi/workplace/build/learning/build install --prefix /home/mi/workplace/install/learning --record /home/mi/workplace/build/learning/install.log --single-version-externally-managed
[5.890s] running egg_info
[5.896s] writing ../../build/learning/learning.egg-info/PKG-INFO
[5.896s] writing dependency_links to ../../build/learning/learning.egg-info/dependency_links.txt
[5.897s] writing entry points to ../../build/learning/learning.egg-info/entry_points.txt
[5.897s] writing requirements to ../../build/learning/learning.egg-info/requires.txt
[5.898s] writing top-level names to ../../build/learning/learning.egg-info/top_level.txt
[5.911s] reading manifest file '../../build/learning/learning.egg-info/SOURCES.txt'
[5.918s] writing manifest file '../../build/learning/learning.egg-info/SOURCES.txt'
[5.919s] running build
[5.920s] running build_py
[5.924s] copying learning/stand.py -> /home/mi/workplace/build/learning/build/lib/learning
[5.924s] running install
[5.927s] /usr/local/lib/python3.6/dist-packages/setuptools/command/install.py:37: SetuptoolsDeprecationWarning: setup.py install is deprecated. Use build and pip and other standards-based tools.
[5.928s]   setuptools.SetuptoolsDeprecationWarning,
[5.928s] running install_lib
[5.930s] copying /home/mi/workplace/build/learning/build/lib/learning/stand.py -> /home/mi/workplace/install/learning/lib/python3.6/site-packages/learning
[5.932s] byte-compiling /home/mi/workplace/install/learning/lib/python3.6/site-packages/learning/stand.py to stand.cpython-36.pyc
[5.934s] running install_data
[5.937s] copying package.xml -> /home/mi/workplace/install/learning/share/learning
[5.938s] running install_egg_info
[5.947s] removing '/home/mi/workplace/install/learning/lib/python3.6/site-packages/learning-0.0.0-py3.6.egg-info' (and everything under it)
[5.948s] Copying ../../build/learning/learning.egg-info to /home/mi/workplace/install/learning/lib/python3.6/site-packages/learning-0.0.0-py3.6.egg-info
[5.953s] running install_scripts
[6.046s] Installing stand script to /home/mi/workplace/install/learning/lib/learning
[6.047s] Installing walktest script to /home/mi/workplace/install/learning/lib/learning
[6.051s] writing list of installed files to '/home/mi/workplace/build/learning/install.log'
[6.178s] Invoked command in '/home/mi/workplace/src/learning' returned '0': PYTHONPATH=/home/mi/workplace/install/learning/lib/python3.6/site-packages:${PYTHONPATH} /usr/bin/python3 setup.py egg_info --egg-base ../../build/learning build --build-base /home/mi/workplace/build/learning/build install --prefix /home/mi/workplace/install/learning --record /home/mi/workplace/build/learning/install.log --single-version-externally-managed
