[4.055s] Invoking command in '/home/mi/workplace/src/learning': PYTHONPATH=/home/mi/workplace/install/learning/lib/python3.6/site-packages:${PYTHONPATH} /usr/bin/python3 setup.py egg_info --egg-base ../../build/learning build --build-base /home/mi/workplace/build/learning/build install --prefix /home/mi/workplace/install/learning --record /home/mi/workplace/build/learning/install.log --single-version-externally-managed
[5.769s] running egg_info
[5.772s] writing ../../build/learning/learning.egg-info/PKG-INFO
[5.778s] writing dependency_links to ../../build/learning/learning.egg-info/dependency_links.txt
[5.779s] writing entry points to ../../build/learning/learning.egg-info/entry_points.txt
[5.784s] writing requirements to ../../build/learning/learning.egg-info/requires.txt
[5.785s] writing top-level names to ../../build/learning/learning.egg-info/top_level.txt
[5.796s] reading manifest file '../../build/learning/learning.egg-info/SOURCES.txt'
[5.805s] writing manifest file '../../build/learning/learning.egg-info/SOURCES.txt'
[5.805s] running build
[5.806s] running build_py
[5.813s] copying learning/walk_t_sec.py -> /home/mi/workplace/build/learning/build/lib/learning
[5.814s] running install
[5.814s] /usr/local/lib/python3.6/dist-packages/setuptools/command/install.py:37: SetuptoolsDeprecationWarning: setup.py install is deprecated. Use build and pip and other standards-based tools.
[5.815s]   setuptools.SetuptoolsDeprecationWarning,
[5.815s] running install_lib
[5.819s] copying /home/mi/workplace/build/learning/build/lib/learning/walk_t_sec.py -> /home/mi/workplace/install/learning/lib/python3.6/site-packages/learning
[5.823s] byte-compiling /home/mi/workplace/install/learning/lib/python3.6/site-packages/learning/walk_t_sec.py to walk_t_sec.cpython-36.pyc
[5.824s]   File "/home/mi/workplace/install/learning/lib/python3.6/site-packages/learning/walk_t_sec.py", line 8
[5.824s]     def __init__(self, name,mode,(float)speed):
[5.825s]                                  ^
[5.825s] SyntaxError: invalid syntax
[5.826s] 
[5.827s] running install_data
[5.829s] running install_egg_info
[5.837s] removing '/home/mi/workplace/install/learning/lib/python3.6/site-packages/learning-0.0.0-py3.6.egg-info' (and everything under it)
[5.839s] Copying ../../build/learning/learning.egg-info to /home/mi/workplace/install/learning/lib/python3.6/site-packages/learning-0.0.0-py3.6.egg-info
[5.843s] running install_scripts
[5.952s] Installing camera script to /home/mi/workplace/install/learning/lib/learning
[5.953s] Installing crash script to /home/mi/workplace/install/learning/lib/learning
[5.954s] Installing data_receive script to /home/mi/workplace/install/learning/lib/learning
[5.963s] Installing rgb script to /home/mi/workplace/install/learning/lib/learning
[5.963s] Installing rotate_until_center1 script to /home/mi/workplace/install/learning/lib/learning
[5.964s] Installing stand script to /home/mi/workplace/install/learning/lib/learning
[5.971s] Installing test script to /home/mi/workplace/install/learning/lib/learning
[5.971s] Installing track script to /home/mi/workplace/install/learning/lib/learning
[5.972s] Installing walk_t_sec script to /home/mi/workplace/install/learning/lib/learning
[5.975s] Installing walktest script to /home/mi/workplace/install/learning/lib/learning
[5.976s] writing list of installed files to '/home/mi/workplace/build/learning/install.log'
[6.104s] Invoked command in '/home/mi/workplace/src/learning' returned '0': PYTHONPATH=/home/mi/workplace/install/learning/lib/python3.6/site-packages:${PYTHONPATH} /usr/bin/python3 setup.py egg_info --egg-base ../../build/learning build --build-base /home/mi/workplace/build/learning/build install --prefix /home/mi/workplace/install/learning --record /home/mi/workplace/build/learning/install.log --single-version-externally-managed
