[4.215s] Invoking command in '/home/mi/workplace/src/learning': PYTHONPATH=/home/mi/workplace/install/learning/lib/python3.6/site-packages:${PYTHONPATH} /usr/bin/python3 setup.py egg_info --egg-base ../../build/learning build --build-base /home/mi/workplace/build/learning/build install --prefix /home/mi/workplace/install/learning --record /home/mi/workplace/build/learning/install.log --single-version-externally-managed
[5.966s] running egg_info
[5.970s] writing ../../build/learning/learning.egg-info/PKG-INFO
[5.974s] writing dependency_links to ../../build/learning/learning.egg-info/dependency_links.txt
[5.975s] writing entry points to ../../build/learning/learning.egg-info/entry_points.txt
[5.980s] writing requirements to ../../build/learning/learning.egg-info/requires.txt
[5.982s] writing top-level names to ../../build/learning/learning.egg-info/top_level.txt
[5.997s] reading manifest file '../../build/learning/learning.egg-info/SOURCES.txt'
[6.004s] writing manifest file '../../build/learning/learning.egg-info/SOURCES.txt'
[6.004s] running build
[6.005s] running build_py
[6.012s] running install
[6.017s] /usr/local/lib/python3.6/dist-packages/setuptools/command/install.py:37: SetuptoolsDeprecationWarning: setup.py install is deprecated. Use build and pip and other standards-based tools.
[6.017s]   setuptools.SetuptoolsDeprecationWarning,
[6.018s] running install_lib
[6.028s] running install_data
[6.034s] running install_egg_info
[6.041s] removing '/home/mi/workplace/install/learning/lib/python3.6/site-packages/learning-0.0.0-py3.6.egg-info' (and everything under it)
[6.043s] Copying ../../build/learning/learning.egg-info to /home/mi/workplace/install/learning/lib/python3.6/site-packages/learning-0.0.0-py3.6.egg-info
[6.047s] running install_scripts
[6.144s] Installing camera script to /home/mi/workplace/install/learning/lib/learning
[6.148s] Installing crash script to /home/mi/workplace/install/learning/lib/learning
[6.149s] Installing data_receive script to /home/mi/workplace/install/learning/lib/learning
[6.150s] Installing get_data script to /home/mi/workplace/install/learning/lib/learning
[6.151s] Installing goal script to /home/mi/workplace/install/learning/lib/learning
[6.152s] Installing keeper script to /home/mi/workplace/install/learning/lib/learning
[6.153s] Installing main script to /home/mi/workplace/install/learning/lib/learning
[6.155s] Installing move_x script to /home/mi/workplace/install/learning/lib/learning
[6.156s] Installing rgb script to /home/mi/workplace/install/learning/lib/learning
[6.156s] Installing rotate script to /home/mi/workplace/install/learning/lib/learning
[6.157s] Installing rotate_until_center1 script to /home/mi/workplace/install/learning/lib/learning
[6.157s] Installing sit script to /home/mi/workplace/install/learning/lib/learning
[6.158s] Installing stand script to /home/mi/workplace/install/learning/lib/learning
[6.158s] Installing track script to /home/mi/workplace/install/learning/lib/learning
[6.159s] Installing walk_t_sec script to /home/mi/workplace/install/learning/lib/learning
[6.159s] Installing walktest script to /home/mi/workplace/install/learning/lib/learning
[6.163s] writing list of installed files to '/home/mi/workplace/build/learning/install.log'
[6.283s] Invoked command in '/home/mi/workplace/src/learning' returned '0': PYTHONPATH=/home/mi/workplace/install/learning/lib/python3.6/site-packages:${PYTHONPATH} /usr/bin/python3 setup.py egg_info --egg-base ../../build/learning build --build-base /home/mi/workplace/build/learning/build install --prefix /home/mi/workplace/install/learning --record /home/mi/workplace/build/learning/install.log --single-version-externally-managed
