2024-05-22 21:17:00.989 [info] Log level: Info
2024-05-22 21:17:00.989 [info] Validating found git in: "git"
2024-05-22 21:17:00.989 [info] Using git "2.17.1" from "git"
2024-05-22 21:17:00.989 [info] > git rev-parse --show-toplevel [852ms]
2024-05-22 21:17:00.989 [info] > git rev-parse --git-dir --git-common-dir [229ms]
2024-05-22 21:17:00.989 [info] Open repository: /home/mi
2024-05-22 21:17:01.326 [info] > git rev-parse --show-toplevel [249ms]
2024-05-22 21:17:01.326 [info] fatal: not a git repository (or any of the parent directories): .git
2024-05-22 21:17:01.332 [info] > git config --get commit.template [286ms]
2024-05-22 21:17:01.559 [info] > git rev-parse --show-toplevel [194ms]
2024-05-22 21:17:01.902 [info] > git for-each-ref --format=%(refname)%00%(upstream:short)%00%(objectname)%00%(upstream:track)%00%(upstream:remotename)%00%(upstream:remoteref) refs/heads/whf_play refs/remotes/whf_play [404ms]
2024-05-22 21:17:02.244 [info] > git check-ignore -v -z --stdin [264ms]
2024-05-22 21:17:02.294 [info] > git rev-parse --show-toplevel [491ms]
2024-05-22 21:17:03.216 [info] > git status -z -uall [1286ms] (cancelled)
2024-05-22 21:17:03.217 [info] > git rev-parse --show-toplevel [369ms]
2024-05-22 21:17:03.690 [info] > git rev-parse --show-toplevel [427ms]
2024-05-22 21:17:04.453 [info] > git rev-parse --show-toplevel [582ms]
2024-05-22 21:17:04.515 [info] > git rev-parse --show-toplevel [37ms]
2024-05-22 21:17:04.561 [info] > git rev-parse --show-toplevel [28ms]
2024-05-22 21:17:04.587 [info] > git rev-parse --show-toplevel [6ms]
2024-05-22 21:17:04.618 [info] > git check-ignore -v -z --stdin [66ms]
2024-05-22 21:17:04.626 [info] > git rev-parse --show-toplevel [21ms]
2024-05-22 21:17:04.700 [info] > git rev-parse --show-toplevel [56ms]
2024-05-22 21:17:04.748 [info] > git rev-parse --show-toplevel [19ms]
2024-05-22 21:17:04.793 [info] > git rev-parse --show-toplevel [27ms]
2024-05-22 21:17:04.823 [info] > git rev-parse --show-toplevel [4ms]
2024-05-22 21:17:04.848 [info] > git rev-parse --show-toplevel [5ms]
2024-05-22 21:17:04.871 [info] > git rev-parse --show-toplevel [5ms]
2024-05-22 21:17:04.896 [info] > git rev-parse --show-toplevel [5ms]
2024-05-22 21:17:04.962 [info] > git rev-parse --show-toplevel [46ms]
2024-05-22 21:17:04.983 [info] > git rev-parse --show-toplevel [4ms]
2024-05-22 21:17:05.007 [info] > git rev-parse --show-toplevel [5ms]
2024-05-22 21:17:05.034 [info] > git rev-parse --show-toplevel [9ms]
2024-05-22 21:17:05.055 [info] > git rev-parse --show-toplevel [4ms]
2024-05-22 21:17:05.298 [info] > git rev-parse --show-toplevel [226ms]
2024-05-22 21:17:05.385 [info] > git check-ignore -v -z --stdin [63ms]
2024-05-22 21:17:05.390 [info] > git rev-parse --show-toplevel [47ms]
2024-05-22 21:17:05.681 [info] > git rev-parse --show-toplevel [59ms]
2024-05-22 21:17:06.199 [info] > git rev-parse --show-toplevel [499ms]
2024-05-22 21:17:06.318 [info] > git rev-parse --show-toplevel [84ms]
2024-05-22 21:17:06.625 [info] > git rev-parse --show-toplevel [280ms]
2024-05-22 21:17:07.037 [info] > git rev-parse --show-toplevel [350ms]
2024-05-22 21:17:07.378 [info] > git rev-parse --show-toplevel [298ms]
2024-05-22 21:17:07.514 [info] > git rev-parse --show-toplevel [105ms]
2024-05-22 21:17:07.763 [info] > git rev-parse --show-toplevel [218ms]
2024-05-22 21:17:08.013 [info] > git show --textconv :Downloads/lcm/lcm-python/lcm/__init__.py [219ms]
2024-05-22 21:17:08.014 [info] > git show --textconv :workplace/src/lcm/lcm/get_msg_from_lcm.py [169ms]
2024-05-22 21:17:08.014 [info] > git show --textconv :workplace/src/lcm/lcm/global_to_robot.lcm [98ms]
2024-05-22 21:17:08.015 [info] > git check-ignore -v -z --stdin [50ms]
2024-05-22 21:17:08.018 [info] > git ls-files --stage -- /home/mi/workplace/src/lcm/lcm/global_to_robot.lcm [78ms]
2024-05-22 21:17:08.027 [info] > git ls-files --stage -- /home/mi/workplace/src/lcm/lcm/get_msg_from_lcm.py [152ms]
2024-05-22 21:17:08.032 [info] > git ls-files --stage -- /home/mi/Downloads/lcm/lcm-python/lcm/__init__.py [213ms]
2024-05-22 21:17:08.048 [info] > git rev-parse --show-toplevel [56ms]
2024-05-22 21:17:08.498 [info] > git rev-parse --git-dir --git-common-dir [62ms]
2024-05-22 21:17:08.521 [info] Open repository: /home/mi/Downloads/lcm
2024-05-22 21:17:08.611 [info] > git rev-parse --show-toplevel [41ms]
2024-05-22 21:17:08.611 [info] fatal: not a git repository (or any of the parent directories): .git
2024-05-22 21:17:08.616 [info] > git config --get commit.template [66ms]
2024-05-22 21:17:08.669 [info] > git for-each-ref --format=%(refname)%00%(upstream:short)%00%(objectname)%00%(upstream:track)%00%(upstream:remotename)%00%(upstream:remoteref) refs/heads/master refs/remotes/master [26ms]
2024-05-22 21:17:08.695 [warning] ENOENT: no such file or directory, open '/home/mi/Downloads/lcm/.git/refs/remotes/origin/master'
2024-05-22 21:17:08.700 [info] > git rev-parse refs/remotes/origin/master [5ms]
2024-05-22 21:17:09.062 [info] > git ls-files --stage -- /home/mi/workplace/src/lcm/lcm/teest.py [19ms]
2024-05-22 21:17:09.076 [info] > git show --textconv :workplace/src/lcm/lcm/teest.py [58ms]
2024-05-22 21:17:09.257 [info] > git check-ignore -v -z --stdin [112ms]
2024-05-22 21:17:09.411 [info] > git status -z -uall [687ms]
2024-05-22 21:17:09.574 [info] > git merge-base refs/heads/master refs/remotes/origin/master [126ms]
2024-05-22 21:17:09.621 [info] > git rev-list --count --left-right refs/heads/master...refs/remotes/origin/master [18ms]
2024-05-22 21:17:09.644 [info] > git config --get commit.template [130ms]
2024-05-22 21:17:09.756 [info] > git diff --name-status -z --diff-filter=ADMR e72f1baccadcd2a367d1612ba102ce004b03f0ca...refs/remotes/origin/master [114ms]
2024-05-22 21:17:10.112 [info] > git show --textconv :workplace/src/lcm/lcm/test.py [39ms]
2024-05-22 21:17:10.128 [info] > git for-each-ref --format=%(refname)%00%(upstream:short)%00%(objectname)%00%(upstream:track)%00%(upstream:remotename)%00%(upstream:remoteref) refs/heads/master refs/remotes/master [345ms]
2024-05-22 21:17:10.164 [warning] ENOENT: no such file or directory, open '/home/mi/Downloads/lcm/.git/refs/remotes/origin/master'
2024-05-22 21:17:10.183 [info] > git ls-files --stage -- /home/mi/workplace/src/lcm/lcm/test.py [79ms]
2024-05-22 21:17:10.188 [info] > git rev-parse refs/remotes/origin/master [24ms]
2024-05-22 21:17:10.492 [info] > git status -z -uall [280ms]
2024-05-22 21:17:10.821 [info] > git show --textconv :workplace/src/lcm/lcm/teest.py [62ms]
2024-05-22 21:17:10.863 [info] > git ls-files --stage -- /home/mi/workplace/src/lcm/lcm/teest.py [70ms]
2024-05-22 21:17:11.151 [info] > git check-ignore -v -z --stdin [23ms]
2024-05-22 21:17:12.094 [info] > git check-ignore -v -z --stdin [19ms]
2024-05-22 21:17:12.976 [info] > git check-ignore -v -z --stdin [27ms]
2024-05-22 21:17:13.945 [info] > git show --textconv :workplace/src/learning/learning/walk_t_sec.py [73ms]
2024-05-22 21:17:13.953 [info] > git ls-files --stage -- /home/mi/workplace/src/learning/learning/walk_t_sec.py [33ms]
2024-05-22 21:17:14.005 [info] > git cat-file -s 5e3ba503b0b5def449bb3e5f24d4e2d127db49d4 [6ms]
2024-05-22 21:17:14.395 [info] > git check-ignore -v -z --stdin [140ms]
2024-05-22 21:17:15.201 [info] > git check-ignore -v -z --stdin [102ms]
2024-05-22 21:17:15.204 [info] > git show --textconv :workplace/src/learning/learning/get_data.py [41ms]
2024-05-22 21:17:15.218 [info] > git ls-files --stage -- /home/mi/workplace/src/learning/learning/get_data.py [32ms]
2024-05-22 21:17:15.289 [info] > git cat-file -s 1f6f451efbd6391953f9c6a5e4e9b5aad855c071 [29ms]
2024-05-22 21:17:16.653 [info] > git ls-files --stage -- /home/mi/workplace/src/ai/package.xml [37ms]
2024-05-22 21:17:16.715 [info] > git show --textconv :workplace/src/ai/package.xml [129ms]
2024-05-22 21:17:16.729 [info] > git cat-file -s 2ce062445d0b1a7165770cd3f721d52695061844 [24ms]
2024-05-22 21:17:17.507 [info] > git check-ignore -v -z --stdin [287ms]
2024-05-22 21:17:35.068 [info] > git check-ignore -v -z --stdin [15ms]
2024-05-22 21:17:38.246 [info] > git show --textconv :workplace/src/learning/learning/striker.py [67ms]
2024-05-22 21:17:38.283 [info] > git ls-files --stage -- /home/mi/workplace/src/learning/learning/striker.py [74ms]
2024-05-22 21:17:38.322 [info] > git cat-file -s a4a2c95790e87b0c06f5e72b1611ca14e050e365 [12ms]
2024-05-22 21:17:45.777 [info] > git show --textconv :workplace/src/learning/learning/main_node.py [36ms]
2024-05-22 21:17:45.785 [info] > git ls-files --stage -- /home/mi/workplace/src/learning/learning/main_node.py [19ms]
2024-05-22 21:17:45.850 [info] > git cat-file -s 51799abc4a9a635daef6244f4f8fdc9eb68f4443 [30ms]
2024-05-22 21:20:39.870 [info] > git check-ignore -v -z --stdin [20ms]
2024-05-22 21:20:46.672 [info] > git show --textconv :workplace/src/learning/learning/move_node.py [31ms]
2024-05-22 21:20:46.680 [info] > git ls-files --stage -- /home/mi/workplace/src/learning/learning/move_node.py [17ms]
2024-05-22 21:20:46.944 [info] > git check-ignore -v -z --stdin [32ms]
2024-05-22 21:24:40.509 [info] > git check-ignore -v -z --stdin [13ms]
2024-05-22 21:24:47.305 [info] > git show --textconv :workplace/src/learning/learning/shoot.py [27ms]
2024-05-22 21:24:47.313 [info] > git ls-files --stage -- /home/mi/workplace/src/learning/learning/shoot.py [13ms]
2024-05-22 21:24:47.581 [info] > git check-ignore -v -z --stdin [26ms]
2024-05-22 21:25:05.904 [info] > git show --textconv :workplace/src/learning/learning/main_node.py [35ms]
2024-05-22 21:25:05.909 [info] > git ls-files --stage -- /home/mi/workplace/src/learning/learning/main_node.py [17ms]
2024-05-22 21:25:05.934 [info] > git cat-file -s 51799abc4a9a635daef6244f4f8fdc9eb68f4443 [7ms]
2024-05-22 21:25:07.572 [info] > git show --textconv :workplace/src/learning/learning/move_node.py [29ms]
2024-05-22 21:25:07.585 [info] > git ls-files --stage -- /home/mi/workplace/src/learning/learning/move_node.py [24ms]
2024-05-22 21:25:58.684 [info] > git show --textconv :workplace/src/learning/learning/get_data.py [35ms]
2024-05-22 21:25:58.702 [info] > git ls-files --stage -- /home/mi/workplace/src/learning/learning/get_data.py [29ms]
2024-05-22 21:25:58.729 [info] > git cat-file -s 1f6f451efbd6391953f9c6a5e4e9b5aad855c071 [10ms]
2024-05-22 21:26:25.520 [info] > git show --textconv :workplace/src/learning/learning/move_node.py [33ms]
2024-05-22 21:26:25.527 [info] > git ls-files --stage -- /home/mi/workplace/src/learning/learning/move_node.py [18ms]
2024-05-22 21:27:04.948 [info] > git show --textconv :workplace/src/learning/learning/get_data.py [36ms]
2024-05-22 21:27:04.953 [info] > git ls-files --stage -- /home/mi/workplace/src/learning/learning/get_data.py [19ms]
2024-05-22 21:27:04.981 [info] > git cat-file -s 1f6f451efbd6391953f9c6a5e4e9b5aad855c071 [9ms]
2024-05-22 21:27:14.150 [info] > git show --textconv :workplace/src/learning/learning/move_node.py [53ms]
2024-05-22 21:27:14.163 [info] > git ls-files --stage -- /home/mi/workplace/src/learning/learning/move_node.py [29ms]
2024-05-22 21:28:46.215 [info] > git show --textconv :workplace/src/learning/learning/get_data.py [31ms]
2024-05-22 21:28:46.221 [info] > git ls-files --stage -- /home/mi/workplace/src/learning/learning/get_data.py [15ms]
2024-05-22 21:28:46.253 [info] > git cat-file -s 1f6f451efbd6391953f9c6a5e4e9b5aad855c071 [8ms]
2024-05-22 21:29:08.822 [info] > git show --textconv :workplace/src/learning/learning/move_node.py [29ms]
2024-05-22 21:29:08.829 [info] > git ls-files --stage -- /home/mi/workplace/src/learning/learning/move_node.py [15ms]
2024-05-22 21:29:56.053 [info] > git show --textconv :workplace/src/learning/learning/get_data.py [42ms]
2024-05-22 21:29:56.058 [info] > git ls-files --stage -- /home/mi/workplace/src/learning/learning/get_data.py [22ms]
2024-05-22 21:29:56.092 [info] > git cat-file -s 1f6f451efbd6391953f9c6a5e4e9b5aad855c071 [14ms]
2024-05-22 21:29:56.890 [info] > git show --textconv :workplace/src/learning/learning/move_node.py [33ms]
2024-05-22 21:29:56.900 [info] > git ls-files --stage -- /home/mi/workplace/src/learning/learning/move_node.py [21ms]
2024-05-22 21:29:57.724 [info] > git show --textconv :workplace/src/learning/learning/get_data.py [37ms]
2024-05-22 21:29:57.731 [info] > git ls-files --stage -- /home/mi/workplace/src/learning/learning/get_data.py [17ms]
2024-05-22 21:29:57.760 [info] > git cat-file -s 1f6f451efbd6391953f9c6a5e4e9b5aad855c071 [9ms]
2024-05-22 21:29:58.418 [info] > git show --textconv :workplace/src/learning/learning/move_node.py [47ms]
2024-05-22 21:29:58.424 [info] > git ls-files --stage -- /home/mi/workplace/src/learning/learning/move_node.py [29ms]
2024-05-22 21:29:59.364 [info] > git show --textconv :workplace/src/learning/learning/get_data.py [28ms]
2024-05-22 21:29:59.374 [info] > git ls-files --stage -- /home/mi/workplace/src/learning/learning/get_data.py [18ms]
2024-05-22 21:29:59.408 [info] > git cat-file -s 1f6f451efbd6391953f9c6a5e4e9b5aad855c071 [14ms]
2024-05-22 21:30:03.232 [info] > git show --textconv :workplace/src/learning/learning/move_node.py [30ms]
2024-05-22 21:30:03.247 [info] > git ls-files --stage -- /home/mi/workplace/src/learning/learning/move_node.py [22ms]
2024-05-22 21:30:15.263 [info] > git show --textconv :workplace/src/learning/learning/get_data.py [30ms]
2024-05-22 21:30:15.269 [info] > git ls-files --stage -- /home/mi/workplace/src/learning/learning/get_data.py [14ms]
2024-05-22 21:30:15.301 [info] > git cat-file -s 1f6f451efbd6391953f9c6a5e4e9b5aad855c071 [10ms]
2024-05-22 21:30:16.220 [info] > git show --textconv :workplace/src/learning/learning/move_node.py [27ms]
2024-05-22 21:30:16.235 [info] > git ls-files --stage -- /home/mi/workplace/src/learning/learning/move_node.py [20ms]
2024-05-22 21:30:22.675 [info] > git show --textconv :workplace/src/learning/learning/get_data.py [29ms]
2024-05-22 21:30:22.685 [info] > git ls-files --stage -- /home/mi/workplace/src/learning/learning/get_data.py [18ms]
2024-05-22 21:30:22.711 [info] > git cat-file -s 1f6f451efbd6391953f9c6a5e4e9b5aad855c071 [5ms]
2024-05-22 21:30:27.426 [info] > git show --textconv :workplace/src/learning/learning/move_node.py [34ms]
2024-05-22 21:30:27.438 [info] > git ls-files --stage -- /home/mi/workplace/src/learning/learning/move_node.py [18ms]
2024-05-22 21:37:03.424 [info] > git show --textconv :workplace/src/learning/learning/get_data.py [32ms]
2024-05-22 21:37:03.431 [info] > git ls-files --stage -- /home/mi/workplace/src/learning/learning/get_data.py [14ms]
2024-05-22 21:37:03.461 [info] > git cat-file -s 1f6f451efbd6391953f9c6a5e4e9b5aad855c071 [6ms]
2024-05-22 21:37:23.718 [info] > git show --textconv :workplace/src/learning/learning/move_node.py [30ms]
2024-05-22 21:37:23.726 [info] > git ls-files --stage -- /home/mi/workplace/src/learning/learning/move_node.py [14ms]
2024-05-22 21:40:42.271 [info] > git show --textconv :workplace/src/learning/learning/get_data.py [41ms]
2024-05-22 21:40:42.275 [info] > git ls-files --stage -- /home/mi/workplace/src/learning/learning/get_data.py [21ms]
2024-05-22 21:40:42.304 [info] > git cat-file -s 1f6f451efbd6391953f9c6a5e4e9b5aad855c071 [8ms]
2024-05-22 21:40:47.479 [info] > git show --textconv :workplace/src/learning/learning/move_node.py [29ms]
2024-05-22 21:40:47.490 [info] > git ls-files --stage -- /home/mi/workplace/src/learning/learning/move_node.py [17ms]
2024-05-22 21:41:08.564 [info] > git show --textconv :workplace/src/learning/learning/get_data.py [29ms]
2024-05-22 21:41:08.570 [info] > git ls-files --stage -- /home/mi/workplace/src/learning/learning/get_data.py [13ms]
2024-05-22 21:41:08.599 [info] > git cat-file -s 1f6f451efbd6391953f9c6a5e4e9b5aad855c071 [8ms]
2024-05-22 21:41:15.679 [info] > git show --textconv :workplace/src/learning/learning/move_node.py [38ms]
2024-05-22 21:41:15.692 [info] > git ls-files --stage -- /home/mi/workplace/src/learning/learning/move_node.py [19ms]
2024-05-22 21:43:51.431 [info] > git show --textconv :workplace/src/learning/learning/get_data.py [30ms]
2024-05-22 21:43:51.439 [info] > git ls-files --stage -- /home/mi/workplace/src/learning/learning/get_data.py [14ms]
2024-05-22 21:43:51.472 [info] > git cat-file -s 1f6f451efbd6391953f9c6a5e4e9b5aad855c071 [7ms]
2024-05-22 21:45:20.920 [info] > git show --textconv :workplace/src/learning/learning/shoot.py [25ms]
2024-05-22 21:45:20.931 [info] > git ls-files --stage -- /home/mi/workplace/src/learning/learning/shoot.py [14ms]
2024-05-22 21:45:21.582 [info] > git show --textconv :workplace/src/learning/learning/get_data.py [31ms]
2024-05-22 21:45:21.591 [info] > git ls-files --stage -- /home/mi/workplace/src/learning/learning/get_data.py [13ms]
2024-05-22 21:45:21.622 [info] > git cat-file -s 1f6f451efbd6391953f9c6a5e4e9b5aad855c071 [9ms]
2024-05-22 21:45:22.202 [info] > git show --textconv :workplace/src/learning/learning/move_node.py [34ms]
2024-05-22 21:45:22.211 [info] > git ls-files --stage -- /home/mi/workplace/src/learning/learning/move_node.py [15ms]
2024-05-22 21:45:34.673 [info] > git show --textconv :workplace/src/learning/learning/get_data.py [32ms]
2024-05-22 21:45:34.679 [info] > git ls-files --stage -- /home/mi/workplace/src/learning/learning/get_data.py [14ms]
2024-05-22 21:45:34.709 [info] > git cat-file -s 1f6f451efbd6391953f9c6a5e4e9b5aad855c071 [8ms]
2024-05-22 21:45:37.987 [info] > git show --textconv :workplace/src/learning/learning/move_node.py [30ms]
2024-05-22 21:45:38.012 [info] > git ls-files --stage -- /home/mi/workplace/src/learning/learning/move_node.py [31ms]
2024-05-22 21:48:04.215 [info] > git show --textconv :workplace/src/learning/learning/main_node.py [32ms]
2024-05-22 21:48:04.221 [info] > git ls-files --stage -- /home/mi/workplace/src/learning/learning/main_node.py [14ms]
2024-05-22 21:48:04.251 [info] > git cat-file -s 51799abc4a9a635daef6244f4f8fdc9eb68f4443 [9ms]
2024-05-22 21:49:08.066 [info] > git show --textconv :workplace/src/learning/learning/move_node.py [40ms]
2024-05-22 21:49:08.076 [info] > git ls-files --stage -- /home/mi/workplace/src/learning/learning/move_node.py [16ms]
2024-05-22 21:49:10.267 [info] > git show --textconv :workplace/src/learning/learning/main_node.py [32ms]
2024-05-22 21:49:10.276 [info] > git ls-files --stage -- /home/mi/workplace/src/learning/learning/main_node.py [16ms]
2024-05-22 21:49:10.304 [info] > git cat-file -s 51799abc4a9a635daef6244f4f8fdc9eb68f4443 [6ms]
2024-05-22 21:49:15.890 [info] > git show --textconv :workplace/src/learning/learning/move_node.py [47ms]
2024-05-22 21:49:15.897 [info] > git ls-files --stage -- /home/mi/workplace/src/learning/learning/move_node.py [27ms]
2024-05-22 21:49:19.715 [info] > git show --textconv :workplace/src/learning/learning/main_node.py [38ms]
2024-05-22 21:49:19.723 [info] > git ls-files --stage -- /home/mi/workplace/src/learning/learning/main_node.py [17ms]
2024-05-22 21:49:19.752 [info] > git cat-file -s 51799abc4a9a635daef6244f4f8fdc9eb68f4443 [7ms]
2024-05-22 21:49:57.232 [info] > git show --textconv :workplace/src/learning/learning/rgb_cam_suber.py [36ms]
2024-05-22 21:49:57.248 [info] > git ls-files --stage -- /home/mi/workplace/src/learning/learning/rgb_cam_suber.py [26ms]
2024-05-22 21:49:57.281 [info] > git cat-file -s b38402a83f866eeb0d1d3f91067562218521e60a [9ms]
2024-05-22 21:50:21.064 [info] > git show --textconv :workplace/src/learning/learning/see_and_crash.py [42ms]
2024-05-22 21:50:21.075 [info] > git ls-files --stage -- /home/mi/workplace/src/learning/learning/see_and_crash.py [18ms]
2024-05-22 21:50:21.107 [info] > git cat-file -s 44eef78457e5717ebd25127e3635dbcf502a9ce3 [7ms]
2024-05-22 21:51:01.182 [info] > git show --textconv :workplace/src/learning/learning/rgb_cam_suber.py [28ms]
2024-05-22 21:51:01.190 [info] > git ls-files --stage -- /home/mi/workplace/src/learning/learning/rgb_cam_suber.py [14ms]
2024-05-22 21:51:01.219 [info] > git cat-file -s b38402a83f866eeb0d1d3f91067562218521e60a [8ms]
2024-05-22 21:51:23.464 [info] > git show --textconv :workplace/src/learning/learning/move_node.py [29ms]
2024-05-22 21:51:23.476 [info] > git ls-files --stage -- /home/mi/workplace/src/learning/learning/move_node.py [19ms]
2024-05-22 21:51:25.761 [info] > git show --textconv :workplace/src/learning/learning/main_node.py [31ms]
2024-05-22 21:51:25.775 [info] > git ls-files --stage -- /home/mi/workplace/src/learning/learning/main_node.py [19ms]
2024-05-22 21:51:25.802 [info] > git cat-file -s 51799abc4a9a635daef6244f4f8fdc9eb68f4443 [4ms]
2024-05-22 21:51:29.208 [info] > git show --textconv :workplace/src/learning/learning/rgb_cam_suber.py [29ms]
2024-05-22 21:51:29.223 [info] > git ls-files --stage -- /home/mi/workplace/src/learning/learning/rgb_cam_suber.py [17ms]
2024-05-22 21:51:29.252 [info] > git cat-file -s b38402a83f866eeb0d1d3f91067562218521e60a [7ms]
2024-05-22 21:51:34.054 [info] > git show --textconv :workplace/src/learning/learning/main_node.py [29ms]
2024-05-22 21:51:34.061 [info] > git ls-files --stage -- /home/mi/workplace/src/learning/learning/main_node.py [13ms]
2024-05-22 21:51:34.100 [info] > git cat-file -s 51799abc4a9a635daef6244f4f8fdc9eb68f4443 [15ms]
2024-05-22 21:52:23.628 [info] > git show --textconv :workplace/src/learning/learning/rgb_cam_suber.py [32ms]
2024-05-22 21:52:23.637 [info] > git ls-files --stage -- /home/mi/workplace/src/learning/learning/rgb_cam_suber.py [16ms]
2024-05-22 21:52:23.665 [info] > git cat-file -s b38402a83f866eeb0d1d3f91067562218521e60a [5ms]
2024-05-22 21:52:24.663 [info] > git show --textconv :workplace/src/learning/learning/main_node.py [30ms]
2024-05-22 21:52:24.677 [info] > git ls-files --stage -- /home/mi/workplace/src/learning/learning/main_node.py [19ms]
2024-05-22 21:52:24.703 [info] > git cat-file -s 51799abc4a9a635daef6244f4f8fdc9eb68f4443 [6ms]
2024-05-22 21:52:25.652 [info] > git show --textconv :workplace/src/learning/learning/rgb_cam_suber.py [40ms]
2024-05-22 21:52:25.663 [info] > git ls-files --stage -- /home/mi/workplace/src/learning/learning/rgb_cam_suber.py [20ms]
2024-05-22 21:52:25.698 [info] > git cat-file -s b38402a83f866eeb0d1d3f91067562218521e60a [9ms]
2024-05-22 21:52:26.657 [info] > git show --textconv :workplace/src/learning/learning/main_node.py [30ms]
2024-05-22 21:52:26.664 [info] > git ls-files --stage -- /home/mi/workplace/src/learning/learning/main_node.py [14ms]
2024-05-22 21:52:26.693 [info] > git cat-file -s 51799abc4a9a635daef6244f4f8fdc9eb68f4443 [8ms]
2024-05-22 21:52:27.331 [info] > git show --textconv :workplace/src/learning/learning/rgb_cam_suber.py [31ms]
2024-05-22 21:52:27.340 [info] > git ls-files --stage -- /home/mi/workplace/src/learning/learning/rgb_cam_suber.py [16ms]
2024-05-22 21:52:27.368 [info] > git cat-file -s b38402a83f866eeb0d1d3f91067562218521e60a [7ms]
2024-05-22 21:52:28.981 [info] > git show --textconv :workplace/src/learning/learning/get_data.py [30ms]
2024-05-22 21:52:28.994 [info] > git ls-files --stage -- /home/mi/workplace/src/learning/learning/get_data.py [19ms]
2024-05-22 21:52:29.022 [info] > git cat-file -s 1f6f451efbd6391953f9c6a5e4e9b5aad855c071 [3ms]
2024-05-22 21:55:34.721 [info] > git show --textconv :workplace/src/learning/learning/main_node.py [37ms]
2024-05-22 21:55:34.726 [info] > git ls-files --stage -- /home/mi/workplace/src/learning/learning/main_node.py [16ms]
2024-05-22 21:55:34.755 [info] > git cat-file -s 51799abc4a9a635daef6244f4f8fdc9eb68f4443 [8ms]
2024-05-22 22:00:42.568 [info] > git show --textconv :workplace/src/learning/learning/geometry.py [29ms]
2024-05-22 22:00:42.575 [info] > git ls-files --stage -- /home/mi/workplace/src/learning/learning/geometry.py [14ms]
2024-05-22 22:00:42.602 [info] > git cat-file -s b7e2f40e67344a999938665d07006848e874300b [5ms]
2024-05-22 22:01:19.671 [info] > git show --textconv :workplace/src/learning/learning/routine.py [41ms]
2024-05-22 22:01:19.683 [info] > git ls-files --stage -- /home/mi/workplace/src/learning/learning/routine.py [19ms]
2024-05-22 22:01:19.712 [info] > git cat-file -s d312d06d0c402aab22151be6f62d48afebb72175 [6ms]
2024-05-22 22:01:56.084 [info] > git show --textconv :workplace/src/learning/learning/main_node.py [34ms]
2024-05-22 22:01:56.092 [info] > git ls-files --stage -- /home/mi/workplace/src/learning/learning/main_node.py [17ms]
2024-05-22 22:01:56.121 [info] > git cat-file -s 51799abc4a9a635daef6244f4f8fdc9eb68f4443 [8ms]
2024-05-22 22:02:31.929 [info] > git show --textconv :workplace/src/learning/learning/routine.py [28ms]
2024-05-22 22:02:31.937 [info] > git ls-files --stage -- /home/mi/workplace/src/learning/learning/routine.py [13ms]
2024-05-22 22:02:31.965 [info] > git cat-file -s d312d06d0c402aab22151be6f62d48afebb72175 [5ms]
2024-05-22 22:02:46.501 [info] > git show --textconv :workplace/src/learning/learning/main_node.py [29ms]
2024-05-22 22:02:46.516 [info] > git ls-files --stage -- /home/mi/workplace/src/learning/learning/main_node.py [18ms]
2024-05-22 22:02:46.541 [info] > git cat-file -s 51799abc4a9a635daef6244f4f8fdc9eb68f4443 [4ms]
2024-05-22 22:03:12.873 [info] > git show --textconv :workplace/src/learning/learning/routine.py [34ms]
2024-05-22 22:03:12.882 [info] > git ls-files --stage -- /home/mi/workplace/src/learning/learning/routine.py [16ms]
2024-05-22 22:03:12.909 [info] > git cat-file -s d312d06d0c402aab22151be6f62d48afebb72175 [6ms]
2024-05-22 22:03:33.709 [info] > git show --textconv :workplace/src/learning/learning/rgb_cam_suber.py [37ms]
2024-05-22 22:03:33.714 [info] > git ls-files --stage -- /home/mi/workplace/src/learning/learning/rgb_cam_suber.py [16ms]
2024-05-22 22:03:33.744 [info] > git cat-file -s b38402a83f866eeb0d1d3f91067562218521e60a [6ms]
2024-05-22 22:03:35.206 [info] > git show --textconv :workplace/src/learning/learning/routine.py [30ms]
2024-05-22 22:03:35.216 [info] > git ls-files --stage -- /home/mi/workplace/src/learning/learning/routine.py [15ms]
2024-05-22 22:03:35.250 [info] > git cat-file -s d312d06d0c402aab22151be6f62d48afebb72175 [7ms]
2024-05-22 22:03:58.159 [info] > git show --textconv :workplace/src/learning/learning/rgb_cam_suber.py [31ms]
2024-05-22 22:03:58.166 [info] > git ls-files --stage -- /home/mi/workplace/src/learning/learning/rgb_cam_suber.py [14ms]
2024-05-22 22:03:58.196 [info] > git cat-file -s b38402a83f866eeb0d1d3f91067562218521e60a [5ms]
2024-05-22 22:03:59.790 [info] > git show --textconv :workplace/src/learning/learning/routine.py [38ms]
2024-05-22 22:03:59.798 [info] > git ls-files --stage -- /home/mi/workplace/src/learning/learning/routine.py [14ms]
2024-05-22 22:03:59.837 [info] > git cat-file -s d312d06d0c402aab22151be6f62d48afebb72175 [15ms]
2024-05-22 22:04:04.858 [info] > git show --textconv :workplace/src/learning/learning/move_node.py [37ms]
2024-05-22 22:04:04.863 [info] > git ls-files --stage -- /home/mi/workplace/src/learning/learning/move_node.py [14ms]
2024-05-22 22:04:06.258 [info] > git show --textconv :workplace/src/learning/learning/main_node.py [37ms]
2024-05-22 22:04:06.265 [info] > git ls-files --stage -- /home/mi/workplace/src/learning/learning/main_node.py [18ms]
2024-05-22 22:04:06.290 [info] > git cat-file -s 51799abc4a9a635daef6244f4f8fdc9eb68f4443 [4ms]
2024-05-22 22:04:32.957 [info] > git show --textconv :workplace/src/learning/learning/get_data.py [31ms]
2024-05-22 22:04:32.967 [info] > git ls-files --stage -- /home/mi/workplace/src/learning/learning/get_data.py [18ms]
2024-05-22 22:04:33.000 [info] > git cat-file -s 1f6f451efbd6391953f9c6a5e4e9b5aad855c071 [7ms]
2024-05-22 22:05:02.698 [info] > git show --textconv :workplace/src/learning/learning/main_node.py [29ms]
2024-05-22 22:05:02.708 [info] > git ls-files --stage -- /home/mi/workplace/src/learning/learning/main_node.py [17ms]
2024-05-22 22:05:02.739 [info] > git cat-file -s 51799abc4a9a635daef6244f4f8fdc9eb68f4443 [8ms]
2024-05-22 22:08:47.610 [info] > git show --textconv :workplace/src/learning/learning/move_node.py [31ms]
2024-05-22 22:08:47.618 [info] > git ls-files --stage -- /home/mi/workplace/src/learning/learning/move_node.py [13ms]
2024-05-22 22:10:23.862 [info] > git show --textconv :workplace/src/learning/learning/make_goal.py [33ms]
2024-05-22 22:10:23.869 [info] > git ls-files --stage -- /home/mi/workplace/src/learning/learning/make_goal.py [12ms]
2024-05-22 22:10:41.896 [info] > git check-ignore -v -z --stdin [30ms]
2024-05-22 22:10:42.868 [info] > git show --textconv :workplace/src/learning/learning/move_node.py [33ms]
2024-05-22 22:10:42.873 [info] > git ls-files --stage -- /home/mi/workplace/src/learning/learning/move_node.py [11ms]
2024-05-22 22:12:57.672 [info] > git show --textconv :workplace/src/learning/learning/make_goal.py [35ms]
2024-05-22 22:12:57.677 [info] > git ls-files --stage -- /home/mi/workplace/src/learning/learning/make_goal.py [17ms]
2024-05-22 22:13:23.483 [info] > git show --textconv :workplace/src/learning/learning/move_node.py [27ms]
2024-05-22 22:13:23.491 [info] > git ls-files --stage -- /home/mi/workplace/src/learning/learning/move_node.py [13ms]
2024-05-22 22:19:21.065 [info] > git show --textconv :workplace/src/learning/learning/main_node.py [32ms]
2024-05-22 22:19:21.073 [info] > git ls-files --stage -- /home/mi/workplace/src/learning/learning/main_node.py [13ms]
2024-05-22 22:19:21.100 [info] > git cat-file -s 51799abc4a9a635daef6244f4f8fdc9eb68f4443 [6ms]
2024-05-22 22:19:22.027 [info] > git show --textconv :workplace/src/learning/learning/move_node.py [29ms]
2024-05-22 22:19:22.039 [info] > git ls-files --stage -- /home/mi/workplace/src/learning/learning/move_node.py [16ms]
2024-05-22 22:19:23.756 [info] > git show --textconv :workplace/src/learning/learning/main_node.py [31ms]
2024-05-22 22:19:23.763 [info] > git ls-files --stage -- /home/mi/workplace/src/learning/learning/main_node.py [11ms]
2024-05-22 22:19:23.791 [info] > git cat-file -s 51799abc4a9a635daef6244f4f8fdc9eb68f4443 [7ms]
2024-05-22 22:19:37.359 [info] > git show --textconv :workplace/src/learning/learning/move_node.py [30ms]
2024-05-22 22:19:37.367 [info] > git ls-files --stage -- /home/mi/workplace/src/learning/learning/move_node.py [11ms]
2024-05-22 22:19:39.711 [info] > git show --textconv :workplace/src/learning/learning/main_node.py [28ms]
2024-05-22 22:19:39.719 [info] > git ls-files --stage -- /home/mi/workplace/src/learning/learning/main_node.py [13ms]
2024-05-22 22:19:39.757 [info] > git cat-file -s 51799abc4a9a635daef6244f4f8fdc9eb68f4443 [14ms]
2024-05-22 22:21:52.541 [info] > git show --textconv :workplace/src/learning/learning/move_node.py [35ms]
2024-05-22 22:21:52.544 [info] > git ls-files --stage -- /home/mi/workplace/src/learning/learning/move_node.py [15ms]
2024-05-22 22:22:06.900 [info] > git show --textconv :workplace/src/learning/learning/rgb_cam_suber.py [33ms]
2024-05-22 22:22:06.906 [info] > git ls-files --stage -- /home/mi/workplace/src/learning/learning/rgb_cam_suber.py [16ms]
2024-05-22 22:22:06.935 [info] > git cat-file -s b38402a83f866eeb0d1d3f91067562218521e60a [5ms]
2024-05-22 22:22:26.419 [info] > git show --textconv :workplace/src/learning/learning/main_node.py [37ms]
2024-05-22 22:22:26.423 [info] > git ls-files --stage -- /home/mi/workplace/src/learning/learning/main_node.py [18ms]
2024-05-22 22:22:26.451 [info] > git cat-file -s 51799abc4a9a635daef6244f4f8fdc9eb68f4443 [6ms]
2024-05-22 22:23:06.368 [info] > git show --textconv :workplace/src/learning/learning/move_node.py [33ms]
2024-05-22 22:23:06.376 [info] > git ls-files --stage -- /home/mi/workplace/src/learning/learning/move_node.py [17ms]
2024-05-22 22:23:07.130 [info] > git show --textconv :workplace/src/learning/learning/make_goal.py [30ms]
2024-05-22 22:23:07.139 [info] > git ls-files --stage -- /home/mi/workplace/src/learning/learning/make_goal.py [14ms]
2024-05-22 22:23:07.614 [info] > git show --textconv :workplace/src/learning/learning/get_data.py [31ms]
2024-05-22 22:23:07.624 [info] > git ls-files --stage -- /home/mi/workplace/src/learning/learning/get_data.py [16ms]
2024-05-22 22:23:07.650 [info] > git cat-file -s 1f6f451efbd6391953f9c6a5e4e9b5aad855c071 [3ms]
2024-05-22 22:23:08.176 [info] > git show --textconv :workplace/src/learning/learning/shoot.py [24ms]
2024-05-22 22:23:08.187 [info] > git ls-files --stage -- /home/mi/workplace/src/learning/learning/shoot.py [13ms]
2024-05-22 22:23:08.857 [info] > git show --textconv :workplace/src/learning/learning/rgb_cam_suber.py [32ms]
2024-05-22 22:23:08.861 [info] > git ls-files --stage -- /home/mi/workplace/src/learning/learning/rgb_cam_suber.py [13ms]
2024-05-22 22:23:08.891 [info] > git cat-file -s b38402a83f866eeb0d1d3f91067562218521e60a [8ms]
2024-05-22 22:23:09.459 [info] > git show --textconv :workplace/src/learning/learning/main_node.py [27ms]
2024-05-22 22:23:09.471 [info] > git ls-files --stage -- /home/mi/workplace/src/learning/learning/main_node.py [15ms]
2024-05-22 22:23:09.502 [info] > git cat-file -s 51799abc4a9a635daef6244f4f8fdc9eb68f4443 [7ms]
2024-05-22 22:23:10.010 [info] > git show --textconv :workplace/src/learning/learning/rgb_cam_suber.py [35ms]
2024-05-22 22:23:10.015 [info] > git ls-files --stage -- /home/mi/workplace/src/learning/learning/rgb_cam_suber.py [12ms]
2024-05-22 22:23:10.047 [info] > git cat-file -s b38402a83f866eeb0d1d3f91067562218521e60a [9ms]
2024-05-22 22:23:11.777 [info] > git show --textconv :workplace/src/learning/learning/main_node.py [30ms]
2024-05-22 22:23:11.786 [info] > git ls-files --stage -- /home/mi/workplace/src/learning/learning/main_node.py [13ms]
2024-05-22 22:23:11.818 [info] > git cat-file -s 51799abc4a9a635daef6244f4f8fdc9eb68f4443 [4ms]
2024-05-22 22:23:47.047 [info] > git check-ignore -v -z --stdin [21ms]
2024-05-22 22:23:49.018 [info] > git check-ignore -v -z --stdin [17ms]
2024-05-22 22:23:50.681 [info] > git show --textconv :README.md [33ms]
2024-05-22 22:23:50.691 [info] > git ls-files --stage -- /home/mi/README.md [17ms]
2024-05-22 22:23:50.733 [info] > git cat-file -s d722ff9105b9b51165131575da58dd4e8b8254e2 [8ms]
2024-05-22 22:25:19.609 [info] > git show --textconv :workplace/src/learning/learning/main_node.py [59ms]
2024-05-22 22:25:19.616 [info] > git ls-files --stage -- /home/mi/workplace/src/learning/learning/main_node.py [33ms]
2024-05-22 22:25:19.663 [info] > git cat-file -s 51799abc4a9a635daef6244f4f8fdc9eb68f4443 [12ms]
2024-05-22 22:25:25.801 [info] > git show --textconv :workplace/src/learning/setup.py [51ms]
2024-05-22 22:25:25.807 [info] > git ls-files --stage -- /home/mi/workplace/src/learning/setup.py [16ms]
2024-05-22 22:25:25.846 [info] > git cat-file -s c4ebe81192724a01ee5733974015fd8bf16f4686 [12ms]
2024-05-22 22:25:54.198 [info] > git show --textconv :workplace/src/learning/learning/main_node.py [67ms]
2024-05-22 22:25:54.205 [info] > git ls-files --stage -- /home/mi/workplace/src/learning/learning/main_node.py [29ms]
2024-05-22 22:25:54.244 [info] > git cat-file -s 51799abc4a9a635daef6244f4f8fdc9eb68f4443 [10ms]
2024-05-22 22:27:03.022 [info] > git show --textconv :workplace/src/learning/setup.py [56ms]
2024-05-22 22:27:03.042 [info] > git ls-files --stage -- /home/mi/workplace/src/learning/setup.py [38ms]
2024-05-22 22:27:03.079 [info] > git cat-file -s c4ebe81192724a01ee5733974015fd8bf16f4686 [8ms]
2024-05-22 22:28:04.550 [info] > git show --textconv :workplace/src/learning/learning/main_node.py [47ms]
2024-05-22 22:28:04.551 [info] > git ls-files --stage -- /home/mi/workplace/src/learning/learning/main_node.py [14ms]
2024-05-22 22:28:04.586 [info] > git cat-file -s 51799abc4a9a635daef6244f4f8fdc9eb68f4443 [10ms]
2024-05-22 22:28:14.721 [info] > git show --textconv :workplace/src/learning/setup.py [40ms]
2024-05-22 22:28:14.728 [info] > git ls-files --stage -- /home/mi/workplace/src/learning/setup.py [22ms]
2024-05-22 22:28:14.767 [info] > git cat-file -s c4ebe81192724a01ee5733974015fd8bf16f4686 [7ms]
2024-05-22 22:28:15.821 [info] > git show --textconv :workplace/src/learning/learning/rgb_cam_suber.py [31ms]
2024-05-22 22:28:15.831 [info] > git ls-files --stage -- /home/mi/workplace/src/learning/learning/rgb_cam_suber.py [16ms]
2024-05-22 22:28:15.876 [info] > git cat-file -s b38402a83f866eeb0d1d3f91067562218521e60a [19ms]
2024-05-22 22:28:17.240 [info] > git show --textconv :workplace/src/learning/learning/main_node.py [54ms]
2024-05-22 22:28:17.250 [info] > git ls-files --stage -- /home/mi/workplace/src/learning/learning/main_node.py [29ms]
2024-05-22 22:28:17.281 [info] > git cat-file -s 51799abc4a9a635daef6244f4f8fdc9eb68f4443 [5ms]
2024-05-22 22:28:38.326 [info] > git show --textconv :workplace/src/learning/learning/rgb_cam_suber.py [36ms]
2024-05-22 22:28:38.339 [info] > git ls-files --stage -- /home/mi/workplace/src/learning/learning/rgb_cam_suber.py [20ms]
2024-05-22 22:28:38.371 [info] > git cat-file -s b38402a83f866eeb0d1d3f91067562218521e60a [6ms]
2024-05-22 22:28:55.787 [info] > git show --textconv :workplace/src/learning/setup.py [48ms]
2024-05-22 22:28:55.793 [info] > git ls-files --stage -- /home/mi/workplace/src/learning/setup.py [22ms]
2024-05-22 22:28:55.822 [info] > git cat-file -s c4ebe81192724a01ee5733974015fd8bf16f4686 [6ms]
2024-05-22 22:28:57.469 [info] > git show --textconv :workplace/src/learning/learning/main_node.py [39ms]
2024-05-22 22:28:57.478 [info] > git ls-files --stage -- /home/mi/workplace/src/learning/learning/main_node.py [15ms]
2024-05-22 22:28:57.515 [info] > git cat-file -s 51799abc4a9a635daef6244f4f8fdc9eb68f4443 [11ms]
2024-05-22 22:29:01.369 [info] > git show --textconv :workplace/src/learning/learning/safe.py [67ms]
2024-05-22 22:29:01.390 [info] > git ls-files --stage -- /home/mi/workplace/src/learning/learning/safe.py [30ms]
2024-05-22 22:29:01.431 [info] > git cat-file -s 07a0ba1a1d05550d86b8f44f397be3a9acb0bb98 [4ms]
2024-05-22 22:29:05.795 [info] > git show --textconv :workplace/src/learning/learning/stand.py [32ms]
2024-05-22 22:29:05.806 [info] > git ls-files --stage -- /home/mi/workplace/src/learning/learning/stand.py [14ms]
2024-05-22 22:29:05.844 [info] > git cat-file -s 41c5054b09baa67aa9903831f3021dd47e8bdccc [11ms]
2024-05-22 22:29:13.722 [info] > git show --textconv :workplace/src/learning/learning/main_node.py [36ms]
2024-05-22 22:29:13.734 [info] > git ls-files --stage -- /home/mi/workplace/src/learning/learning/main_node.py [16ms]
2024-05-22 22:29:13.774 [info] > git cat-file -s 51799abc4a9a635daef6244f4f8fdc9eb68f4443 [13ms]
2024-05-22 22:29:54.032 [info] > git show --textconv :workplace/src/learning/learning/stand.py [61ms]
2024-05-22 22:29:54.046 [info] > git ls-files --stage -- /home/mi/workplace/src/learning/learning/stand.py [40ms]
2024-05-22 22:29:54.079 [info] > git cat-file -s 41c5054b09baa67aa9903831f3021dd47e8bdccc [7ms]
2024-05-22 22:29:56.471 [info] > git show --textconv :workplace/src/learning/learning/main_node.py [36ms]
2024-05-22 22:29:56.480 [info] > git ls-files --stage -- /home/mi/workplace/src/learning/learning/main_node.py [18ms]
2024-05-22 22:29:56.517 [info] > git cat-file -s 51799abc4a9a635daef6244f4f8fdc9eb68f4443 [6ms]
2024-05-22 22:30:08.969 [info] > git show --textconv :workplace/src/learning/setup.py [98ms]
2024-05-22 22:30:09.006 [info] > git ls-files --stage -- /home/mi/workplace/src/learning/setup.py [68ms]
2024-05-22 22:30:09.058 [info] > git cat-file -s c4ebe81192724a01ee5733974015fd8bf16f4686 [12ms]
2024-05-22 22:30:09.801 [info] > git show --textconv :workplace/src/learning/learning/stand.py [34ms]
2024-05-22 22:30:09.810 [info] > git ls-files --stage -- /home/mi/workplace/src/learning/learning/stand.py [17ms]
2024-05-22 22:30:09.849 [info] > git cat-file -s 41c5054b09baa67aa9903831f3021dd47e8bdccc [10ms]
2024-05-22 22:30:23.371 [info] > git show --textconv :workplace/src/learning/learning/main_node.py [44ms]
2024-05-22 22:30:23.382 [info] > git ls-files --stage -- /home/mi/workplace/src/learning/learning/main_node.py [14ms]
2024-05-22 22:30:23.419 [info] > git cat-file -s 51799abc4a9a635daef6244f4f8fdc9eb68f4443 [5ms]
2024-05-22 22:30:45.292 [info] > git show --textconv :workplace/src/learning/learning/stand.py [34ms]
2024-05-22 22:30:45.304 [info] > git ls-files --stage -- /home/mi/workplace/src/learning/learning/stand.py [17ms]
2024-05-22 22:30:45.338 [info] > git cat-file -s 41c5054b09baa67aa9903831f3021dd47e8bdccc [8ms]
2024-05-22 22:30:53.990 [info] > git show --textconv :workplace/src/learning/learning/main_node.py [54ms]
2024-05-22 22:30:53.999 [info] > git ls-files --stage -- /home/mi/workplace/src/learning/learning/main_node.py [28ms]
2024-05-22 22:30:54.044 [info] > git cat-file -s 51799abc4a9a635daef6244f4f8fdc9eb68f4443 [11ms]
2024-05-22 22:32:11.171 [info] > git show --textconv :workplace/src/learning/learning/move_node.py [48ms]
2024-05-22 22:32:11.192 [info] > git ls-files --stage -- /home/mi/workplace/src/learning/learning/move_node.py [32ms]
2024-05-22 22:32:21.854 [info] > git show --textconv :workplace/src/learning/learning/main_node.py [51ms]
2024-05-22 22:32:21.867 [info] > git ls-files --stage -- /home/mi/workplace/src/learning/learning/main_node.py [18ms]
2024-05-22 22:32:21.911 [info] > git cat-file -s 51799abc4a9a635daef6244f4f8fdc9eb68f4443 [13ms]
2024-05-22 22:32:54.858 [info] > git show --textconv :workplace/src/learning/learning/move_node.py [41ms]
2024-05-22 22:32:54.873 [info] > git ls-files --stage -- /home/mi/workplace/src/learning/learning/move_node.py [25ms]
2024-05-22 22:34:00.064 [info] > git show --textconv :workplace/src/learning/learning/routine.py [49ms]
2024-05-22 22:34:00.070 [info] > git ls-files --stage -- /home/mi/workplace/src/learning/learning/routine.py [25ms]
2024-05-22 22:34:00.108 [info] > git cat-file -s d312d06d0c402aab22151be6f62d48afebb72175 [11ms]
2024-05-22 22:34:20.684 [info] > git show --textconv :workplace/src/learning/learning/main_node.py [42ms]
2024-05-22 22:34:20.692 [info] > git ls-files --stage -- /home/mi/workplace/src/learning/learning/main_node.py [17ms]
2024-05-22 22:34:20.727 [info] > git cat-file -s 51799abc4a9a635daef6244f4f8fdc9eb68f4443 [7ms]
2024-05-22 22:34:51.682 [info] > git show --textconv :workplace/src/learning/learning/get_data.py [32ms]
2024-05-22 22:34:51.692 [info] > git ls-files --stage -- /home/mi/workplace/src/learning/learning/get_data.py [13ms]
2024-05-22 22:34:51.725 [info] > git cat-file -s 1f6f451efbd6391953f9c6a5e4e9b5aad855c071 [5ms]
2024-05-22 22:36:05.589 [info] > git show --textconv :workplace/src/learning/learning/move_node.py [69ms]
2024-05-22 22:36:05.601 [info] > git ls-files --stage -- /home/mi/workplace/src/learning/learning/move_node.py [31ms]
2024-05-22 22:36:06.799 [info] > git show --textconv :workplace/src/learning/learning/rgb_cam_suber.py [44ms]
2024-05-22 22:36:06.809 [info] > git ls-files --stage -- /home/mi/workplace/src/learning/learning/rgb_cam_suber.py [18ms]
2024-05-22 22:36:06.848 [info] > git cat-file -s b38402a83f866eeb0d1d3f91067562218521e60a [9ms]
2024-05-22 22:36:29.709 [info] > git show --textconv :workplace/src/learning/learning/move_node.py [87ms]
2024-05-22 22:36:29.715 [info] > git ls-files --stage -- /home/mi/workplace/src/learning/learning/move_node.py [48ms]
2024-05-22 22:36:31.950 [info] > git show --textconv :workplace/src/learning/learning/routine.py [47ms]
2024-05-22 22:36:31.956 [info] > git ls-files --stage -- /home/mi/workplace/src/learning/learning/routine.py [15ms]
2024-05-22 22:36:32.008 [info] > git cat-file -s d312d06d0c402aab22151be6f62d48afebb72175 [15ms]
2024-05-22 22:36:43.331 [info] > git show --textconv :workplace/src/learning/learning/main_node.py [37ms]
2024-05-22 22:36:43.345 [info] > git ls-files --stage -- /home/mi/workplace/src/learning/learning/main_node.py [21ms]
2024-05-22 22:36:43.381 [info] > git cat-file -s 51799abc4a9a635daef6244f4f8fdc9eb68f4443 [5ms]
2024-05-22 22:37:28.850 [info] > git show --textconv :workplace/src/learning/learning/rgb_cam_suber.py [40ms]
2024-05-22 22:37:28.865 [info] > git ls-files --stage -- /home/mi/workplace/src/learning/learning/rgb_cam_suber.py [25ms]
2024-05-22 22:37:28.898 [info] > git cat-file -s b38402a83f866eeb0d1d3f91067562218521e60a [3ms]
2024-05-22 22:39:26.557 [info] > git show --textconv :workplace/src/learning/learning/move_node.py [90ms]
2024-05-22 22:39:26.585 [info] > git ls-files --stage -- /home/mi/workplace/src/learning/learning/move_node.py [67ms]
2024-05-22 22:39:33.514 [info] > git show --textconv :workplace/src/learning/learning/get_data.py [42ms]
2024-05-22 22:39:33.521 [info] > git ls-files --stage -- /home/mi/workplace/src/learning/learning/get_data.py [18ms]
2024-05-22 22:39:33.554 [info] > git cat-file -s 1f6f451efbd6391953f9c6a5e4e9b5aad855c071 [9ms]
2024-05-22 22:42:49.983 [info] > git show --textconv :workplace/src/learning/learning/make_goal.py [41ms]
2024-05-22 22:42:49.989 [info] > git ls-files --stage -- /home/mi/workplace/src/learning/learning/make_goal.py [12ms]
2024-05-22 22:42:52.178 [info] > git show --textconv :workplace/src/learning/learning/get_data.py [51ms]
2024-05-22 22:42:52.184 [info] > git ls-files --stage -- /home/mi/workplace/src/learning/learning/get_data.py [12ms]
2024-05-22 22:42:52.224 [info] > git cat-file -s 1f6f451efbd6391953f9c6a5e4e9b5aad855c071 [7ms]
2024-05-22 22:43:30.331 [info] > git show --textconv :workplace/src/learning/learning/make_goal.py [86ms]
2024-05-22 22:43:30.344 [info] > git ls-files --stage -- /home/mi/workplace/src/learning/learning/make_goal.py [24ms]
2024-05-22 22:43:34.733 [info] > git show --textconv :workplace/src/learning/learning/rgb_cam_suber.py [40ms]
2024-05-22 22:43:34.751 [info] > git ls-files --stage -- /home/mi/workplace/src/learning/learning/rgb_cam_suber.py [23ms]
2024-05-22 22:43:34.791 [info] > git cat-file -s b38402a83f866eeb0d1d3f91067562218521e60a [9ms]
2024-05-22 22:43:36.164 [info] > git show --textconv :workplace/src/learning/setup.py [40ms]
2024-05-22 22:43:36.176 [info] > git ls-files --stage -- /home/mi/workplace/src/learning/setup.py [17ms]
2024-05-22 22:43:36.204 [info] > git cat-file -s c4ebe81192724a01ee5733974015fd8bf16f4686 [3ms]
2024-05-22 22:43:37.358 [info] > git show --textconv :workplace/src/learning/learning/main_node.py [37ms]
2024-05-22 22:43:37.368 [info] > git ls-files --stage -- /home/mi/workplace/src/learning/learning/main_node.py [16ms]
2024-05-22 22:43:37.406 [info] > git cat-file -s 51799abc4a9a635daef6244f4f8fdc9eb68f4443 [12ms]
2024-05-22 22:43:44.089 [info] > git show --textconv :workplace/src/learning/learning/routine.py [38ms]
2024-05-22 22:43:44.102 [info] > git ls-files --stage -- /home/mi/workplace/src/learning/learning/routine.py [22ms]
2024-05-22 22:43:44.146 [info] > git cat-file -s d312d06d0c402aab22151be6f62d48afebb72175 [8ms]
2024-05-22 22:46:53.501 [info] > git show --textconv :workplace/src/learning/learning/get_data.py [37ms]
2024-05-22 22:46:53.508 [info] > git ls-files --stage -- /home/mi/workplace/src/learning/learning/get_data.py [10ms]
2024-05-22 22:46:53.545 [info] > git cat-file -s 1f6f451efbd6391953f9c6a5e4e9b5aad855c071 [6ms]
2024-05-22 22:47:25.962 [info] > git show --textconv :workplace/src/learning/learning/rgb_cam_suber.py [35ms]
2024-05-22 22:47:25.972 [info] > git ls-files --stage -- /home/mi/workplace/src/learning/learning/rgb_cam_suber.py [15ms]
2024-05-22 22:47:26.009 [info] > git cat-file -s b38402a83f866eeb0d1d3f91067562218521e60a [7ms]
2024-05-22 22:47:27.042 [info] > git show --textconv :workplace/src/learning/learning/move_node.py [37ms]
2024-05-22 22:47:27.056 [info] > git ls-files --stage -- /home/mi/workplace/src/learning/learning/move_node.py [20ms]
2024-05-22 22:47:31.311 [info] > git show --textconv :workplace/src/learning/learning/main_node.py [39ms]
2024-05-22 22:47:31.319 [info] > git ls-files --stage -- /home/mi/workplace/src/learning/learning/main_node.py [15ms]
2024-05-22 22:47:31.355 [info] > git cat-file -s 51799abc4a9a635daef6244f4f8fdc9eb68f4443 [10ms]
2024-05-22 22:47:43.852 [info] > git show --textconv :workplace/src/learning/learning/move_node.py [40ms]
2024-05-22 22:47:43.873 [info] > git ls-files --stage -- /home/mi/workplace/src/learning/learning/move_node.py [33ms]
2024-05-22 22:48:01.798 [info] > git show --textconv :workplace/src/learning/learning/main_node.py [38ms]
2024-05-22 22:48:01.814 [info] > git ls-files --stage -- /home/mi/workplace/src/learning/learning/main_node.py [22ms]
2024-05-22 22:48:01.848 [info] > git cat-file -s 51799abc4a9a635daef6244f4f8fdc9eb68f4443 [6ms]
2024-05-22 22:48:09.642 [info] > git show --textconv :workplace/src/learning/learning/routine.py [42ms]
2024-05-22 22:48:09.666 [info] > git ls-files --stage -- /home/mi/workplace/src/learning/learning/routine.py [36ms]
2024-05-22 22:48:09.707 [info] > git cat-file -s d312d06d0c402aab22151be6f62d48afebb72175 [8ms]
2024-05-22 22:49:06.970 [info] > git show --textconv :workplace/src/learning/learning/get_data.py [35ms]
2024-05-22 22:49:06.981 [info] > git ls-files --stage -- /home/mi/workplace/src/learning/learning/get_data.py [16ms]
2024-05-22 22:49:07.017 [info] > git cat-file -s 1f6f451efbd6391953f9c6a5e4e9b5aad855c071 [8ms]
2024-05-22 22:49:40.163 [info] > git show --textconv :workplace/src/learning/learning/routine.py [37ms]
2024-05-22 22:49:40.178 [info] > git ls-files --stage -- /home/mi/workplace/src/learning/learning/routine.py [16ms]
2024-05-22 22:49:40.214 [info] > git cat-file -s d312d06d0c402aab22151be6f62d48afebb72175 [7ms]
2024-05-22 22:49:57.546 [info] > git show --textconv :workplace/src/learning/learning/get_data.py [36ms]
2024-05-22 22:49:57.554 [info] > git ls-files --stage -- /home/mi/workplace/src/learning/learning/get_data.py [14ms]
2024-05-22 22:49:57.593 [info] > git cat-file -s 1f6f451efbd6391953f9c6a5e4e9b5aad855c071 [13ms]
2024-05-22 22:50:08.392 [info] > git show --textconv :workplace/src/learning/learning/make_goal.py [39ms]
2024-05-22 22:50:08.398 [info] > git ls-files --stage -- /home/mi/workplace/src/learning/learning/make_goal.py [17ms]
2024-05-22 22:51:19.190 [info] > git show --textconv :workplace/src/learning/learning/get_data.py [76ms]
2024-05-22 22:51:19.201 [info] > git ls-files --stage -- /home/mi/workplace/src/learning/learning/get_data.py [49ms]
2024-05-22 22:51:19.242 [info] > git cat-file -s 1f6f451efbd6391953f9c6a5e4e9b5aad855c071 [12ms]
2024-05-22 22:53:27.095 [info] > git show --textconv :workplace/src/learning/learning/move_node.py [37ms]
2024-05-22 22:53:27.107 [info] > git ls-files --stage -- /home/mi/workplace/src/learning/learning/move_node.py [20ms]
2024-05-22 22:53:39.962 [info] > git show --textconv :workplace/src/learning/learning/get_data.py [49ms]
2024-05-22 22:53:39.971 [info] > git ls-files --stage -- /home/mi/workplace/src/learning/learning/get_data.py [25ms]
2024-05-22 22:53:40.014 [info] > git cat-file -s 1f6f451efbd6391953f9c6a5e4e9b5aad855c071 [14ms]
2024-05-22 22:53:42.455 [info] > git show --textconv :workplace/src/learning/learning/move_node.py [47ms]
2024-05-22 22:53:42.478 [info] > git ls-files --stage -- /home/mi/workplace/src/learning/learning/move_node.py [41ms]
2024-05-22 22:53:50.863 [info] > git show --textconv :workplace/src/learning/learning/rgb_cam_suber.py [34ms]
2024-05-22 22:53:50.872 [info] > git ls-files --stage -- /home/mi/workplace/src/learning/learning/rgb_cam_suber.py [14ms]
2024-05-22 22:53:50.905 [info] > git cat-file -s b38402a83f866eeb0d1d3f91067562218521e60a [7ms]
2024-05-22 22:53:52.954 [info] > git show --textconv :workplace/src/learning/learning/main_node.py [42ms]
2024-05-22 22:53:52.964 [info] > git ls-files --stage -- /home/mi/workplace/src/learning/learning/main_node.py [20ms]
2024-05-22 22:53:53.018 [info] > git cat-file -s 51799abc4a9a635daef6244f4f8fdc9eb68f4443 [18ms]
2024-05-22 22:55:00.738 [info] > git show --textconv :workplace/src/learning/learning/make_goal.py [31ms]
2024-05-22 22:55:00.747 [info] > git ls-files --stage -- /home/mi/workplace/src/learning/learning/make_goal.py [14ms]
2024-05-22 22:55:01.536 [info] > git show --textconv :workplace/src/learning/learning/routine.py [46ms]
2024-05-22 22:55:01.541 [info] > git ls-files --stage -- /home/mi/workplace/src/learning/learning/routine.py [20ms]
2024-05-22 22:55:01.575 [info] > git cat-file -s d312d06d0c402aab22151be6f62d48afebb72175 [6ms]
2024-05-22 22:55:17.399 [info] > git show --textconv :workplace/src/learning/learning/get_data.py [82ms]
2024-05-22 22:55:17.420 [info] > git ls-files --stage -- /home/mi/workplace/src/learning/learning/get_data.py [29ms]
2024-05-22 22:55:17.452 [info] > git cat-file -s 1f6f451efbd6391953f9c6a5e4e9b5aad855c071 [4ms]
2024-05-22 22:57:50.395 [info] > git show --textconv :workplace/src/learning/learning/move_node.py [61ms]
2024-05-22 22:57:50.415 [info] > git ls-files --stage -- /home/mi/workplace/src/learning/learning/move_node.py [26ms]
2024-05-22 23:01:01.317 [info] > git show --textconv :workplace/src/learning/learning/main_node.py [33ms]
2024-05-22 23:01:01.327 [info] > git ls-files --stage -- /home/mi/workplace/src/learning/learning/main_node.py [14ms]
2024-05-22 23:01:01.360 [info] > git cat-file -s 51799abc4a9a635daef6244f4f8fdc9eb68f4443 [6ms]
2024-05-22 23:01:11.094 [info] > git show --textconv :workplace/src/learning/learning/move_node.py [47ms]
2024-05-22 23:01:11.099 [info] > git ls-files --stage -- /home/mi/workplace/src/learning/learning/move_node.py [16ms]
2024-05-22 23:03:46.971 [info] > git show --textconv :workplace/src/learning/learning/main_node.py [37ms]
2024-05-22 23:03:46.987 [info] > git ls-files --stage -- /home/mi/workplace/src/learning/learning/main_node.py [21ms]
2024-05-22 23:03:47.022 [info] > git cat-file -s 51799abc4a9a635daef6244f4f8fdc9eb68f4443 [5ms]
2024-05-22 23:03:48.233 [info] > git show --textconv :workplace/src/learning/learning/move_node.py [33ms]
2024-05-22 23:03:48.241 [info] > git ls-files --stage -- /home/mi/workplace/src/learning/learning/move_node.py [18ms]
2024-05-22 23:03:50.305 [info] > git show --textconv :workplace/src/learning/learning/main_node.py [53ms]
2024-05-22 23:03:50.317 [info] > git ls-files --stage -- /home/mi/workplace/src/learning/learning/main_node.py [36ms]
2024-05-22 23:03:50.352 [info] > git cat-file -s 51799abc4a9a635daef6244f4f8fdc9eb68f4443 [9ms]
2024-05-22 23:04:43.831 [info] > git show --textconv :workplace/src/learning/setup.py [36ms]
2024-05-22 23:04:43.843 [info] > git ls-files --stage -- /home/mi/workplace/src/learning/setup.py [18ms]
2024-05-22 23:04:43.876 [info] > git cat-file -s c4ebe81192724a01ee5733974015fd8bf16f4686 [6ms]
2024-05-22 23:04:48.438 [info] > git show --textconv :workplace/src/learning/learning/get_data.py [37ms]
2024-05-22 23:04:48.451 [info] > git ls-files --stage -- /home/mi/workplace/src/learning/learning/get_data.py [19ms]
2024-05-22 23:04:48.486 [info] > git cat-file -s 1f6f451efbd6391953f9c6a5e4e9b5aad855c071 [8ms]
2024-05-22 23:04:49.696 [info] > git show --textconv :workplace/src/learning/learning/make_goal.py [36ms]
2024-05-22 23:04:49.705 [info] > git ls-files --stage -- /home/mi/workplace/src/learning/learning/make_goal.py [17ms]
2024-05-22 23:04:50.836 [info] > git show --textconv :workplace/src/learning/learning/get_data.py [36ms]
2024-05-22 23:04:50.846 [info] > git ls-files --stage -- /home/mi/workplace/src/learning/learning/get_data.py [17ms]
2024-05-22 23:04:50.888 [info] > git cat-file -s 1f6f451efbd6391953f9c6a5e4e9b5aad855c071 [14ms]
2024-05-22 23:05:04.218 [info] > git show --textconv :workplace/src/learning/learning/move_node.py [36ms]
2024-05-22 23:05:04.223 [info] > git ls-files --stage -- /home/mi/workplace/src/learning/learning/move_node.py [14ms]
2024-05-22 23:08:25.321 [info] > git show --textconv :workplace/src/learning/learning/routine.py [40ms]
2024-05-22 23:08:25.326 [info] > git ls-files --stage -- /home/mi/workplace/src/learning/learning/routine.py [14ms]
2024-05-22 23:08:25.388 [info] > git cat-file -s d312d06d0c402aab22151be6f62d48afebb72175 [20ms]
2024-05-22 23:08:28.838 [info] > git show --textconv :workplace/src/learning/learning/rgb_cam_suber.py [34ms]
2024-05-22 23:08:28.849 [info] > git ls-files --stage -- /home/mi/workplace/src/learning/learning/rgb_cam_suber.py [15ms]
2024-05-22 23:08:28.890 [info] > git cat-file -s b38402a83f866eeb0d1d3f91067562218521e60a [11ms]
2024-05-22 23:08:30.586 [info] > git show --textconv :workplace/src/learning/learning/make_goal.py [168ms]
2024-05-22 23:08:30.625 [info] > git ls-files --stage -- /home/mi/workplace/src/learning/learning/make_goal.py [91ms]
2024-05-22 23:08:31.446 [info] > git show --textconv :workplace/src/learning/learning/get_data.py [44ms]
2024-05-22 23:08:31.462 [info] > git ls-files --stage -- /home/mi/workplace/src/learning/learning/get_data.py [20ms]
2024-05-22 23:08:31.504 [info] > git cat-file -s 1f6f451efbd6391953f9c6a5e4e9b5aad855c071 [11ms]
2024-05-22 23:21:44.511 [info] > git show --textconv :workplace/src/learning/learning/move_node.py [32ms]
2024-05-22 23:21:44.527 [info] > git ls-files --stage -- /home/mi/workplace/src/learning/learning/move_node.py [22ms]
2024-05-22 23:21:48.418 [info] > git show --textconv :workplace/src/learning/learning/main_node.py [43ms]
2024-05-22 23:21:48.421 [info] > git ls-files --stage -- /home/mi/workplace/src/learning/learning/main_node.py [15ms]
2024-05-22 23:21:48.456 [info] > git cat-file -s 51799abc4a9a635daef6244f4f8fdc9eb68f4443 [6ms]
2024-05-22 23:23:07.359 [info] > git show --textconv :workplace/src/learning/learning/move_node.py [46ms]
2024-05-22 23:23:07.366 [info] > git ls-files --stage -- /home/mi/workplace/src/learning/learning/move_node.py [17ms]
2024-05-22 23:23:17.452 [info] > git show --textconv :workplace/src/learning/learning/main_node.py [33ms]
2024-05-22 23:23:17.463 [info] > git ls-files --stage -- /home/mi/workplace/src/learning/learning/main_node.py [17ms]
2024-05-22 23:23:17.499 [info] > git cat-file -s 51799abc4a9a635daef6244f4f8fdc9eb68f4443 [9ms]
2024-05-22 23:23:31.392 [info] > git show --textconv :workplace/src/learning/learning/move_node.py [48ms]
2024-05-22 23:23:31.404 [info] > git ls-files --stage -- /home/mi/workplace/src/learning/learning/move_node.py [36ms]
2024-05-22 23:24:13.174 [info] > git show --textconv :workplace/src/learning/learning/get_data.py [54ms]
2024-05-22 23:24:13.182 [info] > git ls-files --stage -- /home/mi/workplace/src/learning/learning/get_data.py [29ms]
2024-05-22 23:24:13.216 [info] > git cat-file -s 1f6f451efbd6391953f9c6a5e4e9b5aad855c071 [7ms]
2024-05-22 23:25:09.939 [info] > git show --textconv :workplace/src/learning/learning/move_node.py [40ms]
2024-05-22 23:25:09.955 [info] > git ls-files --stage -- /home/mi/workplace/src/learning/learning/move_node.py [27ms]
2024-05-22 23:26:01.122 [info] > git show --textconv :workplace/src/learning/learning/rgb_cam_suber.py [39ms]
2024-05-22 23:26:01.130 [info] > git ls-files --stage -- /home/mi/workplace/src/learning/learning/rgb_cam_suber.py [18ms]
2024-05-22 23:26:01.165 [info] > git cat-file -s b38402a83f866eeb0d1d3f91067562218521e60a [8ms]
2024-05-22 23:26:02.346 [info] > git show --textconv :workplace/src/learning/setup.py [38ms]
2024-05-22 23:26:02.355 [info] > git ls-files --stage -- /home/mi/workplace/src/learning/setup.py [16ms]
2024-05-22 23:26:02.404 [info] > git cat-file -s c4ebe81192724a01ee5733974015fd8bf16f4686 [9ms]
2024-05-22 23:26:03.697 [info] > git show --textconv :workplace/src/learning/learning/move_node.py [34ms]
2024-05-22 23:26:03.711 [info] > git ls-files --stage -- /home/mi/workplace/src/learning/learning/move_node.py [16ms]
2024-05-22 23:26:04.747 [info] > git show --textconv :workplace/src/learning/learning/rgb_cam_suber.py [35ms]
2024-05-22 23:26:04.755 [info] > git ls-files --stage -- /home/mi/workplace/src/learning/learning/rgb_cam_suber.py [13ms]
2024-05-22 23:26:04.790 [info] > git cat-file -s b38402a83f866eeb0d1d3f91067562218521e60a [8ms]
2024-05-22 23:26:15.185 [info] > git show --textconv :workplace/src/learning/learning/move_node.py [43ms]
2024-05-22 23:26:15.199 [info] > git ls-files --stage -- /home/mi/workplace/src/learning/learning/move_node.py [21ms]
2024-05-22 23:26:18.028 [info] > git show --textconv :workplace/src/learning/learning/main_node.py [39ms]
2024-05-22 23:26:18.033 [info] > git ls-files --stage -- /home/mi/workplace/src/learning/learning/main_node.py [14ms]
2024-05-22 23:26:18.066 [info] > git cat-file -s 51799abc4a9a635daef6244f4f8fdc9eb68f4443 [6ms]
2024-05-22 23:29:04.912 [info] > git show --textconv :workplace/src/learning/learning/make_goal.py [43ms]
2024-05-22 23:29:04.933 [info] > git ls-files --stage -- /home/mi/workplace/src/learning/learning/make_goal.py [28ms]
2024-05-22 23:29:06.244 [info] > git show --textconv :workplace/src/learning/learning/routine.py [34ms]
2024-05-22 23:29:06.255 [info] > git ls-files --stage -- /home/mi/workplace/src/learning/learning/routine.py [16ms]
2024-05-22 23:29:06.291 [info] > git cat-file -s d312d06d0c402aab22151be6f62d48afebb72175 [10ms]
2024-05-22 23:29:10.160 [info] > git show --textconv :workplace/src/learning/learning/get_data.py [45ms]
2024-05-22 23:29:10.177 [info] > git ls-files --stage -- /home/mi/workplace/src/learning/learning/get_data.py [24ms]
2024-05-22 23:29:10.217 [info] > git cat-file -s 1f6f451efbd6391953f9c6a5e4e9b5aad855c071 [10ms]
2024-05-22 23:31:37.885 [info] > git show --textconv :workplace/src/learning/learning/rgb_cam_suber.py [34ms]
2024-05-22 23:31:37.897 [info] > git ls-files --stage -- /home/mi/workplace/src/learning/learning/rgb_cam_suber.py [18ms]
2024-05-22 23:31:37.947 [info] > git cat-file -s b38402a83f866eeb0d1d3f91067562218521e60a [19ms]
2024-05-22 23:31:47.259 [info] > git show --textconv :workplace/src/learning/learning/main_node.py [36ms]
2024-05-22 23:31:47.271 [info] > git ls-files --stage -- /home/mi/workplace/src/learning/learning/main_node.py [17ms]
2024-05-22 23:31:47.310 [info] > git cat-file -s 51799abc4a9a635daef6244f4f8fdc9eb68f4443 [7ms]
2024-05-22 23:32:12.236 [info] > git show --textconv :workplace/src/learning/learning/move_node.py [37ms]
2024-05-22 23:32:12.241 [info] > git ls-files --stage -- /home/mi/workplace/src/learning/learning/move_node.py [16ms]
2024-05-22 23:33:41.934 [info] > git show --textconv :workplace/src/learning/learning/main_node.py [36ms]
2024-05-22 23:33:41.943 [info] > git ls-files --stage -- /home/mi/workplace/src/learning/learning/main_node.py [15ms]
2024-05-22 23:33:41.989 [info] > git cat-file -s 51799abc4a9a635daef6244f4f8fdc9eb68f4443 [14ms]
2024-05-22 23:34:15.703 [info] > git show --textconv :workplace/src/learning/learning/move_node.py [45ms]
2024-05-22 23:34:15.715 [info] > git ls-files --stage -- /home/mi/workplace/src/learning/learning/move_node.py [21ms]
2024-05-22 23:34:46.302 [info] > git show --textconv :workplace/src/learning/learning/main_node.py [49ms]
2024-05-22 23:34:46.310 [info] > git ls-files --stage -- /home/mi/workplace/src/learning/learning/main_node.py [26ms]
2024-05-22 23:34:46.346 [info] > git cat-file -s 51799abc4a9a635daef6244f4f8fdc9eb68f4443 [8ms]
2024-05-22 23:35:16.498 [info] > git show --textconv :workplace/src/learning/learning/move_node.py [41ms]
2024-05-22 23:35:16.503 [info] > git ls-files --stage -- /home/mi/workplace/src/learning/learning/move_node.py [11ms]
2024-05-22 23:35:17.823 [info] > git show --textconv :workplace/src/learning/learning/rgb_cam_suber.py [42ms]
2024-05-22 23:35:17.829 [info] > git ls-files --stage -- /home/mi/workplace/src/learning/learning/rgb_cam_suber.py [17ms]
2024-05-22 23:35:17.869 [info] > git cat-file -s b38402a83f866eeb0d1d3f91067562218521e60a [10ms]
2024-05-22 23:36:30.616 [info] > git show --textconv :workplace/src/learning/learning/main_node.py [48ms]
2024-05-22 23:36:30.623 [info] > git ls-files --stage -- /home/mi/workplace/src/learning/learning/main_node.py [14ms]
2024-05-22 23:36:30.663 [info] > git cat-file -s 51799abc4a9a635daef6244f4f8fdc9eb68f4443 [11ms]
2024-05-22 23:36:41.282 [info] > git show --textconv :workplace/src/learning/learning/move_node.py [50ms]
2024-05-22 23:36:41.287 [info] > git ls-files --stage -- /home/mi/workplace/src/learning/learning/move_node.py [21ms]
2024-05-22 23:36:50.048 [info] > git show --textconv :workplace/src/learning/learning/main_node.py [31ms]
2024-05-22 23:36:50.062 [info] > git ls-files --stage -- /home/mi/workplace/src/learning/learning/main_node.py [18ms]
2024-05-22 23:36:50.107 [info] > git cat-file -s 51799abc4a9a635daef6244f4f8fdc9eb68f4443 [12ms]
2024-05-22 23:36:55.425 [info] > git show --textconv :workplace/src/learning/learning/move_node.py [42ms]
2024-05-22 23:36:55.431 [info] > git ls-files --stage -- /home/mi/workplace/src/learning/learning/move_node.py [18ms]
2024-05-22 23:36:57.374 [info] > git show --textconv :workplace/src/learning/learning/get_data.py [33ms]
2024-05-22 23:36:57.395 [info] > git ls-files --stage -- /home/mi/workplace/src/learning/learning/get_data.py [24ms]
2024-05-22 23:36:57.428 [info] > git cat-file -s 1f6f451efbd6391953f9c6a5e4e9b5aad855c071 [7ms]
2024-05-22 23:37:05.274 [info] > git show --textconv :workplace/src/learning/learning/main_node.py [39ms]
2024-05-22 23:37:05.284 [info] > git ls-files --stage -- /home/mi/workplace/src/learning/learning/main_node.py [15ms]
2024-05-22 23:37:05.323 [info] > git cat-file -s 51799abc4a9a635daef6244f4f8fdc9eb68f4443 [10ms]
2024-05-22 23:37:32.753 [info] > git show --textconv :workplace/src/learning/learning/get_data.py [33ms]
2024-05-22 23:37:32.759 [info] > git ls-files --stage -- /home/mi/workplace/src/learning/learning/get_data.py [12ms]
2024-05-22 23:37:32.799 [info] > git cat-file -s 1f6f451efbd6391953f9c6a5e4e9b5aad855c071 [8ms]
2024-05-22 23:38:31.453 [info] > git show --textconv :README.md [42ms]
2024-05-22 23:38:31.469 [info] > git ls-files --stage -- /home/mi/README.md [24ms]
2024-05-22 23:38:31.499 [info] > git cat-file -s d722ff9105b9b51165131575da58dd4e8b8254e2 [3ms]
2024-05-22 23:40:13.426 [info] > git show --textconv :workplace/src/learning/learning/shoot.py [37ms]
2024-05-22 23:40:13.439 [info] > git ls-files --stage -- /home/mi/workplace/src/learning/learning/shoot.py [17ms]
2024-05-22 23:40:14.762 [info] > git show --textconv :README.md [43ms]
2024-05-22 23:40:14.776 [info] > git ls-files --stage -- /home/mi/README.md [22ms]
2024-05-22 23:40:14.808 [info] > git cat-file -s d722ff9105b9b51165131575da58dd4e8b8254e2 [5ms]
2024-05-22 23:40:16.480 [info] > git show --textconv :workplace/src/learning/learning/get_data.py [33ms]
2024-05-22 23:40:16.501 [info] > git ls-files --stage -- /home/mi/workplace/src/learning/learning/get_data.py [24ms]
2024-05-22 23:40:16.537 [info] > git cat-file -s 1f6f451efbd6391953f9c6a5e4e9b5aad855c071 [8ms]
2024-05-22 23:40:18.208 [info] > git show --textconv :workplace/src/learning/learning/rgb_cam_suber.py [52ms]
2024-05-22 23:40:18.210 [info] > git ls-files --stage -- /home/mi/workplace/src/learning/learning/rgb_cam_suber.py [23ms]
2024-05-22 23:40:18.248 [info] > git cat-file -s b38402a83f866eeb0d1d3f91067562218521e60a [9ms]
2024-05-22 23:40:20.155 [info] > git show --textconv :workplace/src/learning/learning/main_node.py [37ms]
2024-05-22 23:40:20.172 [info] > git ls-files --stage -- /home/mi/workplace/src/learning/learning/main_node.py [22ms]
2024-05-22 23:40:20.206 [info] > git cat-file -s 51799abc4a9a635daef6244f4f8fdc9eb68f4443 [5ms]
2024-05-22 23:40:21.310 [info] > git show --textconv :workplace/src/learning/learning/move_node.py [38ms]
2024-05-22 23:40:21.320 [info] > git ls-files --stage -- /home/mi/workplace/src/learning/learning/move_node.py [16ms]
2024-05-22 23:40:30.634 [info] > git show --textconv :workplace/src/learning/learning/routine.py [32ms]
2024-05-22 23:40:30.647 [info] > git ls-files --stage -- /home/mi/workplace/src/learning/learning/routine.py [18ms]
2024-05-22 23:40:30.679 [info] > git cat-file -s d312d06d0c402aab22151be6f62d48afebb72175 [5ms]
2024-05-22 23:40:35.245 [info] > git show --textconv :workplace/src/learning/learning/move_node.py [36ms]
2024-05-22 23:40:35.261 [info] > git ls-files --stage -- /home/mi/workplace/src/learning/learning/move_node.py [20ms]
2024-05-22 23:40:36.144 [info] > git show --textconv :workplace/src/learning/learning/get_data.py [44ms]
2024-05-22 23:40:36.157 [info] > git ls-files --stage -- /home/mi/workplace/src/learning/learning/get_data.py [21ms]
2024-05-22 23:40:36.191 [info] > git cat-file -s 1f6f451efbd6391953f9c6a5e4e9b5aad855c071 [5ms]
2024-05-22 23:41:35.347 [info] > git show --textconv :workplace/src/learning/learning/main_node.py [33ms]
2024-05-22 23:41:35.363 [info] > git ls-files --stage -- /home/mi/workplace/src/learning/learning/main_node.py [22ms]
2024-05-22 23:41:35.394 [info] > git cat-file -s 51799abc4a9a635daef6244f4f8fdc9eb68f4443 [6ms]
2024-05-22 23:42:20.747 [info] > git show --textconv :workplace/src/learning/learning/get_data.py [39ms]
2024-05-22 23:42:20.758 [info] > git ls-files --stage -- /home/mi/workplace/src/learning/learning/get_data.py [15ms]
2024-05-22 23:42:20.802 [info] > git cat-file -s 1f6f451efbd6391953f9c6a5e4e9b5aad855c071 [15ms]
2024-05-22 23:42:22.347 [info] > git show --textconv :workplace/src/learning/learning/move_node.py [46ms]
2024-05-22 23:42:22.358 [info] > git ls-files --stage -- /home/mi/workplace/src/learning/learning/move_node.py [21ms]
2024-05-22 23:42:23.462 [info] > git show --textconv :workplace/src/learning/learning/get_data.py [32ms]
2024-05-22 23:42:23.475 [info] > git ls-files --stage -- /home/mi/workplace/src/learning/learning/get_data.py [19ms]
2024-05-22 23:42:23.506 [info] > git cat-file -s 1f6f451efbd6391953f9c6a5e4e9b5aad855c071 [5ms]
2024-05-22 23:42:25.143 [info] > git show --textconv :workplace/src/learning/learning/main_node.py [50ms]
2024-05-22 23:42:25.148 [info] > git ls-files --stage -- /home/mi/workplace/src/learning/learning/main_node.py [23ms]
2024-05-22 23:42:25.178 [info] > git cat-file -s 51799abc4a9a635daef6244f4f8fdc9eb68f4443 [4ms]
2024-05-22 23:42:33.155 [info] > git show --textconv :workplace/src/learning/learning/get_data.py [49ms]
2024-05-22 23:42:33.159 [info] > git ls-files --stage -- /home/mi/workplace/src/learning/learning/get_data.py [17ms]
2024-05-22 23:42:33.193 [info] > git cat-file -s 1f6f451efbd6391953f9c6a5e4e9b5aad855c071 [7ms]
2024-05-22 23:50:26.686 [info] > git show --textconv :workplace/src/learning/learning/rgb_cam_suber.py [56ms]
2024-05-22 23:50:26.687 [info] > git ls-files --stage -- /home/mi/workplace/src/learning/learning/rgb_cam_suber.py [12ms]
2024-05-22 23:50:26.746 [info] > git cat-file -s b38402a83f866eeb0d1d3f91067562218521e60a [26ms]
2024-05-22 23:50:27.655 [info] > git show --textconv :workplace/src/learning/learning/main_node.py [51ms]
2024-05-22 23:50:27.661 [info] > git ls-files --stage -- /home/mi/workplace/src/learning/learning/main_node.py [28ms]
2024-05-22 23:50:27.693 [info] > git cat-file -s 51799abc4a9a635daef6244f4f8fdc9eb68f4443 [7ms]
2024-05-22 23:51:35.372 [info] > git show --textconv :workplace/src/learning/learning/get_data.py [39ms]
2024-05-22 23:51:35.383 [info] > git ls-files --stage -- /home/mi/workplace/src/learning/learning/get_data.py [17ms]
2024-05-22 23:51:35.413 [info] > git cat-file -s 1f6f451efbd6391953f9c6a5e4e9b5aad855c071 [5ms]
2024-05-22 23:51:38.547 [info] > git show --textconv :workplace/src/learning/learning/main_node.py [35ms]
2024-05-22 23:51:38.560 [info] > git ls-files --stage -- /home/mi/workplace/src/learning/learning/main_node.py [18ms]
2024-05-22 23:51:38.591 [info] > git cat-file -s 51799abc4a9a635daef6244f4f8fdc9eb68f4443 [7ms]
2024-05-22 23:51:45.762 [info] > git show --textconv :workplace/src/learning/learning/get_data.py [46ms]
2024-05-22 23:51:45.769 [info] > git ls-files --stage -- /home/mi/workplace/src/learning/learning/get_data.py [13ms]
2024-05-22 23:51:45.808 [info] > git cat-file -s 1f6f451efbd6391953f9c6a5e4e9b5aad855c071 [12ms]
2024-05-22 23:52:27.231 [info] > git show --textconv :workplace/src/learning/learning/move_node.py [36ms]
2024-05-22 23:52:27.241 [info] > git ls-files --stage -- /home/mi/workplace/src/learning/learning/move_node.py [18ms]
2024-05-22 23:52:28.427 [info] > git show --textconv :workplace/src/learning/learning/rgb_cam_suber.py [38ms]
2024-05-22 23:52:28.434 [info] > git ls-files --stage -- /home/mi/workplace/src/learning/learning/rgb_cam_suber.py [15ms]
2024-05-22 23:52:28.467 [info] > git cat-file -s b38402a83f866eeb0d1d3f91067562218521e60a [7ms]
2024-05-22 23:52:29.276 [info] > git show --textconv :workplace/src/learning/learning/main_node.py [32ms]
2024-05-22 23:52:29.284 [info] > git ls-files --stage -- /home/mi/workplace/src/learning/learning/main_node.py [14ms]
2024-05-22 23:52:29.325 [info] > git cat-file -s 51799abc4a9a635daef6244f4f8fdc9eb68f4443 [10ms]
2024-05-22 23:55:08.229 [info] > git show --textconv :workplace/src/learning/learning/get_data.py [35ms]
2024-05-22 23:55:08.235 [info] > git ls-files --stage -- /home/mi/workplace/src/learning/learning/get_data.py [14ms]
2024-05-22 23:55:08.272 [info] > git cat-file -s 1f6f451efbd6391953f9c6a5e4e9b5aad855c071 [14ms]
2024-05-22 23:56:39.531 [info] > git show --textconv :workplace/src/learning/learning/main_node.py [35ms]
2024-05-22 23:56:39.539 [info] > git ls-files --stage -- /home/mi/workplace/src/learning/learning/main_node.py [15ms]
2024-05-22 23:56:39.570 [info] > git cat-file -s 51799abc4a9a635daef6244f4f8fdc9eb68f4443 [6ms]
2024-05-22 23:57:23.575 [info] > git show --textconv :workplace/src/learning/learning/rgb_cam_suber.py [38ms]
2024-05-22 23:57:23.586 [info] > git ls-files --stage -- /home/mi/workplace/src/learning/learning/rgb_cam_suber.py [20ms]
2024-05-22 23:57:23.615 [info] > git cat-file -s b38402a83f866eeb0d1d3f91067562218521e60a [5ms]
2024-05-22 23:57:24.791 [info] > git show --textconv :workplace/src/learning/learning/move_node.py [56ms]
2024-05-22 23:57:24.804 [info] > git ls-files --stage -- /home/mi/workplace/src/learning/learning/move_node.py [32ms]
2024-05-22 23:57:25.968 [info] > git show --textconv :workplace/src/learning/learning/get_data.py [35ms]
2024-05-22 23:57:26.015 [info] > git ls-files --stage -- /home/mi/workplace/src/learning/learning/get_data.py [51ms]
2024-05-22 23:57:26.053 [info] > git cat-file -s 1f6f451efbd6391953f9c6a5e4e9b5aad855c071 [4ms]
2024-05-22 23:58:23.992 [info] > git show --textconv :workplace/src/learning/learning/main_node.py [40ms]
2024-05-22 23:58:23.999 [info] > git ls-files --stage -- /home/mi/workplace/src/learning/learning/main_node.py [20ms]
2024-05-22 23:58:24.033 [info] > git cat-file -s 51799abc4a9a635daef6244f4f8fdc9eb68f4443 [9ms]
2024-05-22 23:58:30.608 [info] > git show --textconv :workplace/src/learning/learning/get_data.py [45ms]
2024-05-22 23:58:30.635 [info] > git ls-files --stage -- /home/mi/workplace/src/learning/learning/get_data.py [31ms]
2024-05-22 23:58:30.668 [info] > git cat-file -s 1f6f451efbd6391953f9c6a5e4e9b5aad855c071 [4ms]
2024-05-22 23:58:41.368 [info] > git show --textconv :workplace/src/learning/learning/main_node.py [43ms]
2024-05-22 23:58:41.380 [info] > git ls-files --stage -- /home/mi/workplace/src/learning/learning/main_node.py [22ms]
2024-05-22 23:58:41.415 [info] > git cat-file -s 51799abc4a9a635daef6244f4f8fdc9eb68f4443 [8ms]
2024-05-22 23:58:52.180 [info] > git show --textconv :workplace/src/learning/learning/get_data.py [45ms]
2024-05-22 23:58:52.187 [info] > git ls-files --stage -- /home/mi/workplace/src/learning/learning/get_data.py [24ms]
2024-05-22 23:58:52.225 [info] > git cat-file -s 1f6f451efbd6391953f9c6a5e4e9b5aad855c071 [10ms]
2024-05-22 23:59:51.510 [info] > git show --textconv :workplace/src/learning/learning/main_node.py [35ms]
2024-05-22 23:59:51.519 [info] > git ls-files --stage -- /home/mi/workplace/src/learning/learning/main_node.py [17ms]
2024-05-22 23:59:51.548 [info] > git cat-file -s 51799abc4a9a635daef6244f4f8fdc9eb68f4443 [5ms]
2024-05-23 00:00:13.999 [info] > git show --textconv :workplace/src/learning/learning/get_data.py [32ms]
2024-05-23 00:00:14.018 [info] > git ls-files --stage -- /home/mi/workplace/src/learning/learning/get_data.py [23ms]
2024-05-23 00:00:14.052 [info] > git cat-file -s 1f6f451efbd6391953f9c6a5e4e9b5aad855c071 [5ms]
2024-05-23 00:04:01.073 [info] > git show --textconv :workplace/src/learning/learning/main_node.py [38ms]
2024-05-23 00:04:01.084 [info] > git ls-files --stage -- /home/mi/workplace/src/learning/learning/main_node.py [20ms]
2024-05-23 00:04:01.130 [info] > git cat-file -s 51799abc4a9a635daef6244f4f8fdc9eb68f4443 [18ms]
2024-05-23 00:04:11.492 [info] > git show --textconv :workplace/src/learning/learning/get_data.py [42ms]
2024-05-23 00:04:11.503 [info] > git ls-files --stage -- /home/mi/workplace/src/learning/learning/get_data.py [20ms]
2024-05-23 00:04:11.543 [info] > git cat-file -s 1f6f451efbd6391953f9c6a5e4e9b5aad855c071 [10ms]
2024-05-23 00:04:40.050 [info] > git show --textconv :workplace/src/learning/learning/main_node.py [29ms]
2024-05-23 00:04:40.067 [info] > git ls-files --stage -- /home/mi/workplace/src/learning/learning/main_node.py [20ms]
2024-05-23 00:04:40.098 [info] > git cat-file -s 51799abc4a9a635daef6244f4f8fdc9eb68f4443 [4ms]
2024-05-23 00:04:54.518 [info] > git show --textconv :workplace/src/learning/learning/get_data.py [31ms]
2024-05-23 00:04:54.527 [info] > git ls-files --stage -- /home/mi/workplace/src/learning/learning/get_data.py [14ms]
2024-05-23 00:04:54.562 [info] > git cat-file -s 1f6f451efbd6391953f9c6a5e4e9b5aad855c071 [8ms]
2024-05-23 00:05:34.535 [info] > git show --textconv :workplace/src/learning/learning/main_node.py [33ms]
2024-05-23 00:05:34.548 [info] > git ls-files --stage -- /home/mi/workplace/src/learning/learning/main_node.py [17ms]
2024-05-23 00:05:34.582 [info] > git cat-file -s 51799abc4a9a635daef6244f4f8fdc9eb68f4443 [6ms]
2024-05-23 00:05:54.051 [info] > git show --textconv :workplace/src/learning/learning/get_data.py [33ms]
2024-05-23 00:05:54.070 [info] > git ls-files --stage -- /home/mi/workplace/src/learning/learning/get_data.py [23ms]
2024-05-23 00:05:54.101 [info] > git cat-file -s 1f6f451efbd6391953f9c6a5e4e9b5aad855c071 [4ms]
2024-05-23 00:06:11.138 [info] > git show --textconv :workplace/src/learning/learning/main_node.py [37ms]
2024-05-23 00:06:11.148 [info] > git ls-files --stage -- /home/mi/workplace/src/learning/learning/main_node.py [16ms]
2024-05-23 00:06:11.183 [info] > git cat-file -s 51799abc4a9a635daef6244f4f8fdc9eb68f4443 [4ms]
2024-05-23 00:06:30.428 [info] > git show --textconv :workplace/src/learning/learning/move_node.py [46ms]
2024-05-23 00:06:30.434 [info] > git ls-files --stage -- /home/mi/workplace/src/learning/learning/move_node.py [13ms]
2024-05-23 00:06:54.823 [info] > git show --textconv :workplace/src/learning/learning/get_data.py [44ms]
2024-05-23 00:06:54.829 [info] > git ls-files --stage -- /home/mi/workplace/src/learning/learning/get_data.py [18ms]
2024-05-23 00:06:54.871 [info] > git cat-file -s 1f6f451efbd6391953f9c6a5e4e9b5aad855c071 [16ms]
2024-05-23 00:06:57.106 [info] > git show --textconv :workplace/src/learning/learning/move_node.py [35ms]
2024-05-23 00:06:57.126 [info] > git ls-files --stage -- /home/mi/workplace/src/learning/learning/move_node.py [24ms]
2024-05-23 00:07:25.350 [info] > git show --textconv :workplace/src/learning/learning/main_node.py [42ms]
2024-05-23 00:07:25.358 [info] > git ls-files --stage -- /home/mi/workplace/src/learning/learning/main_node.py [19ms]
2024-05-23 00:07:25.392 [info] > git cat-file -s 51799abc4a9a635daef6244f4f8fdc9eb68f4443 [7ms]
2024-05-23 00:07:56.064 [info] > git show --textconv :workplace/src/learning/learning/move_node.py [43ms]
2024-05-23 00:07:56.071 [info] > git ls-files --stage -- /home/mi/workplace/src/learning/learning/move_node.py [15ms]
2024-05-23 00:11:13.747 [info] > git show --textconv :workplace/src/learning/learning/main_node.py [33ms]
2024-05-23 00:11:13.761 [info] > git ls-files --stage -- /home/mi/workplace/src/learning/learning/main_node.py [21ms]
2024-05-23 00:11:13.794 [info] > git cat-file -s 51799abc4a9a635daef6244f4f8fdc9eb68f4443 [7ms]
2024-05-23 00:12:35.540 [info] > git show --textconv :workplace/src/learning/learning/rgb_cam_suber.py [39ms]
2024-05-23 00:12:35.554 [info] > git ls-files --stage -- /home/mi/workplace/src/learning/learning/rgb_cam_suber.py [19ms]
2024-05-23 00:12:35.589 [info] > git cat-file -s b38402a83f866eeb0d1d3f91067562218521e60a [10ms]
2024-05-23 00:12:37.562 [info] > git show --textconv :workplace/src/learning/learning/move_node.py [40ms]
2024-05-23 00:12:37.577 [info] > git ls-files --stage -- /home/mi/workplace/src/learning/learning/move_node.py [27ms]
2024-05-23 00:12:39.016 [info] > git show --textconv :workplace/src/learning/learning/get_data.py [64ms]
2024-05-23 00:12:39.019 [info] > git ls-files --stage -- /home/mi/workplace/src/learning/learning/get_data.py [9ms]
2024-05-23 00:12:39.059 [info] > git cat-file -s 1f6f451efbd6391953f9c6a5e4e9b5aad855c071 [8ms]
2024-05-23 00:14:39.568 [info] > git show --textconv :workplace/src/learning/learning/main_node.py [32ms]
2024-05-23 00:14:39.577 [info] > git ls-files --stage -- /home/mi/workplace/src/learning/learning/main_node.py [14ms]
2024-05-23 00:14:39.610 [info] > git cat-file -s 51799abc4a9a635daef6244f4f8fdc9eb68f4443 [6ms]
2024-05-23 00:15:49.696 [info] > git show --textconv :workplace/src/learning/learning/move_node.py [33ms]
2024-05-23 00:15:49.709 [info] > git ls-files --stage -- /home/mi/workplace/src/learning/learning/move_node.py [19ms]
2024-05-23 00:18:29.695 [info] > git show --textconv :workplace/src/learning/learning/main_node.py [40ms]
2024-05-23 00:18:29.699 [info] > git ls-files --stage -- /home/mi/workplace/src/learning/learning/main_node.py [16ms]
2024-05-23 00:18:29.733 [info] > git cat-file -s 51799abc4a9a635daef6244f4f8fdc9eb68f4443 [10ms]
2024-05-23 00:22:44.585 [info] > git show --textconv :workplace/src/learning/learning/get_data.py [45ms]
2024-05-23 00:22:44.591 [info] > git ls-files --stage -- /home/mi/workplace/src/learning/learning/get_data.py [17ms]
2024-05-23 00:22:44.627 [info] > git cat-file -s 1f6f451efbd6391953f9c6a5e4e9b5aad855c071 [10ms]
2024-05-23 00:23:02.408 [info] > git show --textconv :workplace/src/learning/learning/move_node.py [53ms]
2024-05-23 00:23:02.424 [info] > git ls-files --stage -- /home/mi/workplace/src/learning/learning/move_node.py [31ms]
2024-05-23 00:23:03.425 [info] > git show --textconv :workplace/src/learning/learning/rgb_cam_suber.py [35ms]
2024-05-23 00:23:03.440 [info] > git ls-files --stage -- /home/mi/workplace/src/learning/learning/rgb_cam_suber.py [22ms]
2024-05-23 00:23:03.470 [info] > git cat-file -s b38402a83f866eeb0d1d3f91067562218521e60a [5ms]
2024-05-23 00:23:05.035 [info] > git show --textconv :workplace/src/learning/learning/move_node.py [59ms]
2024-05-23 00:23:05.040 [info] > git ls-files --stage -- /home/mi/workplace/src/learning/learning/move_node.py [30ms]
2024-05-23 00:23:29.255 [info] > git show --textconv :workplace/src/learning/learning/main_node.py [38ms]
2024-05-23 00:23:29.263 [info] > git ls-files --stage -- /home/mi/workplace/src/learning/learning/main_node.py [17ms]
2024-05-23 00:23:29.296 [info] > git cat-file -s 51799abc4a9a635daef6244f4f8fdc9eb68f4443 [8ms]
2024-05-23 00:24:45.492 [info] > git show --textconv :workplace/src/learning/learning/move_node.py [41ms]
2024-05-23 00:24:45.496 [info] > git ls-files --stage -- /home/mi/workplace/src/learning/learning/move_node.py [12ms]
2024-05-23 00:35:05.949 [info] > git show --textconv :workplace/src/learning/learning/get_data.py [35ms]
2024-05-23 00:35:05.974 [info] > git ls-files --stage -- /home/mi/workplace/src/learning/learning/get_data.py [33ms]
2024-05-23 00:35:06.008 [info] > git cat-file -s 1f6f451efbd6391953f9c6a5e4e9b5aad855c071 [6ms]
2024-05-23 00:35:30.011 [info] > git show --textconv :workplace/src/learning/learning/rgb_cam_suber.py [58ms]
2024-05-23 00:35:30.012 [info] > git ls-files --stage -- /home/mi/workplace/src/learning/learning/rgb_cam_suber.py [19ms]
2024-05-23 00:35:30.055 [info] > git cat-file -s b38402a83f866eeb0d1d3f91067562218521e60a [12ms]
2024-05-23 00:36:56.609 [info] > git show --textconv :workplace/src/learning/learning/main_node.py [37ms]
2024-05-23 00:36:56.615 [info] > git ls-files --stage -- /home/mi/workplace/src/learning/learning/main_node.py [15ms]
2024-05-23 00:36:56.645 [info] > git cat-file -s 51799abc4a9a635daef6244f4f8fdc9eb68f4443 [5ms]
2024-05-23 00:37:00.101 [info] > git show --textconv :workplace/src/learning/learning/move_x.py [40ms]
2024-05-23 00:37:00.110 [info] > git ls-files --stage -- /home/mi/workplace/src/learning/learning/move_x.py [21ms]
2024-05-23 00:37:00.160 [info] > git cat-file -s 014c7e73eab061610d710be8eb2e72c1fc53923b [15ms]
2024-05-23 00:37:03.638 [info] > git show --textconv :workplace/src/learning/learning/make_goal.py [33ms]
2024-05-23 00:37:03.655 [info] > git ls-files --stage -- /home/mi/workplace/src/learning/learning/make_goal.py [19ms]
2024-05-23 00:37:26.187 [info] > git show --textconv :workplace/src/learning/learning/test.py [55ms]
2024-05-23 00:37:26.200 [info] > git ls-files --stage -- /home/mi/workplace/src/learning/learning/test.py [25ms]
2024-05-23 00:37:26.334 [info] > git check-ignore -v -z --stdin [14ms]
2024-05-23 00:37:32.751 [info] > git show --textconv :workplace/src/learning/learning/main_node.py [81ms]
2024-05-23 00:37:32.775 [info] > git ls-files --stage -- /home/mi/workplace/src/learning/learning/main_node.py [41ms]
2024-05-23 00:37:32.827 [info] > git cat-file -s 51799abc4a9a635daef6244f4f8fdc9eb68f4443 [9ms]
2024-05-23 00:37:39.818 [info] > git show --textconv :workplace/src/learning/learning/test.py [40ms]
2024-05-23 00:37:39.836 [info] > git ls-files --stage -- /home/mi/workplace/src/learning/learning/test.py [23ms]
2024-05-23 00:38:48.879 [info] > git show --textconv :workplace/src/learning/setup.py [40ms]
2024-05-23 00:38:48.884 [info] > git ls-files --stage -- /home/mi/workplace/src/learning/setup.py [18ms]
2024-05-23 00:38:48.929 [info] > git cat-file -s c4ebe81192724a01ee5733974015fd8bf16f4686 [14ms]
2024-05-23 00:39:42.643 [info] > git show --textconv :workplace/src/learning/learning/main_node.py [31ms]
2024-05-23 00:39:42.653 [info] > git ls-files --stage -- /home/mi/workplace/src/learning/learning/main_node.py [13ms]
2024-05-23 00:39:42.686 [info] > git cat-file -s 51799abc4a9a635daef6244f4f8fdc9eb68f4443 [6ms]
2024-05-23 00:39:59.931 [info] > git show --textconv :workplace/src/learning/learning/test.py [44ms]
2024-05-23 00:39:59.939 [info] > git ls-files --stage -- /home/mi/workplace/src/learning/learning/test.py [27ms]
2024-05-23 00:40:13.786 [info] > git show --textconv :workplace/src/learning/learning/move_node.py [32ms]
2024-05-23 00:40:13.797 [info] > git ls-files --stage -- /home/mi/workplace/src/learning/learning/move_node.py [15ms]
2024-05-23 00:40:16.858 [info] > git show --textconv :workplace/src/learning/learning/test.py [35ms]
2024-05-23 00:40:16.867 [info] > git ls-files --stage -- /home/mi/workplace/src/learning/learning/test.py [17ms]
2024-05-23 00:40:20.255 [info] > git show --textconv :workplace/src/learning/learning/move_node.py [36ms]
2024-05-23 00:40:20.269 [info] > git ls-files --stage -- /home/mi/workplace/src/learning/learning/move_node.py [19ms]
2024-05-23 00:40:22.269 [info] > git show --textconv :workplace/src/learning/learning/test.py [31ms]
2024-05-23 00:40:22.277 [info] > git ls-files --stage -- /home/mi/workplace/src/learning/learning/test.py [12ms]
2024-05-23 00:41:14.804 [info] > git show --textconv :workplace/src/learning/learning/main_node.py [29ms]
2024-05-23 00:41:14.817 [info] > git ls-files --stage -- /home/mi/workplace/src/learning/learning/main_node.py [15ms]
2024-05-23 00:41:14.851 [info] > git cat-file -s 51799abc4a9a635daef6244f4f8fdc9eb68f4443 [6ms]
2024-05-23 00:41:19.944 [info] > git show --textconv :workplace/src/learning/learning/test.py [30ms]
2024-05-23 00:41:19.950 [info] > git ls-files --stage -- /home/mi/workplace/src/learning/learning/test.py [12ms]
2024-05-23 00:41:41.805 [info] > git ls-files --stage -- /home/mi/workplace/src/learning/learning/test.py [15ms]
2024-05-23 00:41:41.872 [info] > git show --textconv :workplace/src/learning/learning/test.py [17ms]
2024-05-23 00:41:46.390 [info] > git ls-files --stage -- /home/mi/workplace/src/learning/learning/test.py [14ms]
2024-05-23 00:41:46.445 [info] > git show --textconv :workplace/src/learning/learning/test.py [14ms]
2024-05-23 00:42:23.925 [info] > git check-ignore -v -z --stdin [31ms]
2024-05-23 00:42:24.742 [info] > git check-ignore -v -z --stdin [20ms]
2024-05-23 00:43:00.311 [info] > git ls-files --stage -- /home/mi/workplace/src/learning/learning/test.py [13ms]
2024-05-23 00:43:00.368 [info] > git show --textconv :workplace/src/learning/learning/test.py [14ms]
2024-05-23 00:43:49.176 [info] > git show --textconv :README.md [58ms]
2024-05-23 00:43:49.184 [info] > git ls-files --stage -- /home/mi/README.md [15ms]
2024-05-23 00:43:49.218 [info] > git cat-file -s 8c593d39f2ee23b8fe303ad65cc943d430a12738 [3ms]
2024-05-23 00:46:57.245 [info] > git push -u origin whf_play [130391ms]
2024-05-23 00:46:57.245 [info] fatal: unable to access 'https://github.com/lx88882222/7-1.git/': Failed to connect to github.com port 443: Connection timed out
2024-05-23 00:46:57.320 [info] > git config --get commit.template [32ms]
2024-05-23 00:46:57.322 [info] > git for-each-ref --format=%(refname)%00%(upstream:short)%00%(objectname)%00%(upstream:track)%00%(upstream:remotename)%00%(upstream:remoteref) refs/heads/whf_play refs/remotes/whf_play [9ms]
2024-05-23 00:46:57.805 [info] > git status -z -uall [444ms] (cancelled)
2024-05-23 00:47:03.864 [info] > git push -u origin whf_play [130064ms]
2024-05-23 00:47:03.864 [info] fatal: unable to access 'https://github.com/lx88882222/7-1.git/': Failed to connect to github.com port 443: Connection timed out
2024-05-23 00:47:03.877 [info] > git push -u origin whf_play [133940ms]
2024-05-23 00:47:03.877 [info] fatal: unable to access 'https://github.com/lx88882222/7-1.git/': Failed to connect to github.com port 443: Connection timed out
2024-05-23 00:47:03.900 [info] > git push -u origin whf_play [135413ms]
2024-05-23 00:47:03.900 [info] fatal: unable to access 'https://github.com/lx88882222/7-1.git/': Failed to connect to github.com port 443: Connection timed out
2024-05-23 00:47:04.578 [info] > git config --get commit.template [879ms]
2024-05-23 00:47:04.600 [info] > git config --get commit.template [26ms]
2024-05-23 00:47:04.600 [info] > git config --get commit.template [73ms]
2024-05-23 00:47:04.601 [info] > git config --get commit.template [130ms]
2024-05-23 00:47:04.754 [info] > git for-each-ref --format=%(refname)%00%(upstream:short)%00%(objectname)%00%(upstream:track)%00%(upstream:remotename)%00%(upstream:remoteref) refs/heads/whf_play refs/remotes/whf_play [12ms]
2024-05-23 00:47:04.796 [info] > git for-each-ref --format=%(refname)%00%(upstream:short)%00%(objectname)%00%(upstream:track)%00%(upstream:remotename)%00%(upstream:remoteref) refs/heads/whf_play refs/remotes/whf_play [87ms]
2024-05-23 00:47:04.813 [info] > git for-each-ref --format=%(refname)%00%(upstream:short)%00%(objectname)%00%(upstream:track)%00%(upstream:remotename)%00%(upstream:remoteref) refs/heads/whf_play refs/remotes/whf_play [139ms]
2024-05-23 00:47:04.820 [info] > git for-each-ref --format=%(refname)%00%(upstream:short)%00%(objectname)%00%(upstream:track)%00%(upstream:remotename)%00%(upstream:remoteref) refs/heads/whf_play refs/remotes/whf_play [186ms]
2024-05-23 00:47:10.380 [info] > git status -z -uall [5585ms] (cancelled)
2024-05-23 00:47:10.382 [info] > git push -u origin whf_play [131383ms]
2024-05-23 00:47:10.382 [info] fatal: unable to access 'https://github.com/lx88882222/7-1.git/': Failed to connect to github.com port 443: Connection timed out
2024-05-23 00:47:10.385 [info] > git push -u origin whf_play [133571ms]
2024-05-23 00:47:10.385 [info] fatal: unable to access 'https://github.com/lx88882222/7-1.git/': Failed to connect to github.com port 443: Connection timed out
2024-05-23 00:47:11.074 [info] > git config --get commit.template [632ms]
2024-05-23 00:47:11.092 [info] > git config --get commit.template [608ms]
2024-05-23 00:47:11.313 [info] > git for-each-ref --format=%(refname)%00%(upstream:short)%00%(objectname)%00%(upstream:track)%00%(upstream:remotename)%00%(upstream:remoteref) refs/heads/whf_play refs/remotes/whf_play [151ms]
2024-05-23 00:47:11.348 [info] > git for-each-ref --format=%(refname)%00%(upstream:short)%00%(objectname)%00%(upstream:track)%00%(upstream:remotename)%00%(upstream:remoteref) refs/heads/whf_play refs/remotes/whf_play [222ms]
2024-05-23 00:47:16.221 [info] > git status -z -uall [4874ms] (cancelled)
