[4.618s] Invoking command in '/home/mi/workplace/src/learning': PYTHONPATH=/home/mi/workplace/install/learning/lib/python3.6/site-packages:${PYTHONPATH} /usr/bin/python3 setup.py egg_info --egg-base ../../build/learning build --build-base /home/mi/workplace/build/learning/build install --prefix /home/mi/workplace/install/learning --record /home/mi/workplace/build/learning/install.log --single-version-externally-managed
[6.616s] running egg_info
[6.619s] writing ../../build/learning/learning.egg-info/PKG-INFO
[6.621s] writing dependency_links to ../../build/learning/learning.egg-info/dependency_links.txt
[6.622s] writing entry points to ../../build/learning/learning.egg-info/entry_points.txt
[6.622s] writing requirements to ../../build/learning/learning.egg-info/requires.txt
[6.623s] writing top-level names to ../../build/learning/learning.egg-info/top_level.txt
[6.641s] reading manifest file '../../build/learning/learning.egg-info/SOURCES.txt'
[6.652s] writing manifest file '../../build/learning/learning.egg-info/SOURCES.txt'
[6.653s] running build
[6.654s] running build_py
[6.655s] copying learning/track.py -> /home/mi/workplace/build/learning/build/lib/learning
[6.655s] copying learning/rotate_until_center.py -> /home/mi/workplace/build/learning/build/lib/learning
[6.656s] running install
[6.657s] /usr/local/lib/python3.6/dist-packages/setuptools/command/install.py:37: SetuptoolsDeprecationWarning: setup.py install is deprecated. Use build and pip and other standards-based tools.
[6.658s]   setuptools.SetuptoolsDeprecationWarning,
[6.658s] running install_lib
[6.664s] copying /home/mi/workplace/build/learning/build/lib/learning/track.py -> /home/mi/workplace/install/learning/lib/python3.6/site-packages/learning
[6.665s] copying /home/mi/workplace/build/learning/build/lib/learning/rotate_until_center.py -> /home/mi/workplace/install/learning/lib/python3.6/site-packages/learning
[6.666s] byte-compiling /home/mi/workplace/install/learning/lib/python3.6/site-packages/learning/track.py to track.cpython-36.pyc
[6.670s] byte-compiling /home/mi/workplace/install/learning/lib/python3.6/site-packages/learning/rotate_until_center.py to rotate_until_center.cpython-36.pyc
[6.674s] running install_data
[6.678s] running install_egg_info
[6.685s] removing '/home/mi/workplace/install/learning/lib/python3.6/site-packages/learning-0.0.0-py3.6.egg-info' (and everything under it)
[6.686s] Copying ../../build/learning/learning.egg-info to /home/mi/workplace/install/learning/lib/python3.6/site-packages/learning-0.0.0-py3.6.egg-info
[6.692s] running install_scripts
[6.786s] Installing camera script to /home/mi/workplace/install/learning/lib/learning
[6.787s] Installing crash script to /home/mi/workplace/install/learning/lib/learning
[6.788s] Installing data_receive script to /home/mi/workplace/install/learning/lib/learning
[6.788s] Installing rgb script to /home/mi/workplace/install/learning/lib/learning
[6.790s] Installing stand script to /home/mi/workplace/install/learning/lib/learning
[6.791s] Installing track script to /home/mi/workplace/install/learning/lib/learning
[6.792s] Installing walktest script to /home/mi/workplace/install/learning/lib/learning
[6.798s] writing list of installed files to '/home/mi/workplace/build/learning/install.log'
[6.916s] Invoked command in '/home/mi/workplace/src/learning' returned '0': PYTHONPATH=/home/mi/workplace/install/learning/lib/python3.6/site-packages:${PYTHONPATH} /usr/bin/python3 setup.py egg_info --egg-base ../../build/learning build --build-base /home/mi/workplace/build/learning/build install --prefix /home/mi/workplace/install/learning --record /home/mi/workplace/build/learning/install.log --single-version-externally-managed
