[3.996s] Invoking command in '/home/mi/workplace/src/ai': PYTHONPATH=/home/mi/workplace/install/ai/lib/python3.6/site-packages:${PYTHONPATH} /usr/bin/python3 setup.py egg_info --egg-base ../../build/ai build --build-base /home/mi/workplace/build/ai/build install --prefix /home/mi/workplace/install/ai --record /home/mi/workplace/build/ai/install.log --single-version-externally-managed
[5.776s] running egg_info
[5.780s] writing ../../build/ai/ai.egg-info/PKG-INFO
[5.781s] writing dependency_links to ../../build/ai/ai.egg-info/dependency_links.txt
[5.793s] writing entry points to ../../build/ai/ai.egg-info/entry_points.txt
[5.796s] writing requirements to ../../build/ai/ai.egg-info/requires.txt
[5.798s] writing top-level names to ../../build/ai/ai.egg-info/top_level.txt
[5.801s] reading manifest file '../../build/ai/ai.egg-info/SOURCES.txt'
[5.806s] writing manifest file '../../build/ai/ai.egg-info/SOURCES.txt'
[5.806s] running build
[5.807s] running build_py
[5.808s] running install
[5.809s] /usr/local/lib/python3.6/dist-packages/setuptools/command/install.py:37: SetuptoolsDeprecationWarning: setup.py install is deprecated. Use build and pip and other standards-based tools.
[5.809s]   setuptools.SetuptoolsDeprecationWarning,
[5.810s] running install_lib
[5.816s] running install_data
[5.818s] copying package.xml -> /home/mi/workplace/install/ai/share/ai
[5.818s] running install_egg_info
[5.827s] removing '/home/mi/workplace/install/ai/lib/python3.6/site-packages/ai-0.0.0-py3.6.egg-info' (and everything under it)
[5.829s] Copying ../../build/ai/ai.egg-info to /home/mi/workplace/install/ai/lib/python3.6/site-packages/ai-0.0.0-py3.6.egg-info
[5.834s] running install_scripts
[5.927s] Installing photo script to /home/mi/workplace/install/ai/lib/ai
[5.930s] writing list of installed files to '/home/mi/workplace/build/ai/install.log'
[6.058s] Invoked command in '/home/mi/workplace/src/ai' returned '0': PYTHONPATH=/home/mi/workplace/install/ai/lib/python3.6/site-packages:${PYTHONPATH} /usr/bin/python3 setup.py egg_info --egg-base ../../build/ai build --build-base /home/mi/workplace/build/ai/build install --prefix /home/mi/workplace/install/ai --record /home/mi/workplace/build/ai/install.log --single-version-externally-managed
