[3.826s] Invoking command in '/home/mi/workplace/src/learning': PYTHONPATH=/home/mi/workplace/install/learning/lib/python3.6/site-packages:${PYTHONPATH} /usr/bin/python3 setup.py egg_info --egg-base ../../build/learning build --build-base /home/mi/workplace/build/learning/build install --prefix /home/mi/workplace/install/learning --record /home/mi/workplace/build/learning/install.log --single-version-externally-managed
[5.331s] running egg_info
[5.334s] writing ../../build/learning/learning.egg-info/PKG-INFO
[5.336s] writing dependency_links to ../../build/learning/learning.egg-info/dependency_links.txt
[5.337s] writing entry points to ../../build/learning/learning.egg-info/entry_points.txt
[5.337s] writing requirements to ../../build/learning/learning.egg-info/requires.txt
[5.338s] writing top-level names to ../../build/learning/learning.egg-info/top_level.txt
[5.353s] reading manifest file '../../build/learning/learning.egg-info/SOURCES.txt'
[5.360s] writing manifest file '../../build/learning/learning.egg-info/SOURCES.txt'
[5.361s] running build
[5.361s] running build_py
[5.367s] copying learning/get_data.py -> /home/mi/workplace/build/learning/build/lib/learning
[5.371s] running install
[5.373s] /usr/local/lib/python3.6/dist-packages/setuptools/command/install.py:37: SetuptoolsDeprecationWarning: setup.py install is deprecated. Use build and pip and other standards-based tools.
[5.373s]   setuptools.SetuptoolsDeprecationWarning,
[5.374s] running install_lib
[5.380s] copying /home/mi/workplace/build/learning/build/lib/learning/get_data.py -> /home/mi/workplace/install/learning/lib/python3.6/site-packages/learning
[5.385s] byte-compiling /home/mi/workplace/install/learning/lib/python3.6/site-packages/learning/get_data.py to get_data.cpython-36.pyc
[5.390s] running install_data
[5.393s] running install_egg_info
[5.399s] removing '/home/mi/workplace/install/learning/lib/python3.6/site-packages/learning-0.0.0-py3.6.egg-info' (and everything under it)
[5.401s] Copying ../../build/learning/learning.egg-info to /home/mi/workplace/install/learning/lib/python3.6/site-packages/learning-0.0.0-py3.6.egg-info
[5.406s] running install_scripts
[5.490s] Installing camera script to /home/mi/workplace/install/learning/lib/learning
[5.491s] Installing crash script to /home/mi/workplace/install/learning/lib/learning
[5.491s] Installing data_receive script to /home/mi/workplace/install/learning/lib/learning
[5.493s] Installing get_data script to /home/mi/workplace/install/learning/lib/learning
[5.493s] Installing goal script to /home/mi/workplace/install/learning/lib/learning
[5.494s] Installing keeper script to /home/mi/workplace/install/learning/lib/learning
[5.495s] Installing move_x script to /home/mi/workplace/install/learning/lib/learning
[5.496s] Installing rgb script to /home/mi/workplace/install/learning/lib/learning
[5.496s] Installing rotate script to /home/mi/workplace/install/learning/lib/learning
[5.497s] Installing rotate_until_center1 script to /home/mi/workplace/install/learning/lib/learning
[5.498s] Installing sit script to /home/mi/workplace/install/learning/lib/learning
[5.499s] Installing stand script to /home/mi/workplace/install/learning/lib/learning
[5.499s] Installing track script to /home/mi/workplace/install/learning/lib/learning
[5.500s] Installing walk_t_sec script to /home/mi/workplace/install/learning/lib/learning
[5.500s] Installing walktest script to /home/mi/workplace/install/learning/lib/learning
[5.503s] writing list of installed files to '/home/mi/workplace/build/learning/install.log'
[5.613s] Invoked command in '/home/mi/workplace/src/learning' returned '0': PYTHONPATH=/home/mi/workplace/install/learning/lib/python3.6/site-packages:${PYTHONPATH} /usr/bin/python3 setup.py egg_info --egg-base ../../build/learning build --build-base /home/mi/workplace/build/learning/build install --prefix /home/mi/workplace/install/learning --record /home/mi/workplace/build/learning/install.log --single-version-externally-managed
