[4.621s] Invoking command in '/home/mi/workplace/src/learning': PYTHONPATH=/home/mi/workplace/install/learning/lib/python3.6/site-packages:${PYTHONPATH} /usr/bin/python3 setup.py egg_info --egg-base ../../build/learning build --build-base /home/mi/workplace/build/learning/build install --prefix /home/mi/workplace/install/learning --record /home/mi/workplace/build/learning/install.log --single-version-externally-managed
[6.370s] running egg_info
[6.374s] writing ../../build/learning/learning.egg-info/PKG-INFO
[6.375s] writing dependency_links to ../../build/learning/learning.egg-info/dependency_links.txt
[6.378s] writing entry points to ../../build/learning/learning.egg-info/entry_points.txt
[6.378s] writing requirements to ../../build/learning/learning.egg-info/requires.txt
[6.379s] writing top-level names to ../../build/learning/learning.egg-info/top_level.txt
[6.402s] reading manifest file '../../build/learning/learning.egg-info/SOURCES.txt'
[6.411s] writing manifest file '../../build/learning/learning.egg-info/SOURCES.txt'
[6.413s] running build
[6.413s] running build_py
[6.417s] copying learning/track.py -> /home/mi/workplace/build/learning/build/lib/learning
[6.420s] running install
[6.425s] /usr/local/lib/python3.6/dist-packages/setuptools/command/install.py:37: SetuptoolsDeprecationWarning: setup.py install is deprecated. Use build and pip and other standards-based tools.
[6.426s]   setuptools.SetuptoolsDeprecationWarning,
[6.427s] running install_lib
[6.431s] copying /home/mi/workplace/build/learning/build/lib/learning/track.py -> /home/mi/workplace/install/learning/lib/python3.6/site-packages/learning
[6.434s] byte-compiling /home/mi/workplace/install/learning/lib/python3.6/site-packages/learning/track.py to track.cpython-36.pyc
[6.441s] running install_data
[6.443s] running install_egg_info
[6.454s] removing '/home/mi/workplace/install/learning/lib/python3.6/site-packages/learning-0.0.0-py3.6.egg-info' (and everything under it)
[6.458s] Copying ../../build/learning/learning.egg-info to /home/mi/workplace/install/learning/lib/python3.6/site-packages/learning-0.0.0-py3.6.egg-info
[6.465s] running install_scripts
[6.581s] Installing camera script to /home/mi/workplace/install/learning/lib/learning
[6.582s] Installing crash script to /home/mi/workplace/install/learning/lib/learning
[6.583s] Installing data_receive script to /home/mi/workplace/install/learning/lib/learning
[6.587s] Installing rgb script to /home/mi/workplace/install/learning/lib/learning
[6.588s] Installing stand script to /home/mi/workplace/install/learning/lib/learning
[6.588s] Installing track script to /home/mi/workplace/install/learning/lib/learning
[6.589s] Installing walktest script to /home/mi/workplace/install/learning/lib/learning
[6.593s] writing list of installed files to '/home/mi/workplace/build/learning/install.log'
[6.746s] Invoked command in '/home/mi/workplace/src/learning' returned '0': PYTHONPATH=/home/mi/workplace/install/learning/lib/python3.6/site-packages:${PYTHONPATH} /usr/bin/python3 setup.py egg_info --egg-base ../../build/learning build --build-base /home/mi/workplace/build/learning/build install --prefix /home/mi/workplace/install/learning --record /home/mi/workplace/build/learning/install.log --single-version-externally-managed
