[4.738s] Invoking command in '/home/mi/workplace/src/learning': PYTHONPATH=/home/mi/workplace/install/learning/lib/python3.6/site-packages:${PYTHONPATH} /usr/bin/python3 setup.py egg_info --egg-base ../../build/learning build --build-base /home/mi/workplace/build/learning/build install --prefix /home/mi/workplace/install/learning --record /home/mi/workplace/build/learning/install.log --single-version-externally-managed
[6.426s] running egg_info
[6.431s] writing ../../build/learning/learning.egg-info/PKG-INFO
[6.432s] writing dependency_links to ../../build/learning/learning.egg-info/dependency_links.txt
[6.440s] writing entry points to ../../build/learning/learning.egg-info/entry_points.txt
[6.440s] writing requirements to ../../build/learning/learning.egg-info/requires.txt
[6.441s] writing top-level names to ../../build/learning/learning.egg-info/top_level.txt
[6.453s] reading manifest file '../../build/learning/learning.egg-info/SOURCES.txt'
[6.462s] writing manifest file '../../build/learning/learning.egg-info/SOURCES.txt'
[6.464s] running build
[6.464s] running build_py
[6.469s] copying learning/get_data.py -> /home/mi/workplace/build/learning/build/lib/learning
[6.474s] running install
[6.474s] /usr/local/lib/python3.6/dist-packages/setuptools/command/install.py:37: SetuptoolsDeprecationWarning: setup.py install is deprecated. Use build and pip and other standards-based tools.
[6.475s]   setuptools.SetuptoolsDeprecationWarning,
[6.476s] running install_lib
[6.486s] copying /home/mi/workplace/build/learning/build/lib/learning/get_data.py -> /home/mi/workplace/install/learning/lib/python3.6/site-packages/learning
[6.489s] byte-compiling /home/mi/workplace/install/learning/lib/python3.6/site-packages/learning/get_data.py to get_data.cpython-36.pyc
[6.496s] running install_data
[6.499s] running install_egg_info
[6.508s] removing '/home/mi/workplace/install/learning/lib/python3.6/site-packages/learning-0.0.0-py3.6.egg-info' (and everything under it)
[6.509s] Copying ../../build/learning/learning.egg-info to /home/mi/workplace/install/learning/lib/python3.6/site-packages/learning-0.0.0-py3.6.egg-info
[6.513s] running install_scripts
[6.612s] Installing camera script to /home/mi/workplace/install/learning/lib/learning
[6.614s] Installing crash script to /home/mi/workplace/install/learning/lib/learning
[6.615s] Installing data_receive script to /home/mi/workplace/install/learning/lib/learning
[6.616s] Installing get_data script to /home/mi/workplace/install/learning/lib/learning
[6.616s] Installing goal script to /home/mi/workplace/install/learning/lib/learning
[6.617s] Installing keeper script to /home/mi/workplace/install/learning/lib/learning
[6.618s] Installing main script to /home/mi/workplace/install/learning/lib/learning
[6.618s] Installing move_x script to /home/mi/workplace/install/learning/lib/learning
[6.619s] Installing rgb script to /home/mi/workplace/install/learning/lib/learning
[6.620s] Installing rotate script to /home/mi/workplace/install/learning/lib/learning
[6.620s] Installing rotate_until_center1 script to /home/mi/workplace/install/learning/lib/learning
[6.621s] Installing sit script to /home/mi/workplace/install/learning/lib/learning
[6.622s] Installing stand script to /home/mi/workplace/install/learning/lib/learning
[6.622s] Installing track script to /home/mi/workplace/install/learning/lib/learning
[6.625s] Installing walk_t_sec script to /home/mi/workplace/install/learning/lib/learning
[6.625s] Installing walktest script to /home/mi/workplace/install/learning/lib/learning
[6.630s] writing list of installed files to '/home/mi/workplace/build/learning/install.log'
[6.763s] Invoked command in '/home/mi/workplace/src/learning' returned '0': PYTHONPATH=/home/mi/workplace/install/learning/lib/python3.6/site-packages:${PYTHONPATH} /usr/bin/python3 setup.py egg_info --egg-base ../../build/learning build --build-base /home/mi/workplace/build/learning/build install --prefix /home/mi/workplace/install/learning --record /home/mi/workplace/build/learning/install.log --single-version-externally-managed
