2024-05-03 21:51:13.091 [info] 日志级别: Info
2024-05-03 21:51:13.091 [info] 正在验证在以下位置找到的 git: "git"
2024-05-03 21:51:13.091 [info] 将使用位于 "2.17.1" 的 Git "git"
2024-05-03 21:51:13.091 [info] > git rev-parse --show-toplevel [322ms]
2024-05-03 21:51:13.091 [info] > git rev-parse --git-dir --git-common-dir [49ms]
2024-05-03 21:51:13.091 [info] Open repository: /home/mi
2024-05-03 21:51:13.107 [info] > git rev-parse --show-toplevel [50ms]
2024-05-03 21:51:13.113 [info] > git config --get commit.template [72ms]
2024-05-03 21:51:14.609 [info] > git check-ignore -v -z --stdin [81ms]
2024-05-03 21:51:14.618 [info] > git for-each-ref --format=%(refname)%00%(upstream:short)%00%(objectname)%00%(upstream:track)%00%(upstream:remotename)%00%(upstream:remoteref) refs/heads/main refs/remotes/main [119ms]
2024-05-03 21:51:14.637 [info] > git rev-parse --show-toplevel [1487ms]
2024-05-03 21:51:14.885 [info] > git rev-parse --show-toplevel [219ms]
2024-05-03 21:51:15.153 [info] > git rev-parse --show-toplevel [178ms]
2024-05-03 21:51:15.837 [info] > git rev-parse --show-toplevel [235ms]
2024-05-03 21:51:15.922 [info] > git rev-parse --show-toplevel [66ms]
2024-05-03 21:51:16.029 [info] > git rev-parse --show-toplevel [61ms]
2024-05-03 21:51:16.108 [info] > git rev-parse --show-toplevel [43ms]
2024-05-03 21:51:16.167 [info] > git rev-parse --show-toplevel [17ms]
2024-05-03 21:51:16.258 [info] > git rev-parse --show-toplevel [68ms]
2024-05-03 21:51:16.351 [info] > git rev-parse --show-toplevel [62ms]
2024-05-03 21:51:16.682 [info] > git rev-parse --show-toplevel [180ms]
2024-05-03 21:51:16.827 [info] > git rev-parse --show-toplevel [113ms]
2024-05-03 21:51:17.199 [info] > git rev-parse --show-toplevel [34ms]
2024-05-03 21:51:17.223 [info] > git rev-parse --show-toplevel [5ms]
2024-05-03 21:51:17.252 [info] > git rev-parse --show-toplevel [8ms]
2024-05-03 21:51:17.274 [info] > git rev-parse --show-toplevel [4ms]
2024-05-03 21:51:17.302 [info] > git rev-parse --show-toplevel [5ms]
2024-05-03 21:51:17.356 [info] > git rev-parse --show-toplevel [34ms]
2024-05-03 21:51:17.382 [info] > git rev-parse --show-toplevel [7ms]
2024-05-03 21:51:17.406 [info] > git rev-parse --show-toplevel [3ms]
2024-05-03 21:51:17.435 [info] > git rev-parse --show-toplevel [10ms]
2024-05-03 21:51:17.457 [info] > git rev-parse --show-toplevel [5ms]
2024-05-03 21:51:17.483 [info] > git rev-parse --show-toplevel [5ms]
2024-05-03 21:51:17.505 [info] > git rev-parse --show-toplevel [3ms]
2024-05-03 21:51:17.528 [info] > git rev-parse --show-toplevel [5ms]
2024-05-03 21:51:17.550 [info] > git rev-parse --show-toplevel [4ms]
2024-05-03 21:51:17.574 [info] > git rev-parse --show-toplevel [4ms]
2024-05-03 21:51:17.597 [info] > git rev-parse --show-toplevel [5ms]
2024-05-03 21:51:17.619 [info] > git rev-parse --show-toplevel [4ms]
2024-05-03 21:51:17.643 [info] > git rev-parse --show-toplevel [5ms]
2024-05-03 21:51:17.743 [info] > git show --textconv :workplace/src/learning/learning/rgb_cam_suber.py [57ms]
2024-05-03 21:51:17.752 [info] > git ls-files --stage -- /home/mi/workplace/src/learning/learning/rgb_cam_suber.py [40ms]
2024-05-03 21:51:18.463 [info] > git status -z -uall [3465ms]
2024-05-03 21:51:21.931 [info] > git merge-base refs/heads/main refs/remotes/origin/main [3190ms]
2024-05-03 21:51:22.368 [info] > git rev-list --count --left-right refs/heads/main...refs/remotes/origin/main [405ms]
2024-05-03 21:51:22.406 [info] > git config --get commit.template [519ms]
2024-05-03 21:51:22.543 [info] > git diff --name-status -z --diff-filter=ADMR 204e76f159ef4a5b90ad15a9c05af0a3b3984d4b...refs/remotes/origin/main [143ms]
2024-05-03 21:51:22.585 [info] > git for-each-ref --format=%(refname)%00%(upstream:short)%00%(objectname)%00%(upstream:track)%00%(upstream:remotename)%00%(upstream:remoteref) refs/heads/main refs/remotes/main [14ms]
2024-05-03 21:51:25.789 [info] > git status -z -uall [3177ms]
