[4.575s] Invoking command in '/home/mi/workplace/src/learning': PYTHONPATH=/home/mi/workplace/install/learning/lib/python3.6/site-packages:${PYTHONPATH} /usr/bin/python3 setup.py egg_info --egg-base ../../build/learning build --build-base /home/mi/workplace/build/learning/build install --prefix /home/mi/workplace/install/learning --record /home/mi/workplace/build/learning/install.log --single-version-externally-managed
[6.268s] running egg_info
[6.271s] writing ../../build/learning/learning.egg-info/PKG-INFO
[6.275s] writing dependency_links to ../../build/learning/learning.egg-info/dependency_links.txt
[6.276s] writing entry points to ../../build/learning/learning.egg-info/entry_points.txt
[6.276s] writing requirements to ../../build/learning/learning.egg-info/requires.txt
[6.277s] writing top-level names to ../../build/learning/learning.egg-info/top_level.txt
[6.294s] reading manifest file '../../build/learning/learning.egg-info/SOURCES.txt'
[6.301s] writing manifest file '../../build/learning/learning.egg-info/SOURCES.txt'
[6.305s] running build
[6.306s] running build_py
[6.309s] copying learning/get_data.py -> /home/mi/workplace/build/learning/build/lib/learning
[6.313s] running install
[6.319s] /usr/local/lib/python3.6/dist-packages/setuptools/command/install.py:37: SetuptoolsDeprecationWarning: setup.py install is deprecated. Use build and pip and other standards-based tools.
[6.322s]   setuptools.SetuptoolsDeprecationWarning,
[6.327s] running install_lib
[6.335s] copying /home/mi/workplace/build/learning/build/lib/learning/get_data.py -> /home/mi/workplace/install/learning/lib/python3.6/site-packages/learning
[6.336s] byte-compiling /home/mi/workplace/install/learning/lib/python3.6/site-packages/learning/get_data.py to get_data.cpython-36.pyc
[6.343s] running install_data
[6.344s] running install_egg_info
[6.357s] removing '/home/mi/workplace/install/learning/lib/python3.6/site-packages/learning-0.0.0-py3.6.egg-info' (and everything under it)
[6.358s] Copying ../../build/learning/learning.egg-info to /home/mi/workplace/install/learning/lib/python3.6/site-packages/learning-0.0.0-py3.6.egg-info
[6.365s] running install_scripts
[6.469s] Installing camera script to /home/mi/workplace/install/learning/lib/learning
[6.473s] Installing crash script to /home/mi/workplace/install/learning/lib/learning
[6.474s] Installing data_receive script to /home/mi/workplace/install/learning/lib/learning
[6.476s] Installing get_data script to /home/mi/workplace/install/learning/lib/learning
[6.476s] Installing goal script to /home/mi/workplace/install/learning/lib/learning
[6.489s] Installing keeper script to /home/mi/workplace/install/learning/lib/learning
[6.490s] Installing main script to /home/mi/workplace/install/learning/lib/learning
[6.492s] Installing move_x script to /home/mi/workplace/install/learning/lib/learning
[6.493s] Installing rgb script to /home/mi/workplace/install/learning/lib/learning
[6.493s] Installing rotate script to /home/mi/workplace/install/learning/lib/learning
[6.494s] Installing rotate_until_center1 script to /home/mi/workplace/install/learning/lib/learning
[6.494s] Installing sit script to /home/mi/workplace/install/learning/lib/learning
[6.495s] Installing stand script to /home/mi/workplace/install/learning/lib/learning
[6.496s] Installing track script to /home/mi/workplace/install/learning/lib/learning
[6.497s] Installing walk_t_sec script to /home/mi/workplace/install/learning/lib/learning
[6.497s] Installing walktest script to /home/mi/workplace/install/learning/lib/learning
[6.498s] writing list of installed files to '/home/mi/workplace/build/learning/install.log'
[6.630s] Invoked command in '/home/mi/workplace/src/learning' returned '0': PYTHONPATH=/home/mi/workplace/install/learning/lib/python3.6/site-packages:${PYTHONPATH} /usr/bin/python3 setup.py egg_info --egg-base ../../build/learning build --build-base /home/mi/workplace/build/learning/build install --prefix /home/mi/workplace/install/learning --record /home/mi/workplace/build/learning/install.log --single-version-externally-managed
