[4.365s] Invoking command in '/home/mi/workplace/src/learning': PYTHONPATH=/home/mi/workplace/install/learning/lib/python3.6/site-packages:${PYTHONPATH} /usr/bin/python3 setup.py egg_info --egg-base ../../build/learning build --build-base /home/mi/workplace/build/learning/build install --prefix /home/mi/workplace/install/learning --record /home/mi/workplace/build/learning/install.log --single-version-externally-managed
[6.115s] running egg_info
[6.121s] writing ../../build/learning/learning.egg-info/PKG-INFO
[6.122s] writing dependency_links to ../../build/learning/learning.egg-info/dependency_links.txt
[6.123s] writing entry points to ../../build/learning/learning.egg-info/entry_points.txt
[6.124s] writing requirements to ../../build/learning/learning.egg-info/requires.txt
[6.125s] writing top-level names to ../../build/learning/learning.egg-info/top_level.txt
[6.141s] reading manifest file '../../build/learning/learning.egg-info/SOURCES.txt'
[6.147s] writing manifest file '../../build/learning/learning.egg-info/SOURCES.txt'
[6.148s] running build
[6.149s] running build_py
[6.150s] copying learning/track.py -> /home/mi/workplace/build/learning/build/lib/learning
[6.153s] running install
[6.158s] /usr/local/lib/python3.6/dist-packages/setuptools/command/install.py:37: SetuptoolsDeprecationWarning: setup.py install is deprecated. Use build and pip and other standards-based tools.
[6.158s]   setuptools.SetuptoolsDeprecationWarning,
[6.159s] running install_lib
[6.163s] copying /home/mi/workplace/build/learning/build/lib/learning/track.py -> /home/mi/workplace/install/learning/lib/python3.6/site-packages/learning
[6.165s] byte-compiling /home/mi/workplace/install/learning/lib/python3.6/site-packages/learning/track.py to track.cpython-36.pyc
[6.166s] running install_data
[6.169s] running install_egg_info
[6.179s] removing '/home/mi/workplace/install/learning/lib/python3.6/site-packages/learning-0.0.0-py3.6.egg-info' (and everything under it)
[6.181s] Copying ../../build/learning/learning.egg-info to /home/mi/workplace/install/learning/lib/python3.6/site-packages/learning-0.0.0-py3.6.egg-info
[6.185s] running install_scripts
[6.284s] Installing camera script to /home/mi/workplace/install/learning/lib/learning
[6.285s] Installing rgb_cam_suber script to /home/mi/workplace/install/learning/lib/learning
[6.286s] Installing stand script to /home/mi/workplace/install/learning/lib/learning
[6.287s] Installing walktest script to /home/mi/workplace/install/learning/lib/learning
[6.290s] writing list of installed files to '/home/mi/workplace/build/learning/install.log'
[6.426s] Invoked command in '/home/mi/workplace/src/learning' returned '0': PYTHONPATH=/home/mi/workplace/install/learning/lib/python3.6/site-packages:${PYTHONPATH} /usr/bin/python3 setup.py egg_info --egg-base ../../build/learning build --build-base /home/mi/workplace/build/learning/build install --prefix /home/mi/workplace/install/learning --record /home/mi/workplace/build/learning/install.log --single-version-externally-managed
