2024-05-03 23:35:23.699 [info] 日志级别: Info
2024-05-03 23:35:23.699 [info] 正在验证在以下位置找到的 git: "git"
2024-05-03 23:35:23.699 [info] 将使用位于 "2.17.1" 的 Git "git"
2024-05-03 23:35:23.699 [info] > git rev-parse --show-toplevel [1943ms]
2024-05-03 23:35:23.699 [info] > git rev-parse --git-dir --git-common-dir [195ms]
2024-05-03 23:35:23.700 [info] Open repository: /home/mi
2024-05-03 23:35:23.816 [info] > git rev-parse --show-toplevel [161ms]
2024-05-03 23:35:23.820 [info] > git config --get commit.template [183ms]
2024-05-03 23:35:25.727 [info] > git rev-parse --show-toplevel [1867ms]
2024-05-03 23:35:25.791 [info] > git for-each-ref --format=%(refname)%00%(upstream:short)%00%(objectname)%00%(upstream:track)%00%(upstream:remotename)%00%(upstream:remoteref) refs/heads/main refs/remotes/main [96ms]
2024-05-03 23:35:25.839 [info] > git rev-parse --show-toplevel [58ms]
2024-05-03 23:35:25.939 [info] > git check-ignore -v -z --stdin [181ms]
2024-05-03 23:35:25.985 [info] > git rev-parse --show-toplevel [78ms]
2024-05-03 23:35:26.649 [info] > git rev-parse --show-toplevel [620ms]
2024-05-03 23:35:27.414 [info] > git rev-parse --show-toplevel [694ms]
2024-05-03 23:35:27.456 [info] > git rev-parse --show-toplevel [15ms]
2024-05-03 23:35:27.502 [info] > git rev-parse --show-toplevel [18ms]
2024-05-03 23:35:27.549 [info] > git rev-parse --show-toplevel [10ms]
2024-05-03 23:35:27.592 [info] > git rev-parse --show-toplevel [20ms]
2024-05-03 23:35:27.740 [info] > git rev-parse --show-toplevel [97ms]
2024-05-03 23:35:27.816 [info] > git rev-parse --show-toplevel [27ms]
2024-05-03 23:35:28.044 [info] > git rev-parse --show-toplevel [178ms]
2024-05-03 23:35:28.098 [info] > git rev-parse --show-toplevel [5ms]
2024-05-03 23:35:28.149 [info] > git rev-parse --show-toplevel [7ms]
2024-05-03 23:35:28.190 [info] > git rev-parse --show-toplevel [6ms]
2024-05-03 23:35:28.245 [info] > git rev-parse --show-toplevel [28ms]
2024-05-03 23:35:28.284 [info] > git rev-parse --show-toplevel [13ms]
2024-05-03 23:35:28.317 [info] > git rev-parse --show-toplevel [6ms]
2024-05-03 23:35:28.346 [info] > git rev-parse --show-toplevel [3ms]
2024-05-03 23:35:28.378 [info] > git rev-parse --show-toplevel [5ms]
2024-05-03 23:35:28.415 [info] > git rev-parse --show-toplevel [9ms]
2024-05-03 23:35:28.448 [info] > git rev-parse --show-toplevel [10ms]
2024-05-03 23:35:28.487 [info] > git rev-parse --show-toplevel [17ms]
2024-05-03 23:35:28.528 [info] > git rev-parse --show-toplevel [10ms]
2024-05-03 23:35:28.556 [info] > git rev-parse --show-toplevel [5ms]
2024-05-03 23:35:28.586 [info] > git rev-parse --show-toplevel [10ms]
2024-05-03 23:35:28.627 [info] > git rev-parse --show-toplevel [7ms]
2024-05-03 23:35:28.678 [info] > git rev-parse --show-toplevel [16ms]
2024-05-03 23:35:28.732 [info] > git rev-parse --show-toplevel [22ms]
2024-05-03 23:35:28.768 [info] > git rev-parse --show-toplevel [5ms]
2024-05-03 23:35:28.878 [info] > git show --textconv :workplace/src/learning/learning/track.py [53ms]
2024-05-03 23:35:28.918 [info] > git ls-files --stage -- /home/mi/workplace/src/learning/learning/track.py [47ms]
2024-05-03 23:35:35.875 [info] > git status -z -uall [9897ms]
2024-05-03 23:35:40.231 [info] > git merge-base refs/heads/main refs/remotes/origin/main [4114ms]
2024-05-03 23:35:40.277 [info] > git rev-list --count --left-right refs/heads/main...refs/remotes/origin/main [18ms]
2024-05-03 23:35:40.309 [info] > git config --get commit.template [119ms]
2024-05-03 23:35:40.451 [info] > git diff --name-status -z --diff-filter=ADMR 204e76f159ef4a5b90ad15a9c05af0a3b3984d4b...refs/remotes/origin/main [148ms]
2024-05-03 23:35:40.487 [info] > git for-each-ref --format=%(refname)%00%(upstream:short)%00%(objectname)%00%(upstream:track)%00%(upstream:remotename)%00%(upstream:remoteref) refs/heads/main refs/remotes/main [8ms]
2024-05-03 23:35:44.044 [info] > git status -z -uall [3534ms]
2024-05-03 23:38:38.197 [info] > git show --textconv :.bashrc [41ms]
2024-05-03 23:38:38.205 [info] > git ls-files --stage -- /home/mi/.bashrc [21ms]
2024-05-03 23:38:38.232 [info] > git cat-file -s 07035dda157cb2043954fcd188a7f18805062990 [5ms]
2024-05-03 23:41:53.455 [info] > git show --textconv :workplace/src/learning/learning/rgb_cam_suber.py [33ms]
2024-05-03 23:41:53.463 [info] > git ls-files --stage -- /home/mi/workplace/src/learning/learning/rgb_cam_suber.py [16ms]
2024-05-03 23:45:21.520 [info] > git config --get commit.template [30ms]
2024-05-03 23:45:21.524 [info] > git for-each-ref --format=%(refname)%00%(upstream:short)%00%(objectname)%00%(upstream:track)%00%(upstream:remotename)%00%(upstream:remoteref) refs/heads/main refs/remotes/main [10ms]
2024-05-03 23:45:24.909 [info] > git status -z -uall [3354ms]
