[3.937s] Invoking command in '/home/mi/workplace/src/learning': PYTHONPATH=/home/mi/workplace/install/learning/lib/python3.6/site-packages:${PYTHONPATH} /usr/bin/python3 setup.py egg_info --egg-base ../../build/learning build --build-base /home/mi/workplace/build/learning/build install --prefix /home/mi/workplace/install/learning --record /home/mi/workplace/build/learning/install.log --single-version-externally-managed
[5.427s] running egg_info
[5.429s] writing ../../build/learning/learning.egg-info/PKG-INFO
[5.430s] writing dependency_links to ../../build/learning/learning.egg-info/dependency_links.txt
[5.432s] writing entry points to ../../build/learning/learning.egg-info/entry_points.txt
[5.433s] writing requirements to ../../build/learning/learning.egg-info/requires.txt
[5.433s] writing top-level names to ../../build/learning/learning.egg-info/top_level.txt
[5.449s] reading manifest file '../../build/learning/learning.egg-info/SOURCES.txt'
[5.457s] writing manifest file '../../build/learning/learning.egg-info/SOURCES.txt'
[5.458s] running build
[5.458s] running build_py
[5.465s] running install
[5.466s] /usr/local/lib/python3.6/dist-packages/setuptools/command/install.py:37: SetuptoolsDeprecationWarning: setup.py install is deprecated. Use build and pip and other standards-based tools.
[5.466s]   setuptools.SetuptoolsDeprecationWarning,
[5.467s] running install_lib
[5.472s] running install_data
[5.475s] running install_egg_info
[5.484s] removing '/home/mi/workplace/install/learning/lib/python3.6/site-packages/learning-0.0.0-py3.6.egg-info' (and everything under it)
[5.485s] Copying ../../build/learning/learning.egg-info to /home/mi/workplace/install/learning/lib/python3.6/site-packages/learning-0.0.0-py3.6.egg-info
[5.489s] running install_scripts
[5.581s] Installing camera script to /home/mi/workplace/install/learning/lib/learning
[5.583s] Installing crash script to /home/mi/workplace/install/learning/lib/learning
[5.583s] Installing data_receive script to /home/mi/workplace/install/learning/lib/learning
[5.584s] Installing rgb script to /home/mi/workplace/install/learning/lib/learning
[5.584s] Installing rotate_until_center1 script to /home/mi/workplace/install/learning/lib/learning
[5.585s] Installing stand script to /home/mi/workplace/install/learning/lib/learning
[5.585s] Installing track script to /home/mi/workplace/install/learning/lib/learning
[5.586s] Installing walk_t_sec script to /home/mi/workplace/install/learning/lib/learning
[5.587s] Installing walktest script to /home/mi/workplace/install/learning/lib/learning
[5.589s] writing list of installed files to '/home/mi/workplace/build/learning/install.log'
[5.700s] Invoked command in '/home/mi/workplace/src/learning' returned '0': PYTHONPATH=/home/mi/workplace/install/learning/lib/python3.6/site-packages:${PYTHONPATH} /usr/bin/python3 setup.py egg_info --egg-base ../../build/learning build --build-base /home/mi/workplace/build/learning/build install --prefix /home/mi/workplace/install/learning --record /home/mi/workplace/build/learning/install.log --single-version-externally-managed
