[3.958s] Invoking command in '/home/mi/workplace/src/learning': PYTHONPATH=/home/mi/workplace/install/learning/lib/python3.6/site-packages:${PYTHONPATH} /usr/bin/python3 setup.py egg_info --egg-base ../../build/learning build --build-base /home/mi/workplace/build/learning/build install --prefix /home/mi/workplace/install/learning --record /home/mi/workplace/build/learning/install.log --single-version-externally-managed
[5.758s] running egg_info
[5.765s] writing ../../build/learning/learning.egg-info/PKG-INFO
[5.766s] writing dependency_links to ../../build/learning/learning.egg-info/dependency_links.txt
[5.768s] writing entry points to ../../build/learning/learning.egg-info/entry_points.txt
[5.770s] writing requirements to ../../build/learning/learning.egg-info/requires.txt
[5.771s] writing top-level names to ../../build/learning/learning.egg-info/top_level.txt
[5.789s] reading manifest file '../../build/learning/learning.egg-info/SOURCES.txt'
[5.799s] writing manifest file '../../build/learning/learning.egg-info/SOURCES.txt'
[5.800s] running build
[5.801s] running build_py
[5.807s] copying learning/get_data.py -> /home/mi/workplace/build/learning/build/lib/learning
[5.812s] running install
[5.813s] /usr/local/lib/python3.6/dist-packages/setuptools/command/install.py:37: SetuptoolsDeprecationWarning: setup.py install is deprecated. Use build and pip and other standards-based tools.
[5.814s]   setuptools.SetuptoolsDeprecationWarning,
[5.816s] running install_lib
[5.824s] copying /home/mi/workplace/build/learning/build/lib/learning/get_data.py -> /home/mi/workplace/install/learning/lib/python3.6/site-packages/learning
[5.832s] byte-compiling /home/mi/workplace/install/learning/lib/python3.6/site-packages/learning/get_data.py to get_data.cpython-36.pyc
[5.842s] running install_data
[5.845s] running install_egg_info
[5.860s] removing '/home/mi/workplace/install/learning/lib/python3.6/site-packages/learning-0.0.0-py3.6.egg-info' (and everything under it)
[5.862s] Copying ../../build/learning/learning.egg-info to /home/mi/workplace/install/learning/lib/python3.6/site-packages/learning-0.0.0-py3.6.egg-info
[5.866s] running install_scripts
[5.970s] Installing camera script to /home/mi/workplace/install/learning/lib/learning
[5.971s] Installing crash script to /home/mi/workplace/install/learning/lib/learning
[5.972s] Installing data_receive script to /home/mi/workplace/install/learning/lib/learning
[5.973s] Installing get_data script to /home/mi/workplace/install/learning/lib/learning
[5.974s] Installing goal script to /home/mi/workplace/install/learning/lib/learning
[5.974s] Installing keeper script to /home/mi/workplace/install/learning/lib/learning
[5.975s] Installing main script to /home/mi/workplace/install/learning/lib/learning
[5.976s] Installing move_x script to /home/mi/workplace/install/learning/lib/learning
[5.976s] Installing rgb script to /home/mi/workplace/install/learning/lib/learning
[5.977s] Installing rotate script to /home/mi/workplace/install/learning/lib/learning
[5.978s] Installing rotate_until_center1 script to /home/mi/workplace/install/learning/lib/learning
[5.978s] Installing sit script to /home/mi/workplace/install/learning/lib/learning
[5.980s] Installing stand script to /home/mi/workplace/install/learning/lib/learning
[5.981s] Installing test script to /home/mi/workplace/install/learning/lib/learning
[5.981s] Installing track script to /home/mi/workplace/install/learning/lib/learning
[5.982s] Installing walk_t_sec script to /home/mi/workplace/install/learning/lib/learning
[5.982s] Installing walktest script to /home/mi/workplace/install/learning/lib/learning
[5.988s] writing list of installed files to '/home/mi/workplace/build/learning/install.log'
[6.116s] Invoked command in '/home/mi/workplace/src/learning' returned '0': PYTHONPATH=/home/mi/workplace/install/learning/lib/python3.6/site-packages:${PYTHONPATH} /usr/bin/python3 setup.py egg_info --egg-base ../../build/learning build --build-base /home/mi/workplace/build/learning/build install --prefix /home/mi/workplace/install/learning --record /home/mi/workplace/build/learning/install.log --single-version-externally-managed
