[4.144s] Invoking command in '/home/mi/workplace/src/learning': PYTHONPATH=/home/mi/workplace/install/learning/lib/python3.6/site-packages:${PYTHONPATH} /usr/bin/python3 setup.py egg_info --egg-base ../../build/learning build --build-base /home/mi/workplace/build/learning/build install --prefix /home/mi/workplace/install/learning --record /home/mi/workplace/build/learning/install.log --single-version-externally-managed
[5.662s] running egg_info
[5.665s] writing ../../build/learning/learning.egg-info/PKG-INFO
[5.666s] writing dependency_links to ../../build/learning/learning.egg-info/dependency_links.txt
[5.668s] writing entry points to ../../build/learning/learning.egg-info/entry_points.txt
[5.671s] writing requirements to ../../build/learning/learning.egg-info/requires.txt
[5.671s] writing top-level names to ../../build/learning/learning.egg-info/top_level.txt
[5.686s] reading manifest file '../../build/learning/learning.egg-info/SOURCES.txt'
[5.693s] writing manifest file '../../build/learning/learning.egg-info/SOURCES.txt'
[5.694s] running build
[5.694s] running build_py
[5.699s] copying learning/get_data.py -> /home/mi/workplace/build/learning/build/lib/learning
[5.705s] running install
[5.706s] /usr/local/lib/python3.6/dist-packages/setuptools/command/install.py:37: SetuptoolsDeprecationWarning: setup.py install is deprecated. Use build and pip and other standards-based tools.
[5.707s]   setuptools.SetuptoolsDeprecationWarning,
[5.707s] running install_lib
[5.712s] copying /home/mi/workplace/build/learning/build/lib/learning/get_data.py -> /home/mi/workplace/install/learning/lib/python3.6/site-packages/learning
[5.717s] byte-compiling /home/mi/workplace/install/learning/lib/python3.6/site-packages/learning/get_data.py to get_data.cpython-36.pyc
[5.721s] running install_data
[5.724s] running install_egg_info
[5.731s] removing '/home/mi/workplace/install/learning/lib/python3.6/site-packages/learning-0.0.0-py3.6.egg-info' (and everything under it)
[5.733s] Copying ../../build/learning/learning.egg-info to /home/mi/workplace/install/learning/lib/python3.6/site-packages/learning-0.0.0-py3.6.egg-info
[5.739s] running install_scripts
[5.823s] Installing camera script to /home/mi/workplace/install/learning/lib/learning
[5.824s] Installing crash script to /home/mi/workplace/install/learning/lib/learning
[5.825s] Installing data_receive script to /home/mi/workplace/install/learning/lib/learning
[5.826s] Installing get_data script to /home/mi/workplace/install/learning/lib/learning
[5.827s] Installing goal script to /home/mi/workplace/install/learning/lib/learning
[5.828s] Installing keeper script to /home/mi/workplace/install/learning/lib/learning
[5.829s] Installing move_x script to /home/mi/workplace/install/learning/lib/learning
[5.829s] Installing rgb script to /home/mi/workplace/install/learning/lib/learning
[5.831s] Installing rotate script to /home/mi/workplace/install/learning/lib/learning
[5.831s] Installing rotate_until_center1 script to /home/mi/workplace/install/learning/lib/learning
[5.832s] Installing sit script to /home/mi/workplace/install/learning/lib/learning
[5.832s] Installing stand script to /home/mi/workplace/install/learning/lib/learning
[5.833s] Installing track script to /home/mi/workplace/install/learning/lib/learning
[5.833s] Installing walk_t_sec script to /home/mi/workplace/install/learning/lib/learning
[5.834s] Installing walktest script to /home/mi/workplace/install/learning/lib/learning
[5.836s] writing list of installed files to '/home/mi/workplace/build/learning/install.log'
[5.952s] Invoked command in '/home/mi/workplace/src/learning' returned '0': PYTHONPATH=/home/mi/workplace/install/learning/lib/python3.6/site-packages:${PYTHONPATH} /usr/bin/python3 setup.py egg_info --egg-base ../../build/learning build --build-base /home/mi/workplace/build/learning/build install --prefix /home/mi/workplace/install/learning --record /home/mi/workplace/build/learning/install.log --single-version-externally-managed
