[4.104s] Invoking command in '/home/mi/workplace/src/learning': PYTHONPATH=/home/mi/workplace/install/learning/lib/python3.6/site-packages:${PYTHONPATH} /usr/bin/python3 setup.py egg_info --egg-base ../../build/learning build --build-base /home/mi/workplace/build/learning/build install --prefix /home/mi/workplace/install/learning --record /home/mi/workplace/build/learning/install.log --single-version-externally-managed
[5.674s] running egg_info
[5.679s] writing ../../build/learning/learning.egg-info/PKG-INFO
[5.680s] writing dependency_links to ../../build/learning/learning.egg-info/dependency_links.txt
[5.681s] writing entry points to ../../build/learning/learning.egg-info/entry_points.txt
[5.682s] writing requirements to ../../build/learning/learning.egg-info/requires.txt
[5.682s] writing top-level names to ../../build/learning/learning.egg-info/top_level.txt
[5.698s] reading manifest file '../../build/learning/learning.egg-info/SOURCES.txt'
[5.706s] writing manifest file '../../build/learning/learning.egg-info/SOURCES.txt'
[5.706s] running build
[5.707s] running build_py
[5.710s] copying learning/main_node.py -> /home/mi/workplace/build/learning/build/lib/learning
[5.717s] running install
[5.718s] /usr/local/lib/python3.6/dist-packages/setuptools/command/install.py:37: SetuptoolsDeprecationWarning: setup.py install is deprecated. Use build and pip and other standards-based tools.
[5.719s]   setuptools.SetuptoolsDeprecationWarning,
[5.720s] running install_lib
[5.723s] copying /home/mi/workplace/build/learning/build/lib/learning/main_node.py -> /home/mi/workplace/install/learning/lib/python3.6/site-packages/learning
[5.730s] byte-compiling /home/mi/workplace/install/learning/lib/python3.6/site-packages/learning/main_node.py to main_node.cpython-36.pyc
[5.737s] running install_data
[5.741s] running install_egg_info
[5.748s] removing '/home/mi/workplace/install/learning/lib/python3.6/site-packages/learning-0.0.0-py3.6.egg-info' (and everything under it)
[5.749s] Copying ../../build/learning/learning.egg-info to /home/mi/workplace/install/learning/lib/python3.6/site-packages/learning-0.0.0-py3.6.egg-info
[5.754s] running install_scripts
[5.848s] Installing camera script to /home/mi/workplace/install/learning/lib/learning
[5.851s] Installing crash script to /home/mi/workplace/install/learning/lib/learning
[5.852s] Installing data_receive script to /home/mi/workplace/install/learning/lib/learning
[5.852s] Installing get_data script to /home/mi/workplace/install/learning/lib/learning
[5.853s] Installing goal script to /home/mi/workplace/install/learning/lib/learning
[5.853s] Installing keeper script to /home/mi/workplace/install/learning/lib/learning
[5.854s] Installing main script to /home/mi/workplace/install/learning/lib/learning
[5.854s] Installing move_x script to /home/mi/workplace/install/learning/lib/learning
[5.855s] Installing rgb script to /home/mi/workplace/install/learning/lib/learning
[5.855s] Installing rotate script to /home/mi/workplace/install/learning/lib/learning
[5.856s] Installing rotate_until_center1 script to /home/mi/workplace/install/learning/lib/learning
[5.856s] Installing sit script to /home/mi/workplace/install/learning/lib/learning
[5.857s] Installing stand script to /home/mi/workplace/install/learning/lib/learning
[5.857s] Installing test script to /home/mi/workplace/install/learning/lib/learning
[5.858s] Installing track script to /home/mi/workplace/install/learning/lib/learning
[5.858s] Installing walk_t_sec script to /home/mi/workplace/install/learning/lib/learning
[5.859s] Installing walktest script to /home/mi/workplace/install/learning/lib/learning
[5.862s] writing list of installed files to '/home/mi/workplace/build/learning/install.log'
[5.979s] Invoked command in '/home/mi/workplace/src/learning' returned '0': PYTHONPATH=/home/mi/workplace/install/learning/lib/python3.6/site-packages:${PYTHONPATH} /usr/bin/python3 setup.py egg_info --egg-base ../../build/learning build --build-base /home/mi/workplace/build/learning/build install --prefix /home/mi/workplace/install/learning --record /home/mi/workplace/build/learning/install.log --single-version-externally-managed
