[4.056s] Invoking command in '/home/mi/workplace/src/learning': PYTHONPATH=/home/mi/workplace/install/learning/lib/python3.6/site-packages:${PYTHONPATH} /usr/bin/python3 setup.py egg_info --egg-base ../../build/learning build --build-base /home/mi/workplace/build/learning/build install --prefix /home/mi/workplace/install/learning --record /home/mi/workplace/build/learning/install.log --single-version-externally-managed
[5.588s] running egg_info
[5.591s] writing ../../build/learning/learning.egg-info/PKG-INFO
[5.593s] writing dependency_links to ../../build/learning/learning.egg-info/dependency_links.txt
[5.595s] writing entry points to ../../build/learning/learning.egg-info/entry_points.txt
[5.595s] writing requirements to ../../build/learning/learning.egg-info/requires.txt
[5.596s] writing top-level names to ../../build/learning/learning.egg-info/top_level.txt
[5.616s] reading manifest file '../../build/learning/learning.egg-info/SOURCES.txt'
[5.624s] writing manifest file '../../build/learning/learning.egg-info/SOURCES.txt'
[5.624s] running build
[5.625s] running build_py
[5.626s] copying learning/walk_t_sec.py -> /home/mi/workplace/build/learning/build/lib/learning
[5.630s] running install
[5.632s] /usr/local/lib/python3.6/dist-packages/setuptools/command/install.py:37: SetuptoolsDeprecationWarning: setup.py install is deprecated. Use build and pip and other standards-based tools.
[5.633s]   setuptools.SetuptoolsDeprecationWarning,
[5.635s] running install_lib
[5.640s] copying /home/mi/workplace/build/learning/build/lib/learning/walk_t_sec.py -> /home/mi/workplace/install/learning/lib/python3.6/site-packages/learning
[5.644s] byte-compiling /home/mi/workplace/install/learning/lib/python3.6/site-packages/learning/walk_t_sec.py to walk_t_sec.cpython-36.pyc
[5.649s] running install_data
[5.652s] running install_egg_info
[5.661s] removing '/home/mi/workplace/install/learning/lib/python3.6/site-packages/learning-0.0.0-py3.6.egg-info' (and everything under it)
[5.663s] Copying ../../build/learning/learning.egg-info to /home/mi/workplace/install/learning/lib/python3.6/site-packages/learning-0.0.0-py3.6.egg-info
[5.668s] running install_scripts
[5.767s] Installing camera script to /home/mi/workplace/install/learning/lib/learning
[5.768s] Installing crash script to /home/mi/workplace/install/learning/lib/learning
[5.769s] Installing data_receive script to /home/mi/workplace/install/learning/lib/learning
[5.769s] Installing rgb script to /home/mi/workplace/install/learning/lib/learning
[5.770s] Installing rotate_until_center1 script to /home/mi/workplace/install/learning/lib/learning
[5.771s] Installing stand script to /home/mi/workplace/install/learning/lib/learning
[5.772s] Installing track script to /home/mi/workplace/install/learning/lib/learning
[5.773s] Installing walk_t_sec script to /home/mi/workplace/install/learning/lib/learning
[5.774s] Installing walktest script to /home/mi/workplace/install/learning/lib/learning
[5.777s] writing list of installed files to '/home/mi/workplace/build/learning/install.log'
[5.902s] Invoked command in '/home/mi/workplace/src/learning' returned '0': PYTHONPATH=/home/mi/workplace/install/learning/lib/python3.6/site-packages:${PYTHONPATH} /usr/bin/python3 setup.py egg_info --egg-base ../../build/learning build --build-base /home/mi/workplace/build/learning/build install --prefix /home/mi/workplace/install/learning --record /home/mi/workplace/build/learning/install.log --single-version-externally-managed
