[4.278s] Invoking command in '/home/mi/workplace/src/learning': PYTHONPATH=/home/mi/workplace/install/learning/lib/python3.6/site-packages:${PYTHONPATH} /usr/bin/python3 setup.py egg_info --egg-base ../../build/learning build --build-base /home/mi/workplace/build/learning/build install --prefix /home/mi/workplace/install/learning --record /home/mi/workplace/build/learning/install.log --single-version-externally-managed
[6.034s] running egg_info
[6.037s] writing ../../build/learning/learning.egg-info/PKG-INFO
[6.039s] writing dependency_links to ../../build/learning/learning.egg-info/dependency_links.txt
[6.040s] writing entry points to ../../build/learning/learning.egg-info/entry_points.txt
[6.042s] writing requirements to ../../build/learning/learning.egg-info/requires.txt
[6.042s] writing top-level names to ../../build/learning/learning.egg-info/top_level.txt
[6.059s] reading manifest file '../../build/learning/learning.egg-info/SOURCES.txt'
[6.065s] writing manifest file '../../build/learning/learning.egg-info/SOURCES.txt'
[6.066s] running build
[6.066s] running build_py
[6.069s] copying learning/get_data.py -> /home/mi/workplace/build/learning/build/lib/learning
[6.072s] running install
[6.074s] /usr/local/lib/python3.6/dist-packages/setuptools/command/install.py:37: SetuptoolsDeprecationWarning: setup.py install is deprecated. Use build and pip and other standards-based tools.
[6.074s]   setuptools.SetuptoolsDeprecationWarning,
[6.075s] running install_lib
[6.080s] copying /home/mi/workplace/build/learning/build/lib/learning/get_data.py -> /home/mi/workplace/install/learning/lib/python3.6/site-packages/learning
[6.084s] byte-compiling /home/mi/workplace/install/learning/lib/python3.6/site-packages/learning/get_data.py to get_data.cpython-36.pyc
[6.096s] running install_data
[6.096s] running install_egg_info
[6.103s] removing '/home/mi/workplace/install/learning/lib/python3.6/site-packages/learning-0.0.0-py3.6.egg-info' (and everything under it)
[6.103s] Copying ../../build/learning/learning.egg-info to /home/mi/workplace/install/learning/lib/python3.6/site-packages/learning-0.0.0-py3.6.egg-info
[6.112s] running install_scripts
[6.206s] Installing camera script to /home/mi/workplace/install/learning/lib/learning
[6.209s] Installing crash script to /home/mi/workplace/install/learning/lib/learning
[6.210s] Installing data_receive script to /home/mi/workplace/install/learning/lib/learning
[6.211s] Installing get_data script to /home/mi/workplace/install/learning/lib/learning
[6.211s] Installing goal script to /home/mi/workplace/install/learning/lib/learning
[6.213s] Installing rgb script to /home/mi/workplace/install/learning/lib/learning
[6.213s] Installing rotate script to /home/mi/workplace/install/learning/lib/learning
[6.214s] Installing rotate_until_center1 script to /home/mi/workplace/install/learning/lib/learning
[6.215s] Installing stand script to /home/mi/workplace/install/learning/lib/learning
[6.215s] Installing track script to /home/mi/workplace/install/learning/lib/learning
[6.216s] Installing walk_t_sec script to /home/mi/workplace/install/learning/lib/learning
[6.216s] Installing walktest script to /home/mi/workplace/install/learning/lib/learning
[6.220s] writing list of installed files to '/home/mi/workplace/build/learning/install.log'
[6.343s] Invoked command in '/home/mi/workplace/src/learning' returned '0': PYTHONPATH=/home/mi/workplace/install/learning/lib/python3.6/site-packages:${PYTHONPATH} /usr/bin/python3 setup.py egg_info --egg-base ../../build/learning build --build-base /home/mi/workplace/build/learning/build install --prefix /home/mi/workplace/install/learning --record /home/mi/workplace/build/learning/install.log --single-version-externally-managed
