2024-05-15 22:16:24.590 [info] 日志级别: Info
2024-05-15 22:16:24.590 [info] 正在验证在以下位置找到的 git: "git"
2024-05-15 22:16:24.590 [info] 将使用位于 "2.17.1" 的 Git "git"
2024-05-15 22:16:24.590 [info] > git rev-parse --show-toplevel [1952ms]
2024-05-15 22:16:24.590 [info] > git rev-parse --git-dir --git-common-dir [16ms]
2024-05-15 22:16:24.590 [info] Open repository: /home/mi
2024-05-15 22:16:24.713 [info] > git rev-parse --show-toplevel [76ms]
2024-05-15 22:16:24.718 [info] > git config --get commit.template [102ms]
2024-05-15 22:16:24.805 [info] > git rev-parse --show-toplevel [61ms]
2024-05-15 22:16:24.877 [info] > git for-each-ref --format=%(refname)%00%(upstream:short)%00%(objectname)%00%(upstream:track)%00%(upstream:remotename)%00%(upstream:remoteref) refs/heads/whf_play refs/remotes/whf_play [108ms]
2024-05-15 22:16:24.924 [info] > git rev-parse --show-toplevel [91ms]
2024-05-15 22:16:25.043 [info] > git rev-parse --show-toplevel [46ms]
2024-05-15 22:16:25.156 [info] > git rev-parse --show-toplevel [85ms]
2024-05-15 22:16:25.207 [info] > git rev-parse --show-toplevel [25ms]
2024-05-15 22:16:25.415 [info] > git check-ignore -v -z --stdin [177ms]
2024-05-15 22:16:25.435 [info] > git rev-parse --show-toplevel [169ms]
2024-05-15 22:16:25.830 [info] > git status -z -uall [926ms]
2024-05-15 22:16:25.835 [info] > git rev-parse --show-toplevel [331ms]
2024-05-15 22:16:30.582 [info] > git config --get commit.template [379ms]
2024-05-15 22:16:30.583 [info] > git rev-parse --show-toplevel [409ms]
2024-05-15 22:16:31.052 [info] > git rev-parse --show-toplevel [69ms]
2024-05-15 22:16:31.211 [info] > git for-each-ref --format=%(refname)%00%(upstream:short)%00%(objectname)%00%(upstream:track)%00%(upstream:remotename)%00%(upstream:remoteref) refs/heads/whf_play refs/remotes/whf_play [170ms]
2024-05-15 22:16:31.248 [info] > git rev-parse --show-toplevel [170ms]
2024-05-15 22:16:31.315 [info] > git rev-parse --show-toplevel [35ms]
2024-05-15 22:16:31.350 [info] > git rev-parse --show-toplevel [9ms]
2024-05-15 22:16:31.406 [info] > git rev-parse --show-toplevel [12ms]
2024-05-15 22:16:31.443 [info] > git rev-parse --show-toplevel [11ms]
2024-05-15 22:16:31.485 [info] > git rev-parse --show-toplevel [14ms]
2024-05-15 22:16:31.529 [info] > git rev-parse --show-toplevel [10ms]
2024-05-15 22:16:31.587 [info] > git rev-parse --show-toplevel [22ms]
2024-05-15 22:16:31.662 [info] > git rev-parse --show-toplevel [31ms]
2024-05-15 22:16:31.702 [info] > git status -z -uall [465ms]
2024-05-15 22:16:31.703 [info] > git rev-parse --show-toplevel [14ms]
2024-05-15 22:16:36.512 [info] > git rev-parse --show-toplevel [4780ms]
2024-05-15 22:16:36.638 [info] > git rev-parse --show-toplevel [62ms]
2024-05-15 22:16:36.764 [info] > git rev-parse --show-toplevel [44ms]
2024-05-15 22:16:36.886 [info] > git rev-parse --show-toplevel [24ms]
2024-05-15 22:16:37.008 [info] > git rev-parse --show-toplevel [15ms]
2024-05-15 22:16:37.086 [info] > git rev-parse --show-toplevel [38ms]
2024-05-15 22:16:37.180 [info] > git rev-parse --show-toplevel [25ms]
2024-05-15 22:16:37.221 [info] > git rev-parse --show-toplevel [12ms]
2024-05-15 22:16:37.264 [info] > git rev-parse --show-toplevel [8ms]
2024-05-15 22:16:37.322 [info] > git rev-parse --show-toplevel [25ms]
2024-05-15 22:16:37.388 [info] > git rev-parse --show-toplevel [15ms]
2024-05-15 22:16:37.861 [info] > git show --textconv :workplace/src/learning/learning/move_x.py [411ms]
2024-05-15 22:16:37.864 [info] > git ls-files --stage -- /home/mi/workplace/src/learning/learning/move_x.py [338ms]
2024-05-15 22:16:37.947 [info] > git cat-file -s 014c7e73eab061610d710be8eb2e72c1fc53923b [17ms]
2024-05-15 22:16:38.528 [info] > git show --textconv :workplace/src/learning/learning/striker.py [107ms]
2024-05-15 22:16:38.529 [info] > git ls-files --stage -- /home/mi/workplace/src/learning/learning/striker.py [47ms]
2024-05-15 22:16:38.589 [info] > git cat-file -s a4a2c95790e87b0c06f5e72b1611ca14e050e365 [34ms]
2024-05-15 22:22:18.863 [info] > git check-ignore -v -z --stdin [17ms]
2024-05-15 22:22:42.330 [info] > git show --textconv :workplace/src/learning/learning/routine.py [47ms]
2024-05-15 22:22:42.345 [info] > git ls-files --stage -- /home/mi/workplace/src/learning/learning/routine.py [28ms]
2024-05-15 22:22:42.376 [info] > git cat-file -s d312d06d0c402aab22151be6f62d48afebb72175 [4ms]
2024-05-15 22:23:00.160 [info] > git show --textconv :workplace/src/learning/learning/striker.py [38ms]
2024-05-15 22:23:00.170 [info] > git ls-files --stage -- /home/mi/workplace/src/learning/learning/striker.py [16ms]
2024-05-15 22:23:00.203 [info] > git cat-file -s a4a2c95790e87b0c06f5e72b1611ca14e050e365 [8ms]
2024-05-15 22:23:05.690 [info] > git show --textconv :workplace/src/learning/learning/routine.py [29ms]
2024-05-15 22:23:05.698 [info] > git ls-files --stage -- /home/mi/workplace/src/learning/learning/routine.py [12ms]
2024-05-15 22:23:05.726 [info] > git cat-file -s d312d06d0c402aab22151be6f62d48afebb72175 [5ms]
