2024-05-04 18:21:45.857 [info] 日志级别: Info
2024-05-04 18:21:45.857 [info] 正在验证在以下位置找到的 git: "git"
2024-05-04 18:21:45.857 [info] 将使用位于 "2.17.1" 的 Git "git"
2024-05-04 18:21:45.857 [info] > git rev-parse --show-toplevel [2315ms]
2024-05-04 18:21:45.857 [info] > git rev-parse --git-dir --git-common-dir [103ms]
2024-05-04 18:21:45.857 [info] Open repository: /home/mi
2024-05-04 18:21:45.973 [info] > git rev-parse --show-toplevel [73ms]
2024-05-04 18:21:45.979 [info] > git config --get commit.template [95ms]
2024-05-04 18:21:47.746 [info] > git rev-parse --show-toplevel [1718ms]
2024-05-04 18:21:47.852 [info] > git for-each-ref --format=%(refname)%00%(upstream:short)%00%(objectname)%00%(upstream:track)%00%(upstream:remotename)%00%(upstream:remoteref) refs/heads/main refs/remotes/main [143ms]
2024-05-04 18:21:48.020 [info] > git check-ignore -v -z --stdin [209ms]
2024-05-04 18:21:48.027 [info] > git rev-parse --show-toplevel [191ms]
2024-05-04 18:21:48.688 [info] > git rev-parse --show-toplevel [598ms]
2024-05-04 18:21:49.044 [info] > git rev-parse --show-toplevel [311ms]
2024-05-04 18:21:49.130 [info] > git rev-parse --show-toplevel [16ms]
2024-05-04 18:21:49.580 [info] > git rev-parse --show-toplevel [99ms]
2024-05-04 18:21:49.678 [info] > git rev-parse --show-toplevel [79ms]
2024-05-04 18:21:49.746 [info] > git rev-parse --show-toplevel [44ms]
2024-05-04 18:21:49.811 [info] > git rev-parse --show-toplevel [34ms]
2024-05-04 18:21:49.901 [info] > git rev-parse --show-toplevel [36ms]
2024-05-04 18:21:49.947 [info] > git rev-parse --show-toplevel [15ms]
2024-05-04 18:21:49.978 [info] > git rev-parse --show-toplevel [4ms]
2024-05-04 18:21:50.075 [info] > git rev-parse --show-toplevel [60ms]
2024-05-04 18:21:50.108 [info] > git rev-parse --show-toplevel [5ms]
2024-05-04 18:21:50.144 [info] > git rev-parse --show-toplevel [9ms]
2024-05-04 18:21:50.272 [info] > git rev-parse --show-toplevel [85ms]
2024-05-04 18:21:50.638 [info] > git rev-parse --show-toplevel [335ms]
2024-05-04 18:21:50.751 [info] > git rev-parse --show-toplevel [87ms]
2024-05-04 18:21:50.820 [info] > git rev-parse --show-toplevel [48ms]
2024-05-04 18:21:50.854 [info] > git rev-parse --show-toplevel [11ms]
2024-05-04 18:21:50.891 [info] > git rev-parse --show-toplevel [14ms]
2024-05-04 18:21:50.920 [info] > git rev-parse --show-toplevel [7ms]
2024-05-04 18:21:50.950 [info] > git rev-parse --show-toplevel [9ms]
2024-05-04 18:21:50.975 [info] > git rev-parse --show-toplevel [7ms]
2024-05-04 18:21:51.000 [info] > git rev-parse --show-toplevel [4ms]
2024-05-04 18:21:51.025 [info] > git rev-parse --show-toplevel [5ms]
2024-05-04 18:21:51.053 [info] > git rev-parse --show-toplevel [8ms]
2024-05-04 18:21:51.078 [info] > git rev-parse --show-toplevel [6ms]
2024-05-04 18:21:51.105 [info] > git rev-parse --show-toplevel [5ms]
2024-05-04 18:21:51.176 [info] > git show --textconv :.bashrc [33ms]
2024-05-04 18:21:51.192 [info] > git ls-files --stage -- /home/mi/.bashrc [23ms]
2024-05-04 18:21:51.222 [info] > git cat-file -s 07035dda157cb2043954fcd188a7f18805062990 [11ms]
2024-05-04 18:21:57.430 [info] > git status -z -uall [8717ms]
2024-05-04 18:22:01.524 [info] > git merge-base refs/heads/main refs/remotes/origin/main [3815ms]
2024-05-04 18:22:01.564 [info] > git config --get commit.template [72ms]
2024-05-04 18:22:01.567 [info] > git rev-list --count --left-right refs/heads/main...refs/remotes/origin/main [18ms]
2024-05-04 18:22:01.622 [info] > git diff --name-status -z --diff-filter=ADMR 204e76f159ef4a5b90ad15a9c05af0a3b3984d4b...refs/remotes/origin/main [29ms]
2024-05-04 18:22:01.628 [info] > git for-each-ref --format=%(refname)%00%(upstream:short)%00%(objectname)%00%(upstream:track)%00%(upstream:remotename)%00%(upstream:remoteref) refs/heads/main refs/remotes/main [10ms]
2024-05-04 18:22:05.317 [info] > git status -z -uall [3665ms]
2024-05-04 18:33:47.585 [info] > git config --get commit.template [8ms]
2024-05-04 18:33:47.611 [info] > git for-each-ref --format=%(refname)%00%(upstream:short)%00%(objectname)%00%(upstream:track)%00%(upstream:remotename)%00%(upstream:remoteref) refs/heads/main refs/remotes/main [5ms]
2024-05-04 18:33:51.058 [info] > git status -z -uall [3425ms]
2024-05-04 18:34:02.080 [info] > git config --get commit.template [31ms]
2024-05-04 18:34:02.082 [info] > git for-each-ref --format=%(refname)%00%(upstream:short)%00%(objectname)%00%(upstream:track)%00%(upstream:remotename)%00%(upstream:remoteref) refs/heads/main refs/remotes/main [11ms]
2024-05-04 18:34:05.266 [info] > git status -z -uall [3160ms]
2024-05-04 18:34:10.773 [info] > git config --get commit.template [8ms]
2024-05-04 18:34:10.842 [info] > git for-each-ref --format=%(refname)%00%(upstream:short)%00%(objectname)%00%(upstream:track)%00%(upstream:remotename)%00%(upstream:remoteref) refs/heads/main refs/remotes/main [11ms]
2024-05-04 18:34:14.487 [info] > git status -z -uall [3603ms]
2024-05-04 18:34:23.816 [info] > git config --get commit.template [33ms]
2024-05-04 18:34:23.818 [info] > git for-each-ref --format=%(refname)%00%(upstream:short)%00%(objectname)%00%(upstream:track)%00%(upstream:remotename)%00%(upstream:remoteref) refs/heads/main refs/remotes/main [10ms]
2024-05-04 18:34:27.150 [info] > git status -z -uall [3305ms]
2024-05-04 18:34:32.657 [info] > git config --get commit.template [29ms]
2024-05-04 18:34:32.661 [info] > git for-each-ref --format=%(refname)%00%(upstream:short)%00%(objectname)%00%(upstream:track)%00%(upstream:remotename)%00%(upstream:remoteref) refs/heads/main refs/remotes/main [11ms]
2024-05-04 18:34:35.831 [info] > git status -z -uall [3146ms]
2024-05-04 18:34:41.293 [info] > git config --get commit.template [10ms]
2024-05-04 18:34:41.336 [info] > git for-each-ref --format=%(refname)%00%(upstream:short)%00%(objectname)%00%(upstream:track)%00%(upstream:remotename)%00%(upstream:remoteref) refs/heads/main refs/remotes/main [6ms]
2024-05-04 18:34:44.676 [info] > git status -z -uall [3299ms]
2024-05-04 18:34:50.117 [info] > git config --get commit.template [30ms]
2024-05-04 18:34:50.123 [info] > git for-each-ref --format=%(refname)%00%(upstream:short)%00%(objectname)%00%(upstream:track)%00%(upstream:remotename)%00%(upstream:remoteref) refs/heads/main refs/remotes/main [10ms]
2024-05-04 18:34:53.272 [info] > git status -z -uall [3122ms]
2024-05-04 18:35:05.499 [info] > git config --get commit.template [4ms]
2024-05-04 18:35:05.531 [info] > git for-each-ref --format=%(refname)%00%(upstream:short)%00%(objectname)%00%(upstream:track)%00%(upstream:remotename)%00%(upstream:remoteref) refs/heads/main refs/remotes/main [7ms]
2024-05-04 18:35:08.999 [info] > git status -z -uall [3439ms]
2024-05-04 18:35:14.683 [info] > git config --get commit.template [34ms]
2024-05-04 18:35:14.684 [info] > git for-each-ref --format=%(refname)%00%(upstream:short)%00%(objectname)%00%(upstream:track)%00%(upstream:remotename)%00%(upstream:remoteref) refs/heads/main refs/remotes/main [7ms]
2024-05-04 18:35:18.005 [info] > git status -z -uall [3290ms]
2024-05-04 18:35:23.489 [info] > git config --get commit.template [4ms]
2024-05-04 18:35:23.527 [info] > git for-each-ref --format=%(refname)%00%(upstream:short)%00%(objectname)%00%(upstream:track)%00%(upstream:remotename)%00%(upstream:remoteref) refs/heads/main refs/remotes/main [5ms]
2024-05-04 18:35:26.678 [info] > git status -z -uall [3109ms]
2024-05-04 18:35:38.022 [info] > git config --get commit.template [5ms]
2024-05-04 18:35:38.064 [info] > git for-each-ref --format=%(refname)%00%(upstream:short)%00%(objectname)%00%(upstream:track)%00%(upstream:remotename)%00%(upstream:remoteref) refs/heads/main refs/remotes/main [7ms]
2024-05-04 18:35:41.513 [info] > git status -z -uall [3412ms]
2024-05-04 18:35:47.378 [info] > git config --get commit.template [39ms]
2024-05-04 18:35:47.381 [info] > git for-each-ref --format=%(refname)%00%(upstream:short)%00%(objectname)%00%(upstream:track)%00%(upstream:remotename)%00%(upstream:remoteref) refs/heads/main refs/remotes/main [5ms]
2024-05-04 18:35:51.847 [info] > git status -z -uall [4422ms]
2024-05-04 18:35:54.899 [info] > git show --textconv :workplace/src/learning/learning/rgb_cam_suber.py [72ms]
2024-05-04 18:35:54.915 [info] > git ls-files --stage -- /home/mi/workplace/src/learning/learning/rgb_cam_suber.py [35ms]
2024-05-04 18:35:55.132 [info] > git check-ignore -v -z --stdin [30ms]
2024-05-04 18:35:55.722 [info] > git show --textconv :workplace/src/learning/learning/track.py [83ms]
2024-05-04 18:35:55.752 [info] > git ls-files --stage -- /home/mi/workplace/src/learning/learning/track.py [50ms]
2024-05-04 18:35:57.480 [info] > git config --get commit.template [48ms]
2024-05-04 18:35:57.481 [info] > git for-each-ref --format=%(refname)%00%(upstream:short)%00%(objectname)%00%(upstream:track)%00%(upstream:remotename)%00%(upstream:remoteref) refs/heads/main refs/remotes/main [10ms]
2024-05-04 18:36:00.841 [info] > git status -z -uall [3317ms]
2024-05-04 18:36:06.393 [info] > git config --get commit.template [7ms]
2024-05-04 18:36:06.441 [info] > git for-each-ref --format=%(refname)%00%(upstream:short)%00%(objectname)%00%(upstream:track)%00%(upstream:remotename)%00%(upstream:remoteref) refs/heads/main refs/remotes/main [7ms]
2024-05-04 18:36:09.689 [info] > git status -z -uall [3200ms]
2024-05-04 18:36:15.187 [info] > git config --get commit.template [14ms]
2024-05-04 18:36:15.229 [info] > git for-each-ref --format=%(refname)%00%(upstream:short)%00%(objectname)%00%(upstream:track)%00%(upstream:remotename)%00%(upstream:remoteref) refs/heads/main refs/remotes/main [10ms]
2024-05-04 18:36:18.698 [info] > git status -z -uall [3437ms]
2024-05-04 18:36:21.656 [info] > git show --textconv :.bashrc [53ms]
2024-05-04 18:36:21.671 [info] > git ls-files --stage -- /home/mi/.bashrc [25ms]
2024-05-04 18:36:21.710 [info] > git cat-file -s 07035dda157cb2043954fcd188a7f18805062990 [5ms]
2024-05-04 18:36:24.157 [info] > git config --get commit.template [9ms]
2024-05-04 18:36:24.199 [info] > git for-each-ref --format=%(refname)%00%(upstream:short)%00%(objectname)%00%(upstream:track)%00%(upstream:remotename)%00%(upstream:remoteref) refs/heads/main refs/remotes/main [8ms]
2024-05-04 18:36:27.582 [info] > git status -z -uall [3349ms]
2024-05-04 18:36:33.109 [info] > git config --get commit.template [41ms]
2024-05-04 18:36:33.118 [info] > git for-each-ref --format=%(refname)%00%(upstream:short)%00%(objectname)%00%(upstream:track)%00%(upstream:remotename)%00%(upstream:remoteref) refs/heads/main refs/remotes/main [13ms]
2024-05-04 18:36:36.345 [info] > git status -z -uall [3195ms]
2024-05-04 18:36:41.805 [info] > git config --get commit.template [41ms]
2024-05-04 18:36:41.807 [info] > git for-each-ref --format=%(refname)%00%(upstream:short)%00%(objectname)%00%(upstream:track)%00%(upstream:remotename)%00%(upstream:remoteref) refs/heads/main refs/remotes/main [9ms]
2024-05-04 18:36:45.195 [info] > git status -z -uall [3354ms]
2024-05-04 18:36:50.684 [info] > git config --get commit.template [5ms]
2024-05-04 18:36:50.730 [info] > git for-each-ref --format=%(refname)%00%(upstream:short)%00%(objectname)%00%(upstream:track)%00%(upstream:remotename)%00%(upstream:remoteref) refs/heads/main refs/remotes/main [8ms]
2024-05-04 18:36:54.256 [info] > git status -z -uall [3482ms]
2024-05-04 18:36:57.031 [info] > git show --textconv :workplace/src/learning/learning/rgb_cam_suber.py [47ms]
2024-05-04 18:36:57.041 [info] > git ls-files --stage -- /home/mi/workplace/src/learning/learning/rgb_cam_suber.py [17ms]
2024-05-04 18:36:59.577 [info] > git show --textconv :workplace/src/learning/learning/camera.py [47ms]
2024-05-04 18:36:59.587 [info] > git ls-files --stage -- /home/mi/workplace/src/learning/learning/camera.py [19ms]
2024-05-04 18:36:59.738 [info] > git config --get commit.template [8ms]
2024-05-04 18:36:59.780 [info] > git for-each-ref --format=%(refname)%00%(upstream:short)%00%(objectname)%00%(upstream:track)%00%(upstream:remotename)%00%(upstream:remoteref) refs/heads/main refs/remotes/main [7ms]
2024-05-04 18:37:03.091 [info] > git status -z -uall [3271ms]
2024-05-04 18:37:05.903 [info] > git show --textconv :workplace/src/learning/learning/rgb_cam_suber.py [64ms]
2024-05-04 18:37:05.919 [info] > git ls-files --stage -- /home/mi/workplace/src/learning/learning/rgb_cam_suber.py [26ms]
2024-05-04 18:37:08.600 [info] > git config --get commit.template [41ms]
2024-05-04 18:37:08.605 [info] > git for-each-ref --format=%(refname)%00%(upstream:short)%00%(objectname)%00%(upstream:track)%00%(upstream:remotename)%00%(upstream:remoteref) refs/heads/main refs/remotes/main [9ms]
2024-05-04 18:37:09.065 [info] > git show --textconv :workplace/src/learning/learning/track.py [72ms]
2024-05-04 18:37:09.079 [info] > git ls-files --stage -- /home/mi/workplace/src/learning/learning/track.py [46ms]
2024-05-04 18:37:11.883 [info] > git status -z -uall [3239ms]
2024-05-04 18:37:17.364 [info] > git config --get commit.template [39ms]
2024-05-04 18:37:17.367 [info] > git for-each-ref --format=%(refname)%00%(upstream:short)%00%(objectname)%00%(upstream:track)%00%(upstream:remotename)%00%(upstream:remoteref) refs/heads/main refs/remotes/main [5ms]
2024-05-04 18:37:20.485 [info] > git status -z -uall [3081ms]
2024-05-04 18:37:25.921 [info] > git config --get commit.template [3ms]
2024-05-04 18:37:25.964 [info] > git for-each-ref --format=%(refname)%00%(upstream:short)%00%(objectname)%00%(upstream:track)%00%(upstream:remotename)%00%(upstream:remoteref) refs/heads/main refs/remotes/main [10ms]
2024-05-04 18:37:29.330 [info] > git status -z -uall [3324ms]
2024-05-04 18:38:35.836 [info] > git config --get commit.template [8ms]
2024-05-04 18:38:35.875 [info] > git for-each-ref --format=%(refname)%00%(upstream:short)%00%(objectname)%00%(upstream:track)%00%(upstream:remotename)%00%(upstream:remoteref) refs/heads/main refs/remotes/main [7ms]
2024-05-04 18:38:39.511 [info] > git status -z -uall [3604ms]
2024-05-04 18:38:45.071 [info] > git config --get commit.template [10ms]
2024-05-04 18:38:45.104 [info] > git for-each-ref --format=%(refname)%00%(upstream:short)%00%(objectname)%00%(upstream:track)%00%(upstream:remotename)%00%(upstream:remoteref) refs/heads/main refs/remotes/main [6ms]
2024-05-04 18:38:48.550 [info] > git status -z -uall [3410ms]
2024-05-04 18:38:54.015 [info] > git config --get commit.template [3ms]
2024-05-04 18:38:54.059 [info] > git for-each-ref --format=%(refname)%00%(upstream:short)%00%(objectname)%00%(upstream:track)%00%(upstream:remotename)%00%(upstream:remoteref) refs/heads/main refs/remotes/main [11ms]
2024-05-04 18:38:57.211 [info] > git status -z -uall [3113ms]
2024-05-04 18:39:02.713 [info] > git config --get commit.template [40ms]
2024-05-04 18:39:02.715 [info] > git for-each-ref --format=%(refname)%00%(upstream:short)%00%(objectname)%00%(upstream:track)%00%(upstream:remotename)%00%(upstream:remoteref) refs/heads/main refs/remotes/main [11ms]
2024-05-04 18:39:06.088 [info] > git status -z -uall [3338ms]
2024-05-04 18:39:11.553 [info] > git config --get commit.template [38ms]
2024-05-04 18:39:11.554 [info] > git for-each-ref --format=%(refname)%00%(upstream:short)%00%(objectname)%00%(upstream:track)%00%(upstream:remotename)%00%(upstream:remoteref) refs/heads/main refs/remotes/main [8ms]
2024-05-04 18:39:14.747 [info] > git status -z -uall [3159ms]
2024-05-04 18:42:51.464 [info] > git config --get commit.template [6ms]
2024-05-04 18:42:51.491 [info] > git for-each-ref --format=%(refname)%00%(upstream:short)%00%(objectname)%00%(upstream:track)%00%(upstream:remotename)%00%(upstream:remoteref) refs/heads/main refs/remotes/main [5ms]
2024-05-04 18:42:54.755 [info] > git status -z -uall [3235ms]
2024-05-04 18:43:00.273 [info] > git config --get commit.template [6ms]
2024-05-04 18:43:00.309 [info] > git for-each-ref --format=%(refname)%00%(upstream:short)%00%(objectname)%00%(upstream:track)%00%(upstream:remotename)%00%(upstream:remoteref) refs/heads/main refs/remotes/main [7ms]
2024-05-04 18:43:03.606 [info] > git status -z -uall [3266ms]
2024-05-04 18:43:09.118 [info] > git config --get commit.template [7ms]
2024-05-04 18:43:09.154 [info] > git for-each-ref --format=%(refname)%00%(upstream:short)%00%(objectname)%00%(upstream:track)%00%(upstream:remotename)%00%(upstream:remoteref) refs/heads/main refs/remotes/main [7ms]
2024-05-04 18:43:12.689 [info] > git status -z -uall [3506ms]
2024-05-04 18:43:18.137 [info] > git config --get commit.template [13ms]
2024-05-04 18:43:18.171 [info] > git for-each-ref --format=%(refname)%00%(upstream:short)%00%(objectname)%00%(upstream:track)%00%(upstream:remotename)%00%(upstream:remoteref) refs/heads/main refs/remotes/main [7ms]
2024-05-04 18:43:21.742 [info] > git status -z -uall [3541ms]
2024-05-04 18:43:27.282 [info] > git config --get commit.template [41ms]
2024-05-04 18:43:27.284 [info] > git for-each-ref --format=%(refname)%00%(upstream:short)%00%(objectname)%00%(upstream:track)%00%(upstream:remotename)%00%(upstream:remoteref) refs/heads/main refs/remotes/main [6ms]
2024-05-04 18:43:30.727 [info] > git status -z -uall [3414ms]
2024-05-04 18:43:36.246 [info] > git config --get commit.template [34ms]
2024-05-04 18:43:36.248 [info] > git for-each-ref --format=%(refname)%00%(upstream:short)%00%(objectname)%00%(upstream:track)%00%(upstream:remotename)%00%(upstream:remoteref) refs/heads/main refs/remotes/main [8ms]
2024-05-04 18:43:36.822 [info] > git show --textconv :.bashrc [56ms]
2024-05-04 18:43:36.827 [info] > git ls-files --stage -- /home/mi/.bashrc [24ms]
2024-05-04 18:43:36.871 [info] > git cat-file -s 07035dda157cb2043954fcd188a7f18805062990 [9ms]
2024-05-04 18:43:39.445 [info] > git status -z -uall [3166ms]
2024-05-04 18:43:44.904 [info] > git config --get commit.template [5ms]
2024-05-04 18:43:44.942 [info] > git for-each-ref --format=%(refname)%00%(upstream:short)%00%(objectname)%00%(upstream:track)%00%(upstream:remotename)%00%(upstream:remoteref) refs/heads/main refs/remotes/main [6ms]
2024-05-04 18:43:48.082 [info] > git status -z -uall [3108ms]
2024-05-04 18:43:53.523 [info] > git config --get commit.template [6ms]
2024-05-04 18:43:53.560 [info] > git for-each-ref --format=%(refname)%00%(upstream:short)%00%(objectname)%00%(upstream:track)%00%(upstream:remotename)%00%(upstream:remoteref) refs/heads/main refs/remotes/main [4ms]
2024-05-04 18:43:56.688 [info] > git status -z -uall [3092ms]
2024-05-04 18:44:02.162 [info] > git config --get commit.template [3ms]
2024-05-04 18:44:02.193 [info] > git for-each-ref --format=%(refname)%00%(upstream:short)%00%(objectname)%00%(upstream:track)%00%(upstream:remotename)%00%(upstream:remoteref) refs/heads/main refs/remotes/main [6ms]
2024-05-04 18:44:05.659 [info] > git status -z -uall [3431ms]
2024-05-04 18:44:11.136 [info] > git config --get commit.template [6ms]
2024-05-04 18:44:11.173 [info] > git for-each-ref --format=%(refname)%00%(upstream:short)%00%(objectname)%00%(upstream:track)%00%(upstream:remotename)%00%(upstream:remoteref) refs/heads/main refs/remotes/main [5ms]
2024-05-04 18:44:14.382 [info] > git status -z -uall [3177ms]
2024-05-04 18:46:29.376 [info] > git config --get commit.template [6ms]
2024-05-04 18:46:29.414 [info] > git for-each-ref --format=%(refname)%00%(upstream:short)%00%(objectname)%00%(upstream:track)%00%(upstream:remotename)%00%(upstream:remoteref) refs/heads/main refs/remotes/main [4ms]
2024-05-04 18:46:32.587 [info] > git status -z -uall [3142ms]
2024-05-04 18:46:38.044 [info] > git config --get commit.template [6ms]
2024-05-04 18:46:38.086 [info] > git for-each-ref --format=%(refname)%00%(upstream:short)%00%(objectname)%00%(upstream:track)%00%(upstream:remotename)%00%(upstream:remoteref) refs/heads/main refs/remotes/main [9ms]
2024-05-04 18:46:40.672 [info] > git show --textconv :.gitconfig [32ms]
2024-05-04 18:46:40.688 [info] > git ls-files --stage -- /home/mi/.gitconfig [18ms]
2024-05-04 18:46:40.723 [info] > git cat-file -s cd13b6909e49341623cd71695450a4a179495f14 [5ms]
2024-05-04 18:46:41.466 [info] > git status -z -uall [3346ms]
2024-05-04 18:46:44.176 [info] > git show --textconv :.bashrc [39ms]
2024-05-04 18:46:44.187 [info] > git ls-files --stage -- /home/mi/.bashrc [19ms]
2024-05-04 18:46:44.222 [info] > git cat-file -s 07035dda157cb2043954fcd188a7f18805062990 [5ms]
2024-05-04 18:55:48.846 [info] > git config --get commit.template [9ms]
2024-05-04 18:55:48.878 [info] > git for-each-ref --format=%(refname)%00%(upstream:short)%00%(objectname)%00%(upstream:track)%00%(upstream:remotename)%00%(upstream:remoteref) refs/heads/main refs/remotes/main [5ms]
2024-05-04 18:55:52.147 [info] > git status -z -uall [3238ms]
2024-05-04 18:55:54.958 [info] > git show --textconv :workplace/src/learning/learning/rgb_cam_suber.py [50ms]
2024-05-04 18:55:54.973 [info] > git ls-files --stage -- /home/mi/workplace/src/learning/learning/rgb_cam_suber.py [21ms]
2024-05-04 18:57:55.076 [info] > git for-each-ref --format=%(refname)%00%(upstream:short)%00%(objectname)%00%(upstream:track)%00%(upstream:remotename)%00%(upstream:remoteref) refs/heads/main refs/remotes/main [23ms]
2024-05-04 18:57:55.078 [info] > git config --get commit.template [72ms]
2024-05-04 18:57:56.928 [info] > git check-ignore -v -z --stdin [25ms]
2024-05-04 18:57:57.444 [info] > git show --textconv :workplace/src/learning/learning/ZED_Tracker_color_range.py [52ms]
2024-05-04 18:57:57.467 [info] > git ls-files --stage -- /home/mi/workplace/src/learning/learning/ZED_Tracker_color_range.py [37ms]
2024-05-04 18:57:58.489 [info] > git status -z -uall [3374ms]
2024-05-04 18:58:03.918 [info] > git config --get commit.template [9ms]
2024-05-04 18:58:03.966 [info] > git for-each-ref --format=%(refname)%00%(upstream:short)%00%(objectname)%00%(upstream:track)%00%(upstream:remotename)%00%(upstream:remoteref) refs/heads/main refs/remotes/main [7ms]
2024-05-04 18:58:07.165 [info] > git status -z -uall [3163ms]
2024-05-04 18:58:12.679 [info] > git config --get commit.template [5ms]
2024-05-04 18:58:12.723 [info] > git for-each-ref --format=%(refname)%00%(upstream:short)%00%(objectname)%00%(upstream:track)%00%(upstream:remotename)%00%(upstream:remoteref) refs/heads/main refs/remotes/main [8ms]
2024-05-04 18:58:15.950 [info] > git status -z -uall [3192ms]
2024-05-04 18:58:20.258 [info] > git show --textconv :workplace/src/learning/learning/walktest.py [50ms]
2024-05-04 18:58:20.265 [info] > git ls-files --stage -- /home/mi/workplace/src/learning/learning/walktest.py [16ms]
2024-05-04 18:58:20.306 [info] > git cat-file -s e26daafd84b2f542235e99310ebb89f9de53a85e [9ms]
2024-05-04 18:58:21.193 [info] > git show --textconv :workplace/src/learning/learning/stand.py [45ms]
2024-05-04 18:58:21.208 [info] > git ls-files --stage -- /home/mi/workplace/src/learning/learning/stand.py [22ms]
2024-05-04 18:58:21.244 [info] > git cat-file -s 41c5054b09baa67aa9903831f3021dd47e8bdccc [3ms]
2024-05-04 18:58:21.474 [info] > git config --get commit.template [6ms]
2024-05-04 18:58:21.514 [info] > git for-each-ref --format=%(refname)%00%(upstream:short)%00%(objectname)%00%(upstream:track)%00%(upstream:remotename)%00%(upstream:remoteref) refs/heads/main refs/remotes/main [5ms]
2024-05-04 18:58:22.697 [info] > git show --textconv :workplace/src/learning/learning/rgb_cam_suber.py [69ms]
2024-05-04 18:58:22.706 [info] > git ls-files --stage -- /home/mi/workplace/src/learning/learning/rgb_cam_suber.py [35ms]
2024-05-04 18:58:24.642 [info] > git status -z -uall [3096ms]
2024-05-04 18:58:30.092 [info] > git config --get commit.template [40ms]
2024-05-04 18:58:30.095 [info] > git for-each-ref --format=%(refname)%00%(upstream:short)%00%(objectname)%00%(upstream:track)%00%(upstream:remotename)%00%(upstream:remoteref) refs/heads/main refs/remotes/main [10ms]
2024-05-04 18:58:33.277 [info] > git status -z -uall [3145ms]
2024-05-04 18:58:38.728 [info] > git config --get commit.template [6ms]
2024-05-04 18:58:38.769 [info] > git for-each-ref --format=%(refname)%00%(upstream:short)%00%(objectname)%00%(upstream:track)%00%(upstream:remotename)%00%(upstream:remoteref) refs/heads/main refs/remotes/main [7ms]
2024-05-04 18:58:41.954 [info] > git status -z -uall [3147ms]
2024-05-04 18:58:47.448 [info] > git config --get commit.template [7ms]
2024-05-04 18:58:47.489 [info] > git for-each-ref --format=%(refname)%00%(upstream:short)%00%(objectname)%00%(upstream:track)%00%(upstream:remotename)%00%(upstream:remoteref) refs/heads/main refs/remotes/main [7ms]
2024-05-04 18:58:50.604 [info] > git status -z -uall [3083ms]
2024-05-04 18:58:56.057 [info] > git config --get commit.template [5ms]
2024-05-04 18:58:56.100 [info] > git for-each-ref --format=%(refname)%00%(upstream:short)%00%(objectname)%00%(upstream:track)%00%(upstream:remotename)%00%(upstream:remoteref) refs/heads/main refs/remotes/main [3ms]
2024-05-04 18:58:59.551 [info] > git status -z -uall [3410ms]
2024-05-04 18:59:04.985 [info] > git config --get commit.template [6ms]
2024-05-04 18:59:05.023 [info] > git for-each-ref --format=%(refname)%00%(upstream:short)%00%(objectname)%00%(upstream:track)%00%(upstream:remotename)%00%(upstream:remoteref) refs/heads/main refs/remotes/main [8ms]
2024-05-04 18:59:08.337 [info] > git status -z -uall [3266ms]
2024-05-04 18:59:13.792 [info] > git config --get commit.template [39ms]
2024-05-04 18:59:13.795 [info] > git for-each-ref --format=%(refname)%00%(upstream:short)%00%(objectname)%00%(upstream:track)%00%(upstream:remotename)%00%(upstream:remoteref) refs/heads/main refs/remotes/main [6ms]
2024-05-04 18:59:16.950 [info] > git status -z -uall [3121ms]
2024-05-04 18:59:22.385 [info] > git config --get commit.template [3ms]
2024-05-04 18:59:22.435 [info] > git for-each-ref --format=%(refname)%00%(upstream:short)%00%(objectname)%00%(upstream:track)%00%(upstream:remotename)%00%(upstream:remoteref) refs/heads/main refs/remotes/main [11ms]
2024-05-04 18:59:26.204 [info] > git status -z -uall [3735ms]
2024-05-04 18:59:31.609 [info] > git config --get commit.template [13ms]
2024-05-04 18:59:31.651 [info] > git for-each-ref --format=%(refname)%00%(upstream:short)%00%(objectname)%00%(upstream:track)%00%(upstream:remotename)%00%(upstream:remoteref) refs/heads/main refs/remotes/main [6ms]
2024-05-04 18:59:34.819 [info] > git status -z -uall [3131ms]
2024-05-04 18:59:37.449 [info] > git show --textconv :workplace/src/learning/learning/track.py [48ms]
2024-05-04 18:59:37.460 [info] > git ls-files --stage -- /home/mi/workplace/src/learning/learning/track.py [16ms]
2024-05-04 18:59:40.298 [info] > git config --get commit.template [38ms]
2024-05-04 18:59:40.301 [info] > git for-each-ref --format=%(refname)%00%(upstream:short)%00%(objectname)%00%(upstream:track)%00%(upstream:remotename)%00%(upstream:remoteref) refs/heads/main refs/remotes/main [7ms]
2024-05-04 18:59:43.678 [info] > git status -z -uall [3340ms]
2024-05-04 18:59:49.166 [info] > git config --get commit.template [9ms]
2024-05-04 18:59:49.211 [info] > git for-each-ref --format=%(refname)%00%(upstream:short)%00%(objectname)%00%(upstream:track)%00%(upstream:remotename)%00%(upstream:remoteref) refs/heads/main refs/remotes/main [5ms]
2024-05-04 18:59:52.430 [info] > git status -z -uall [3179ms]
2024-05-04 18:59:57.872 [info] > git config --get commit.template [12ms]
2024-05-04 18:59:57.921 [info] > git for-each-ref --format=%(refname)%00%(upstream:short)%00%(objectname)%00%(upstream:track)%00%(upstream:remotename)%00%(upstream:remoteref) refs/heads/main refs/remotes/main [8ms]
2024-05-04 19:00:01.257 [info] > git status -z -uall [3291ms]
2024-05-04 19:00:06.830 [info] > git config --get commit.template [49ms]
2024-05-04 19:00:06.835 [info] > git for-each-ref --format=%(refname)%00%(upstream:short)%00%(objectname)%00%(upstream:track)%00%(upstream:remotename)%00%(upstream:remoteref) refs/heads/main refs/remotes/main [13ms]
2024-05-04 19:00:10.201 [info] > git status -z -uall [3318ms]
2024-05-04 19:00:15.611 [info] > git config --get commit.template [5ms]
2024-05-04 19:00:15.659 [info] > git for-each-ref --format=%(refname)%00%(upstream:short)%00%(objectname)%00%(upstream:track)%00%(upstream:remotename)%00%(upstream:remoteref) refs/heads/main refs/remotes/main [9ms]
2024-05-04 19:00:19.011 [info] > git status -z -uall [3308ms]
2024-05-04 19:00:24.551 [info] > git config --get commit.template [10ms]
2024-05-04 19:00:24.601 [info] > git for-each-ref --format=%(refname)%00%(upstream:short)%00%(objectname)%00%(upstream:track)%00%(upstream:remotename)%00%(upstream:remoteref) refs/heads/main refs/remotes/main [8ms]
2024-05-04 19:00:27.849 [info] > git status -z -uall [3201ms]
2024-05-04 19:00:33.287 [info] > git config --get commit.template [4ms]
2024-05-04 19:00:33.341 [info] > git for-each-ref --format=%(refname)%00%(upstream:short)%00%(objectname)%00%(upstream:track)%00%(upstream:remotename)%00%(upstream:remoteref) refs/heads/main refs/remotes/main [8ms]
2024-05-04 19:00:36.526 [info] > git status -z -uall [3142ms]
2024-05-04 19:01:03.860 [info] > git config --get commit.template [4ms]
2024-05-04 19:01:03.908 [info] > git for-each-ref --format=%(refname)%00%(upstream:short)%00%(objectname)%00%(upstream:track)%00%(upstream:remotename)%00%(upstream:remoteref) refs/heads/main refs/remotes/main [7ms]
2024-05-04 19:01:07.123 [info] > git status -z -uall [3156ms]
2024-05-04 19:01:12.653 [info] > git config --get commit.template [5ms]
2024-05-04 19:01:12.695 [info] > git for-each-ref --format=%(refname)%00%(upstream:short)%00%(objectname)%00%(upstream:track)%00%(upstream:remotename)%00%(upstream:remoteref) refs/heads/main refs/remotes/main [6ms]
2024-05-04 19:01:15.887 [info] > git status -z -uall [3143ms]
2024-05-04 19:01:21.398 [info] > git config --get commit.template [39ms]
2024-05-04 19:01:21.400 [info] > git for-each-ref --format=%(refname)%00%(upstream:short)%00%(objectname)%00%(upstream:track)%00%(upstream:remotename)%00%(upstream:remoteref) refs/heads/main refs/remotes/main [5ms]
2024-05-04 19:01:24.751 [info] > git status -z -uall [3311ms]
2024-05-04 19:01:30.214 [info] > git config --get commit.template [7ms]
2024-05-04 19:01:30.258 [info] > git for-each-ref --format=%(refname)%00%(upstream:short)%00%(objectname)%00%(upstream:track)%00%(upstream:remotename)%00%(upstream:remoteref) refs/heads/main refs/remotes/main [5ms]
2024-05-04 19:01:33.497 [info] > git status -z -uall [3194ms]
2024-05-04 19:01:38.985 [info] > git config --get commit.template [34ms]
2024-05-04 19:01:39.048 [info] > git for-each-ref --format=%(refname)%00%(upstream:short)%00%(objectname)%00%(upstream:track)%00%(upstream:remotename)%00%(upstream:remoteref) refs/heads/main refs/remotes/main [10ms]
2024-05-04 19:01:42.256 [info] > git status -z -uall [3141ms]
2024-05-04 19:01:47.733 [info] > git config --get commit.template [8ms]
2024-05-04 19:01:47.802 [info] > git for-each-ref --format=%(refname)%00%(upstream:short)%00%(objectname)%00%(upstream:track)%00%(upstream:remotename)%00%(upstream:remoteref) refs/heads/main refs/remotes/main [10ms]
2024-05-04 19:01:51.376 [info] > git status -z -uall [3519ms]
2024-05-04 19:01:56.840 [info] > git config --get commit.template [5ms]
2024-05-04 19:01:57.066 [info] > git for-each-ref --format=%(refname)%00%(upstream:short)%00%(objectname)%00%(upstream:track)%00%(upstream:remotename)%00%(upstream:remoteref) refs/heads/main refs/remotes/main [178ms]
2024-05-04 19:02:00.424 [info] > git status -z -uall [3302ms]
2024-05-04 19:02:07.635 [info] > git config --get commit.template [8ms]
2024-05-04 19:02:07.707 [info] > git for-each-ref --format=%(refname)%00%(upstream:short)%00%(objectname)%00%(upstream:track)%00%(upstream:remotename)%00%(upstream:remoteref) refs/heads/main refs/remotes/main [12ms]
2024-05-04 19:02:11.246 [info] > git status -z -uall [3483ms]
2024-05-04 19:02:16.765 [info] > git config --get commit.template [4ms]
2024-05-04 19:02:16.824 [info] > git for-each-ref --format=%(refname)%00%(upstream:short)%00%(objectname)%00%(upstream:track)%00%(upstream:remotename)%00%(upstream:remoteref) refs/heads/main refs/remotes/main [10ms]
2024-05-04 19:02:20.060 [info] > git status -z -uall [3184ms]
2024-05-04 19:02:25.533 [info] > git config --get commit.template [7ms]
2024-05-04 19:02:25.595 [info] > git for-each-ref --format=%(refname)%00%(upstream:short)%00%(objectname)%00%(upstream:track)%00%(upstream:remotename)%00%(upstream:remoteref) refs/heads/main refs/remotes/main [6ms]
2024-05-04 19:02:28.900 [info] > git status -z -uall [3242ms]
2024-05-04 19:02:34.443 [info] > git config --get commit.template [3ms]
2024-05-04 19:02:34.510 [info] > git for-each-ref --format=%(refname)%00%(upstream:short)%00%(objectname)%00%(upstream:track)%00%(upstream:remotename)%00%(upstream:remoteref) refs/heads/main refs/remotes/main [10ms]
2024-05-04 19:02:37.754 [info] > git status -z -uall [3183ms]
2024-05-04 19:02:43.252 [info] > git config --get commit.template [4ms]
2024-05-04 19:02:43.323 [info] > git for-each-ref --format=%(refname)%00%(upstream:short)%00%(objectname)%00%(upstream:track)%00%(upstream:remotename)%00%(upstream:remoteref) refs/heads/main refs/remotes/main [13ms]
2024-05-04 19:02:46.677 [info] > git status -z -uall [3287ms]
2024-05-04 19:02:52.167 [info] > git config --get commit.template [5ms]
2024-05-04 19:02:52.228 [info] > git for-each-ref --format=%(refname)%00%(upstream:short)%00%(objectname)%00%(upstream:track)%00%(upstream:remotename)%00%(upstream:remoteref) refs/heads/main refs/remotes/main [7ms]
2024-05-04 19:02:55.429 [info] > git status -z -uall [3143ms]
2024-05-04 19:03:00.833 [info] > git config --get commit.template [5ms]
2024-05-04 19:03:00.873 [info] > git for-each-ref --format=%(refname)%00%(upstream:short)%00%(objectname)%00%(upstream:track)%00%(upstream:remotename)%00%(upstream:remoteref) refs/heads/main refs/remotes/main [6ms]
2024-05-04 19:03:04.102 [info] > git status -z -uall [3177ms]
2024-05-04 19:03:09.556 [info] > git config --get commit.template [4ms]
2024-05-04 19:03:09.599 [info] > git for-each-ref --format=%(refname)%00%(upstream:short)%00%(objectname)%00%(upstream:track)%00%(upstream:remotename)%00%(upstream:remoteref) refs/heads/main refs/remotes/main [5ms]
2024-05-04 19:03:12.976 [info] > git status -z -uall [3333ms]
2024-05-04 19:03:18.401 [info] > git config --get commit.template [5ms]
2024-05-04 19:03:18.462 [info] > git for-each-ref --format=%(refname)%00%(upstream:short)%00%(objectname)%00%(upstream:track)%00%(upstream:remotename)%00%(upstream:remoteref) refs/heads/main refs/remotes/main [7ms]
2024-05-04 19:03:21.593 [info] > git status -z -uall [3086ms]
2024-05-04 19:03:27.157 [info] > git config --get commit.template [51ms]
2024-05-04 19:03:27.160 [info] > git for-each-ref --format=%(refname)%00%(upstream:short)%00%(objectname)%00%(upstream:track)%00%(upstream:remotename)%00%(upstream:remoteref) refs/heads/main refs/remotes/main [8ms]
2024-05-04 19:03:30.501 [info] > git status -z -uall [3298ms]
2024-05-04 19:03:36.033 [info] > git config --get commit.template [46ms]
2024-05-04 19:03:36.038 [info] > git for-each-ref --format=%(refname)%00%(upstream:short)%00%(objectname)%00%(upstream:track)%00%(upstream:remotename)%00%(upstream:remoteref) refs/heads/main refs/remotes/main [11ms]
2024-05-04 19:03:39.378 [info] > git status -z -uall [3263ms]
2024-05-04 19:03:44.819 [info] > git config --get commit.template [7ms]
2024-05-04 19:03:44.870 [info] > git for-each-ref --format=%(refname)%00%(upstream:short)%00%(objectname)%00%(upstream:track)%00%(upstream:remotename)%00%(upstream:remoteref) refs/heads/main refs/remotes/main [6ms]
2024-05-04 19:03:48.178 [info] > git status -z -uall [3259ms]
2024-05-04 19:03:53.632 [info] > git config --get commit.template [4ms]
2024-05-04 19:03:53.683 [info] > git for-each-ref --format=%(refname)%00%(upstream:short)%00%(objectname)%00%(upstream:track)%00%(upstream:remotename)%00%(upstream:remoteref) refs/heads/main refs/remotes/main [7ms]
2024-05-04 19:03:56.906 [info] > git status -z -uall [3168ms]
2024-05-04 19:04:02.512 [info] > git config --get commit.template [63ms]
2024-05-04 19:04:02.515 [info] > git for-each-ref --format=%(refname)%00%(upstream:short)%00%(objectname)%00%(upstream:track)%00%(upstream:remotename)%00%(upstream:remoteref) refs/heads/main refs/remotes/main [11ms]
2024-05-04 19:04:05.649 [info] > git status -z -uall [3080ms]
2024-05-04 19:04:11.167 [info] > git config --get commit.template [51ms]
2024-05-04 19:04:11.227 [info] > git for-each-ref --format=%(refname)%00%(upstream:short)%00%(objectname)%00%(upstream:track)%00%(upstream:remotename)%00%(upstream:remoteref) refs/heads/main refs/remotes/main [10ms]
2024-05-04 19:04:14.419 [info] > git status -z -uall [3145ms]
2024-05-04 19:04:19.845 [info] > git config --get commit.template [7ms]
2024-05-04 19:04:19.905 [info] > git for-each-ref --format=%(refname)%00%(upstream:short)%00%(objectname)%00%(upstream:track)%00%(upstream:remotename)%00%(upstream:remoteref) refs/heads/main refs/remotes/main [8ms]
2024-05-04 19:04:23.117 [info] > git status -z -uall [3154ms]
2024-05-04 19:04:28.572 [info] > git config --get commit.template [4ms]
2024-05-04 19:04:28.627 [info] > git for-each-ref --format=%(refname)%00%(upstream:short)%00%(objectname)%00%(upstream:track)%00%(upstream:remotename)%00%(upstream:remoteref) refs/heads/main refs/remotes/main [6ms]
2024-05-04 19:04:31.914 [info] > git status -z -uall [3231ms]
2024-05-04 19:04:37.487 [info] > git config --get commit.template [66ms]
2024-05-04 19:04:37.488 [info] > git for-each-ref --format=%(refname)%00%(upstream:short)%00%(objectname)%00%(upstream:track)%00%(upstream:remotename)%00%(upstream:remoteref) refs/heads/main refs/remotes/main [9ms]
2024-05-04 19:04:40.752 [info] > git status -z -uall [3205ms]
2024-05-04 19:04:46.213 [info] > git config --get commit.template [5ms]
2024-05-04 19:04:46.279 [info] > git for-each-ref --format=%(refname)%00%(upstream:short)%00%(objectname)%00%(upstream:track)%00%(upstream:remotename)%00%(upstream:remoteref) refs/heads/main refs/remotes/main [6ms]
2024-05-04 19:04:49.513 [info] > git status -z -uall [3173ms]
2024-05-04 19:04:55.044 [info] > git config --get commit.template [50ms]
2024-05-04 19:04:55.050 [info] > git for-each-ref --format=%(refname)%00%(upstream:short)%00%(objectname)%00%(upstream:track)%00%(upstream:remotename)%00%(upstream:remoteref) refs/heads/main refs/remotes/main [19ms]
2024-05-04 19:04:58.352 [info] > git status -z -uall [3243ms]
2024-05-04 19:05:03.840 [info] > git config --get commit.template [49ms]
2024-05-04 19:05:03.847 [info] > git for-each-ref --format=%(refname)%00%(upstream:short)%00%(objectname)%00%(upstream:track)%00%(upstream:remotename)%00%(upstream:remoteref) refs/heads/main refs/remotes/main [11ms]
2024-05-04 19:05:07.067 [info] > git status -z -uall [3179ms]
2024-05-04 19:06:19.618 [info] > git config --get commit.template [4ms]
2024-05-04 19:06:19.662 [info] > git for-each-ref --format=%(refname)%00%(upstream:short)%00%(objectname)%00%(upstream:track)%00%(upstream:remotename)%00%(upstream:remoteref) refs/heads/main refs/remotes/main [8ms]
2024-05-04 19:06:22.846 [info] > git status -z -uall [3149ms]
2024-05-04 19:06:27.003 [info] > git ls-files --stage -- /home/mi/workplace/src/learning/learning/track.py [17ms]
2024-05-04 19:06:27.054 [info] > git cat-file -s 4847b9184787af43eef1c03b5a47a692fb1c6a74 [9ms]
2024-05-04 19:06:27.145 [info] > git show --textconv :workplace/src/learning/learning/track.py [24ms]
2024-05-04 19:06:28.426 [info] > git config --get commit.template [9ms]
2024-05-04 19:06:28.475 [info] > git for-each-ref --format=%(refname)%00%(upstream:short)%00%(objectname)%00%(upstream:track)%00%(upstream:remotename)%00%(upstream:remoteref) refs/heads/main refs/remotes/main [6ms]
2024-05-04 19:06:31.699 [info] > git status -z -uall [3178ms]
2024-05-04 19:06:37.312 [info] > git config --get commit.template [5ms]
2024-05-04 19:06:37.383 [info] > git for-each-ref --format=%(refname)%00%(upstream:short)%00%(objectname)%00%(upstream:track)%00%(upstream:remotename)%00%(upstream:remoteref) refs/heads/main refs/remotes/main [9ms]
2024-05-04 19:06:40.612 [info] > git status -z -uall [3176ms]
2024-05-04 19:07:16.989 [info] > git config --get commit.template [6ms]
2024-05-04 19:07:17.042 [info] > git for-each-ref --format=%(refname)%00%(upstream:short)%00%(objectname)%00%(upstream:track)%00%(upstream:remotename)%00%(upstream:remoteref) refs/heads/main refs/remotes/main [6ms]
2024-05-04 19:07:20.431 [info] > git status -z -uall [3339ms]
2024-05-04 19:07:49.234 [info] > git config --get commit.template [55ms]
2024-05-04 19:07:49.236 [info] > git for-each-ref --format=%(refname)%00%(upstream:short)%00%(objectname)%00%(upstream:track)%00%(upstream:remotename)%00%(upstream:remoteref) refs/heads/main refs/remotes/main [9ms]
2024-05-04 19:07:52.517 [info] > git status -z -uall [3236ms]
2024-05-04 19:07:58.185 [info] > git config --get commit.template [56ms]
2024-05-04 19:07:58.187 [info] > git for-each-ref --format=%(refname)%00%(upstream:short)%00%(objectname)%00%(upstream:track)%00%(upstream:remotename)%00%(upstream:remoteref) refs/heads/main refs/remotes/main [12ms]
2024-05-04 19:08:01.499 [info] > git status -z -uall [3268ms]
2024-05-04 19:08:06.963 [info] > git config --get commit.template [8ms]
2024-05-04 19:08:07.013 [info] > git for-each-ref --format=%(refname)%00%(upstream:short)%00%(objectname)%00%(upstream:track)%00%(upstream:remotename)%00%(upstream:remoteref) refs/heads/main refs/remotes/main [9ms]
2024-05-04 19:08:10.346 [info] > git status -z -uall [3283ms]
2024-05-04 19:08:15.872 [info] > git config --get commit.template [49ms]
2024-05-04 19:08:15.876 [info] > git for-each-ref --format=%(refname)%00%(upstream:short)%00%(objectname)%00%(upstream:track)%00%(upstream:remotename)%00%(upstream:remoteref) refs/heads/main refs/remotes/main [8ms]
2024-05-04 19:08:19.106 [info] > git status -z -uall [3175ms]
2024-05-04 19:08:24.619 [info] > git config --get commit.template [46ms]
2024-05-04 19:08:24.624 [info] > git for-each-ref --format=%(refname)%00%(upstream:short)%00%(objectname)%00%(upstream:track)%00%(upstream:remotename)%00%(upstream:remoteref) refs/heads/main refs/remotes/main [9ms]
2024-05-04 19:08:25.482 [info] > git merge-base refs/heads/main refs/remotes/origin/main [8ms]
2024-05-04 19:08:25.539 [info] > git rev-list --count --left-right refs/heads/main...refs/remotes/origin/main [9ms]
2024-05-04 19:08:27.240 [info] > git check-ignore -v -z --stdin [81ms]
2024-05-04 19:08:27.917 [info] > git status -z -uall [3247ms]
2024-05-04 19:08:33.869 [info] > git config --get commit.template [10ms]
2024-05-04 19:08:33.923 [info] > git for-each-ref --format=%(refname)%00%(upstream:short)%00%(objectname)%00%(upstream:track)%00%(upstream:remotename)%00%(upstream:remoteref) refs/heads/main refs/remotes/main [7ms]
2024-05-04 19:08:37.172 [info] > git status -z -uall [3194ms]
2024-05-04 19:08:42.660 [info] > git config --get commit.template [8ms]
2024-05-04 19:08:42.720 [info] > git for-each-ref --format=%(refname)%00%(upstream:short)%00%(objectname)%00%(upstream:track)%00%(upstream:remotename)%00%(upstream:remoteref) refs/heads/main refs/remotes/main [10ms]
2024-05-04 19:08:45.958 [info] > git status -z -uall [3184ms]
