[3.901s] Invoking command in '/home/mi/workplace/src/learning': PYTHONPATH=/home/mi/workplace/install/learning/lib/python3.6/site-packages:${PYTHONPATH} /usr/bin/python3 setup.py egg_info --egg-base ../../build/learning build --build-base /home/mi/workplace/build/learning/build install --prefix /home/mi/workplace/install/learning --record /home/mi/workplace/build/learning/install.log --single-version-externally-managed
[5.368s] running egg_info
[5.370s] writing ../../build/learning/learning.egg-info/PKG-INFO
[5.372s] writing dependency_links to ../../build/learning/learning.egg-info/dependency_links.txt
[5.376s] writing entry points to ../../build/learning/learning.egg-info/entry_points.txt
[5.376s] writing requirements to ../../build/learning/learning.egg-info/requires.txt
[5.377s] writing top-level names to ../../build/learning/learning.egg-info/top_level.txt
[5.390s] reading manifest file '../../build/learning/learning.egg-info/SOURCES.txt'
[5.397s] writing manifest file '../../build/learning/learning.egg-info/SOURCES.txt'
[5.398s] running build
[5.398s] running build_py
[5.402s] running install
[5.405s] /usr/local/lib/python3.6/dist-packages/setuptools/command/install.py:37: SetuptoolsDeprecationWarning: setup.py install is deprecated. Use build and pip and other standards-based tools.
[5.406s]   setuptools.SetuptoolsDeprecationWarning,
[5.409s] running install_lib
[5.413s] running install_data
[5.416s] running install_egg_info
[5.423s] removing '/home/mi/workplace/install/learning/lib/python3.6/site-packages/learning-0.0.0-py3.6.egg-info' (and everything under it)
[5.425s] Copying ../../build/learning/learning.egg-info to /home/mi/workplace/install/learning/lib/python3.6/site-packages/learning-0.0.0-py3.6.egg-info
[5.432s] running install_scripts
[5.516s] Installing camera script to /home/mi/workplace/install/learning/lib/learning
[5.519s] Installing crash script to /home/mi/workplace/install/learning/lib/learning
[5.523s] Installing data_receive script to /home/mi/workplace/install/learning/lib/learning
[5.524s] Installing rgb script to /home/mi/workplace/install/learning/lib/learning
[5.525s] Installing rotate_until_center1 = learning.rotate_until_center1walk_t_sec script to /home/mi/workplace/install/learning/lib/learning
[5.526s] Installing stand script to /home/mi/workplace/install/learning/lib/learning
[5.527s] Installing track script to /home/mi/workplace/install/learning/lib/learning
[5.527s] Installing walktest script to /home/mi/workplace/install/learning/lib/learning
[5.528s] writing list of installed files to '/home/mi/workplace/build/learning/install.log'
[5.642s] Invoked command in '/home/mi/workplace/src/learning' returned '0': PYTHONPATH=/home/mi/workplace/install/learning/lib/python3.6/site-packages:${PYTHONPATH} /usr/bin/python3 setup.py egg_info --egg-base ../../build/learning build --build-base /home/mi/workplace/build/learning/build install --prefix /home/mi/workplace/install/learning --record /home/mi/workplace/build/learning/install.log --single-version-externally-managed
