[4.656s] Invoking command in '/home/mi/workplace/src/learning': PYTHONPATH=/home/mi/workplace/install/learning/lib/python3.6/site-packages:${PYTHONPATH} /usr/bin/python3 setup.py egg_info --egg-base ../../build/learning build --build-base /home/mi/workplace/build/learning/build install --prefix /home/mi/workplace/install/learning --record /home/mi/workplace/build/learning/install.log --single-version-externally-managed
[6.478s] running egg_info
[6.482s] writing ../../build/learning/learning.egg-info/PKG-INFO
[6.482s] writing dependency_links to ../../build/learning/learning.egg-info/dependency_links.txt
[6.485s] writing entry points to ../../build/learning/learning.egg-info/entry_points.txt
[6.485s] writing requirements to ../../build/learning/learning.egg-info/requires.txt
[6.486s] writing top-level names to ../../build/learning/learning.egg-info/top_level.txt
[6.512s] reading manifest file '../../build/learning/learning.egg-info/SOURCES.txt'
[6.522s] writing manifest file '../../build/learning/learning.egg-info/SOURCES.txt'
[6.523s] running build
[6.523s] running build_py
[6.525s] copying learning/track.py -> /home/mi/workplace/build/learning/build/lib/learning
[6.528s] running install
[6.530s] /usr/local/lib/python3.6/dist-packages/setuptools/command/install.py:37: SetuptoolsDeprecationWarning: setup.py install is deprecated. Use build and pip and other standards-based tools.
[6.531s]   setuptools.SetuptoolsDeprecationWarning,
[6.533s] running install_lib
[6.538s] copying /home/mi/workplace/build/learning/build/lib/learning/track.py -> /home/mi/workplace/install/learning/lib/python3.6/site-packages/learning
[6.541s] byte-compiling /home/mi/workplace/install/learning/lib/python3.6/site-packages/learning/track.py to track.cpython-36.pyc
[6.545s] running install_data
[6.549s] running install_egg_info
[6.556s] removing '/home/mi/workplace/install/learning/lib/python3.6/site-packages/learning-0.0.0-py3.6.egg-info' (and everything under it)
[6.557s] Copying ../../build/learning/learning.egg-info to /home/mi/workplace/install/learning/lib/python3.6/site-packages/learning-0.0.0-py3.6.egg-info
[6.563s] running install_scripts
[6.661s] Installing camera script to /home/mi/workplace/install/learning/lib/learning
[6.663s] Installing crash script to /home/mi/workplace/install/learning/lib/learning
[6.664s] Installing rgb script to /home/mi/workplace/install/learning/lib/learning
[6.664s] Installing stand script to /home/mi/workplace/install/learning/lib/learning
[6.665s] Installing track script to /home/mi/workplace/install/learning/lib/learning
[6.667s] Installing walktest script to /home/mi/workplace/install/learning/lib/learning
[6.668s] writing list of installed files to '/home/mi/workplace/build/learning/install.log'
[6.813s] Invoked command in '/home/mi/workplace/src/learning' returned '0': PYTHONPATH=/home/mi/workplace/install/learning/lib/python3.6/site-packages:${PYTHONPATH} /usr/bin/python3 setup.py egg_info --egg-base ../../build/learning build --build-base /home/mi/workplace/build/learning/build install --prefix /home/mi/workplace/install/learning --record /home/mi/workplace/build/learning/install.log --single-version-externally-managed
