2024-05-18 23:21:45.844 [info] 日志级别: Info
2024-05-18 23:21:45.844 [info] 正在验证在以下位置找到的 git: "git"
2024-05-18 23:21:45.844 [info] 将使用位于 "2.17.1" 的 Git "git"
2024-05-18 23:21:45.844 [info] > git rev-parse --show-toplevel [65ms]
2024-05-18 23:21:45.845 [info] > git rev-parse --git-dir --git-common-dir [1471ms]
2024-05-18 23:21:45.845 [info] Open repository: /home/mi
2024-05-18 23:21:45.845 [info] > git rev-parse --show-toplevel [41ms]
2024-05-18 23:21:45.845 [info] > git config --get commit.template [58ms]
2024-05-18 23:21:45.894 [info] > git rev-parse --show-toplevel [28ms]
2024-05-18 23:21:45.905 [info] > git for-each-ref --format=%(refname)%00%(upstream:short)%00%(objectname)%00%(upstream:track)%00%(upstream:remotename)%00%(upstream:remoteref) refs/heads/whf_play refs/remotes/whf_play [19ms]
2024-05-18 23:21:45.994 [info] > git rev-parse --show-toplevel [46ms]
2024-05-18 23:21:46.014 [info] > git rev-parse --show-toplevel [5ms]
2024-05-18 23:21:46.040 [info] > git rev-parse --show-toplevel [12ms]
2024-05-18 23:21:46.063 [info] > git rev-parse --show-toplevel [9ms]
2024-05-18 23:21:46.105 [info] > git rev-parse --show-toplevel [28ms]
2024-05-18 23:21:46.132 [info] > git rev-parse --show-toplevel [9ms]
2024-05-18 23:21:46.158 [info] > git rev-parse --show-toplevel [9ms]
2024-05-18 23:21:46.182 [info] > git rev-parse --show-toplevel [7ms]
2024-05-18 23:21:46.690 [info] > git status -z -uall [762ms] (cancelled)
2024-05-18 23:21:46.691 [info] > git check-ignore -v -z --stdin [293ms]
2024-05-18 23:21:46.701 [info] > git rev-parse --show-toplevel [395ms]
2024-05-18 23:21:46.766 [info] > git rev-parse --show-toplevel [32ms]
2024-05-18 23:21:46.813 [info] > git rev-parse --show-toplevel [11ms]
2024-05-18 23:21:46.847 [info] > git rev-parse --show-toplevel [10ms]
2024-05-18 23:21:46.880 [info] > git rev-parse --show-toplevel [7ms]
2024-05-18 23:21:46.910 [info] > git rev-parse --show-toplevel [7ms]
2024-05-18 23:21:46.941 [info] > git rev-parse --show-toplevel [8ms]
2024-05-18 23:21:46.976 [info] > git rev-parse --show-toplevel [9ms]
2024-05-18 23:21:47.004 [info] > git rev-parse --show-toplevel [9ms]
2024-05-18 23:21:47.035 [info] > git rev-parse --show-toplevel [7ms]
2024-05-18 23:21:47.066 [info] > git rev-parse --show-toplevel [10ms]
2024-05-18 23:21:47.092 [info] > git rev-parse --show-toplevel [6ms]
2024-05-18 23:21:47.135 [info] > git rev-parse --show-toplevel [16ms]
2024-05-18 23:21:47.155 [info] > git rev-parse --show-toplevel [5ms]
2024-05-18 23:21:47.177 [info] > git rev-parse --show-toplevel [5ms]
2024-05-18 23:21:47.199 [info] > git rev-parse --show-toplevel [6ms]
2024-05-18 23:21:47.224 [info] > git rev-parse --show-toplevel [7ms]
2024-05-18 23:21:47.249 [info] > git rev-parse --show-toplevel [5ms]
2024-05-18 23:21:47.271 [info] > git rev-parse --show-toplevel [5ms]
2024-05-18 23:21:47.293 [info] > git rev-parse --show-toplevel [5ms]
2024-05-18 23:21:47.316 [info] > git rev-parse --show-toplevel [6ms]
2024-05-18 23:21:47.379 [info] > git show --textconv :workplace/src/learning/learning/move_x.py [25ms]
2024-05-18 23:21:47.389 [info] > git ls-files --stage -- /home/mi/workplace/src/learning/learning/move_x.py [17ms]
2024-05-18 23:21:47.411 [info] > git cat-file -s 014c7e73eab061610d710be8eb2e72c1fc53923b [5ms]
2024-05-18 23:21:52.651 [info] > git show --textconv :README.md [28ms]
2024-05-18 23:21:52.665 [info] > git ls-files --stage -- /home/mi/README.md [18ms]
2024-05-18 23:21:52.690 [info] > git cat-file -s 362a8fada7d7367ca66c27329b64db6ef19ae43d [6ms]
2024-05-18 23:21:59.072 [info] > git config --get commit.template [66ms]
2024-05-18 23:21:59.105 [info] > git for-each-ref --format=%(refname)%00%(upstream:short)%00%(objectname)%00%(upstream:track)%00%(upstream:remotename)%00%(upstream:remoteref) refs/heads/whf_play refs/remotes/whf_play [7ms]
2024-05-18 23:22:03.474 [info] > git status -z -uall [4346ms] (cancelled)
2024-05-18 23:22:04.317 [info] > git check-ignore -v -z --stdin [70ms]
2024-05-18 23:22:06.117 [info] > git check-ignore -v -z --stdin [13ms]
2024-05-18 23:22:16.733 [info] > git show --textconv :workplace/src/learning/learning/stand.py [37ms]
2024-05-18 23:22:16.744 [info] > git ls-files --stage -- /home/mi/workplace/src/learning/learning/stand.py [17ms]
2024-05-18 23:22:16.772 [info] > git cat-file -s 41c5054b09baa67aa9903831f3021dd47e8bdccc [4ms]
2024-05-18 23:22:22.673 [info] > git show --textconv :workplace/src/learning/learning/move_x.py [30ms]
2024-05-18 23:22:22.682 [info] > git ls-files --stage -- /home/mi/workplace/src/learning/learning/move_x.py [13ms]
2024-05-18 23:22:22.711 [info] > git cat-file -s 014c7e73eab061610d710be8eb2e72c1fc53923b [5ms]
2024-05-18 23:23:44.365 [info] > git show --textconv :README.md [35ms]
2024-05-18 23:23:44.374 [info] > git ls-files --stage -- /home/mi/README.md [19ms]
2024-05-18 23:23:44.399 [info] > git cat-file -s 362a8fada7d7367ca66c27329b64db6ef19ae43d [7ms]
2024-05-18 23:26:10.329 [info] > git show --textconv :workplace/src/learning/learning/keeper.py [29ms]
2024-05-18 23:26:10.338 [info] > git ls-files --stage -- /home/mi/workplace/src/learning/learning/keeper.py [13ms]
2024-05-18 23:26:10.363 [info] > git cat-file -s e75319f133867d0692c03d9adaa19d897d9218cf [6ms]
2024-05-18 23:26:16.422 [info] > git show --textconv :README.md [25ms]
2024-05-18 23:26:16.430 [info] > git ls-files --stage -- /home/mi/README.md [15ms]
2024-05-18 23:26:16.458 [info] > git cat-file -s 362a8fada7d7367ca66c27329b64db6ef19ae43d [11ms]
2024-05-18 23:30:16.481 [info] > git show --textconv :workplace/src/learning/learning/keeper.py [24ms]
2024-05-18 23:30:16.497 [info] > git ls-files --stage -- /home/mi/workplace/src/learning/learning/keeper.py [21ms]
2024-05-18 23:30:16.519 [info] > git cat-file -s e75319f133867d0692c03d9adaa19d897d9218cf [6ms]
2024-05-18 23:30:16.818 [info] > git check-ignore -v -z --stdin [17ms]
2024-05-18 23:30:20.673 [info] > git show --textconv :workplace/src/learning/learning/keeper.py [24ms]
2024-05-18 23:30:20.683 [info] > git ls-files --stage -- /home/mi/workplace/src/learning/learning/keeper.py [15ms]
2024-05-18 23:30:20.706 [info] > git cat-file -s e75319f133867d0692c03d9adaa19d897d9218cf [4ms]
2024-05-18 23:30:22.307 [info] > git show --textconv :workplace/src/learning/learning/obstacle.py [30ms]
2024-05-18 23:30:22.318 [info] > git ls-files --stage -- /home/mi/workplace/src/learning/learning/obstacle.py [15ms]
2024-05-18 23:30:59.012 [info] > git show --textconv :workplace/src/learning/setup.py [29ms]
2024-05-18 23:30:59.019 [info] > git ls-files --stage -- /home/mi/workplace/src/learning/setup.py [12ms]
2024-05-18 23:30:59.040 [info] > git cat-file -s c4ebe81192724a01ee5733974015fd8bf16f4686 [3ms]
2024-05-18 23:44:24.283 [info] > git show --textconv :workplace/src/learning/learning/track.py [36ms]
2024-05-18 23:44:24.293 [info] > git ls-files --stage -- /home/mi/workplace/src/learning/learning/track.py [14ms]
2024-05-18 23:44:24.316 [info] > git cat-file -s f60747abe8d7a5eb5217f22bef3c88073fdec74a [6ms]
2024-05-18 23:45:37.756 [info] > git show --textconv :workplace/src/learning/learning/sensor_node.py [36ms]
2024-05-18 23:45:37.771 [info] > git ls-files --stage -- /home/mi/workplace/src/learning/learning/sensor_node.py [19ms]
2024-05-18 23:45:37.800 [info] > git cat-file -s 02e72f4508c47356d43f9e6cc1e0c779b5d2af62 [6ms]
2024-05-18 23:46:22.011 [info] > git show --textconv :workplace/src/learning/learning/see_and_crash.py [29ms]
2024-05-18 23:46:22.020 [info] > git ls-files --stage -- /home/mi/workplace/src/learning/learning/see_and_crash.py [14ms]
2024-05-18 23:46:22.043 [info] > git cat-file -s 44eef78457e5717ebd25127e3635dbcf502a9ce3 [4ms]
2024-05-18 23:46:23.829 [info] > git show --textconv :workplace/src/learning/learning/safe.py [26ms]
2024-05-18 23:46:23.846 [info] > git ls-files --stage -- /home/mi/workplace/src/learning/learning/safe.py [20ms]
2024-05-18 23:46:23.870 [info] > git cat-file -s 8d5b27f609675d3a1e4db6908878df56ec32e570 [5ms]
2024-05-18 23:46:34.467 [info] > git show --textconv :workplace/src/learning/learning/walktest.py [28ms]
2024-05-18 23:46:34.474 [info] > git ls-files --stage -- /home/mi/workplace/src/learning/learning/walktest.py [12ms]
2024-05-18 23:46:34.496 [info] > git cat-file -s e26daafd84b2f542235e99310ebb89f9de53a85e [4ms]
2024-05-18 23:46:35.723 [info] > git show --textconv :workplace/src/learning/learning/walk.py [33ms]
2024-05-18 23:46:35.731 [info] > git ls-files --stage -- /home/mi/workplace/src/learning/learning/walk.py [14ms]
2024-05-18 23:46:35.756 [info] > git cat-file -s e69de29bb2d1d6434b8b29ae775ad8c2e48c5391 [6ms]
2024-05-18 23:55:55.226 [info] > git check-ignore -v -z --stdin [14ms]
2024-05-18 23:55:55.745 [info] > git show --textconv :workplace/src/learning/learning/data_receive.py [23ms]
2024-05-18 23:55:55.755 [info] > git ls-files --stage -- /home/mi/workplace/src/learning/learning/data_receive.py [13ms]
2024-05-18 23:55:55.777 [info] > git cat-file -s c0aa6033670997c58e11fbb8255110343cb4a88c [6ms]
2024-05-19 00:01:43.098 [info] > git show --textconv :workplace/src/learning/learning/camera.py [36ms]
2024-05-19 00:01:43.110 [info] > git ls-files --stage -- /home/mi/workplace/src/learning/learning/camera.py [21ms]
2024-05-19 00:01:43.149 [info] > git cat-file -s 57d25ca86ebe15ac4fd13d672c220a5052800460 [20ms]
