[4.384s] Invoking command in '/home/mi/workplace/src/learning': PYTHONPATH=/home/mi/workplace/install/learning/lib/python3.6/site-packages:${PYTHONPATH} /usr/bin/python3 setup.py egg_info --egg-base ../../build/learning build --build-base /home/mi/workplace/build/learning/build install --prefix /home/mi/workplace/install/learning --record /home/mi/workplace/build/learning/install.log --single-version-externally-managed
[5.974s] running egg_info
[5.979s] writing ../../build/learning/learning.egg-info/PKG-INFO
[5.981s] writing dependency_links to ../../build/learning/learning.egg-info/dependency_links.txt
[5.982s] writing entry points to ../../build/learning/learning.egg-info/entry_points.txt
[5.987s] writing requirements to ../../build/learning/learning.egg-info/requires.txt
[5.988s] writing top-level names to ../../build/learning/learning.egg-info/top_level.txt
[5.999s] reading manifest file '../../build/learning/learning.egg-info/SOURCES.txt'
[6.007s] writing manifest file '../../build/learning/learning.egg-info/SOURCES.txt'
[6.009s] running build
[6.009s] running build_py
[6.013s] copying learning/geometry.py -> /home/mi/workplace/build/learning/build/lib/learning
[6.016s] copying learning/move_x.py -> /home/mi/workplace/build/learning/build/lib/learning
[6.020s] running install
[6.022s] /usr/local/lib/python3.6/dist-packages/setuptools/command/install.py:37: SetuptoolsDeprecationWarning: setup.py install is deprecated. Use build and pip and other standards-based tools.
[6.024s]   setuptools.SetuptoolsDeprecationWarning,
[6.025s] running install_lib
[6.031s] copying /home/mi/workplace/build/learning/build/lib/learning/geometry.py -> /home/mi/workplace/install/learning/lib/python3.6/site-packages/learning
[6.031s] copying /home/mi/workplace/build/learning/build/lib/learning/move_x.py -> /home/mi/workplace/install/learning/lib/python3.6/site-packages/learning
[6.035s] byte-compiling /home/mi/workplace/install/learning/lib/python3.6/site-packages/learning/geometry.py to geometry.cpython-36.pyc
[6.052s] byte-compiling /home/mi/workplace/install/learning/lib/python3.6/site-packages/learning/move_x.py to move_x.cpython-36.pyc
[6.052s] running install_data
[6.057s] running install_egg_info
[6.065s] removing '/home/mi/workplace/install/learning/lib/python3.6/site-packages/learning-0.0.0-py3.6.egg-info' (and everything under it)
[6.066s] Copying ../../build/learning/learning.egg-info to /home/mi/workplace/install/learning/lib/python3.6/site-packages/learning-0.0.0-py3.6.egg-info
[6.076s] running install_scripts
[6.167s] Installing camera script to /home/mi/workplace/install/learning/lib/learning
[6.173s] Installing crash script to /home/mi/workplace/install/learning/lib/learning
[6.175s] Installing data_receive script to /home/mi/workplace/install/learning/lib/learning
[6.175s] Installing get_data script to /home/mi/workplace/install/learning/lib/learning
[6.176s] Installing goal script to /home/mi/workplace/install/learning/lib/learning
[6.177s] Installing keeper script to /home/mi/workplace/install/learning/lib/learning
[6.178s] Installing main_node script to /home/mi/workplace/install/learning/lib/learning
[6.179s] Installing move_x script to /home/mi/workplace/install/learning/lib/learning
[6.182s] Installing rgb script to /home/mi/workplace/install/learning/lib/learning
[6.183s] Installing rotate script to /home/mi/workplace/install/learning/lib/learning
[6.184s] Installing rotate_until_center1 script to /home/mi/workplace/install/learning/lib/learning
[6.185s] Installing stand script to /home/mi/workplace/install/learning/lib/learning
[6.186s] Installing track script to /home/mi/workplace/install/learning/lib/learning
[6.187s] Installing walk_t_sec script to /home/mi/workplace/install/learning/lib/learning
[6.188s] Installing walktest script to /home/mi/workplace/install/learning/lib/learning
[6.189s] writing list of installed files to '/home/mi/workplace/build/learning/install.log'
[6.312s] Invoked command in '/home/mi/workplace/src/learning' returned '0': PYTHONPATH=/home/mi/workplace/install/learning/lib/python3.6/site-packages:${PYTHONPATH} /usr/bin/python3 setup.py egg_info --egg-base ../../build/learning build --build-base /home/mi/workplace/build/learning/build install --prefix /home/mi/workplace/install/learning --record /home/mi/workplace/build/learning/install.log --single-version-externally-managed
