2024-05-11 22:31:28.820 [info] Log level: Info
2024-05-11 22:31:28.821 [info] Validating found git in: "D:\app2\git\Git\cmd\git.exe"
2024-05-11 22:31:28.821 [info] Unable to find git on the PATH: "D:\app2\git\Git\cmd\git.exe". Error: spawn D:\app2\git\Git\cmd\git.exe ENOENT
2024-05-11 22:31:28.821 [info] Validating found git in: "git"
2024-05-11 22:31:28.821 [info] Using git "2.17.1" from "git"
2024-05-11 22:31:28.821 [info] > git rev-parse --show-toplevel [1008ms]
2024-05-11 22:31:28.821 [info] > git rev-parse --git-dir --git-common-dir [23ms]
2024-05-11 22:31:28.821 [info] Open repository: /home/mi
2024-05-11 22:31:28.829 [info] > git rev-parse --show-toplevel [43ms]
2024-05-11 22:31:28.838 [info] > git config --get commit.template [62ms]
2024-05-11 22:31:28.901 [info] > git rev-parse --show-toplevel [44ms]
2024-05-11 22:31:28.940 [info] > git for-each-ref --format=%(refname)%00%(upstream:short)%00%(objectname)%00%(upstream:track)%00%(upstream:remotename)%00%(upstream:remoteref) refs/heads/dev refs/remotes/dev [42ms]
2024-05-11 22:31:29.005 [info] > git rev-parse --show-toplevel [28ms]
2024-05-11 22:31:30.519 [info] > git check-ignore -v -z --stdin [162ms]
2024-05-11 22:31:30.527 [info] > git status -z -uall [1568ms]
2024-05-11 22:31:30.528 [info] > git rev-parse --show-toplevel [149ms]
2024-05-11 22:31:34.803 [info] > git config --get commit.template [49ms]
2024-05-11 22:31:34.804 [info] > git rev-parse --show-toplevel [75ms]
2024-05-11 22:31:35.473 [info] > git check-ignore -v -z --stdin [85ms]
2024-05-11 22:31:35.478 [info] > git for-each-ref --format=%(refname)%00%(upstream:short)%00%(objectname)%00%(upstream:track)%00%(upstream:remotename)%00%(upstream:remoteref) refs/heads/dev refs/remotes/dev [114ms]
2024-05-11 22:31:35.500 [info] > git rev-parse --show-toplevel [677ms]
2024-05-11 22:31:35.549 [info] > git rev-parse --show-toplevel [19ms]
2024-05-11 22:31:35.576 [info] > git rev-parse --show-toplevel [7ms]
2024-05-11 22:31:35.602 [info] > git rev-parse --show-toplevel [5ms]
2024-05-11 22:31:35.625 [info] > git rev-parse --show-toplevel [4ms]
2024-05-11 22:31:35.653 [info] > git rev-parse --show-toplevel [7ms]
2024-05-11 22:31:35.678 [info] > git rev-parse --show-toplevel [6ms]
2024-05-11 22:31:35.706 [info] > git rev-parse --show-toplevel [7ms]
2024-05-11 22:31:35.729 [info] > git rev-parse --show-toplevel [6ms]
2024-05-11 22:31:35.754 [info] > git rev-parse --show-toplevel [5ms]
2024-05-11 22:31:35.823 [info] > git rev-parse --show-toplevel [24ms]
2024-05-11 22:31:35.852 [info] > git rev-parse --show-toplevel [12ms]
2024-05-11 22:31:35.891 [info] > git status -z -uall [395ms]
2024-05-11 22:31:35.892 [info] > git rev-parse --show-toplevel [19ms]
2024-05-11 22:31:40.017 [info] > git rev-parse --show-toplevel [154ms]
2024-05-11 22:31:40.767 [info] > git rev-parse --show-toplevel [64ms]
2024-05-11 22:31:40.793 [info] > git rev-parse --show-toplevel [7ms]
2024-05-11 22:31:40.821 [info] > git rev-parse --show-toplevel [9ms]
2024-05-11 22:31:40.845 [info] > git rev-parse --show-toplevel [5ms]
2024-05-11 22:31:40.870 [info] > git rev-parse --show-toplevel [5ms]
2024-05-11 22:31:40.895 [info] > git rev-parse --show-toplevel [6ms]
2024-05-11 22:31:40.918 [info] > git rev-parse --show-toplevel [6ms]
2024-05-11 22:31:40.941 [info] > git rev-parse --show-toplevel [4ms]
2024-05-11 22:31:40.970 [info] > git rev-parse --show-toplevel [5ms]
2024-05-11 22:31:41.010 [info] > git rev-parse --show-toplevel [20ms]
2024-05-11 22:31:41.036 [info] > git rev-parse --show-toplevel [6ms]
2024-05-11 22:31:41.062 [info] > git rev-parse --show-toplevel [7ms]
2024-05-11 22:31:41.159 [info] > git show --textconv :workplace/src/learning/learning/move_x.py [55ms]
2024-05-11 22:31:41.166 [info] > git ls-files --stage -- /home/mi/workplace/src/learning/learning/move_x.py [38ms]
2024-05-11 22:31:41.192 [info] > git cat-file -s f2676a261e6c7eb0519912f3173d348e5cbdf09b [7ms]
2024-05-11 22:33:56.850 [info] > git show --textconv :README.md [97ms]
2024-05-11 22:33:56.851 [info] > git ls-files --stage -- /home/mi/README.md [70ms]
2024-05-11 22:33:56.879 [info] > git cat-file -s 7b01e21cfe3dad56c8a37ea5f2728290e55d4b0b [9ms]
2024-05-11 22:33:57.164 [info] > git check-ignore -v -z --stdin [28ms]
2024-05-11 22:39:43.445 [info] > git show --textconv :workplace/src/learning/learning/move_x.py [41ms]
2024-05-11 22:39:43.453 [info] > git ls-files --stage -- /home/mi/workplace/src/learning/learning/move_x.py [13ms]
2024-05-11 22:39:43.481 [info] > git cat-file -s f2676a261e6c7eb0519912f3173d348e5cbdf09b [8ms]
2024-05-11 22:39:43.789 [info] > git check-ignore -v -z --stdin [16ms]
2024-05-11 23:06:53.133 [info] > git show --textconv :workplace/src/learning/learning/crash.py [31ms]
2024-05-11 23:06:53.148 [info] > git ls-files --stage -- /home/mi/workplace/src/learning/learning/crash.py [20ms]
2024-05-11 23:06:53.179 [info] > git cat-file -s f547fe11b8bb522299afb02955a2f9df74b87ff4 [8ms]
2024-05-11 23:07:18.048 [info] > git show --textconv :workplace/src/learning/learning/move_x.py [27ms]
2024-05-11 23:07:18.059 [info] > git ls-files --stage -- /home/mi/workplace/src/learning/learning/move_x.py [17ms]
2024-05-11 23:07:18.085 [info] > git cat-file -s f2676a261e6c7eb0519912f3173d348e5cbdf09b [6ms]
2024-05-11 23:07:32.050 [info] > git show --textconv :workplace/src/learning/learning/get_loc.py [34ms]
2024-05-11 23:07:32.065 [info] > git ls-files --stage -- /home/mi/workplace/src/learning/learning/get_loc.py [19ms]
2024-05-11 23:07:56.974 [info] > git show --textconv :README.md [34ms]
2024-05-11 23:07:56.988 [info] > git ls-files --stage -- /home/mi/README.md [20ms]
2024-05-11 23:07:57.016 [info] > git cat-file -s 7b01e21cfe3dad56c8a37ea5f2728290e55d4b0b [10ms]
2024-05-11 23:08:03.410 [info] > git show --textconv :workplace/src/learning/learning/move_x.py [42ms]
2024-05-11 23:08:03.425 [info] > git ls-files --stage -- /home/mi/workplace/src/learning/learning/move_x.py [18ms]
2024-05-11 23:08:03.457 [info] > git cat-file -s f2676a261e6c7eb0519912f3173d348e5cbdf09b [9ms]
2024-05-11 23:08:09.260 [info] > git show --textconv :workplace/install/learning/lib/python3.6/site-packages/learning/move_x.py [39ms]
2024-05-11 23:08:09.275 [info] > git ls-files --stage -- /home/mi/workplace/install/learning/lib/python3.6/site-packages/learning/move_x.py [19ms]
2024-05-11 23:08:09.301 [info] > git cat-file -s 1d36b192704f8b01c37ab0529a1e80cd0b292ce6 [5ms]
2024-05-11 23:08:09.626 [info] > git check-ignore -v -z --stdin [33ms]
2024-05-11 23:08:36.333 [info] > git show --textconv :workplace/src/learning/learning/move_x.py [38ms]
2024-05-11 23:08:36.344 [info] > git ls-files --stage -- /home/mi/workplace/src/learning/learning/move_x.py [17ms]
2024-05-11 23:08:36.374 [info] > git cat-file -s f2676a261e6c7eb0519912f3173d348e5cbdf09b [10ms]
2024-05-11 23:18:43.149 [info] > git show --textconv :workplace/src/learning/setup.py [33ms]
2024-05-11 23:18:43.160 [info] > git ls-files --stage -- /home/mi/workplace/src/learning/setup.py [14ms]
2024-05-11 23:18:43.183 [info] > git cat-file -s 2064cf4f9a1bcc987c076d555df4f3e78eeea6af [4ms]
2024-05-11 23:18:44.515 [info] > git show --textconv :workplace/src/learning/learning/move_x.py [30ms]
2024-05-11 23:18:44.526 [info] > git ls-files --stage -- /home/mi/workplace/src/learning/learning/move_x.py [19ms]
2024-05-11 23:18:44.557 [info] > git cat-file -s f2676a261e6c7eb0519912f3173d348e5cbdf09b [8ms]
2024-05-11 23:22:25.695 [info] > git show --textconv :workplace/src/learning/learning/track.py [33ms]
2024-05-11 23:22:25.706 [info] > git ls-files --stage -- /home/mi/workplace/src/learning/learning/track.py [15ms]
2024-05-11 23:22:25.736 [info] > git cat-file -s f60747abe8d7a5eb5217f22bef3c88073fdec74a [6ms]
2024-05-11 23:22:56.959 [info] > git show --textconv :workplace/src/learning/learning/move_x.py [36ms]
2024-05-11 23:22:56.968 [info] > git ls-files --stage -- /home/mi/workplace/src/learning/learning/move_x.py [15ms]
2024-05-11 23:22:56.992 [info] > git cat-file -s f2676a261e6c7eb0519912f3173d348e5cbdf09b [5ms]
2024-05-11 23:22:59.971 [info] > git show --textconv :workplace/src/learning/learning/walk_t_sec.py [28ms]
2024-05-11 23:22:59.982 [info] > git ls-files --stage -- /home/mi/workplace/src/learning/learning/walk_t_sec.py [15ms]
2024-05-11 23:23:00.006 [info] > git cat-file -s 5e3ba503b0b5def449bb3e5f24d4e2d127db49d4 [5ms]
2024-05-11 23:23:08.103 [info] > git show --textconv :workplace/src/learning/learning/move_x.py [36ms]
2024-05-11 23:23:08.112 [info] > git ls-files --stage -- /home/mi/workplace/src/learning/learning/move_x.py [15ms]
2024-05-11 23:23:08.149 [info] > git cat-file -s f2676a261e6c7eb0519912f3173d348e5cbdf09b [3ms]
2024-05-11 23:23:08.410 [info] > git check-ignore -v -z --stdin [12ms]
2024-05-11 23:23:28.305 [info] > git show --textconv :workplace/src/learning/learning/striker.py [30ms]
2024-05-11 23:23:28.317 [info] > git ls-files --stage -- /home/mi/workplace/src/learning/learning/striker.py [16ms]
2024-05-11 23:23:28.346 [info] > git cat-file -s a4a2c95790e87b0c06f5e72b1611ca14e050e365 [4ms]
2024-05-11 23:23:36.226 [info] > git show --textconv :workplace/src/learning/learning/goal.py [29ms]
2024-05-11 23:23:36.241 [info] > git ls-files --stage -- /home/mi/workplace/src/learning/learning/goal.py [18ms]
2024-05-11 23:23:36.266 [info] > git cat-file -s 9601ba2d47a292ba765f26b9ce43a5e95f62ae07 [3ms]
2024-05-11 23:23:51.328 [info] > git check-ignore -v -z --stdin [15ms]
2024-05-11 23:23:54.998 [info] > git show --textconv :workplace/src/learning/learning/rotate.py [32ms]
2024-05-11 23:23:55.011 [info] > git ls-files --stage -- /home/mi/workplace/src/learning/learning/rotate.py [17ms]
2024-05-11 23:23:55.037 [info] > git cat-file -s e7b2e332236f0974352ac45addea76ecfbd536d5 [6ms]
2024-05-11 23:24:19.753 [info] > git check-ignore -v -z --stdin [16ms]
2024-05-11 23:24:22.195 [info] > git show --textconv :workplace/src/learning/learning/data_receive.py [36ms]
2024-05-11 23:24:22.200 [info] > git ls-files --stage -- /home/mi/workplace/src/learning/learning/data_receive.py [9ms]
2024-05-11 23:24:22.230 [info] > git cat-file -s c0aa6033670997c58e11fbb8255110343cb4a88c [7ms]
2024-05-11 23:24:32.414 [info] > git show --textconv :workplace/src/learning/learning/move_x.py [30ms]
2024-05-11 23:24:32.425 [info] > git ls-files --stage -- /home/mi/workplace/src/learning/learning/move_x.py [15ms]
2024-05-11 23:24:32.451 [info] > git cat-file -s f2676a261e6c7eb0519912f3173d348e5cbdf09b [6ms]
2024-05-11 23:25:20.824 [info] > git show --textconv :workplace/src/learning/learning/data_receive.py [31ms]
2024-05-11 23:25:20.844 [info] > git ls-files --stage -- /home/mi/workplace/src/learning/learning/data_receive.py [28ms]
2024-05-11 23:25:20.871 [info] > git cat-file -s c0aa6033670997c58e11fbb8255110343cb4a88c [7ms]
2024-05-11 23:25:24.446 [info] > git show --textconv :workplace/src/learning/learning/move_x.py [35ms]
2024-05-11 23:25:24.459 [info] > git ls-files --stage -- /home/mi/workplace/src/learning/learning/move_x.py [16ms]
2024-05-11 23:25:24.483 [info] > git cat-file -s f2676a261e6c7eb0519912f3173d348e5cbdf09b [2ms]
2024-05-11 23:25:40.679 [info] > git show --textconv :workplace/src/learning/learning/data_receive.py [38ms]
2024-05-11 23:25:40.683 [info] > git ls-files --stage -- /home/mi/workplace/src/learning/learning/data_receive.py [15ms]
2024-05-11 23:25:40.709 [info] > git cat-file -s c0aa6033670997c58e11fbb8255110343cb4a88c [5ms]
2024-05-11 23:26:31.021 [info] > git show --textconv :workplace/src/learning/learning/keeper.py [33ms]
2024-05-11 23:26:31.026 [info] > git ls-files --stage -- /home/mi/workplace/src/learning/learning/keeper.py [15ms]
2024-05-11 23:26:31.048 [info] > git cat-file -s e75319f133867d0692c03d9adaa19d897d9218cf [4ms]
2024-05-11 23:26:40.834 [info] > git show --textconv :workplace/src/learning/learning/striker.py [28ms]
2024-05-11 23:26:40.846 [info] > git ls-files --stage -- /home/mi/workplace/src/learning/learning/striker.py [16ms]
2024-05-11 23:26:40.871 [info] > git cat-file -s a4a2c95790e87b0c06f5e72b1611ca14e050e365 [5ms]
2024-05-11 23:27:07.955 [info] > git show --textconv :workplace/src/learning/learning/move_x.py [30ms]
2024-05-11 23:27:07.964 [info] > git ls-files --stage -- /home/mi/workplace/src/learning/learning/move_x.py [13ms]
2024-05-11 23:27:07.986 [info] > git cat-file -s f2676a261e6c7eb0519912f3173d348e5cbdf09b [4ms]
2024-05-11 23:27:10.247 [info] > git show --textconv :workplace/src/learning/learning/striker.py [27ms]
2024-05-11 23:27:10.260 [info] > git ls-files --stage -- /home/mi/workplace/src/learning/learning/striker.py [16ms]
2024-05-11 23:27:10.286 [info] > git cat-file -s a4a2c95790e87b0c06f5e72b1611ca14e050e365 [5ms]
2024-05-11 23:27:13.852 [info] > git show --textconv :workplace/src/learning/learning/data_receive.py [22ms]
2024-05-11 23:27:13.866 [info] > git ls-files --stage -- /home/mi/workplace/src/learning/learning/data_receive.py [15ms]
2024-05-11 23:27:13.890 [info] > git cat-file -s c0aa6033670997c58e11fbb8255110343cb4a88c [6ms]
2024-05-11 23:27:15.359 [info] > git show --textconv :workplace/src/learning/learning/striker.py [33ms]
2024-05-11 23:27:15.370 [info] > git ls-files --stage -- /home/mi/workplace/src/learning/learning/striker.py [14ms]
2024-05-11 23:27:15.396 [info] > git cat-file -s a4a2c95790e87b0c06f5e72b1611ca14e050e365 [7ms]
2024-05-11 23:27:18.646 [info] > git show --textconv :workplace/src/learning/learning/data_receive.py [33ms]
2024-05-11 23:27:18.660 [info] > git ls-files --stage -- /home/mi/workplace/src/learning/learning/data_receive.py [18ms]
2024-05-11 23:27:18.684 [info] > git cat-file -s c0aa6033670997c58e11fbb8255110343cb4a88c [5ms]
2024-05-11 23:27:37.232 [info] > git show --textconv :workplace/src/learning/learning/striker.py [28ms]
2024-05-11 23:27:37.243 [info] > git ls-files --stage -- /home/mi/workplace/src/learning/learning/striker.py [13ms]
2024-05-11 23:27:37.270 [info] > git cat-file -s a4a2c95790e87b0c06f5e72b1611ca14e050e365 [5ms]
2024-05-11 23:27:38.649 [info] > git show --textconv :workplace/src/learning/learning/data_receive.py [29ms]
2024-05-11 23:27:38.664 [info] > git ls-files --stage -- /home/mi/workplace/src/learning/learning/data_receive.py [17ms]
2024-05-11 23:27:38.688 [info] > git cat-file -s c0aa6033670997c58e11fbb8255110343cb4a88c [5ms]
2024-05-11 23:27:49.209 [info] > git show --textconv :workplace/src/learning/learning/striker.py [36ms]
2024-05-11 23:27:49.217 [info] > git ls-files --stage -- /home/mi/workplace/src/learning/learning/striker.py [21ms]
2024-05-11 23:27:49.247 [info] > git cat-file -s a4a2c95790e87b0c06f5e72b1611ca14e050e365 [5ms]
2024-05-11 23:27:55.532 [info] > git show --textconv :workplace/src/learning/learning/move_x.py [23ms]
2024-05-11 23:27:55.543 [info] > git ls-files --stage -- /home/mi/workplace/src/learning/learning/move_x.py [15ms]
2024-05-11 23:27:55.570 [info] > git cat-file -s f2676a261e6c7eb0519912f3173d348e5cbdf09b [6ms]
2024-05-11 23:28:13.967 [info] > git show --textconv :workplace/src/learning/learning/striker.py [24ms]
2024-05-11 23:28:13.979 [info] > git ls-files --stage -- /home/mi/workplace/src/learning/learning/striker.py [16ms]
2024-05-11 23:28:14.001 [info] > git cat-file -s a4a2c95790e87b0c06f5e72b1611ca14e050e365 [4ms]
2024-05-11 23:28:16.519 [info] > git show --textconv :workplace/src/learning/learning/move_x.py [26ms]
2024-05-11 23:28:16.529 [info] > git ls-files --stage -- /home/mi/workplace/src/learning/learning/move_x.py [12ms]
2024-05-11 23:28:16.557 [info] > git cat-file -s f2676a261e6c7eb0519912f3173d348e5cbdf09b [8ms]
2024-05-11 23:28:53.846 [info] > git show --textconv :workplace/src/learning/learning/keeper.py [32ms]
2024-05-11 23:28:53.871 [info] > git ls-files --stage -- /home/mi/workplace/src/learning/learning/keeper.py [27ms]
2024-05-11 23:28:53.895 [info] > git cat-file -s e75319f133867d0692c03d9adaa19d897d9218cf [4ms]
2024-05-11 23:28:56.673 [info] > git show --textconv :workplace/src/learning/learning/striker.py [32ms]
2024-05-11 23:28:56.692 [info] > git ls-files --stage -- /home/mi/workplace/src/learning/learning/striker.py [23ms]
2024-05-11 23:28:56.722 [info] > git cat-file -s a4a2c95790e87b0c06f5e72b1611ca14e050e365 [8ms]
2024-05-11 23:29:05.929 [info] > git show --textconv :workplace/src/learning/learning/move_x.py [35ms]
2024-05-11 23:29:05.934 [info] > git ls-files --stage -- /home/mi/workplace/src/learning/learning/move_x.py [15ms]
2024-05-11 23:29:05.960 [info] > git cat-file -s f2676a261e6c7eb0519912f3173d348e5cbdf09b [6ms]
2024-05-11 23:29:22.505 [info] > git show --textconv :workplace/src/learning/learning/striker.py [30ms]
2024-05-11 23:29:22.519 [info] > git ls-files --stage -- /home/mi/workplace/src/learning/learning/striker.py [15ms]
2024-05-11 23:29:22.544 [info] > git cat-file -s a4a2c95790e87b0c06f5e72b1611ca14e050e365 [7ms]
2024-05-11 23:29:26.064 [info] > git show --textconv :workplace/src/learning/learning/move_x.py [30ms]
2024-05-11 23:29:26.081 [info] > git ls-files --stage -- /home/mi/workplace/src/learning/learning/move_x.py [19ms]
2024-05-11 23:29:26.108 [info] > git cat-file -s f2676a261e6c7eb0519912f3173d348e5cbdf09b [8ms]
2024-05-11 23:29:52.445 [info] > git show --textconv :workplace/src/learning/learning/striker.py [28ms]
2024-05-11 23:29:52.456 [info] > git ls-files --stage -- /home/mi/workplace/src/learning/learning/striker.py [17ms]
2024-05-11 23:29:52.480 [info] > git cat-file -s a4a2c95790e87b0c06f5e72b1611ca14e050e365 [5ms]
2024-05-11 23:30:11.709 [info] > git show --textconv :workplace/src/learning/learning/routine.py [31ms]
2024-05-11 23:30:11.724 [info] > git ls-files --stage -- /home/mi/workplace/src/learning/learning/routine.py [19ms]
2024-05-11 23:30:11.747 [info] > git cat-file -s d312d06d0c402aab22151be6f62d48afebb72175 [5ms]
2024-05-11 23:30:20.029 [info] > git show --textconv :workplace/src/learning/learning/move_x.py [61ms]
2024-05-11 23:30:20.061 [info] > git ls-files --stage -- /home/mi/workplace/src/learning/learning/move_x.py [38ms]
2024-05-11 23:30:20.111 [info] > git cat-file -s f2676a261e6c7eb0519912f3173d348e5cbdf09b [8ms]
2024-05-11 23:38:34.210 [info] > git show --textconv :workplace/src/learning/learning/geometry.py [33ms]
2024-05-11 23:38:34.218 [info] > git ls-files --stage -- /home/mi/workplace/src/learning/learning/geometry.py [13ms]
2024-05-11 23:41:16.131 [info] > git show --textconv :workplace/src/learning/learning/move_x.py [29ms]
2024-05-11 23:41:16.141 [info] > git ls-files --stage -- /home/mi/workplace/src/learning/learning/move_x.py [15ms]
2024-05-11 23:41:16.165 [info] > git cat-file -s f2676a261e6c7eb0519912f3173d348e5cbdf09b [6ms]
2024-05-12 00:28:23.752 [info] > git show --textconv :README.md [33ms]
2024-05-12 00:28:23.761 [info] > git ls-files --stage -- /home/mi/README.md [21ms]
2024-05-12 00:28:23.787 [info] > git cat-file -s 7b01e21cfe3dad56c8a37ea5f2728290e55d4b0b [6ms]
2024-05-12 00:28:25.127 [info] > git show --textconv :workplace/src/learning/learning/move_x.py [35ms]
2024-05-12 00:28:25.137 [info] > git ls-files --stage -- /home/mi/workplace/src/learning/learning/move_x.py [15ms]
2024-05-12 00:28:25.163 [info] > git cat-file -s f2676a261e6c7eb0519912f3173d348e5cbdf09b [4ms]
2024-05-12 00:28:28.191 [info] > git show --textconv :README.md [27ms]
2024-05-12 00:28:28.201 [info] > git ls-files --stage -- /home/mi/README.md [16ms]
2024-05-12 00:28:28.238 [info] > git cat-file -s 7b01e21cfe3dad56c8a37ea5f2728290e55d4b0b [15ms]
2024-05-12 00:28:42.625 [info] > git show --textconv :workplace/src/learning/learning/move_x.py [27ms]
2024-05-12 00:28:42.637 [info] > git ls-files --stage -- /home/mi/workplace/src/learning/learning/move_x.py [15ms]
2024-05-12 00:28:42.662 [info] > git cat-file -s f2676a261e6c7eb0519912f3173d348e5cbdf09b [5ms]
2024-05-12 00:30:11.902 [info] > git check-ignore -v -z --stdin [34ms]
2024-05-12 00:30:25.575 [info] > git check-ignore -v -z --stdin [15ms]
2024-05-12 00:30:27.496 [info] > git check-ignore -v -z --stdin [13ms]
2024-05-12 00:30:28.881 [info] > git check-ignore -v -z --stdin [32ms]
2024-05-12 00:30:29.966 [info] > git check-ignore -v -z --stdin [28ms]
2024-05-12 00:43:18.950 [info] > git for-each-ref --sort -committerdate --format %(refname) %(objectname) %(*objectname) [4ms]
2024-05-12 00:43:26.106 [info] > git for-each-ref --sort -committerdate --format %(refname) %(objectname) %(*objectname) [5ms]
2024-05-12 00:43:50.856 [info] > git for-each-ref --sort -committerdate --format %(refname) %(objectname) %(*objectname) [6ms]
2024-05-12 00:46:21.915 [info] > git show --textconv :README.md [71ms]
2024-05-12 00:46:21.951 [info] > git ls-files --stage -- /home/mi/README.md [62ms]
2024-05-12 00:46:22.014 [info] > git cat-file -s 7b01e21cfe3dad56c8a37ea5f2728290e55d4b0b [32ms]
2024-05-12 00:46:22.507 [info] > git show --textconv :workplace/src/learning/learning/move_x.py [29ms]
2024-05-12 00:46:22.517 [info] > git ls-files --stage -- /home/mi/workplace/src/learning/learning/move_x.py [13ms]
2024-05-12 00:46:22.542 [info] > git cat-file -s 014c7e73eab061610d710be8eb2e72c1fc53923b [5ms]
2024-05-12 00:46:23.317 [info] > git show --textconv :README.md [29ms]
2024-05-12 00:46:23.328 [info] > git ls-files --stage -- /home/mi/README.md [18ms]
2024-05-12 00:46:23.356 [info] > git cat-file -s 7b01e21cfe3dad56c8a37ea5f2728290e55d4b0b [8ms]
2024-05-12 00:46:23.640 [info] > git show --textconv :workplace/src/learning/learning/move_x.py [32ms]
2024-05-12 00:46:23.652 [info] > git ls-files --stage -- /home/mi/workplace/src/learning/learning/move_x.py [15ms]
2024-05-12 00:46:23.678 [info] > git cat-file -s 014c7e73eab061610d710be8eb2e72c1fc53923b [4ms]
2024-05-12 00:47:25.146 [info] > git for-each-ref --sort -committerdate --format %(refname) %(objectname) %(*objectname) [7ms]
2024-05-12 00:47:27.101 [info] > git checkout -q main [331ms]
2024-05-12 00:47:27.354 [info] > git config --get commit.template [210ms]
2024-05-12 00:47:27.387 [info] > git for-each-ref --format=%(refname)%00%(upstream:short)%00%(objectname)%00%(upstream:track)%00%(upstream:remotename)%00%(upstream:remoteref) refs/heads/main refs/remotes/main [8ms]
2024-05-12 00:47:27.829 [info] > git status -z -uall [414ms]
2024-05-12 00:47:32.339 [info] > git merge-base refs/heads/main refs/remotes/origin/main [4201ms]
2024-05-12 00:47:32.369 [info] > git log --format=%H%n%aN%n%aE%n%at%n%ct%n%P%n%D%n%B -z -n120 --follow -- /home/mi/workplace/src/learning/learning/move_x.py [7728ms]
2024-05-12 00:47:32.553 [info] > git rev-list --count --left-right refs/heads/main...refs/remotes/origin/main [186ms]
2024-05-12 00:47:32.588 [info] > git diff --name-status -z --diff-filter=ADMR 0c18e4dc8c3fd7cf8af4392e06f85ad5b80f72d0...refs/remotes/origin/main [6ms]
2024-05-12 00:47:40.741 [info] > git for-each-ref --sort -committerdate --format %(refname) %(objectname) %(*objectname) [7ms]
2024-05-12 00:47:43.025 [info] > git show --textconv 0c18e4dc8c3fd7cf8af4392e06f85ad5b80f72d0:workplace/src/learning/learning/move_x.py [302ms]
2024-05-12 00:47:43.025 [info] > git show --textconv 8d6b30f4bf1e51f3b0cd02c16b633a3ca6bedbe1:workplace/src/learning/learning/move_x.py [271ms]
2024-05-12 00:47:43.027 [info] > git ls-tree -l 8d6b30f4bf1e51f3b0cd02c16b633a3ca6bedbe1 -- /home/mi/workplace/src/learning/learning/move_x.py [217ms]
2024-05-12 00:47:43.031 [info] > git ls-tree -l 0c18e4dc8c3fd7cf8af4392e06f85ad5b80f72d0 -- /home/mi/workplace/src/learning/learning/move_x.py [248ms]
2024-05-12 00:47:43.555 [info] > git check-ignore -v -z --stdin [25ms]
2024-05-12 00:47:45.540 [info] > git log --format=%H%n%aN%n%aE%n%at%n%ct%n%P%n%D%n%B -z -n120 --follow -- /home/mi/workplace/src/learning/learning/move_x.py [2388ms]
2024-05-12 00:47:52.319 [info] > git log --format=%H%n%aN%n%aE%n%at%n%ct%n%P%n%D%n%B -z -n120 --follow -- /home/mi/workplace/src/learning/learning/move_x.py [2237ms]
2024-05-12 00:51:03.562 [info] > git show --textconv :workplace/src/learning/learning/move_x.py [29ms]
2024-05-12 00:51:03.574 [info] > git ls-files --stage -- /home/mi/workplace/src/learning/learning/move_x.py [16ms]
2024-05-12 00:51:03.599 [info] > git cat-file -s 23d25b549076c32a85c0681fb4ab4199ea0d3dab [5ms]
2024-05-12 00:51:31.663 [info] > git for-each-ref --sort -committerdate --format %(refname) %(objectname) %(*objectname) [5ms]
2024-05-12 00:51:33.974 [info] > git checkout -q dev [155ms]
2024-05-12 00:51:33.975 [info] error: Your local changes to the following files would be overwritten by checkout:
	workplace/src/learning/learning/move_x.py
Please commit your changes or stash them before you switch branches.
Aborting
2024-05-12 00:51:34.043 [info] > git config --get commit.template [30ms]
2024-05-12 00:51:34.047 [info] > git for-each-ref --format=%(refname)%00%(upstream:short)%00%(objectname)%00%(upstream:track)%00%(upstream:remotename)%00%(upstream:remoteref) refs/heads/main refs/remotes/main [11ms]
2024-05-12 00:51:34.526 [info] > git status -z -uall [433ms]
2024-05-12 00:51:45.116 [info] > git rev-list --count 880662b59eb4347170e7b5dfd1efeb7951b6054a.. -- /home/mi/workplace/src/learning/learning/move_x.py [10ms]
2024-05-12 00:51:46.706 [info] > git log --format=%H%n%aN%n%aE%n%at%n%ct%n%P%n%D%n%B -z -n5 --follow -- /home/mi/workplace/src/learning/learning/move_x.py [1558ms]
2024-05-12 00:52:52.741 [info] > git config --get commit.template [44ms]
2024-05-12 00:52:52.772 [info] > git ls-files --stage -- /home/mi/workplace/src/learning/learning/move_x.py [36ms]
2024-05-12 00:52:52.799 [info] > git for-each-ref --format=%(refname)%00%(upstream:short)%00%(objectname)%00%(upstream:track)%00%(upstream:remotename)%00%(upstream:remoteref) refs/heads/main refs/remotes/main [32ms]
2024-05-12 00:52:52.802 [info] > git cat-file -s 23d25b549076c32a85c0681fb4ab4199ea0d3dab [5ms]
2024-05-12 00:52:52.899 [info] > git show --textconv :workplace/src/learning/learning/move_x.py [19ms]
2024-05-12 00:52:53.190 [info] > git status -z -uall [355ms]
2024-05-12 00:52:57.655 [info] > git merge-base refs/heads/main refs/remotes/origin/main [4199ms]
2024-05-12 00:52:57.688 [info] > git rev-list --count --left-right refs/heads/main...refs/remotes/origin/main [7ms]
2024-05-12 00:52:57.722 [info] > git diff --name-status -z --diff-filter=ADMR 8d6b30f4bf1e51f3b0cd02c16b633a3ca6bedbe1...refs/remotes/origin/main [3ms]
