2024-05-03 21:34:52.717 [info] Extension host with pid 4238 started
2024-05-03 21:34:52.718 [error] Error: EEXIST: file already exists, open '/home/mi/.vscode-server/data/User/workspaceStorage/091b3a67d7dce051ae2bdc59e7211948/vscode.lock'
2024-05-03 21:34:52.744 [info] Lock '/home/mi/.vscode-server/data/User/workspaceStorage/091b3a67d7dce051ae2bdc59e7211948/vscode.lock': Could not acquire lock, checking if the file is stale.
2024-05-03 21:34:52.877 [info] ExtensionService#_doActivateExtension vscode.emmet, startup: false, activationEvent: 'onLanguage'
2024-05-03 21:34:52.885 [info] ExtensionService#_doActivateExtension ms-python.python, startup: false, activationEvent: 'onLanguage:python', root cause: ms-python.debugpy
2024-05-03 21:34:52.936 [info] Lock '/home/mi/.vscode-server/data/User/workspaceStorage/091b3a67d7dce051ae2bdc59e7211948/vscode.lock': The lock does not look stale, elapsed: 560 ms, giving up.
2024-05-03 21:34:54.590 [info] ExtensionService#_doActivateExtension vscode.git-base, startup: true, activationEvent: '*', root cause: vscode.git
2024-05-03 21:34:54.618 [info] Lock '/home/mi/.vscode-server/data/User/workspaceStorage/091b3a67d7dce051ae2bdc59e7211948-1/vscode.lock': Lock acquired.
2024-05-03 21:34:55.466 [info] ExtensionService#_doActivateExtension vscode.git, startup: true, activationEvent: '*'
2024-05-03 21:34:55.469 [info] ExtensionService#_doActivateExtension vscode.github, startup: true, activationEvent: '*'
2024-05-03 21:34:55.732 [info] ExtensionService#_doActivateExtension ms-python.debugpy, startup: false, activationEvent: 'onLanguage:python'
2024-05-03 21:34:55.734 [info] ExtensionService#_doActivateExtension ms-python.vscode-pylance, startup: false, activationEvent: 'onLanguage:python'
2024-05-03 21:34:58.551 [error] Activating extension ms-python.debugpy failed due to an error:
2024-05-03 21:34:58.552 [error] Error: Extension 'ms-python.debugpy' CANNOT use API proposal: debugVisualization.
Its package.json#enabledApiProposals-property declares: portsAttributes, contribIssueReporter but NOT debugVisualization.
 The missing proposal MUST be added and you must start in extension development mode or use the following command line switch: --enable-proposed-api ms-python.debugpy
	at C (/home/mi/.vscode-server/cli/servers/Stable-e170252f762678dec6ca2cc69aba1570769a5d39/server/out/vs/workbench/api/node/extensionHostProcess.js:142:51400)
	at Object.registerDebugVisualizationTreeProvider (/home/mi/.vscode-server/cli/servers/Stable-e170252f762678dec6ca2cc69aba1570769a5d39/server/out/vs/workbench/api/node/extensionHostProcess.js:164:44119)
	at t.registerDebugger (/home/mi/.vscode-server/extensions/ms-python.debugpy-2024.6.0-linux-arm64/dist/extension.js:2:880949)
	at e.activate (/home/mi/.vscode-server/extensions/ms-python.debugpy-2024.6.0-linux-arm64/dist/extension.js:2:1128292)
	at W.kb (/home/mi/.vscode-server/cli/servers/Stable-e170252f762678dec6ca2cc69aba1570769a5d39/server/out/vs/workbench/api/node/extensionHostProcess.js:160:13457)
	at W.jb (/home/mi/.vscode-server/cli/servers/Stable-e170252f762678dec6ca2cc69aba1570769a5d39/server/out/vs/workbench/api/node/extensionHostProcess.js:160:13167)
	at /home/mi/.vscode-server/cli/servers/Stable-e170252f762678dec6ca2cc69aba1570769a5d39/server/out/vs/workbench/api/node/extensionHostProcess.js:160:11189
	at process.processTicksAndRejections (node:internal/process/task_queues:95:5)
	at async a.n (/home/mi/.vscode-server/cli/servers/Stable-e170252f762678dec6ca2cc69aba1570769a5d39/server/out/vs/workbench/api/node/extensionHostProcess.js:144:6237)
	at async a.m (/home/mi/.vscode-server/cli/servers/Stable-e170252f762678dec6ca2cc69aba1570769a5d39/server/out/vs/workbench/api/node/extensionHostProcess.js:144:6200)
	at async a.l (/home/mi/.vscode-server/cli/servers/Stable-e170252f762678dec6ca2cc69aba1570769a5d39/server/out/vs/workbench/api/node/extensionHostProcess.js:144:5657)
2024-05-03 21:34:58.735 [info] Eager extensions activated
2024-05-03 21:34:58.736 [info] ExtensionService#_doActivateExtension vscode.debug-auto-launch, startup: false, activationEvent: 'onStartupFinished'
2024-05-03 21:34:58.738 [info] ExtensionService#_doActivateExtension vscode.merge-conflict, startup: false, activationEvent: 'onStartupFinished'
2024-05-03 21:35:04.220 [info] ExtensionService#_doActivateExtension vscode.npm, startup: false, activationEvent: 'onTerminalQuickFixRequest:ms-vscode.npm-command'
2024-05-03 21:35:05.544 [warning] [Decorations] CAPPING events from decorations provider vscode.git 4108
2024-05-03 21:35:12.178 [warning] [Decorations] CAPPING events from decorations provider vscode.git 4108
2024-05-03 21:39:16.311 [warning] [Decorations] CAPPING events from decorations provider vscode.git 4116
2024-05-03 21:40:57.697 [warning] [Decorations] CAPPING events from decorations provider vscode.git 4116
2024-05-03 21:42:24.744 [warning] [Decorations] CAPPING events from decorations provider vscode.git 4115
