[4.637s] Invoking command in '/home/mi/workplace/src/learning': PYTHONPATH=/home/mi/workplace/install/learning/lib/python3.6/site-packages:${PYTHONPATH} /usr/bin/python3 setup.py egg_info --egg-base ../../build/learning build --build-base /home/mi/workplace/build/learning/build install --prefix /home/mi/workplace/install/learning --record /home/mi/workplace/build/learning/install.log --single-version-externally-managed
[6.442s] running egg_info
[6.447s] writing ../../build/learning/learning.egg-info/PKG-INFO
[6.448s] writing dependency_links to ../../build/learning/learning.egg-info/dependency_links.txt
[6.455s] writing entry points to ../../build/learning/learning.egg-info/entry_points.txt
[6.456s] writing requirements to ../../build/learning/learning.egg-info/requires.txt
[6.457s] writing top-level names to ../../build/learning/learning.egg-info/top_level.txt
[6.475s] reading manifest file '../../build/learning/learning.egg-info/SOURCES.txt'
[6.486s] writing manifest file '../../build/learning/learning.egg-info/SOURCES.txt'
[6.487s] running build
[6.488s] running build_py
[6.501s] copying learning/track.py -> /home/mi/workplace/build/learning/build/lib/learning
[6.502s] running install
[6.503s] /usr/local/lib/python3.6/dist-packages/setuptools/command/install.py:37: SetuptoolsDeprecationWarning: setup.py install is deprecated. Use build and pip and other standards-based tools.
[6.504s]   setuptools.SetuptoolsDeprecationWarning,
[6.504s] running install_lib
[6.505s] copying /home/mi/workplace/build/learning/build/lib/learning/track.py -> /home/mi/workplace/install/learning/lib/python3.6/site-packages/learning
[6.509s] byte-compiling /home/mi/workplace/install/learning/lib/python3.6/site-packages/learning/track.py to track.cpython-36.pyc
[6.509s] running install_data
[6.510s] running install_egg_info
[6.518s] removing '/home/mi/workplace/install/learning/lib/python3.6/site-packages/learning-0.0.0-py3.6.egg-info' (and everything under it)
[6.521s] Copying ../../build/learning/learning.egg-info to /home/mi/workplace/install/learning/lib/python3.6/site-packages/learning-0.0.0-py3.6.egg-info
[6.526s] running install_scripts
[6.622s] Installing camera script to /home/mi/workplace/install/learning/lib/learning
[6.625s] Installing crash script to /home/mi/workplace/install/learning/lib/learning
[6.626s] Installing rgb script to /home/mi/workplace/install/learning/lib/learning
[6.627s] Installing stand script to /home/mi/workplace/install/learning/lib/learning
[6.629s] Installing track script to /home/mi/workplace/install/learning/lib/learning
[6.630s] Installing walktest script to /home/mi/workplace/install/learning/lib/learning
[6.631s] writing list of installed files to '/home/mi/workplace/build/learning/install.log'
[6.764s] Invoked command in '/home/mi/workplace/src/learning' returned '0': PYTHONPATH=/home/mi/workplace/install/learning/lib/python3.6/site-packages:${PYTHONPATH} /usr/bin/python3 setup.py egg_info --egg-base ../../build/learning build --build-base /home/mi/workplace/build/learning/build install --prefix /home/mi/workplace/install/learning --record /home/mi/workplace/build/learning/install.log --single-version-externally-managed
