[4.320s] Invoking command in '/home/mi/workplace/src/learning': PYTHONPATH=/home/mi/workplace/install/learning/lib/python3.6/site-packages:${PYTHONPATH} /usr/bin/python3 setup.py egg_info --egg-base ../../build/learning build --build-base /home/mi/workplace/build/learning/build install --prefix /home/mi/workplace/install/learning --record /home/mi/workplace/build/learning/install.log --single-version-externally-managed
[5.812s] running egg_info
[5.816s] writing ../../build/learning/learning.egg-info/PKG-INFO
[5.818s] writing dependency_links to ../../build/learning/learning.egg-info/dependency_links.txt
[5.819s] writing entry points to ../../build/learning/learning.egg-info/entry_points.txt
[5.821s] writing requirements to ../../build/learning/learning.egg-info/requires.txt
[5.821s] writing top-level names to ../../build/learning/learning.egg-info/top_level.txt
[5.841s] reading manifest file '../../build/learning/learning.egg-info/SOURCES.txt'
[5.848s] writing manifest file '../../build/learning/learning.egg-info/SOURCES.txt'
[5.849s] running build
[5.850s] running build_py
[5.854s] running install
[5.855s] /usr/local/lib/python3.6/dist-packages/setuptools/command/install.py:37: SetuptoolsDeprecationWarning: setup.py install is deprecated. Use build and pip and other standards-based tools.
[5.856s]   setuptools.SetuptoolsDeprecationWarning,
[5.857s] running install_lib
[5.868s] running install_data
[5.871s] running install_egg_info
[5.881s] removing '/home/mi/workplace/install/learning/lib/python3.6/site-packages/learning-0.0.0-py3.6.egg-info' (and everything under it)
[5.883s] Copying ../../build/learning/learning.egg-info to /home/mi/workplace/install/learning/lib/python3.6/site-packages/learning-0.0.0-py3.6.egg-info
[5.888s] running install_scripts
[5.997s] Installing camera script to /home/mi/workplace/install/learning/lib/learning
[5.999s] Installing crash script to /home/mi/workplace/install/learning/lib/learning
[6.004s] Installing data_receive script to /home/mi/workplace/install/learning/lib/learning
[6.005s] Installing goal script to /home/mi/workplace/install/learning/lib/learning
[6.005s] Installing rgb script to /home/mi/workplace/install/learning/lib/learning
[6.006s] Installing rotate script to /home/mi/workplace/install/learning/lib/learning
[6.007s] Installing rotate_until_center1 script to /home/mi/workplace/install/learning/lib/learning
[6.007s] Installing stand script to /home/mi/workplace/install/learning/lib/learning
[6.008s] Installing track script to /home/mi/workplace/install/learning/lib/learning
[6.008s] Installing walk_t_sec script to /home/mi/workplace/install/learning/lib/learning
[6.017s] Installing walktest script to /home/mi/workplace/install/learning/lib/learning
[6.018s] writing list of installed files to '/home/mi/workplace/build/learning/install.log'
[6.130s] Invoked command in '/home/mi/workplace/src/learning' returned '0': PYTHONPATH=/home/mi/workplace/install/learning/lib/python3.6/site-packages:${PYTHONPATH} /usr/bin/python3 setup.py egg_info --egg-base ../../build/learning build --build-base /home/mi/workplace/build/learning/build install --prefix /home/mi/workplace/install/learning --record /home/mi/workplace/build/learning/install.log --single-version-externally-managed
