[4.088s] Invoking command in '/home/mi/workplace/src/learning': PYTHONPATH=/home/mi/workplace/install/learning/lib/python3.6/site-packages:${PYTHONPATH} /usr/bin/python3 setup.py egg_info --egg-base ../../build/learning build --build-base /home/mi/workplace/build/learning/build install --prefix /home/mi/workplace/install/learning --record /home/mi/workplace/build/learning/install.log --single-version-externally-managed
[5.638s] running egg_info
[5.646s] writing ../../build/learning/learning.egg-info/PKG-INFO
[5.647s] writing dependency_links to ../../build/learning/learning.egg-info/dependency_links.txt
[5.647s] writing entry points to ../../build/learning/learning.egg-info/entry_points.txt
[5.648s] writing requirements to ../../build/learning/learning.egg-info/requires.txt
[5.648s] writing top-level names to ../../build/learning/learning.egg-info/top_level.txt
[5.664s] reading manifest file '../../build/learning/learning.egg-info/SOURCES.txt'
[5.668s] writing manifest file '../../build/learning/learning.egg-info/SOURCES.txt'
[5.670s] running build
[5.671s] running build_py
[5.675s] /usr/local/lib/python3.6/dist-packages/setuptools/command/install.py:37: SetuptoolsDeprecationWarning: setup.py install is deprecated. Use build and pip and other standards-based tools.
[5.676s]   setuptools.SetuptoolsDeprecationWarning,
[5.677s] running install
[5.678s] running install_lib
[5.681s] running install_data
[5.684s] running install_egg_info
[5.694s] removing '/home/mi/workplace/install/learning/lib/python3.6/site-packages/learning-0.0.0-py3.6.egg-info' (and everything under it)
[5.696s] Copying ../../build/learning/learning.egg-info to /home/mi/workplace/install/learning/lib/python3.6/site-packages/learning-0.0.0-py3.6.egg-info
[5.701s] running install_scripts
[5.792s] Installing rgb script to /home/mi/workplace/install/learning/lib/learning
[5.793s] Installing stand script to /home/mi/workplace/install/learning/lib/learning
[5.794s] Installing walktest script to /home/mi/workplace/install/learning/lib/learning
[5.795s] writing list of installed files to '/home/mi/workplace/build/learning/install.log'
[5.919s] Invoked command in '/home/mi/workplace/src/learning' returned '0': PYTHONPATH=/home/mi/workplace/install/learning/lib/python3.6/site-packages:${PYTHONPATH} /usr/bin/python3 setup.py egg_info --egg-base ../../build/learning build --build-base /home/mi/workplace/build/learning/build install --prefix /home/mi/workplace/install/learning --record /home/mi/workplace/build/learning/install.log --single-version-externally-managed
