[3.779s] Invoking command in '/home/mi/workplace/src/learning': PYTHONPATH=/home/mi/workplace/install/learning/lib/python3.6/site-packages:${PYTHONPATH} /usr/bin/python3 setup.py egg_info --egg-base ../../build/learning build --build-base /home/mi/workplace/build/learning/build install --prefix /home/mi/workplace/install/learning --record /home/mi/workplace/build/learning/install.log --single-version-externally-managed
[5.341s] running egg_info
[5.343s] writing ../../build/learning/learning.egg-info/PKG-INFO
[5.344s] writing dependency_links to ../../build/learning/learning.egg-info/dependency_links.txt
[5.346s] writing entry points to ../../build/learning/learning.egg-info/entry_points.txt
[5.347s] writing requirements to ../../build/learning/learning.egg-info/requires.txt
[5.347s] writing top-level names to ../../build/learning/learning.egg-info/top_level.txt
[5.362s] reading manifest file '../../build/learning/learning.egg-info/SOURCES.txt'
[5.368s] writing manifest file '../../build/learning/learning.egg-info/SOURCES.txt'
[5.369s] running build
[5.369s] running build_py
[5.370s] copying learning/walk_t_sec.py -> /home/mi/workplace/build/learning/build/lib/learning
[5.373s] running install
[5.374s] /usr/local/lib/python3.6/dist-packages/setuptools/command/install.py:37: SetuptoolsDeprecationWarning: setup.py install is deprecated. Use build and pip and other standards-based tools.
[5.375s]   setuptools.SetuptoolsDeprecationWarning,
[5.376s] running install_lib
[5.379s] copying /home/mi/workplace/build/learning/build/lib/learning/walk_t_sec.py -> /home/mi/workplace/install/learning/lib/python3.6/site-packages/learning
[5.383s] byte-compiling /home/mi/workplace/install/learning/lib/python3.6/site-packages/learning/walk_t_sec.py to walk_t_sec.cpython-36.pyc
[5.388s] running install_data
[5.391s] running install_egg_info
[5.398s] removing '/home/mi/workplace/install/learning/lib/python3.6/site-packages/learning-0.0.0-py3.6.egg-info' (and everything under it)
[5.399s] Copying ../../build/learning/learning.egg-info to /home/mi/workplace/install/learning/lib/python3.6/site-packages/learning-0.0.0-py3.6.egg-info
[5.404s] running install_scripts
[5.488s] Installing camera script to /home/mi/workplace/install/learning/lib/learning
[5.489s] Installing crash script to /home/mi/workplace/install/learning/lib/learning
[5.490s] Installing data_receive script to /home/mi/workplace/install/learning/lib/learning
[5.491s] Installing rgb script to /home/mi/workplace/install/learning/lib/learning
[5.492s] Installing rotate_until_center1 script to /home/mi/workplace/install/learning/lib/learning
[5.492s] Installing stand script to /home/mi/workplace/install/learning/lib/learning
[5.493s] Installing track script to /home/mi/workplace/install/learning/lib/learning
[5.493s] Installing walk_t_sec script to /home/mi/workplace/install/learning/lib/learning
[5.494s] Installing walktest script to /home/mi/workplace/install/learning/lib/learning
[5.496s] writing list of installed files to '/home/mi/workplace/build/learning/install.log'
[5.611s] Invoked command in '/home/mi/workplace/src/learning' returned '0': PYTHONPATH=/home/mi/workplace/install/learning/lib/python3.6/site-packages:${PYTHONPATH} /usr/bin/python3 setup.py egg_info --egg-base ../../build/learning build --build-base /home/mi/workplace/build/learning/build install --prefix /home/mi/workplace/install/learning --record /home/mi/workplace/build/learning/install.log --single-version-externally-managed
