[3.794s] Invoking command in '/home/mi/workplace/src/learning': PYTHONPATH=/home/mi/workplace/install/learning/lib/python3.6/site-packages:${PYTHONPATH} /usr/bin/python3 setup.py egg_info --egg-base ../../build/learning build --build-base /home/mi/workplace/build/learning/build install --prefix /home/mi/workplace/install/learning --record /home/mi/workplace/build/learning/install.log --single-version-externally-managed
[5.257s] running egg_info
[5.260s] writing ../../build/learning/learning.egg-info/PKG-INFO
[5.261s] writing dependency_links to ../../build/learning/learning.egg-info/dependency_links.txt
[5.263s] writing entry points to ../../build/learning/learning.egg-info/entry_points.txt
[5.264s] writing requirements to ../../build/learning/learning.egg-info/requires.txt
[5.265s] writing top-level names to ../../build/learning/learning.egg-info/top_level.txt
[5.281s] reading manifest file '../../build/learning/learning.egg-info/SOURCES.txt'
[5.288s] writing manifest file '../../build/learning/learning.egg-info/SOURCES.txt'
[5.289s] running build
[5.290s] running build_py
[5.291s] copying learning/get_loc.py -> /home/mi/workplace/build/learning/build/lib/learning
[5.298s] running install
[5.299s] /usr/local/lib/python3.6/dist-packages/setuptools/command/install.py:37: SetuptoolsDeprecationWarning: setup.py install is deprecated. Use build and pip and other standards-based tools.
[5.300s]   setuptools.SetuptoolsDeprecationWarning,
[5.300s] running install_lib
[5.305s] copying /home/mi/workplace/build/learning/build/lib/learning/get_loc.py -> /home/mi/workplace/install/learning/lib/python3.6/site-packages/learning
[5.310s] byte-compiling /home/mi/workplace/install/learning/lib/python3.6/site-packages/learning/get_loc.py to get_loc.cpython-36.pyc
[5.316s] running install_data
[5.319s] running install_egg_info
[5.326s] removing '/home/mi/workplace/install/learning/lib/python3.6/site-packages/learning-0.0.0-py3.6.egg-info' (and everything under it)
[5.327s] Copying ../../build/learning/learning.egg-info to /home/mi/workplace/install/learning/lib/python3.6/site-packages/learning-0.0.0-py3.6.egg-info
[5.332s] running install_scripts
[5.415s] Installing camera script to /home/mi/workplace/install/learning/lib/learning
[5.420s] Installing crash script to /home/mi/workplace/install/learning/lib/learning
[5.421s] Installing data_receive script to /home/mi/workplace/install/learning/lib/learning
[5.422s] Installing get_data script to /home/mi/workplace/install/learning/lib/learning
[5.423s] Installing goal script to /home/mi/workplace/install/learning/lib/learning
[5.423s] Installing keeper script to /home/mi/workplace/install/learning/lib/learning
[5.424s] Installing main_node script to /home/mi/workplace/install/learning/lib/learning
[5.424s] Installing move_x script to /home/mi/workplace/install/learning/lib/learning
[5.425s] Installing rgb script to /home/mi/workplace/install/learning/lib/learning
[5.425s] Installing rotate script to /home/mi/workplace/install/learning/lib/learning
[5.426s] Installing rotate_until_center1 script to /home/mi/workplace/install/learning/lib/learning
[5.427s] Installing stand script to /home/mi/workplace/install/learning/lib/learning
[5.428s] Installing track script to /home/mi/workplace/install/learning/lib/learning
[5.428s] Installing walk_t_sec script to /home/mi/workplace/install/learning/lib/learning
[5.429s] Installing walktest script to /home/mi/workplace/install/learning/lib/learning
[5.430s] writing list of installed files to '/home/mi/workplace/build/learning/install.log'
[5.540s] Invoked command in '/home/mi/workplace/src/learning' returned '0': PYTHONPATH=/home/mi/workplace/install/learning/lib/python3.6/site-packages:${PYTHONPATH} /usr/bin/python3 setup.py egg_info --egg-base ../../build/learning build --build-base /home/mi/workplace/build/learning/build install --prefix /home/mi/workplace/install/learning --record /home/mi/workplace/build/learning/install.log --single-version-externally-managed
