[1.832s] DEBUG:colcon:Command line arguments: ['/usr/bin/colcon', 'build']
[1.833s] DEBUG:colcon:Parsed command line arguments: Namespace(allow_overriding=[], ament_cmake_args=None, base_paths=['.'], build_base='build', catkin_cmake_args=None, catkin_skip_building_tests=False, cmake_args=None, cmake_clean_cache=False, cmake_clean_first=False, cmake_force_configure=False, cmake_target=None, cmake_target_skip_unavailable=False, continue_on_error=False, event_handlers=None, executor='parallel', ignore_user_meta=False, install_base='install', log_base=None, log_level=None, main=<bound method BuildVerb.main of <colcon_core.verb.build.BuildVerb object at 0x7f8c94bc50>>, merge_install=False, metas=['./colcon.meta'], packages_above=None, packages_above_and_dependencies=None, packages_above_depth=None, packages_end=None, packages_ignore=None, packages_ignore_regex=None, packages_select=None, packages_select_build_failed=False, packages_select_by_dep=None, packages_select_regex=None, packages_select_test_failures=False, packages_skip=None, packages_skip_build_finished=False, packages_skip_by_dep=None, packages_skip_regex=None, packages_skip_test_passed=False, packages_skip_up_to=None, packages_start=None, packages_up_to=None, packages_up_to_regex=None, parallel_workers=6, paths=None, symlink_install=False, test_result_base=None, verb_extension=<colcon_core.verb.build.BuildVerb object at 0x7f8c94bc50>, verb_name='build', verb_parser=<colcon_defaults.argument_parser.defaults.DefaultArgumentsDecorator object at 0x7f8c89f518>)
[1.859s] Level 1:colcon.colcon_core.package_discovery:discover_packages(colcon_meta) check parameters
[1.860s] Level 1:colcon.colcon_core.package_discovery:discover_packages(recursive) check parameters
[1.860s] Level 1:colcon.colcon_core.package_discovery:discover_packages(ignore) check parameters
[1.861s] Level 1:colcon.colcon_core.package_discovery:discover_packages(path) check parameters
[1.861s] Level 1:colcon.colcon_core.package_discovery:discover_packages(colcon_meta) discover
[1.863s] Level 1:colcon.colcon_core.package_discovery:discover_packages(recursive) discover
[1.863s] INFO:colcon.colcon_core.package_discovery:Crawling recursively for packages in '/home/mi'
[1.864s] Level 1:colcon.colcon_core.package_identification:_identify(.) by extensions ['ignore', 'ignore_ament_install']
[1.865s] Level 1:colcon.colcon_core.package_identification:_identify(.) by extension 'ignore'
[1.866s] Level 1:colcon.colcon_core.package_identification:_identify(.) by extension 'ignore_ament_install'
[1.866s] Level 1:colcon.colcon_core.package_identification:_identify(.) by extensions ['colcon_pkg']
[1.866s] Level 1:colcon.colcon_core.package_identification:_identify(.) by extension 'colcon_pkg'
[1.867s] Level 1:colcon.colcon_core.package_identification:_identify(.) by extensions ['colcon_meta']
[1.867s] Level 1:colcon.colcon_core.package_identification:_identify(.) by extension 'colcon_meta'
[1.867s] Level 1:colcon.colcon_core.package_identification:_identify(.) by extensions ['ros']
[1.867s] Level 1:colcon.colcon_core.package_identification:_identify(.) by extension 'ros'
[2.288s] Level 1:colcon.colcon_core.package_identification:_identify(.) by extensions ['cmake', 'python']
[2.288s] Level 1:colcon.colcon_core.package_identification:_identify(.) by extension 'cmake'
[2.289s] Level 1:colcon.colcon_core.package_identification:_identify(.) by extension 'python'
[2.289s] Level 1:colcon.colcon_core.package_identification:_identify(.) by extensions ['python_setup_py']
[2.289s] Level 1:colcon.colcon_core.package_identification:_identify(.) by extension 'python_setup_py'
[2.290s] Level 1:colcon.colcon_core.package_identification:_identify(Desktop) by extensions ['ignore', 'ignore_ament_install']
[2.290s] Level 1:colcon.colcon_core.package_identification:_identify(Desktop) by extension 'ignore'
[2.291s] Level 1:colcon.colcon_core.package_identification:_identify(Desktop) by extension 'ignore_ament_install'
[2.291s] Level 1:colcon.colcon_core.package_identification:_identify(Desktop) by extensions ['colcon_pkg']
[2.291s] Level 1:colcon.colcon_core.package_identification:_identify(Desktop) by extension 'colcon_pkg'
[2.291s] Level 1:colcon.colcon_core.package_identification:_identify(Desktop) by extensions ['colcon_meta']
[2.292s] Level 1:colcon.colcon_core.package_identification:_identify(Desktop) by extension 'colcon_meta'
[2.293s] Level 1:colcon.colcon_core.package_identification:_identify(Desktop) by extensions ['ros']
[2.294s] Level 1:colcon.colcon_core.package_identification:_identify(Desktop) by extension 'ros'
[2.295s] Level 1:colcon.colcon_core.package_identification:_identify(Desktop) by extensions ['cmake', 'python']
[2.295s] Level 1:colcon.colcon_core.package_identification:_identify(Desktop) by extension 'cmake'
[2.295s] Level 1:colcon.colcon_core.package_identification:_identify(Desktop) by extension 'python'
[2.296s] Level 1:colcon.colcon_core.package_identification:_identify(Desktop) by extensions ['python_setup_py']
[2.296s] Level 1:colcon.colcon_core.package_identification:_identify(Desktop) by extension 'python_setup_py'
[2.296s] Level 1:colcon.colcon_core.package_identification:_identify(Documents) by extensions ['ignore', 'ignore_ament_install']
[2.297s] Level 1:colcon.colcon_core.package_identification:_identify(Documents) by extension 'ignore'
[2.297s] Level 1:colcon.colcon_core.package_identification:_identify(Documents) by extension 'ignore_ament_install'
[2.298s] Level 1:colcon.colcon_core.package_identification:_identify(Documents) by extensions ['colcon_pkg']
[2.298s] Level 1:colcon.colcon_core.package_identification:_identify(Documents) by extension 'colcon_pkg'
[2.298s] Level 1:colcon.colcon_core.package_identification:_identify(Documents) by extensions ['colcon_meta']
[2.298s] Level 1:colcon.colcon_core.package_identification:_identify(Documents) by extension 'colcon_meta'
[2.299s] Level 1:colcon.colcon_core.package_identification:_identify(Documents) by extensions ['ros']
[2.299s] Level 1:colcon.colcon_core.package_identification:_identify(Documents) by extension 'ros'
[2.299s] Level 1:colcon.colcon_core.package_identification:_identify(Documents) by extensions ['cmake', 'python']
[2.299s] Level 1:colcon.colcon_core.package_identification:_identify(Documents) by extension 'cmake'
[2.300s] Level 1:colcon.colcon_core.package_identification:_identify(Documents) by extension 'python'
[2.300s] Level 1:colcon.colcon_core.package_identification:_identify(Documents) by extensions ['python_setup_py']
[2.300s] Level 1:colcon.colcon_core.package_identification:_identify(Documents) by extension 'python_setup_py'
[2.300s] Level 1:colcon.colcon_core.package_identification:_identify(Downloads) by extensions ['ignore', 'ignore_ament_install']
[2.301s] Level 1:colcon.colcon_core.package_identification:_identify(Downloads) by extension 'ignore'
[2.301s] Level 1:colcon.colcon_core.package_identification:_identify(Downloads) by extension 'ignore_ament_install'
[2.302s] Level 1:colcon.colcon_core.package_identification:_identify(Downloads) by extensions ['colcon_pkg']
[2.302s] Level 1:colcon.colcon_core.package_identification:_identify(Downloads) by extension 'colcon_pkg'
[2.302s] Level 1:colcon.colcon_core.package_identification:_identify(Downloads) by extensions ['colcon_meta']
[2.302s] Level 1:colcon.colcon_core.package_identification:_identify(Downloads) by extension 'colcon_meta'
[2.303s] Level 1:colcon.colcon_core.package_identification:_identify(Downloads) by extensions ['ros']
[2.303s] Level 1:colcon.colcon_core.package_identification:_identify(Downloads) by extension 'ros'
[2.303s] Level 1:colcon.colcon_core.package_identification:_identify(Downloads) by extensions ['cmake', 'python']
[2.303s] Level 1:colcon.colcon_core.package_identification:_identify(Downloads) by extension 'cmake'
[2.304s] Level 1:colcon.colcon_core.package_identification:_identify(Downloads) by extension 'python'
[2.304s] Level 1:colcon.colcon_core.package_identification:_identify(Downloads) by extensions ['python_setup_py']
[2.304s] Level 1:colcon.colcon_core.package_identification:_identify(Downloads) by extension 'python_setup_py'
[2.305s] Level 1:colcon.colcon_core.package_identification:_identify(Music) by extensions ['ignore', 'ignore_ament_install']
[2.305s] Level 1:colcon.colcon_core.package_identification:_identify(Music) by extension 'ignore'
[2.305s] Level 1:colcon.colcon_core.package_identification:_identify(Music) by extension 'ignore_ament_install'
[2.306s] Level 1:colcon.colcon_core.package_identification:_identify(Music) by extensions ['colcon_pkg']
[2.307s] Level 1:colcon.colcon_core.package_identification:_identify(Music) by extension 'colcon_pkg'
[2.307s] Level 1:colcon.colcon_core.package_identification:_identify(Music) by extensions ['colcon_meta']
[2.308s] Level 1:colcon.colcon_core.package_identification:_identify(Music) by extension 'colcon_meta'
[2.308s] Level 1:colcon.colcon_core.package_identification:_identify(Music) by extensions ['ros']
[2.308s] Level 1:colcon.colcon_core.package_identification:_identify(Music) by extension 'ros'
[2.309s] Level 1:colcon.colcon_core.package_identification:_identify(Music) by extensions ['cmake', 'python']
[2.309s] Level 1:colcon.colcon_core.package_identification:_identify(Music) by extension 'cmake'
[2.309s] Level 1:colcon.colcon_core.package_identification:_identify(Music) by extension 'python'
[2.309s] Level 1:colcon.colcon_core.package_identification:_identify(Music) by extensions ['python_setup_py']
[2.309s] Level 1:colcon.colcon_core.package_identification:_identify(Music) by extension 'python_setup_py'
[2.310s] Level 1:colcon.colcon_core.package_identification:_identify(Pictures) by extensions ['ignore', 'ignore_ament_install']
[2.310s] Level 1:colcon.colcon_core.package_identification:_identify(Pictures) by extension 'ignore'
[2.311s] Level 1:colcon.colcon_core.package_identification:_identify(Pictures) by extension 'ignore_ament_install'
[2.311s] Level 1:colcon.colcon_core.package_identification:_identify(Pictures) by extensions ['colcon_pkg']
[2.311s] Level 1:colcon.colcon_core.package_identification:_identify(Pictures) by extension 'colcon_pkg'
[2.311s] Level 1:colcon.colcon_core.package_identification:_identify(Pictures) by extensions ['colcon_meta']
[2.312s] Level 1:colcon.colcon_core.package_identification:_identify(Pictures) by extension 'colcon_meta'
[2.312s] Level 1:colcon.colcon_core.package_identification:_identify(Pictures) by extensions ['ros']
[2.312s] Level 1:colcon.colcon_core.package_identification:_identify(Pictures) by extension 'ros'
[2.312s] Level 1:colcon.colcon_core.package_identification:_identify(Pictures) by extensions ['cmake', 'python']
[2.313s] Level 1:colcon.colcon_core.package_identification:_identify(Pictures) by extension 'cmake'
[2.313s] Level 1:colcon.colcon_core.package_identification:_identify(Pictures) by extension 'python'
[2.313s] Level 1:colcon.colcon_core.package_identification:_identify(Pictures) by extensions ['python_setup_py']
[2.313s] Level 1:colcon.colcon_core.package_identification:_identify(Pictures) by extension 'python_setup_py'
[2.314s] Level 1:colcon.colcon_core.package_identification:_identify(Public) by extensions ['ignore', 'ignore_ament_install']
[2.314s] Level 1:colcon.colcon_core.package_identification:_identify(Public) by extension 'ignore'
[2.315s] Level 1:colcon.colcon_core.package_identification:_identify(Public) by extension 'ignore_ament_install'
[2.315s] Level 1:colcon.colcon_core.package_identification:_identify(Public) by extensions ['colcon_pkg']
[2.315s] Level 1:colcon.colcon_core.package_identification:_identify(Public) by extension 'colcon_pkg'
[2.315s] Level 1:colcon.colcon_core.package_identification:_identify(Public) by extensions ['colcon_meta']
[2.316s] Level 1:colcon.colcon_core.package_identification:_identify(Public) by extension 'colcon_meta'
[2.316s] Level 1:colcon.colcon_core.package_identification:_identify(Public) by extensions ['ros']
[2.316s] Level 1:colcon.colcon_core.package_identification:_identify(Public) by extension 'ros'
[2.316s] Level 1:colcon.colcon_core.package_identification:_identify(Public) by extensions ['cmake', 'python']
[2.317s] Level 1:colcon.colcon_core.package_identification:_identify(Public) by extension 'cmake'
[2.317s] Level 1:colcon.colcon_core.package_identification:_identify(Public) by extension 'python'
[2.317s] Level 1:colcon.colcon_core.package_identification:_identify(Public) by extensions ['python_setup_py']
[2.317s] Level 1:colcon.colcon_core.package_identification:_identify(Public) by extension 'python_setup_py'
[2.318s] Level 1:colcon.colcon_core.package_identification:_identify(Templates) by extensions ['ignore', 'ignore_ament_install']
[2.318s] Level 1:colcon.colcon_core.package_identification:_identify(Templates) by extension 'ignore'
[2.319s] Level 1:colcon.colcon_core.package_identification:_identify(Templates) by extension 'ignore_ament_install'
[2.319s] Level 1:colcon.colcon_core.package_identification:_identify(Templates) by extensions ['colcon_pkg']
[2.319s] Level 1:colcon.colcon_core.package_identification:_identify(Templates) by extension 'colcon_pkg'
[2.319s] Level 1:colcon.colcon_core.package_identification:_identify(Templates) by extensions ['colcon_meta']
[2.320s] Level 1:colcon.colcon_core.package_identification:_identify(Templates) by extension 'colcon_meta'
[2.320s] Level 1:colcon.colcon_core.package_identification:_identify(Templates) by extensions ['ros']
[2.320s] Level 1:colcon.colcon_core.package_identification:_identify(Templates) by extension 'ros'
[2.321s] Level 1:colcon.colcon_core.package_identification:_identify(Templates) by extensions ['cmake', 'python']
[2.321s] Level 1:colcon.colcon_core.package_identification:_identify(Templates) by extension 'cmake'
[2.321s] Level 1:colcon.colcon_core.package_identification:_identify(Templates) by extension 'python'
[2.321s] Level 1:colcon.colcon_core.package_identification:_identify(Templates) by extensions ['python_setup_py']
[2.321s] Level 1:colcon.colcon_core.package_identification:_identify(Templates) by extension 'python_setup_py'
[2.323s] Level 1:colcon.colcon_core.package_identification:_identify(TomlLog) by extensions ['ignore', 'ignore_ament_install']
[2.324s] Level 1:colcon.colcon_core.package_identification:_identify(TomlLog) by extension 'ignore'
[2.324s] Level 1:colcon.colcon_core.package_identification:_identify(TomlLog) by extension 'ignore_ament_install'
[2.325s] Level 1:colcon.colcon_core.package_identification:_identify(TomlLog) by extensions ['colcon_pkg']
[2.325s] Level 1:colcon.colcon_core.package_identification:_identify(TomlLog) by extension 'colcon_pkg'
[2.325s] Level 1:colcon.colcon_core.package_identification:_identify(TomlLog) by extensions ['colcon_meta']
[2.325s] Level 1:colcon.colcon_core.package_identification:_identify(TomlLog) by extension 'colcon_meta'
[2.326s] Level 1:colcon.colcon_core.package_identification:_identify(TomlLog) by extensions ['ros']
[2.326s] Level 1:colcon.colcon_core.package_identification:_identify(TomlLog) by extension 'ros'
[2.326s] Level 1:colcon.colcon_core.package_identification:_identify(TomlLog) by extensions ['cmake', 'python']
[2.326s] Level 1:colcon.colcon_core.package_identification:_identify(TomlLog) by extension 'cmake'
[2.327s] Level 1:colcon.colcon_core.package_identification:_identify(TomlLog) by extension 'python'
[2.327s] Level 1:colcon.colcon_core.package_identification:_identify(TomlLog) by extensions ['python_setup_py']
[2.327s] Level 1:colcon.colcon_core.package_identification:_identify(TomlLog) by extension 'python_setup_py'
[2.327s] Level 1:colcon.colcon_core.package_identification:_identify(Videos) by extensions ['ignore', 'ignore_ament_install']
[2.328s] Level 1:colcon.colcon_core.package_identification:_identify(Videos) by extension 'ignore'
[2.328s] Level 1:colcon.colcon_core.package_identification:_identify(Videos) by extension 'ignore_ament_install'
[2.329s] Level 1:colcon.colcon_core.package_identification:_identify(Videos) by extensions ['colcon_pkg']
[2.329s] Level 1:colcon.colcon_core.package_identification:_identify(Videos) by extension 'colcon_pkg'
[2.329s] Level 1:colcon.colcon_core.package_identification:_identify(Videos) by extensions ['colcon_meta']
[2.329s] Level 1:colcon.colcon_core.package_identification:_identify(Videos) by extension 'colcon_meta'
[2.329s] Level 1:colcon.colcon_core.package_identification:_identify(Videos) by extensions ['ros']
[2.330s] Level 1:colcon.colcon_core.package_identification:_identify(Videos) by extension 'ros'
[2.330s] Level 1:colcon.colcon_core.package_identification:_identify(Videos) by extensions ['cmake', 'python']
[2.330s] Level 1:colcon.colcon_core.package_identification:_identify(Videos) by extension 'cmake'
[2.330s] Level 1:colcon.colcon_core.package_identification:_identify(Videos) by extension 'python'
[2.331s] Level 1:colcon.colcon_core.package_identification:_identify(Videos) by extensions ['python_setup_py']
[2.331s] Level 1:colcon.colcon_core.package_identification:_identify(Videos) by extension 'python_setup_py'
[2.331s] Level 1:colcon.colcon_core.package_identification:_identify(build) by extensions ['ignore', 'ignore_ament_install']
[2.332s] Level 1:colcon.colcon_core.package_identification:_identify(build) by extension 'ignore'
[2.332s] Level 1:colcon.colcon_core.package_identification:_identify(build) ignored
[2.334s] Level 1:colcon.colcon_core.package_identification:_identify(debug) by extensions ['ignore', 'ignore_ament_install']
[2.335s] Level 1:colcon.colcon_core.package_identification:_identify(debug) by extension 'ignore'
[2.335s] Level 1:colcon.colcon_core.package_identification:_identify(debug) by extension 'ignore_ament_install'
[2.335s] Level 1:colcon.colcon_core.package_identification:_identify(debug) by extensions ['colcon_pkg']
[2.336s] Level 1:colcon.colcon_core.package_identification:_identify(debug) by extension 'colcon_pkg'
[2.336s] Level 1:colcon.colcon_core.package_identification:_identify(debug) by extensions ['colcon_meta']
[2.336s] Level 1:colcon.colcon_core.package_identification:_identify(debug) by extension 'colcon_meta'
[2.336s] Level 1:colcon.colcon_core.package_identification:_identify(debug) by extensions ['ros']
[2.337s] Level 1:colcon.colcon_core.package_identification:_identify(debug) by extension 'ros'
[2.337s] Level 1:colcon.colcon_core.package_identification:_identify(debug) by extensions ['cmake', 'python']
[2.337s] Level 1:colcon.colcon_core.package_identification:_identify(debug) by extension 'cmake'
[2.337s] Level 1:colcon.colcon_core.package_identification:_identify(debug) by extension 'python'
[2.338s] Level 1:colcon.colcon_core.package_identification:_identify(debug) by extensions ['python_setup_py']
[2.338s] Level 1:colcon.colcon_core.package_identification:_identify(debug) by extension 'python_setup_py'
[2.339s] Level 1:colcon.colcon_core.package_identification:_identify(install) by extensions ['ignore', 'ignore_ament_install']
[2.339s] Level 1:colcon.colcon_core.package_identification:_identify(install) by extension 'ignore'
[2.340s] Level 1:colcon.colcon_core.package_identification:_identify(install) ignored
[2.340s] Level 1:colcon.colcon_core.package_identification:_identify(log) by extensions ['ignore', 'ignore_ament_install']
[2.341s] Level 1:colcon.colcon_core.package_identification:_identify(log) by extension 'ignore'
[2.341s] Level 1:colcon.colcon_core.package_identification:_identify(log) ignored
[2.342s] Level 1:colcon.colcon_core.package_identification:_identify(workplace) by extensions ['ignore', 'ignore_ament_install']
[2.342s] Level 1:colcon.colcon_core.package_identification:_identify(workplace) by extension 'ignore'
[2.342s] Level 1:colcon.colcon_core.package_identification:_identify(workplace) by extension 'ignore_ament_install'
[2.343s] Level 1:colcon.colcon_core.package_identification:_identify(workplace) by extensions ['colcon_pkg']
[2.343s] Level 1:colcon.colcon_core.package_identification:_identify(workplace) by extension 'colcon_pkg'
[2.343s] Level 1:colcon.colcon_core.package_identification:_identify(workplace) by extensions ['colcon_meta']
[2.343s] Level 1:colcon.colcon_core.package_identification:_identify(workplace) by extension 'colcon_meta'
[2.344s] Level 1:colcon.colcon_core.package_identification:_identify(workplace) by extensions ['ros']
[2.344s] Level 1:colcon.colcon_core.package_identification:_identify(workplace) by extension 'ros'
[2.345s] Level 1:colcon.colcon_core.package_identification:_identify(workplace) by extensions ['cmake', 'python']
[2.345s] Level 1:colcon.colcon_core.package_identification:_identify(workplace) by extension 'cmake'
[2.346s] Level 1:colcon.colcon_core.package_identification:_identify(workplace) by extension 'python'
[2.346s] Level 1:colcon.colcon_core.package_identification:_identify(workplace) by extensions ['python_setup_py']
[2.347s] Level 1:colcon.colcon_core.package_identification:_identify(workplace) by extension 'python_setup_py'
[2.347s] Level 1:colcon.colcon_core.package_identification:_identify(workplace/build) by extensions ['ignore', 'ignore_ament_install']
[2.348s] Level 1:colcon.colcon_core.package_identification:_identify(workplace/build) by extension 'ignore'
[2.348s] Level 1:colcon.colcon_core.package_identification:_identify(workplace/build) ignored
[2.349s] Level 1:colcon.colcon_core.package_identification:_identify(workplace/install) by extensions ['ignore', 'ignore_ament_install']
[2.349s] Level 1:colcon.colcon_core.package_identification:_identify(workplace/install) by extension 'ignore'
[2.349s] Level 1:colcon.colcon_core.package_identification:_identify(workplace/install) ignored
[2.350s] Level 1:colcon.colcon_core.package_identification:_identify(workplace/log) by extensions ['ignore', 'ignore_ament_install']
[2.351s] Level 1:colcon.colcon_core.package_identification:_identify(workplace/log) by extension 'ignore'
[2.351s] Level 1:colcon.colcon_core.package_identification:_identify(workplace/log) ignored
[2.351s] Level 1:colcon.colcon_core.package_identification:_identify(workplace/src) by extensions ['ignore', 'ignore_ament_install']
[2.352s] Level 1:colcon.colcon_core.package_identification:_identify(workplace/src) by extension 'ignore'
[2.352s] Level 1:colcon.colcon_core.package_identification:_identify(workplace/src) by extension 'ignore_ament_install'
[2.353s] Level 1:colcon.colcon_core.package_identification:_identify(workplace/src) by extensions ['colcon_pkg']
[2.353s] Level 1:colcon.colcon_core.package_identification:_identify(workplace/src) by extension 'colcon_pkg'
[2.353s] Level 1:colcon.colcon_core.package_identification:_identify(workplace/src) by extensions ['colcon_meta']
[2.353s] Level 1:colcon.colcon_core.package_identification:_identify(workplace/src) by extension 'colcon_meta'
[2.354s] Level 1:colcon.colcon_core.package_identification:_identify(workplace/src) by extensions ['ros']
[2.354s] Level 1:colcon.colcon_core.package_identification:_identify(workplace/src) by extension 'ros'
[2.354s] Level 1:colcon.colcon_core.package_identification:_identify(workplace/src) by extensions ['cmake', 'python']
[2.354s] Level 1:colcon.colcon_core.package_identification:_identify(workplace/src) by extension 'cmake'
[2.355s] Level 1:colcon.colcon_core.package_identification:_identify(workplace/src) by extension 'python'
[2.355s] Level 1:colcon.colcon_core.package_identification:_identify(workplace/src) by extensions ['python_setup_py']
[2.355s] Level 1:colcon.colcon_core.package_identification:_identify(workplace/src) by extension 'python_setup_py'
[2.356s] Level 1:colcon.colcon_core.package_identification:_identify(workplace/src/learning) by extensions ['ignore', 'ignore_ament_install']
[2.356s] Level 1:colcon.colcon_core.package_identification:_identify(workplace/src/learning) by extension 'ignore'
[2.357s] Level 1:colcon.colcon_core.package_identification:_identify(workplace/src/learning) by extension 'ignore_ament_install'
[2.357s] Level 1:colcon.colcon_core.package_identification:_identify(workplace/src/learning) by extensions ['colcon_pkg']
[2.357s] Level 1:colcon.colcon_core.package_identification:_identify(workplace/src/learning) by extension 'colcon_pkg'
[2.357s] Level 1:colcon.colcon_core.package_identification:_identify(workplace/src/learning) by extensions ['colcon_meta']
[2.357s] Level 1:colcon.colcon_core.package_identification:_identify(workplace/src/learning) by extension 'colcon_meta'
[2.358s] Level 1:colcon.colcon_core.package_identification:_identify(workplace/src/learning) by extensions ['ros']
[2.358s] Level 1:colcon.colcon_core.package_identification:_identify(workplace/src/learning) by extension 'ros'
[2.371s] DEBUG:colcon.colcon_core.package_identification:Package 'workplace/src/learning' with type 'ros.ament_python' and name 'learning'
[2.372s] Level 1:colcon.colcon_core.package_discovery:discover_packages(recursive) using defaults
[2.373s] Level 1:colcon.colcon_core.package_discovery:discover_packages(ignore) discover
[2.373s] Level 1:colcon.colcon_core.package_discovery:discover_packages(ignore) using defaults
[2.373s] Level 1:colcon.colcon_core.package_discovery:discover_packages(path) discover
[2.374s] Level 1:colcon.colcon_core.package_discovery:discover_packages(path) using defaults
[2.488s] Level 5:colcon.colcon_core.verb:set package 'learning' build argument 'cmake_args' from command line to 'None'
[2.490s] Level 5:colcon.colcon_core.verb:set package 'learning' build argument 'cmake_target' from command line to 'None'
[2.490s] Level 5:colcon.colcon_core.verb:set package 'learning' build argument 'cmake_target_skip_unavailable' from command line to 'False'
[2.490s] Level 5:colcon.colcon_core.verb:set package 'learning' build argument 'cmake_clean_cache' from command line to 'False'
[2.491s] Level 5:colcon.colcon_core.verb:set package 'learning' build argument 'cmake_clean_first' from command line to 'False'
[2.491s] Level 5:colcon.colcon_core.verb:set package 'learning' build argument 'cmake_force_configure' from command line to 'False'
[2.491s] Level 5:colcon.colcon_core.verb:set package 'learning' build argument 'ament_cmake_args' from command line to 'None'
[2.491s] Level 5:colcon.colcon_core.verb:set package 'learning' build argument 'catkin_cmake_args' from command line to 'None'
[2.491s] Level 5:colcon.colcon_core.verb:set package 'learning' build argument 'catkin_skip_building_tests' from command line to 'False'
[2.492s] DEBUG:colcon.colcon_core.verb:Building package 'learning' with the following arguments: {'ament_cmake_args': None, 'build_base': '/home/mi/build/learning', 'catkin_cmake_args': None, 'catkin_skip_building_tests': False, 'cmake_args': None, 'cmake_clean_cache': False, 'cmake_clean_first': False, 'cmake_force_configure': False, 'cmake_target': None, 'cmake_target_skip_unavailable': False, 'install_base': '/home/mi/install/learning', 'merge_install': False, 'path': '/home/mi/workplace/src/learning', 'symlink_install': False, 'test_result_base': None}
[2.539s] WARNING:colcon.colcon_core.verb:Some selected packages are already built in one or more underlay workspaces:
	'learning' is in: /home/mi/workplace/install/learning
If a package in a merged underlay workspace is overridden and it installs headers, then all packages in the overlay must sort their include directories by workspace order. Failure to do so may result in build failures or undefined behavior at run time.
If the overridden package is used by another package in any underlay, then the overriding package in the overlay must be API and ABI compatible or undefined behavior at run time may occur.

If you understand the risks and want to override a package anyways, add the following to the command line:
	--allow-overriding learning

This may be promoted to an error in a future release of colcon-core.
[2.542s] INFO:colcon.colcon_core.executor:Executing jobs using 'parallel' executor
[2.558s] DEBUG:colcon.colcon_parallel_executor.executor.parallel:run_until_complete
[2.560s] INFO:colcon.colcon_ros.task.ament_python.build:Building ROS package in '/home/mi/workplace/src/learning' with build type 'ament_python'
[2.562s] Level 1:colcon.colcon_core.shell:create_environment_hook('learning', 'ament_prefix_path')
[2.581s] INFO:colcon.colcon_core.plugin_system:Skipping extension 'colcon_core.shell.bat': Not used on non-Windows systems
[2.583s] INFO:colcon.colcon_core.shell:Creating environment hook '/home/mi/install/learning/share/learning/hook/ament_prefix_path.ps1'
[2.586s] INFO:colcon.colcon_core.shell:Creating environment descriptor '/home/mi/install/learning/share/learning/hook/ament_prefix_path.dsv'
[2.589s] INFO:colcon.colcon_core.shell:Creating environment hook '/home/mi/install/learning/share/learning/hook/ament_prefix_path.sh'
[2.596s] INFO:colcon.colcon_core.shell:Skip shell extension 'powershell' for command environment: Not usable outside of PowerShell
[2.596s] DEBUG:colcon.colcon_core.shell:Skip shell extension 'dsv' for command environment
[4.551s] INFO:colcon.colcon_core.task.python.build:Building Python package in '/home/mi/workplace/src/learning'
[4.559s] INFO:colcon.colcon_core.shell:Skip shell extension 'powershell' for command environment: Not usable outside of PowerShell
[4.559s] DEBUG:colcon.colcon_core.shell:Skip shell extension 'dsv' for command environment
[6.950s] DEBUG:colcon.colcon_core.event_handler.log_command:Invoking command in '/home/mi/workplace/src/learning': PYTHONPATH=/home/mi/install/learning/lib/python3.6/site-packages:${PYTHONPATH} /usr/bin/python3 setup.py egg_info --egg-base ../../../build/learning build --build-base /home/mi/build/learning/build install --prefix /home/mi/install/learning --record /home/mi/build/learning/install.log --single-version-externally-managed
[9.099s] DEBUG:colcon.colcon_core.event_handler.log_command:Invoked command in '/home/mi/workplace/src/learning' returned '0': PYTHONPATH=/home/mi/install/learning/lib/python3.6/site-packages:${PYTHONPATH} /usr/bin/python3 setup.py egg_info --egg-base ../../../build/learning build --build-base /home/mi/build/learning/build install --prefix /home/mi/install/learning --record /home/mi/build/learning/install.log --single-version-externally-managed
[9.134s] Level 1:colcon.colcon_core.environment:checking '/home/mi/install/learning' for CMake module files
[9.139s] Level 1:colcon.colcon_core.environment:checking '/home/mi/install/learning' for CMake config files
[9.145s] Level 1:colcon.colcon_core.environment:checking '/home/mi/install/learning/lib'
[9.147s] Level 1:colcon.colcon_core.environment:checking '/home/mi/install/learning/bin'
[9.148s] Level 1:colcon.colcon_core.environment:checking '/home/mi/install/learning/lib/pkgconfig/learning.pc'
[9.148s] Level 1:colcon.colcon_core.environment:checking '/home/mi/install/learning/lib/python3.6/site-packages'
[9.149s] Level 1:colcon.colcon_core.shell:create_environment_hook('learning', 'pythonpath')
[9.154s] INFO:colcon.colcon_core.shell:Creating environment hook '/home/mi/install/learning/share/learning/hook/pythonpath.ps1'
[9.158s] INFO:colcon.colcon_core.shell:Creating environment descriptor '/home/mi/install/learning/share/learning/hook/pythonpath.dsv'
[9.161s] INFO:colcon.colcon_core.shell:Creating environment hook '/home/mi/install/learning/share/learning/hook/pythonpath.sh'
[9.163s] Level 1:colcon.colcon_core.environment:create_environment_scripts_only(learning)
[9.167s] INFO:colcon.colcon_core.shell:Creating package script '/home/mi/install/learning/share/learning/package.ps1'
[9.172s] INFO:colcon.colcon_core.shell:Creating package descriptor '/home/mi/install/learning/share/learning/package.dsv'
[9.176s] INFO:colcon.colcon_core.shell:Creating package script '/home/mi/install/learning/share/learning/package.sh'
[9.182s] INFO:colcon.colcon_core.shell:Creating package script '/home/mi/install/learning/share/learning/package.bash'
[9.187s] INFO:colcon.colcon_core.shell:Creating package script '/home/mi/install/learning/share/learning/package.zsh'
[9.191s] Level 1:colcon.colcon_core.environment:create_file_with_runtime_dependencies(/home/mi/install/learning/share/colcon-core/packages/learning)
[9.198s] DEBUG:colcon.colcon_parallel_executor.executor.parallel:closing loop
[9.199s] DEBUG:colcon.colcon_parallel_executor.executor.parallel:loop closed
[9.199s] DEBUG:colcon.colcon_parallel_executor.executor.parallel:run_until_complete finished with '0'
[9.199s] DEBUG:colcon.colcon_core.event_reactor:joining thread
[9.234s] INFO:colcon.colcon_core.plugin_system:Skipping extension 'colcon_notification.desktop_notification.terminal_notifier': Not used on non-Darwin systems
[9.236s] INFO:colcon.colcon_core.plugin_system:Skipping extension 'colcon_notification.desktop_notification.win32': Not used on non-Windows systems
[9.237s] INFO:colcon.colcon_notification.desktop_notification:Sending desktop notification using 'notify2'
[9.323s] DEBUG:colcon.colcon_core.event_reactor:joined thread
[9.327s] INFO:colcon.colcon_core.shell:Creating prefix script '/home/mi/install/local_setup.ps1'
[9.335s] INFO:colcon.colcon_core.shell:Creating prefix util module '/home/mi/install/_local_setup_util_ps1.py'
[9.346s] INFO:colcon.colcon_core.shell:Creating prefix chain script '/home/mi/install/setup.ps1'
[9.355s] INFO:colcon.colcon_core.shell:Creating prefix script '/home/mi/install/local_setup.sh'
[9.359s] INFO:colcon.colcon_core.shell:Creating prefix util module '/home/mi/install/_local_setup_util_sh.py'
[9.364s] INFO:colcon.colcon_core.shell:Creating prefix chain script '/home/mi/install/setup.sh'
[9.372s] INFO:colcon.colcon_core.shell:Creating prefix script '/home/mi/install/local_setup.bash'
[9.375s] INFO:colcon.colcon_core.shell:Creating prefix chain script '/home/mi/install/setup.bash'
[9.382s] INFO:colcon.colcon_core.shell:Creating prefix script '/home/mi/install/local_setup.zsh'
[9.385s] INFO:colcon.colcon_core.shell:Creating prefix chain script '/home/mi/install/setup.zsh'
