[3.905s] Invoking command in '/home/mi/workplace/src/lcm': PYTHONPATH=/home/mi/install/lcm/lib/python3.6/site-packages:${PYTHONPATH} /usr/bin/python3 setup.py egg_info --egg-base ../../../build/lcm build --build-base /home/mi/build/lcm/build install --prefix /home/mi/install/lcm --record /home/mi/build/lcm/install.log --single-version-externally-managed
[5.488s] running egg_info
[5.492s] creating ../../../build/lcm/lcm.egg-info
[5.496s] writing ../../../build/lcm/lcm.egg-info/PKG-INFO
[5.497s] writing dependency_links to ../../../build/lcm/lcm.egg-info/dependency_links.txt
[5.497s] writing entry points to ../../../build/lcm/lcm.egg-info/entry_points.txt
[5.498s] writing requirements to ../../../build/lcm/lcm.egg-info/requires.txt
[5.498s] writing top-level names to ../../../build/lcm/lcm.egg-info/top_level.txt
[5.506s] writing manifest file '../../../build/lcm/lcm.egg-info/SOURCES.txt'
[5.511s] reading manifest file '../../../build/lcm/lcm.egg-info/SOURCES.txt'
[5.515s] writing manifest file '../../../build/lcm/lcm.egg-info/SOURCES.txt'
[5.516s] running build
[5.517s] running build_py
[5.517s] creating /home/mi/build/lcm/build
[5.518s] creating /home/mi/build/lcm/build/lib
[5.519s] creating /home/mi/build/lcm/build/lib/lcm
[5.520s] copying lcm/localization_lcmt.py -> /home/mi/build/lcm/build/lib/lcm
[5.521s] copying lcm/test.py -> /home/mi/build/lcm/build/lib/lcm
[5.522s] copying lcm/lcm_test.py -> /home/mi/build/lcm/build/lib/lcm
[5.522s] copying lcm/__init__.py -> /home/mi/build/lcm/build/lib/lcm
[5.523s] running install
[5.524s] /usr/local/lib/python3.6/dist-packages/setuptools/command/install.py:37: SetuptoolsDeprecationWarning: setup.py install is deprecated. Use build and pip and other standards-based tools.
[5.524s]   setuptools.SetuptoolsDeprecationWarning,
[5.524s] running install_lib
[5.527s] creating /home/mi/install/lcm/lib/python3.6/site-packages/lcm
[5.529s] copying /home/mi/build/lcm/build/lib/lcm/localization_lcmt.py -> /home/mi/install/lcm/lib/python3.6/site-packages/lcm
[5.529s] copying /home/mi/build/lcm/build/lib/lcm/test.py -> /home/mi/install/lcm/lib/python3.6/site-packages/lcm
[5.530s] copying /home/mi/build/lcm/build/lib/lcm/lcm_test.py -> /home/mi/install/lcm/lib/python3.6/site-packages/lcm
[5.530s] copying /home/mi/build/lcm/build/lib/lcm/__init__.py -> /home/mi/install/lcm/lib/python3.6/site-packages/lcm
[5.531s] byte-compiling /home/mi/install/lcm/lib/python3.6/site-packages/lcm/localization_lcmt.py to localization_lcmt.cpython-36.pyc
[5.535s] byte-compiling /home/mi/install/lcm/lib/python3.6/site-packages/lcm/test.py to test.cpython-36.pyc
[5.536s] byte-compiling /home/mi/install/lcm/lib/python3.6/site-packages/lcm/lcm_test.py to lcm_test.cpython-36.pyc
[5.537s] byte-compiling /home/mi/install/lcm/lib/python3.6/site-packages/lcm/__init__.py to __init__.cpython-36.pyc
[5.538s] running install_data
[5.540s] creating /home/mi/install/lcm/share/ament_index
[5.541s] creating /home/mi/install/lcm/share/ament_index/resource_index
[5.541s] creating /home/mi/install/lcm/share/ament_index/resource_index/packages
[5.542s] copying resource/lcm -> /home/mi/install/lcm/share/ament_index/resource_index/packages
[5.543s] copying package.xml -> /home/mi/install/lcm/share/lcm
[5.543s] running install_egg_info
[5.550s] Copying ../../../build/lcm/lcm.egg-info to /home/mi/install/lcm/lib/python3.6/site-packages/lcm-0.0.0-py3.6.egg-info
[5.554s] running install_scripts
[5.642s] Installing lcm_test script to /home/mi/install/lcm/lib/lcm
[5.643s] writing list of installed files to '/home/mi/build/lcm/install.log'
[5.766s] Invoked command in '/home/mi/workplace/src/lcm' returned '0': PYTHONPATH=/home/mi/install/lcm/lib/python3.6/site-packages:${PYTHONPATH} /usr/bin/python3 setup.py egg_info --egg-base ../../../build/lcm build --build-base /home/mi/build/lcm/build install --prefix /home/mi/install/lcm --record /home/mi/build/lcm/install.log --single-version-externally-managed
