[4.718s] Invoking command in '/home/mi/workplace/src/learning': PYTHONPATH=/home/mi/workplace/install/learning/lib/python3.6/site-packages:${PYTHONPATH} /usr/bin/python3 setup.py egg_info --egg-base ../../build/learning build --build-base /home/mi/workplace/build/learning/build install --prefix /home/mi/workplace/install/learning --record /home/mi/workplace/build/learning/install.log --single-version-externally-managed
[6.646s] running egg_info
[6.653s] writing ../../build/learning/learning.egg-info/PKG-INFO
[6.655s] writing dependency_links to ../../build/learning/learning.egg-info/dependency_links.txt
[6.656s] writing entry points to ../../build/learning/learning.egg-info/entry_points.txt
[6.657s] writing requirements to ../../build/learning/learning.egg-info/requires.txt
[6.657s] writing top-level names to ../../build/learning/learning.egg-info/top_level.txt
[6.672s] reading manifest file '../../build/learning/learning.egg-info/SOURCES.txt'
[6.680s] writing manifest file '../../build/learning/learning.egg-info/SOURCES.txt'
[6.681s] running build
[6.681s] running build_py
[6.683s] copying learning/main_node.py -> /home/mi/workplace/build/learning/build/lib/learning
[6.685s] copying learning/move_node.py -> /home/mi/workplace/build/learning/build/lib/learning
[6.690s] copying learning/get_data.py -> /home/mi/workplace/build/learning/build/lib/learning
[6.693s] running install
[6.694s] /usr/local/lib/python3.6/dist-packages/setuptools/command/install.py:37: SetuptoolsDeprecationWarning: setup.py install is deprecated. Use build and pip and other standards-based tools.
[6.695s]   setuptools.SetuptoolsDeprecationWarning,
[6.698s] running install_lib
[6.706s] copying /home/mi/workplace/build/learning/build/lib/learning/main_node.py -> /home/mi/workplace/install/learning/lib/python3.6/site-packages/learning
[6.708s] copying /home/mi/workplace/build/learning/build/lib/learning/move_node.py -> /home/mi/workplace/install/learning/lib/python3.6/site-packages/learning
[6.708s] copying /home/mi/workplace/build/learning/build/lib/learning/get_data.py -> /home/mi/workplace/install/learning/lib/python3.6/site-packages/learning
[6.711s] byte-compiling /home/mi/workplace/install/learning/lib/python3.6/site-packages/learning/main_node.py to main_node.cpython-36.pyc
[6.716s] byte-compiling /home/mi/workplace/install/learning/lib/python3.6/site-packages/learning/move_node.py to move_node.cpython-36.pyc
[6.722s] byte-compiling /home/mi/workplace/install/learning/lib/python3.6/site-packages/learning/get_data.py to get_data.cpython-36.pyc
[6.726s] running install_data
[6.729s] running install_egg_info
[6.737s] removing '/home/mi/workplace/install/learning/lib/python3.6/site-packages/learning-0.0.0-py3.6.egg-info' (and everything under it)
[6.739s] Copying ../../build/learning/learning.egg-info to /home/mi/workplace/install/learning/lib/python3.6/site-packages/learning-0.0.0-py3.6.egg-info
[6.745s] running install_scripts
[6.844s] Installing camera script to /home/mi/workplace/install/learning/lib/learning
[6.845s] Installing crash script to /home/mi/workplace/install/learning/lib/learning
[6.846s] Installing data_receive script to /home/mi/workplace/install/learning/lib/learning
[6.847s] Installing get_data script to /home/mi/workplace/install/learning/lib/learning
[6.848s] Installing goal script to /home/mi/workplace/install/learning/lib/learning
[6.852s] Installing keeper script to /home/mi/workplace/install/learning/lib/learning
[6.853s] Installing main script to /home/mi/workplace/install/learning/lib/learning
[6.853s] Installing move_x script to /home/mi/workplace/install/learning/lib/learning
[6.855s] Installing rgb script to /home/mi/workplace/install/learning/lib/learning
[6.855s] Installing rotate script to /home/mi/workplace/install/learning/lib/learning
[6.856s] Installing rotate_until_center1 script to /home/mi/workplace/install/learning/lib/learning
[6.856s] Installing sit script to /home/mi/workplace/install/learning/lib/learning
[6.857s] Installing stand script to /home/mi/workplace/install/learning/lib/learning
[6.858s] Installing track script to /home/mi/workplace/install/learning/lib/learning
[6.859s] Installing walk_t_sec script to /home/mi/workplace/install/learning/lib/learning
[6.861s] Installing walktest script to /home/mi/workplace/install/learning/lib/learning
[6.862s] writing list of installed files to '/home/mi/workplace/build/learning/install.log'
[6.978s] Invoked command in '/home/mi/workplace/src/learning' returned '0': PYTHONPATH=/home/mi/workplace/install/learning/lib/python3.6/site-packages:${PYTHONPATH} /usr/bin/python3 setup.py egg_info --egg-base ../../build/learning build --build-base /home/mi/workplace/build/learning/build install --prefix /home/mi/workplace/install/learning --record /home/mi/workplace/build/learning/install.log --single-version-externally-managed
