[4.224s] Invoking command in '/home/mi/workplace/src/learning': PYTHONPATH=/home/mi/install/learning/lib/python3.6/site-packages:${PYTHONPATH} /usr/bin/python3 setup.py egg_info --egg-base ../../../build/learning build --build-base /home/mi/build/learning/build install --prefix /home/mi/install/learning --record /home/mi/build/learning/install.log --single-version-externally-managed
[5.817s] running egg_info
[5.819s] writing ../../../build/learning/learning.egg-info/PKG-INFO
[5.822s] writing dependency_links to ../../../build/learning/learning.egg-info/dependency_links.txt
[5.825s] writing entry points to ../../../build/learning/learning.egg-info/entry_points.txt
[5.826s] writing requirements to ../../../build/learning/learning.egg-info/requires.txt
[5.827s] writing top-level names to ../../../build/learning/learning.egg-info/top_level.txt
[5.846s] reading manifest file '../../../build/learning/learning.egg-info/SOURCES.txt'
[5.854s] writing manifest file '../../../build/learning/learning.egg-info/SOURCES.txt'
[5.855s] running build
[5.856s] running build_py
[5.861s] copying learning/move_x.py -> /home/mi/build/learning/build/lib/learning
[5.871s] running install
[5.872s] /usr/local/lib/python3.6/dist-packages/setuptools/command/install.py:37: SetuptoolsDeprecationWarning: setup.py install is deprecated. Use build and pip and other standards-based tools.
[5.873s]   setuptools.SetuptoolsDeprecationWarning,
[5.874s] running install_lib
[5.881s] copying /home/mi/build/learning/build/lib/learning/move_x.py -> /home/mi/install/learning/lib/python3.6/site-packages/learning
[5.885s] byte-compiling /home/mi/install/learning/lib/python3.6/site-packages/learning/move_x.py to move_x.cpython-36.pyc
[5.897s] running install_data
[5.898s] running install_egg_info
[5.907s] removing '/home/mi/install/learning/lib/python3.6/site-packages/learning-0.0.0-py3.6.egg-info' (and everything under it)
[5.909s] Copying ../../../build/learning/learning.egg-info to /home/mi/install/learning/lib/python3.6/site-packages/learning-0.0.0-py3.6.egg-info
[5.916s] running install_scripts
[6.012s] Installing camera script to /home/mi/install/learning/lib/learning
[6.013s] Installing crash script to /home/mi/install/learning/lib/learning
[6.015s] Installing data_receive script to /home/mi/install/learning/lib/learning
[6.016s] Installing get_data script to /home/mi/install/learning/lib/learning
[6.017s] Installing goal script to /home/mi/install/learning/lib/learning
[6.017s] Installing keeper script to /home/mi/install/learning/lib/learning
[6.018s] Installing move_x script to /home/mi/install/learning/lib/learning
[6.019s] Installing rgb script to /home/mi/install/learning/lib/learning
[6.020s] Installing rotate script to /home/mi/install/learning/lib/learning
[6.020s] Installing rotate_until_center1 script to /home/mi/install/learning/lib/learning
[6.020s] Installing stand script to /home/mi/install/learning/lib/learning
[6.022s] Installing track script to /home/mi/install/learning/lib/learning
[6.022s] Installing walk_t_sec script to /home/mi/install/learning/lib/learning
[6.023s] Installing walktest script to /home/mi/install/learning/lib/learning
[6.027s] writing list of installed files to '/home/mi/build/learning/install.log'
[6.147s] Invoked command in '/home/mi/workplace/src/learning' returned '0': PYTHONPATH=/home/mi/install/learning/lib/python3.6/site-packages:${PYTHONPATH} /usr/bin/python3 setup.py egg_info --egg-base ../../../build/learning build --build-base /home/mi/build/learning/build install --prefix /home/mi/install/learning --record /home/mi/build/learning/install.log --single-version-externally-managed
