[4.025s] Invoking command in '/home/mi/workplace/src/learning': PYTHONPATH=/home/mi/workplace/install/learning/lib/python3.6/site-packages:${PYTHONPATH} /usr/bin/python3 setup.py egg_info --egg-base ../../build/learning build --build-base /home/mi/workplace/build/learning/build install --prefix /home/mi/workplace/install/learning --record /home/mi/workplace/build/learning/install.log --single-version-externally-managed
[5.698s] running egg_info
[5.701s] writing ../../build/learning/learning.egg-info/PKG-INFO
[5.703s] writing dependency_links to ../../build/learning/learning.egg-info/dependency_links.txt
[5.706s] writing entry points to ../../build/learning/learning.egg-info/entry_points.txt
[5.707s] writing requirements to ../../build/learning/learning.egg-info/requires.txt
[5.707s] writing top-level names to ../../build/learning/learning.egg-info/top_level.txt
[5.730s] reading manifest file '../../build/learning/learning.egg-info/SOURCES.txt'
[5.738s] writing manifest file '../../build/learning/learning.egg-info/SOURCES.txt'
[5.738s] running build
[5.739s] running build_py
[5.740s] copying learning/test.py -> /home/mi/workplace/build/learning/build/lib/learning
[5.745s] running install
[5.746s] /usr/local/lib/python3.6/dist-packages/setuptools/command/install.py:37: SetuptoolsDeprecationWarning: setup.py install is deprecated. Use build and pip and other standards-based tools.
[5.747s]   setuptools.SetuptoolsDeprecationWarning,
[5.748s] running install_lib
[5.753s] copying /home/mi/workplace/build/learning/build/lib/learning/test.py -> /home/mi/workplace/install/learning/lib/python3.6/site-packages/learning
[5.757s] byte-compiling /home/mi/workplace/install/learning/lib/python3.6/site-packages/learning/test.py to test.cpython-36.pyc
[5.760s] running install_data
[5.763s] running install_egg_info
[5.772s] removing '/home/mi/workplace/install/learning/lib/python3.6/site-packages/learning-0.0.0-py3.6.egg-info' (and everything under it)
[5.779s] Copying ../../build/learning/learning.egg-info to /home/mi/workplace/install/learning/lib/python3.6/site-packages/learning-0.0.0-py3.6.egg-info
[5.782s] running install_scripts
[5.874s] Installing camera script to /home/mi/workplace/install/learning/lib/learning
[5.875s] Installing crash script to /home/mi/workplace/install/learning/lib/learning
[5.876s] Installing data_receive script to /home/mi/workplace/install/learning/lib/learning
[5.877s] Installing rgb script to /home/mi/workplace/install/learning/lib/learning
[5.881s] Installing rotate_until_center1 script to /home/mi/workplace/install/learning/lib/learning
[5.881s] Installing stand script to /home/mi/workplace/install/learning/lib/learning
[5.882s] Installing test script to /home/mi/workplace/install/learning/lib/learning
[5.884s] Installing track script to /home/mi/workplace/install/learning/lib/learning
[5.885s] Installing walk_t_sec script to /home/mi/workplace/install/learning/lib/learning
[5.886s] Installing walktest script to /home/mi/workplace/install/learning/lib/learning
[5.887s] writing list of installed files to '/home/mi/workplace/build/learning/install.log'
[6.005s] Invoked command in '/home/mi/workplace/src/learning' returned '0': PYTHONPATH=/home/mi/workplace/install/learning/lib/python3.6/site-packages:${PYTHONPATH} /usr/bin/python3 setup.py egg_info --egg-base ../../build/learning build --build-base /home/mi/workplace/build/learning/build install --prefix /home/mi/workplace/install/learning --record /home/mi/workplace/build/learning/install.log --single-version-externally-managed
