[4.110s] Invoking command in '/home/mi/workplace/src/learning': PYTHONPATH=/home/mi/workplace/install/learning/lib/python3.6/site-packages:${PYTHONPATH} /usr/bin/python3 setup.py egg_info --egg-base ../../build/learning build --build-base /home/mi/workplace/build/learning/build install --prefix /home/mi/workplace/install/learning --record /home/mi/workplace/build/learning/install.log --single-version-externally-managed
[5.668s] running egg_info
[5.677s] writing ../../build/learning/learning.egg-info/PKG-INFO
[5.679s] writing dependency_links to ../../build/learning/learning.egg-info/dependency_links.txt
[5.680s] writing entry points to ../../build/learning/learning.egg-info/entry_points.txt
[5.682s] writing requirements to ../../build/learning/learning.egg-info/requires.txt
[5.684s] writing top-level names to ../../build/learning/learning.egg-info/top_level.txt
[5.689s] reading manifest file '../../build/learning/learning.egg-info/SOURCES.txt'
[5.693s] writing manifest file '../../build/learning/learning.egg-info/SOURCES.txt'
[5.694s] running build
[5.694s] running build_py
[5.697s] copying learning/track.py -> /home/mi/workplace/build/learning/build/lib/learning
[5.699s] running install
[5.701s] /usr/local/lib/python3.6/dist-packages/setuptools/command/install.py:37: SetuptoolsDeprecationWarning: setup.py install is deprecated. Use build and pip and other standards-based tools.
[5.701s]   setuptools.SetuptoolsDeprecationWarning,
[5.702s] running install_lib
[5.706s] copying /home/mi/workplace/build/learning/build/lib/learning/track.py -> /home/mi/workplace/install/learning/lib/python3.6/site-packages/learning
[5.708s] byte-compiling /home/mi/workplace/install/learning/lib/python3.6/site-packages/learning/track.py to track.cpython-36.pyc
[5.712s] running install_data
[5.714s] running install_egg_info
[5.721s] removing '/home/mi/workplace/install/learning/lib/python3.6/site-packages/learning-0.0.0-py3.6.egg-info' (and everything under it)
[5.723s] Copying ../../build/learning/learning.egg-info to /home/mi/workplace/install/learning/lib/python3.6/site-packages/learning-0.0.0-py3.6.egg-info
[5.730s] running install_scripts
[5.819s] Installing camera script to /home/mi/workplace/install/learning/lib/learning
[5.823s] Installing rgb script to /home/mi/workplace/install/learning/lib/learning
[5.823s] Installing stand script to /home/mi/workplace/install/learning/lib/learning
[5.824s] Installing track script to /home/mi/workplace/install/learning/lib/learning
[5.825s] Installing walktest script to /home/mi/workplace/install/learning/lib/learning
[5.826s] writing list of installed files to '/home/mi/workplace/build/learning/install.log'
[5.941s] Invoked command in '/home/mi/workplace/src/learning' returned '0': PYTHONPATH=/home/mi/workplace/install/learning/lib/python3.6/site-packages:${PYTHONPATH} /usr/bin/python3 setup.py egg_info --egg-base ../../build/learning build --build-base /home/mi/workplace/build/learning/build install --prefix /home/mi/workplace/install/learning --record /home/mi/workplace/build/learning/install.log --single-version-externally-managed
