[4.124s] Invoking command in '/home/mi/workplace/src/learning': PYTHONPATH=/home/mi/install/learning/lib/python3.6/site-packages:${PYTHONPATH} /usr/bin/python3 setup.py egg_info --egg-base ../../../build/learning build --build-base /home/mi/build/learning/build install --prefix /home/mi/install/learning --record /home/mi/build/learning/install.log --single-version-externally-managed
[5.911s] running egg_info
[5.914s] writing ../../../build/learning/learning.egg-info/PKG-INFO
[5.915s] writing dependency_links to ../../../build/learning/learning.egg-info/dependency_links.txt
[5.919s] writing entry points to ../../../build/learning/learning.egg-info/entry_points.txt
[5.930s] writing requirements to ../../../build/learning/learning.egg-info/requires.txt
[5.932s] writing top-level names to ../../../build/learning/learning.egg-info/top_level.txt
[5.937s] reading manifest file '../../../build/learning/learning.egg-info/SOURCES.txt'
[5.944s] writing manifest file '../../../build/learning/learning.egg-info/SOURCES.txt'
[5.945s] running build
[5.946s] running build_py
[5.950s] copying learning/move_x.py -> /home/mi/build/learning/build/lib/learning
[5.957s] /usr/local/lib/python3.6/dist-packages/setuptools/command/install.py:37: SetuptoolsDeprecationWarning: setup.py install is deprecated. Use build and pip and other standards-based tools.
[5.961s]   setuptools.SetuptoolsDeprecationWarning,
[5.962s] running install
[5.965s] running install_lib
[5.965s] copying /home/mi/build/learning/build/lib/learning/move_x.py -> /home/mi/install/learning/lib/python3.6/site-packages/learning
[5.967s] byte-compiling /home/mi/install/learning/lib/python3.6/site-packages/learning/move_x.py to move_x.cpython-36.pyc
[5.981s] running install_data
[5.991s] running install_egg_info
[6.001s] removing '/home/mi/install/learning/lib/python3.6/site-packages/learning-0.0.0-py3.6.egg-info' (and everything under it)
[6.002s] Copying ../../../build/learning/learning.egg-info to /home/mi/install/learning/lib/python3.6/site-packages/learning-0.0.0-py3.6.egg-info
[6.003s] running install_scripts
[6.093s] Installing camera script to /home/mi/install/learning/lib/learning
[6.094s] Installing crash script to /home/mi/install/learning/lib/learning
[6.094s] Installing data_receive script to /home/mi/install/learning/lib/learning
[6.095s] Installing get_data script to /home/mi/install/learning/lib/learning
[6.096s] Installing goal script to /home/mi/install/learning/lib/learning
[6.096s] Installing keeper script to /home/mi/install/learning/lib/learning
[6.097s] Installing move_x script to /home/mi/install/learning/lib/learning
[6.098s] Installing rgb script to /home/mi/install/learning/lib/learning
[6.099s] Installing rotate script to /home/mi/install/learning/lib/learning
[6.099s] Installing rotate_until_center1 script to /home/mi/install/learning/lib/learning
[6.100s] Installing stand script to /home/mi/install/learning/lib/learning
[6.100s] Installing track script to /home/mi/install/learning/lib/learning
[6.101s] Installing walk_t_sec script to /home/mi/install/learning/lib/learning
[6.102s] Installing walktest script to /home/mi/install/learning/lib/learning
[6.103s] writing list of installed files to '/home/mi/build/learning/install.log'
[6.219s] Invoked command in '/home/mi/workplace/src/learning' returned '0': PYTHONPATH=/home/mi/install/learning/lib/python3.6/site-packages:${PYTHONPATH} /usr/bin/python3 setup.py egg_info --egg-base ../../../build/learning build --build-base /home/mi/build/learning/build install --prefix /home/mi/install/learning --record /home/mi/build/learning/install.log --single-version-externally-managed
