[4.732s] Invoking command in '/home/mi/workplace/src/learning': PYTHONPATH=/home/mi/workplace/install/learning/lib/python3.6/site-packages:${PYTHONPATH} /usr/bin/python3 setup.py egg_info --egg-base ../../build/learning build --build-base /home/mi/workplace/build/learning/build install --prefix /home/mi/workplace/install/learning --record /home/mi/workplace/build/learning/install.log --single-version-externally-managed
[6.707s] running egg_info
[6.711s] writing ../../build/learning/learning.egg-info/PKG-INFO
[6.715s] writing dependency_links to ../../build/learning/learning.egg-info/dependency_links.txt
[6.720s] writing entry points to ../../build/learning/learning.egg-info/entry_points.txt
[6.727s] writing requirements to ../../build/learning/learning.egg-info/requires.txt
[6.728s] writing top-level names to ../../build/learning/learning.egg-info/top_level.txt
[6.748s] reading manifest file '../../build/learning/learning.egg-info/SOURCES.txt'
[6.755s] writing manifest file '../../build/learning/learning.egg-info/SOURCES.txt'
[6.757s] running build
[6.761s] running build_py
[6.762s] copying learning/main_node.py -> /home/mi/workplace/build/learning/build/lib/learning
[6.770s] copying learning/move_node.py -> /home/mi/workplace/build/learning/build/lib/learning
[6.776s] copying learning/get_data.py -> /home/mi/workplace/build/learning/build/lib/learning
[6.777s] /usr/local/lib/python3.6/dist-packages/setuptools/command/install.py:37: SetuptoolsDeprecationWarning: setup.py install is deprecated. Use build and pip and other standards-based tools.
[6.783s]   setuptools.SetuptoolsDeprecationWarning,
[6.796s] running install
[6.798s] running install_lib
[6.799s] copying /home/mi/workplace/build/learning/build/lib/learning/main_node.py -> /home/mi/workplace/install/learning/lib/python3.6/site-packages/learning
[6.800s] copying /home/mi/workplace/build/learning/build/lib/learning/move_node.py -> /home/mi/workplace/install/learning/lib/python3.6/site-packages/learning
[6.800s] copying /home/mi/workplace/build/learning/build/lib/learning/get_data.py -> /home/mi/workplace/install/learning/lib/python3.6/site-packages/learning
[6.801s] byte-compiling /home/mi/workplace/install/learning/lib/python3.6/site-packages/learning/main_node.py to main_node.cpython-36.pyc
[6.801s] byte-compiling /home/mi/workplace/install/learning/lib/python3.6/site-packages/learning/move_node.py to move_node.cpython-36.pyc
[6.811s] byte-compiling /home/mi/workplace/install/learning/lib/python3.6/site-packages/learning/get_data.py to get_data.cpython-36.pyc
[6.813s] running install_data
[6.817s] running install_egg_info
[6.824s] removing '/home/mi/workplace/install/learning/lib/python3.6/site-packages/learning-0.0.0-py3.6.egg-info' (and everything under it)
[6.827s] Copying ../../build/learning/learning.egg-info to /home/mi/workplace/install/learning/lib/python3.6/site-packages/learning-0.0.0-py3.6.egg-info
[6.834s] running install_scripts
[6.957s] Installing camera script to /home/mi/workplace/install/learning/lib/learning
[6.959s] Installing crash script to /home/mi/workplace/install/learning/lib/learning
[6.960s] Installing data_receive script to /home/mi/workplace/install/learning/lib/learning
[6.963s] Installing get_data script to /home/mi/workplace/install/learning/lib/learning
[6.965s] Installing goal script to /home/mi/workplace/install/learning/lib/learning
[6.965s] Installing keeper script to /home/mi/workplace/install/learning/lib/learning
[6.966s] Installing main script to /home/mi/workplace/install/learning/lib/learning
[6.968s] Installing move_x script to /home/mi/workplace/install/learning/lib/learning
[6.968s] Installing rgb script to /home/mi/workplace/install/learning/lib/learning
[6.969s] Installing rotate script to /home/mi/workplace/install/learning/lib/learning
[6.971s] Installing rotate_until_center1 script to /home/mi/workplace/install/learning/lib/learning
[6.972s] Installing sit script to /home/mi/workplace/install/learning/lib/learning
[6.973s] Installing stand script to /home/mi/workplace/install/learning/lib/learning
[6.974s] Installing test script to /home/mi/workplace/install/learning/lib/learning
[6.975s] Installing track script to /home/mi/workplace/install/learning/lib/learning
[6.981s] Installing walk_t_sec script to /home/mi/workplace/install/learning/lib/learning
[6.982s] Installing walktest script to /home/mi/workplace/install/learning/lib/learning
[6.983s] writing list of installed files to '/home/mi/workplace/build/learning/install.log'
[7.122s] Invoked command in '/home/mi/workplace/src/learning' returned '0': PYTHONPATH=/home/mi/workplace/install/learning/lib/python3.6/site-packages:${PYTHONPATH} /usr/bin/python3 setup.py egg_info --egg-base ../../build/learning build --build-base /home/mi/workplace/build/learning/build install --prefix /home/mi/workplace/install/learning --record /home/mi/workplace/build/learning/install.log --single-version-externally-managed
