[4.461s] Invoking command in '/home/mi/workplace/src/learning': PYTHONPATH=/home/mi/workplace/install/learning/lib/python3.6/site-packages:${PYTHONPATH} /usr/bin/python3 setup.py egg_info --egg-base ../../build/learning build --build-base /home/mi/workplace/build/learning/build install --prefix /home/mi/workplace/install/learning --record /home/mi/workplace/build/learning/install.log --single-version-externally-managed
[6.192s] running egg_info
[6.197s] writing ../../build/learning/learning.egg-info/PKG-INFO
[6.200s] writing dependency_links to ../../build/learning/learning.egg-info/dependency_links.txt
[6.201s] writing entry points to ../../build/learning/learning.egg-info/entry_points.txt
[6.202s] writing requirements to ../../build/learning/learning.egg-info/requires.txt
[6.203s] writing top-level names to ../../build/learning/learning.egg-info/top_level.txt
[6.223s] reading manifest file '../../build/learning/learning.egg-info/SOURCES.txt'
[6.235s] writing manifest file '../../build/learning/learning.egg-info/SOURCES.txt'
[6.236s] running build
[6.236s] running build_py
[6.240s] copying learning/main_node.py -> /home/mi/workplace/build/learning/build/lib/learning
[6.245s] copying learning/get_data.py -> /home/mi/workplace/build/learning/build/lib/learning
[6.247s] running install
[6.248s] /usr/local/lib/python3.6/dist-packages/setuptools/command/install.py:37: SetuptoolsDeprecationWarning: setup.py install is deprecated. Use build and pip and other standards-based tools.
[6.249s]   setuptools.SetuptoolsDeprecationWarning,
[6.251s] running install_lib
[6.255s] copying /home/mi/workplace/build/learning/build/lib/learning/main_node.py -> /home/mi/workplace/install/learning/lib/python3.6/site-packages/learning
[6.260s] copying /home/mi/workplace/build/learning/build/lib/learning/get_data.py -> /home/mi/workplace/install/learning/lib/python3.6/site-packages/learning
[6.266s] byte-compiling /home/mi/workplace/install/learning/lib/python3.6/site-packages/learning/main_node.py to main_node.cpython-36.pyc
[6.271s] byte-compiling /home/mi/workplace/install/learning/lib/python3.6/site-packages/learning/get_data.py to get_data.cpython-36.pyc
[6.280s] running install_data
[6.283s] running install_egg_info
[6.291s] removing '/home/mi/workplace/install/learning/lib/python3.6/site-packages/learning-0.0.0-py3.6.egg-info' (and everything under it)
[6.298s] Copying ../../build/learning/learning.egg-info to /home/mi/workplace/install/learning/lib/python3.6/site-packages/learning-0.0.0-py3.6.egg-info
[6.305s] running install_scripts
[6.409s] Installing camera script to /home/mi/workplace/install/learning/lib/learning
[6.409s] Installing crash script to /home/mi/workplace/install/learning/lib/learning
[6.410s] Installing data_receive script to /home/mi/workplace/install/learning/lib/learning
[6.412s] Installing get_data script to /home/mi/workplace/install/learning/lib/learning
[6.414s] Installing goal script to /home/mi/workplace/install/learning/lib/learning
[6.416s] Installing keeper script to /home/mi/workplace/install/learning/lib/learning
[6.423s] Installing main script to /home/mi/workplace/install/learning/lib/learning
[6.424s] Installing move_x script to /home/mi/workplace/install/learning/lib/learning
[6.425s] Installing rgb script to /home/mi/workplace/install/learning/lib/learning
[6.429s] Installing rotate script to /home/mi/workplace/install/learning/lib/learning
[6.430s] Installing rotate_until_center1 script to /home/mi/workplace/install/learning/lib/learning
[6.431s] Installing sit script to /home/mi/workplace/install/learning/lib/learning
[6.431s] Installing stand script to /home/mi/workplace/install/learning/lib/learning
[6.432s] Installing test script to /home/mi/workplace/install/learning/lib/learning
[6.432s] Installing track script to /home/mi/workplace/install/learning/lib/learning
[6.433s] Installing walk_t_sec script to /home/mi/workplace/install/learning/lib/learning
[6.433s] Installing walktest script to /home/mi/workplace/install/learning/lib/learning
[6.434s] writing list of installed files to '/home/mi/workplace/build/learning/install.log'
[6.579s] Invoked command in '/home/mi/workplace/src/learning' returned '0': PYTHONPATH=/home/mi/workplace/install/learning/lib/python3.6/site-packages:${PYTHONPATH} /usr/bin/python3 setup.py egg_info --egg-base ../../build/learning build --build-base /home/mi/workplace/build/learning/build install --prefix /home/mi/workplace/install/learning --record /home/mi/workplace/build/learning/install.log --single-version-externally-managed
