[4.228s] Invoking command in '/home/mi/workplace/src/learning': PYTHONPATH=/home/mi/workplace/install/learning/lib/python3.6/site-packages:${PYTHONPATH} /usr/bin/python3 setup.py egg_info --egg-base ../../build/learning build --build-base /home/mi/workplace/build/learning/build install --prefix /home/mi/workplace/install/learning --record /home/mi/workplace/build/learning/install.log --single-version-externally-managed
[5.851s] running egg_info
[5.854s] writing ../../build/learning/learning.egg-info/PKG-INFO
[5.856s] writing dependency_links to ../../build/learning/learning.egg-info/dependency_links.txt
[5.857s] writing entry points to ../../build/learning/learning.egg-info/entry_points.txt
[5.859s] writing requirements to ../../build/learning/learning.egg-info/requires.txt
[5.861s] writing top-level names to ../../build/learning/learning.egg-info/top_level.txt
[5.877s] reading manifest file '../../build/learning/learning.egg-info/SOURCES.txt'
[5.885s] writing manifest file '../../build/learning/learning.egg-info/SOURCES.txt'
[5.886s] running build
[5.886s] running build_py
[5.887s] copying learning/main_node.py -> /home/mi/workplace/build/learning/build/lib/learning
[5.889s] copying learning/move_node.py -> /home/mi/workplace/build/learning/build/lib/learning
[5.897s] running install
[5.898s] /usr/local/lib/python3.6/dist-packages/setuptools/command/install.py:37: SetuptoolsDeprecationWarning: setup.py install is deprecated. Use build and pip and other standards-based tools.
[5.899s]   setuptools.SetuptoolsDeprecationWarning,
[5.900s] running install_lib
[5.904s] copying /home/mi/workplace/build/learning/build/lib/learning/main_node.py -> /home/mi/workplace/install/learning/lib/python3.6/site-packages/learning
[5.905s] copying /home/mi/workplace/build/learning/build/lib/learning/move_node.py -> /home/mi/workplace/install/learning/lib/python3.6/site-packages/learning
[5.912s] byte-compiling /home/mi/workplace/install/learning/lib/python3.6/site-packages/learning/main_node.py to main_node.cpython-36.pyc
[5.915s] byte-compiling /home/mi/workplace/install/learning/lib/python3.6/site-packages/learning/move_node.py to move_node.cpython-36.pyc
[5.925s] running install_data
[5.928s] running install_egg_info
[5.936s] removing '/home/mi/workplace/install/learning/lib/python3.6/site-packages/learning-0.0.0-py3.6.egg-info' (and everything under it)
[5.947s] Copying ../../build/learning/learning.egg-info to /home/mi/workplace/install/learning/lib/python3.6/site-packages/learning-0.0.0-py3.6.egg-info
[5.947s] running install_scripts
[6.033s] Installing camera script to /home/mi/workplace/install/learning/lib/learning
[6.034s] Installing crash script to /home/mi/workplace/install/learning/lib/learning
[6.036s] Installing data_receive script to /home/mi/workplace/install/learning/lib/learning
[6.036s] Installing get_data script to /home/mi/workplace/install/learning/lib/learning
[6.037s] Installing goal script to /home/mi/workplace/install/learning/lib/learning
[6.038s] Installing keeper script to /home/mi/workplace/install/learning/lib/learning
[6.039s] Installing main script to /home/mi/workplace/install/learning/lib/learning
[6.041s] Installing move_x script to /home/mi/workplace/install/learning/lib/learning
[6.042s] Installing rgb script to /home/mi/workplace/install/learning/lib/learning
[6.043s] Installing rotate script to /home/mi/workplace/install/learning/lib/learning
[6.048s] Installing rotate_until_center1 script to /home/mi/workplace/install/learning/lib/learning
[6.049s] Installing sit script to /home/mi/workplace/install/learning/lib/learning
[6.050s] Installing stand script to /home/mi/workplace/install/learning/lib/learning
[6.050s] Installing test script to /home/mi/workplace/install/learning/lib/learning
[6.051s] Installing track script to /home/mi/workplace/install/learning/lib/learning
[6.052s] Installing walk_t_sec script to /home/mi/workplace/install/learning/lib/learning
[6.053s] Installing walktest script to /home/mi/workplace/install/learning/lib/learning
[6.053s] writing list of installed files to '/home/mi/workplace/build/learning/install.log'
[6.171s] Invoked command in '/home/mi/workplace/src/learning' returned '0': PYTHONPATH=/home/mi/workplace/install/learning/lib/python3.6/site-packages:${PYTHONPATH} /usr/bin/python3 setup.py egg_info --egg-base ../../build/learning build --build-base /home/mi/workplace/build/learning/build install --prefix /home/mi/workplace/install/learning --record /home/mi/workplace/build/learning/install.log --single-version-externally-managed
