[5.280s] Invoking command in '/home/mi/workplace/src/learning': PYTHONPATH=/home/mi/workplace/install/learning/lib/python3.6/site-packages:${PYTHONPATH} /usr/bin/python3 setup.py egg_info --egg-base ../../build/learning build --build-base /home/mi/workplace/build/learning/build install --prefix /home/mi/workplace/install/learning --record /home/mi/workplace/build/learning/install.log --single-version-externally-managed
[7.251s] running egg_info
[7.259s] writing ../../build/learning/learning.egg-info/PKG-INFO
[7.259s] writing dependency_links to ../../build/learning/learning.egg-info/dependency_links.txt
[7.265s] writing entry points to ../../build/learning/learning.egg-info/entry_points.txt
[7.267s] writing requirements to ../../build/learning/learning.egg-info/requires.txt
[7.268s] writing top-level names to ../../build/learning/learning.egg-info/top_level.txt
[7.278s] reading manifest file '../../build/learning/learning.egg-info/SOURCES.txt'
[7.293s] writing manifest file '../../build/learning/learning.egg-info/SOURCES.txt'
[7.294s] running build
[7.296s] running build_py
[7.297s] copying learning/rotate.py -> /home/mi/workplace/build/learning/build/lib/learning
[7.298s] running install
[7.300s] /usr/local/lib/python3.6/dist-packages/setuptools/command/install.py:37: SetuptoolsDeprecationWarning: setup.py install is deprecated. Use build and pip and other standards-based tools.
[7.301s]   setuptools.SetuptoolsDeprecationWarning,
[7.304s] running install_lib
[7.306s] copying /home/mi/workplace/build/learning/build/lib/learning/rotate.py -> /home/mi/workplace/install/learning/lib/python3.6/site-packages/learning
[7.309s] byte-compiling /home/mi/workplace/install/learning/lib/python3.6/site-packages/learning/rotate.py to rotate.cpython-36.pyc
[7.311s] running install_data
[7.314s] running install_egg_info
[7.324s] removing '/home/mi/workplace/install/learning/lib/python3.6/site-packages/learning-0.0.0-py3.6.egg-info' (and everything under it)
[7.329s] Copying ../../build/learning/learning.egg-info to /home/mi/workplace/install/learning/lib/python3.6/site-packages/learning-0.0.0-py3.6.egg-info
[7.334s] running install_scripts
[7.450s] Installing camera script to /home/mi/workplace/install/learning/lib/learning
[7.451s] Installing crash script to /home/mi/workplace/install/learning/lib/learning
[7.452s] Installing data_receive script to /home/mi/workplace/install/learning/lib/learning
[7.452s] Installing goal script to /home/mi/workplace/install/learning/lib/learning
[7.453s] Installing rgb script to /home/mi/workplace/install/learning/lib/learning
[7.454s] Installing rotate script to /home/mi/workplace/install/learning/lib/learning
[7.454s] Installing rotate_until_center1 script to /home/mi/workplace/install/learning/lib/learning
[7.460s] Installing stand script to /home/mi/workplace/install/learning/lib/learning
[7.461s] Installing track script to /home/mi/workplace/install/learning/lib/learning
[7.462s] Installing walk_t_sec script to /home/mi/workplace/install/learning/lib/learning
[7.462s] Installing walktest script to /home/mi/workplace/install/learning/lib/learning
[7.463s] writing list of installed files to '/home/mi/workplace/build/learning/install.log'
[7.628s] Invoked command in '/home/mi/workplace/src/learning' returned '0': PYTHONPATH=/home/mi/workplace/install/learning/lib/python3.6/site-packages:${PYTHONPATH} /usr/bin/python3 setup.py egg_info --egg-base ../../build/learning build --build-base /home/mi/workplace/build/learning/build install --prefix /home/mi/workplace/install/learning --record /home/mi/workplace/build/learning/install.log --single-version-externally-managed
