[4.669s] Invoking command in '/home/mi/workplace/src/learning': PYTHONPATH=/home/mi/workplace/install/learning/lib/python3.6/site-packages:${PYTHONPATH} /usr/bin/python3 setup.py egg_info --egg-base ../../build/learning build --build-base /home/mi/workplace/build/learning/build install --prefix /home/mi/workplace/install/learning --record /home/mi/workplace/build/learning/install.log --single-version-externally-managed
[6.435s] running egg_info
[6.441s] writing ../../build/learning/learning.egg-info/PKG-INFO
[6.443s] writing dependency_links to ../../build/learning/learning.egg-info/dependency_links.txt
[6.449s] writing entry points to ../../build/learning/learning.egg-info/entry_points.txt
[6.449s] writing requirements to ../../build/learning/learning.egg-info/requires.txt
[6.450s] writing top-level names to ../../build/learning/learning.egg-info/top_level.txt
[6.470s] reading manifest file '../../build/learning/learning.egg-info/SOURCES.txt'
[6.482s] writing manifest file '../../build/learning/learning.egg-info/SOURCES.txt'
[6.482s] running build
[6.487s] running build_py
[6.489s] copying learning/main_node.py -> /home/mi/workplace/build/learning/build/lib/learning
[6.490s] copying learning/move_node.py -> /home/mi/workplace/build/learning/build/lib/learning
[6.493s] copying learning/get_data.py -> /home/mi/workplace/build/learning/build/lib/learning
[6.493s] copying learning/rgb_cam_suber.py -> /home/mi/workplace/build/learning/build/lib/learning
[6.496s] running install
[6.497s] /usr/local/lib/python3.6/dist-packages/setuptools/command/install.py:37: SetuptoolsDeprecationWarning: setup.py install is deprecated. Use build and pip and other standards-based tools.
[6.498s]   setuptools.SetuptoolsDeprecationWarning,
[6.501s] running install_lib
[6.505s] copying /home/mi/workplace/build/learning/build/lib/learning/main_node.py -> /home/mi/workplace/install/learning/lib/python3.6/site-packages/learning
[6.509s] copying /home/mi/workplace/build/learning/build/lib/learning/move_node.py -> /home/mi/workplace/install/learning/lib/python3.6/site-packages/learning
[6.510s] copying /home/mi/workplace/build/learning/build/lib/learning/get_data.py -> /home/mi/workplace/install/learning/lib/python3.6/site-packages/learning
[6.511s] copying /home/mi/workplace/build/learning/build/lib/learning/rgb_cam_suber.py -> /home/mi/workplace/install/learning/lib/python3.6/site-packages/learning
[6.517s] byte-compiling /home/mi/workplace/install/learning/lib/python3.6/site-packages/learning/main_node.py to main_node.cpython-36.pyc
[6.520s] byte-compiling /home/mi/workplace/install/learning/lib/python3.6/site-packages/learning/move_node.py to move_node.cpython-36.pyc
[6.529s] byte-compiling /home/mi/workplace/install/learning/lib/python3.6/site-packages/learning/get_data.py to get_data.cpython-36.pyc
[6.537s] byte-compiling /home/mi/workplace/install/learning/lib/python3.6/site-packages/learning/rgb_cam_suber.py to rgb_cam_suber.cpython-36.pyc
[6.543s] running install_data
[6.546s] running install_egg_info
[6.553s] removing '/home/mi/workplace/install/learning/lib/python3.6/site-packages/learning-0.0.0-py3.6.egg-info' (and everything under it)
[6.555s] Copying ../../build/learning/learning.egg-info to /home/mi/workplace/install/learning/lib/python3.6/site-packages/learning-0.0.0-py3.6.egg-info
[6.561s] running install_scripts
[6.678s] Installing camera script to /home/mi/workplace/install/learning/lib/learning
[6.679s] Installing crash script to /home/mi/workplace/install/learning/lib/learning
[6.680s] Installing data_receive script to /home/mi/workplace/install/learning/lib/learning
[6.681s] Installing get_data script to /home/mi/workplace/install/learning/lib/learning
[6.682s] Installing goal script to /home/mi/workplace/install/learning/lib/learning
[6.683s] Installing keeper script to /home/mi/workplace/install/learning/lib/learning
[6.685s] Installing main script to /home/mi/workplace/install/learning/lib/learning
[6.686s] Installing move_x script to /home/mi/workplace/install/learning/lib/learning
[6.687s] Installing rgb script to /home/mi/workplace/install/learning/lib/learning
[6.687s] Installing rotate script to /home/mi/workplace/install/learning/lib/learning
[6.688s] Installing rotate_until_center1 script to /home/mi/workplace/install/learning/lib/learning
[6.689s] Installing sit script to /home/mi/workplace/install/learning/lib/learning
[6.689s] Installing stand script to /home/mi/workplace/install/learning/lib/learning
[6.690s] Installing track script to /home/mi/workplace/install/learning/lib/learning
[6.690s] Installing walk_t_sec script to /home/mi/workplace/install/learning/lib/learning
[6.691s] Installing walktest script to /home/mi/workplace/install/learning/lib/learning
[6.696s] writing list of installed files to '/home/mi/workplace/build/learning/install.log'
[6.842s] Invoked command in '/home/mi/workplace/src/learning' returned '0': PYTHONPATH=/home/mi/workplace/install/learning/lib/python3.6/site-packages:${PYTHONPATH} /usr/bin/python3 setup.py egg_info --egg-base ../../build/learning build --build-base /home/mi/workplace/build/learning/build install --prefix /home/mi/workplace/install/learning --record /home/mi/workplace/build/learning/install.log --single-version-externally-managed
