2024-05-03 22:40:08.334 [info] 日志级别: Info
2024-05-03 22:40:08.334 [info] 正在验证在以下位置找到的 git: "git"
2024-05-03 22:40:08.334 [info] 将使用位于 "2.17.1" 的 Git "git"
2024-05-03 22:40:08.334 [info] > git rev-parse --show-toplevel [2547ms]
2024-05-03 22:40:08.334 [info] > git rev-parse --git-dir --git-common-dir [38ms]
2024-05-03 22:40:08.334 [info] Open repository: /home/mi
2024-05-03 22:40:08.457 [info] > git config --get commit.template [96ms]
2024-05-03 22:40:08.475 [info] > git rev-parse --show-toplevel [35ms]
2024-05-03 22:40:10.067 [info] > git check-ignore -v -z --stdin [738ms]
2024-05-03 22:40:10.077 [info] > git rev-parse --show-toplevel [798ms]
2024-05-03 22:40:10.080 [info] > git for-each-ref --format=%(refname)%00%(upstream:short)%00%(objectname)%00%(upstream:track)%00%(upstream:remotename)%00%(upstream:remoteref) refs/heads/main refs/remotes/main [1583ms]
2024-05-03 22:40:10.402 [info] > git rev-parse --show-toplevel [293ms]
2024-05-03 22:40:10.700 [info] > git rev-parse --show-toplevel [163ms]
2024-05-03 22:40:11.560 [info] > git rev-parse --show-toplevel [821ms]
2024-05-03 22:40:11.652 [info] > git rev-parse --show-toplevel [60ms]
2024-05-03 22:40:11.888 [info] > git rev-parse --show-toplevel [129ms]
2024-05-03 22:40:12.076 [info] > git rev-parse --show-toplevel [151ms]
2024-05-03 22:40:12.658 [info] > git rev-parse --show-toplevel [486ms]
2024-05-03 22:40:12.902 [info] > git rev-parse --show-toplevel [207ms]
2024-05-03 22:40:13.393 [info] > git rev-parse --show-toplevel [455ms]
2024-05-03 22:40:13.419 [info] > git rev-parse --show-toplevel [5ms]
2024-05-03 22:40:13.447 [info] > git rev-parse --show-toplevel [7ms]
2024-05-03 22:40:13.476 [info] > git rev-parse --show-toplevel [7ms]
2024-05-03 22:40:13.500 [info] > git rev-parse --show-toplevel [4ms]
2024-05-03 22:40:13.560 [info] > git rev-parse --show-toplevel [38ms]
2024-05-03 22:40:13.585 [info] > git rev-parse --show-toplevel [5ms]
2024-05-03 22:40:13.609 [info] > git rev-parse --show-toplevel [4ms]
2024-05-03 22:40:13.647 [info] > git rev-parse --show-toplevel [18ms]
2024-05-03 22:40:13.674 [info] > git rev-parse --show-toplevel [5ms]
2024-05-03 22:40:13.704 [info] > git rev-parse --show-toplevel [6ms]
2024-05-03 22:40:13.731 [info] > git rev-parse --show-toplevel [7ms]
2024-05-03 22:40:13.755 [info] > git rev-parse --show-toplevel [4ms]
2024-05-03 22:40:13.784 [info] > git rev-parse --show-toplevel [4ms]
2024-05-03 22:40:13.812 [info] > git rev-parse --show-toplevel [4ms]
2024-05-03 22:40:13.841 [info] > git rev-parse --show-toplevel [3ms]
2024-05-03 22:40:13.871 [info] > git rev-parse --show-toplevel [9ms]
2024-05-03 22:40:13.897 [info] > git rev-parse --show-toplevel [5ms]
2024-05-03 22:40:13.930 [info] > git rev-parse --show-toplevel [7ms]
2024-05-03 22:40:13.967 [info] > git rev-parse --show-toplevel [11ms]
2024-05-03 22:40:14.071 [info] > git show --textconv :.bashrc [57ms]
2024-05-03 22:40:14.080 [info] > git ls-files --stage -- /home/mi/.bashrc [35ms]
2024-05-03 22:40:14.483 [info] > git cat-file -s 07035dda157cb2043954fcd188a7f18805062990 [380ms]
2024-05-03 22:40:19.956 [info] > git status -z -uall [9385ms]
2024-05-03 22:40:24.136 [info] > git merge-base refs/heads/main refs/remotes/origin/main [3899ms]
2024-05-03 22:40:24.191 [info] > git rev-list --count --left-right refs/heads/main...refs/remotes/origin/main [22ms]
2024-05-03 22:40:24.230 [info] > git config --get commit.template [109ms]
2024-05-03 22:40:24.237 [info] > git diff --name-status -z --diff-filter=ADMR 204e76f159ef4a5b90ad15a9c05af0a3b3984d4b...refs/remotes/origin/main [15ms]
2024-05-03 22:40:24.276 [info] > git for-each-ref --format=%(refname)%00%(upstream:short)%00%(objectname)%00%(upstream:track)%00%(upstream:remotename)%00%(upstream:remoteref) refs/heads/main refs/remotes/main [6ms]
2024-05-03 22:40:24.513 [info] > git check-ignore -v -z --stdin [19ms]
2024-05-03 22:40:24.767 [info] > git show --textconv :workplace/src/learning/learning/rgb_cam_suber.py [189ms]
2024-05-03 22:40:24.794 [info] > git ls-files --stage -- /home/mi/workplace/src/learning/learning/rgb_cam_suber.py [189ms]
2024-05-03 22:40:27.891 [info] > git status -z -uall [3581ms]
2024-05-03 22:40:43.234 [info] > git show --textconv :workplace/src/learning/setup.py [40ms]
2024-05-03 22:40:43.241 [info] > git ls-files --stage -- /home/mi/workplace/src/learning/setup.py [18ms]
2024-05-03 22:40:43.271 [info] > git cat-file -s b5eb11c9b824695c45f11775b93bc890a5703296 [5ms]
2024-05-03 22:43:24.193 [info] > git show --textconv :workplace/src/learning/learning/rgb_cam_suber.py [46ms]
2024-05-03 22:43:24.202 [info] > git ls-files --stage -- /home/mi/workplace/src/learning/learning/rgb_cam_suber.py [28ms]
2024-05-03 22:48:48.174 [info] > git show --textconv :workplace/src/learning/package.xml [49ms]
2024-05-03 22:48:48.179 [info] > git ls-files --stage -- /home/mi/workplace/src/learning/package.xml [16ms]
2024-05-03 22:48:48.209 [info] > git cat-file -s fd92820ad8c97c507ad088c9516861a52670aa36 [5ms]
2024-05-03 22:54:28.290 [info] > git show --textconv :workplace/src/learning/learning/ZED_Tracker_color_range.py [35ms]
2024-05-03 22:54:28.298 [info] > git ls-files --stage -- /home/mi/workplace/src/learning/learning/ZED_Tracker_color_range.py [17ms]
2024-05-03 22:54:29.196 [info] > git show --textconv :workplace/src/learning/learning/rgb_cam_suber.py [43ms]
2024-05-03 22:54:29.207 [info] > git ls-files --stage -- /home/mi/workplace/src/learning/learning/rgb_cam_suber.py [21ms]
2024-05-03 22:54:37.579 [info] > git show --textconv :workplace/src/learning/learning/track.py [58ms]
2024-05-03 22:54:37.587 [info] > git ls-files --stage -- /home/mi/workplace/src/learning/learning/track.py [25ms]
2024-05-03 23:09:51.435 [info] > git for-each-ref --format=%(refname)%00%(upstream:short)%00%(objectname)%00%(upstream:track)%00%(upstream:remotename)%00%(upstream:remoteref) refs/heads/main refs/remotes/main [9ms]
2024-05-03 23:09:51.443 [info] > git config --get commit.template [49ms]
2024-05-03 23:09:53.904 [info] > git show --textconv :.bashrc [64ms]
2024-05-03 23:09:53.910 [info] > git ls-files --stage -- /home/mi/.bashrc [33ms]
2024-05-03 23:09:53.958 [info] > git cat-file -s 07035dda157cb2043954fcd188a7f18805062990 [8ms]
2024-05-03 23:09:54.987 [info] > git status -z -uall [3515ms]
2024-05-03 23:10:00.751 [info] > git config --get commit.template [8ms]
2024-05-03 23:10:00.790 [info] > git for-each-ref --format=%(refname)%00%(upstream:short)%00%(objectname)%00%(upstream:track)%00%(upstream:remotename)%00%(upstream:remoteref) refs/heads/main refs/remotes/main [6ms]
2024-05-03 23:10:04.246 [info] > git status -z -uall [3419ms]
2024-05-03 23:10:09.769 [info] > git config --get commit.template [15ms]
2024-05-03 23:10:10.004 [info] > git for-each-ref --format=%(refname)%00%(upstream:short)%00%(objectname)%00%(upstream:track)%00%(upstream:remotename)%00%(upstream:remoteref) refs/heads/main refs/remotes/main [26ms]
2024-05-03 23:10:13.461 [info] > git status -z -uall [3259ms]
2024-05-03 23:10:19.178 [info] > git config --get commit.template [7ms]
2024-05-03 23:10:19.225 [info] > git for-each-ref --format=%(refname)%00%(upstream:short)%00%(objectname)%00%(upstream:track)%00%(upstream:remotename)%00%(upstream:remoteref) refs/heads/main refs/remotes/main [6ms]
2024-05-03 23:10:22.663 [info] > git status -z -uall [3398ms]
2024-05-03 23:10:28.163 [info] > git config --get commit.template [7ms]
2024-05-03 23:10:28.200 [info] > git for-each-ref --format=%(refname)%00%(upstream:short)%00%(objectname)%00%(upstream:track)%00%(upstream:remotename)%00%(upstream:remoteref) refs/heads/main refs/remotes/main [5ms]
2024-05-03 23:10:31.499 [info] > git status -z -uall [3264ms]
2024-05-03 23:10:45.263 [info] > git config --get commit.template [5ms]
2024-05-03 23:10:45.304 [info] > git for-each-ref --format=%(refname)%00%(upstream:short)%00%(objectname)%00%(upstream:track)%00%(upstream:remotename)%00%(upstream:remoteref) refs/heads/main refs/remotes/main [6ms]
2024-05-03 23:10:48.687 [info] > git status -z -uall [3346ms]
2024-05-03 23:10:54.154 [info] > git config --get commit.template [8ms]
2024-05-03 23:10:54.204 [info] > git for-each-ref --format=%(refname)%00%(upstream:short)%00%(objectname)%00%(upstream:track)%00%(upstream:remotename)%00%(upstream:remoteref) refs/heads/main refs/remotes/main [12ms]
2024-05-03 23:10:57.571 [info] > git status -z -uall [3328ms]
2024-05-03 23:11:18.953 [info] > git config --get commit.template [6ms]
2024-05-03 23:11:19.002 [info] > git for-each-ref --format=%(refname)%00%(upstream:short)%00%(objectname)%00%(upstream:track)%00%(upstream:remotename)%00%(upstream:remoteref) refs/heads/main refs/remotes/main [7ms]
2024-05-03 23:11:22.413 [info] > git status -z -uall [3367ms]
2024-05-03 23:11:28.030 [info] > git config --get commit.template [5ms]
2024-05-03 23:11:28.070 [info] > git for-each-ref --format=%(refname)%00%(upstream:short)%00%(objectname)%00%(upstream:track)%00%(upstream:remotename)%00%(upstream:remoteref) refs/heads/main refs/remotes/main [4ms]
2024-05-03 23:11:31.325 [info] > git status -z -uall [3209ms]
2024-05-03 23:11:34.019 [info] > git show --textconv :workplace/src/learning/learning/track.py [48ms]
2024-05-03 23:11:34.027 [info] > git ls-files --stage -- /home/mi/workplace/src/learning/learning/track.py [15ms]
2024-05-03 23:11:36.797 [info] > git config --get commit.template [4ms]
2024-05-03 23:11:36.838 [info] > git for-each-ref --format=%(refname)%00%(upstream:short)%00%(objectname)%00%(upstream:track)%00%(upstream:remotename)%00%(upstream:remoteref) refs/heads/main refs/remotes/main [6ms]
2024-05-03 23:11:40.315 [info] > git status -z -uall [3434ms]
2024-05-03 23:11:45.966 [info] > git config --get commit.template [55ms]
2024-05-03 23:11:45.979 [info] > git for-each-ref --format=%(refname)%00%(upstream:short)%00%(objectname)%00%(upstream:track)%00%(upstream:remotename)%00%(upstream:remoteref) refs/heads/main refs/remotes/main [26ms]
2024-05-03 23:11:49.740 [info] > git status -z -uall [3701ms]
2024-05-03 23:11:55.319 [info] > git for-each-ref --format=%(refname)%00%(upstream:short)%00%(objectname)%00%(upstream:track)%00%(upstream:remotename)%00%(upstream:remoteref) refs/heads/main refs/remotes/main [6ms]
2024-05-03 23:11:55.358 [info] > git config --get commit.template [108ms]
2024-05-03 23:11:59.250 [info] > git status -z -uall [3787ms]
2024-05-03 23:12:04.718 [info] > git config --get commit.template [7ms]
2024-05-03 23:12:04.767 [info] > git for-each-ref --format=%(refname)%00%(upstream:short)%00%(objectname)%00%(upstream:track)%00%(upstream:remotename)%00%(upstream:remoteref) refs/heads/main refs/remotes/main [11ms]
2024-05-03 23:12:08.171 [info] > git status -z -uall [3371ms]
2024-05-03 23:12:13.616 [info] > git config --get commit.template [5ms]
2024-05-03 23:12:13.662 [info] > git for-each-ref --format=%(refname)%00%(upstream:short)%00%(objectname)%00%(upstream:track)%00%(upstream:remotename)%00%(upstream:remoteref) refs/heads/main refs/remotes/main [7ms]
2024-05-03 23:12:17.031 [info] > git status -z -uall [3324ms]
2024-05-03 23:12:22.511 [info] > git config --get commit.template [5ms]
2024-05-03 23:12:22.559 [info] > git for-each-ref --format=%(refname)%00%(upstream:short)%00%(objectname)%00%(upstream:track)%00%(upstream:remotename)%00%(upstream:remoteref) refs/heads/main refs/remotes/main [6ms]
2024-05-03 23:12:25.865 [info] > git status -z -uall [3262ms]
2024-05-03 23:13:51.978 [info] > git config --get commit.template [5ms]
2024-05-03 23:13:52.022 [info] > git for-each-ref --format=%(refname)%00%(upstream:short)%00%(objectname)%00%(upstream:track)%00%(upstream:remotename)%00%(upstream:remoteref) refs/heads/main refs/remotes/main [8ms]
2024-05-03 23:13:55.226 [info] > git status -z -uall [3158ms]
2024-05-03 23:14:00.759 [info] > git config --get commit.template [45ms]
2024-05-03 23:14:00.768 [info] > git for-each-ref --format=%(refname)%00%(upstream:short)%00%(objectname)%00%(upstream:track)%00%(upstream:remotename)%00%(upstream:remoteref) refs/heads/main refs/remotes/main [11ms]
2024-05-03 23:14:04.030 [info] > git status -z -uall [3212ms]
2024-05-03 23:14:09.617 [info] > git config --get commit.template [79ms]
2024-05-03 23:14:09.623 [info] > git for-each-ref --format=%(refname)%00%(upstream:short)%00%(objectname)%00%(upstream:track)%00%(upstream:remotename)%00%(upstream:remoteref) refs/heads/main refs/remotes/main [14ms]
2024-05-03 23:14:13.104 [info] > git status -z -uall [3384ms]
2024-05-03 23:14:18.671 [info] > git config --get commit.template [48ms]
2024-05-03 23:14:18.675 [info] > git for-each-ref --format=%(refname)%00%(upstream:short)%00%(objectname)%00%(upstream:track)%00%(upstream:remotename)%00%(upstream:remoteref) refs/heads/main refs/remotes/main [9ms]
2024-05-03 23:14:22.137 [info] > git status -z -uall [3415ms]
2024-05-03 23:14:27.559 [info] > git config --get commit.template [5ms]
2024-05-03 23:14:27.612 [info] > git for-each-ref --format=%(refname)%00%(upstream:short)%00%(objectname)%00%(upstream:track)%00%(upstream:remotename)%00%(upstream:remoteref) refs/heads/main refs/remotes/main [7ms]
2024-05-03 23:14:31.058 [info] > git status -z -uall [3407ms]
2024-05-03 23:14:36.487 [info] > git config --get commit.template [5ms]
2024-05-03 23:14:36.534 [info] > git for-each-ref --format=%(refname)%00%(upstream:short)%00%(objectname)%00%(upstream:track)%00%(upstream:remotename)%00%(upstream:remoteref) refs/heads/main refs/remotes/main [5ms]
2024-05-03 23:14:39.843 [info] > git status -z -uall [3266ms]
2024-05-03 23:14:45.291 [info] > git config --get commit.template [6ms]
2024-05-03 23:14:45.335 [info] > git for-each-ref --format=%(refname)%00%(upstream:short)%00%(objectname)%00%(upstream:track)%00%(upstream:remotename)%00%(upstream:remoteref) refs/heads/main refs/remotes/main [7ms]
2024-05-03 23:14:48.722 [info] > git status -z -uall [3348ms]
2024-05-03 23:14:54.193 [info] > git config --get commit.template [10ms]
2024-05-03 23:14:54.242 [info] > git for-each-ref --format=%(refname)%00%(upstream:short)%00%(objectname)%00%(upstream:track)%00%(upstream:remotename)%00%(upstream:remoteref) refs/heads/main refs/remotes/main [6ms]
2024-05-03 23:14:57.355 [info] > git status -z -uall [3071ms]
2024-05-03 23:15:02.810 [info] > git config --get commit.template [47ms]
2024-05-03 23:15:02.812 [info] > git for-each-ref --format=%(refname)%00%(upstream:short)%00%(objectname)%00%(upstream:track)%00%(upstream:remotename)%00%(upstream:remoteref) refs/heads/main refs/remotes/main [7ms]
2024-05-03 23:15:06.107 [info] > git status -z -uall [3255ms]
2024-05-03 23:15:11.547 [info] > git config --get commit.template [5ms]
2024-05-03 23:15:11.597 [info] > git for-each-ref --format=%(refname)%00%(upstream:short)%00%(objectname)%00%(upstream:track)%00%(upstream:remotename)%00%(upstream:remoteref) refs/heads/main refs/remotes/main [9ms]
2024-05-03 23:15:14.816 [info] > git status -z -uall [3180ms]
2024-05-03 23:15:20.362 [info] > git config --get commit.template [8ms]
2024-05-03 23:15:20.404 [info] > git for-each-ref --format=%(refname)%00%(upstream:short)%00%(objectname)%00%(upstream:track)%00%(upstream:remotename)%00%(upstream:remoteref) refs/heads/main refs/remotes/main [5ms]
2024-05-03 23:15:23.513 [info] > git status -z -uall [3064ms]
2024-05-03 23:15:28.955 [info] > git config --get commit.template [47ms]
2024-05-03 23:15:28.960 [info] > git for-each-ref --format=%(refname)%00%(upstream:short)%00%(objectname)%00%(upstream:track)%00%(upstream:remotename)%00%(upstream:remoteref) refs/heads/main refs/remotes/main [8ms]
2024-05-03 23:15:32.358 [info] > git status -z -uall [3351ms]
2024-05-03 23:15:37.857 [info] > git config --get commit.template [6ms]
2024-05-03 23:15:37.909 [info] > git for-each-ref --format=%(refname)%00%(upstream:short)%00%(objectname)%00%(upstream:track)%00%(upstream:remotename)%00%(upstream:remoteref) refs/heads/main refs/remotes/main [7ms]
2024-05-03 23:15:41.272 [info] > git status -z -uall [3319ms]
2024-05-03 23:15:46.783 [info] > git for-each-ref --format=%(refname)%00%(upstream:short)%00%(objectname)%00%(upstream:track)%00%(upstream:remotename)%00%(upstream:remoteref) refs/heads/main refs/remotes/main [8ms]
2024-05-03 23:15:46.788 [info] > git config --get commit.template [69ms]
2024-05-03 23:15:50.167 [info] > git status -z -uall [3337ms]
2024-05-03 23:15:55.726 [info] > git config --get commit.template [4ms]
2024-05-03 23:15:55.780 [info] > git for-each-ref --format=%(refname)%00%(upstream:short)%00%(objectname)%00%(upstream:track)%00%(upstream:remotename)%00%(upstream:remoteref) refs/heads/main refs/remotes/main [5ms]
2024-05-03 23:15:59.243 [info] > git status -z -uall [3422ms]
2024-05-03 23:16:04.713 [info] > git config --get commit.template [8ms]
2024-05-03 23:16:04.770 [info] > git for-each-ref --format=%(refname)%00%(upstream:short)%00%(objectname)%00%(upstream:track)%00%(upstream:remotename)%00%(upstream:remoteref) refs/heads/main refs/remotes/main [9ms]
2024-05-03 23:16:07.977 [info] > git status -z -uall [3162ms]
2024-05-03 23:16:13.450 [info] > git config --get commit.template [7ms]
2024-05-03 23:16:13.504 [info] > git for-each-ref --format=%(refname)%00%(upstream:short)%00%(objectname)%00%(upstream:track)%00%(upstream:remotename)%00%(upstream:remoteref) refs/heads/main refs/remotes/main [9ms]
2024-05-03 23:16:16.701 [info] > git status -z -uall [3151ms]
2024-05-03 23:16:56.223 [info] > git config --get commit.template [5ms]
2024-05-03 23:16:56.258 [info] > git for-each-ref --format=%(refname)%00%(upstream:short)%00%(objectname)%00%(upstream:track)%00%(upstream:remotename)%00%(upstream:remoteref) refs/heads/main refs/remotes/main [6ms]
2024-05-03 23:16:59.757 [info] > git show --textconv :.bashrc [68ms]
2024-05-03 23:16:59.790 [info] > git ls-files --stage -- /home/mi/.bashrc [56ms]
2024-05-03 23:16:59.832 [info] > git cat-file -s 07035dda157cb2043954fcd188a7f18805062990 [11ms]
2024-05-03 23:16:59.846 [info] > git status -z -uall [3555ms]
2024-05-03 23:17:05.349 [info] > git config --get commit.template [7ms]
2024-05-03 23:17:05.393 [info] > git for-each-ref --format=%(refname)%00%(upstream:short)%00%(objectname)%00%(upstream:track)%00%(upstream:remotename)%00%(upstream:remoteref) refs/heads/main refs/remotes/main [7ms]
2024-05-03 23:17:08.801 [info] > git status -z -uall [3367ms]
2024-05-03 23:17:14.281 [info] > git config --get commit.template [8ms]
2024-05-03 23:17:14.329 [info] > git for-each-ref --format=%(refname)%00%(upstream:short)%00%(objectname)%00%(upstream:track)%00%(upstream:remotename)%00%(upstream:remoteref) refs/heads/main refs/remotes/main [8ms]
2024-05-03 23:17:17.531 [info] > git status -z -uall [3160ms]
2024-05-03 23:17:26.801 [info] > git config --get commit.template [7ms]
2024-05-03 23:17:26.845 [info] > git for-each-ref --format=%(refname)%00%(upstream:short)%00%(objectname)%00%(upstream:track)%00%(upstream:remotename)%00%(upstream:remoteref) refs/heads/main refs/remotes/main [5ms]
2024-05-03 23:17:30.135 [info] > git status -z -uall [3254ms]
2024-05-03 23:17:43.510 [info] > git config --get commit.template [7ms]
2024-05-03 23:17:43.569 [info] > git for-each-ref --format=%(refname)%00%(upstream:short)%00%(objectname)%00%(upstream:track)%00%(upstream:remotename)%00%(upstream:remoteref) refs/heads/main refs/remotes/main [12ms]
2024-05-03 23:17:46.812 [info] > git status -z -uall [3204ms]
2024-05-03 23:17:52.414 [info] > git config --get commit.template [4ms]
2024-05-03 23:17:52.463 [info] > git for-each-ref --format=%(refname)%00%(upstream:short)%00%(objectname)%00%(upstream:track)%00%(upstream:remotename)%00%(upstream:remoteref) refs/heads/main refs/remotes/main [5ms]
2024-05-03 23:17:55.689 [info] > git status -z -uall [3180ms]
2024-05-03 23:18:01.188 [info] > git config --get commit.template [12ms]
2024-05-03 23:18:01.240 [info] > git for-each-ref --format=%(refname)%00%(upstream:short)%00%(objectname)%00%(upstream:track)%00%(upstream:remotename)%00%(upstream:remoteref) refs/heads/main refs/remotes/main [6ms]
2024-05-03 23:18:04.503 [info] > git status -z -uall [3221ms]
2024-05-03 23:19:34.721 [info] > git config --get commit.template [67ms]
2024-05-03 23:19:34.732 [info] > git for-each-ref --format=%(refname)%00%(upstream:short)%00%(objectname)%00%(upstream:track)%00%(upstream:remotename)%00%(upstream:remoteref) refs/heads/main refs/remotes/main [18ms]
2024-05-03 23:19:38.044 [info] > git status -z -uall [3266ms]
2024-05-03 23:19:53.508 [info] > git config --get commit.template [4ms]
2024-05-03 23:19:53.550 [info] > git for-each-ref --format=%(refname)%00%(upstream:short)%00%(objectname)%00%(upstream:track)%00%(upstream:remotename)%00%(upstream:remoteref) refs/heads/main refs/remotes/main [7ms]
2024-05-03 23:19:57.138 [info] > git status -z -uall [3526ms]
2024-05-03 23:20:00.116 [info] > git show --textconv :workplace/src/learning/learning/rgb_cam_suber.py [97ms]
2024-05-03 23:20:00.117 [info] > git ls-files --stage -- /home/mi/workplace/src/learning/learning/rgb_cam_suber.py [56ms]
2024-05-03 23:20:00.145 [info] > git check-ignore -v -z --stdin [39ms]
2024-05-03 23:20:02.600 [info] > git config --get commit.template [5ms]
2024-05-03 23:20:02.641 [info] > git for-each-ref --format=%(refname)%00%(upstream:short)%00%(objectname)%00%(upstream:track)%00%(upstream:remotename)%00%(upstream:remoteref) refs/heads/main refs/remotes/main [4ms]
2024-05-03 23:20:04.765 [info] > git show --textconv :workplace/src/learning/learning/track.py [69ms]
2024-05-03 23:20:04.785 [info] > git ls-files --stage -- /home/mi/workplace/src/learning/learning/track.py [29ms]
2024-05-03 23:20:05.884 [info] > git status -z -uall [3204ms]
2024-05-03 23:20:11.318 [info] > git config --get commit.template [5ms]
2024-05-03 23:20:11.359 [info] > git for-each-ref --format=%(refname)%00%(upstream:short)%00%(objectname)%00%(upstream:track)%00%(upstream:remotename)%00%(upstream:remoteref) refs/heads/main refs/remotes/main [5ms]
2024-05-03 23:20:14.461 [info] > git status -z -uall [3062ms]
2024-05-03 23:20:19.910 [info] > git config --get commit.template [5ms]
2024-05-03 23:20:19.957 [info] > git for-each-ref --format=%(refname)%00%(upstream:short)%00%(objectname)%00%(upstream:track)%00%(upstream:remotename)%00%(upstream:remoteref) refs/heads/main refs/remotes/main [13ms]
2024-05-03 23:20:23.107 [info] > git status -z -uall [3097ms]
2024-05-03 23:20:28.518 [info] > git config --get commit.template [6ms]
2024-05-03 23:20:28.561 [info] > git for-each-ref --format=%(refname)%00%(upstream:short)%00%(objectname)%00%(upstream:track)%00%(upstream:remotename)%00%(upstream:remoteref) refs/heads/main refs/remotes/main [6ms]
2024-05-03 23:20:31.624 [info] > git status -z -uall [3023ms]
2024-05-03 23:20:37.108 [info] > git config --get commit.template [6ms]
2024-05-03 23:20:37.152 [info] > git for-each-ref --format=%(refname)%00%(upstream:short)%00%(objectname)%00%(upstream:track)%00%(upstream:remotename)%00%(upstream:remoteref) refs/heads/main refs/remotes/main [7ms]
2024-05-03 23:20:40.261 [info] > git status -z -uall [3072ms]
2024-05-03 23:20:45.694 [info] > git config --get commit.template [7ms]
2024-05-03 23:20:45.740 [info] > git for-each-ref --format=%(refname)%00%(upstream:short)%00%(objectname)%00%(upstream:track)%00%(upstream:remotename)%00%(upstream:remoteref) refs/heads/main refs/remotes/main [10ms]
2024-05-03 23:20:48.988 [info] > git status -z -uall [3211ms]
2024-05-03 23:20:54.421 [info] > git config --get commit.template [5ms]
2024-05-03 23:20:54.462 [info] > git for-each-ref --format=%(refname)%00%(upstream:short)%00%(objectname)%00%(upstream:track)%00%(upstream:remotename)%00%(upstream:remoteref) refs/heads/main refs/remotes/main [3ms]
2024-05-03 23:20:57.767 [info] > git status -z -uall [3266ms]
2024-05-03 23:21:03.224 [info] > git config --get commit.template [4ms]
2024-05-03 23:21:03.265 [info] > git for-each-ref --format=%(refname)%00%(upstream:short)%00%(objectname)%00%(upstream:track)%00%(upstream:remotename)%00%(upstream:remoteref) refs/heads/main refs/remotes/main [6ms]
2024-05-03 23:21:06.838 [info] > git status -z -uall [3533ms]
2024-05-03 23:21:45.865 [info] > git config --get commit.template [45ms]
2024-05-03 23:21:45.867 [info] > git for-each-ref --format=%(refname)%00%(upstream:short)%00%(objectname)%00%(upstream:track)%00%(upstream:remotename)%00%(upstream:remoteref) refs/heads/main refs/remotes/main [6ms]
2024-05-03 23:21:48.991 [info] > git status -z -uall [3075ms]
2024-05-03 23:21:54.688 [info] > git config --get commit.template [9ms]
2024-05-03 23:21:54.760 [info] > git for-each-ref --format=%(refname)%00%(upstream:short)%00%(objectname)%00%(upstream:track)%00%(upstream:remotename)%00%(upstream:remoteref) refs/heads/main refs/remotes/main [5ms]
2024-05-03 23:21:57.835 [info] > git status -z -uall [3034ms]
2024-05-03 23:22:03.281 [info] > git config --get commit.template [4ms]
2024-05-03 23:22:03.332 [info] > git for-each-ref --format=%(refname)%00%(upstream:short)%00%(objectname)%00%(upstream:track)%00%(upstream:remotename)%00%(upstream:remoteref) refs/heads/main refs/remotes/main [8ms]
2024-05-03 23:22:06.605 [info] > git status -z -uall [3230ms]
2024-05-03 23:22:12.114 [info] > git config --get commit.template [51ms]
2024-05-03 23:22:12.116 [info] > git for-each-ref --format=%(refname)%00%(upstream:short)%00%(objectname)%00%(upstream:track)%00%(upstream:remotename)%00%(upstream:remoteref) refs/heads/main refs/remotes/main [6ms]
2024-05-03 23:22:15.215 [info] > git status -z -uall [3054ms]
2024-05-03 23:22:20.642 [info] > git config --get commit.template [6ms]
2024-05-03 23:22:20.692 [info] > git for-each-ref --format=%(refname)%00%(upstream:short)%00%(objectname)%00%(upstream:track)%00%(upstream:remotename)%00%(upstream:remoteref) refs/heads/main refs/remotes/main [7ms]
2024-05-03 23:22:24.005 [info] > git status -z -uall [3263ms]
2024-05-03 23:22:29.592 [info] > git config --get commit.template [26ms]
2024-05-03 23:22:29.658 [info] > git for-each-ref --format=%(refname)%00%(upstream:short)%00%(objectname)%00%(upstream:track)%00%(upstream:remotename)%00%(upstream:remoteref) refs/heads/main refs/remotes/main [15ms]
2024-05-03 23:22:33.150 [info] > git status -z -uall [3433ms]
2024-05-03 23:22:38.631 [info] > git config --get commit.template [6ms]
2024-05-03 23:22:38.684 [info] > git for-each-ref --format=%(refname)%00%(upstream:short)%00%(objectname)%00%(upstream:track)%00%(upstream:remotename)%00%(upstream:remoteref) refs/heads/main refs/remotes/main [6ms]
2024-05-03 23:22:41.830 [info] > git status -z -uall [3100ms]
2024-05-03 23:23:20.014 [info] > git config --get commit.template [14ms]
2024-05-03 23:23:20.068 [info] > git for-each-ref --format=%(refname)%00%(upstream:short)%00%(objectname)%00%(upstream:track)%00%(upstream:remotename)%00%(upstream:remoteref) refs/heads/main refs/remotes/main [6ms]
2024-05-03 23:23:23.492 [info] > git status -z -uall [3375ms]
2024-05-03 23:23:29.020 [info] > git config --get commit.template [58ms]
2024-05-03 23:23:29.022 [info] > git for-each-ref --format=%(refname)%00%(upstream:short)%00%(objectname)%00%(upstream:track)%00%(upstream:remotename)%00%(upstream:remoteref) refs/heads/main refs/remotes/main [8ms]
2024-05-03 23:23:29.947 [info] > git check-ignore -v -z --stdin [34ms]
2024-05-03 23:23:32.247 [info] > git status -z -uall [3181ms]
2024-05-03 23:23:36.572 [info] > git check-ignore -v -z --stdin [51ms]
2024-05-03 23:23:37.648 [info] > git config --get commit.template [3ms]
2024-05-03 23:23:37.696 [info] > git for-each-ref --format=%(refname)%00%(upstream:short)%00%(objectname)%00%(upstream:track)%00%(upstream:remotename)%00%(upstream:remoteref) refs/heads/main refs/remotes/main [5ms]
2024-05-03 23:23:40.831 [info] > git status -z -uall [3083ms]
2024-05-03 23:23:46.316 [info] > git config --get commit.template [48ms]
2024-05-03 23:23:46.324 [info] > git for-each-ref --format=%(refname)%00%(upstream:short)%00%(objectname)%00%(upstream:track)%00%(upstream:remotename)%00%(upstream:remoteref) refs/heads/main refs/remotes/main [12ms]
2024-05-03 23:23:49.438 [info] > git status -z -uall [3057ms]
2024-05-03 23:23:57.009 [info] > git config --get commit.template [9ms]
2024-05-03 23:23:57.068 [info] > git for-each-ref --format=%(refname)%00%(upstream:short)%00%(objectname)%00%(upstream:track)%00%(upstream:remotename)%00%(upstream:remoteref) refs/heads/main refs/remotes/main [10ms]
2024-05-03 23:24:00.296 [info] > git status -z -uall [3176ms]
2024-05-03 23:24:05.922 [info] > git config --get commit.template [18ms]
2024-05-03 23:24:06.011 [info] > git for-each-ref --format=%(refname)%00%(upstream:short)%00%(objectname)%00%(upstream:track)%00%(upstream:remotename)%00%(upstream:remoteref) refs/heads/main refs/remotes/main [27ms]
2024-05-03 23:24:11.121 [info] > git status -z -uall [5024ms]
