[4.378s] Invoking command in '/home/mi/workplace/src/learning': PYTHONPATH=/home/mi/install/learning/lib/python3.6/site-packages:${PYTHONPATH} /usr/bin/python3 setup.py egg_info --egg-base ../../../build/learning build --build-base /home/mi/build/learning/build install --prefix /home/mi/install/learning --record /home/mi/build/learning/install.log --single-version-externally-managed
[6.175s] running egg_info
[6.178s] writing ../../../build/learning/learning.egg-info/PKG-INFO
[6.179s] writing dependency_links to ../../../build/learning/learning.egg-info/dependency_links.txt
[6.184s] writing entry points to ../../../build/learning/learning.egg-info/entry_points.txt
[6.185s] writing requirements to ../../../build/learning/learning.egg-info/requires.txt
[6.185s] writing top-level names to ../../../build/learning/learning.egg-info/top_level.txt
[6.204s] reading manifest file '../../../build/learning/learning.egg-info/SOURCES.txt'
[6.216s] writing manifest file '../../../build/learning/learning.egg-info/SOURCES.txt'
[6.216s] running build
[6.217s] running build_py
[6.225s] copying learning/get_data.py -> /home/mi/build/learning/build/lib/learning
[6.231s] running install
[6.231s] /usr/local/lib/python3.6/dist-packages/setuptools/command/install.py:37: SetuptoolsDeprecationWarning: setup.py install is deprecated. Use build and pip and other standards-based tools.
[6.232s]   setuptools.SetuptoolsDeprecationWarning,
[6.233s] running install_lib
[6.240s] copying /home/mi/build/learning/build/lib/learning/get_data.py -> /home/mi/install/learning/lib/python3.6/site-packages/learning
[6.247s] byte-compiling /home/mi/install/learning/lib/python3.6/site-packages/learning/get_data.py to get_data.cpython-36.pyc
[6.254s] running install_data
[6.259s] running install_egg_info
[6.266s] removing '/home/mi/install/learning/lib/python3.6/site-packages/learning-0.0.0-py3.6.egg-info' (and everything under it)
[6.268s] Copying ../../../build/learning/learning.egg-info to /home/mi/install/learning/lib/python3.6/site-packages/learning-0.0.0-py3.6.egg-info
[6.277s] running install_scripts
[6.388s] Installing camera script to /home/mi/install/learning/lib/learning
[6.391s] Installing crash script to /home/mi/install/learning/lib/learning
[6.392s] Installing data_receive script to /home/mi/install/learning/lib/learning
[6.394s] Installing get_data script to /home/mi/install/learning/lib/learning
[6.395s] Installing goal script to /home/mi/install/learning/lib/learning
[6.398s] Installing keeper script to /home/mi/install/learning/lib/learning
[6.398s] Installing main script to /home/mi/install/learning/lib/learning
[6.399s] Installing move_x script to /home/mi/install/learning/lib/learning
[6.399s] Installing rgb script to /home/mi/install/learning/lib/learning
[6.402s] Installing rotate script to /home/mi/install/learning/lib/learning
[6.402s] Installing rotate_until_center1 script to /home/mi/install/learning/lib/learning
[6.408s] Installing sit script to /home/mi/install/learning/lib/learning
[6.412s] Installing stand script to /home/mi/install/learning/lib/learning
[6.420s] Installing test script to /home/mi/install/learning/lib/learning
[6.421s] Installing track script to /home/mi/install/learning/lib/learning
[6.422s] Installing walk_t_sec script to /home/mi/install/learning/lib/learning
[6.423s] Installing walktest script to /home/mi/install/learning/lib/learning
[6.424s] writing list of installed files to '/home/mi/build/learning/install.log'
[6.547s] Invoked command in '/home/mi/workplace/src/learning' returned '0': PYTHONPATH=/home/mi/install/learning/lib/python3.6/site-packages:${PYTHONPATH} /usr/bin/python3 setup.py egg_info --egg-base ../../../build/learning build --build-base /home/mi/build/learning/build install --prefix /home/mi/install/learning --record /home/mi/build/learning/install.log --single-version-externally-managed
