2024-05-18 19:54:56.483 [info] Log level: Info
2024-05-18 19:54:56.483 [info] Validating found git in: "git"
2024-05-18 19:54:56.483 [info] Using git "2.17.1" from "git"
2024-05-18 19:54:56.483 [info] > git rev-parse --show-toplevel [1371ms]
2024-05-18 19:54:56.483 [info] > git rev-parse --git-dir --git-common-dir [541ms]
2024-05-18 19:54:56.483 [info] Open repository: /home/mi
2024-05-18 19:54:56.855 [info] > git rev-parse --show-toplevel [337ms]
2024-05-18 19:54:56.862 [info] > git config --get commit.template [354ms]
2024-05-18 19:54:56.959 [info] > git rev-parse --show-toplevel [76ms]
2024-05-18 19:54:56.992 [info] > git for-each-ref --format=%(refname)%00%(upstream:short)%00%(objectname)%00%(upstream:track)%00%(upstream:remotename)%00%(upstream:remoteref) refs/heads/whf_play refs/remotes/whf_play [76ms]
2024-05-18 19:54:57.060 [info] > git rev-parse --show-toplevel [75ms]
2024-05-18 19:54:57.120 [info] > git rev-parse --show-toplevel [11ms]
2024-05-18 19:54:57.801 [info] > git check-ignore -v -z --stdin [714ms]
2024-05-18 19:54:57.814 [info] > git rev-parse --show-toplevel [23ms]
2024-05-18 19:54:57.834 [info] > git rev-parse --show-toplevel [6ms]
2024-05-18 19:54:58.034 [info] > git rev-parse --show-toplevel [14ms]
2024-05-18 19:54:58.059 [info] > git rev-parse --show-toplevel [7ms]
2024-05-18 19:54:58.078 [info] > git rev-parse --show-toplevel [5ms]
2024-05-18 19:54:58.097 [info] > git rev-parse --show-toplevel [5ms]
2024-05-18 19:54:58.119 [info] > git rev-parse --show-toplevel [6ms]
2024-05-18 19:54:58.137 [info] > git rev-parse --show-toplevel [5ms]
2024-05-18 19:54:58.157 [info] > git rev-parse --show-toplevel [6ms]
2024-05-18 19:54:58.176 [info] > git rev-parse --show-toplevel [5ms]
2024-05-18 19:54:58.197 [info] > git rev-parse --show-toplevel [6ms]
2024-05-18 19:54:58.216 [info] > git rev-parse --show-toplevel [4ms]
2024-05-18 19:54:58.236 [info] > git rev-parse --show-toplevel [6ms]
2024-05-18 19:54:58.272 [info] > git rev-parse --show-toplevel [23ms]
2024-05-18 19:54:58.333 [info] > git rev-parse --show-toplevel [36ms]
2024-05-18 19:54:58.340 [info] > git status -z -uall [1329ms]
2024-05-18 19:55:03.829 [info] > git config --get commit.template [250ms]
2024-05-18 19:55:03.830 [info] > git rev-parse --show-toplevel [273ms]
2024-05-18 19:55:03.875 [info] > git rev-parse --show-toplevel [29ms]
2024-05-18 19:55:03.899 [info] > git for-each-ref --format=%(refname)%00%(upstream:short)%00%(objectname)%00%(upstream:track)%00%(upstream:remotename)%00%(upstream:remoteref) refs/heads/whf_play refs/remotes/whf_play [30ms]
2024-05-18 19:55:03.945 [info] > git rev-parse --show-toplevel [51ms]
2024-05-18 19:55:04.004 [info] > git rev-parse --show-toplevel [27ms]
2024-05-18 19:55:04.038 [info] > git rev-parse --show-toplevel [14ms]
2024-05-18 19:55:04.062 [info] > git rev-parse --show-toplevel [7ms]
2024-05-18 19:55:04.089 [info] > git rev-parse --show-toplevel [7ms]
2024-05-18 19:55:04.113 [info] > git rev-parse --show-toplevel [5ms]
2024-05-18 19:55:04.139 [info] > git rev-parse --show-toplevel [7ms]
2024-05-18 19:55:04.161 [info] > git rev-parse --show-toplevel [5ms]
2024-05-18 19:55:04.200 [info] > git rev-parse --show-toplevel [24ms]
2024-05-18 19:55:04.293 [info] > git check-ignore -v -z --stdin [97ms]
2024-05-18 19:55:04.333 [info] > git status -z -uall [418ms]
2024-05-18 19:55:09.446 [info] > git check-ignore -v -z --stdin [265ms]
2024-05-18 19:55:09.450 [info] > git show --textconv :workplace/src/ai/package.xml [160ms]
2024-05-18 19:55:09.452 [info] > git ls-files --stage -- /home/mi/workplace/src/ai/package.xml [135ms]
2024-05-18 19:55:09.489 [info] > git cat-file -s 2ce062445d0b1a7165770cd3f721d52695061844 [16ms]
2024-05-18 19:55:25.631 [info] > git check-ignore -v -z --stdin [25ms]
2024-05-18 19:55:26.809 [info] > git check-ignore -v -z --stdin [25ms]
2024-05-18 19:55:27.642 [info] > git check-ignore -v -z --stdin [18ms]
2024-05-18 19:55:31.354 [info] > git check-ignore -v -z --stdin [16ms]
2024-05-18 19:55:52.200 [info] > git config --get commit.template [305ms]
2024-05-18 19:55:52.309 [info] > git show --textconv :workplace/src/learning/learning/safe.py [84ms]
2024-05-18 19:55:52.312 [info] > git ls-files --stage -- /home/mi/workplace/src/learning/learning/safe.py [62ms]
2024-05-18 19:55:52.344 [info] > git cat-file -s 8d5b27f609675d3a1e4db6908878df56ec32e570 [13ms]
2024-05-18 19:55:52.347 [info] > git for-each-ref --format=%(refname)%00%(upstream:short)%00%(objectname)%00%(upstream:track)%00%(upstream:remotename)%00%(upstream:remoteref) refs/heads/whf_play refs/remotes/whf_play [46ms]
2024-05-18 19:55:54.989 [info] > git status -z -uall [2622ms]
2024-05-18 19:56:07.538 [info] > git config --get commit.template [88ms]
2024-05-18 19:56:07.547 [info] > git for-each-ref --format=%(refname)%00%(upstream:short)%00%(objectname)%00%(upstream:track)%00%(upstream:remotename)%00%(upstream:remoteref) refs/heads/whf_play refs/remotes/whf_play [24ms]
2024-05-18 19:56:08.628 [info] > git status -z -uall [1039ms]
2024-05-18 19:56:43.977 [info] > git config --get commit.template [63ms]
2024-05-18 19:56:44.011 [info] > git for-each-ref --format=%(refname)%00%(upstream:short)%00%(objectname)%00%(upstream:track)%00%(upstream:remotename)%00%(upstream:remoteref) refs/heads/whf_play refs/remotes/whf_play [5ms]
2024-05-18 19:56:44.374 [info] > git status -z -uall [338ms]
2024-05-18 19:57:43.221 [info] > git config --get commit.template [9ms]
2024-05-18 19:57:43.282 [info] > git for-each-ref --format=%(refname)%00%(upstream:short)%00%(objectname)%00%(upstream:track)%00%(upstream:remotename)%00%(upstream:remoteref) refs/heads/whf_play refs/remotes/whf_play [28ms]
2024-05-18 19:57:43.743 [info] > git status -z -uall [432ms]
2024-05-18 20:01:24.447 [info] > git show --textconv :workplace/src/learning/learning/stand.py [44ms]
2024-05-18 20:01:24.452 [info] > git ls-files --stage -- /home/mi/workplace/src/learning/learning/stand.py [21ms]
2024-05-18 20:01:24.482 [info] > git cat-file -s 41c5054b09baa67aa9903831f3021dd47e8bdccc [4ms]
2024-05-18 20:03:21.256 [info] > git show --textconv :workplace/src/learning/learning/safe.py [42ms]
2024-05-18 20:03:21.266 [info] > git ls-files --stage -- /home/mi/workplace/src/learning/learning/safe.py [21ms]
2024-05-18 20:03:21.299 [info] > git cat-file -s 8d5b27f609675d3a1e4db6908878df56ec32e570 [10ms]
2024-05-18 20:03:44.556 [info] > git show --textconv :workplace/src/learning/learning/see_and_crash.py [33ms]
2024-05-18 20:03:44.569 [info] > git ls-files --stage -- /home/mi/workplace/src/learning/learning/see_and_crash.py [16ms]
2024-05-18 20:03:44.601 [info] > git cat-file -s 44eef78457e5717ebd25127e3635dbcf502a9ce3 [5ms]
2024-05-18 20:03:47.172 [info] > git show --textconv :workplace/src/learning/learning/sensor_node.py [48ms]
2024-05-18 20:03:47.185 [info] > git ls-files --stage -- /home/mi/workplace/src/learning/learning/sensor_node.py [22ms]
2024-05-18 20:03:47.212 [info] > git cat-file -s 02e72f4508c47356d43f9e6cc1e0c779b5d2af62 [5ms]
2024-05-18 20:03:53.965 [info] > git show --textconv :workplace/src/learning/learning/obstacle.py [39ms]
2024-05-18 20:03:53.973 [info] > git ls-files --stage -- /home/mi/workplace/src/learning/learning/obstacle.py [19ms]
2024-05-18 20:03:54.729 [info] > git show --textconv :workplace/src/learning/learning/safe.py [45ms]
2024-05-18 20:03:54.743 [info] > git ls-files --stage -- /home/mi/workplace/src/learning/learning/safe.py [27ms]
2024-05-18 20:03:54.775 [info] > git cat-file -s 8d5b27f609675d3a1e4db6908878df56ec32e570 [10ms]
2024-05-18 20:08:42.799 [info] > git show --textconv :README.md [42ms]
2024-05-18 20:08:42.810 [info] > git ls-files --stage -- /home/mi/README.md [25ms]
2024-05-18 20:08:42.844 [info] > git cat-file -s 362a8fada7d7367ca66c27329b64db6ef19ae43d [13ms]
2024-05-18 20:09:22.935 [info] > git show --textconv :workplace/src/learning/learning/safe.py [40ms]
2024-05-18 20:09:22.942 [info] > git ls-files --stage -- /home/mi/workplace/src/learning/learning/safe.py [17ms]
2024-05-18 20:09:22.982 [info] > git cat-file -s 8d5b27f609675d3a1e4db6908878df56ec32e570 [14ms]
2024-05-18 20:12:41.629 [info] > git show --textconv :workplace/src/learning/learning/striker.py [50ms]
2024-05-18 20:12:41.636 [info] > git ls-files --stage -- /home/mi/workplace/src/learning/learning/striker.py [16ms]
2024-05-18 20:12:41.672 [info] > git cat-file -s a4a2c95790e87b0c06f5e72b1611ca14e050e365 [10ms]
2024-05-18 20:12:51.793 [info] > git show --textconv :workplace/src/learning/learning/walk_t_sec.py [32ms]
2024-05-18 20:12:51.804 [info] > git ls-files --stage -- /home/mi/workplace/src/learning/learning/walk_t_sec.py [16ms]
2024-05-18 20:12:51.832 [info] > git cat-file -s 5e3ba503b0b5def449bb3e5f24d4e2d127db49d4 [5ms]
2024-05-18 20:13:07.455 [info] > git show --textconv :workplace/src/learning/learning/safe.py [34ms]
2024-05-18 20:13:07.480 [info] > git ls-files --stage -- /home/mi/workplace/src/learning/learning/safe.py [30ms]
2024-05-18 20:13:07.507 [info] > git cat-file -s 8d5b27f609675d3a1e4db6908878df56ec32e570 [5ms]
2024-05-18 20:41:17.088 [info] > git config --get commit.template [27ms]
2024-05-18 20:41:17.093 [info] > git for-each-ref --format=%(refname)%00%(upstream:short)%00%(objectname)%00%(upstream:track)%00%(upstream:remotename)%00%(upstream:remoteref) refs/heads/whf_play refs/remotes/whf_play [12ms]
2024-05-18 20:41:17.457 [info] > git status -z -uall [339ms]
2024-05-18 20:45:36.191 [info] > git config --get commit.template [4ms]
2024-05-18 20:45:36.227 [info] > git for-each-ref --format=%(refname)%00%(upstream:short)%00%(objectname)%00%(upstream:track)%00%(upstream:remotename)%00%(upstream:remoteref) refs/heads/whf_play refs/remotes/whf_play [5ms]
2024-05-18 20:45:36.634 [info] > git status -z -uall [380ms]
2024-05-18 20:46:14.764 [info] > git config --get commit.template [4ms]
2024-05-18 20:46:14.796 [info] > git for-each-ref --format=%(refname)%00%(upstream:short)%00%(objectname)%00%(upstream:track)%00%(upstream:remotename)%00%(upstream:remoteref) refs/heads/whf_play refs/remotes/whf_play [5ms]
2024-05-18 20:46:15.145 [info] > git status -z -uall [320ms]
2024-05-18 20:46:20.665 [info] > git config --get commit.template [4ms]
2024-05-18 20:46:20.698 [info] > git for-each-ref --format=%(refname)%00%(upstream:short)%00%(objectname)%00%(upstream:track)%00%(upstream:remotename)%00%(upstream:remoteref) refs/heads/whf_play refs/remotes/whf_play [7ms]
2024-05-18 20:46:21.035 [info] > git status -z -uall [309ms]
2024-05-18 20:46:26.514 [info] > git config --get commit.template [7ms]
2024-05-18 20:46:26.545 [info] > git for-each-ref --format=%(refname)%00%(upstream:short)%00%(objectname)%00%(upstream:track)%00%(upstream:remotename)%00%(upstream:remoteref) refs/heads/whf_play refs/remotes/whf_play [6ms]
2024-05-18 20:46:26.883 [info] > git status -z -uall [310ms]
2024-05-18 20:46:32.414 [info] > git config --get commit.template [8ms]
2024-05-18 20:46:32.447 [info] > git for-each-ref --format=%(refname)%00%(upstream:short)%00%(objectname)%00%(upstream:track)%00%(upstream:remotename)%00%(upstream:remoteref) refs/heads/whf_play refs/remotes/whf_play [6ms]
2024-05-18 20:46:32.776 [info] > git status -z -uall [302ms]
2024-05-18 20:46:38.198 [info] > git config --get commit.template [37ms]
2024-05-18 20:46:38.200 [info] > git for-each-ref --format=%(refname)%00%(upstream:short)%00%(objectname)%00%(upstream:track)%00%(upstream:remotename)%00%(upstream:remoteref) refs/heads/whf_play refs/remotes/whf_play [9ms]
2024-05-18 20:46:38.547 [info] > git status -z -uall [316ms]
2024-05-18 20:46:43.972 [info] > git config --get commit.template [33ms]
2024-05-18 20:46:43.974 [info] > git for-each-ref --format=%(refname)%00%(upstream:short)%00%(objectname)%00%(upstream:track)%00%(upstream:remotename)%00%(upstream:remoteref) refs/heads/whf_play refs/remotes/whf_play [6ms]
2024-05-18 20:46:44.297 [info] > git status -z -uall [285ms]
2024-05-18 20:48:13.741 [info] > git show --textconv :workplace/src/learning/learning/walktest.py [36ms]
2024-05-18 20:48:13.749 [info] > git ls-files --stage -- /home/mi/workplace/src/learning/learning/walktest.py [14ms]
2024-05-18 20:48:13.785 [info] > git cat-file -s e26daafd84b2f542235e99310ebb89f9de53a85e [8ms]
2024-05-18 20:48:27.447 [info] > git show --textconv :workplace/src/learning/learning/walk_t_sec.py [46ms]
2024-05-18 20:48:27.452 [info] > git ls-files --stage -- /home/mi/workplace/src/learning/learning/walk_t_sec.py [25ms]
2024-05-18 20:48:27.484 [info] > git cat-file -s 5e3ba503b0b5def449bb3e5f24d4e2d127db49d4 [7ms]
2024-05-18 20:48:40.035 [info] > git show --textconv :workplace/src/learning/learning/safe.py [57ms]
2024-05-18 20:48:40.053 [info] > git ls-files --stage -- /home/mi/workplace/src/learning/learning/safe.py [32ms]
2024-05-18 20:48:40.085 [info] > git cat-file -s 8d5b27f609675d3a1e4db6908878df56ec32e570 [7ms]
2024-05-18 20:49:22.972 [info] > git config --get commit.template [4ms]
2024-05-18 20:49:23.006 [info] > git for-each-ref --format=%(refname)%00%(upstream:short)%00%(objectname)%00%(upstream:track)%00%(upstream:remotename)%00%(upstream:remoteref) refs/heads/whf_play refs/remotes/whf_play [7ms]
2024-05-18 20:49:23.414 [info] > git status -z -uall [381ms]
2024-05-18 21:01:53.065 [info] > git show --textconv :workplace/src/learning/learning/striker.py [32ms]
2024-05-18 21:01:53.072 [info] > git ls-files --stage -- /home/mi/workplace/src/learning/learning/striker.py [14ms]
2024-05-18 21:01:53.103 [info] > git cat-file -s a4a2c95790e87b0c06f5e72b1611ca14e050e365 [8ms]
2024-05-18 21:02:14.532 [info] > git show --textconv :workplace/src/learning/learning/goal.py [40ms]
2024-05-18 21:02:14.537 [info] > git ls-files --stage -- /home/mi/workplace/src/learning/learning/goal.py [18ms]
2024-05-18 21:02:14.569 [info] > git cat-file -s 9601ba2d47a292ba765f26b9ce43a5e95f62ae07 [7ms]
2024-05-18 21:03:07.696 [info] > git show --textconv :workplace/src/learning/learning/make_goal.py [26ms]
2024-05-18 21:03:07.711 [info] > git ls-files --stage -- /home/mi/workplace/src/learning/learning/make_goal.py [18ms]
2024-05-18 21:03:07.915 [info] > git check-ignore -v -z --stdin [14ms]
2024-05-18 21:05:47.448 [info] > git show --textconv :workplace/src/learning/learning/striker.py [43ms]
2024-05-18 21:05:47.459 [info] > git ls-files --stage -- /home/mi/workplace/src/learning/learning/striker.py [22ms]
2024-05-18 21:05:47.493 [info] > git cat-file -s a4a2c95790e87b0c06f5e72b1611ca14e050e365 [7ms]
2024-05-18 21:05:55.773 [info] > git show --textconv :workplace/src/learning/learning/make_goal.py [35ms]
2024-05-18 21:05:55.779 [info] > git ls-files --stage -- /home/mi/workplace/src/learning/learning/make_goal.py [15ms]
2024-05-18 21:07:15.321 [info] > git show --textconv :workplace/src/learning/learning/striker.py [36ms]
2024-05-18 21:07:15.339 [info] > git ls-files --stage -- /home/mi/workplace/src/learning/learning/striker.py [22ms]
2024-05-18 21:07:15.371 [info] > git cat-file -s a4a2c95790e87b0c06f5e72b1611ca14e050e365 [8ms]
2024-05-18 21:08:02.570 [info] > git show --textconv :workplace/src/learning/learning/stop_node.py [37ms]
2024-05-18 21:08:02.577 [info] > git ls-files --stage -- /home/mi/workplace/src/learning/learning/stop_node.py [20ms]
2024-05-18 21:08:02.614 [info] > git cat-file -s c7619e70f1c1da91768e040b135ae232a110fcc3 [8ms]
2024-05-18 21:08:27.315 [info] > git show --textconv :workplace/src/learning/learning/make_goal.py [30ms]
2024-05-18 21:08:27.324 [info] > git ls-files --stage -- /home/mi/workplace/src/learning/learning/make_goal.py [14ms]
2024-05-18 21:08:32.474 [info] > git show --textconv :workplace/src/learning/learning/decision_node.py [28ms]
2024-05-18 21:08:32.486 [info] > git ls-files --stage -- /home/mi/workplace/src/learning/learning/decision_node.py [14ms]
2024-05-18 21:08:32.516 [info] > git cat-file -s e69de29bb2d1d6434b8b29ae775ad8c2e48c5391 [7ms]
2024-05-18 21:08:34.723 [info] > git show --textconv :workplace/src/learning/learning/data_receive.py [45ms]
2024-05-18 21:08:34.729 [info] > git ls-files --stage -- /home/mi/workplace/src/learning/learning/data_receive.py [15ms]
2024-05-18 21:08:34.763 [info] > git cat-file -s c0aa6033670997c58e11fbb8255110343cb4a88c [8ms]
2024-05-18 21:08:42.509 [info] > git show --textconv :workplace/src/learning/learning/sensor_node.py [35ms]
2024-05-18 21:08:42.538 [info] > git ls-files --stage -- /home/mi/workplace/src/learning/learning/sensor_node.py [32ms]
2024-05-18 21:08:42.570 [info] > git cat-file -s 02e72f4508c47356d43f9e6cc1e0c779b5d2af62 [6ms]
2024-05-18 21:08:43.942 [info] > git show --textconv :workplace/src/learning/learning/walktest.py [42ms]
2024-05-18 21:08:43.947 [info] > git ls-files --stage -- /home/mi/workplace/src/learning/learning/walktest.py [19ms]
2024-05-18 21:08:43.980 [info] > git cat-file -s e26daafd84b2f542235e99310ebb89f9de53a85e [7ms]
2024-05-18 21:09:03.742 [info] > git show --textconv :workplace/src/learning/learning/sensor_node.py [40ms]
2024-05-18 21:09:03.748 [info] > git ls-files --stage -- /home/mi/workplace/src/learning/learning/sensor_node.py [14ms]
2024-05-18 21:09:03.784 [info] > git cat-file -s 02e72f4508c47356d43f9e6cc1e0c779b5d2af62 [8ms]
2024-05-18 21:09:09.154 [info] > git show --textconv :workplace/src/learning/learning/make_goal.py [90ms]
2024-05-18 21:09:09.154 [info] > git show --textconv :workplace/src/learning/learning/sensor_node.py [65ms]
2024-05-18 21:09:09.156 [info] > git ls-files --stage -- /home/mi/workplace/src/learning/learning/make_goal.py [34ms]
2024-05-18 21:09:09.169 [info] > git ls-files --stage -- /home/mi/workplace/src/learning/learning/sensor_node.py [21ms]
2024-05-18 21:09:09.200 [info] > git cat-file -s 02e72f4508c47356d43f9e6cc1e0c779b5d2af62 [8ms]
2024-05-18 21:09:37.449 [info] > git show --textconv :README.md [46ms]
2024-05-18 21:09:37.454 [info] > git ls-files --stage -- /home/mi/README.md [25ms]
2024-05-18 21:09:37.485 [info] > git cat-file -s 362a8fada7d7367ca66c27329b64db6ef19ae43d [5ms]
2024-05-18 21:09:47.541 [info] > git show --textconv :workplace/src/ai/package.xml [39ms]
2024-05-18 21:09:47.547 [info] > git ls-files --stage -- /home/mi/workplace/src/ai/package.xml [13ms]
2024-05-18 21:09:47.582 [info] > git cat-file -s 2ce062445d0b1a7165770cd3f721d52695061844 [7ms]
2024-05-18 21:09:48.759 [info] > git show --textconv :README.md [31ms]
2024-05-18 21:09:48.776 [info] > git ls-files --stage -- /home/mi/README.md [21ms]
2024-05-18 21:09:48.806 [info] > git cat-file -s 362a8fada7d7367ca66c27329b64db6ef19ae43d [3ms]
2024-05-18 21:10:18.178 [info] > git show --textconv :workplace/src/learning/learning/stop_node.py [43ms]
2024-05-18 21:10:18.191 [info] > git ls-files --stage -- /home/mi/workplace/src/learning/learning/stop_node.py [26ms]
2024-05-18 21:10:18.221 [info] > git cat-file -s c7619e70f1c1da91768e040b135ae232a110fcc3 [6ms]
2024-05-18 21:11:57.602 [info] > git show --textconv :workplace/src/learning/learning/striker.py [42ms]
2024-05-18 21:11:57.618 [info] > git ls-files --stage -- /home/mi/workplace/src/learning/learning/striker.py [25ms]
2024-05-18 21:11:57.659 [info] > git cat-file -s a4a2c95790e87b0c06f5e72b1611ca14e050e365 [11ms]
2024-05-18 21:13:45.072 [info] > git show --textconv :workplace/src/learning/learning/stop_node.py [40ms]
2024-05-18 21:13:45.085 [info] > git ls-files --stage -- /home/mi/workplace/src/learning/learning/stop_node.py [24ms]
2024-05-18 21:13:45.121 [info] > git cat-file -s c7619e70f1c1da91768e040b135ae232a110fcc3 [7ms]
2024-05-18 21:13:48.231 [info] > git show --textconv :workplace/src/learning/learning/rgb_cam_suber.py [44ms]
2024-05-18 21:13:48.241 [info] > git ls-files --stage -- /home/mi/workplace/src/learning/learning/rgb_cam_suber.py [17ms]
2024-05-18 21:13:48.275 [info] > git cat-file -s 2b20800a854a141fdb9fb233a6c46815e5e2ef07 [8ms]
2024-05-18 21:13:50.351 [info] > git show --textconv :workplace/src/learning/learning/rotate_to_line.py [39ms]
2024-05-18 21:13:50.360 [info] > git ls-files --stage -- /home/mi/workplace/src/learning/learning/rotate_to_line.py [18ms]
2024-05-18 21:13:50.405 [info] > git cat-file -s 64b7767b56df59f4f70f9194cbcd13fbf43c8368 [14ms]
2024-05-18 21:13:52.239 [info] > git show --textconv :workplace/src/learning/learning/rgb_cam_suber.py [44ms]
2024-05-18 21:13:52.246 [info] > git ls-files --stage -- /home/mi/workplace/src/learning/learning/rgb_cam_suber.py [16ms]
2024-05-18 21:13:52.282 [info] > git cat-file -s 2b20800a854a141fdb9fb233a6c46815e5e2ef07 [9ms]
2024-05-18 21:17:16.042 [info] > git show --textconv :README.md [42ms]
2024-05-18 21:17:16.055 [info] > git ls-files --stage -- /home/mi/README.md [22ms]
2024-05-18 21:17:16.088 [info] > git cat-file -s 362a8fada7d7367ca66c27329b64db6ef19ae43d [3ms]
2024-05-18 21:17:24.843 [info] > git show --textconv :workplace/src/learning/learning/make_goal.py [37ms]
2024-05-18 21:17:24.852 [info] > git ls-files --stage -- /home/mi/workplace/src/learning/learning/make_goal.py [12ms]
2024-05-18 21:17:26.339 [info] > git show --textconv :workplace/src/learning/learning/safe.py [45ms]
2024-05-18 21:17:26.349 [info] > git ls-files --stage -- /home/mi/workplace/src/learning/learning/safe.py [17ms]
2024-05-18 21:17:26.385 [info] > git cat-file -s 8d5b27f609675d3a1e4db6908878df56ec32e570 [4ms]
2024-05-18 21:17:32.657 [info] > git show --textconv :README.md [37ms]
2024-05-18 21:17:32.670 [info] > git ls-files --stage -- /home/mi/README.md [17ms]
2024-05-18 21:17:32.704 [info] > git cat-file -s 362a8fada7d7367ca66c27329b64db6ef19ae43d [4ms]
2024-05-18 21:17:33.513 [info] > git show --textconv :workplace/src/learning/learning/safe.py [50ms]
2024-05-18 21:17:33.515 [info] > git ls-files --stage -- /home/mi/workplace/src/learning/learning/safe.py [15ms]
2024-05-18 21:17:33.553 [info] > git cat-file -s 8d5b27f609675d3a1e4db6908878df56ec32e570 [10ms]
2024-05-18 21:17:34.023 [info] > git show --textconv :workplace/src/learning/learning/make_goal.py [35ms]
2024-05-18 21:17:34.032 [info] > git ls-files --stage -- /home/mi/workplace/src/learning/learning/make_goal.py [12ms]
2024-05-18 21:17:38.999 [info] > git show --textconv :workplace/src/learning/learning/walktest.py [40ms]
2024-05-18 21:17:39.012 [info] > git ls-files --stage -- /home/mi/workplace/src/learning/learning/walktest.py [20ms]
2024-05-18 21:17:39.061 [info] > git cat-file -s e26daafd84b2f542235e99310ebb89f9de53a85e [15ms]
2024-05-18 21:17:55.769 [info] > git check-ignore -v -z --stdin [31ms]
2024-05-18 21:17:57.124 [info] > git show --textconv :workplace/src/learning/learning/sensor_node.py [37ms]
2024-05-18 21:17:57.132 [info] > git ls-files --stage -- /home/mi/workplace/src/learning/learning/sensor_node.py [12ms]
2024-05-18 21:17:57.161 [info] > git cat-file -s 02e72f4508c47356d43f9e6cc1e0c779b5d2af62 [5ms]
2024-05-18 21:19:11.411 [info] > git show --textconv :workplace/src/learning/learning/striker.py [41ms]
2024-05-18 21:19:11.416 [info] > git ls-files --stage -- /home/mi/workplace/src/learning/learning/striker.py [15ms]
2024-05-18 21:19:11.456 [info] > git cat-file -s a4a2c95790e87b0c06f5e72b1611ca14e050e365 [9ms]
2024-05-18 21:19:40.326 [info] > git show --textconv :workplace/src/learning/learning/walktest.py [35ms]
2024-05-18 21:19:40.337 [info] > git ls-files --stage -- /home/mi/workplace/src/learning/learning/walktest.py [20ms]
2024-05-18 21:19:40.369 [info] > git cat-file -s e26daafd84b2f542235e99310ebb89f9de53a85e [9ms]
2024-05-18 21:19:44.289 [info] > git show --textconv :workplace/src/learning/learning/make_goal.py [39ms]
2024-05-18 21:19:44.302 [info] > git ls-files --stage -- /home/mi/workplace/src/learning/learning/make_goal.py [16ms]
2024-05-18 21:19:46.776 [info] > git show --textconv :workplace/src/learning/learning/walktest.py [41ms]
2024-05-18 21:19:46.786 [info] > git ls-files --stage -- /home/mi/workplace/src/learning/learning/walktest.py [16ms]
2024-05-18 21:19:46.819 [info] > git cat-file -s e26daafd84b2f542235e99310ebb89f9de53a85e [5ms]
2024-05-18 21:19:47.493 [info] > git show --textconv :workplace/src/learning/learning/striker.py [43ms]
2024-05-18 21:19:47.499 [info] > git ls-files --stage -- /home/mi/workplace/src/learning/learning/striker.py [17ms]
2024-05-18 21:19:47.534 [info] > git cat-file -s a4a2c95790e87b0c06f5e72b1611ca14e050e365 [6ms]
2024-05-18 21:19:48.302 [info] > git show --textconv :workplace/src/learning/learning/walktest.py [37ms]
2024-05-18 21:19:48.312 [info] > git ls-files --stage -- /home/mi/workplace/src/learning/learning/walktest.py [15ms]
2024-05-18 21:19:48.345 [info] > git cat-file -s e26daafd84b2f542235e99310ebb89f9de53a85e [5ms]
2024-05-18 21:19:54.972 [info] > git show --textconv :workplace/src/learning/learning/striker.py [51ms]
2024-05-18 21:19:54.978 [info] > git ls-files --stage -- /home/mi/workplace/src/learning/learning/striker.py [24ms]
2024-05-18 21:19:55.014 [info] > git cat-file -s a4a2c95790e87b0c06f5e72b1611ca14e050e365 [8ms]
2024-05-18 21:20:06.564 [info] > git show --textconv :workplace/src/learning/learning/make_goal.py [42ms]
2024-05-18 21:20:06.574 [info] > git ls-files --stage -- /home/mi/workplace/src/learning/learning/make_goal.py [20ms]
2024-05-18 21:27:40.049 [info] > git show --textconv :workplace/src/learning/learning/walktest.py [32ms]
2024-05-18 21:27:40.059 [info] > git ls-files --stage -- /home/mi/workplace/src/learning/learning/walktest.py [14ms]
2024-05-18 21:27:40.090 [info] > git cat-file -s e26daafd84b2f542235e99310ebb89f9de53a85e [5ms]
2024-05-18 21:28:25.325 [info] > git show --textconv :workplace/src/learning/learning/make_goal.py [33ms]
2024-05-18 21:28:25.340 [info] > git ls-files --stage -- /home/mi/workplace/src/learning/learning/make_goal.py [21ms]
2024-05-18 21:39:45.555 [info] > git show --textconv :workplace/src/learning/learning/goal.py [33ms]
2024-05-18 21:39:45.567 [info] > git ls-files --stage -- /home/mi/workplace/src/learning/learning/goal.py [18ms]
2024-05-18 21:39:45.602 [info] > git cat-file -s 9601ba2d47a292ba765f26b9ce43a5e95f62ae07 [10ms]
2024-05-18 21:39:59.079 [info] > git show --textconv :workplace/src/learning/learning/make_goal.py [37ms]
2024-05-18 21:39:59.093 [info] > git ls-files --stage -- /home/mi/workplace/src/learning/learning/make_goal.py [21ms]
2024-05-18 21:40:00.056 [info] > git show --textconv :workplace/src/learning/learning/goal.py [31ms]
2024-05-18 21:40:00.067 [info] > git ls-files --stage -- /home/mi/workplace/src/learning/learning/goal.py [16ms]
2024-05-18 21:40:00.100 [info] > git cat-file -s 9601ba2d47a292ba765f26b9ce43a5e95f62ae07 [9ms]
2024-05-18 21:41:38.374 [info] > git show --textconv :workplace/src/learning/learning/make_goal.py [32ms]
2024-05-18 21:41:38.383 [info] > git ls-files --stage -- /home/mi/workplace/src/learning/learning/make_goal.py [17ms]
2024-05-18 21:44:50.676 [info] > git show --textconv :workplace/src/learning/learning/walktest.py [39ms]
2024-05-18 21:44:50.681 [info] > git ls-files --stage -- /home/mi/workplace/src/learning/learning/walktest.py [18ms]
2024-05-18 21:44:50.724 [info] > git cat-file -s e26daafd84b2f542235e99310ebb89f9de53a85e [15ms]
2024-05-18 21:44:51.693 [info] > git show --textconv :workplace/src/learning/learning/walk_t_sec.py [49ms]
2024-05-18 21:44:51.702 [info] > git ls-files --stage -- /home/mi/workplace/src/learning/learning/walk_t_sec.py [21ms]
2024-05-18 21:44:51.738 [info] > git cat-file -s 5e3ba503b0b5def449bb3e5f24d4e2d127db49d4 [8ms]
2024-05-18 21:45:04.558 [info] > git show --textconv :workplace/src/learning/learning/make_goal.py [33ms]
2024-05-18 21:45:04.574 [info] > git ls-files --stage -- /home/mi/workplace/src/learning/learning/make_goal.py [22ms]
2024-05-18 21:53:41.821 [info] > git show --textconv :workplace/src/learning/learning/walk_t_sec.py [36ms]
2024-05-18 21:53:41.834 [info] > git ls-files --stage -- /home/mi/workplace/src/learning/learning/walk_t_sec.py [18ms]
2024-05-18 21:53:41.871 [info] > git cat-file -s 5e3ba503b0b5def449bb3e5f24d4e2d127db49d4 [9ms]
2024-05-18 21:53:48.014 [info] > git show --textconv :workplace/src/learning/learning/make_goal.py [36ms]
2024-05-18 21:53:48.030 [info] > git ls-files --stage -- /home/mi/workplace/src/learning/learning/make_goal.py [20ms]
2024-05-18 21:54:10.390 [info] > git show --textconv :workplace/src/learning/learning/walk_t_sec.py [38ms]
2024-05-18 21:54:10.397 [info] > git ls-files --stage -- /home/mi/workplace/src/learning/learning/walk_t_sec.py [15ms]
2024-05-18 21:54:10.427 [info] > git cat-file -s 5e3ba503b0b5def449bb3e5f24d4e2d127db49d4 [4ms]
2024-05-18 21:54:12.591 [info] > git show --textconv :workplace/src/learning/learning/make_goal.py [37ms]
2024-05-18 21:54:12.601 [info] > git ls-files --stage -- /home/mi/workplace/src/learning/learning/make_goal.py [16ms]
2024-05-18 21:55:12.758 [info] > git show --textconv :workplace/src/learning/learning/safe.py [43ms]
2024-05-18 21:55:12.764 [info] > git ls-files --stage -- /home/mi/workplace/src/learning/learning/safe.py [14ms]
2024-05-18 21:55:12.799 [info] > git cat-file -s 8d5b27f609675d3a1e4db6908878df56ec32e570 [8ms]
2024-05-18 21:55:19.902 [info] > git show --textconv :workplace/src/learning/learning/make_goal.py [36ms]
2024-05-18 21:55:19.911 [info] > git ls-files --stage -- /home/mi/workplace/src/learning/learning/make_goal.py [14ms]
2024-05-18 21:55:28.530 [info] > git show --textconv :workplace/src/learning/learning/safe.py [48ms]
2024-05-18 21:55:28.537 [info] > git ls-files --stage -- /home/mi/workplace/src/learning/learning/safe.py [23ms]
2024-05-18 21:55:28.567 [info] > git cat-file -s 8d5b27f609675d3a1e4db6908878df56ec32e570 [5ms]
2024-05-18 21:55:35.624 [info] > git show --textconv :workplace/src/learning/learning/make_goal.py [33ms]
2024-05-18 21:55:35.634 [info] > git ls-files --stage -- /home/mi/workplace/src/learning/learning/make_goal.py [17ms]
2024-05-18 21:56:20.319 [info] > git show --textconv :workplace/src/learning/learning/safe.py [31ms]
2024-05-18 21:56:20.334 [info] > git ls-files --stage -- /home/mi/workplace/src/learning/learning/safe.py [19ms]
2024-05-18 21:56:20.362 [info] > git cat-file -s 8d5b27f609675d3a1e4db6908878df56ec32e570 [3ms]
2024-05-18 21:56:25.286 [info] > git show --textconv :workplace/src/learning/learning/rotate.py [50ms]
2024-05-18 21:56:25.300 [info] > git ls-files --stage -- /home/mi/workplace/src/learning/learning/rotate.py [20ms]
2024-05-18 21:56:25.331 [info] > git cat-file -s e7b2e332236f0974352ac45addea76ecfbd536d5 [7ms]
2024-05-18 21:58:08.845 [info] > git show --textconv :workplace/src/learning/learning/safe.py [39ms]
2024-05-18 21:58:08.850 [info] > git ls-files --stage -- /home/mi/workplace/src/learning/learning/safe.py [18ms]
2024-05-18 21:58:08.881 [info] > git cat-file -s 8d5b27f609675d3a1e4db6908878df56ec32e570 [8ms]
2024-05-18 21:58:14.092 [info] > git show --textconv :workplace/src/learning/learning/make_goal.py [39ms]
2024-05-18 21:58:14.103 [info] > git ls-files --stage -- /home/mi/workplace/src/learning/learning/make_goal.py [26ms]
2024-05-18 21:58:43.042 [info] > git show --textconv :workplace/src/learning/learning/safe.py [34ms]
2024-05-18 21:58:43.054 [info] > git ls-files --stage -- /home/mi/workplace/src/learning/learning/safe.py [19ms]
2024-05-18 21:58:43.084 [info] > git cat-file -s 8d5b27f609675d3a1e4db6908878df56ec32e570 [6ms]
2024-05-18 21:58:43.591 [info] > git show --textconv :workplace/src/ai/package.xml [33ms]
2024-05-18 21:58:43.598 [info] > git ls-files --stage -- /home/mi/workplace/src/ai/package.xml [14ms]
2024-05-18 21:58:43.628 [info] > git cat-file -s 2ce062445d0b1a7165770cd3f721d52695061844 [4ms]
2024-05-18 22:00:06.074 [info] > git check-ignore -v -z --stdin [19ms]
2024-05-18 22:00:11.977 [info] > git show --textconv :workplace/src/learning/learning/data_receive.py [46ms]
2024-05-18 22:00:11.984 [info] > git ls-files --stage -- /home/mi/workplace/src/learning/learning/data_receive.py [19ms]
2024-05-18 22:00:12.019 [info] > git cat-file -s c0aa6033670997c58e11fbb8255110343cb4a88c [6ms]
2024-05-18 22:01:02.999 [info] > git show --textconv :workplace/src/learning/learning/get_data.py [34ms]
2024-05-18 22:01:03.008 [info] > git ls-files --stage -- /home/mi/workplace/src/learning/learning/get_data.py [13ms]
2024-05-18 22:01:03.048 [info] > git cat-file -s 800d7233d01b573967820d7dbb6e9559de33a623 [11ms]
2024-05-18 22:02:17.631 [info] > git show --textconv :workplace/src/learning/learning/data_receive.py [54ms]
2024-05-18 22:02:17.641 [info] > git ls-files --stage -- /home/mi/workplace/src/learning/learning/data_receive.py [20ms]
2024-05-18 22:02:17.674 [info] > git cat-file -s c0aa6033670997c58e11fbb8255110343cb4a88c [7ms]
2024-05-18 22:02:20.640 [info] > git show --textconv :workplace/src/learning/learning/get_data.py [34ms]
2024-05-18 22:02:20.647 [info] > git ls-files --stage -- /home/mi/workplace/src/learning/learning/get_data.py [13ms]
2024-05-18 22:02:20.677 [info] > git cat-file -s 800d7233d01b573967820d7dbb6e9559de33a623 [5ms]
2024-05-18 22:02:21.361 [info] > git show --textconv :workplace/src/learning/learning/data_receive.py [34ms]
2024-05-18 22:02:21.375 [info] > git ls-files --stage -- /home/mi/workplace/src/learning/learning/data_receive.py [19ms]
2024-05-18 22:02:21.406 [info] > git cat-file -s c0aa6033670997c58e11fbb8255110343cb4a88c [3ms]
2024-05-18 22:02:25.737 [info] > git show --textconv :workplace/src/learning/learning/get_data.py [40ms]
2024-05-18 22:02:25.748 [info] > git ls-files --stage -- /home/mi/workplace/src/learning/learning/get_data.py [24ms]
2024-05-18 22:02:25.780 [info] > git cat-file -s 800d7233d01b573967820d7dbb6e9559de33a623 [7ms]
2024-05-18 22:02:46.213 [info] > git show --textconv HEAD:workplace/src/learning/learning/get_data.py [31ms]
2024-05-18 22:02:46.221 [info] > git ls-tree -l HEAD -- /home/mi/workplace/src/learning/learning/get_data.py [9ms]
2024-05-18 22:03:23.891 [info] > git show --textconv :workplace/src/learning/learning/data_receive.py [34ms]
2024-05-18 22:03:23.905 [info] > git ls-files --stage -- /home/mi/workplace/src/learning/learning/data_receive.py [23ms]
2024-05-18 22:03:23.938 [info] > git cat-file -s c0aa6033670997c58e11fbb8255110343cb4a88c [7ms]
2024-05-18 22:03:24.718 [info] > git show --textconv :workplace/src/learning/learning/get_data.py [33ms]
2024-05-18 22:03:24.726 [info] > git ls-files --stage -- /home/mi/workplace/src/learning/learning/get_data.py [16ms]
2024-05-18 22:03:24.755 [info] > git cat-file -s 800d7233d01b573967820d7dbb6e9559de33a623 [5ms]
2024-05-18 22:03:38.287 [info] > git show --textconv :workplace/src/learning/learning/data_receive.py [37ms]
2024-05-18 22:03:38.294 [info] > git ls-files --stage -- /home/mi/workplace/src/learning/learning/data_receive.py [12ms]
2024-05-18 22:03:38.327 [info] > git cat-file -s c0aa6033670997c58e11fbb8255110343cb4a88c [6ms]
2024-05-18 22:03:45.376 [info] > git show --textconv :workplace/src/learning/learning/get_data.py [98ms]
2024-05-18 22:03:45.376 [info] > git show --textconv :workplace/src/learning/learning/data_receive.py [67ms]
2024-05-18 22:03:45.378 [info] > git ls-files --stage -- /home/mi/workplace/src/learning/learning/get_data.py [37ms]
2024-05-18 22:03:45.416 [info] > git cat-file -s 800d7233d01b573967820d7dbb6e9559de33a623 [12ms]
2024-05-18 22:03:45.417 [info] > git ls-files --stage -- /home/mi/workplace/src/learning/learning/data_receive.py [49ms]
2024-05-18 22:03:45.448 [info] > git cat-file -s c0aa6033670997c58e11fbb8255110343cb4a88c [7ms]
2024-05-18 22:12:10.269 [info] > git show --textconv :workplace/src/learning/setup.py [36ms]
2024-05-18 22:12:10.275 [info] > git ls-files --stage -- /home/mi/workplace/src/learning/setup.py [12ms]
2024-05-18 22:12:10.305 [info] > git cat-file -s c4ebe81192724a01ee5733974015fd8bf16f4686 [4ms]
2024-05-18 22:12:51.043 [info] > git show --textconv :workplace/src/learning/learning/get_data.py [40ms]
2024-05-18 22:12:51.047 [info] > git ls-files --stage -- /home/mi/workplace/src/learning/learning/get_data.py [16ms]
2024-05-18 22:12:51.082 [info] > git cat-file -s 800d7233d01b573967820d7dbb6e9559de33a623 [8ms]
2024-05-18 22:13:13.721 [info] > git show --textconv :workplace/src/learning/setup.py [32ms]
2024-05-18 22:13:13.732 [info] > git ls-files --stage -- /home/mi/workplace/src/learning/setup.py [16ms]
2024-05-18 22:13:13.766 [info] > git cat-file -s c4ebe81192724a01ee5733974015fd8bf16f4686 [8ms]
2024-05-18 22:14:56.598 [info] > git show --textconv :workplace/src/learning/learning/get_data.py [36ms]
2024-05-18 22:14:56.606 [info] > git ls-files --stage -- /home/mi/workplace/src/learning/learning/get_data.py [12ms]
2024-05-18 22:14:56.643 [info] > git cat-file -s 800d7233d01b573967820d7dbb6e9559de33a623 [11ms]
2024-05-18 22:15:52.140 [info] > git show --textconv :workplace/src/learning/learning/data_receive.py [46ms]
2024-05-18 22:15:52.153 [info] > git ls-files --stage -- /home/mi/workplace/src/learning/learning/data_receive.py [26ms]
2024-05-18 22:15:52.187 [info] > git cat-file -s c0aa6033670997c58e11fbb8255110343cb4a88c [7ms]
2024-05-18 22:16:04.263 [info] > git config --get commit.template [6ms]
2024-05-18 22:16:04.299 [info] > git for-each-ref --format=%(refname)%00%(upstream:short)%00%(objectname)%00%(upstream:track)%00%(upstream:remotename)%00%(upstream:remoteref) refs/heads/whf_play refs/remotes/whf_play [5ms]
2024-05-18 22:16:04.679 [info] > git status -z -uall [350ms]
2024-05-18 22:16:08.401 [info] > git show --textconv :workplace/src/learning/learning/get_data.py [39ms]
2024-05-18 22:16:08.407 [info] > git ls-files --stage -- /home/mi/workplace/src/learning/learning/get_data.py [12ms]
2024-05-18 22:16:08.443 [info] > git cat-file -s 800d7233d01b573967820d7dbb6e9559de33a623 [4ms]
2024-05-18 22:16:58.413 [info] > git config --get commit.template [7ms]
2024-05-18 22:16:58.450 [info] > git for-each-ref --format=%(refname)%00%(upstream:short)%00%(objectname)%00%(upstream:track)%00%(upstream:remotename)%00%(upstream:remoteref) refs/heads/whf_play refs/remotes/whf_play [5ms]
2024-05-18 22:16:58.841 [info] > git status -z -uall [356ms]
2024-05-18 22:17:04.335 [info] > git config --get commit.template [4ms]
2024-05-18 22:17:04.376 [info] > git for-each-ref --format=%(refname)%00%(upstream:short)%00%(objectname)%00%(upstream:track)%00%(upstream:remotename)%00%(upstream:remoteref) refs/heads/whf_play refs/remotes/whf_play [6ms]
2024-05-18 22:17:04.723 [info] > git status -z -uall [315ms]
2024-05-18 22:17:10.203 [info] > git config --get commit.template [37ms]
2024-05-18 22:17:10.207 [info] > git for-each-ref --format=%(refname)%00%(upstream:short)%00%(objectname)%00%(upstream:track)%00%(upstream:remotename)%00%(upstream:remoteref) refs/heads/whf_play refs/remotes/whf_play [12ms]
2024-05-18 22:17:10.541 [info] > git status -z -uall [301ms]
2024-05-18 22:24:55.589 [info] > git config --get commit.template [10ms]
2024-05-18 22:24:55.630 [info] > git for-each-ref --format=%(refname)%00%(upstream:short)%00%(objectname)%00%(upstream:track)%00%(upstream:remotename)%00%(upstream:remoteref) refs/heads/whf_play refs/remotes/whf_play [9ms]
2024-05-18 22:24:56.066 [info] > git status -z -uall [406ms] (cancelled)
2024-05-18 23:32:19.147 [info] > git show --textconv :workplace/src/learning/learning/make_goal.py [33ms]
2024-05-18 23:32:19.161 [info] > git ls-files --stage -- /home/mi/workplace/src/learning/learning/make_goal.py [19ms]
2024-05-18 23:36:21.137 [info] > git show --textconv :README.md [35ms]
2024-05-18 23:36:21.149 [info] > git ls-files --stage -- /home/mi/README.md [19ms]
2024-05-18 23:36:21.185 [info] > git cat-file -s 362a8fada7d7367ca66c27329b64db6ef19ae43d [7ms]
2024-05-18 23:37:02.790 [info] > git show --textconv :workplace/src/learning/learning/camera.py [35ms]
2024-05-18 23:37:02.801 [info] > git ls-files --stage -- /home/mi/workplace/src/learning/learning/camera.py [18ms]
2024-05-18 23:37:02.842 [info] > git cat-file -s 57d25ca86ebe15ac4fd13d672c220a5052800460 [8ms]
2024-05-18 23:37:10.238 [info] > git show --textconv :workplace/src/learning/learning/crash.py [33ms]
2024-05-18 23:37:10.253 [info] > git ls-files --stage -- /home/mi/workplace/src/learning/learning/crash.py [18ms]
2024-05-18 23:37:10.289 [info] > git cat-file -s f547fe11b8bb522299afb02955a2f9df74b87ff4 [4ms]
2024-05-18 23:37:11.124 [info] > git show --textconv :workplace/src/learning/learning/data_receive.py [35ms]
2024-05-18 23:37:11.138 [info] > git ls-files --stage -- /home/mi/workplace/src/learning/learning/data_receive.py [22ms]
2024-05-18 23:37:11.176 [info] > git cat-file -s c0aa6033670997c58e11fbb8255110343cb4a88c [7ms]
2024-05-18 23:37:15.522 [info] > git show --textconv :workplace/src/learning/learning/decision_node.py [30ms]
2024-05-18 23:37:15.532 [info] > git ls-files --stage -- /home/mi/workplace/src/learning/learning/decision_node.py [13ms]
2024-05-18 23:37:15.568 [info] > git cat-file -s e69de29bb2d1d6434b8b29ae775ad8c2e48c5391 [8ms]
2024-05-18 23:37:16.555 [info] > git show --textconv :workplace/src/learning/learning/geometry.py [39ms]
2024-05-18 23:37:16.562 [info] > git ls-files --stage -- /home/mi/workplace/src/learning/learning/geometry.py [13ms]
2024-05-18 23:37:16.604 [info] > git cat-file -s b7e2f40e67344a999938665d07006848e874300b [10ms]
2024-05-18 23:37:21.987 [info] > git show --textconv :workplace/src/learning/learning/get_data.py [40ms]
2024-05-18 23:37:21.995 [info] > git ls-files --stage -- /home/mi/workplace/src/learning/learning/get_data.py [14ms]
2024-05-18 23:37:22.026 [info] > git cat-file -s 800d7233d01b573967820d7dbb6e9559de33a623 [5ms]
2024-05-18 23:37:23.061 [info] > git show --textconv :workplace/src/learning/learning/get_loc.py [38ms]
2024-05-18 23:37:23.068 [info] > git ls-files --stage -- /home/mi/workplace/src/learning/learning/get_loc.py [12ms]
2024-05-18 23:37:23.099 [info] > git cat-file -s 330476b8be27b64527cbfdc03a10715a185de84e [4ms]
2024-05-18 23:37:23.680 [info] > git show --textconv :workplace/src/learning/learning/get_data.py [42ms]
2024-05-18 23:37:23.687 [info] > git ls-files --stage -- /home/mi/workplace/src/learning/learning/get_data.py [12ms]
2024-05-18 23:37:23.719 [info] > git cat-file -s 800d7233d01b573967820d7dbb6e9559de33a623 [3ms]
2024-05-18 23:37:29.080 [info] > git show --textconv :workplace/src/learning/learning/get_loc.py [38ms]
2024-05-18 23:37:29.087 [info] > git ls-files --stage -- /home/mi/workplace/src/learning/learning/get_loc.py [13ms]
2024-05-18 23:37:29.125 [info] > git cat-file -s 330476b8be27b64527cbfdc03a10715a185de84e [7ms]
2024-05-18 23:38:43.012 [info] > git show --textconv :workplace/src/learning/learning/get_data.py [39ms]
2024-05-18 23:38:43.021 [info] > git ls-files --stage -- /home/mi/workplace/src/learning/learning/get_data.py [20ms]
2024-05-18 23:38:43.057 [info] > git cat-file -s 800d7233d01b573967820d7dbb6e9559de33a623 [6ms]
2024-05-18 23:38:45.202 [info] > git show --textconv :workplace/src/learning/learning/get_loc.py [42ms]
2024-05-18 23:38:45.209 [info] > git ls-files --stage -- /home/mi/workplace/src/learning/learning/get_loc.py [16ms]
2024-05-18 23:38:45.245 [info] > git cat-file -s 330476b8be27b64527cbfdc03a10715a185de84e [5ms]
2024-05-18 23:39:00.650 [info] > git show --textconv :workplace/src/learning/learning/get_data.py [34ms]
2024-05-18 23:39:00.660 [info] > git ls-files --stage -- /home/mi/workplace/src/learning/learning/get_data.py [15ms]
2024-05-18 23:39:00.694 [info] > git cat-file -s 800d7233d01b573967820d7dbb6e9559de33a623 [5ms]
2024-05-18 23:39:01.882 [info] > git show --textconv :workplace/src/learning/learning/get_loc.py [43ms]
2024-05-18 23:39:01.890 [info] > git ls-files --stage -- /home/mi/workplace/src/learning/learning/get_loc.py [19ms]
2024-05-18 23:39:01.924 [info] > git cat-file -s 330476b8be27b64527cbfdc03a10715a185de84e [5ms]
2024-05-18 23:39:06.267 [info] > git show --textconv :workplace/src/learning/learning/get_data.py [85ms]
2024-05-18 23:39:06.273 [info] > git ls-files --stage -- /home/mi/workplace/src/learning/learning/get_data.py [38ms]
2024-05-18 23:39:06.355 [info] > git cat-file -s 800d7233d01b573967820d7dbb6e9559de33a623 [11ms]
2024-05-18 23:39:40.922 [info] > git show --textconv :workplace/src/learning/learning/get_loc.py [38ms]
2024-05-18 23:39:40.934 [info] > git ls-files --stage -- /home/mi/workplace/src/learning/learning/get_loc.py [18ms]
2024-05-18 23:39:40.968 [info] > git cat-file -s 330476b8be27b64527cbfdc03a10715a185de84e [6ms]
2024-05-18 23:40:19.515 [info] > git show --textconv :workplace/src/learning/learning/get_data.py [37ms]
2024-05-18 23:40:19.520 [info] > git ls-files --stage -- /home/mi/workplace/src/learning/learning/get_data.py [13ms]
2024-05-18 23:40:19.560 [info] > git cat-file -s 800d7233d01b573967820d7dbb6e9559de33a623 [7ms]
2024-05-18 23:40:29.439 [info] > git show --textconv :workplace/src/learning/learning/get_loc.py [40ms]
2024-05-18 23:40:29.450 [info] > git ls-files --stage -- /home/mi/workplace/src/learning/learning/get_loc.py [20ms]
2024-05-18 23:40:29.484 [info] > git cat-file -s 330476b8be27b64527cbfdc03a10715a185de84e [5ms]
2024-05-18 23:40:41.619 [info] > git show --textconv :workplace/src/learning/learning/get_data.py [38ms]
2024-05-18 23:40:41.633 [info] > git ls-files --stage -- /home/mi/workplace/src/learning/learning/get_data.py [19ms]
2024-05-18 23:40:41.669 [info] > git cat-file -s 800d7233d01b573967820d7dbb6e9559de33a623 [5ms]
2024-05-18 23:40:59.640 [info] > git show --textconv :workplace/src/learning/learning/get_loc.py [40ms]
2024-05-18 23:40:59.653 [info] > git ls-files --stage -- /home/mi/workplace/src/learning/learning/get_loc.py [18ms]
2024-05-18 23:40:59.691 [info] > git cat-file -s 330476b8be27b64527cbfdc03a10715a185de84e [5ms]
2024-05-18 23:41:06.008 [info] > git show --textconv :workplace/src/learning/learning/get_data.py [34ms]
2024-05-18 23:41:06.018 [info] > git ls-files --stage -- /home/mi/workplace/src/learning/learning/get_data.py [14ms]
2024-05-18 23:41:06.055 [info] > git cat-file -s 800d7233d01b573967820d7dbb6e9559de33a623 [9ms]
2024-05-18 23:41:50.128 [info] > git show --textconv :workplace/src/learning/learning/get_loc.py [48ms]
2024-05-18 23:41:50.135 [info] > git ls-files --stage -- /home/mi/workplace/src/learning/learning/get_loc.py [17ms]
2024-05-18 23:41:50.173 [info] > git cat-file -s 330476b8be27b64527cbfdc03a10715a185de84e [9ms]
2024-05-18 23:42:00.168 [info] > git show --textconv :workplace/src/learning/learning/get_data.py [44ms]
2024-05-18 23:42:00.176 [info] > git ls-files --stage -- /home/mi/workplace/src/learning/learning/get_data.py [16ms]
2024-05-18 23:42:00.210 [info] > git cat-file -s 800d7233d01b573967820d7dbb6e9559de33a623 [6ms]
2024-05-18 23:48:52.468 [info] > git show --textconv :workplace/src/learning/learning/get_loc.py [45ms]
2024-05-18 23:48:52.478 [info] > git ls-files --stage -- /home/mi/workplace/src/learning/learning/get_loc.py [18ms]
2024-05-18 23:48:52.517 [info] > git cat-file -s 330476b8be27b64527cbfdc03a10715a185de84e [10ms]
2024-05-18 23:48:53.233 [info] > git show --textconv :workplace/src/learning/learning/get_data.py [41ms]
2024-05-18 23:48:53.249 [info] > git ls-files --stage -- /home/mi/workplace/src/learning/learning/get_data.py [28ms]
2024-05-18 23:48:53.283 [info] > git cat-file -s 800d7233d01b573967820d7dbb6e9559de33a623 [6ms]
2024-05-18 23:48:54.044 [info] > git show --textconv :workplace/src/learning/learning/get_loc.py [38ms]
2024-05-18 23:48:54.050 [info] > git ls-files --stage -- /home/mi/workplace/src/learning/learning/get_loc.py [13ms]
2024-05-18 23:48:54.087 [info] > git cat-file -s 330476b8be27b64527cbfdc03a10715a185de84e [7ms]
2024-05-18 23:48:55.918 [info] > git show --textconv :workplace/src/learning/learning/get_data.py [40ms]
2024-05-18 23:48:55.926 [info] > git ls-files --stage -- /home/mi/workplace/src/learning/learning/get_data.py [14ms]
2024-05-18 23:48:55.961 [info] > git cat-file -s 800d7233d01b573967820d7dbb6e9559de33a623 [7ms]
2024-05-18 23:51:40.301 [info] > git show --textconv :workplace/src/learning/learning/get_loc.py [40ms]
2024-05-18 23:51:40.316 [info] > git ls-files --stage -- /home/mi/workplace/src/learning/learning/get_loc.py [23ms]
2024-05-18 23:51:40.351 [info] > git cat-file -s 330476b8be27b64527cbfdc03a10715a185de84e [7ms]
2024-05-18 23:51:41.427 [info] > git show --textconv :workplace/src/learning/learning/get_data.py [44ms]
2024-05-18 23:51:41.436 [info] > git ls-files --stage -- /home/mi/workplace/src/learning/learning/get_data.py [19ms]
2024-05-18 23:51:41.471 [info] > git cat-file -s 800d7233d01b573967820d7dbb6e9559de33a623 [6ms]
2024-05-18 23:52:08.889 [info] > git show --textconv :workplace/src/learning/learning/get_loc.py [36ms]
2024-05-18 23:52:08.898 [info] > git ls-files --stage -- /home/mi/workplace/src/learning/learning/get_loc.py [14ms]
2024-05-18 23:52:08.934 [info] > git cat-file -s 330476b8be27b64527cbfdc03a10715a185de84e [4ms]
2024-05-18 23:52:16.402 [info] > git show --textconv :workplace/src/learning/learning/get_data.py [42ms]
2024-05-18 23:52:16.409 [info] > git ls-files --stage -- /home/mi/workplace/src/learning/learning/get_data.py [15ms]
2024-05-18 23:52:16.448 [info] > git cat-file -s 800d7233d01b573967820d7dbb6e9559de33a623 [9ms]
2024-05-19 00:04:23.927 [info] > git show --textconv :workplace/src/learning/learning/data_receive.py [40ms]
2024-05-19 00:04:23.935 [info] > git ls-files --stage -- /home/mi/workplace/src/learning/learning/data_receive.py [12ms]
2024-05-19 00:04:23.968 [info] > git cat-file -s c0aa6033670997c58e11fbb8255110343cb4a88c [4ms]
2024-05-19 00:04:43.279 [info] > git show --textconv :workplace/src/learning/learning/get_data.py [38ms]
2024-05-19 00:04:43.287 [info] > git ls-files --stage -- /home/mi/workplace/src/learning/learning/get_data.py [17ms]
2024-05-19 00:04:43.326 [info] > git cat-file -s 800d7233d01b573967820d7dbb6e9559de33a623 [9ms]
2024-05-19 00:06:46.554 [info] > git show --textconv :workplace/src/learning/learning/get_loc.py [34ms]
2024-05-19 00:06:46.570 [info] > git ls-files --stage -- /home/mi/workplace/src/learning/learning/get_loc.py [22ms]
2024-05-19 00:06:46.603 [info] > git cat-file -s 330476b8be27b64527cbfdc03a10715a185de84e [4ms]
2024-05-19 00:06:51.180 [info] > git show --textconv :workplace/src/learning/learning/get_data.py [44ms]
2024-05-19 00:06:51.184 [info] > git ls-files --stage -- /home/mi/workplace/src/learning/learning/get_data.py [18ms]
2024-05-19 00:06:51.220 [info] > git cat-file -s 800d7233d01b573967820d7dbb6e9559de33a623 [4ms]
2024-05-19 00:06:53.856 [info] > git show --textconv :workplace/src/learning/learning/data_receive.py [50ms]
2024-05-19 00:06:53.868 [info] > git ls-files --stage -- /home/mi/workplace/src/learning/learning/data_receive.py [28ms]
2024-05-19 00:06:53.905 [info] > git cat-file -s c0aa6033670997c58e11fbb8255110343cb4a88c [5ms]
2024-05-19 00:07:00.763 [info] > git show --textconv :workplace/src/learning/learning/get_data.py [60ms]
2024-05-19 00:07:00.777 [info] > git ls-files --stage -- /home/mi/workplace/src/learning/learning/get_data.py [33ms]
2024-05-19 00:07:00.819 [info] > git cat-file -s 800d7233d01b573967820d7dbb6e9559de33a623 [9ms]
2024-05-19 00:07:04.564 [info] > git show --textconv :workplace/src/learning/learning/make_goal.py [36ms]
2024-05-19 00:07:04.570 [info] > git ls-files --stage -- /home/mi/workplace/src/learning/learning/make_goal.py [12ms]
2024-05-19 00:09:54.524 [info] > git show --textconv :workplace/src/learning/learning/get_data.py [35ms]
2024-05-19 00:09:54.535 [info] > git ls-files --stage -- /home/mi/workplace/src/learning/learning/get_data.py [15ms]
2024-05-19 00:09:54.570 [info] > git cat-file -s 800d7233d01b573967820d7dbb6e9559de33a623 [5ms]
2024-05-19 00:09:58.656 [info] > git show --textconv :workplace/src/learning/learning/make_goal.py [37ms]
2024-05-19 00:09:58.672 [info] > git ls-files --stage -- /home/mi/workplace/src/learning/learning/make_goal.py [19ms]
2024-05-19 00:12:49.298 [info] > git show --textconv :workplace/src/learning/learning/safe.py [41ms]
2024-05-19 00:12:49.306 [info] > git ls-files --stage -- /home/mi/workplace/src/learning/learning/safe.py [14ms]
2024-05-19 00:12:49.340 [info] > git cat-file -s 8d5b27f609675d3a1e4db6908878df56ec32e570 [7ms]
2024-05-19 00:12:50.336 [info] > git show --textconv :workplace/src/learning/learning/get_data.py [30ms]
2024-05-19 00:12:50.345 [info] > git ls-files --stage -- /home/mi/workplace/src/learning/learning/get_data.py [13ms]
2024-05-19 00:12:50.375 [info] > git cat-file -s 800d7233d01b573967820d7dbb6e9559de33a623 [4ms]
2024-05-19 00:16:37.389 [info] > git show --textconv :workplace/src/learning/learning/make_goal.py [38ms]
2024-05-19 00:16:37.397 [info] > git ls-files --stage -- /home/mi/workplace/src/learning/learning/make_goal.py [18ms]
2024-05-19 00:16:42.096 [info] > git show --textconv :workplace/src/learning/learning/get_data.py [36ms]
2024-05-19 00:16:42.106 [info] > git ls-files --stage -- /home/mi/workplace/src/learning/learning/get_data.py [14ms]
2024-05-19 00:16:42.140 [info] > git cat-file -s 800d7233d01b573967820d7dbb6e9559de33a623 [4ms]
2024-05-19 00:16:45.127 [info] > git show --textconv :workplace/src/learning/learning/make_goal.py [32ms]
2024-05-19 00:16:45.136 [info] > git ls-files --stage -- /home/mi/workplace/src/learning/learning/make_goal.py [14ms]
2024-05-19 00:17:01.868 [info] > git show --textconv :workplace/src/learning/learning/get_data.py [49ms]
2024-05-19 00:17:01.882 [info] > git ls-files --stage -- /home/mi/workplace/src/learning/learning/get_data.py [30ms]
2024-05-19 00:17:01.917 [info] > git cat-file -s 800d7233d01b573967820d7dbb6e9559de33a623 [6ms]
2024-05-19 00:17:04.722 [info] > git show --textconv :workplace/src/learning/learning/make_goal.py [48ms]
2024-05-19 00:17:04.729 [info] > git ls-files --stage -- /home/mi/workplace/src/learning/learning/make_goal.py [22ms]
2024-05-19 00:19:11.045 [info] > git show --textconv :workplace/src/learning/learning/get_data.py [37ms]
2024-05-19 00:19:11.054 [info] > git ls-files --stage -- /home/mi/workplace/src/learning/learning/get_data.py [13ms]
2024-05-19 00:19:11.086 [info] > git cat-file -s 800d7233d01b573967820d7dbb6e9559de33a623 [4ms]
2024-05-19 00:29:46.505 [info] > git show --textconv :workplace/src/learning/learning/safe.py [115ms]
2024-05-19 00:29:46.507 [info] > git ls-files --stage -- /home/mi/workplace/src/learning/learning/safe.py [33ms]
2024-05-19 00:29:46.617 [info] > git cat-file -s 8d5b27f609675d3a1e4db6908878df56ec32e570 [31ms]
2024-05-19 00:29:46.927 [info] > git show --textconv :workplace/src/learning/learning/make_goal.py [43ms]
2024-05-19 00:29:46.939 [info] > git ls-files --stage -- /home/mi/workplace/src/learning/learning/make_goal.py [17ms]
2024-05-19 00:30:38.054 [info] > git ls-files --stage -- /home/mi/workplace/src/learning/learning/make_goal.py [12ms]
2024-05-19 00:30:38.129 [info] > git show --textconv :workplace/src/learning/learning/make_goal.py [13ms]
2024-05-19 00:30:43.684 [info] > git ls-files --stage -- /home/mi/workplace/src/learning/learning/make_goal.py [13ms]
2024-05-19 00:30:43.775 [info] > git show --textconv :workplace/src/learning/learning/make_goal.py [13ms]
2024-05-19 00:33:12.922 [info] > git show --textconv :workplace/src/learning/learning/rgb_cam_suber.py [42ms]
2024-05-19 00:33:12.932 [info] > git ls-files --stage -- /home/mi/workplace/src/learning/learning/rgb_cam_suber.py [13ms]
2024-05-19 00:33:12.968 [info] > git cat-file -s b38402a83f866eeb0d1d3f91067562218521e60a [5ms]
2024-05-19 00:33:25.090 [info] > git show --textconv :workplace/src/learning/learning/walk_t_sec.py [36ms]
2024-05-19 00:33:25.099 [info] > git ls-files --stage -- /home/mi/workplace/src/learning/learning/walk_t_sec.py [12ms]
2024-05-19 00:33:25.131 [info] > git cat-file -s 5e3ba503b0b5def449bb3e5f24d4e2d127db49d4 [5ms]
2024-05-19 00:33:26.869 [info] > git show --textconv :workplace/src/learning/learning/walktest.py [42ms]
2024-05-19 00:33:26.881 [info] > git ls-files --stage -- /home/mi/workplace/src/learning/learning/walktest.py [19ms]
2024-05-19 00:33:26.920 [info] > git cat-file -s 9da343d9239af8f13a77ea2a4e3e3baf31c705ae [13ms]
2024-05-19 00:33:29.089 [info] > git show --textconv :workplace/src/learning/learning/make_goal.py [93ms]
2024-05-19 00:33:29.089 [info] > git show --textconv :workplace/src/learning/learning/walktest.py [66ms]
2024-05-19 00:33:29.090 [info] > git ls-files --stage -- /home/mi/workplace/src/learning/learning/make_goal.py [38ms]
2024-05-19 00:33:29.101 [info] > git ls-files --stage -- /home/mi/workplace/src/learning/learning/walktest.py [20ms]
2024-05-19 00:33:29.134 [info] > git cat-file -s 9da343d9239af8f13a77ea2a4e3e3baf31c705ae [7ms]
2024-05-19 00:33:38.951 [info] > git show --textconv :workplace/src/learning/learning/sensor_node.py [38ms]
2024-05-19 00:33:38.970 [info] > git ls-files --stage -- /home/mi/workplace/src/learning/learning/sensor_node.py [25ms]
2024-05-19 00:33:39.004 [info] > git cat-file -s 02e72f4508c47356d43f9e6cc1e0c779b5d2af62 [6ms]
2024-05-19 00:34:52.349 [info] > git show --textconv :workplace/src/learning/learning/walktest.py [36ms]
2024-05-19 00:34:52.359 [info] > git ls-files --stage -- /home/mi/workplace/src/learning/learning/walktest.py [15ms]
2024-05-19 00:34:52.394 [info] > git cat-file -s 9da343d9239af8f13a77ea2a4e3e3baf31c705ae [7ms]
2024-05-19 00:34:54.168 [info] > git show --textconv :workplace/src/learning/learning/walktest.py [101ms]
2024-05-19 00:34:54.169 [info] > git show --textconv :workplace/src/learning/learning/sensor_node.py [69ms]
2024-05-19 00:34:54.170 [info] > git ls-files --stage -- /home/mi/workplace/src/learning/learning/walktest.py [40ms]
2024-05-19 00:34:54.210 [info] > git cat-file -s 9da343d9239af8f13a77ea2a4e3e3baf31c705ae [14ms]
2024-05-19 00:34:54.212 [info] > git ls-files --stage -- /home/mi/workplace/src/learning/learning/sensor_node.py [54ms]
2024-05-19 00:34:54.249 [info] > git cat-file -s 02e72f4508c47356d43f9e6cc1e0c779b5d2af62 [8ms]
2024-05-19 00:35:30.710 [info] > git show --textconv :workplace/src/learning/learning/make_goal.py [29ms]
2024-05-19 00:35:30.725 [info] > git ls-files --stage -- /home/mi/workplace/src/learning/learning/make_goal.py [17ms]
2024-05-19 00:35:31.690 [info] > git show --textconv :workplace/src/learning/learning/safe.py [37ms]
2024-05-19 00:35:31.699 [info] > git ls-files --stage -- /home/mi/workplace/src/learning/learning/safe.py [15ms]
2024-05-19 00:35:31.737 [info] > git cat-file -s b16984641b80bba1f138c526c63de8f35dfd4932 [5ms]
2024-05-19 00:49:58.545 [info] > git ls-files --stage -- /home/mi/workplace/src/learning/learning/safe.py [12ms]
2024-05-19 00:49:58.583 [info] > git cat-file -s 07a0ba1a1d05550d86b8f44f397be3a9acb0bb98 [5ms]
2024-05-19 00:49:58.654 [info] > git show --textconv :workplace/src/learning/learning/safe.py [14ms]
2024-05-19 00:50:18.443 [info] > git ls-files --stage -- /home/mi/workplace/src/learning/learning/safe.py [13ms]
2024-05-19 00:50:18.479 [info] > git cat-file -s 07a0ba1a1d05550d86b8f44f397be3a9acb0bb98 [4ms]
2024-05-19 00:50:18.541 [info] > git show --textconv :workplace/src/learning/learning/safe.py [14ms]
