2024-05-05 09:55:33.985 [info] Log level: Info
2024-05-05 09:55:33.985 [info] Validating found git in: "D:pp2ititmdit.exe"
2024-05-05 09:55:33.985 [info] Unable to find git on the PATH: "D:pp2ititmdit.exe". Error: spawn D:pp2ititmdit.exe ENOENT
2024-05-05 09:55:33.985 [info] Validating found git in: "git"
2024-05-05 09:55:33.985 [info] Using git "2.17.1" from "git"
2024-05-05 09:55:33.985 [info] > git rev-parse --show-toplevel [549ms]
2024-05-05 09:55:33.985 [info] > git rev-parse --git-dir --git-common-dir [386ms]
2024-05-05 09:55:33.985 [info] Open repository: /home/mi
2024-05-05 09:55:34.283 [info] > git rev-parse --show-toplevel [243ms]
2024-05-05 09:55:34.289 [info] > git config --get commit.template [273ms]
2024-05-05 09:55:34.400 [info] > git rev-parse --show-toplevel [86ms]
2024-05-05 09:55:36.271 [info] > git for-each-ref --format=%(refname)%00%(upstream:short)%00%(objectname)%00%(upstream:track)%00%(upstream:remotename)%00%(upstream:remoteref) refs/heads/main refs/remotes/main [1902ms]
2024-05-05 09:55:36.396 [info] > git rev-parse --show-toplevel [140ms]
2024-05-05 09:55:36.426 [info] > git check-ignore -v -z --stdin [131ms]
2024-05-05 09:55:36.493 [info] > git rev-parse --show-toplevel [74ms]
2024-05-05 09:55:36.659 [info] > git rev-parse --show-toplevel [121ms]
2024-05-05 09:55:36.716 [info] > git rev-parse --show-toplevel [19ms]
2024-05-05 09:55:36.833 [info] > git rev-parse --show-toplevel [93ms]
2024-05-05 09:55:37.019 [info] > git rev-parse --show-toplevel [153ms]
2024-05-05 09:55:37.057 [info] > git rev-parse --show-toplevel [9ms]
2024-05-05 09:55:37.109 [info] > git status -z -uall [592ms]
2024-05-05 09:55:37.329 [info] > git rev-parse --show-toplevel [250ms]
2024-05-05 09:55:38.916 [info] > git merge-base refs/heads/main refs/remotes/origin/main [1757ms]
2024-05-05 09:55:38.973 [info] > git rev-list --count --left-right refs/heads/main...refs/remotes/origin/main [35ms]
2024-05-05 09:55:38.999 [info] > git rev-parse --show-toplevel [146ms]
2024-05-05 09:55:39.004 [info] > git config --get commit.template [167ms]
2024-05-05 09:55:39.030 [info] > git diff --name-status -z --diff-filter=ADMR 1785e2ffb5c58c7a4e066a01d5440065b3639e73...refs/remotes/origin/main [33ms]
2024-05-05 09:55:39.160 [info] > git rev-parse --show-toplevel [137ms]
2024-05-05 09:55:39.186 [info] > git for-each-ref --format=%(refname)%00%(upstream:short)%00%(objectname)%00%(upstream:track)%00%(upstream:remotename)%00%(upstream:remoteref) refs/heads/main refs/remotes/main [132ms]
2024-05-05 09:55:39.190 [info] > git rev-parse --show-toplevel [9ms]
2024-05-05 09:55:39.219 [info] > git rev-parse --show-toplevel [8ms]
2024-05-05 09:55:39.268 [info] > git rev-parse --show-toplevel [9ms]
2024-05-05 09:55:39.305 [info] > git rev-parse --show-toplevel [10ms]
2024-05-05 09:55:39.337 [info] > git rev-parse --show-toplevel [8ms]
2024-05-05 09:55:39.389 [info] > git rev-parse --show-toplevel [35ms]
2024-05-05 09:55:39.413 [info] > git rev-parse --show-toplevel [4ms]
2024-05-05 09:55:39.435 [info] > git rev-parse --show-toplevel [4ms]
2024-05-05 09:55:39.461 [info] > git rev-parse --show-toplevel [5ms]
2024-05-05 09:55:39.482 [info] > git rev-parse --show-toplevel [3ms]
2024-05-05 09:55:39.503 [info] > git rev-parse --show-toplevel [4ms]
2024-05-05 09:55:39.527 [info] > git status -z -uall [288ms]
2024-05-05 09:55:39.645 [info] > git rev-parse --show-toplevel [124ms]
2024-05-05 09:55:40.102 [info] > git rev-parse --show-toplevel [53ms]
2024-05-05 09:55:40.137 [info] > git rev-parse --show-toplevel [6ms]
2024-05-05 09:55:40.160 [info] > git rev-parse --show-toplevel [4ms]
2024-05-05 09:55:40.200 [info] > git rev-parse --show-toplevel [21ms]
2024-05-05 09:55:40.224 [info] > git rev-parse --show-toplevel [5ms]
2024-05-05 09:55:40.250 [info] > git rev-parse --show-toplevel [5ms]
2024-05-05 09:55:40.319 [info] > git show --textconv :README.md [29ms]
2024-05-05 09:55:40.336 [info] > git ls-files --stage -- /home/mi/README.md [23ms]
2024-05-05 09:55:40.359 [info] > git cat-file -s 77878e1b5fc68ff6eecacbf751c5cf9f5fa196dd [6ms]
2024-05-05 09:57:49.859 [info] > git show --textconv :workplace/src/learning/learning/track.py [41ms]
2024-05-05 09:57:49.866 [info] > git ls-files --stage -- /home/mi/workplace/src/learning/learning/track.py [18ms]
2024-05-05 09:57:49.907 [info] > git cat-file -s a962c6336d222a1efdebbf544f3a5b8f1d526b1d [20ms]
2024-05-05 09:57:50.018 [info] > git check-ignore -v -z --stdin [19ms]
2024-05-05 09:59:41.726 [info] > git show --textconv :workplace/src/learning/setup.py [48ms]
2024-05-05 09:59:41.732 [info] > git ls-files --stage -- /home/mi/workplace/src/learning/setup.py [22ms]
2024-05-05 09:59:41.758 [info] > git cat-file -s 016c33775d2ea4043a3d35b4581c0547fd426ab0 [5ms]
2024-05-05 10:00:37.459 [info] > git show --textconv :.bashrc [28ms]
2024-05-05 10:00:37.480 [info] > git ls-files --stage -- /home/mi/.bashrc [25ms]
2024-05-05 10:00:37.504 [info] > git cat-file -s 0787b3142632c83a88f185be4c1567c05cc2f849 [4ms]
2024-05-05 10:04:15.575 [info] > git show --textconv :workplace/src/learning/learning/rgb_cam_suber.py [52ms]
2024-05-05 10:04:15.596 [info] > git ls-files --stage -- /home/mi/workplace/src/learning/learning/rgb_cam_suber.py [33ms]
2024-05-05 10:04:15.629 [info] > git cat-file -s 3e0ff7b208544c4d0f41fce9b6bf39ae1679ec55 [5ms]
2024-05-05 10:04:24.009 [info] > git show --textconv :workplace/src/learning/learning/track.py [37ms]
2024-05-05 10:04:24.025 [info] > git ls-files --stage -- /home/mi/workplace/src/learning/learning/track.py [23ms]
2024-05-05 10:04:24.052 [info] > git cat-file -s a962c6336d222a1efdebbf544f3a5b8f1d526b1d [4ms]
2024-05-05 10:18:17.863 [info] > git check-ignore -v -z --stdin [29ms]
2024-05-05 10:18:19.736 [info] > git check-ignore -v -z --stdin [22ms]
2024-05-05 10:18:37.390 [info] > git check-ignore -v -z --stdin [33ms]
2024-05-05 10:18:46.219 [info] > git show --textconv :workplace/src/learning/learning/re [36ms]
2024-05-05 10:18:46.231 [info] > git ls-files --stage -- /home/mi/workplace/src/learning/learning/re [25ms]
2024-05-05 10:18:46.437 [info] > git check-ignore -v -z --stdin [25ms]
2024-05-05 10:18:55.003 [info] > git show --textconv :workplace/src/learning/learning/track.py [23ms]
2024-05-05 10:18:55.018 [info] > git ls-files --stage -- /home/mi/workplace/src/learning/learning/track.py [17ms]
2024-05-05 10:18:55.042 [info] > git cat-file -s a962c6336d222a1efdebbf544f3a5b8f1d526b1d [7ms]
2024-05-05 10:19:45.258 [info] > git show --textconv :workplace/src/learning/learning/data_receive.py [23ms]
2024-05-05 10:19:45.275 [info] > git ls-files --stage -- /home/mi/workplace/src/learning/learning/data_receive.py [20ms]
2024-05-05 10:19:45.466 [info] > git check-ignore -v -z --stdin [24ms]
2024-05-05 10:20:24.150 [info] > git check-ignore -v -z --stdin [31ms]
2024-05-05 10:20:29.517 [info] > git show --textconv :workplace/src/learning/setup.py [26ms]
2024-05-05 10:20:29.530 [info] > git ls-files --stage -- /home/mi/workplace/src/learning/setup.py [16ms]
2024-05-05 10:20:29.557 [info] > git cat-file -s 016c33775d2ea4043a3d35b4581c0547fd426ab0 [9ms]
2024-05-05 10:21:06.105 [info] > git show --textconv :workplace/src/learning/learning/data_receive.py [29ms]
2024-05-05 10:21:06.120 [info] > git ls-files --stage -- /home/mi/workplace/src/learning/learning/data_receive.py [18ms]
2024-05-05 10:29:40.205 [info] > git check-ignore -v -z --stdin [22ms]
2024-05-05 10:29:41.102 [info] > git show --textconv :README.md [27ms]
2024-05-05 10:29:41.120 [info] > git ls-files --stage -- /home/mi/README.md [26ms]
2024-05-05 10:29:41.151 [info] > git cat-file -s 77878e1b5fc68ff6eecacbf751c5cf9f5fa196dd [7ms]
2024-05-05 10:34:22.487 [info] > git show --textconv :workplace/src/learning/learning/walktest.py [33ms]
2024-05-05 10:34:22.502 [info] > git ls-files --stage -- /home/mi/workplace/src/learning/learning/walktest.py [21ms]
2024-05-05 10:34:22.527 [info] > git cat-file -s e26daafd84b2f542235e99310ebb89f9de53a85e [5ms]
2024-05-05 10:51:58.401 [info] > git show --textconv :workplace/src/learning/learning/rgb_cam_suber.py [26ms]
2024-05-05 10:51:58.416 [info] > git ls-files --stage -- /home/mi/workplace/src/learning/learning/rgb_cam_suber.py [18ms]
2024-05-05 10:51:58.440 [info] > git cat-file -s 3e0ff7b208544c4d0f41fce9b6bf39ae1679ec55 [2ms]
2024-05-05 10:52:00.619 [info] > git show --textconv :workplace/src/learning/learning/track.py [27ms]
2024-05-05 10:52:00.635 [info] > git ls-files --stage -- /home/mi/workplace/src/learning/learning/track.py [21ms]
2024-05-05 10:52:00.656 [info] > git cat-file -s a962c6336d222a1efdebbf544f3a5b8f1d526b1d [4ms]
2024-05-05 10:52:08.369 [info] > git show --textconv :workplace/src/learning/learning/walktest.py [25ms]
2024-05-05 10:52:08.384 [info] > git ls-files --stage -- /home/mi/workplace/src/learning/learning/walktest.py [20ms]
2024-05-05 10:52:08.407 [info] > git cat-file -s e26daafd84b2f542235e99310ebb89f9de53a85e [6ms]
2024-05-05 10:57:32.418 [info] > git show --textconv :README.md [35ms]
2024-05-05 10:57:32.451 [info] > git ls-files --stage -- /home/mi/README.md [41ms]
2024-05-05 10:57:32.478 [info] > git cat-file -s 77878e1b5fc68ff6eecacbf751c5cf9f5fa196dd [8ms]
2024-05-05 10:57:33.662 [info] > git show --textconv :workplace/src/learning/learning/walktest.py [31ms]
2024-05-05 10:57:33.674 [info] > git ls-files --stage -- /home/mi/workplace/src/learning/learning/walktest.py [14ms]
2024-05-05 10:57:33.698 [info] > git cat-file -s e26daafd84b2f542235e99310ebb89f9de53a85e [5ms]
2024-05-05 10:57:36.749 [info] > git show --textconv :workplace/src/learning/learning/track.py [29ms]
2024-05-05 10:57:36.761 [info] > git ls-files --stage -- /home/mi/workplace/src/learning/learning/track.py [19ms]
2024-05-05 10:57:36.783 [info] > git cat-file -s a962c6336d222a1efdebbf544f3a5b8f1d526b1d [4ms]
2024-05-05 10:57:49.109 [info] > git show --textconv :workplace/src/learning/learning/data_receive.py [41ms]
2024-05-05 10:57:49.127 [info] > git ls-files --stage -- /home/mi/workplace/src/learning/learning/data_receive.py [22ms]
2024-05-05 10:59:55.671 [info] > git show --textconv :workplace/src/learning/learning/rotate_until_center.py [29ms]
2024-05-05 10:59:55.683 [info] > git ls-files --stage -- /home/mi/workplace/src/learning/learning/rotate_until_center.py [19ms]
2024-05-05 10:59:55.902 [info] > git check-ignore -v -z --stdin [21ms]
2024-05-05 11:07:35.516 [info] > git show --textconv :workplace/src/learning/learning/data_receive.py [30ms]
2024-05-05 11:07:35.532 [info] > git ls-files --stage -- /home/mi/workplace/src/learning/learning/data_receive.py [24ms]
2024-05-05 11:07:37.429 [info] > git show --textconv :workplace/src/learning/learning/rotate_until_center.py [32ms]
2024-05-05 11:07:37.435 [info] > git ls-files --stage -- /home/mi/workplace/src/learning/learning/rotate_until_center.py [16ms]
2024-05-05 11:07:39.740 [info] > git show --textconv :workplace/src/learning/learning/rgb_cam_suber.py [35ms]
2024-05-05 11:07:39.747 [info] > git ls-files --stage -- /home/mi/workplace/src/learning/learning/rgb_cam_suber.py [14ms]
2024-05-05 11:07:39.773 [info] > git cat-file -s 3e0ff7b208544c4d0f41fce9b6bf39ae1679ec55 [5ms]
2024-05-05 11:07:42.994 [info] > git show --textconv :workplace/src/learning/learning/track.py [26ms]
2024-05-05 11:07:43.008 [info] > git ls-files --stage -- /home/mi/workplace/src/learning/learning/track.py [15ms]
2024-05-05 11:07:43.036 [info] > git cat-file -s a962c6336d222a1efdebbf544f3a5b8f1d526b1d [5ms]
2024-05-05 11:08:12.301 [info] > git show --textconv :workplace/src/learning/learning/rotate_until_center.py [23ms]
2024-05-05 11:08:12.314 [info] > git ls-files --stage -- /home/mi/workplace/src/learning/learning/rotate_until_center.py [15ms]
2024-05-05 11:09:35.267 [info] > git show --textconv :workplace/src/learning/learning/track.py [28ms]
2024-05-05 11:09:35.283 [info] > git ls-files --stage -- /home/mi/workplace/src/learning/learning/track.py [19ms]
2024-05-05 11:09:35.305 [info] > git cat-file -s a962c6336d222a1efdebbf544f3a5b8f1d526b1d [3ms]
2024-05-05 11:10:14.738 [info] > git config --get commit.template [5ms]
2024-05-05 11:10:14.765 [info] > git for-each-ref --format=%(refname)%00%(upstream:short)%00%(objectname)%00%(upstream:track)%00%(upstream:remotename)%00%(upstream:remoteref) refs/heads/main refs/remotes/main [5ms]
2024-05-05 11:10:15.044 [info] > git status -z -uall [255ms]
2024-05-05 11:10:20.235 [info] > git config --get commit.template [6ms]
2024-05-05 11:10:20.260 [info] > git for-each-ref --format=%(refname)%00%(upstream:short)%00%(objectname)%00%(upstream:track)%00%(upstream:remotename)%00%(upstream:remoteref) refs/heads/main refs/remotes/main [5ms]
2024-05-05 11:10:20.516 [info] > git status -z -uall [233ms]
2024-05-05 11:11:51.484 [info] > git config --get commit.template [5ms]
2024-05-05 11:11:51.513 [info] > git for-each-ref --format=%(refname)%00%(upstream:short)%00%(objectname)%00%(upstream:track)%00%(upstream:remotename)%00%(upstream:remoteref) refs/heads/main refs/remotes/main [7ms]
2024-05-05 11:11:51.772 [info] > git status -z -uall [232ms]
2024-05-05 11:11:56.022 [info] > git show --textconv :workplace/src/learning/learning/rotate_until_center.py [23ms]
2024-05-05 11:11:56.038 [info] > git ls-files --stage -- /home/mi/workplace/src/learning/learning/rotate_until_center.py [18ms]
2024-05-05 11:11:56.922 [info] > git config --get commit.template [2ms]
2024-05-05 11:11:56.948 [info] > git for-each-ref --format=%(refname)%00%(upstream:short)%00%(objectname)%00%(upstream:track)%00%(upstream:remotename)%00%(upstream:remoteref) refs/heads/main refs/remotes/main [6ms]
2024-05-05 11:11:57.217 [info] > git status -z -uall [244ms]
2024-05-05 11:14:29.535 [info] > git show --textconv :workplace/src/learning/learning/track.py [30ms]
2024-05-05 11:14:29.553 [info] > git ls-files --stage -- /home/mi/workplace/src/learning/learning/track.py [26ms]
2024-05-05 11:14:29.577 [info] > git cat-file -s a962c6336d222a1efdebbf544f3a5b8f1d526b1d [5ms]
2024-05-05 11:14:35.441 [info] > git show --textconv :workplace/src/learning/learning/rotate_until_center.py [23ms]
2024-05-05 11:14:35.455 [info] > git ls-files --stage -- /home/mi/workplace/src/learning/learning/rotate_until_center.py [17ms]
2024-05-05 11:14:47.535 [info] > git show --textconv :workplace/src/learning/learning/track.py [24ms]
2024-05-05 11:14:47.554 [info] > git ls-files --stage -- /home/mi/workplace/src/learning/learning/track.py [22ms]
2024-05-05 11:14:47.576 [info] > git cat-file -s a962c6336d222a1efdebbf544f3a5b8f1d526b1d [5ms]
2024-05-05 11:14:54.058 [info] > git show --textconv :workplace/src/learning/learning/rotate_until_center.py [27ms]
2024-05-05 11:14:54.080 [info] > git ls-files --stage -- /home/mi/workplace/src/learning/learning/rotate_until_center.py [24ms]
2024-05-05 11:14:58.052 [info] > git show --textconv :workplace/src/learning/learning/track.py [23ms]
2024-05-05 11:14:58.066 [info] > git ls-files --stage -- /home/mi/workplace/src/learning/learning/track.py [17ms]
2024-05-05 11:14:58.088 [info] > git cat-file -s a962c6336d222a1efdebbf544f3a5b8f1d526b1d [4ms]
2024-05-05 11:15:01.453 [info] > git show --textconv :workplace/src/learning/learning/rotate_until_center.py [22ms]
2024-05-05 11:15:01.469 [info] > git ls-files --stage -- /home/mi/workplace/src/learning/learning/rotate_until_center.py [18ms]
2024-05-05 11:16:06.909 [info] > git show --textconv :workplace/src/learning/learning/track.py [27ms]
2024-05-05 11:16:06.924 [info] > git ls-files --stage -- /home/mi/workplace/src/learning/learning/track.py [17ms]
2024-05-05 11:16:06.947 [info] > git cat-file -s a962c6336d222a1efdebbf544f3a5b8f1d526b1d [4ms]
2024-05-05 11:16:18.115 [info] > git show --textconv :workplace/src/learning/learning/rotate_until_center.py [28ms]
2024-05-05 11:16:18.134 [info] > git ls-files --stage -- /home/mi/workplace/src/learning/learning/rotate_until_center.py [22ms]
2024-05-05 11:16:18.620 [info] > git show --textconv :workplace/src/learning/learning/data_receive.py [23ms]
2024-05-05 11:16:18.635 [info] > git ls-files --stage -- /home/mi/workplace/src/learning/learning/data_receive.py [18ms]
2024-05-05 11:16:20.568 [info] > git show --textconv :workplace/src/learning/learning/track.py [24ms]
2024-05-05 11:16:20.587 [info] > git ls-files --stage -- /home/mi/workplace/src/learning/learning/track.py [21ms]
2024-05-05 11:16:20.609 [info] > git cat-file -s a962c6336d222a1efdebbf544f3a5b8f1d526b1d [4ms]
2024-05-05 11:16:21.058 [info] > git show --textconv :workplace/src/learning/learning/rotate_until_center.py [24ms]
2024-05-05 11:16:21.071 [info] > git ls-files --stage -- /home/mi/workplace/src/learning/learning/rotate_until_center.py [19ms]
2024-05-05 11:16:22.454 [info] > git show --textconv :workplace/src/learning/learning/track.py [24ms]
2024-05-05 11:16:22.481 [info] > git ls-files --stage -- /home/mi/workplace/src/learning/learning/track.py [30ms]
2024-05-05 11:16:22.502 [info] > git cat-file -s a962c6336d222a1efdebbf544f3a5b8f1d526b1d [4ms]
2024-05-05 11:16:29.625 [info] > git show --textconv :workplace/src/learning/learning/rotate_until_center.py [26ms]
2024-05-05 11:16:29.642 [info] > git ls-files --stage -- /home/mi/workplace/src/learning/learning/rotate_until_center.py [20ms]
2024-05-05 11:16:31.619 [info] > git show --textconv :workplace/src/learning/learning/track.py [28ms]
2024-05-05 11:16:31.636 [info] > git ls-files --stage -- /home/mi/workplace/src/learning/learning/track.py [19ms]
2024-05-05 11:16:31.662 [info] > git cat-file -s a962c6336d222a1efdebbf544f3a5b8f1d526b1d [7ms]
2024-05-05 11:16:34.449 [info] > git show --textconv :workplace/src/learning/learning/rotate_until_center.py [28ms]
2024-05-05 11:16:34.463 [info] > git ls-files --stage -- /home/mi/workplace/src/learning/learning/rotate_until_center.py [17ms]
2024-05-05 11:17:02.179 [info] > git show --textconv :workplace/src/learning/learning/track.py [30ms]
2024-05-05 11:17:02.185 [info] > git ls-files --stage -- /home/mi/workplace/src/learning/learning/track.py [14ms]
2024-05-05 11:17:02.206 [info] > git cat-file -s a962c6336d222a1efdebbf544f3a5b8f1d526b1d [4ms]
2024-05-05 11:17:02.903 [info] > git show --textconv :workplace/src/learning/learning/rotate_until_center.py [31ms]
2024-05-05 11:17:02.918 [info] > git ls-files --stage -- /home/mi/workplace/src/learning/learning/rotate_until_center.py [18ms]
2024-05-05 11:17:13.699 [info] > git show --textconv :workplace/src/learning/learning/track.py [23ms]
2024-05-05 11:17:13.719 [info] > git ls-files --stage -- /home/mi/workplace/src/learning/learning/track.py [22ms]
2024-05-05 11:17:13.744 [info] > git cat-file -s a962c6336d222a1efdebbf544f3a5b8f1d526b1d [6ms]
2024-05-05 11:17:15.931 [info] > git show --textconv :workplace/src/learning/learning/rotate_until_center.py [24ms]
2024-05-05 11:17:15.947 [info] > git ls-files --stage -- /home/mi/workplace/src/learning/learning/rotate_until_center.py [18ms]
2024-05-05 11:17:30.617 [info] > git show --textconv :workplace/src/learning/learning/track.py [23ms]
2024-05-05 11:17:30.636 [info] > git ls-files --stage -- /home/mi/workplace/src/learning/learning/track.py [22ms]
2024-05-05 11:17:30.667 [info] > git cat-file -s a962c6336d222a1efdebbf544f3a5b8f1d526b1d [6ms]
2024-05-05 11:17:39.046 [info] > git show --textconv :workplace/src/learning/learning/rotate_until_center.py [24ms]
2024-05-05 11:17:39.066 [info] > git ls-files --stage -- /home/mi/workplace/src/learning/learning/rotate_until_center.py [23ms]
2024-05-05 11:18:08.080 [info] > git show --textconv :workplace/src/learning/learning/track.py [34ms]
2024-05-05 11:18:08.091 [info] > git ls-files --stage -- /home/mi/workplace/src/learning/learning/track.py [13ms]
2024-05-05 11:18:08.112 [info] > git cat-file -s a962c6336d222a1efdebbf544f3a5b8f1d526b1d [4ms]
2024-05-05 11:18:19.439 [info] > git show --textconv :workplace/src/learning/learning/rotate_until_center.py [28ms]
2024-05-05 11:18:19.449 [info] > git ls-files --stage -- /home/mi/workplace/src/learning/learning/rotate_until_center.py [19ms]
2024-05-05 11:18:32.007 [info] > git show --textconv :workplace/src/learning/learning/walktest.py [25ms]
2024-05-05 11:18:32.028 [info] > git ls-files --stage -- /home/mi/workplace/src/learning/learning/walktest.py [23ms]
2024-05-05 11:18:32.051 [info] > git cat-file -s e26daafd84b2f542235e99310ebb89f9de53a85e [4ms]
2024-05-05 11:20:02.268 [info] > git show --textconv :workplace/src/learning/learning/ZED_Tracker_color_range.py [28ms]
2024-05-05 11:20:02.280 [info] > git ls-files --stage -- /home/mi/workplace/src/learning/learning/ZED_Tracker_color_range.py [13ms]
2024-05-05 11:20:02.300 [info] > git cat-file -s 7e2c5976d7c94eec15778677ea960a2635100827 [4ms]
2024-05-05 11:20:08.323 [info] > git show --textconv :workplace/src/learning/learning/walktest.py [22ms]
2024-05-05 11:20:08.336 [info] > git ls-files --stage -- /home/mi/workplace/src/learning/learning/walktest.py [16ms]
2024-05-05 11:20:08.358 [info] > git cat-file -s e26daafd84b2f542235e99310ebb89f9de53a85e [4ms]
2024-05-05 11:20:18.146 [info] > git show --textconv :workplace/src/learning/learning/rotate_until_center.py [26ms]
2024-05-05 11:20:18.168 [info] > git ls-files --stage -- /home/mi/workplace/src/learning/learning/rotate_until_center.py [26ms]
2024-05-05 11:21:33.709 [info] > git show --textconv :workplace/src/learning/learning/track.py [25ms]
2024-05-05 11:21:33.728 [info] > git ls-files --stage -- /home/mi/workplace/src/learning/learning/track.py [21ms]
2024-05-05 11:21:33.748 [info] > git cat-file -s a962c6336d222a1efdebbf544f3a5b8f1d526b1d [3ms]
2024-05-05 11:21:35.455 [info] > git show --textconv :workplace/src/learning/learning/rotate_until_center.py [31ms]
2024-05-05 11:21:35.463 [info] > git ls-files --stage -- /home/mi/workplace/src/learning/learning/rotate_until_center.py [21ms]
2024-05-05 11:21:50.643 [info] > git show --textconv :workplace/src/learning/learning/track.py [26ms]
2024-05-05 11:21:50.654 [info] > git ls-files --stage -- /home/mi/workplace/src/learning/learning/track.py [16ms]
2024-05-05 11:21:50.682 [info] > git cat-file -s a962c6336d222a1efdebbf544f3a5b8f1d526b1d [4ms]
2024-05-05 11:24:06.422 [info] > git show --textconv :workplace/src/learning/learning/rotate_until_center.py [27ms]
2024-05-05 11:24:06.437 [info] > git ls-files --stage -- /home/mi/workplace/src/learning/learning/rotate_until_center.py [19ms]
2024-05-05 11:24:35.113 [info] > git show --textconv :workplace/src/learning/learning/walktest.py [30ms]
2024-05-05 11:24:35.129 [info] > git ls-files --stage -- /home/mi/workplace/src/learning/learning/walktest.py [17ms]
2024-05-05 11:24:35.166 [info] > git cat-file -s e26daafd84b2f542235e99310ebb89f9de53a85e [9ms]
2024-05-05 11:24:43.654 [info] > git show --textconv :workplace/src/learning/learning/rotate_until_center.py [28ms]
2024-05-05 11:24:43.669 [info] > git ls-files --stage -- /home/mi/workplace/src/learning/learning/rotate_until_center.py [18ms]
2024-05-05 11:24:44.988 [info] > git show --textconv :workplace/src/learning/learning/track.py [26ms]
2024-05-05 11:24:45.006 [info] > git ls-files --stage -- /home/mi/workplace/src/learning/learning/track.py [21ms]
2024-05-05 11:24:45.028 [info] > git cat-file -s a962c6336d222a1efdebbf544f3a5b8f1d526b1d [3ms]
2024-05-05 11:24:45.516 [info] > git show --textconv :workplace/src/learning/learning/rotate_until_center.py [23ms]
2024-05-05 11:24:45.532 [info] > git ls-files --stage -- /home/mi/workplace/src/learning/learning/rotate_until_center.py [18ms]
2024-05-05 11:25:03.624 [info] > git show --textconv :workplace/src/learning/learning/track.py [28ms]
2024-05-05 11:25:03.631 [info] > git ls-files --stage -- /home/mi/workplace/src/learning/learning/track.py [16ms]
2024-05-05 11:25:03.656 [info] > git cat-file -s a962c6336d222a1efdebbf544f3a5b8f1d526b1d [4ms]
2024-05-05 11:25:42.646 [info] > git show --textconv :workplace/src/learning/learning/rotate_until_center.py [27ms]
2024-05-05 11:25:42.657 [info] > git ls-files --stage -- /home/mi/workplace/src/learning/learning/rotate_until_center.py [18ms]
2024-05-05 11:25:43.690 [info] > git show --textconv :workplace/src/learning/learning/track.py [28ms]
2024-05-05 11:25:43.701 [info] > git ls-files --stage -- /home/mi/workplace/src/learning/learning/track.py [19ms]
2024-05-05 11:25:43.722 [info] > git cat-file -s a962c6336d222a1efdebbf544f3a5b8f1d526b1d [5ms]
2024-05-05 11:26:25.976 [info] > git show --textconv :workplace/src/learning/learning/rotate_until_center.py [29ms]
2024-05-05 11:26:25.989 [info] > git ls-files --stage -- /home/mi/workplace/src/learning/learning/rotate_until_center.py [18ms]
2024-05-05 11:26:33.145 [info] > git show --textconv :workplace/src/learning/learning/track.py [35ms]
2024-05-05 11:26:33.154 [info] > git ls-files --stage -- /home/mi/workplace/src/learning/learning/track.py [17ms]
2024-05-05 11:26:33.180 [info] > git cat-file -s a962c6336d222a1efdebbf544f3a5b8f1d526b1d [7ms]
2024-05-05 11:26:47.010 [info] > git show --textconv :workplace/src/learning/learning/rotate_until_center.py [23ms]
2024-05-05 11:26:47.025 [info] > git ls-files --stage -- /home/mi/workplace/src/learning/learning/rotate_until_center.py [18ms]
2024-05-05 11:26:49.014 [info] > git show --textconv :workplace/src/learning/learning/track.py [22ms]
2024-05-05 11:26:49.033 [info] > git ls-files --stage -- /home/mi/workplace/src/learning/learning/track.py [21ms]
2024-05-05 11:26:49.054 [info] > git cat-file -s a962c6336d222a1efdebbf544f3a5b8f1d526b1d [3ms]
2024-05-05 11:26:58.851 [info] > git show --textconv :workplace/src/learning/learning/rotate_until_center.py [25ms]
2024-05-05 11:26:58.865 [info] > git ls-files --stage -- /home/mi/workplace/src/learning/learning/rotate_until_center.py [19ms]
2024-05-05 11:28:10.326 [info] > git show --textconv :workplace/src/learning/learning/walktest.py [26ms]
2024-05-05 11:28:10.339 [info] > git ls-files --stage -- /home/mi/workplace/src/learning/learning/walktest.py [21ms]
2024-05-05 11:28:10.365 [info] > git cat-file -s e26daafd84b2f542235e99310ebb89f9de53a85e [4ms]
2024-05-05 11:30:23.985 [info] > git show --textconv :README.md [35ms]
2024-05-05 11:30:24.002 [info] > git ls-files --stage -- /home/mi/README.md [24ms]
2024-05-05 11:30:24.029 [info] > git cat-file -s 77878e1b5fc68ff6eecacbf751c5cf9f5fa196dd [10ms]
2024-05-05 11:31:22.415 [info] > git show --textconv :workplace/src/learning/learning/track.py [25ms]
2024-05-05 11:31:22.428 [info] > git ls-files --stage -- /home/mi/workplace/src/learning/learning/track.py [16ms]
2024-05-05 11:31:22.451 [info] > git cat-file -s a962c6336d222a1efdebbf544f3a5b8f1d526b1d [4ms]
2024-05-05 11:32:02.735 [info] > git show --textconv :workplace/src/learning/learning/walktest.py [23ms]
2024-05-05 11:32:02.755 [info] > git ls-files --stage -- /home/mi/workplace/src/learning/learning/walktest.py [22ms]
2024-05-05 11:32:02.783 [info] > git cat-file -s e26daafd84b2f542235e99310ebb89f9de53a85e [3ms]
2024-05-05 11:34:35.558 [info] > git show --textconv :workplace/src/learning/learning/track.py [29ms]
2024-05-05 11:34:35.580 [info] > git ls-files --stage -- /home/mi/workplace/src/learning/learning/track.py [22ms]
2024-05-05 11:34:35.602 [info] > git cat-file -s a962c6336d222a1efdebbf544f3a5b8f1d526b1d [4ms]
2024-05-05 11:34:46.619 [info] > git show --textconv :workplace/src/learning/learning/rotate_until_center.py [25ms]
2024-05-05 11:34:46.633 [info] > git ls-files --stage -- /home/mi/workplace/src/learning/learning/rotate_until_center.py [17ms]
2024-05-05 11:35:28.357 [info] > git show --textconv :workplace/src/learning/learning/track.py [32ms]
2024-05-05 11:35:28.367 [info] > git ls-files --stage -- /home/mi/workplace/src/learning/learning/track.py [17ms]
2024-05-05 11:35:28.390 [info] > git cat-file -s a962c6336d222a1efdebbf544f3a5b8f1d526b1d [5ms]
2024-05-05 11:35:44.129 [info] > git show --textconv :workplace/src/learning/learning/rotate_until_center.py [24ms]
2024-05-05 11:35:44.144 [info] > git ls-files --stage -- /home/mi/workplace/src/learning/learning/rotate_until_center.py [18ms]
2024-05-05 11:37:18.645 [info] > git show --textconv :workplace/src/learning/learning/track.py [24ms]
2024-05-05 11:37:18.659 [info] > git ls-files --stage -- /home/mi/workplace/src/learning/learning/track.py [16ms]
2024-05-05 11:37:18.681 [info] > git cat-file -s a962c6336d222a1efdebbf544f3a5b8f1d526b1d [4ms]
2024-05-05 11:37:35.528 [info] > git show --textconv :workplace/src/learning/learning/rotate_until_center.py [22ms]
2024-05-05 11:37:35.541 [info] > git ls-files --stage -- /home/mi/workplace/src/learning/learning/rotate_until_center.py [16ms]
2024-05-05 11:37:42.887 [info] > git show --textconv :workplace/src/learning/learning/track.py [29ms]
2024-05-05 11:37:42.900 [info] > git ls-files --stage -- /home/mi/workplace/src/learning/learning/track.py [16ms]
2024-05-05 11:37:42.923 [info] > git cat-file -s a962c6336d222a1efdebbf544f3a5b8f1d526b1d [3ms]
2024-05-05 11:37:48.272 [info] > git show --textconv :workplace/src/learning/learning/rotate_until_center.py [23ms]
2024-05-05 11:37:48.286 [info] > git ls-files --stage -- /home/mi/workplace/src/learning/learning/rotate_until_center.py [18ms]
2024-05-05 11:38:10.644 [info] > git show --textconv :workplace/src/learning/learning/track.py [23ms]
2024-05-05 11:38:10.660 [info] > git ls-files --stage -- /home/mi/workplace/src/learning/learning/track.py [19ms]
2024-05-05 11:38:10.684 [info] > git cat-file -s a962c6336d222a1efdebbf544f3a5b8f1d526b1d [5ms]
2024-05-05 11:38:18.929 [info] > git show --textconv :workplace/src/learning/learning/rotate_until_center.py [27ms]
2024-05-05 11:38:18.944 [info] > git ls-files --stage -- /home/mi/workplace/src/learning/learning/rotate_until_center.py [20ms]
2024-05-05 11:38:23.692 [info] > git show --textconv :workplace/src/learning/learning/track.py [25ms]
2024-05-05 11:38:23.707 [info] > git ls-files --stage -- /home/mi/workplace/src/learning/learning/track.py [17ms]
2024-05-05 11:38:23.735 [info] > git cat-file -s a962c6336d222a1efdebbf544f3a5b8f1d526b1d [5ms]
2024-05-05 11:38:27.051 [info] > git show --textconv :workplace/src/learning/learning/rotate_until_center.py [23ms]
2024-05-05 11:38:27.071 [info] > git ls-files --stage -- /home/mi/workplace/src/learning/learning/rotate_until_center.py [22ms]
2024-05-05 11:38:28.503 [info] > git show --textconv :workplace/src/learning/learning/track.py [27ms]
2024-05-05 11:38:28.515 [info] > git ls-files --stage -- /home/mi/workplace/src/learning/learning/track.py [20ms]
2024-05-05 11:38:28.537 [info] > git cat-file -s a962c6336d222a1efdebbf544f3a5b8f1d526b1d [4ms]
2024-05-05 11:38:31.457 [info] > git show --textconv :workplace/src/learning/learning/rotate_until_center.py [32ms]
2024-05-05 11:38:31.471 [info] > git ls-files --stage -- /home/mi/workplace/src/learning/learning/rotate_until_center.py [19ms]
2024-05-05 11:38:37.206 [info] > git show --textconv :workplace/src/learning/learning/track.py [24ms]
2024-05-05 11:38:37.230 [info] > git ls-files --stage -- /home/mi/workplace/src/learning/learning/track.py [26ms]
2024-05-05 11:38:37.256 [info] > git cat-file -s a962c6336d222a1efdebbf544f3a5b8f1d526b1d [6ms]
2024-05-05 11:38:39.779 [info] > git show --textconv :workplace/src/learning/learning/rotate_until_center.py [28ms]
2024-05-05 11:38:39.795 [info] > git ls-files --stage -- /home/mi/workplace/src/learning/learning/rotate_until_center.py [18ms]
2024-05-05 11:42:58.244 [info] > git show --textconv :workplace/src/learning/learning/track.py [33ms]
2024-05-05 11:42:58.261 [info] > git ls-files --stage -- /home/mi/workplace/src/learning/learning/track.py [16ms]
2024-05-05 11:42:58.288 [info] > git cat-file -s a962c6336d222a1efdebbf544f3a5b8f1d526b1d [4ms]
2024-05-05 11:48:33.374 [info] > git show --textconv :workplace/src/learning/learning/rotate_until_center.py [35ms]
2024-05-05 11:48:33.391 [info] > git ls-files --stage -- /home/mi/workplace/src/learning/learning/rotate_until_center.py [21ms]
2024-05-05 11:51:54.704 [info] > git show --textconv :workplace/src/learning/setup.py [25ms]
2024-05-05 11:51:54.717 [info] > git ls-files --stage -- /home/mi/workplace/src/learning/setup.py [15ms]
2024-05-05 11:51:54.747 [info] > git cat-file -s 016c33775d2ea4043a3d35b4581c0547fd426ab0 [7ms]
2024-05-05 11:52:29.273 [info] > git show --textconv :workplace/src/learning/learning/rotate_until_center.py [24ms]
2024-05-05 11:52:29.292 [info] > git ls-files --stage -- /home/mi/workplace/src/learning/learning/rotate_until_center.py [22ms]
2024-05-05 11:53:36.843 [info] > git show --textconv :workplace/src/learning/setup.py [26ms]
2024-05-05 11:53:36.854 [info] > git ls-files --stage -- /home/mi/workplace/src/learning/setup.py [19ms]
2024-05-05 11:53:36.880 [info] > git cat-file -s 016c33775d2ea4043a3d35b4581c0547fd426ab0 [5ms]
2024-05-05 11:53:48.372 [info] > git show --textconv :workplace/src/learning/learning/rotate_until_center.py [27ms]
2024-05-05 11:53:48.388 [info] > git ls-files --stage -- /home/mi/workplace/src/learning/learning/rotate_until_center.py [19ms]
2024-05-05 11:55:22.819 [info] > git show --textconv :workplace/src/learning/setup.py [24ms]
2024-05-05 11:55:22.832 [info] > git ls-files --stage -- /home/mi/workplace/src/learning/setup.py [18ms]
2024-05-05 11:55:22.857 [info] > git cat-file -s 016c33775d2ea4043a3d35b4581c0547fd426ab0 [5ms]
2024-05-05 11:55:35.481 [info] > git show --textconv :workplace/src/learning/learning/rotate_until_center.py [26ms]
2024-05-05 11:55:35.496 [info] > git ls-files --stage -- /home/mi/workplace/src/learning/learning/rotate_until_center.py [16ms]
2024-05-05 11:57:45.093 [info] > git show --textconv :workplace/src/learning/learning/rotate_until_center1.py [40ms]
2024-05-05 11:57:45.100 [info] > git ls-files --stage -- /home/mi/workplace/src/learning/learning/rotate_until_center1.py [24ms]
2024-05-05 11:57:45.330 [info] > git check-ignore -v -z --stdin [25ms]
2024-05-05 11:57:51.508 [info] > git show --textconv :workplace/src/learning/setup.py [27ms]
2024-05-05 11:57:51.522 [info] > git ls-files --stage -- /home/mi/workplace/src/learning/setup.py [18ms]
2024-05-05 11:57:51.543 [info] > git cat-file -s 016c33775d2ea4043a3d35b4581c0547fd426ab0 [4ms]
2024-05-05 11:58:04.263 [info] > git show --textconv :workplace/src/learning/learning/rotate_until_center1.py [30ms]
2024-05-05 11:58:04.279 [info] > git ls-files --stage -- /home/mi/workplace/src/learning/learning/rotate_until_center1.py [17ms]
2024-05-05 11:58:16.638 [info] > git show --textconv :workplace/src/learning/setup.py [27ms]
2024-05-05 11:58:16.656 [info] > git ls-files --stage -- /home/mi/workplace/src/learning/setup.py [20ms]
2024-05-05 11:58:16.684 [info] > git cat-file -s 016c33775d2ea4043a3d35b4581c0547fd426ab0 [5ms]
2024-05-05 11:58:20.848 [info] > git show --textconv :workplace/src/learning/learning/rotate_until_center1.py [26ms]
2024-05-05 11:58:20.862 [info] > git ls-files --stage -- /home/mi/workplace/src/learning/learning/rotate_until_center1.py [17ms]
2024-05-05 11:58:46.252 [info] > git show --textconv :workplace/src/learning/setup.py [38ms]
2024-05-05 11:58:46.260 [info] > git ls-files --stage -- /home/mi/workplace/src/learning/setup.py [30ms]
2024-05-05 11:58:46.283 [info] > git cat-file -s 016c33775d2ea4043a3d35b4581c0547fd426ab0 [2ms]
2024-05-05 11:59:58.254 [info] > git show --textconv :workplace/src/learning/learning/rotate_until_center1.py [24ms]
2024-05-05 11:59:58.266 [info] > git ls-files --stage -- /home/mi/workplace/src/learning/learning/rotate_until_center1.py [16ms]
2024-05-05 12:02:30.547 [info] > git config --get commit.template [3ms]
2024-05-05 12:02:30.575 [info] > git for-each-ref --format=%(refname)%00%(upstream:short)%00%(objectname)%00%(upstream:track)%00%(upstream:remotename)%00%(upstream:remoteref) refs/heads/main refs/remotes/main [6ms]
2024-05-05 12:02:30.834 [info] > git status -z -uall [236ms]
2024-05-05 12:02:37.064 [info] > git config --get commit.template [3ms]
2024-05-05 12:02:37.093 [info] > git for-each-ref --format=%(refname)%00%(upstream:short)%00%(objectname)%00%(upstream:track)%00%(upstream:remotename)%00%(upstream:remoteref) refs/heads/main refs/remotes/main [7ms]
2024-05-05 12:02:37.394 [info] > git status -z -uall [279ms]
