[4.351s] Invoking command in '/home/mi/workplace/src/learning': PYTHONPATH=/home/mi/install/learning/lib/python3.6/site-packages:${PYTHONPATH} /usr/bin/python3 setup.py egg_info --egg-base ../../../build/learning build --build-base /home/mi/build/learning/build install --prefix /home/mi/install/learning --record /home/mi/build/learning/install.log --single-version-externally-managed
[6.029s] running egg_info
[6.032s] writing ../../../build/learning/learning.egg-info/PKG-INFO
[6.034s] writing dependency_links to ../../../build/learning/learning.egg-info/dependency_links.txt
[6.035s] writing entry points to ../../../build/learning/learning.egg-info/entry_points.txt
[6.036s] writing requirements to ../../../build/learning/learning.egg-info/requires.txt
[6.041s] writing top-level names to ../../../build/learning/learning.egg-info/top_level.txt
[6.056s] reading manifest file '../../../build/learning/learning.egg-info/SOURCES.txt'
[6.063s] writing manifest file '../../../build/learning/learning.egg-info/SOURCES.txt'
[6.064s] running build
[6.064s] running build_py
[6.066s] copying learning/main_node.py -> /home/mi/build/learning/build/lib/learning
[6.071s] copying learning/move_x.py -> /home/mi/build/learning/build/lib/learning
[6.072s] running install
[6.073s] /usr/local/lib/python3.6/dist-packages/setuptools/command/install.py:37: SetuptoolsDeprecationWarning: setup.py install is deprecated. Use build and pip and other standards-based tools.
[6.077s]   setuptools.SetuptoolsDeprecationWarning,
[6.078s] running install_lib
[6.078s] copying /home/mi/build/learning/build/lib/learning/main_node.py -> /home/mi/install/learning/lib/python3.6/site-packages/learning
[6.082s] copying /home/mi/build/learning/build/lib/learning/move_x.py -> /home/mi/install/learning/lib/python3.6/site-packages/learning
[6.086s] byte-compiling /home/mi/install/learning/lib/python3.6/site-packages/learning/main_node.py to main_node.cpython-36.pyc
[6.088s] byte-compiling /home/mi/install/learning/lib/python3.6/site-packages/learning/move_x.py to move_x.cpython-36.pyc
[6.091s]   File "/home/mi/install/learning/lib/python3.6/site-packages/learning/move_x.py", line 92
[6.091s]     else
[6.092s]        ^
[6.092s] SyntaxError: invalid syntax
[6.093s] 
[6.093s] running install_data
[6.094s] running install_egg_info
[6.106s] removing '/home/mi/install/learning/lib/python3.6/site-packages/learning-0.0.0-py3.6.egg-info' (and everything under it)
[6.108s] Copying ../../../build/learning/learning.egg-info to /home/mi/install/learning/lib/python3.6/site-packages/learning-0.0.0-py3.6.egg-info
[6.108s] running install_scripts
[6.206s] Installing camera script to /home/mi/install/learning/lib/learning
[6.212s] Installing crash script to /home/mi/install/learning/lib/learning
[6.213s] Installing data_receive script to /home/mi/install/learning/lib/learning
[6.213s] Installing get_data script to /home/mi/install/learning/lib/learning
[6.214s] Installing goal script to /home/mi/install/learning/lib/learning
[6.214s] Installing keeper script to /home/mi/install/learning/lib/learning
[6.215s] Installing move_x script to /home/mi/install/learning/lib/learning
[6.216s] Installing rgb script to /home/mi/install/learning/lib/learning
[6.216s] Installing rotate script to /home/mi/install/learning/lib/learning
[6.217s] Installing rotate_until_center1 script to /home/mi/install/learning/lib/learning
[6.217s] Installing stand script to /home/mi/install/learning/lib/learning
[6.218s] Installing track script to /home/mi/install/learning/lib/learning
[6.218s] Installing walk_t_sec script to /home/mi/install/learning/lib/learning
[6.219s] Installing walktest script to /home/mi/install/learning/lib/learning
[6.220s] writing list of installed files to '/home/mi/build/learning/install.log'
[6.341s] Invoked command in '/home/mi/workplace/src/learning' returned '0': PYTHONPATH=/home/mi/install/learning/lib/python3.6/site-packages:${PYTHONPATH} /usr/bin/python3 setup.py egg_info --egg-base ../../../build/learning build --build-base /home/mi/build/learning/build install --prefix /home/mi/install/learning --record /home/mi/build/learning/install.log --single-version-externally-managed
