[4.218s] Invoking command in '/home/mi/workplace/src/learning': PYTHONPATH=/home/mi/workplace/install/learning/lib/python3.6/site-packages:${PYTHONPATH} /usr/bin/python3 setup.py egg_info --egg-base ../../build/learning build --build-base /home/mi/workplace/build/learning/build install --prefix /home/mi/workplace/install/learning --record /home/mi/workplace/build/learning/install.log --single-version-externally-managed
[5.760s] running egg_info
[5.764s] writing ../../build/learning/learning.egg-info/PKG-INFO
[5.765s] writing dependency_links to ../../build/learning/learning.egg-info/dependency_links.txt
[5.767s] writing entry points to ../../build/learning/learning.egg-info/entry_points.txt
[5.768s] writing requirements to ../../build/learning/learning.egg-info/requires.txt
[5.768s] writing top-level names to ../../build/learning/learning.egg-info/top_level.txt
[5.788s] reading manifest file '../../build/learning/learning.egg-info/SOURCES.txt'
[5.795s] writing manifest file '../../build/learning/learning.egg-info/SOURCES.txt'
[5.796s] running build
[5.796s] running build_py
[5.799s] copying learning/walk_t_sec.py -> /home/mi/workplace/build/learning/build/lib/learning
[5.800s] copying learning/goal.py -> /home/mi/workplace/build/learning/build/lib/learning
[5.803s] running install
[5.804s] /usr/local/lib/python3.6/dist-packages/setuptools/command/install.py:37: SetuptoolsDeprecationWarning: setup.py install is deprecated. Use build and pip and other standards-based tools.
[5.805s]   setuptools.SetuptoolsDeprecationWarning,
[5.806s] running install_lib
[5.810s] copying /home/mi/workplace/build/learning/build/lib/learning/walk_t_sec.py -> /home/mi/workplace/install/learning/lib/python3.6/site-packages/learning
[5.813s] copying /home/mi/workplace/build/learning/build/lib/learning/goal.py -> /home/mi/workplace/install/learning/lib/python3.6/site-packages/learning
[5.815s] byte-compiling /home/mi/workplace/install/learning/lib/python3.6/site-packages/learning/walk_t_sec.py to walk_t_sec.cpython-36.pyc
[5.823s] byte-compiling /home/mi/workplace/install/learning/lib/python3.6/site-packages/learning/goal.py to goal.cpython-36.pyc
[5.824s] running install_data
[5.825s] running install_egg_info
[5.836s] removing '/home/mi/workplace/install/learning/lib/python3.6/site-packages/learning-0.0.0-py3.6.egg-info' (and everything under it)
[5.837s] Copying ../../build/learning/learning.egg-info to /home/mi/workplace/install/learning/lib/python3.6/site-packages/learning-0.0.0-py3.6.egg-info
[5.844s] running install_scripts
[5.946s] Installing camera script to /home/mi/workplace/install/learning/lib/learning
[5.948s] Installing crash script to /home/mi/workplace/install/learning/lib/learning
[5.949s] Installing data_receive script to /home/mi/workplace/install/learning/lib/learning
[5.950s] Installing goal script to /home/mi/workplace/install/learning/lib/learning
[5.951s] Installing rgb script to /home/mi/workplace/install/learning/lib/learning
[5.951s] Installing rotate_until_center1 script to /home/mi/workplace/install/learning/lib/learning
[5.952s] Installing stand script to /home/mi/workplace/install/learning/lib/learning
[5.953s] Installing track script to /home/mi/workplace/install/learning/lib/learning
[5.954s] Installing walk_t_sec script to /home/mi/workplace/install/learning/lib/learning
[5.954s] Installing walktest script to /home/mi/workplace/install/learning/lib/learning
[5.957s] writing list of installed files to '/home/mi/workplace/build/learning/install.log'
[6.093s] Invoked command in '/home/mi/workplace/src/learning' returned '0': PYTHONPATH=/home/mi/workplace/install/learning/lib/python3.6/site-packages:${PYTHONPATH} /usr/bin/python3 setup.py egg_info --egg-base ../../build/learning build --build-base /home/mi/workplace/build/learning/build install --prefix /home/mi/workplace/install/learning --record /home/mi/workplace/build/learning/install.log --single-version-externally-managed
