2024-05-05 17:14:09.094 [info] Log level: Info
2024-05-05 17:14:09.094 [info] Validating found git in: "git"
2024-05-05 17:14:09.094 [info] Using git "2.17.1" from "git"
2024-05-05 17:14:09.094 [info] > git rev-parse --show-toplevel [94ms]
2024-05-05 17:14:09.094 [info] > git rev-parse --git-dir --git-common-dir [1732ms]
2024-05-05 17:14:09.094 [info] Open repository: /home/mi
2024-05-05 17:14:09.127 [info] > git rev-parse --show-toplevel [213ms]
2024-05-05 17:14:09.132 [info] > git config --get commit.template [234ms]
2024-05-05 17:14:09.856 [info] > git rev-parse --show-toplevel [664ms]
2024-05-05 17:14:10.005 [info] > git for-each-ref --format=%(refname)%00%(upstream:short)%00%(objectname)%00%(upstream:track)%00%(upstream:remotename)%00%(upstream:remoteref) refs/heads/main refs/remotes/main [784ms]
2024-05-05 17:14:10.049 [info] > git check-ignore -v -z --stdin [167ms]
2024-05-05 17:14:10.058 [info] > git rev-parse --show-toplevel [149ms]
2024-05-05 17:14:10.104 [info] > git rev-parse --show-toplevel [24ms]
2024-05-05 17:14:10.183 [info] > git rev-parse --show-toplevel [33ms]
2024-05-05 17:14:10.290 [info] > git rev-parse --show-toplevel [5ms]
2024-05-05 17:14:10.314 [info] > git rev-parse --show-toplevel [5ms]
2024-05-05 17:14:10.391 [info] > git rev-parse --show-toplevel [52ms]
2024-05-05 17:14:10.445 [info] > git status -z -uall [317ms]
2024-05-05 17:14:11.927 [info] > git merge-base refs/heads/main refs/remotes/origin/main [1385ms]
2024-05-05 17:14:11.961 [info] > git rev-parse --show-toplevel [1524ms]
2024-05-05 17:14:12.546 [info] > git rev-list --count --left-right refs/heads/main...refs/remotes/origin/main [595ms]
2024-05-05 17:14:12.587 [info] > git config --get commit.template [674ms]
2024-05-05 17:14:12.847 [info] > git rev-parse --show-toplevel [643ms]
2024-05-05 17:14:12.941 [info] > git diff --name-status -z --diff-filter=ADMR 1785e2ffb5c58c7a4e066a01d5440065b3639e73...refs/remotes/origin/main [364ms]
2024-05-05 17:14:12.975 [info] > git rev-parse --show-toplevel [35ms]
2024-05-05 17:14:12.976 [info] > git for-each-ref --format=%(refname)%00%(upstream:short)%00%(objectname)%00%(upstream:track)%00%(upstream:remotename)%00%(upstream:remoteref) refs/heads/main refs/remotes/main [64ms]
2024-05-05 17:14:13.023 [info] > git rev-parse --show-toplevel [4ms]
2024-05-05 17:14:13.511 [info] > git rev-parse --show-toplevel [66ms]
2024-05-05 17:14:14.128 [info] > git status -z -uall [641ms]
2024-05-05 17:14:14.129 [info] > git rev-parse --show-toplevel [546ms]
2024-05-05 17:14:14.320 [info] > git rev-parse --show-toplevel [163ms]
