[INFO] [1714897248.223583691] [main@visual_programming_engine]: Visual programming engine node started
[INFO] [1714897248.287904282] [main@visual_programming_engine]: [Base][task] Creating object(node)
[INFO] [1714897248.298670439] [main@visual_programming_engine]: [LinuxAt] Creating object(node)
[INFO] [1714897248.298957890] [main@visual_programming_engine]: [LinuxCron] Creating object(node)
[INFO] [1714897248.299106816] [main@visual_programming_engine]: [Task] Creating object(node)
[INFO] [1714897248.299298940] [main@visual_programming_engine]: [Base][module] Creating object(node)
[INFO] [1714897248.299429114] [main@visual_programming_engine]: [Module] Creating object(node)
[INFO] [1714897248.299555864] [main@visual_programming_engine]: [ArtificialIntelligence] Creating object(node)
[INFO] [1714897248.310614944] [main@visual_programming_engine]: [Slam] Creating object(node)
[INFO] [1714897248.314288450] [main@visual_programming_engine]: [Fsm] Creating object(node)
[INFO] [1714897248.314553246] [main@visual_programming_engine]: [Interact] Creating object(node)
[INFO] [1714897253.497215831] [main@visual_programming_engine]: [Interact] Initializing ...
[INFO] [1714897253.502972151] [main@visual_programming_engine]: Shell: at -V
[INFO] [1714897253.726959328] [main@visual_programming_engine]: [Interact] at -V
code: 0
message:0

[INFO] [1714897253.727396248] [main@visual_programming_engine]: Shell: service cron status
[INFO] [1714897254.114385282] [main@visual_programming_engine]: [Interact] service cron status
code: 0
message:● cron.service - Regular background program processing daemon
   Loaded: loaded (/lib/systemd/system/cron.service; enabled; vendor preset: enabled)
   Active: active (running) since Sun 2024-05-05 16:20:32 CST; 21s ago
     Docs: man:cron(8)
 Main PID: 5053 (cron)
    Tasks: 1 (limit: 4915)
   CGroup: /system.slice/cron.service
           └─5053 /usr/sbin/cron -f

May 05 16:20:32 mi-desktop systemd[1]: Started Regular background program processing daemon.
May 05 16:20:32 mi-desktop cron[5053]: (CRON) INFO (pidfile fd = 3)
May 05 16:20:32 mi-desktop cron[5053]: (CRON) INFO (Running @reboot jobs)
0

[INFO] [1714897254.115726732] [main@visual_programming_engine]: Shell: pyflakes --version 
[INFO] [1714897257.013441442] [main@visual_programming_engine]: [Interact] pyflakes --version 
code: 0
message:2.4.0 Python 3.6.9 on Linux
0

[INFO] [1714897257.014397650] [main@visual_programming_engine]: Judge params config file dir:/opt/ros2/cyberdog/share/cyberdog_vp/config/abilityset.toml.
[INFO] [1714897257.632132116] [main@visual_programming_engine]: [Interact] Turn on voice control.
[INFO] [1714897257.743790253] [main@visual_programming_engine]: [Interact] Init Workspace...
[INFO] [1714897257.744236294] [main@visual_programming_engine]: Judge params config file dir:/opt/ros2/cyberdog/share/cyberdog_vp/config/abilityset.toml.
[INFO] [1714897258.231055822] [main@visual_programming_engine]: Judge params config file dir:/home/mi/.cyberdog/cyberdog_vp/workspace/module/module.toml.
[INFO] [1714897258.247964212] [main@visual_programming_engine]: Judge params config file dir:/home/mi/.cyberdog/cyberdog_vp/workspace/task/task.toml.
[INFO] [1714897258.337535199] [main@visual_programming_engine]: [Interact] Init data...
[INFO] [1714897267.259117690] [main@visual_programming_engine]: [Base][module] Initializing ...
[INFO] [1714897267.260251015] [main@visual_programming_engine]: Judge params config file dir:/opt/ros2/cyberdog/share/cyberdog_vp/config/abilityset.toml.
[INFO] [1714897267.379183975] [main@visual_programming_engine]: Judge params config file dir:/home/mi/.cyberdog/cyberdog_vp/workspace/module/module.toml.
[INFO] [1714897267.384087702] [main@visual_programming_engine]: Judge params config file dir:/home/mi/.cyberdog/cyberdog_vp/workspace/task/task.toml.
[INFO] [1714897267.410355296] [main@visual_programming_engine]: [Base][module] Init registry file is success.
[INFO] [1714897267.410626843] [main@visual_programming_engine]: [Module] Initializing ...
[INFO] [1714897267.410745113] [main@visual_programming_engine]: [Base][task] Initializing ...
[INFO] [1714897267.411223825] [main@visual_programming_engine]: Judge params config file dir:/opt/ros2/cyberdog/share/cyberdog_vp/config/abilityset.toml.
[INFO] [1714897267.498656991] [main@visual_programming_engine]: Judge params config file dir:/home/mi/.cyberdog/cyberdog_vp/workspace/task/task.toml.
[INFO] [1714897267.525283426] [main@visual_programming_engine]: Judge params config file dir:/home/mi/.cyberdog/cyberdog_vp/workspace/module/module.toml.
[INFO] [1714897267.529970388] [main@visual_programming_engine]: [Base][task] Init registry file is success.
[INFO] [1714897267.530278607] [main@visual_programming_engine]: [Task] Initializing ...
[INFO] [1714897267.533739317] [main@visual_programming_engine]: [Task] InitList().
[INFO] [1714897267.563128875] [main@visual_programming_engine]: Judge params config file dir:/opt/ros2/cyberdog/share/cyberdog_vp/config/abilityset.toml.
[INFO] [1714897267.641348018] [main@visual_programming_engine]: Judge params config file dir:/home/mi/.cyberdog/cyberdog_vp/workspace/task/task.toml.
[INFO] [1714897267.661648736] [main@visual_programming_engine]: Judge params config file dir:/opt/ros2/cyberdog/share/cyberdog_vp/config/abilityset.toml.
[INFO] [1714897267.733121335] [main@visual_programming_engine]: Judge params config file dir:/home/mi/.cyberdog/cyberdog_vp/workspace/task/task.toml.
[INFO] [1714897267.750470998] [main@visual_programming_engine]: [ArtificialIntelligence] Initializing ...
[INFO] [1714897267.750915791] [main@visual_programming_engine]: [ArtificialIntelligence] Initializing data ...
[INFO] [1714897267.759456384] [main@visual_programming_engine]: [Slam] Initializing ...
[INFO] [1714897267.759856953] [main@visual_programming_engine]: [Slam] Initializing data ...
[INFO] [1714897267.764997572] [main@visual_programming_engine]: [Fsm] Initializing ...
[INFO] [1714897267.765547290] [main@visual_programming_engine]: MachineActuator Init, config file: /opt/ros2/cyberdog/share/params/toml_config/manager/state_machine_config.toml
[INFO] [1714897267.800921484] [main@visual_programming_engine]: [Fsm] Initializing data ...
[INFO] [1714897267.811210401] [main@visual_programming_engine]: MachineActuator start on call.
[INFO] [1714897267.811455549] [main@visual_programming_engine]: MachineActuator checkout state: SetUp.
[INFO] [1714897267.811798391] [main@visual_programming_engine]: [Fsm] Trigger once OnSetUp()
[INFO] [1714897267.811933589] [main@visual_programming_engine]: MachineActuator service setup on call.
[INFO] [1714897267.815480697] [main@visual_programming_engine]: Visual programming engine node is running ...
