[INFO] [1716645292.879771044] [cyberdog_action]: Creating cyberdog_action object(node)
[INFO] [1716645292.882169437] [cyberdog_action]: action node init
[INFO] [1716645292.882324703] [cyberdog_action]: read gesture action toml file
[INFO] [1716645292.901661258] [cyberdog_action]: read toml file successfully
[INFO] [1716645293.519215524] [cyberdog_action cyberdog_model]: cyberdog_model Constructor
[INFO] [1716645293.519511015] [cyberdog_action cyberdog_model]: is_specified_version: 0
[INFO] [1716645293.519640680] [cyberdog_action cyberdog_model]: specified_version: 0.0
[INFO] [1716645293.519753354] [cyberdog_action cyberdog_model]: module_name: gesture_action
[INFO] [1716645293.519860971] [cyberdog_action cyberdog_model]: model_dir: /SDCARD/vision/gesture_action/
[INFO] [1716645293.519979660] [cyberdog_action cyberdog_model]: temp_download_path: /SDCARD/vision/gesture_action/temp/
[INFO] [1716645293.544084585] [cyberdog_action]: init successfully
[INFO] [1716645293.544324108] [cyberdog_action]: cyberdog_action node spin,wait for request
[INFO] [1716645293.598023424] [cyberdog_action]: Inference thread begin
[INFO] [1716645293.602694481] [cyberdog_action]: Camera Operate thread begin
[INFO] [1716645299.839151155] [cyberdog_action]: [WifiSignalCallback] internet is ok!!!
[INFO] [1716645299.839403830] [cyberdog_action cyberdog_model]: update models fuc begin
[INFO] [1716645299.839529239] [cyberdog_action cyberdog_model]: init fuc
[INFO] [1716645299.954783123] [cyberdog_action cyberdog_model]: gesture_action has 2 versions in fsd
[INFO] [1716645299.955208343] [cyberdog_action cyberdog_model]: read model version in toml file
[INFO] [1716645299.955455770] [cyberdog_action cyberdog_model]: Get_Model_Version func 
[INFO] [1716645299.957184844] [cyberdog_action cyberdog_model]: read key value from toml successfully
[INFO] [1716645299.957446671] [cyberdog_action cyberdog_model]: the model version in toml file is 1.0 
[INFO] [1716645299.957596208] [cyberdog_action cyberdog_model]: temp toml path /SDCARD/vision/gesture_action/temp/version.toml exist!
[INFO] [1716645299.957728210] [cyberdog_action cyberdog_model]: new models already downloaded into temp path, do not download again
[INFO] [1716645299.957855283] [cyberdog_action cyberdog_model]: DownloadModels fuc
[INFO] [1716645299.957967444] [cyberdog_action cyberdog_model]: do not need download
[ERROR] [1716645299.958181046] [cyberdog_action cyberdog_model]: download failed or do not need download
[INFO] [1716645299.958328696] [cyberdog_action]: download and update gesture_action model from Fds failed or timeout
