[INFO] [1716383754.018844572] [cyberdog_action]: Creating cyberdog_action object(node)
[INFO] [1716383754.019400070] [cyberdog_action]: action node init
[INFO] [1716383754.022290552] [cyberdog_action]: read gesture action toml file
[INFO] [1716383754.031771710] [cyberdog_action]: read toml file successfully
[INFO] [1716383754.634135413] [cyberdog_action cyberdog_model]: cyberdog_model Constructor
[INFO] [1716383754.634471803] [cyberdog_action cyberdog_model]: is_specified_version: 0
[INFO] [1716383754.634605246] [cyberdog_action cyberdog_model]: specified_version: 0.0
[INFO] [1716383754.634719616] [cyberdog_action cyberdog_model]: module_name: gesture_action
[INFO] [1716383754.634828514] [cyberdog_action cyberdog_model]: model_dir: /SDCARD/vision/gesture_action/
[INFO] [1716383754.634956740] [cyberdog_action cyberdog_model]: temp_download_path: /SDCARD/vision/gesture_action/temp/
[INFO] [1716383754.641372340] [cyberdog_action]: init successfully
[INFO] [1716383754.641608440] [cyberdog_action]: cyberdog_action node spin,wait for request
[INFO] [1716383754.716670487] [cyberdog_action]: Camera Operate thread begin
[INFO] [1716383754.730072449] [cyberdog_action]: Inference thread begin
[INFO] [1716383759.983364255] [cyberdog_action]: [WifiSignalCallback] internet is ok!!!
[INFO] [1716383759.983608035] [cyberdog_action cyberdog_model]: update models fuc begin
[INFO] [1716383759.984663701] [cyberdog_action cyberdog_model]: init fuc
[INFO] [1716383760.120588475] [cyberdog_action cyberdog_model]: gesture_action has 2 versions in fsd
[INFO] [1716383760.121663150] [cyberdog_action cyberdog_model]: read model version in toml file
[INFO] [1716383760.121828625] [cyberdog_action cyberdog_model]: Get_Model_Version func 
[INFO] [1716383760.125797590] [cyberdog_action cyberdog_model]: read key value from toml successfully
[INFO] [1716383760.126047866] [cyberdog_action cyberdog_model]: the model version in toml file is 1.0 
[INFO] [1716383760.126506594] [cyberdog_action cyberdog_model]: temp toml path /SDCARD/vision/gesture_action/temp/version.toml exist!
[INFO] [1716383760.126705190] [cyberdog_action cyberdog_model]: new models already downloaded into temp path, do not download again
[INFO] [1716383760.126889833] [cyberdog_action cyberdog_model]: DownloadModels fuc
[INFO] [1716383760.127087149] [cyberdog_action cyberdog_model]: do not need download
[ERROR] [1716383760.127212783] [cyberdog_action cyberdog_model]: download failed or do not need download
[INFO] [1716383760.127534036] [cyberdog_action]: download and update gesture_action model from Fds failed or timeout
