[INFO] [1716383893.850583610] [az1.cyberdog_pointnet]: Create service: release_pointnet
[INFO] [1716383893.932598317] [uninitialized cyberdog_model]: cyberdog_model Constructor
[INFO] [1716383893.938000861] [uninitialized cyberdog_model]: is_specified_version: 0
[INFO] [1716383893.944843700] [uninitialized cyberdog_model]: specified_version: 1.1
[INFO] [1716383893.945062874] [uninitialized cyberdog_model]: module_name: ground_segmentation
[INFO] [1716383893.945225599] [uninitialized cyberdog_model]: model_dir: /SDCARD/vision/ground_segmentation/
[INFO] [1716383893.945352322] [uninitialized cyberdog_model]: temp_download_path: /SDCARD/vision/ground_segmentation/temp/
[INFO] [1716383895.138819845] [az1.cyberdog_pointnet]: [WifiSignalCallback] internet is ok!!!
[INFO] [1716383895.141662865] [uninitialized cyberdog_model]: update models fuc begin
[INFO] [1716383895.141952953] [uninitialized cyberdog_model]: init fuc
[INFO] [1716383895.283615976] [uninitialized cyberdog_model]: ground_segmentation has 2 versions in fsd
[INFO] [1716383895.283866991] [uninitialized cyberdog_model]: read model version in toml file
[INFO] [1716383895.284026963] [uninitialized cyberdog_model]: Get_Model_Version func 
[INFO] [1716383895.289098171] [uninitialized cyberdog_model]: read key value from toml successfully
[INFO] [1716383895.289391107] [uninitialized cyberdog_model]: the model version in toml file is 1.0 
[INFO] [1716383895.289590472] [uninitialized cyberdog_model]: temp toml path /SDCARD/vision/ground_segmentation/temp/version.toml exist!
[INFO] [1716383895.289717836] [uninitialized cyberdog_model]: new models already downloaded into temp path, do not download again
[INFO] [1716383895.289854191] [uninitialized cyberdog_model]: DownloadModels fuc
[INFO] [1716383895.289973075] [uninitialized cyberdog_model]: do not need download
[ERROR] [1716383895.290071061] [uninitialized cyberdog_model]: download failed or do not need download
[INFO] [1716383895.290255834] [az1.cyberdog_pointnet]: Download and update ground_segmentation model from Fds failed or timeout
