[INFO] [1716645288.519336101] [main@visual_programming_engine]: Visual programming engine node started
[INFO] [1716645288.520853557] [main@visual_programming_engine]: [Base][task] Creating object(node)
[INFO] [1716645288.558948069] [main@visual_programming_engine]: [LinuxAt] Creating object(node)
[INFO] [1716645288.561751459] [main@visual_programming_engine]: [LinuxCron] Creating object(node)
[INFO] [1716645288.561927396] [main@visual_programming_engine]: [Task] Creating object(node)
[INFO] [1716645288.562123846] [main@visual_programming_engine]: [Base][module] Creating object(node)
[INFO] [1716645288.562268584] [main@visual_programming_engine]: [Module] Creating object(node)
[INFO] [1716645288.562399113] [main@visual_programming_engine]: [ArtificialIntelligence] Creating object(node)
[INFO] [1716645288.562615500] [main@visual_programming_engine]: [Slam] Creating object(node)
[INFO] [1716645288.564726850] [main@visual_programming_engine]: [Fsm] Creating object(node)
[INFO] [1716645288.564949220] [main@visual_programming_engine]: [Interact] Creating object(node)
[INFO] [1716645294.675012950] [main@visual_programming_engine]: [Interact] Initializing ...
[INFO] [1716645294.675332825] [main@visual_programming_engine]: Shell: at -V
[INFO] [1716645294.873187705] [main@visual_programming_engine]: [Interact] at -V
code: 0
message:0

[INFO] [1716645294.873526588] [main@visual_programming_engine]: Shell: service cron status
[INFO] [1716645295.548625075] [main@visual_programming_engine]: [Interact] service cron status
code: 0
message:● cron.service - Regular background program processing daemon
   Loaded: loaded (/lib/systemd/system/cron.service; enabled; vendor preset: enabled)
   Active: active (running) since Sat 2024-05-25 21:54:33 CST; 21s ago
     Docs: man:cron(8)
 Main PID: 4922 (cron)
    Tasks: 1 (limit: 4915)
   CGroup: /system.slice/cron.service
           └─4922 /usr/sbin/cron -f

May 25 21:54:33 mi-desktop systemd[1]: Started Regular background program processing daemon.
May 25 21:54:33 mi-desktop cron[4922]: (CRON) INFO (pidfile fd = 3)
May 25 21:54:33 mi-desktop cron[4922]: (CRON) INFO (Running @reboot jobs)
0

[INFO] [1716645295.549087320] [main@visual_programming_engine]: Shell: pyflakes --version 
[INFO] [1716645297.438006018] [main@visual_programming_engine]: [Interact] pyflakes --version 
code: 0
message:2.4.0 Python 3.6.9 on Linux
0

[INFO] [1716645297.439137518] [main@visual_programming_engine]: Judge params config file dir:/opt/ros2/cyberdog/share/cyberdog_vp/config/abilityset.toml.
[INFO] [1716645298.024324116] [main@visual_programming_engine]: [Interact] Turn on voice control.
[INFO] [1716645298.170902136] [main@visual_programming_engine]: [Interact] Init Workspace...
[INFO] [1716645298.171342365] [main@visual_programming_engine]: Judge params config file dir:/opt/ros2/cyberdog/share/cyberdog_vp/config/abilityset.toml.
[INFO] [1716645298.595290340] [main@visual_programming_engine]: Judge params config file dir:/home/mi/.cyberdog/cyberdog_vp/workspace/module/module.toml.
[INFO] [1716645298.616978536] [main@visual_programming_engine]: Judge params config file dir:/home/mi/.cyberdog/cyberdog_vp/workspace/task/task.toml.
[INFO] [1716645298.729904426] [main@visual_programming_engine]: [Interact] Init data...
[INFO] [1716645310.288234675] [main@visual_programming_engine]: [Base][module] Initializing ...
[INFO] [1716645310.289367167] [main@visual_programming_engine]: Judge params config file dir:/opt/ros2/cyberdog/share/cyberdog_vp/config/abilityset.toml.
[INFO] [1716645310.413665593] [main@visual_programming_engine]: Judge params config file dir:/home/mi/.cyberdog/cyberdog_vp/workspace/module/module.toml.
[INFO] [1716645310.418771951] [main@visual_programming_engine]: Judge params config file dir:/home/mi/.cyberdog/cyberdog_vp/workspace/task/task.toml.
[INFO] [1716645310.444747712] [main@visual_programming_engine]: [Base][module] Init registry file is success.
[INFO] [1716645310.445037987] [main@visual_programming_engine]: [Module] Initializing ...
[INFO] [1716645310.445168389] [main@visual_programming_engine]: [Base][task] Initializing ...
[INFO] [1716645310.445656618] [main@visual_programming_engine]: Judge params config file dir:/opt/ros2/cyberdog/share/cyberdog_vp/config/abilityset.toml.
[INFO] [1716645310.536351715] [main@visual_programming_engine]: Judge params config file dir:/home/mi/.cyberdog/cyberdog_vp/workspace/task/task.toml.
[INFO] [1716645310.561628684] [main@visual_programming_engine]: Judge params config file dir:/home/mi/.cyberdog/cyberdog_vp/workspace/module/module.toml.
[INFO] [1716645310.566291965] [main@visual_programming_engine]: [Base][task] Init registry file is success.
[INFO] [1716645310.566580608] [main@visual_programming_engine]: [Task] Initializing ...
[INFO] [1716645310.571474260] [main@visual_programming_engine]: [Task] InitList().
[INFO] [1716645310.601428207] [main@visual_programming_engine]: Judge params config file dir:/opt/ros2/cyberdog/share/cyberdog_vp/config/abilityset.toml.
[INFO] [1716645310.683359532] [main@visual_programming_engine]: Judge params config file dir:/home/mi/.cyberdog/cyberdog_vp/workspace/task/task.toml.
[INFO] [1716645310.704595243] [main@visual_programming_engine]: Judge params config file dir:/opt/ros2/cyberdog/share/cyberdog_vp/config/abilityset.toml.
[INFO] [1716645310.783175717] [main@visual_programming_engine]: Judge params config file dir:/home/mi/.cyberdog/cyberdog_vp/workspace/task/task.toml.
[INFO] [1716645310.801471429] [main@visual_programming_engine]: [ArtificialIntelligence] Initializing ...
[INFO] [1716645310.801874089] [main@visual_programming_engine]: [ArtificialIntelligence] Initializing data ...
[INFO] [1716645310.819385473] [main@visual_programming_engine]: [Slam] Initializing ...
[INFO] [1716645310.819855142] [main@visual_programming_engine]: [Slam] Initializing data ...
[INFO] [1716645310.829894384] [main@visual_programming_engine]: [Fsm] Initializing ...
[INFO] [1716645310.831559905] [main@visual_programming_engine]: MachineActuator Init, config file: /opt/ros2/cyberdog/share/params/toml_config/manager/state_machine_config.toml
[INFO] [1716645310.861139832] [main@visual_programming_engine]: [Fsm] Initializing data ...
[INFO] [1716645310.871028512] [main@visual_programming_engine]: MachineActuator start on call.
[INFO] [1716645310.871276898] [main@visual_programming_engine]: MachineActuator checkout state: SetUp.
[INFO] [1716645310.871394532] [main@visual_programming_engine]: [Fsm] Trigger once OnSetUp()
[INFO] [1716645310.871500037] [main@visual_programming_engine]: MachineActuator service setup on call.
[INFO] [1716645310.874193249] [main@visual_programming_engine]: Visual programming engine node is running ...
