[INFO] [1714897251.800845756] [cyberdog_action]: Creating cyberdog_action object(node)
[INFO] [1714897251.801294933] [cyberdog_action]: action node init
[INFO] [1714897251.815985344] [cyberdog_action]: read gesture action toml file
[INFO] [1714897251.836163535] [cyberdog_action]: read toml file successfully
[INFO] [1714897252.547333178] [cyberdog_action cyberdog_model]: cyberdog_model Constructor
[INFO] [1714897252.547569814] [cyberdog_action cyberdog_model]: is_specified_version: 0
[INFO] [1714897252.547688244] [cyberdog_action cyberdog_model]: specified_version: 0.0
[INFO] [1714897252.547802066] [cyberdog_action cyberdog_model]: module_name: gesture_action
[INFO] [1714897252.547910256] [cyberdog_action cyberdog_model]: model_dir: /SDCARD/vision/gesture_action/
[INFO] [1714897252.548039342] [cyberdog_action cyberdog_model]: temp_download_path: /SDCARD/vision/gesture_action/temp/
[INFO] [1714897252.587576155] [cyberdog_action]: init successfully
[INFO] [1714897252.587790647] [cyberdog_action]: cyberdog_action node spin,wait for request
[INFO] [1714897252.823660121] [cyberdog_action]: Camera Operate thread begin
[INFO] [1714897252.825225855] [cyberdog_action]: Inference thread begin
[INFO] [1714897260.036735499] [cyberdog_action]: [WifiSignalCallback] internet is ok!!!
[INFO] [1714897260.037025478] [cyberdog_action cyberdog_model]: update models fuc begin
[INFO] [1714897260.037153540] [cyberdog_action cyberdog_model]: init fuc
[INFO] [1714897260.156262017] [cyberdog_action cyberdog_model]: gesture_action has 2 versions in fsd
[INFO] [1714897260.157272752] [cyberdog_action cyberdog_model]: read model version in toml file
[INFO] [1714897260.157519724] [cyberdog_action cyberdog_model]: Get_Model_Version func 
[INFO] [1714897260.159443404] [cyberdog_action cyberdog_model]: read key value from toml successfully
[INFO] [1714897260.159628169] [cyberdog_action cyberdog_model]: the model version in toml file is 1.0 
[INFO] [1714897260.159776902] [cyberdog_action cyberdog_model]: temp toml path /SDCARD/vision/gesture_action/temp/version.toml exist!
[INFO] [1714897260.159915588] [cyberdog_action cyberdog_model]: new models already downloaded into temp path, do not download again
[INFO] [1714897260.160281886] [cyberdog_action cyberdog_model]: DownloadModels fuc
[INFO] [1714897260.160397852] [cyberdog_action cyberdog_model]: do not need download
[ERROR] [1714897260.160536346] [cyberdog_action cyberdog_model]: download failed or do not need download
[INFO] [1714897260.160693943] [cyberdog_action]: download and update gesture_action model from Fds failed or timeout
