[WARN] [1714632904.102335324] [cyberdog_train_plan]: waitting for access token...
[INFO] [1714632904.143033941] [cyberdog_train_plan]: cyberdog_train node spin
[WARN] [1714632964.171326742] [cyberdog_train_plan]: waitting for access token...
[WARN] [1714633024.188493366] [cyberdog_train_plan]: waitting for access token...
[WARN] [1714633084.199215173] [cyberdog_train_plan]: waitting for access token...
[WARN] [1714633144.211192571] [cyberdog_train_plan]: waitting for access token...
[INFO] [1714633180.764554537] [cyberdog_train_plan]: access token is V3_IoYI1DNz0Y4lVyKKJMpRUZaIS-Kbr4r6Rpmno-s3-G1BuixlF0Vh-7iTk3atZdLZudRwf4a1WUKkKtLvkm9Nc-LoiKvROFxtY-TCnIMqYnNXK-xta17PrxLz_4-MaTO9toEdH9h74tTEUrwGCConBhaLeLqhY8ZbzW2zZXjOfHs
[INFO] [1714633183.224037272] [cyberdog_train_plan]: sn is 2H02YNN00109
[INFO] [1714633183.224352409] [cyberdog_train_plan]: sn_: 2H02YNN00109, token: V3_IoYI1DNz0Y4lVyKKJMpRUZaIS-Kbr4r6Rpmno-s3-G1BuixlF0Vh-7iTk3atZdLZudRwf4a1WUKkKtLvkm9Nc-LoiKvROFxtY-TCnIMqYnNXK-xta17PrxLz_4-MaTO9toEdH9h74tTEUrwGCConBhaLeLqhY8ZbzW2zZXjOfHs
[INFO] [1714633183.338617033] [cyberdog_train_plan]: res is {"error":{"code":1000,"msg":"{\"code\":2016,\"message\":\"??????????????????????????????\",\"error\":{\"msg\":\"??????????????????????????????\",\"code\":2000,\"debug\":\"service default error\"}}","debug":"?????????????????????"}}
[INFO] [1714633183.421636153] [cyberdog_train_plan]: res is {"error":{"code":1000,"msg":"{\"code\":2016,\"message\":\"??????????????????????????????\",\"error\":{\"msg\":\"??????????????????????????????\",\"code\":2000,\"debug\":\"service default error\"}}","debug":"?????????????????????"}}
[INFO] [1714633183.509537648] [cyberdog_train_plan]: res is {"error":{"code":1000,"msg":"{\"code\":2016,\"message\":\"??????????????????????????????\",\"error\":{\"msg\":\"??????????????????????????????\",\"code\":2000,\"debug\":\"service default error\"}}","debug":"?????????????????????"}}
[INFO] [1714633183.587404330] [cyberdog_train_plan]: res is {"error":{"code":1000,"msg":"{\"code\":2016,\"message\":\"??????????????????????????????\",\"error\":{\"msg\":\"??????????????????????????????\",\"code\":2000,\"debug\":\"service default error\"}}","debug":"?????????????????????"}}
[INFO] [1714633183.723504705] [cyberdog_train_plan]: res is {"error":{"code":1000,"msg":"{\"code\":2016,\"message\":\"??????????????????????????????\",\"error\":{\"msg\":\"??????????????????????????????\",\"code\":2000,\"debug\":\"service default error\"}}","debug":"?????????????????????"}}
[INFO] [1714633183.810036211] [cyberdog_train_plan]: res is {"error":{"code":1000,"msg":"{\"code\":2016,\"message\":\"??????????????????????????????\",\"error\":{\"msg\":\"??????????????????????????????\",\"code\":2000,\"debug\":\"service default error\"}}","debug":"?????????????????????"}}
[INFO] [1714633183.894833294] [cyberdog_train_plan]: res is {"error":{"code":1000,"msg":"{\"code\":2016,\"message\":\"??????????????????????????????\",\"error\":{\"msg\":\"??????????????????????????????\",\"code\":2000,\"debug\":\"service default error\"}}","debug":"?????????????????????"}}
[INFO] [1714633183.978781479] [cyberdog_train_plan]: res is {"error":{"code":1000,"msg":"{\"code\":2016,\"message\":\"??????????????????????????????\",\"error\":{\"msg\":\"??????????????????????????????\",\"code\":2000,\"debug\":\"service default error\"}}","debug":"?????????????????????"}}
[INFO] [1714633184.111066839] [cyberdog_train_plan]: res is {"error":{"code":1000,"msg":"{\"code\":2016,\"message\":\"??????????????????????????????\",\"error\":{\"msg\":\"??????????????????????????????\",\"code\":2000,\"debug\":\"service default error\"}}","debug":"?????????????????????"}}
[INFO] [1714633184.111946479] [cyberdog_train_plan]: start query all plan
[INFO] [1714633184.219222224] [cyberdog_train_plan]: [CyberdogJson] WriteJsonToFile: Msg_size: 560, write 560 bytes!
