[INFO] [1714817243.464614571] [cyberdog_action]: Creating cyberdog_action object(node)
[INFO] [1714817243.473160983] [cyberdog_action]: action node init
[INFO] [1714817243.480503754] [cyberdog_action]: read gesture action toml file
[INFO] [1714817243.502218821] [cyberdog_action]: read toml file successfully
[INFO] [1714817244.341715796] [cyberdog_action cyberdog_model]: cyberdog_model Constructor
[INFO] [1714817244.341994514] [cyberdog_action cyberdog_model]: is_specified_version: 0
[INFO] [1714817244.342123121] [cyberdog_action cyberdog_model]: specified_version: 0.0
[INFO] [1714817244.342237969] [cyberdog_action cyberdog_model]: module_name: gesture_action
[INFO] [1714817244.342347280] [cyberdog_action cyberdog_model]: model_dir: /SDCARD/vision/gesture_action/
[INFO] [1714817244.342469455] [cyberdog_action cyberdog_model]: temp_download_path: /SDCARD/vision/gesture_action/temp/
[INFO] [1714817244.399489074] [cyberdog_action]: init successfully
[INFO] [1714817244.399997839] [cyberdog_action]: cyberdog_action node spin,wait for request
[INFO] [1714817244.455710170] [cyberdog_action]: Inference thread begin
[INFO] [1714817244.456326263] [cyberdog_action]: Camera Operate thread begin
[INFO] [1714817246.853537194] [cyberdog_action]: [WifiSignalCallback] internet is ok!!!
[INFO] [1714817246.853784585] [cyberdog_action cyberdog_model]: update models fuc begin
[INFO] [1714817246.853909064] [cyberdog_action cyberdog_model]: init fuc
[INFO] [1714817247.069944542] [cyberdog_action cyberdog_model]: gesture_action has 2 versions in fsd
[INFO] [1714817247.070214204] [cyberdog_action cyberdog_model]: read model version in toml file
[INFO] [1714817247.070390299] [cyberdog_action cyberdog_model]: Get_Model_Version func 
[INFO] [1714817247.078027820] [cyberdog_action cyberdog_model]: read key value from toml successfully
[INFO] [1714817247.078278475] [cyberdog_action cyberdog_model]: the model version in toml file is 1.0 
[INFO] [1714817247.078437322] [cyberdog_action cyberdog_model]: temp toml path /SDCARD/vision/gesture_action/temp/version.toml exist!
[INFO] [1714817247.078568521] [cyberdog_action cyberdog_model]: new models already downloaded into temp path, do not download again
[INFO] [1714817247.078696744] [cyberdog_action cyberdog_model]: DownloadModels fuc
[INFO] [1714817247.078861127] [cyberdog_action cyberdog_model]: do not need download
[ERROR] [1714817247.078978375] [cyberdog_action cyberdog_model]: download failed or do not need download
[INFO] [1714817247.080228991] [cyberdog_action]: download and update gesture_action model from Fds failed or timeout
