[INFO] [1714632900.869990840] [main@visual_programming_engine]: Visual programming engine node started
[INFO] [1714632900.871697317] [main@visual_programming_engine]: [Base][task] Creating object(node)
[INFO] [1714632900.879060606] [main@visual_programming_engine]: [LinuxAt] Creating object(node)
[INFO] [1714632900.879649731] [main@visual_programming_engine]: [LinuxCron] Creating object(node)
[INFO] [1714632900.879828100] [main@visual_programming_engine]: [Task] Creating object(node)
[INFO] [1714632900.880063558] [main@visual_programming_engine]: [Base][module] Creating object(node)
[INFO] [1714632900.880218439] [main@visual_programming_engine]: [Module] Creating object(node)
[INFO] [1714632900.880367848] [main@visual_programming_engine]: [ArtificialIntelligence] Creating object(node)
[INFO] [1714632900.880531721] [main@visual_programming_engine]: [Slam] Creating object(node)
[INFO] [1714632900.881643442] [main@visual_programming_engine]: [Fsm] Creating object(node)
[INFO] [1714632900.881862324] [main@visual_programming_engine]: [Interact] Creating object(node)
[INFO] [1714632906.116445929] [main@visual_programming_engine]: [Interact] Initializing ...
[INFO] [1714632906.116742091] [main@visual_programming_engine]: Shell: at -V
[INFO] [1714632906.370737646] [main@visual_programming_engine]: [Interact] at -V
code: 0
message:0

[INFO] [1714632906.371056592] [main@visual_programming_engine]: Shell: service cron status
[INFO] [1714632907.175047676] [main@visual_programming_engine]: [Interact] service cron status
code: 0
message:● cron.service - Regular background program processing daemon
   Loaded: loaded (/lib/systemd/system/cron.service; enabled; vendor preset: enabled)
   Active: active (running) since Thu 2024-05-02 14:54:46 CST; 20s ago
     Docs: man:cron(8)
 Main PID: 4802 (cron)
    Tasks: 1 (limit: 4915)
   CGroup: /system.slice/cron.service
           └─4802 /usr/sbin/cron -f

May 02 14:54:46 mi-desktop cron[4802]: (CRON) INFO (pidfile fd = 3)
May 02 14:54:46 mi-desktop systemd[1]: Started Regular background program processing daemon.
May 02 14:54:46 mi-desktop cron[4802]: (CRON) INFO (Running @reboot jobs)
0

[INFO] [1714632907.176328581] [main@visual_programming_engine]: Shell: pyflakes --version 
[INFO] [1714632910.004000039] [main@visual_programming_engine]: [Interact] pyflakes --version 
code: 0
message:2.4.0 Python 3.6.9 on Linux
0

[INFO] [1714632910.004877518] [main@visual_programming_engine]: Judge params config file dir:/opt/ros2/cyberdog/share/cyberdog_vp/config/abilityset.toml.
[INFO] [1714632910.602874824] [main@visual_programming_engine]: [Interact] Turn on voice control.
[INFO] [1714632910.634214233] [main@visual_programming_engine]: [Interact] Init Workspace...
[INFO] [1714632910.634625756] [main@visual_programming_engine]: Judge params config file dir:/opt/ros2/cyberdog/share/cyberdog_vp/config/abilityset.toml.
[INFO] [1714632910.775174134] [main@visual_programming_engine]: Judge params config file dir:/home/mi/.cyberdog/cyberdog_vp/workspace/module/module.toml.
[INFO] [1714632910.781029219] [main@visual_programming_engine]: Judge params config file dir:/home/mi/.cyberdog/cyberdog_vp/workspace/task/task.toml.
[INFO] [1714632910.812359156] [main@visual_programming_engine]: [Interact] Init data...
[INFO] [1714632917.054079640] [main@visual_programming_engine]: [Base][module] Initializing ...
[INFO] [1714632917.056348234] [main@visual_programming_engine]: Judge params config file dir:/opt/ros2/cyberdog/share/cyberdog_vp/config/abilityset.toml.
[INFO] [1714632918.202810049] [main@visual_programming_engine]: Judge params config file dir:/home/mi/.cyberdog/cyberdog_vp/workspace/module/module.toml.
[INFO] [1714632918.236016032] [main@visual_programming_engine]: Judge params config file dir:/home/mi/.cyberdog/cyberdog_vp/workspace/task/task.toml.
[INFO] [1714632918.288037777] [main@visual_programming_engine]: [Base][module] Init registry file is success.
[INFO] [1714632918.288361075] [main@visual_programming_engine]: [Module] Initializing ...
[INFO] [1714632918.292572595] [main@visual_programming_engine]: [Base][task] Initializing ...
[INFO] [1714632918.294127999] [main@visual_programming_engine]: Judge params config file dir:/opt/ros2/cyberdog/share/cyberdog_vp/config/abilityset.toml.
[INFO] [1714632918.435944259] [main@visual_programming_engine]: Judge params config file dir:/home/mi/.cyberdog/cyberdog_vp/workspace/task/task.toml.
[INFO] [1714632918.467250740] [main@visual_programming_engine]: Judge params config file dir:/home/mi/.cyberdog/cyberdog_vp/workspace/module/module.toml.
[INFO] [1714632918.475952471] [main@visual_programming_engine]: [Base][task] Init registry file is success.
[INFO] [1714632918.481860164] [main@visual_programming_engine]: [Task] Initializing ...
[INFO] [1714632918.487838322] [main@visual_programming_engine]: [Task] InitList().
[INFO] [1714632918.528947727] [main@visual_programming_engine]: Judge params config file dir:/opt/ros2/cyberdog/share/cyberdog_vp/config/abilityset.toml.
[INFO] [1714632918.642842171] [main@visual_programming_engine]: Judge params config file dir:/home/mi/.cyberdog/cyberdog_vp/workspace/task/task.toml.
[INFO] [1714632918.668594465] [main@visual_programming_engine]: Judge params config file dir:/opt/ros2/cyberdog/share/cyberdog_vp/config/abilityset.toml.
[INFO] [1714632918.754212820] [main@visual_programming_engine]: Judge params config file dir:/home/mi/.cyberdog/cyberdog_vp/workspace/task/task.toml.
[INFO] [1714632918.777190821] [main@visual_programming_engine]: [ArtificialIntelligence] Initializing ...
[INFO] [1714632918.777722601] [main@visual_programming_engine]: [ArtificialIntelligence] Initializing data ...
[INFO] [1714632918.800767450] [main@visual_programming_engine]: [Slam] Initializing ...
[INFO] [1714632918.801255134] [main@visual_programming_engine]: [Slam] Initializing data ...
[INFO] [1714632918.806269317] [main@visual_programming_engine]: [Fsm] Initializing ...
[INFO] [1714632918.806827913] [main@visual_programming_engine]: MachineActuator Init, config file: /opt/ros2/cyberdog/share/params/toml_config/manager/state_machine_config.toml
[INFO] [1714632918.840422220] [main@visual_programming_engine]: [Fsm] Initializing data ...
[INFO] [1714632918.850220919] [main@visual_programming_engine]: MachineActuator start on call.
[INFO] [1714632918.850516985] [main@visual_programming_engine]: MachineActuator checkout state: SetUp.
[INFO] [1714632918.850692539] [main@visual_programming_engine]: [Fsm] Trigger once OnSetUp()
[INFO] [1714632918.850807612] [main@visual_programming_engine]: MachineActuator service setup on call.
[INFO] [1714632918.857603664] [main@visual_programming_engine]: Visual programming engine node is running ...
[INFO] [1714633079.583546627] [main@visual_programming_engine]: MachineActuator service callback on call.
	 ===> target_state: Active
[INFO] [1714633079.584803821] [main@visual_programming_engine]: MachineActuator checkout state: Active.
[INFO] [1714633079.584976622] [main@visual_programming_engine]: [Fsm] Trigger once OnActive()
