[INFO] [1714817238.567596984] [main@visual_programming_engine]: Visual programming engine node started
[INFO] [1714817238.568312916] [main@visual_programming_engine]: [Base][task] Creating object(node)
[INFO] [1714817238.581591202] [main@visual_programming_engine]: [LinuxAt] Creating object(node)
[INFO] [1714817238.581905184] [main@visual_programming_engine]: [LinuxCron] Creating object(node)
[INFO] [1714817238.582067551] [main@visual_programming_engine]: [Task] Creating object(node)
[INFO] [1714817238.586173510] [main@visual_programming_engine]: [Base][module] Creating object(node)
[INFO] [1714817238.586383333] [main@visual_programming_engine]: [Module] Creating object(node)
[INFO] [1714817238.586546180] [main@visual_programming_engine]: [ArtificialIntelligence] Creating object(node)
[INFO] [1714817238.586727875] [main@visual_programming_engine]: [Slam] Creating object(node)
[INFO] [1714817238.587767357] [main@visual_programming_engine]: [Fsm] Creating object(node)
[INFO] [1714817238.588682487] [main@visual_programming_engine]: [Interact] Creating object(node)
[INFO] [1714817243.577244154] [main@visual_programming_engine]: [Interact] Initializing ...
[INFO] [1714817243.577517336] [main@visual_programming_engine]: Shell: at -V
[INFO] [1714817243.888500745] [main@visual_programming_engine]: [Interact] at -V
code: 0
message:0

[INFO] [1714817243.888838279] [main@visual_programming_engine]: Shell: service cron status
[INFO] [1714817244.659889977] [main@visual_programming_engine]: [Interact] service cron status
code: 0
message:● cron.service - Regular background program processing daemon
   Loaded: loaded (/lib/systemd/system/cron.service; enabled; vendor preset: enabled)
   Active: active (running) since Sat 2024-05-04 18:07:04 CST; 19s ago
     Docs: man:cron(8)
 Main PID: 4910 (cron)
    Tasks: 1 (limit: 4915)
   CGroup: /system.slice/cron.service
           └─4910 /usr/sbin/cron -f

May 04 18:07:04 mi-desktop cron[4910]: (CRON) INFO (pidfile fd = 3)
May 04 18:07:04 mi-desktop cron[4910]: (CRON) INFO (Running @reboot jobs)
May 04 18:07:04 mi-desktop systemd[1]: Started Regular background program processing daemon.
0

[INFO] [1714817244.660383350] [main@visual_programming_engine]: Shell: pyflakes --version 
[INFO] [1714817248.159395924] [main@visual_programming_engine]: [Interact] pyflakes --version 
code: 0
message:2.4.0 Python 3.6.9 on Linux
0

[INFO] [1714817248.164018807] [main@visual_programming_engine]: Judge params config file dir:/opt/ros2/cyberdog/share/cyberdog_vp/config/abilityset.toml.
[INFO] [1714817248.781597012] [main@visual_programming_engine]: [Interact] Turn on voice control.
[INFO] [1714817248.815292198] [main@visual_programming_engine]: [Interact] Init Workspace...
[INFO] [1714817248.823056279] [main@visual_programming_engine]: Judge params config file dir:/opt/ros2/cyberdog/share/cyberdog_vp/config/abilityset.toml.
[INFO] [1714817249.114882621] [main@visual_programming_engine]: Judge params config file dir:/home/mi/.cyberdog/cyberdog_vp/workspace/module/module.toml.
[INFO] [1714817249.126902419] [main@visual_programming_engine]: Judge params config file dir:/home/mi/.cyberdog/cyberdog_vp/workspace/task/task.toml.
[INFO] [1714817249.189111063] [main@visual_programming_engine]: [Interact] Init data...
[INFO] [1714817257.193446021] [main@visual_programming_engine]: [Base][module] Initializing ...
[INFO] [1714817257.194640715] [main@visual_programming_engine]: Judge params config file dir:/opt/ros2/cyberdog/share/cyberdog_vp/config/abilityset.toml.
[INFO] [1714817257.320828734] [main@visual_programming_engine]: Judge params config file dir:/home/mi/.cyberdog/cyberdog_vp/workspace/module/module.toml.
[INFO] [1714817257.326019165] [main@visual_programming_engine]: Judge params config file dir:/home/mi/.cyberdog/cyberdog_vp/workspace/task/task.toml.
[INFO] [1714817257.353288832] [main@visual_programming_engine]: [Base][module] Init registry file is success.
[INFO] [1714817257.353571302] [main@visual_programming_engine]: [Module] Initializing ...
[INFO] [1714817257.353698035] [main@visual_programming_engine]: [Base][task] Initializing ...
[INFO] [1714817257.354221643] [main@visual_programming_engine]: Judge params config file dir:/opt/ros2/cyberdog/share/cyberdog_vp/config/abilityset.toml.
[INFO] [1714817257.439968898] [main@visual_programming_engine]: Judge params config file dir:/home/mi/.cyberdog/cyberdog_vp/workspace/task/task.toml.
[INFO] [1714817257.462286818] [main@visual_programming_engine]: Judge params config file dir:/home/mi/.cyberdog/cyberdog_vp/workspace/module/module.toml.
[INFO] [1714817257.467016340] [main@visual_programming_engine]: [Base][task] Init registry file is success.
[INFO] [1714817257.467263905] [main@visual_programming_engine]: [Task] Initializing ...
[INFO] [1714817257.471604098] [main@visual_programming_engine]: [Task] InitList().
[INFO] [1714817257.497587988] [main@visual_programming_engine]: Judge params config file dir:/opt/ros2/cyberdog/share/cyberdog_vp/config/abilityset.toml.
[INFO] [1714817257.578067518] [main@visual_programming_engine]: Judge params config file dir:/home/mi/.cyberdog/cyberdog_vp/workspace/task/task.toml.
[INFO] [1714817257.602955251] [main@visual_programming_engine]: Judge params config file dir:/opt/ros2/cyberdog/share/cyberdog_vp/config/abilityset.toml.
[INFO] [1714817257.685845440] [main@visual_programming_engine]: Judge params config file dir:/home/mi/.cyberdog/cyberdog_vp/workspace/task/task.toml.
[INFO] [1714817257.707678663] [main@visual_programming_engine]: [ArtificialIntelligence] Initializing ...
[INFO] [1714817257.708185471] [main@visual_programming_engine]: [ArtificialIntelligence] Initializing data ...
[INFO] [1714817257.725753498] [main@visual_programming_engine]: [Slam] Initializing ...
[INFO] [1714817257.726214065] [main@visual_programming_engine]: [Slam] Initializing data ...
[INFO] [1714817257.734366619] [main@visual_programming_engine]: [Fsm] Initializing ...
[INFO] [1714817257.734985471] [main@visual_programming_engine]: MachineActuator Init, config file: /opt/ros2/cyberdog/share/params/toml_config/manager/state_machine_config.toml
[INFO] [1714817257.769415006] [main@visual_programming_engine]: [Fsm] Initializing data ...
[INFO] [1714817257.777489427] [main@visual_programming_engine]: MachineActuator start on call.
[INFO] [1714817257.777761339] [main@visual_programming_engine]: MachineActuator checkout state: SetUp.
[INFO] [1714817257.777883041] [main@visual_programming_engine]: [Fsm] Trigger once OnSetUp()
[INFO] [1714817257.777999775] [main@visual_programming_engine]: MachineActuator service setup on call.
[INFO] [1714817257.780459841] [main@visual_programming_engine]: Visual programming engine node is running ...
[INFO] [1714817382.932417030] [main@visual_programming_engine]: MachineActuator service callback on call.
	 ===> target_state: Active
[INFO] [1714817382.932676212] [main@visual_programming_engine]: MachineActuator checkout state: Active.
[INFO] [1714817382.932821127] [main@visual_programming_engine]: [Fsm] Trigger once OnActive()
