[INFO] [1714632905.692219208] [cyberdog_action]: Creating cyberdog_action object(node)
[INFO] [1714632905.701149037] [cyberdog_action]: action node init
[INFO] [1714632905.701286382] [cyberdog_action]: read gesture action toml file
[INFO] [1714632905.729270149] [cyberdog_action]: read toml file successfully
[INFO] [1714632906.252950403] [cyberdog_action cyberdog_model]: cyberdog_model Constructor
[INFO] [1714632906.253225925] [cyberdog_action cyberdog_model]: is_specified_version: 0
[INFO] [1714632906.253346182] [cyberdog_action cyberdog_model]: specified_version: 0.0
[INFO] [1714632906.253523080] [cyberdog_action cyberdog_model]: module_name: gesture_action
[INFO] [1714632906.296587635] [cyberdog_action cyberdog_model]: model_dir: /SDCARD/vision/gesture_action/
[INFO] [1714632906.296796885] [cyberdog_action cyberdog_model]: temp_download_path: /SDCARD/vision/gesture_action/temp/
[INFO] [1714632906.340389412] [cyberdog_action]: init successfully
[INFO] [1714632906.340623590] [cyberdog_action]: cyberdog_action node spin,wait for request
[INFO] [1714632906.343120313] [cyberdog_action]: Camera Operate thread begin
[INFO] [1714632906.343512700] [cyberdog_action]: Inference thread begin
[INFO] [1714632964.798850291] [cyberdog_action]: [WifiSignalCallback] internet is ok!!!
[INFO] [1714632964.799086581] [cyberdog_action cyberdog_model]: update models fuc begin
[INFO] [1714632964.800214142] [cyberdog_action cyberdog_model]: init fuc
[ERROR] [1714632974.817078847] [cyberdog_action FdsImpl]: Host not found
[INFO] [1714632974.817418146] [cyberdog_action cyberdog_model]: can not get model version from fds,please checkout network is fine
[ERROR] [1714632974.817610947] [cyberdog_action cyberdog_model]: Init failed
[INFO] [1714632974.817747780] [cyberdog_action]: download and update gesture_action model from Fds failed or timeout
