[INFO] [1714897379.453238023] [az1.cyberdog_pointnet]: Create service: release_pointnet
[INFO] [1714897379.469993568] [uninitialized cyberdog_model]: cyberdog_model Constructor
[INFO] [1714897379.470395072] [uninitialized cyberdog_model]: is_specified_version: 0
[INFO] [1714897379.470509152] [uninitialized cyberdog_model]: specified_version: 1.1
[INFO] [1714897379.470692128] [uninitialized cyberdog_model]: module_name: ground_segmentation
[INFO] [1714897379.470789504] [uninitialized cyberdog_model]: model_dir: /SDCARD/vision/ground_segmentation/
[INFO] [1714897379.470982592] [uninitialized cyberdog_model]: temp_download_path: /SDCARD/vision/ground_segmentation/temp/
[INFO] [1714897380.620569308] [az1.cyberdog_pointnet]: [WifiSignalCallback] internet is ok!!!
[INFO] [1714897380.620932604] [uninitialized cyberdog_model]: update models fuc begin
[INFO] [1714897380.621037788] [uninitialized cyberdog_model]: init fuc
[INFO] [1714897380.727098991] [uninitialized cyberdog_model]: ground_segmentation has 2 versions in fsd
[INFO] [1714897380.727403567] [uninitialized cyberdog_model]: read model version in toml file
[INFO] [1714897380.727576079] [uninitialized cyberdog_model]: Get_Model_Version func 
[INFO] [1714897380.732311565] [uninitialized cyberdog_model]: read key value from toml successfully
[INFO] [1714897380.732551085] [uninitialized cyberdog_model]: the model version in toml file is 1.0 
[INFO] [1714897380.732734989] [uninitialized cyberdog_model]: temp toml path /SDCARD/vision/ground_segmentation/temp/version.toml exist!
[INFO] [1714897380.732847469] [uninitialized cyberdog_model]: new models already downloaded into temp path, do not download again
[INFO] [1714897380.732945933] [uninitialized cyberdog_model]: DownloadModels fuc
[INFO] [1714897380.733096173] [uninitialized cyberdog_model]: do not need download
[ERROR] [1714897380.733338381] [uninitialized cyberdog_model]: download failed or do not need download
[INFO] [1714897380.733491757] [az1.cyberdog_pointnet]: Download and update ground_segmentation model from Fds failed or timeout
