[WARN] [1716645395.705771334] [az1.elevation_mapping]: filterChainParametersName_:postprocessor_pipeline
[INFO] [1716645395.714547619] [az1.elevation_mapping]: str_chain_param_name: 0
[WARN] [1716645395.715379467] [az1.elevation_mapping]: Could not configure the filter chain. Will publish the raw elevation map without postprocessing!
[INFO] [1716645395.720311615] [az1.elevation_mapping]: Elevation mapping node started.
[WARN] [1716645395.720625603] [az1.elevation_mapping]: read elemap_yaml_path!
[INFO] [1716645395.725833689] [az1.elevation_mapping]: robot_pose_with_covariance_topic: 
[INFO] [1716645395.726194973] [az1.elevation_mapping]: track_point_frame_id: camera_depth_optical_frame
[INFO] [1716645395.726472224] [az1.elevation_mapping]: track_point_x: 0.000000
[INFO] [1716645395.726633250] [az1.elevation_mapping]: track_point_y: 0.000000
[INFO] [1716645395.726781507] [az1.elevation_mapping]: track_point_z: 0.000000
[INFO] [1716645395.726922885] [az1.elevation_mapping]: robot_pose_cache_size: 500
[INFO] [1716645395.727091111] [az1.elevation_mapping]: minUpdateRate: 2.0
[INFO] [1716645395.727224104] [az1.elevation_mapping]: maxNoUpdateDuration_: 0.500000
[INFO] [1716645395.727389066] [az1.elevation_mapping]: time_tolerance set to defaul value: 0.0
[WARN] [1716645395.727546603] [az1.elevation_mapping]: this param is not used in the ros2 version!
[WARN] [1716645395.727703821] [az1.elevation_mapping]: visibility_cleanup_rate is not used in ros2 version
[INFO] [1716645395.727812622] [az1.elevation_mapping]: map_frame_id: vodom
[INFO] [1716645395.727957648] [az1.elevation_mapping]: length_in_x: 6.000000
[INFO] [1716645395.728248435] [az1.elevation_mapping]: length_in_y: 6.000000
[INFO] [1716645395.728416116] [az1.elevation_mapping]: position_x: 0.000000
[INFO] [1716645395.728621463] [az1.elevation_mapping]: position_y: 0.000000
[INFO] [1716645395.728786520] [az1.elevation_mapping]: resolution: 0.050000
[INFO] [1716645395.730040550] [az1.elevation_mapping]: Elevation map grid resized to 120 rows and 120 columns.
[INFO] [1716645395.730282504] [az1.elevation_mapping]: min_variance set to defaul value: pow(0.003, 2)
[INFO] [1716645395.730478378] [az1.elevation_mapping]: max_variance set to defaul value: pow(0.003, 2)
[INFO] [1716645395.730645452] [az1.elevation_mapping]: mahalanobis_distance_threshold set to defaul value: 2.5
[INFO] [1716645395.730805230] [az1.elevation_mapping]: multi_height_noise set to defaul value: pow(0.003, 2)
[INFO] [1716645395.730979183] [az1.elevation_mapping]: min_horizontal_variance set to defaul value: pow(resolution / 2.0, 2)
[INFO] [1716645395.731201842] [az1.elevation_mapping]: max_horizontal_variance set to defaul value: 0.5
[WARN] [1716645395.731372596] [az1.elevation_mapping]: underlying_map_topic is not used in ros2 version, should not set this param
[WARN] [1716645395.731550837] [az1.elevation_mapping]: enable_visibility_cleanup is not used in ros2 version
[INFO] [1716645395.731700887] [az1.elevation_mapping]: enable_continuous_cleanup: 0
[INFO] [1716645395.731944922] [az1.elevation_mapping]: scanning_duration set to defaul value: 1.0
[WARN] [1716645395.732238653] [az1.elevation_mapping]: masked_replace_service_mask_layer_name is not used in ros2 version
[INFO] [1716645395.732404958] [az1.elevation_mapping]: initialize_elevation_map: 0
[INFO] [1716645395.732708578] [az1.elevation_mapping]: initialization_method: 0
[INFO] [1716645395.732899236] [az1.elevation_mapping]: length_in_x_init_submap: 1.000000
[INFO] [1716645395.733112230] [az1.elevation_mapping]: length_in_y_init_submap: 1.000000
[INFO] [1716645395.733285128] [az1.elevation_mapping]: margin_init_submap: 0.300000
[INFO] [1716645395.733473066] [az1.elevation_mapping]: init_submap_height_offset: 0.010000
[INFO] [1716645395.733638347] [az1.elevation_mapping]: target_frame_init_submap: base_link
[WARN] [1716645395.733752205] [az1.elevation_mapping]: robot_base_frame_id: base_link
[WARN] [1716645395.733906382] [az1.elevation_mapping]: input_data_format: depthimage
[INFO] [1716645395.734882936] [az1.elevation_mapping]: motion_status_topic_n