[WARN] [1714817342.105761214] [az1.elevation_mapping]: filterChainParametersName_:postprocessor_pipeline
[INFO] [1714817342.115019482] [az1.elevation_mapping]: str_chain_param_name: 0
[WARN] [1714817342.115829723] [az1.elevation_mapping]: Could not configure the filter chain. Will publish the raw elevation map without postprocessing!
[INFO] [1714817342.119342824] [az1.elevation_mapping]: Elevation mapping node started.
[WARN] [1714817342.119629262] [az1.elevation_mapping]: read elemap_yaml_path!
[INFO] [1714817342.124015560] [az1.elevation_mapping]: robot_pose_with_covariance_topic: 
[INFO] [1714817342.124192721] [az1.elevation_mapping]: track_point_frame_id: camera_depth_optical_frame
[INFO] [1714817342.124432485] [az1.elevation_mapping]: track_point_x: 0.000000
[INFO] [1714817342.124591635] [az1.elevation_mapping]: track_point_y: 0.000000
[INFO] [1714817342.124735782] [az1.elevation_mapping]: track_point_z: 0.000000
[INFO] [1714817342.124883607] [az1.elevation_mapping]: robot_pose_cache_size: 500
[INFO] [1714817342.125047300] [az1.elevation_mapping]: minUpdateRate: 2.0
[INFO] [1714817342.125185240] [az1.elevation_mapping]: maxNoUpdateDuration_: 0.500000
[INFO] [1714817342.125339815] [az1.elevation_mapping]: time_tolerance set to defaul value: 0.0
[WARN] [1714817342.125516720] [az1.elevation_mapping]: this param is not used in the ros2 version!
[WARN] [1714817342.125690713] [az1.elevation_mapping]: visibility_cleanup_rate is not used in ros2 version
[INFO] [1714817342.125806580] [az1.elevation_mapping]: map_frame_id: vodom
[INFO] [1714817342.125968481] [az1.elevation_mapping]: length_in_x: 6.000000
[INFO] [1714817342.126119986] [az1.elevation_mapping]: length_in_y: 6.000000
[INFO] [1714817342.126270754] [az1.elevation_mapping]: position_x: 0.000000
[INFO] [1714817342.126420339] [az1.elevation_mapping]: position_y: 0.000000
[INFO] [1714817342.126579809] [az1.elevation_mapping]: resolution: 0.050000
[INFO] [1714817342.128052145] [az1.elevation_mapping]: Elevation map grid resized to 120 rows and 120 columns.
[INFO] [1714817342.128296804] [az1.elevation_mapping]: min_variance set to defaul value: pow(0.003, 2)
[INFO] [1714817342.128472493] [az1.elevation_mapping]: max_variance set to defaul value: pow(0.003, 2)
[INFO] [1714817342.128648373] [az1.elevation_mapping]: mahalanobis_distance_threshold set to defaul value: 2.5
[INFO] [1714817342.128813249] [az1.elevation_mapping]: multi_height_noise set to defaul value: pow(0.003, 2)
[INFO] [1714817342.128986187] [az1.elevation_mapping]: min_horizontal_variance set to defaul value: pow(resolution / 2.0, 2)
[INFO] [1714817342.129162483] [az1.elevation_mapping]: max_horizontal_variance set to defaul value: 0.5
[WARN] [1714817342.129326656] [az1.elevation_mapping]: underlying_map_topic is not used in ros2 version, should not set this param
[WARN] [1714817342.129503944] [az1.elevation_mapping]: enable_visibility_cleanup is not used in ros2 version
[INFO] [1714817342.129657496] [az1.elevation_mapping]: enable_continuous_cleanup: 0
[INFO] [1714817342.129824099] [az1.elevation_mapping]: scanning_duration set to defaul value: 1.0
[WARN] [1714817342.130014023] [az1.elevation_mapping]: masked_replace_service_mask_layer_name is not used in ros2 version
[INFO] [1714817342.130169782] [az1.elevation_mapping]: initialize_elevation_map: 0
[INFO] [1714817342.130334594] [az1.elevation_mapping]: initialization_method: 0
[INFO] [1714817342.130504397] [az1.elevation_mapping]: length_in_x_init_submap: 1.000000
[INFO] [1714817342.130674391] [az1.elevation_mapping]: length_in_y_init_submap: 1.000000
[INFO] [1714817342.143161946] [az1.elevation_mapping]: margin_init_submap: 0.300000
[INFO] [1714817342.143427271] [az1.elevation_mapping]: init_submap_height_offset: 0.010000
[INFO] [1714817342.143601456] [az1.elevation_mapping]: target_frame_init_submap: base_link
[WARN] [1714817342.143752032] [az1.elevation_mapping]: robot_base_frame_id: base_link
[WARN] [1714817342.143915309] [az1.elevation_mapping]: input_data_format: depthimage
[INFO] [1714817342.144851206] [az1.elevation_mapping]: motion_status_topic_n