[INFO] [1716383862.318314692] [uninitialized]: Found parameter: config_path, value: /opt/ros2/cyberdog/share/cyberdog_miloc/config/config.yml
[INFO] [1716383862.813784815] [uninitialized cyberdog_model]: cyberdog_model Constructor
[INFO] [1716383862.814098068] [uninitialized cyberdog_model]: is_specified_version: 0
[INFO] [1716383862.814261207] [uninitialized cyberdog_model]: specified_version: 2.0
[INFO] [1716383862.814394873] [uninitialized cyberdog_model]: module_name: models
[INFO] [1716383862.814502683] [uninitialized cyberdog_model]: model_dir: /SDCARD/miloc/models/
[INFO] [1716383862.814615517] [uninitialized cyberdog_model]: temp_download_path: /SDCARD/miloc/models/temp/
[INFO] [1716383862.815377098] [uninitialized]: Found parameter: reloc_failure_threshold, value: 20
[INFO] [1716383862.815980469] [uninitialized]: Found parameter: immediately_reconstruct, value: 0
[INFO] [1716383864.492308586] [az1.miloc_server]: get wifi signal
[INFO] [1716383864.493023446] [uninitialized cyberdog_model]: init fuc
[INFO] [1716383864.796536458] [uninitialized cyberdog_model]: models has 1 versions in fsd
[INFO] [1716383864.819131732] [az1.miloc_server]: internet is ok, start to check miloc models
[INFO] [1716383864.821078742] [uninitialized cyberdog_model]: update models fuc begin
[INFO] [1716383864.821597503] [uninitialized cyberdog_model]: init fuc
[INFO] [1716383865.258865618] [uninitialized cyberdog_model]: models has 1 versions in fsd
[INFO] [1716383865.259172439] [uninitialized cyberdog_model]: read model version in toml file
[INFO] [1716383865.259345914] [uninitialized cyberdog_model]: Get_Model_Version func 
[INFO] [1716383865.263512131] [uninitialized cyberdog_model]: read key value from toml successfully
[INFO] [1716383865.263803464] [uninitialized cyberdog_model]: the model version in toml file is 2.0 
[INFO] [1716383865.263986027] [uninitialized cyberdog_model]: temp toml path /SDCARD/miloc/models/temp/version.toml do not exist!
[INFO] [1716383865.265051838] [uninitialized cyberdog_model]: obj: 2.0/
[INFO] [1716383865.265268258] [uninitialized cyberdog_model]: ftp_newest_version  is 2.0
[INFO] [1716383865.265397508] [uninitialized cyberdog_model]: nx_version  is 2.0
[INFO] [1716383865.265510726] [uninitialized cyberdog_model]: nx model version is the newest version
[INFO] [1716383865.265624328] [uninitialized cyberdog_model]: DownloadModels fuc
[INFO] [1716383865.265751562] [uninitialized cyberdog_model]: do not need download
[ERROR] [1716383865.265855084] [uninitialized cyberdog_model]: download failed or do not need download
[INFO] [1716383865.266062704] [az1.miloc_server]: model already downloads, do not need to update models
[INFO] [1716383865.266368213] [uninitialized cyberdog_model]: temp toml path /SDCARD/miloc/models/temp/version.toml do not exist!
[INFO] [1716383865.266509751] [az1.miloc_server]: load model without replace new model
