[INFO] [1714817239.595956803] [MotionManager]: Init on call
[INFO] [1714817246.974266087] [MotionManager MotionAction]: feedback func: St5_BindIFMN8cyberdog6motion13MotionHandlerEFvRKSt10shared_ptrIN8protocol3msg13MotionStatus_ISaIvEEEEEPS2_St12_PlaceholderILi1EEEE
[INFO] [1714817246.978687596] [MotionManager MotionAction]: 1
[INFO] [1714817246.996297377] [MotionManager]: Get Feedback: 5
[INFO] [1714817246.996723230] [MotionManager MotionAction]: feedback func: St5_BindIFMN8cyberdog6motion13MotionHandlerEFvRKSt10shared_ptrIN8protocol3msg13MotionStatus_ISaIvEEEEEPS2_St12_PlaceholderILi1EEEE
[INFO] [1714817246.996955613] [MotionManager MotionAction]: 1
[INFO] [1714817246.997129691] [MotionManager]: Get Feedback: 4
[INFO] [1714817246.997278651] [MotionManager MotionAction]: feedback func: St5_BindIFMN8cyberdog6motion13MotionHandlerEFvRKSt10shared_ptrIN8protocol3msg13MotionStatus_ISaIvEEEEEPS2_St12_PlaceholderILi1EEEE
[INFO] [1714817246.997413370] [MotionManager MotionAction]: 1
[INFO] [1714817246.997511673] [MotionManager]: Get Feedback: 3
[INFO] [1714817246.997638904] [MotionManager MotionAction]: feedback func: St5_BindIFMN8cyberdog6motion13MotionHandlerEFvRKSt10shared_ptrIN8protocol3msg13MotionStatus_ISaIvEEEEEPS2_St12_PlaceholderILi1EEEE
[INFO] [1714817246.997766392] [MotionManager MotionAction]: 1
[INFO] [1714817246.997853687] [MotionManager]: Get Feedback: 2
[INFO] [1714817247.025428718] [MotionManager MotionAction]: feedback func: St5_BindIFMN8cyberdog6motion13MotionHandlerEFvRKSt10shared_ptrIN8protocol3msg13MotionStatus_ISaIvEEEEEPS2_St12_PlaceholderILi1EEEE
[INFO] [1714817247.025624365] [MotionManager MotionAction]: 1
[INFO] [1714817247.025736588] [MotionManager]: Get Feedback: 1
[INFO] [1714817248.021582911] [MotionManager]: [PROTOCOL][INFO] Creat embed protocol[elec_skin], protocol:"can", path:"/opt/ros2/cyberdog/share/elec_skin/toml_config/elec_skin.toml"
[INFO] [1714817248.024321774] [MotionManager]: [CAN_PROTOCOL][INFO] Creat can protocol[elec_skin]: 0 error, 0 warning
[INFO] [1714817248.024569517] [MotionManager]: [CAN_PROTOCOL][INFO][elec_skin] No recv canid, enable send-only mode
[INFO] [1714817248.078964704] [az1.skin_manager]: Default color: 0
[INFO] [1714817248.079605404] [az1.skin_manager]: Start direction: 0
[INFO] [1714817248.079782267] [az1.skin_manager]: Gradual duration: 50
[INFO] [1714817248.079942170] [az1.skin_manager]: defaul_duration: 2000
[INFO] [1714817248.080096249] [az1.skin_manager]: enable: 0
[INFO] [1714817248.527567975] [MotionManager]: MachineActuator Init, config file: /opt/ros2/cyberdog/share/params/toml_config/manager/state_machine_config.toml
[INFO] [1714817248.745281426] [MotionManager]: MachineActuator start on call.
[INFO] [1714817248.745554065] [MotionManager]: MachineActuator checkout state: SetUp.
[INFO] [1714817248.745667152] [MotionManager]: Get fsm: Setup
[INFO] [1714817248.745764304] [MotionManager]: MachineActuator service setup on call.
[INFO] [1714817248.749279290] [MotionManager]: Running on...
[INFO] [1714817258.684469889] [MotionManager]: MachineActuator service callback on call.
	 ===> target_state: SelfCheck
[INFO] [1714817258.684723306] [MotionManager]: MachineActuator checkout state: SelfCheck.
[INFO] [1714817258.685141771] [MotionManager]: Get fsm: SelfCheck
[INFO] [1714817258.685290798] [MotionManager MotionAction]: MR813 LCM: Ready
[INFO] [1714817258.685455348] [MotionManager]: MotionManager SelfCheck OK
[INFO] [1714817266.247661795] [MotionManager]: MachineActuator service callback on call.
	 ===> target_state: Active
[INFO] [1714817266.247864513] [MotionManager]: MachineActuator checkout state: Active.
[INFO] [1714817266.248034861] [MotionManager]: Get fsm: Active
[INFO] [1714817382.902010223] [MotionManager]: MachineActuator service callback on call.
	 ===> target_state: Active
[INFO] [1714817382.902988219] [MotionManager]: MachineActuator checkout state: Active.
[INFO] [1714817382.903203575] [MotionManager]: Get fsm: Active
