[INFO] [1714634919.912911424] [camera.camera]: 
	camera lifecycle node launched. 
	Waiting on external lifecycle transitions to activate
	See https://design.ros2.org/articles/node_lifecycle.html for more information.
[INFO] [1714634924.148747432] [camera.camera]: RealSense ROS v4.0.4
[INFO] [1714634924.148993340] [camera.camera]: Built with LibRealSense v2.50.0
[INFO] [1714634924.149127189] [camera.camera]: Running with LibRealSense v2.50.0
[INFO] [1714634924.281971675] [camera.camera]: Device with serial number 215222075522 was found.

[INFO] [1714634924.282411174] [camera.camera]: Device with physical ID /sys/devices/3610000.xhci/usb2/2-3/2-3.3/2-3.3:1.0/video4linux/video4 was found.
[INFO] [1714634924.282687641] [camera.camera]: Device with name Intel RealSense D430I was found.
[INFO] [1714634924.284740151] [camera.camera]: Device with port number 2-3.3 was found.
[INFO] [1714634924.284918127] [camera.camera]: Device USB type: 3.2
[INFO] [1714634924.285078855] [camera.camera]: set_devices_changed_callback
[INFO] [1714634924.313272104] [camera.realsense2_camera_node]: getParameters...
[INFO] [1714634924.357685315] [camera.realsense2_camera_node]: JSON file is not provided
[INFO] [1714634924.357952086] [camera.realsense2_camera_node]: Device Name: Intel RealSense D430I
[INFO] [1714634924.358092880] [camera.realsense2_camera_node]: Device Serial No: 215222075522
[INFO] [1714634924.358212042] [camera.realsense2_camera_node]: Device physical port: /sys/devices/3610000.xhci/usb2/2-3/2-3.3/2-3.3:1.0/video4linux/video4
[INFO] [1714634924.358922504] [camera.realsense2_camera_node]: Device FW version: 05.13.00.55
[INFO] [1714634924.359151293] [camera.realsense2_camera_node]: Device Product ID: 0x0B4B
[INFO] [1714634924.363353333] [camera.realsense2_camera_node]: Sync Mode: On
[WARN] [1714634924.734385892] [camera.realsense2_camera_node]: re-enable the stream for the change to take effect.
[WARN] [1714634924.750011132] [camera.realsense2_camera_node]: re-enable the stream for the change to take effect.
[ERROR] [1714634924.884312988] [camera.realsense2_camera_node]: The PointCloudHeightScale is out of range,make PointCloudHeightScale = 5
[INFO] [1714634924.884589071] [camera.realsense2_camera_node]: PointCloudHeightScale = 5
[ERROR] [1714634924.885768183] [camera.realsense2_camera_node]: The PointCloudWeightScale is out of range,make PointCloudWeightScale = 1
[INFO] [1714634924.885913488] [camera.realsense2_camera_node]: PointCloudWeightScale = 1
[ERROR] [1714634924.887183059] [camera.realsense2_camera_node]: The PointCloudPublishFrequency is out of range,make PointCloudPublishFrequency = 1
[INFO] [1714634924.887309261] [camera.realsense2_camera_node]: PointCloudPublishFrequency = 1
[INFO] [1714634924.888546354] [camera.realsense2_camera_node]: PointCloudTop = 0
[ERROR] [1714634924.890139558] [camera.realsense2_camera_node]: The PointCloudBottom is out of range,make PointCloudBottom = 480
[INFO] [1714634924.890277088] [camera.realsense2_camera_node]: PointCloudBottom = 480
[INFO] [1714634924.903654274] [camera.realsense2_camera_node]: Start Sensor: Stereo Module
[INFO] [1714634925.074468215] [camera.realsense2_camera_node]: Open profile: stream_type: Infra(1), Format: Y8, Width: 640, Height: 480, FPS: 30
[INFO] [1714634925.074750249] [camera.realsense2_camera_node]: Open profile: stream_type: Infra(2), Format: Y8, Width: 640, Height: 480, FPS: 30
[INFO] [1714634925.074884067] [camera.realsense2_camera_node]: Open profile: stream_type: Depth(0), Format: Z16, Width: 640, Height: 480, FPS: 30
[INFO] [1714634925.075199764] [camera.realsense2_camera_node]: Start Sensor: Motion Module
[INFO] [1714634925.141752752] [camera.realsense2_camera_node]: Open profile: stream_type: Accel(0)Format: MOTION_XYZ32F, FPS: 200
[INFO] [1714634925.142131358] [camera.realsense2_camera_node]: Open profile: stream_type: Gyro(0)Format: MOTION_XYZ32F, FPS: 200
[INFO] [1714634925.151407812] [camera.realsense2_camera_node]: RealSense Node Is Up!
[WARN] [1714634925.154108516] [camera.realsense2_camera_node]: 
[INFO] [1714634925.157198672] [camera.camera]: Sending synchronous signal ...
[INFO] [1714634926.157850829] [camera.camera]: Synchronous signal has been sent
[INFO] [1714634926.158179965] [camera.camera]: Creating bond (camera) to lifecycle manager.
[ERROR] [1714634926.512442156] [camera.camera]: The device has been disconnected!
[INFO] [1714634926.513781996] [camera.realsense2_camera_node]: Stop Sensor: Stereo Module
[INFO] [1714634926.514031552] [camera.realsense2_camera_node]: Close Sensor. 
[INFO] [1714634926.519640309] [camera.realsense2_camera_node]: Close Sensor - Done. 
[INFO] [1714634926.519949766] [camera.realsense2_camera_node]: Stop Sensor: Motion Module
[ERROR] [1714634926.531712149] [camera.realsense2_camera_node]: Exception: /carpo_ws/src/realsense-ros/realsense2_camera/src/realsense_stream/ros_sensor.cpp:229:Failed to enable_sensor /sys/devices/3610000.xhci/usb2/2-3/2-3.3/2-3.3:1.3/0003:8086:0B4B.0004/HID-SENSOR-2000e1.3.auto/enable_sensor Last Error: No such file or directory
[INFO] [1714634926.532000232] [camera.realsense2_camera_node]: Close Sensor. 
[ERROR] [1714634926.532273819] [camera.realsense2_camera_node]: Exception: /carpo_ws/src/realsense-ros/realsense2_camera/src/realsense_stream/ros_sensor.cpp:238:close() failed. Hid device is streaming!
[INFO] [1714634926.532400021] [camera.realsense2_camera_node]: Close Sensor - Done. 
[INFO] [1714634926.545177588] [camera.realsense2_camera_node]: Stop Sensor: Motion Module
[ERROR] [1714634926.547091641] [camera.realsense2_camera_node]: Exception: /carpo_ws/src/realsense-ros/realsense2_camera/src/realsense_stream/ros_sensor.cpp:229:Failed to enable_sensor /sys/devices/3610000.xhci/usb2/2-3/2-3.3/2-3.3:1.3/0003:8086:0B4B.0004/HID-SENSOR-2000e1.3.auto/enable_sensor Last Error: No such file or directory
[INFO] [1714634926.547384523] [camera.realsense2_camera_node]: Close Sensor. 
[ERROR] [1714634926.551942961] [camera.realsense2_camera_node]: Exception: /carpo_ws/src/realsense-ros/realsense2_camera/src/realsense_stream/ros_sensor.cpp:238:close() failed. Hid device is streaming!
[INFO] [1714634926.552220388] [camera.realsense2_camera_node]: Close Sensor - Done. 
[INFO] [1714634929.782572406] [camera.camera]: wait for the device recovery timeout !
[INFO] [1714634931.783448035] [camera.camera]: wait for the device recovery timeout !
[INFO] [1714634933.784446731] [camera.camera]: wait for the device recovery timeout !
[INFO] [1714634935.785335799] [camera.camera]: wait for the device recovery timeout !
[INFO] [1714634937.786293953] [camera.camera]: wait for the device recovery timeout !
[INFO] [1714634939.787318407] [camera.camera]: wait for the device recovery timeout !
[INFO] [1714634941.788320686] [camera.camera]: wait for the device recovery timeout !
[INFO] [1714634943.789459215] [camera.camera]: wait for the device recovery timeout !
[INFO] [1714634945.790719818] [camera.camera]: wait for the device recovery timeout !
[INFO] [1714634947.791762480] [camera.camera]: wait for the device recovery timeout !
[INFO] [1714634949.792846035] [camera.camera]: wait for the device recovery timeout !
[INFO] [1714634951.795554249] [camera.camera]: wait for the device recovery timeout !
[INFO] [1714634953.796735528] [camera.camera]: wait for the device recovery timeout !
[INFO] [1714634955.799194186] [camera.camera]: wait for the device recovery timeout !
[INFO] [1714634957.800360969] [camera.camera]: wait for the device recovery timeout !
[INFO] [1714634959.801880216] [camera.camera]: wait for the device recovery timeout !
[INFO] [1714634961.803048567] [camera.camera]: wait for the device recovery timeout !
[INFO] [1714634963.803968099] [camera.camera]: wait for the device recovery timeout !
[INFO] [1714634965.804988617] [camera.camera]: wait for the device recovery timeout !
[INFO] [1714634967.810872520] [camera.camera]: wait for the device recovery timeout !
[INFO] [1714634969.812882271] [camera.camera]: wait for the device recovery timeout !
[INFO] [1714634971.813931204] [camera.camera]: wait for the device recovery timeout !
[INFO] [1714634973.816669913] [camera.camera]: wait for the device recovery timeout !
[INFO] [1714634975.817610755] [camera.camera]: wait for the device recovery timeout !
[INFO] [1714634977.818760611] [camera.camera]: wait for the device recovery timeout !
[INFO] [1714634979.819825736] [camera.camera]: wait for the device recovery timeout !
[INFO] [1714634981.820831567] [camera.camera]: wait for the device recovery timeout !
[INFO] [1714634983.823413067] [camera.camera]: wait for the device recovery timeout !
[INFO] [1714634985.825024789] [camera.camera]: wait for the device recovery timeout !
[INFO] [1714634987.826107097] [camera.camera]: wait for the device recovery timeout !
[INFO] [1714634989.827907546] [camera.camera]: wait for the device recovery timeout !
[INFO] [1714634991.830647887] [camera.camera]: wait for the device recovery timeout !
[INFO] [1714634993.831630039] [camera.camera]: wait for the device recovery timeout !
[INFO] [1714634995.834122615] [camera.camera]: wait for the device recovery timeout !
[INFO] [1714634997.835327477] [camera.camera]: wait for the device recovery timeout !
[INFO] [1714634999.836457302] [camera.camera]: wait for the device recovery timeout !
[INFO] [1714635001.837580600] [camera.camera]: wait for the device recovery timeout !
[INFO] [1714635003.838950189] [camera.camera]: wait for the device recovery timeout !
[INFO] [1714635005.840169930] [camera.camera]: wait for the device recovery timeout !
[INFO] [1714635007.841265037] [camera.camera]: wait for the device recovery timeout !
[INFO] [1714635009.842639075] [camera.camera]: wait for the device recovery timeout !
[INFO] [1714635011.843758661] [camera.camera]: wait for the device recovery timeout !
[INFO] [1714635013.844722478] [camera.camera]: wait for the device recovery timeout !
[INFO] [1714635015.845893773] [camera.camera]: wait for the device recovery timeout !
[INFO] [1714635017.846931219] [camera.camera]: wait for the device recovery timeout !
[INFO] [1714635019.849651176] [camera.camera]: wait for the device recovery timeout !
[INFO] [1714635021.850924547] [camera.camera]: wait for the device recovery timeout !
[INFO] [1714635023.851862957] [camera.camera]: wait for the device recovery timeout !
[INFO] [1714635025.855314016] [camera.camera]: wait for the device recovery timeout !
[INFO] [1714635027.858114385] [camera.camera]: wait for the device recovery timeout !
[INFO] [1714635029.859249810] [camera.camera]: wait for the device recovery timeout !
[INFO] [1714635031.861288936] [camera.camera]: wait for the device recovery timeout !
[INFO] [1714635033.862272240] [camera.camera]: wait for the device recovery timeout !
[INFO] [1714635035.863340308] [camera.camera]: wait for the device recovery timeout !
[INFO] [1714635037.865272655] [camera.camera]: wait for the device recovery timeout !
[INFO] [1714635039.866271767] [camera.camera]: wait for the device recovery timeout !
[INFO] [1714635041.867476661] [camera.camera]: wait for the device recovery timeout !
[INFO] [1714635043.868438078] [camera.camera]: wait for the device recovery timeout !
[INFO] [1714635045.870881313] [camera.camera]: wait for the device recovery timeout !
[INFO] [1714635047.871913574] [camera.camera]: wait for the device recovery timeout !
[INFO] [1714635049.872952076] [camera.camera]: wait for the device recovery timeout !
[INFO] [1714635051.874173897] [camera.camera]: wait for the device recovery timeout !
[INFO] [1714635053.875336713] [camera.camera]: wait for the device recovery timeout !
[INFO] [1714635055.876295378] [camera.camera]: wait for the device recovery timeout !
[INFO] [1714635057.877409940] [camera.camera]: wait for the device recovery timeout !
[INFO] [1714635059.878386172] [camera.camera]: wait for the device recovery timeout !
[INFO] [1714635061.879340774] [camera.camera]: wait for the device recovery timeout !
[INFO] [1714635063.881464344] [camera.camera]: wait for the device recovery timeout !
[INFO] [1714635065.883794016] [camera.camera]: wait for the device recovery timeout !
[INFO] [1714635067.884717835] [camera.camera]: wait for the device recovery timeout !
[INFO] [1714635069.885778704] [camera.camera]: wait for the device recovery timeout !
[INFO] [1714635071.892459496] [camera.camera]: wait for the device recovery timeout !
[INFO] [1714635073.893863293] [camera.camera]: wait for the device recovery timeout !
[INFO] [1714635075.894911202] [camera.camera]: wait for the device recovery timeout !
[INFO] [1714635077.895940200] [camera.camera]: wait for the device recovery timeout !
[INFO] [1714635079.897040362] [camera.camera]: wait for the device recovery timeout !
[INFO] [1714635081.897972917] [camera.camera]: wait for the device recovery timeout !
[INFO] [1714635083.905151254] [camera.camera]: wait for the device recovery timeout !
[INFO] [1714635085.906396530] [camera.camera]: wait for the device recovery timeout !
[INFO] [1714635087.907538354] [camera.camera]: wait for the device recovery timeout !
[INFO] [1714635089.908563001] [camera.camera]: wait for the device recovery timeout !
[INFO] [1714635091.910634477] [camera.camera]: wait for the device recovery timeout !
[INFO] [1714635093.911588087] [camera.camera]: wait for the device recovery timeout !
[INFO] [1714635095.912693049] [camera.camera]: wait for the device recovery timeout !
[INFO] [1714635097.913654178] [camera.camera]: wait for the device recovery timeout !
[INFO] [1714635099.914656266] [camera.camera]: wait for the device recovery timeout !
[INFO] [1714635101.915854280] [camera.camera]: wait for the device recovery timeout !
[INFO] [1714635103.916846640] [camera.camera]: wait for the device recovery timeout !
[INFO] [1714635105.917804633] [camera.camera]: wait for the device recovery timeout !
[INFO] [1714635107.919739092] [camera.camera]: wait for the device recovery timeout !
[INFO] [1714635109.920711645] [camera.camera]: wait for the device recovery timeout !
[INFO] [1714635111.921758050] [camera.camera]: wait for the device recovery timeout !
[INFO] [1714635113.924892004] [camera.camera]: wait for the device recovery timeout !
[INFO] [1714635115.926832030] [camera.camera]: wait for the device recovery timeout !
[INFO] [1714635117.927809223] [camera.camera]: wait for the device recovery timeout !
[INFO] [1714635119.930958536] [camera.camera]: wait for the device recovery timeout !
[INFO] [1714635121.932645262] [camera.camera]: wait for the device recovery timeout !
[INFO] [1714635123.936350293] [camera.camera]: wait for the device recovery timeout !
[INFO] [1714635125.939557171] [camera.camera]: wait for the device recovery timeout !
[INFO] [1714635127.942555931] [camera.camera]: wait for the device recovery timeout !
[INFO] [1714635129.944327102] [camera.camera]: wait for the device recovery timeout !
[INFO] [1714635131.949371941] [camera.camera]: wait for the device recovery timeout !
[INFO] [1714635133.952886996] [camera.camera]: wait for the device recovery timeout !
[INFO] [1714635135.954159439] [camera.camera]: wait for the device recovery timeout !
[INFO] [1714635137.955353165] [camera.camera]: wait for the device recovery timeout !
[INFO] [1714635139.958665318] [camera.camera]: wait for the device recovery timeout !
[WARN] [1714635141.686227028] [rcl_lifecycle]: No transition matching configure found for current state active
[INFO] [1714635141.959817734] [camera.camera]: wait for the device recovery timeout !
[INFO] [1714635143.960950120] [camera.camera]: wait for the device recovery timeout !
[INFO] [1714635145.961945711] [camera.camera]: wait for the device recovery timeout !
[INFO] [1714635147.964870395] [camera.camera]: wait for the device recovery timeout !
[INFO] [1714635149.971599345] [camera.camera]: wait for the device recovery timeout !
[INFO] [1714635151.976461345] [camera.camera]: wait for the device recovery timeout !
[INFO] [1714635153.978005966] [camera.camera]: wait for the device recovery timeout !
[INFO] [1714635155.979213484] [camera.camera]: wait for the device recovery timeout !
[INFO] [1714635157.980315470] [camera.camera]: wait for the device recovery timeout !
[INFO] [1714635159.983065314] [camera.camera]: wait for the device recovery timeout !
[WARN] [1714635161.037907945] [rcl_lifecycle]: No transition matching configure found for current state active
[INFO] [1714635161.984046859] [camera.camera]: wait for the device recovery timeout !
[INFO] [1714635163.985134222] [camera.camera]: wait for the device recovery timeout !
[INFO] [1714635165.986210226] [camera.camera]: wait for the device recovery timeout !
[INFO] [1714635167.988578264] [camera.camera]: wait for the device recovery timeout !
[INFO] [1714635169.989644988] [camera.camera]: wait for the device recovery timeout !
[INFO] [1714635171.990665475] [camera.camera]: wait for the device recovery timeout !
[INFO] [1714635173.993399416] [camera.camera]: wait for the device recovery timeout !
[INFO] [1714635175.995353010] [camera.camera]: wait for the device recovery timeout !
[INFO] [1714635177.997090454] [camera.camera]: wait for the device recovery timeout !
[INFO] [1714635180.000120189] [camera.camera]: wait for the device recovery timeout !
[INFO] [1714635182.003470452] [camera.camera]: wait for the device recovery timeout !
[INFO] [1714635184.005238039] [camera.camera]: wait for the device recovery timeout !
[INFO] [1714635186.006693289] [camera.camera]: wait for the device recovery timeout !
[INFO] [1714635188.007798027] [camera.camera]: wait for the device recovery timeout !
[INFO] [1714635190.008788691] [camera.camera]: wait for the device recovery timeout !
[INFO] [1714635192.009952274] [camera.camera]: wait for the device recovery timeout !
[INFO] [1714635194.010965657] [camera.camera]: wait for the device recovery timeout !
[INFO] [1714635196.012940306] [camera.camera]: wait for the device recovery timeout !
[INFO] [1714635198.013934266] [camera.camera]: wait for the device recovery timeout !
[INFO] [1714635200.014963296] [camera.camera]: wait for the device recovery timeout !
[INFO] [1714635202.016292792] [camera.camera]: wait for the device recovery timeout !
[INFO] [1714635204.017584593] [camera.camera]: wait for the device recovery timeout !
[INFO] [1714635206.020636983] [camera.camera]: wait for the device recovery timeout !
[INFO] [1714635208.021569922] [camera.camera]: wait for the device recovery timeout !
[INFO] [1714635210.022759424] [camera.camera]: wait for the device recovery timeout !
[INFO] [1714635212.023875522] [camera.camera]: wait for the device recovery timeout !
[INFO] [1714635214.024823020] [camera.camera]: wait for the device recovery timeout !
[INFO] [1714635216.025832371] [camera.camera]: wait for the device recovery timeout !
[INFO] [1714635218.026902359] [camera.camera]: wait for the device recovery timeout !
[INFO] [1714635220.027865024] [camera.camera]: wait for the device recovery timeout !
[INFO] [1714635222.032647411] [camera.camera]: wait for the device recovery timeout !
[INFO] [1714635224.034628108] [camera.camera]: wait for the device recovery timeout !
[INFO] [1714635226.037397279] [camera.camera]: wait for the device recovery timeout !
[INFO] [1714635228.040219856] [camera.camera]: wait for the device recovery timeout !
[INFO] [1714635230.046635541] [camera.camera]: wait for the device recovery timeout !
[INFO] [1714635232.048738408] [camera.camera]: wait for the device recovery timeout !
[INFO] [1714635234.049730320] [camera.camera]: wait for the device recovery timeout !
[INFO] [1714635236.052496515] [camera.camera]: wait for the device recovery timeout !
[INFO] [1714635238.055800093] [camera.camera]: wait for the device recovery timeout !
[INFO] [1714635240.059882577] [camera.camera]: wait for the device recovery timeout !
[INFO] [1714635242.063673844] [camera.camera]: wait for the device recovery timeout !
[INFO] [1714635244.066238736] [camera.camera]: wait for the device recovery timeout !
[INFO] [1714635246.067370002] [camera.camera]: wait for the device recovery timeout !
[INFO] [1714635248.070232800] [camera.camera]: wait for the device recovery timeout !
[INFO] [1714635250.072224536] [camera.camera]: wait for the device recovery timeout !
[INFO] [1714635252.073379640] [camera.camera]: wait for the device recovery timeout !
[INFO] [1714635254.076282181] [camera.camera]: wait for the device recovery timeout !
[INFO] [1714635256.079185458] [camera.camera]: wait for the device recovery timeout !
[INFO] [1714635258.080315123] [camera.camera]: wait for the device recovery timeout !
[INFO] [1714635260.081479123] [camera.camera]: wait for the device recovery timeout !
[INFO] [1714635262.082700528] [camera.camera]: wait for the device recovery timeout !
[INFO] [1714635264.084632491] [camera.camera]: wait for the device recovery timeout !
[INFO] [1714635266.087964675] [camera.camera]: wait for the device recovery timeout !
[INFO] [1714635268.090980842] [camera.camera]: wait for the device recovery timeout !
[INFO] [1714635270.092008369] [camera.camera]: wait for the device recovery timeout !
[INFO] [1714635272.093046486] [camera.camera]: wait for the device recovery timeout !
[INFO] [1714635274.094090651] [camera.camera]: wait for the device recovery timeout !
[INFO] [1714635276.100718807] [camera.camera]: wait for the device recovery timeout !
[INFO] [1714635278.102598612] [camera.camera]: wait for the device recovery timeout !
[INFO] [1714635280.103570621] [camera.camera]: wait for the device recovery timeout !
[INFO] [1714635282.104665568] [camera.camera]: wait for the device recovery timeout !
[INFO] [1714635284.106017591] [camera.camera]: wait for the device recovery timeout !
[INFO] [1714635286.107194742] [camera.camera]: wait for the device recovery timeout !
[INFO] [1714635288.109960937] [camera.camera]: wait for the device recovery timeout !
[INFO] [1714635290.111901315] [camera.camera]: wait for the device recovery timeout !
[INFO] [1714635292.113061379] [camera.camera]: wait for the device recovery timeout !
[INFO] [1714635294.114234082] [camera.camera]: wait for the device recovery timeout !
[INFO] [1714635296.115297543] [camera.camera]: wait for the device recovery timeout !
[INFO] [1714635298.117964383] [camera.camera]: wait for the device recovery timeout !
[INFO] [1714635300.119067329] [camera.camera]: wait for the device recovery timeout !
[INFO] [1714635302.122264416] [camera.camera]: wait for the device recovery timeout !
[INFO] [1714635304.123447231] [camera.camera]: wait for the device recovery timeout !
[INFO] [1714635306.124625150] [camera.camera]: wait for the device recovery timeout !
[INFO] [1714635308.127175611] [camera.camera]: wait for the device recovery timeout !
[INFO] [1714635310.129125909] [camera.camera]: wait for the device recovery timeout !
[INFO] [1714635312.130140220] [camera.camera]: wait for the device recovery timeout !
[INFO] [1714635314.131300348] [camera.camera]: wait for the device recovery timeout !
[INFO] [1714635316.132282308] [camera.camera]: wait for the device recovery timeout !
[INFO] [1714635318.138226528] [camera.camera]: wait for the device recovery timeout !
[INFO] [1714635320.140531497] [camera.camera]: wait for the device recovery timeout !
[INFO] [1714635322.141602381] [camera.camera]: wait for the device recovery timeout !
[INFO] [1714635324.144706161] [camera.camera]: wait for the device recovery timeout !
[INFO] [1714635326.146997914] [camera.camera]: wait for the device recovery timeout !
[INFO] [1714635328.149841770] [camera.camera]: wait for the device recovery timeout !
[INFO] [1714635330.152827315] [camera.camera]: wait for the device recovery timeout !
[INFO] [1714635332.154106925] [camera.camera]: wait for the device recovery timeout !
[INFO] [1714635334.155280012] [camera.camera]: wait for the device recovery timeout !
[INFO] [1714635336.156375471] [camera.camera]: wait for the device recovery timeout !
[INFO] [1714635338.157545614] [camera.camera]: wait for the device recovery timeout !
[INFO] [1714635340.158608211] [camera.camera]: wait for the device recovery timeout !
[INFO] [1714635342.159896620] [camera.camera]: wait for the device recovery timeout !
[INFO] [1714635344.160880853] [camera.camera]: wait for the device recovery timeout !
[INFO] [1714635346.161834942] [camera.camera]: wait for the device recovery timeout !
[INFO] [1714635348.163114712] [camera.camera]: wait for the device recovery timeout !
[INFO] [1714635350.166099489] [camera.camera]: wait for the device recovery timeout !
[I