[INFO] [1714637015.498927629] [camera.camera]: 
	camera lifecycle node launched. 
	Waiting on external lifecycle transitions to activate
	See https://design.ros2.org/articles/node_lifecycle.html for more information.
[INFO] [1714637022.429012018] [camera.camera]: RealSense ROS v4.0.4
[INFO] [1714637022.429242247] [camera.camera]: Built with LibRealSense v2.50.0
[INFO] [1714637022.429387905] [camera.camera]: Running with LibRealSense v2.50.0
[INFO] [1714637022.572024632] [camera.camera]: Device with serial number 215222075522 was found.

[INFO] [1714637022.575058863] [camera.camera]: Device with physical ID /sys/devices/3610000.xhci/usb2/2-3/2-3.3/2-3.3:1.0/video4linux/video4 was found.
[INFO] [1714637022.575220456] [camera.camera]: Device with name Intel RealSense D430I was found.
[INFO] [1714637022.577052566] [camera.camera]: Device with port number 2-3.3 was found.
[INFO] [1714637022.577239309] [camera.camera]: Device USB type: 3.2
[INFO] [1714637022.577371719] [camera.camera]: set_devices_changed_callback
[INFO] [1714637022.610983905] [camera.realsense2_camera_node]: getParameters...
[INFO] [1714637022.640991997] [camera.realsense2_camera_node]: JSON file is not provided
[INFO] [1714637022.641275984] [camera.realsense2_camera_node]: Device Name: Intel RealSense D430I
[INFO] [1714637022.641428137] [camera.realsense2_camera_node]: Device Serial No: 215222075522
[INFO] [1714637022.641538820] [camera.realsense2_camera_node]: Device physical port: /sys/devices/3610000.xhci/usb2/2-3/2-3.3/2-3.3:1.0/video4linux/video4
[INFO] [1714637022.641654719] [camera.realsense2_camera_node]: Device FW version: 05.13.00.55
[INFO] [1714637022.641758106] [camera.realsense2_camera_node]: Device Product ID: 0x0B4B
[INFO] [1714637022.641854454] [camera.realsense2_camera_node]: Sync Mode: On
[WARN] [1714637023.057049270] [camera.realsense2_camera_node]: re-enable the stream for the change to take effect.
[WARN] [1714637023.073155490] [camera.realsense2_camera_node]: re-enable the stream for the change to take effect.
[ERROR] [1714637023.189342974] [camera.realsense2_camera_node]: The PointCloudHeightScale is out of range,make PointCloudHeightScale = 5
[INFO] [1714637023.189543381] [camera.realsense2_camera_node]: PointCloudHeightScale = 5
[ERROR] [1714637023.191019730] [camera.realsense2_camera_node]: The PointCloudWeightScale is out of range,make PointCloudWeightScale = 1
[INFO] [1714637023.191201866] [camera.realsense2_camera_node]: PointCloudWeightScale = 1
[ERROR] [1714637023.193069110] [camera.realsense2_camera_node]: The PointCloudPublishFrequency is out of range,make PointCloudPublishFrequency = 1
[INFO] [1714637023.193230767] [camera.realsense2_camera_node]: PointCloudPublishFrequency = 1
[INFO] [1714637023.194468535] [camera.realsense2_camera_node]: PointCloudTop = 0
[ERROR] [1714637023.195631427] [camera.realsense2_camera_node]: The PointCloudBottom is out of range,make PointCloudBottom = 480
[INFO] [1714637023.195772221] [camera.realsense2_camera_node]: PointCloudBottom = 480
[INFO] [1714637023.204209698] [camera.realsense2_camera_node]: Start Sensor: Stereo Module
[INFO] [1714637023.332142477] [camera.realsense2_camera_node]: Open profile: stream_type: Infra(1), Format: Y8, Width: 640, Height: 480, FPS: 30
[INFO] [1714637023.332475710] [camera.realsense2_camera_node]: Open profile: stream_type: Infra(2), Format: Y8, Width: 640, Height: 480, FPS: 30
[INFO] [1714637023.332715924] [camera.realsense2_camera_node]: Open profile: stream_type: Depth(0), Format: Z16, Width: 640, Height: 480, FPS: 30
[INFO] [1714637023.333013446] [camera.realsense2_camera_node]: Start Sensor: Motion Module
[INFO] [1714637023.384003187] [camera.realsense2_camera_node]: Open profile: stream_type: Accel(0)Format: MOTION_XYZ32F, FPS: 200
[INFO] [1714637023.384333380] [camera.realsense2_camera_node]: Open profile: stream_type: Gyro(0)Format: MOTION_XYZ32F, FPS: 200
[INFO] [1714637023.393595844] [camera.realsense2_camera_node]: RealSense Node Is Up!
[INFO] [1714637023.394431455] [camera.camera]: Sending synchronous signal ...
[WARN] [1714637023.397397593] [camera