[INFO] [1714635401.436776187] [camera.camera]: 
	camera lifecycle node launched. 
	Waiting on external lifecycle transitions to activate
	See https://design.ros2.org/articles/node_lifecycle.html for more information.
[INFO] [1714635436.502868338] [camera.camera]: RealSense ROS v4.0.4
[INFO] [1714635436.503133509] [camera.camera]: Built with LibRealSense v2.50.0
[INFO] [1714635436.503283742] [camera.camera]: Running with LibRealSense v2.50.0
[INFO] [1714635436.646260833] [camera.camera]: Device with serial number 215222075522 was found.

[INFO] [1714635436.647896243] [camera.camera]: Device with physical ID /sys/devices/3610000.xhci/usb2/2-3/2-3.3/2-3.3:1.0/video4linux/video6 was found.
[INFO] [1714635436.649571715] [camera.camera]: Device with name Intel RealSense D430I was found.
[INFO] [1714635436.651840119] [camera.camera]: Device with port number 2-3.3 was found.
[INFO] [1714635436.653171832] [camera.camera]: Device USB type: 3.2
[INFO] [1714635436.653401197] [camera.camera]: set_devices_changed_callback
[INFO] [1714635436.707817132] [camera.realsense2_camera_node]: getParameters...
[INFO] [1714635436.779501812] [camera.realsense2_camera_node]: JSON file is not provided
[INFO] [1714635436.780172980] [camera.realsense2_camera_node]: Device Name: Intel RealSense D430I
[INFO] [1714635436.780405577] [camera.realsense2_camera_node]: Device Serial No: 215222075522
[INFO] [1714635436.780562401] [camera.realsense2_camera_node]: Device physical port: /sys/devices/3610000.xhci/usb2/2-3/2-3.3/2-3.3:1.0/video4linux/video6
[INFO] [1714635436.780691483] [camera.realsense2_camera_node]: Device FW version: 05.13.00.55
[INFO] [1714635436.780808373] [camera.realsense2_camera_node]: Device Product ID: 0x0B4B
[INFO] [1714635436.780919888] [camera.realsense2_camera_node]: Sync Mode: On
[WARN] [1714635437.233175617] [camera.realsense2_camera_node]: re-enable the stream for the change to take effect.
[WARN] [1714635437.251165800] [camera.realsense2_camera_node]: re-enable the stream for the change to take effect.
[ERROR] [1714635437.363509790] [camera.realsense2_camera_node]: The PointCloudHeightScale is out of range,make PointCloudHeightScale = 5
[INFO] [1714635437.363701301] [camera.realsense2_camera_node]: PointCloudHeightScale = 5
[ERROR] [1714635437.364730884] [camera.realsense2_camera_node]: The PointCloudWeightScale is out of range,make PointCloudWeightScale = 1
[INFO] [1714635437.364878333] [camera.realsense2_camera_node]: PointCloudWeightScale = 1
[ERROR] [1714635437.365922763] [camera.realsense2_camera_node]: The PointCloudPublishFrequency is out of range,make PointCloudPublishFrequency = 1
[INFO] [1714635437.366064772] [camera.realsense2_camera_node]: PointCloudPublishFrequency = 1
[INFO] [1714635437.367141457] [camera.realsense2_camera_node]: PointCloudTop = 0
[ERROR] [1714635437.368203487] [camera.realsense2_camera_node]: The PointCloudBottom is out of range,make PointCloudBottom = 480
[INFO] [1714635437.368337560] [camera.realsense2_camera_node]: PointCloudBottom = 480
[INFO] [1714635437.377355722] [camera.realsense2_camera_node]: Start Sensor: Stereo Module
[INFO] [1714635437.494727377] [camera.realsense2_camera_node]: Open profile: stream_type: Infra(1), Format: Y8, Width: 640, Height: 480, FPS: 30
[INFO] [1714635437.495020867] [camera.realsense2_camera_node]: Open profile: stream_type: Infra(2), Format: Y8, Width: 640, Height: 480, FPS: 30
[INFO] [1714635437.495283575] [camera.realsense2_camera_node]: Open profile: stream_type: Depth(0), Format: Z16, Width: 640, Height: 480, FPS: 30
[INFO] [1714635437.495575977] [camera.realsense2_camera_node]: Start Sensor: Motion Module
[INFO] [1714635437.534064191] [camera.realsense2_camera_node]: Open profile: stream_type: Accel(0)Format: MOTION_XYZ32F, FPS: 200
[INFO] [1714635437.534395151] [camera.realsense2_camera_node]: Open profile: stream_type: Gyro(0)Format: MOTION_XYZ32F, FPS: 200
[WARN] [1714635437.538407856] [camera.realsense2_camera_node]: 
[INFO] [1714635437.541295974] [camera.realsense2_camera_node]: RealSense Node Is Up!
[INFO] [1714635437.541964710] [camera.camera]: Send