[INFO] [1714634911.445157877] [camera.camera]: 
	camera lifecycle node launched. 
	Waiting on external lifecycle transitions to activate
	See https://design.ros2.org/articles/node_lifecycle.html for more information.
[INFO] [1714634924.128294966] [camera.camera]: RealSense ROS v4.0.4
[INFO] [1714634924.130138174] [camera.camera]: Built with LibRealSense v2.50.0
[INFO] [1714634924.130362164] [camera.camera]: Running with LibRealSense v2.50.0
[INFO] [1714634924.259722463] [camera.camera]: Device with serial number 215222075522 was found.

[INFO] [1714634924.260003570] [camera.camera]: Device with physical ID /sys/devices/3610000.xhci/usb2/2-3/2-3.3/2-3.3:1.0/video4linux/video4 was found.
[INFO] [1714634924.260138315] [camera.camera]: Device with name Intel RealSense D430I was found.
[INFO] [1714634924.261979508] [camera.camera]: Device with port number 2-3.3 was found.
[INFO] [1714634924.262200681] [camera.camera]: Device USB type: 3.2
[INFO] [1714634924.262382209] [camera.camera]: set_devices_changed_callback
[INFO] [1714634924.294274257] [camera.realsense2_camera_node]: getParameters...
[INFO] [1714634924.334909024] [camera.realsense2_camera_node]: JSON file is not provided
[INFO] [1714634924.336240609] [camera.realsense2_camera_node]: Device Name: Intel RealSense D430I
[INFO] [1714634924.336431096] [camera.realsense2_camera_node]: Device Serial No: 215222075522
[INFO] [1714634924.336684716] [camera.realsense2_camera_node]: Device physical port: /sys/devices/3610000.xhci/usb2/2-3/2-3.3/2-3.3:1.0/video4linux/video4
[INFO] [1714634924.336825893] [camera.realsense2_camera_node]: Device FW version: 05.13.00.55
[INFO] [1714634924.336942240] [camera.realsense2_camera_node]: Device Product ID: 0x0B4B
[INFO] [1714634924.337057946] [camera.realsense2_camera_node]: Sync Mode: On
[WARN] [1714634924.646147889] [camera.realsense2_camera_node]: re-enable the stream for the change to take effect.
[WARN] [1714634924.688512206] [camera.realsense2_camera_node]: re-enable the stream for the change to take effect.
[ERROR] [1714634924.853934628] [camera.realsense2_camera_node]: The PointCloudHeightScale is out of range,make PointCloudHeightScale = 5
[INFO] [1714634924.857862696] [camera.realsense2_camera_node]: PointCloudHeightScale = 5
[ERROR] [1714634924.859578775] [camera.realsense2_camera_node]: The PointCloudWeightScale is out of range,make PointCloudWeightScale = 1
[INFO] [1714634924.859824651] [camera.realsense2_camera_node]: PointCloudWeightScale = 1
[ERROR] [1714634924.861069360] [camera.realsense2_camera_node]: The PointCloudPublishFrequency is out of range,make PointCloudPublishFrequency = 1
[INFO] [1714634924.865920712] [camera.realsense2_camera_node]: PointCloudPublishFrequency = 1
[INFO] [1714634924.869409730] [camera.realsense2_camera_node]: PointCloudTop = 0
[ERROR] [1714634924.875369158] [camera.realsense2_camera_node]: The PointCloudBottom is out of range,make PointCloudBottom = 480
[INFO] [1714634924.875611547] [camera.realsense2_camera_node]: PointCloudBottom = 480
[INFO] [1714634924.891590881] [camera.realsense2_camera_node]: Start Sensor: Stereo Module
[ERROR] [1714634925.024616094] [camera.realsense2_camera_node]: /carpo_ws/src/realsense-ros/realsense2_camera/src/realsense2_camera_node/rs_node_setup.cpp:340:An exception has been thrown: xioctl(VIDIOC_S_FMT) failed Last Error: Device or resource busy
[INFO] [1714634925.135987299] [camera.camera]: Device with serial number 215222075522 was found.

[INFO] [1714634925.136260566] [camera.camera]: Device with physical ID /sys/devices/3610000.xhci/usb2/2-3/2-3.3/2-3.3:1.0/video4linux/video4 was found.
[INFO] [1714634925.136406447] [camera.camera]: Device with name Intel RealSense D430I was found.
[INFO] [1714634925.138766463] [camera.camera]: Device with port number 2-3.3 was found.
[INFO] [1714634925.139050225] [camera.camera]: Device USB type: 3.2
[INFO] [1714634925.139201834] [camera.camera]: set_devices_changed_callback
[INFO] [1714634926.256886941] [camera.realsense2_camera_node]: getParameters...
[INFO] [1714634926.286593014] [camera.realsense2_camera_node]: JSON file i