[INFO] [1714634851.526848012] [camera.camera]: 
	camera lifecycle node launched. 
	Waiting on external lifecycle transitions to activate
	See https://design.ros2.org/articles/node_lifecycle.html for more information.
[INFO] [1714634856.923298633] [camera.camera]: RealSense ROS v4.0.4
[INFO] [1714634856.923492480] [camera.camera]: Built with LibRealSense v2.50.0
[INFO] [1714634856.923618874] [camera.camera]: Running with LibRealSense v2.50.0
[INFO] [1714634857.384504784] [camera.camera]: Device with serial number 215222075522 was found.

[INFO] [1714634857.384813121] [camera.camera]: Device with physical ID /sys/devices/3610000.xhci/usb2/2-3/2-3.3/2-3.3:1.0/video4linux/video6 was found.
[INFO] [1714634857.384998072] [camera.camera]: Device with name Intel RealSense D430I was found.
[INFO] [1714634857.394750952] [camera.camera]: Device with port number 2-3.3 was found.
[INFO] [1714634857.395005851] [camera.camera]: Device USB type: 3.2
[INFO] [1714634857.402378140] [camera.camera]: set_devices_changed_callback
[INFO] [1714634857.480071942] [camera.realsense2_camera_node]: getParameters...
[INFO] [1714634857.554469517] [camera.realsense2_camera_node]: JSON file is not provided
[INFO] [1714634857.561290472] [camera.realsense2_camera_node]: Device Name: Intel RealSense D430I
[INFO] [1714634857.565606906] [camera.realsense2_camera_node]: Device Serial No: 215222075522
[INFO] [1714634857.570238685] [camera.realsense2_camera_node]: Device physical port: /sys/devices/3610000.xhci/usb2/2-3/2-3.3/2-3.3:1.0/video4linux/video6
[INFO] [1714634857.572251581] [camera.realsense2_camera_node]: Device FW version: 05.13.00.55
[INFO] [1714634857.572840833] [camera.realsense2_camera_node]: Device Product ID: 0x0B4B
[INFO] [1714634857.572965851] [camera.realsense2_camera_node]: Sync Mode: On
[WARN] [1714634858.314879873] [camera.realsense2_camera_node]: re-enable the stream for the change to take effect.
[WARN] [1714634858.355650570] [camera.realsense2_camera_node]: re-enable the stream for the change to take effect.
[ERROR] [1714634858.853831855] [camera.realsense2_camera_node]: The PointCloudHeightScale is out of range,make PointCloudHeightScale = 5
[INFO] [1714634858.854124161] [camera.realsense2_camera_node]: PointCloudHeightScale = 5
[ERROR] [1714634858.878295265] [camera.realsense2_camera_node]: The PointCloudWeightScale is out of range,make PointCloudWeightScale = 1
[INFO] [1714634858.886804844] [camera.realsense2_camera_node]: PointCloudWeightScale = 1
[ERROR] [1714634858.888476252] [camera.realsense2_camera_node]: The PointCloudPublishFrequency is out of range,make PointCloudPublishFrequency = 1
[INFO] [1714634858.888665267] [camera.realsense2_camera_node]: PointCloudPublishFrequency = 1
[INFO] [1714634858.890119438] [camera.realsense2_camera_node]: PointCloudTop = 0
[ERROR] [1714634858.909613389] [camera.realsense2_camera_node]: The PointCloudBottom is out of range,make PointCloudBottom = 480
[INFO] [1714634858.915170340] [camera.realsense2_camera_node]: PointCloudBottom = 480
[INFO] [1714634858.931759501] [camera.realsense2_camera_node]: Start Sensor: Stereo Module
[ERROR] [1714634859.176283209] [camera.realsense2_camera_node]: /carpo_ws/src/realsense-ros/realsense2_camera/src/realsense2_camera_node/rs_node_setup.cpp:340:An exception has been thrown: xioctl(VIDIOC_S_FMT) failed Last Error: Device or resource busy
[WARN] [1714634860.392820502] [camera.camera]: No RealSense devices were found!
[INFO] [1714634866.484090238] [camera.camera]: Device with serial number 215222075522 was found.

[INFO] [1714634866.484381488] [camera.camera]: Device with physical ID /sys/devices/3610000.xhci/usb2/2-3/2-3.3/2-3.3:1.0/video4linux/video4 was found.
[INFO] [1714634866.484513354] [camera.camera]: Device with name Intel RealSense D430I was found.
[INFO] [1714634866.486208697] [camera.camera]: Device with port number 2-3.3 was found.
[INFO] [1714634866.488552842] [camera.camera]: Device USB type: 3.2
[INFO] [1714634866.488761760] [camera.camera]: set_devices_changed_callback
[INFO] [1714634866.644507746] [camera.realsense2_camera_node]: getParamete