[INFO] [1714634085.768895790] [camera.camera]: 
	camera lifecycle node launched. 
	Waiting on external lifecycle transitions to activate
	See https://design.ros2.org/articles/node_lifecycle.html for more information.
[INFO] [1714634416.226685258] [camera.camera]: RealSense ROS v4.0.4
[INFO] [1714634416.228464533] [camera.camera]: Built with LibRealSense v2.50.0
[INFO] [1714634416.228633869] [camera.camera]: Running with LibRealSense v2.50.0
[INFO] [1714634416.579456735] [camera.camera]: Device with serial number 215222075522 was found.

[INFO] [1714634416.579758832] [camera.camera]: Device with physical ID /sys/devices/3610000.xhci/usb2/2-3/2-3.3/2-3.3:1.0/video4linux/video4 was found.
[INFO] [1714634416.579888938] [camera.camera]: Device with name Intel RealSense D430I was found.
[INFO] [1714634416.581962215] [camera.camera]: Device with port number 2-3.3 was found.
[INFO] [1714634416.582182908] [camera.camera]: Device USB type: 3.2
[INFO] [1714634416.582445679] [camera.camera]: set_devices_changed_callback
[INFO] [1714634416.605438847] [camera.realsense2_camera_node]: getParameters...
[INFO] [1714634416.648348147] [camera.realsense2_camera_node]: JSON file is not provided
[INFO] [1714634416.648580392] [camera.realsense2_camera_node]: Device Name: Intel RealSense D430I
[INFO] [1714634416.652055777] [camera.realsense2_camera_node]: Device Serial No: 215222075522
[INFO] [1714634416.652241944] [camera.realsense2_camera_node]: Device physical port: /sys/devices/3610000.xhci/usb2/2-3/2-3.3/2-3.3:1.0/video4linux/video4
[INFO] [1714634416.652377457] [camera.realsense2_camera_node]: Device FW version: 05.13.00.55
[INFO] [1714634416.652492524] [camera.realsense2_camera_node]: Device Product ID: 0x0B4B
[INFO] [1714634416.652621638] [camera.realsense2_camera_node]: Sync Mode: On
[WARN] [1714634417.011274272] [camera.realsense2_camera_node]: re-enable the stream for the change to take effect.
[WARN] [1714634417.039369979] [camera.realsense2_camera_node]: re-enable the stream for the change to take effect.
[ERROR] [1714634417.306920940] [camera.realsense2_camera_node]: The PointCloudHeightScale is out of range,make PointCloudHeightScale = 5
[INFO] [1714634417.307162368] [camera.realsense2_camera_node]: PointCloudHeightScale = 5
[ERROR] [1714634417.319363958] [camera.realsense2_camera_node]: The PointCloudWeightScale is out of range,make PointCloudWeightScale = 1
[INFO] [1714634417.326927243] [camera.realsense2_camera_node]: PointCloudWeightScale = 1
[ERROR] [1714634417.337891325] [camera.realsense2_camera_node]: The PointCloudPublishFrequency is out of range,make PointCloudPublishFrequency = 1
[INFO] [1714634417.338161072] [camera.realsense2_camera_node]: PointCloudPublishFrequency = 1
[INFO] [1714634417.348386853] [camera.realsense2_camera_node]: PointCloudTop = 0
[ERROR] [1714634417.363433746] [camera.realsense2_camera_node]: The PointCloudBottom is out of range,make PointCloudBottom = 480
[INFO] [1714634417.370934250] [camera.realsense2_camera_node]: PointCloudBottom = 480
[INFO] [1714634417.393098562] [camera.realsense2_camera_node]: Start Sensor: Stereo Module
[ERROR] [1714634417.521606727] [camera.realsense2_camera_node]: /carpo_ws/src/realsense-ros/realsense2_camera/src/realsense2_camera_node/rs_node_setup.cpp:340:An exception has been thrown: xioctl(VIDIOC_S_FMT) failed Last Error: Device or resource busy
[INFO] [1714634417.757447563] [camera.camera]: Device with serial number 215222075522 was found.

[INFO] [1714634417.760910916] [camera.camera]: Device with physical ID /sys/devices/3610000.xhci/usb2/2-3/2-3.3/2-3.3:1.0/video4linux/video4 was found.
[INFO] [1714634417.761086780] [camera.camera]: Device with name Intel RealSense D430I was found.
[INFO] [1714634417.763989137] [camera.camera]: Device with port number 2-3.3 was found.
[INFO] [1714634417.765229909] [camera.camera]: Device USB type: 3.2
[INFO] [1714634417.765734589] [camera.camera]: set_devices_changed_callback
[INFO] [1714634417.855700509] [camera.realsense2_camera_node]: getParameters...
[INFO] [1714634417.888547540] [camera.realsense2_camera_node]: JSON file i