[INFO] [1716383822.419566758] [az1.camera.camera]: 
	camera lifecycle node launched. 
	Waiting on external lifecycle transitions to activate
	See https://design.ros2.org/articles/node_lifecycle.html for more information.
[INFO] [1716387891.824830273] [az1.camera.camera]: RealSense ROS v4.0.4
[INFO] [1716387891.825049510] [az1.camera.camera]: Built with LibRealSense v2.50.0
[INFO] [1716387891.825298700] [az1.camera.camera]: Running with LibRealSense v2.50.0
[INFO] [1716387892.114184775] [az1.camera.camera]: Device with serial number 215222075522 was found.

[INFO] [1716387892.114497102] [az1.camera.camera]: Device with physical ID /sys/devices/3610000.xhci/usb2/2-3/2-3.3/2-3.3:1.0/video4linux/video4 was found.
[INFO] [1716387892.114660242] [az1.camera.camera]: Device with name Intel RealSense D430I was found.
[INFO] [1716387892.116171668] [az1.camera.camera]: Device with port number 2-3.3 was found.
[INFO] [1716387892.116319032] [az1.camera.camera]: Device USB type: 3.2
[INFO] [1716387892.116494684] [az1.camera.camera]: set_devices_changed_callback
[INFO] [1716387892.136413028] [az1.camera.realsense2_camera_node]: getParameters...
[INFO] [1716387892.159055435] [az1.camera.realsense2_camera_node]: JSON file is not provided
[INFO] [1716387892.159318897] [az1.camera.realsense2_camera_node]: Device Name: Intel RealSense D430I
[INFO] [1716387892.159465844] [az1.camera.realsense2_camera_node]: Device Serial No: 215222075522
[INFO] [1716387892.159581911] [az1.camera.realsense2_camera_node]: Device physical port: /sys/devices/3610000.xhci/usb2/2-3/2-3.3/2-3.3:1.0/video4linux/video4
[INFO] [1716387892.159714522] [az1.camera.realsense2_camera_node]: Device FW version: 05.13.00.55
[INFO] [1716387892.159828924] [az1.camera.realsense2_camera_node]: Device Product ID: 0x0B4B
[INFO] [1716387892.159927519] [az1.camera.realsense2_camera_node]: Sync Mode: On
[WARN] [1716387893.248209829] [az1.camera.realsense2_camera_node]: re-enable the stream for the change to take effect.
[WARN] [1716387893.421022268] [az1.camera.realsense2_camera_node]: re-enable the stream for the change to take effect.
[ERROR] [1716387894.354188001] [az1.camera.realsense2_camera_node]: The PointCloudHeightScale is out of range,make PointCloudHeightScale = 5
[INFO] [1716387894.354432006] [az1.camera.realsense2_camera_node]: PointCloudHeightScale = 5
[ERROR] [1716387894.362414045] [az1.camera.realsense2_camera_node]: The PointCloudWeightScale is out of range,make PointCloudWeightScale = 1
[INFO] [1716387894.373318359] [az1.camera.realsense2_camera_node]: PointCloudWeightScale = 1
[ERROR] [1716387894.378523150] [az1.camera.realsense2_camera_node]: The PointCloudPublishFrequency is out of range,make PointCloudPublishFrequency = 1
[INFO] [1716387894.378754612] [az1.camera.realsense2_camera_node]: PointCloudPublishFrequency = 1
[INFO] [1716387894.387743778] [az1.camera.realsense2_camera_node]: PointCloudTop = 0
[ERROR] [1716387894.389383783] [az1.camera.realsense2_camera_node]: The PointCloudBottom is out of range,make PointCloudBottom = 480
[INFO] [1716387894.389568331] [az1.camera.realsense2_camera_node]: PointCloudBottom = 480
[INFO] [1716387894.440517019] [az1.camera.realsense2_camera_node]: Start Sensor: Stereo Module
[INFO] [1716387894.675424193] [az1.camera.realsense2_camera_node]: Open profile: stream_type: Infra(1), Format: Y8, Width: 640, Height: 480, FPS: 30
[INFO] [1716387894.675712135] [az1.camera.realsense2_camera_node]: Open profile: stream_type: Infra(2), Format: Y8, Width: 640, Height: 480, FPS: 30
[INFO] [1716387894.675876491] [az1.camera.realsense2_camera_node]: Open profile: stream_type: Depth(0), Format: Z16, Width: 640, Height: 480, FPS: 30
[INFO] [1716387894.676299029] [az1.camera.realsense2_camera_node]: Start Sensor: Motion Module
[INFO] [1716387894.736109423] [az1.camera.realsense2_camera_node]: Open profile: stream_type: Accel(0)Format: MOTION_XYZ32F, FPS: 200
[INFO] [1716387894.736400150] [az1.camera.realsense2_camera_node]: Open profile: stream_type: Gyro(0)Format: MOTION_XYZ32F, FPS: 200
[INFO] [1716387894.742752103] [az1.camera.realsense2_cam