[INFO] [1714634794.282435241] [camera.camera]: 
	camera lifecycle node launched. 
	Waiting on external lifecycle transitions to activate
	See https://design.ros2.org/articles/node_lifecycle.html for more information.
[INFO] [1714634856.924530959] [camera.camera]: RealSense ROS v4.0.4
[INFO] [1714634856.924717030] [camera.camera]: Built with LibRealSense v2.50.0
[INFO] [1714634856.924833792] [camera.camera]: Running with LibRealSense v2.50.0
[INFO] [1714634857.233794046] [camera.camera]: Device with serial number 215222075522 was found.

[INFO] [1714634857.252943213] [camera.camera]: Device with physical ID /sys/devices/3610000.xhci/usb2/2-3/2-3.3/2-3.3:1.0/video4linux/video6 was found.
[INFO] [1714634857.253143204] [camera.camera]: Device with name Intel RealSense D430I was found.
[INFO] [1714634857.255778310] [camera.camera]: Device with port number 2-3.3 was found.
[INFO] [1714634857.260874995] [camera.camera]: Device USB type: 3.2
[INFO] [1714634857.261063914] [camera.camera]: set_devices_changed_callback
[INFO] [1714634857.319667266] [camera.realsense2_camera_node]: getParameters...
[INFO] [1714634857.460922102] [camera.realsense2_camera_node]: JSON file is not provided
[INFO] [1714634857.461182058] [camera.realsense2_camera_node]: Device Name: Intel RealSense D430I
[INFO] [1714634857.461300324] [camera.realsense2_camera_node]: Device Serial No: 215222075522
[INFO] [1714634857.461402335] [camera.realsense2_camera_node]: Device physical port: /sys/devices/3610000.xhci/usb2/2-3/2-3.3/2-3.3:1.0/video4linux/video6
[INFO] [1714634857.461541369] [camera.realsense2_camera_node]: Device FW version: 05.13.00.55
[INFO] [1714634857.461654675] [camera.realsense2_camera_node]: Device Product ID: 0x0B4B
[INFO] [1714634857.461755791] [camera.realsense2_camera_node]: Sync Mode: On
[WARN] [1714634858.101353568] [camera.realsense2_camera_node]: re-enable the stream for the change to take effect.
[WARN] [1714634858.137771257] [camera.realsense2_camera_node]: re-enable the stream for the change to take effect.
[ERROR] [1714634858.417378253] [camera.realsense2_camera_node]: The PointCloudHeightScale is out of range,make PointCloudHeightScale = 5
[INFO] [1714634858.417603330] [camera.realsense2_camera_node]: PointCloudHeightScale = 5
[ERROR] [1714634858.420307393] [camera.realsense2_camera_node]: The PointCloudWeightScale is out of range,make PointCloudWeightScale = 1
[INFO] [1714634858.420514295] [camera.realsense2_camera_node]: PointCloudWeightScale = 1
[ERROR] [1714634858.421935764] [camera.realsense2_camera_node]: The PointCloudPublishFrequency is out of range,make PointCloudPublishFrequency = 1
[INFO] [1714634858.422095180] [camera.realsense2_camera_node]: PointCloudPublishFrequency = 1
[INFO] [1714634858.425364752] [camera.realsense2_camera_node]: PointCloudTop = 0
[ERROR] [1714634858.427743999] [camera.realsense2_camera_node]: The PointCloudBottom is out of range,make PointCloudBottom = 480
[INFO] [1714634858.427946229] [camera.realsense2_camera_node]: PointCloudBottom = 480
[INFO] [1714634858.440464801] [camera.realsense2_camera_node]: Start Sensor: Stereo Module
[INFO] [1714634858.733189348] [camera.realsense2_camera_node]: Open profile: stream_type: Infra(1), Format: Y8, Width: 640, Height: 480, FPS: 30
[INFO] [1714634858.733494005] [camera.realsense2_camera_node]: Open profile: stream_type: Infra(2), Format: Y8, Width: 640, Height: 480, FPS: 30
[INFO] [1714634858.733684236] [camera.realsense2_camera_node]: Open profile: stream_type: Depth(0), Format: Z16, Width: 640, Height: 480, FPS: 30
[INFO] [1714634858.733990366] [camera.realsense2_camera_node]: Start Sensor: Motion Module
[WARN] [1714634858.818102741] [camera.realsense2_camera_node]: 
[INFO] [1714634858.946737796] [camera.realsense2_camera_node]: Open profile: stream_type: Accel(0)Format: MOTION_XYZ32F, FPS: 200
[INFO] [1714634858.953174353] [camera.realsense2_camera_node]: Open profile: stream_type: Gyro(0)Format: MOTION_XYZ32F, FPS: 200
[INFO] [1714634858.991909147] [camera.realsense2_camera_node]: RealSense Node Is Up!
[INFO] [1714634858.997225758] [camera.camera]: Send