[INFO] [1714897307.627783246] [az1.camera.camera]: 
	camera lifecycle node launched. 
	Waiting on external lifecycle transitions to activate
	See https://design.ros2.org/articles/node_lifecycle.html for more information.
[INFO] [1714898777.506819031] [az1.camera.camera]: RealSense ROS v4.0.4
[INFO] [1714898777.507062648] [az1.camera.camera]: Built with LibRealSense v2.50.0
[INFO] [1714898777.507198872] [az1.camera.camera]: Running with LibRealSense v2.50.0
[INFO] [1714898777.640647902] [az1.camera.camera]: Device with serial number 215222075522 was found.

[INFO] [1714898777.641023711] [az1.camera.camera]: Device with physical ID /sys/devices/3610000.xhci/usb2/2-3/2-3.3/2-3.3:1.0/video4linux/video4 was found.
[INFO] [1714898777.641183296] [az1.camera.camera]: Device with name Intel RealSense D430I was found.
[INFO] [1714898777.642892038] [az1.camera.camera]: Device with port number 2-3.3 was found.
[INFO] [1714898777.643086215] [az1.camera.camera]: Device USB type: 3.2
[INFO] [1714898777.643247143] [az1.camera.camera]: set_devices_changed_callback
[INFO] [1714898777.665773177] [az1.camera.realsense2_camera_node]: getParameters...
[INFO] [1714898777.723978573] [az1.camera.realsense2_camera_node]: JSON file is not provided
[INFO] [1714898777.724245966] [az1.camera.realsense2_camera_node]: Device Name: Intel RealSense D430I
[INFO] [1714898777.724443279] [az1.camera.realsense2_camera_node]: Device Serial No: 215222075522
[INFO] [1714898777.724557583] [az1.camera.realsense2_camera_node]: Device physical port: /sys/devices/3610000.xhci/usb2/2-3/2-3.3/2-3.3:1.0/video4linux/video4
[INFO] [1714898777.724702255] [az1.camera.realsense2_camera_node]: Device FW version: 05.13.00.55
[INFO] [1714898777.724804624] [az1.camera.realsense2_camera_node]: Device Product ID: 0x0B4B
[INFO] [1714898777.724899440] [az1.camera.realsense2_camera_node]: Sync Mode: On
[WARN] [1714898778.710008272] [az1.camera.realsense2_camera_node]: re-enable the stream for the change to take effect.
[WARN] [1714898778.831055561] [az1.camera.realsense2_camera_node]: re-enable the stream for the change to take effect.
[ERROR] [1714898779.806156068] [az1.camera.realsense2_camera_node]: The PointCloudHeightScale is out of range,make PointCloudHeightScale = 5
[INFO] [1714898779.806475685] [az1.camera.realsense2_camera_node]: PointCloudHeightScale = 5
[ERROR] [1714898779.816325993] [az1.camera.realsense2_camera_node]: The PointCloudWeightScale is out of range,make PointCloudWeightScale = 1
[INFO] [1714898779.816567146] [az1.camera.realsense2_camera_node]: PointCloudWeightScale = 1
[ERROR] [1714898779.818038063] [az1.camera.realsense2_camera_node]: The PointCloudPublishFrequency is out of range,make PointCloudPublishFrequency = 1
[INFO] [1714898779.819334132] [az1.camera.realsense2_camera_node]: PointCloudPublishFrequency = 1
[INFO] [1714898779.822047486] [az1.camera.realsense2_camera_node]: PointCloudTop = 0
[ERROR] [1714898779.832502020] [az1.camera.realsense2_camera_node]: The PointCloudBottom is out of range,make PointCloudBottom = 480
[INFO] [1714898779.832739653] [az1.camera.realsense2_camera_node]: PointCloudBottom = 480
[INFO] [1714898779.943662840] [az1.camera.realsense2_camera_node]: Start Sensor: Stereo Module
[INFO] [1714898780.114123301] [az1.camera.realsense2_camera_node]: Open profile: stream_type: Infra(1), Format: Y8, Width: 640, Height: 480, FPS: 30
[INFO] [1714898780.115171880] [az1.camera.realsense2_camera_node]: Open profile: stream_type: Infra(2), Format: Y8, Width: 640, Height: 480, FPS: 30
[INFO] [1714898780.115394057] [az1.camera.realsense2_camera_node]: Open profile: stream_type: Depth(0), Format: Z16, Width: 640, Height: 480, FPS: 30
[INFO] [1714898780.115658698] [az1.camera.realsense2_camera_node]: Start Sensor: Motion Module
[WARN] [1714898780.191447390] [az1.camera.realsense2_camera_node]: 
[INFO] [1714898780.213039277] [az1.camera.realsense2_camera_node]: Open profile: stream_type: Accel(0)Format: MOTION_XYZ32F, FPS: 200
[INFO] [1714898780.213316430] [az1.camera.realsense2_camera_node]: Open profile: stream_type: Gyro(0)Format: MOTION_XYZ32