[INFO] [1714632902.326383772] [RealSenseActuator]: Resetting device...
[INFO] [1714632902.426074907] [RealSenseActuator]: MachineActuator Init, config file: /opt/ros2/cyberdog/share/params/toml_config/manager/state_machine_config.toml
[INFO] [1714632902.441718931] [RealSenseActuator]: ActuatorDemo: RealSenseActuator spin.
[INFO] [1714632902.492914461] [RealSenseActuator]: MachineActuator start on call.
[INFO] [1714632902.493156447] [RealSenseActuator]: MachineActuator checkout state: SetUp.
[INFO] [1714632902.493268864] [RealSenseActuator]: ActuatorDemo on setup.
[INFO] [1714632902.493369024] [RealSenseActuator]: MachineActuator service setup on call.
[INFO] [1714632927.860388277] [RealSenseActuator]: MachineActuator service callback on call.
	 ===> target_state: SelfCheck
[INFO] [1714632927.860707255] [RealSenseActuator]: MachineActuator checkout state: SelfCheck.
[INFO] [1714632927.860855512] [RealSenseActuator]: ActuatorDemo on selfcheck.
[INFO] [1714632927.957224670] [RealSenseActuator]: RealSense was found
[INFO] [1714632927.979867596] [RealSenseActuator]: MachineActuator service callback on call.
	 ===> target_state: Active
[INFO] [1714632927.980167695] [RealSenseActuator]: MachineActuator checkout state: Active.
[INFO] [1714632927.980287791] [RealSenseActuator]: ActuatorDemo on active.
[INFO] [1714633079.591155774] [RealSenseActuator]: MachineActuator service callback on call.
	 ===> target_state: Active
[INFO] [1714633079.591415488] [RealSenseActuator]: MachineActuator checkout state: Active.
[INFO] [1714633079.591530817] [RealSenseActuator]: ActuatorDemo on active.
