[INFO] [1714817238.380725551] [sensor_manager]: sensor manager begin
[INFO] [1714817240.486504378] [sensor_manager]: Parse Self Check config file started, toml file is valid
[INFO] [1714817240.596718520] [sensor_manager]: Self Check init started, parse sensors config succeed
[INFO] [1714817240.600588960] [sensor_manager]: Self Check init started, parse jump array succeed
[INFO] [1714817240.600769759] [sensor_manager]: Self Check init started, parse critical array succeed
[INFO] [1714817240.608440560] [sensor_manager]: critical sensors is empty
[INFO] [1714817240.608752846] [sensor_manager]: sensor manager Configuring begin
[INFO] [1714817240.608955533] [sensor_manager]: gps Configuring beginning
[INFO] [1714817240.953582640] [sensor_manager]: sensor manager Configuring begin
[INFO] [1714817240.953822223] [sensor_manager]: lidar Configuring beginning
[INFO] [1714817242.210172519] [sensor_manager]: ultrasonic Configuring beginning
[INFO] [1714817242.308190319] [sensor_manager]: tof Configuring beginning
[INFO] [1714817242.762189813] [sensor_manager]: sensor_manager Configuring,success
[INFO] [1714817242.771490908] [sensor_manager]: sensor manager Config succeed
[INFO] [1714817242.780102792] [sensor_manager]: SensorManager Initing begin
[INFO] [1714817242.780477957] [sensor_manager]: MachineActuator Init, config file: /opt/ros2/cyberdog/share/params/toml_config/manager/state_machine_config.toml
[INFO] [1714817244.027343992] [sensor_manager]: >>>init:heart run and state actuator start
[INFO] [1714817244.027584534] [sensor_manager]: MachineActuator start on call.
[INFO] [1714817244.027692534] [sensor_manager]: MachineActuator checkout state: SetUp.
[INFO] [1714817244.028895054] [sensor_manager]: sensor on setup
[INFO] [1714817244.051889569] [sensor_manager]: gps is_simulator 0
[INFO] [1714817244.052117568] [sensor_manager]: ultrasonic_ is_simulator 0
[INFO] [1714817244.052219103] [sensor_manager]: tof_ is_simulator 0
[INFO] [1714817244.052310815] [sensor_manager]: lidar_ is_simulator 0
[INFO] [1714817244.410606670] [sensor_manager]: [PROTOCOL][INFO] Creat embed protocol[ultrasonic], protocol:"can", path:"/opt/ros2/cyberdog/share/params/toml_config/sensors/ultrasonic.toml"
[INFO] [1714817244.507943995] [sensor_manager]: [CAN_PROTOCOL][INFO] Creat can protocol[ultrasonic]: 0 error, 0 warning
[INFO] [1714817244.666549104] [sensor_manager]: [CAN_RX][INFO][can1] Start recv thread: ultrasonic
[INFO] [1714817245.008919585] [sensor_manager cyberdog_ultrasonic]: [ultrasonic] opened successfully
[INFO] [1714817245.726909976] [sensor_manager]: [PROTOCOL][INFO] Creat embed protocol[left_head_tof], protocol:"can", path:"/opt/ros2/cyberdog/share/params/toml_config/sensors/tof_left_head.toml"
[INFO] [1714817246.032018445] [sensor_manager]: [CAN_PROTOCOL][INFO] Creat can protocol[left_head_tof]: 0 error, 0 warning
[INFO] [1714817246.107010978] [sensor_manager]: [CAN_RX][INFO][can1] Start recv thread: left_head_tof
[INFO] [1714817246.351669833] [sensor_manager]: [PROTOCOL][INFO] Creat embed protocol[right_head_tof], protocol:"can", path:"/opt/ros2/cyberdog/share/params/toml_config/sensors/tof_right_head.toml"
[INFO] [1714817246.357918275] [sensor_manager]: [CAN_PROTOCOL][INFO] Creat can protocol[right_head_tof]: 0 error, 0 warning
[INFO] [1714817246.359681176] [sensor_manager]: [CAN_RX][INFO][can1] Start recv thread: right_head_tof
[INFO] [1714817246.659716332] [sensor_manager]: [PROTOCOL][INFO] Creat embed protocol[left_rear_tof], protocol:"can", path:"/opt/ros2/cyberdog/share/params/toml_config/sensors/tof_left_rear.toml"
[INFO] [1714817246.662101661] [sensor_manager]: [CAN_PROTOCOL][INFO] Creat can protocol[left_rear_tof]: 0 error, 0 warning
[INFO] [1714817246.722537772] [sensor_manager]: [CAN_RX][INFO][can0] Start recv thread: left_rear_tof
[INFO] [1714817247.111415392] [sensor_manager]: [PROTOCOL][INFO] Creat embed protocol[right_rear_tof], protocol:"can", path:"/opt/ros2/cyberdog/share/params/toml_config/sensors/tof_right_rear.toml"
[INFO] [1714817247.114580269] [sensor_manager]: [CAN_PROTOCOL][INFO] Creat can protocol[right_rear_tof]: 0 error, 0 warning
[INFO] [1714817247.124220242] [sensor_manager]: [CAN_RX][INFO][can0] Start recv thread: right_rear_tof
[INFO] [1714817247.197503473] [sensor_manager cyberdog_tof]: [left_head_tof] opened successfully
[INFO] [1714817247.269729975] [sensor_manager cyberdog_tof]: [left_rear_tof] opened successfully
[INFO] [1714817247.343956561] [sensor_manager cyberdog_tof]: [right_head_tof] opened successfully
[INFO] [1714817247.415961401] [sensor_manager cyberdog_tof]: [right_rear_tof] opened successfully
[INFO] [1714817247.417072050] [sensor_manager Ydlidar]: Open ydlidar ...
[INFO] [1714817247.417482831] [sensor_manager Ydlidar]: Params config file dir:/opt/ros2/cyberdog/share/params/toml_config/sensors/lidar.toml
[INFO] [1714817247.547746962] [sensor_manager Ydlidar]: this->raw_scan_.header.frame_id = laser_frame
[INFO] [1714817247.549292937] [sensor_manager Ydlidar]: [Open] dylidar->port = /dev/ttyTHS0
[INFO] [1714817247.549601799] [sensor_manager Ydlidar]: [Open] dylidar->ignore_array = 
[INFO] [1714817247.549762566] [sensor_manager Ydlidar]: [Open] dylidar->baudrate = 512000
[INFO] [1714817247.549890469] [sensor_manager Ydlidar]: [Open] dylidar->lidar_type = 0
[INFO] [1714817247.550005796] [sensor_manager Ydlidar]: [Open] dylidar->device_type = 0
[INFO] [1714817247.550121508] [sensor_manager Ydlidar]: [Open] dylidar->sample_rate = 10
[INFO] [1714817247.550240611] [sensor_manager Ydlidar]: [Open] dylidar->sample_rate = 4
[INFO] [1714817247.550360130] [sensor_manager Ydlidar]: [Open] dylidar->resolution_fixed = False
[INFO] [1714817247.550484673] [sensor_manager Ydlidar]: [Open] dylidar->reversion = True
[INFO] [1714817247.550599265] [sensor_manager Ydlidar]: [Open] dylidar->inverted = False
[INFO] [1714817247.550717920] [sensor_manager Ydlidar]: [Open] dylidar->auto_reconnect = True
[INFO] [1714817247.550914079] [sensor_manager Ydlidar]: [Open] dylidar->isSingleChannel = False
[INFO] [1714817247.551032222] [sensor_manager Ydlidar]: [Open] dylidar->intensity = True
[INFO] [1714817247.551149725] [sensor_manager Ydlidar]: [Open] dylidar->support_motor_dtr = False
[INFO] [1714817247.551287837] [sensor_manager Ydlidar]: [Open] dylidar->angle_max = 90.000000
[INFO] [1714817247.551412892] [sensor_manager Ydlidar]: [Open] dylidar->angle_min = -90.000000
[INFO] [1714817247.551536795] [sensor_manager Ydlidar]: [Open] dylidar->range_max = 30.000000
[INFO] [1714817247.551660506] [sensor_manager Ydlidar]: [Open] dylidar->range_min = 0.010000
[INFO] [1714817247.551775834] [sensor_manager Ydlidar]: [Open] dylidar->frequency = 10.000000
[INFO] [1714817247.551968440] [sensor_manager Ydlidar]: Ydlidar Open ok
[INFO] [1714817247.553267120] [sensor_manager]: [cyberdog_gps]: BCM_GPS Init
[INFO] [1714817247.714889939] [sensor_manager]: [cyberdog_gps]: Start load patch: /lib/firmware/brcm/bream.patch
[INFO] [1714817247.715148018] [sensor_manager]: [cyberdog_gps]: tty: /dev/spidev2.0
[INFO] [1714817247.716406186] [sensor_manager]: [cyberdog_gps]: down load patch: /lib/firmware/brcm/bream.patch
[INFO] [1714817249.034628200] [sensor_manager]: [cyberdog_gps]: Success load patch: /lib/firmware/brcm/bream.patch
[INFO] [1714817249.048929872] [sensor_manager]: [cyberdog_gps]: MainThread Start
[INFO] [1714817253.459616259] [sensor_manager]: [cyberdog_gps]: ConfigGNSS
[INFO] [1714817255.622840249] [sensor_manager]: [cyberdog_gps]: Finish Config
[INFO] [1714817255.623322566] [sensor_manager]: [cyberdog_gps]: GPS0 Opened
[INFO] [1714817255.623946147] [sensor_manager]: [cyberdog_gps]: GPS0 Success SetCallback PAYLOAD
[INFO] [1714817255.634703766] [sensor_manager cyberdog_gps]: [cyberdog_gps] gps open successfully
[INFO] [1714817255.634922478] [sensor_manager]: SensorManager Running begin
[INFO] [1714817255.635035742] [sensor_manager Ydlidar]: Start ydlidar ...
[INFO] [1714817258.167336015] [sensor_manager Ydlidar]: Ydlidar Start ok
[INFO] [1714817258.168113628] [sensor_manager]: Lidar start success.
[INFO] [1714817258.168426425] [sensor_manager Ydlidar]: UpdateData ydlidar ...
[INFO] [1714817258.595054276] [sensor_manager]: [cyberdog_gps]: GnssStart
[INFO] [1714817258.597405723] [sensor_manager cyberdog_gps]: [cyberdog_gps] gps start successfully
[INFO] [1714817258.599160846] [sensor_manager]: Gps start success.
[INFO] [1714817258.599982596] [sensor_manager cyberdog_ultrasonic]: [ultrasonic] started successfully
[INFO] [1714817258.601248527] [sensor_manager]: Ultrasonic start success.
[INFO] [1714817258.601561542] [sensor_manager cyberdog_tof]: [left_head_tof] started successfully
[INFO] [1714817258.601815489] [sensor_manager cyberdog_tof]: [left_rear_tof] started successfully
[INFO] [1714817258.601945408] [sensor_manager cyberdog_tof]: [right_head_tof] started successfully
[INFO] [1714817258.602053196] [sensor_manager cyberdog_tof]: [right_rear_tof] started successfully
[INFO] [1714817258.605895345] [sensor_manager]: Tof start success.
[INFO] [1714817258.606072800] [sensor_manager]: Sensor manager start success.
[INFO] [1714817258.606185107] [sensor_manager]: sensor setup success
[INFO] [1714817258.606270670] [sensor_manager]: MachineActuator service setup on call.
[INFO] [1714817258.763855991] [sensor_manager]: MachineActuator service callback on call.
	 ===> target_state: SelfCheck
[INFO] [1714817258.764232625] [sensor_manager]: MachineActuator checkout state: SelfCheck.
[INFO] [1714817258.764363791] [sensor_manager]: SensorManager SelfCheck begin
[INFO] [1714817258.764470394] [sensor_manager Ydlidar]: SelfCheck ydlidar ...
[INFO] [1714817258.764583855] [sensor_manager Ydlidar]: Stop ydlidar ...
[INFO] [1714817259.998697341] [sensor_manager Ydlidar]: Ydlidar Stop ok
[INFO] [1714817259.999023355] [sensor_manager Ydlidar]: Start ydlidar ...
[WARN] [1714817260.117034013] [sensor_manager Ydlidar]: Ydlidar update data continue (!start)
[INFO] [1714817262.452624322] [sensor_manager Ydlidar]: Ydlidar Start ok
[INFO] [1714817262.452889329] [sensor_manager Ydlidar]: Stop ydlidar ...
[INFO] [1714817262.525792661] [sensor_manager Ydlidar]: Ydlidar update data ...
[INFO] [1714817263.686598314] [sensor_manager Ydlidar]: Ydlidar Stop ok
[INFO] [1714817263.688048555] [sensor_manager Ydlidar]: Start ydlidar ...
[WARN] [1714817263.735598471] [sensor_manager Ydlidar]: Ydlidar update data continue (!start)
[INFO] [1714817266.189922659] [sensor_manager Ydlidar]: Ydlidar Start ok
[INFO] [1714817266.190151692] [sensor_manager Ydlidar]: Ydlidar self check ok
[INFO] [1714817266.190259393] [sensor_manager]: Lidar selfcheck success.
[INFO] [1714817266.190456468] [sensor_manager cyberdog_tof]: [left_head_tof] started successfully
[INFO] [1714817266.190608047] [sensor_manager cyberdog_tof]: [left_rear_tof] started successfully
[INFO] [1714817266.190708614] [sensor_manager cyberdog_tof]: [right_head_tof] started successfully
[INFO] [1714817266.191219500] [sensor_manager cyberdog_tof]: [right_rear_tof] started successfully
[INFO] [1714817266.191365151] [sensor_manager]: Tof selfcheck success.
[INFO] [1714817266.243770384] [sensor_manager Ydlidar]: Ydlidar update data ...
[INFO] [1714817266.258116450] [sensor_manager]: MachineActuator service callback on call.
	 ===> target_state: Active
[INFO] [1714817266.258295264] [sensor_manager]: MachineActuator checkout state: Active.
[INFO] [1714817266.258428486] [sensor_manager]: SensorManager Running begin
[INFO] [1714817266.258851646] [sensor_manager Ydlidar]: Start ydlidar ...
[INFO] [1714817266.259230769] [sensor_manager cyberdog_tof]: [left_head_tof] opened successfully
[INFO] [1714817266.259121990] [sensor_manager cyberdog_ultrasonic]: [ultrasonic] opened successfully
[INFO] [1714817266.259253881] [sensor_manager Ydlidar]: Start ydlidar ok (consistent with the current state)
[INFO] [1714817266.259453176] [sensor_manager cyberdog_tof]: [left_rear_tof] opened successfully
[INFO] [1714817266.260056893] [sensor_manager]: Lidar start success.
[INFO] [1714817266.260147821] [sensor_manager cyberdog_tof]: [right_head_tof] opened successfully
[INFO] [1714817266.260335354] [sensor_manager]: Ultrasonic start success.
[INFO] [1714817266.260581793] [sensor_manager cyberdog_tof]: [right_rear_tof] opened successfully
[INFO] [1714817266.260934093] [sensor_manager]: Tof start success.
[INFO] [1714817266.261094264] [sensor_manager]: Sensor manager start success.
[INFO] [1714817382.919357559] [sensor_manager]: MachineActuator service callback on call.
	 ===> target_state: Active
[INFO] [1714817382.919588110] [sensor_manager]: MachineActuator checkout state: Active.
[INFO] [1714817382.919698284] [sensor_manager]: SensorManager Running begin
[INFO] [1714817382.920426694] [sensor_manager cyberdog_tof]: [left_head_tof] opened successfully
[INFO] [1714817382.920624904] [sensor_manager cyberdog_tof]: [left_rear_tof] opened successfully
[INFO] [1714817382.920729319] [sensor_manager cyberdog_tof]: [right_head_tof] opened successfully
[INFO] [1714817382.920822538] [sensor_manager cyberdog_tof]: [right_rear_tof] opened successfully
[INFO] [1714817382.921798870] [sensor_manager Ydlidar]: Start ydlidar ...
[INFO] [1714817382.921989274] [sensor_manager Ydlidar]: Start ydlidar ok (consistent with the current state)
[INFO] [1714817382.922250216] [sensor_manager]: Lidar start success.
[INFO] [1714817382.922308150] [sensor_manager cyberdog_ultrasonic]: [ultrasonic] opened successfully
[INFO] [1714817382.925574321] [sensor_manager]: Ultrasonic start success.
[INFO] [1714817382.925757847] [sensor_manager]: Tof start success.
[INFO] [1714817382.925855768] [sensor_manager]: Sensor manager start success.
[WARN] [1714820686.765533860] [sensor_manager cyberdog_tof]: [left_rear_tof] get error data:[1]/[600] ,interval[60000] !
