[INFO] [1714632899.864674435] [sensor_manager]: sensor manager begin
[INFO] [1714632900.453429268] [sensor_manager]: Parse Self Check config file started, toml file is valid
[INFO] [1714632900.453686582] [sensor_manager]: Self Check init started, parse sensors config succeed
[INFO] [1714632900.453815287] [sensor_manager]: Self Check init started, parse jump array succeed
[INFO] [1714632900.453923320] [sensor_manager]: Self Check init started, parse critical array succeed
[INFO] [1714632900.454039480] [sensor_manager]: critical sensors is empty
[INFO] [1714632900.454196538] [sensor_manager]: sensor manager Configuring begin
[INFO] [1714632900.454293658] [sensor_manager]: gps Configuring beginning
[INFO] [1714632900.538995366] [sensor_manager]: sensor manager Configuring begin
[INFO] [1714632900.539219976] [sensor_manager]: lidar Configuring beginning
[INFO] [1714632901.209936367] [sensor_manager]: ultrasonic Configuring beginning
[INFO] [1714632901.732245601] [sensor_manager]: tof Configuring beginning
[INFO] [1714632902.136442087] [sensor_manager]: sensor_manager Configuring,success
[INFO] [1714632902.137211245] [sensor_manager]: sensor manager Config succeed
[INFO] [1714632902.137332301] [sensor_manager]: SensorManager Initing begin
[INFO] [1714632902.149531083] [sensor_manager]: MachineActuator Init, config file: /opt/ros2/cyberdog/share/params/toml_config/manager/state_machine_config.toml
[INFO] [1714632904.114421945] [sensor_manager]: >>>init:heart run and state actuator start
[INFO] [1714632904.114653979] [sensor_manager]: MachineActuator start on call.
[INFO] [1714632904.114758556] [sensor_manager]: MachineActuator checkout state: SetUp.
[INFO] [1714632904.114870109] [sensor_manager]: sensor on setup
[INFO] [1714632904.210994272] [sensor_manager]: gps is_simulator 0
[INFO] [1714632904.307856842] [sensor_manager]: ultrasonic_ is_simulator 0
[INFO] [1714632904.307979627] [sensor_manager]: tof_ is_simulator 0
[INFO] [1714632904.308072492] [sensor_manager]: lidar_ is_simulator 0
[INFO] [1714632905.430642667] [sensor_manager]: [PROTOCOL][INFO] Creat embed protocol[ultrasonic], protocol:"can", path:"/opt/ros2/cyberdog/share/params/toml_config/sensors/ultrasonic.toml"
[INFO] [1714632905.507951486] [sensor_manager]: [CAN_PROTOCOL][INFO] Creat can protocol[ultrasonic]: 0 error, 0 warning
[INFO] [1714632905.610797525] [sensor_manager]: [CAN_RX][INFO][can1] Start recv thread: ultrasonic
[INFO] [1714632905.933638570] [sensor_manager cyberdog_ultrasonic]: [ultrasonic] opened successfully
[INFO] [1714632906.327626210] [sensor_manager]: [PROTOCOL][INFO] Creat embed protocol[left_head_tof], protocol:"can", path:"/opt/ros2/cyberdog/share/params/toml_config/sensors/tof_left_head.toml"
[INFO] [1714632906.334264885] [sensor_manager]: [CAN_PROTOCOL][INFO] Creat can protocol[left_head_tof]: 0 error, 0 warning
[INFO] [1714632906.364766272] [sensor_manager]: [CAN_RX][INFO][can1] Start recv thread: left_head_tof
[INFO] [1714632906.775596665] [sensor_manager]: [PROTOCOL][INFO] Creat embed protocol[right_head_tof], protocol:"can", path:"/opt/ros2/cyberdog/share/params/toml_config/sensors/tof_right_head.toml"
[INFO] [1714632906.778737810] [sensor_manager]: [CAN_PROTOCOL][INFO] Creat can protocol[right_head_tof]: 0 error, 0 warning
[INFO] [1714632906.786881616] [sensor_manager]: [CAN_RX][INFO][can1] Start recv thread: right_head_tof
[INFO] [1714632907.340673942] [sensor_manager]: [PROTOCOL][INFO] Creat embed protocol[left_rear_tof], protocol:"can", path:"/opt/ros2/cyberdog/share/params/toml_config/sensors/tof_left_rear.toml"
[INFO] [1714632907.452124368] [sensor_manager]: [CAN_PROTOCOL][INFO] Creat can protocol[left_rear_tof]: 0 error, 0 warning
[INFO] [1714632907.553936192] [sensor_manager]: [CAN_RX][INFO][can0] Start recv thread: left_rear_tof
[INFO] [1714632907.866918536] [sensor_manager]: [PROTOCOL][INFO] Creat embed protocol[right_rear_tof], protocol:"can", path:"/opt/ros2/cyberdog/share/params/toml_config/sensors/tof_right_rear.toml"
[INFO] [1714632907.913917010] [sensor_manager]: [CAN_PROTOCOL][INFO] Creat can protocol[right_rear_tof]: 0 error, 0 warning
[INFO] [1714632908.017571280] [sensor_manager cyberdog_tof]: [left_head_tof] opened successfully
[INFO] [1714632908.090394080] [sensor_manager cyberdog_tof]: [left_rear_tof] opened successfully
[INFO] [1714632908.144579169] [sensor_manager]: [CAN_RX][INFO][can0] Start recv thread: right_rear_tof
[INFO] [1714632908.166389673] [sensor_manager cyberdog_tof]: [right_head_tof] opened successfully
[INFO] [1714632908.241576204] [sensor_manager cyberdog_tof]: [right_rear_tof] opened successfully
[INFO] [1714632908.243431578] [sensor_manager Ydlidar]: Open ydlidar ...
[INFO] [1714632908.243913406] [sensor_manager Ydlidar]: Params config file dir:/opt/ros2/cyberdog/share/params/toml_config/sensors/lidar.toml
[INFO] [1714632908.527835399] [sensor_manager Ydlidar]: this->raw_scan_.header.frame_id = laser_frame
[INFO] [1714632908.528510476] [sensor_manager Ydlidar]: [Open] dylidar->port = /dev/ttyTHS0
[INFO] [1714632908.528849998] [sensor_manager Ydlidar]: [Open] dylidar->ignore_array = 
[INFO] [1714632908.529021328] [sensor_manager Ydlidar]: [Open] dylidar->baudrate = 512000
[INFO] [1714632908.529194289] [sensor_manager Ydlidar]: [Open] dylidar->lidar_type = 0
[INFO] [1714632908.529323794] [sensor_manager Ydlidar]: [Open] dylidar->device_type = 0
[INFO] [1714632908.543505791] [sensor_manager Ydlidar]: [Open] dylidar->sample_rate = 10
[INFO] [1714632908.543715425] [sensor_manager Ydlidar]: [Open] dylidar->sample_rate = 4
[INFO] [1714632908.543849858] [sensor_manager Ydlidar]: [Open] dylidar->resolution_fixed = False
[INFO] [1714632908.543978563] [sensor_manager Ydlidar]: [Open] dylidar->reversion = True
[INFO] [1714632908.544110980] [sensor_manager Ydlidar]: [Open] dylidar->inverted = False
[INFO] [1714632908.544233765] [sensor_manager Ydlidar]: [Open] dylidar->auto_reconnect = True
[INFO] [1714632908.544363846] [sensor_manager Ydlidar]: [Open] dylidar->isSingleChannel = False
[INFO] [1714632908.544474887] [sensor_manager Ydlidar]: [Open] dylidar->intensity = True
[INFO] [1714632908.544598152] [sensor_manager Ydlidar]: [Open] dylidar->support_motor_dtr = False
[INFO] [1714632908.544748041] [sensor_manager Ydlidar]: [Open] dylidar->angle_max = 90.000000
[INFO] [1714632908.544872362] [sensor_manager Ydlidar]: [Open] dylidar->angle_min = -90.000000
[INFO] [1714632908.544994667] [sensor_manager Ydlidar]: [Open] dylidar->range_max = 30.000000
[INFO] [1714632908.545126284] [sensor_manager Ydlidar]: [Open] dylidar->range_min = 0.010000
[INFO] [1714632908.545242221] [sensor_manager Ydlidar]: [Open] dylidar->frequency = 10.000000
[INFO] [1714632908.545496143] [sensor_manager Ydlidar]: Ydlidar Open ok
[INFO] [1714632908.607720653] [sensor_manager]: [cyberdog_gps]: BCM_GPS Init
[INFO] [1714632908.975159865] [sensor_manager]: [cyberdog_gps]: Start load patch: /lib/firmware/brcm/bream.patch
[INFO] [1714632908.978661780] [sensor_manager]: [cyberdog_gps]: tty: /dev/spidev2.0
[INFO] [1714632908.986836179] [sensor_manager]: [cyberdog_gps]: down load patch: /lib/firmware/brcm/bream.patch
[INFO] [1714632910.236530053] [sensor_manager]: [cyberdog_gps]: Success load patch: /lib/firmware/brcm/bream.patch
[INFO] [1714632910.257801640] [sensor_manager]: [cyberdog_gps]: MainThread Start
[INFO] [1714632911.133529628] [sensor_manager]: [cyberdog_gps]: ConfigGNSS
[INFO] [1714632911.994804832] [sensor_manager]: [cyberdog_gps]: Finish Config
[INFO] [1714632911.995313892] [sensor_manager]: [cyberdog_gps]: GPS0 Opened
[INFO] [1714632911.995860680] [sensor_manager]: [cyberdog_gps]: GPS0 Success SetCallback PAYLOAD
[INFO] [1714632911.996033066] [sensor_manager cyberdog_gps]: [cyberdog_gps] gps open successfully
[INFO] [1714632911.996192779] [sensor_manager]: SensorManager Running begin
[INFO] [1714632911.996304684] [sensor_manager Ydlidar]: Start ydlidar ...
[INFO] [1714632914.644306151] [sensor_manager Ydlidar]: Ydlidar Start ok
[INFO] [1714632914.644575465] [sensor_manager]: Lidar start success.
[INFO] [1714632914.678080779] [sensor_manager Ydlidar]: UpdateData ydlidar ...
[INFO] [1714632920.180158098] [sensor_manager]: [cyberdog_gps]: GnssStart
[INFO] [1714632920.181340539] [sensor_manager cyberdog_gps]: [cyberdog_gps] gps start successfully
[INFO] [1714632920.182147969] [sensor_manager]: Gps start success.
[INFO] [1714632920.182513956] [sensor_manager cyberdog_ultrasonic]: [ultrasonic] started successfully
[INFO] [1714632920.182827239] [sensor_manager]: Ultrasonic start success.
[INFO] [1714632920.183118729] [sensor_manager cyberdog_tof]: [left_head_tof] started successfully
[INFO] [1714632920.183275402] [sensor_manager cyberdog_tof]: [left_rear_tof] started successfully
[INFO] [1714632920.184763542] [sensor_manager cyberdog_tof]: [right_head_tof] started successfully
[INFO] [1714632920.186203777] [sensor_manager cyberdog_tof]: [right_rear_tof] started successfully
[INFO] [1714632920.186389794] [sensor_manager]: Tof start success.
[INFO] [1714632920.186518883] [sensor_manager]: Sensor manager start success.
[INFO] [1714632920.189791644] [sensor_manager]: sensor setup success
[INFO] [1714632920.189990878] [sensor_manager]: MachineActuator service setup on call.
[INFO] [1714632920.343615452] [sensor_manager]: MachineActuator service callback on call.
	 ===> target_state: SelfCheck
[INFO] [1714632920.343829150] [sensor_manager]: MachineActuator checkout state: SelfCheck.
[INFO] [1714632920.343951999] [sensor_manager]: SensorManager SelfCheck begin
[INFO] [1714632920.344058816] [sensor_manager Ydlidar]: SelfCheck ydlidar ...
[INFO] [1714632920.344167936] [sensor_manager Ydlidar]: Stop ydlidar ...
[INFO] [1714632921.576645613] [sensor_manager Ydlidar]: Ydlidar Stop ok
[INFO] [1714632921.576919632] [sensor_manager Ydlidar]: Start ydlidar ...
[WARN] [1714632921.626525901] [sensor_manager Ydlidar]: Ydlidar update data continue (!start)
[INFO] [1714632924.139469721] [sensor_manager Ydlidar]: Ydlidar Start ok
[INFO] [1714632924.140399520] [sensor_manager Ydlidar]: Stop ydlidar ...
[INFO] [1714632924.235325690] [sensor_manager Ydlidar]: Ydlidar update data ...
[INFO] [1714632925.376278087] [sensor_manager Ydlidar]: Ydlidar Stop ok
[INFO] [1714632925.376540425] [sensor_manager Ydlidar]: Start ydlidar ...
[WARN] [1714632925.443884399] [sensor_manager Ydlidar]: Ydlidar update data continue (!start)
[INFO] [1714632927.854423271] [sensor_manager Ydlidar]: Ydlidar Start ok
[INFO] [1714632927.854791754] [sensor_manager Ydlidar]: Ydlidar self check ok
[INFO] [1714632927.855080012] [sensor_manager]: Lidar selfcheck success.
[INFO] [1714632927.855303086] [sensor_manager cyberdog_tof]: [left_head_tof] started successfully
[INFO] [1714632927.855471471] [sensor_manager cyberdog_tof]: [left_rear_tof] started successfully
[INFO] [1714632927.855601840] [sensor_manager cyberdog_tof]: [right_head_tof] started successfully
[INFO] [1714632927.855713937] [sensor_manager cyberdog_tof]: [right_rear_tof] started successfully
[INFO] [1714632927.855916434] [sensor_manager]: Tof selfcheck success.
[INFO] [1714632927.953048798] [sensor_manager Ydlidar]: Ydlidar update data ...
[INFO] [1714632927.974042879] [sensor_manager]: MachineActuator service callback on call.
	 ===> target_state: Active
[INFO] [1714632927.974307329] [sensor_manager]: MachineActuator checkout state: Active.
[INFO] [1714632927.974420546] [sensor_manager]: SensorManager Running begin
[INFO] [1714632927.975959662] [sensor_manager Ydlidar]: Start ydlidar ...
[INFO] [1714632927.976259248] [sensor_manager Ydlidar]: Start ydlidar ok (consistent with the current state)
[INFO] [1714632927.976160656] [sensor_manager cyberdog_ultrasonic]: [ultrasonic] opened successfully
[INFO] [1714632927.976300241] [sensor_manager cyberdog_tof]: [left_head_tof] opened successfully
[INFO] [1714632927.976493330] [sensor_manager]: Lidar start success.
[INFO] [1714632927.976828021] [sensor_manager cyberdog_tof]: [left_rear_tof] opened successfully
[INFO] [1714632927.976942966] [sensor_manager]: Ultrasonic start success.
[INFO] [1714632927.977100919] [sensor_manager cyberdog_tof]: [right_head_tof] opened successfully
[INFO] [1714632927.977468666] [sensor_manager cyberdog_tof]: [right_rear_tof] opened successfully
[INFO] [1714632927.977766396] [sensor_manager]: Tof start success.
[INFO] [1714632927.977897949] [sensor_manager]: Sensor manager start success.
[INFO] [1714633079.571440102] [sensor_manager]: MachineActuator service callback on call.
	 ===> target_state: Active
[INFO] [1714633079.573039155] [sensor_manager]: MachineActuator checkout state: Active.
[INFO] [1714633079.573184884] [sensor_manager]: SensorManager Running begin
[INFO] [1714633079.573433238] [sensor_manager Ydlidar]: Start ydlidar ...
[INFO] [1714633079.573596119] [sensor_manager cyberdog_tof]: [left_head_tof] opened successfully
[INFO] [1714633079.573612375] [sensor_manager Ydlidar]: Start ydlidar ok (consistent with the current state)
[INFO] [1714633079.573746936] [sensor_manager cyberdog_ultrasonic]: [ultrasonic] opened successfully
[INFO] [1714633079.573868697] [sensor_manager cyberdog_tof]: [left_rear_tof] opened successfully
[INFO] [1714633079.574418621] [sensor_manager cyberdog_tof]: [right_head_tof] opened successfully
[INFO] [1714633079.574099963] [sensor_manager]: Lidar start success.
[INFO] [1714633079.574545310] [sensor_manager cyberdog_tof]: [right_rear_tof] opened successfully
[INFO] [1714633079.574667839] [sensor_manager]: Ultrasonic start success.
[INFO] [1714633079.574953345] [sensor_manager]: Tof start success.
[INFO] [1714633079.575074242] [sensor_manager]: Sensor manager start success.
[WARN] [1714634461.256473981] [sensor_manager cyberdog_tof]: [right_rear_tof] get error data:[5]/[585] ,interval[60000] !
[WARN] [1714634461.291965109] [sensor_manager cyberdog_tof]: [left_head_tof] get error data:[2]/[587] ,interval[60000] !
[WARN] [1714634461.298976836] [sensor_manager cyberdog_tof]: [left_rear_tof] get error data:[5]/[587] ,interval[60000] !
[WARN] [1714634461.340593302] [sensor_manager cyberdog_tof]: [right_head_tof] get error data:[1]/[584] ,interval[60000] !
[WARN] [1714634641.503402385] [sensor_manager cyberdog_tof]: [left_rear_tof] get error data:[1]/[600] ,interval[60000] !
[WARN] [1714634881.837194465] [sensor_manager cyberdog_tof]: [right_rear_tof] get error data:[19]/[532] ,interval[60000] !
[WARN] [1714634881.878893022] [sensor_manager cyberdog_tof]: [left_rear_tof] get error data:[12]/[537] ,interval[60000] !
[WARN] [1714634881.975251950] [sensor_manager cyberdog_tof]: [left_head_tof] get error data:[4]/[521] ,interval[60000] !
[WARN] [1714634882.021544656] [sensor_manager cyberdog_tof]: [right_head_tof] get error data:[3]/[534] ,interval[60000] !
[WARN] [1714634941.934897542] [sensor_manager cyberdog_tof]: [right_rear_tof] get error data:[1]/[590] ,interval[60000] !
[WARN] [1714634941.970722459] [sensor_manager cyberdog_tof]: [left_rear_tof] get error data:[1]/[593] ,interval[60000] !
[WARN] [1714634942.068737948] [sensor_manager cyberdog_tof]: [left_head_tof] get error data:[1]/[591] ,interval[60000] !
[WARN] [1714636444.606649034] [sensor_manager cyberdog_tof]: [left_rear_tof] get error data:[1]/[526] ,interval[60000] !
[WARN] [1714636444.691319913] [sensor_manager cyberdog_tof]: [right_head_tof] get error data:[1]/[527] ,interval[60000] !
[WARN] [1714636444.786451681] [sensor_manager cyberdog_tof]: [left_head_tof] get error data:[1]/[528] ,interval[60000] !
[WARN] [1714636504.562724107] [sensor_manager cyberdog_tof]: [right_rear_tof] get error data:[25]/[503] ,interval[60000] !
[WARN] [1714636504.687741654] [sensor_manager cyberdog_tof]: [left_rear_tof] get error data:[26]/[508] ,interval[60000] !
[WARN] [1714636504.746640674] [sensor_manager cyberdog_tof]: [right_head_tof] get error data:[10]/[489] ,interval[60000] !
[WARN] [1714636504.794249372] [sensor_manager cyberdog_tof]: [left_head_tof] get error data:[10]/[468] ,interval[60000] !
[WARN] [1714638246.918676556] [sensor_manager cyberdog_tof]: [right_rear_tof] get error data:[1]/[601] ,interval[60000] !
