[INFO] [1714897247.247400452] [sensor_manager]: sensor manager begin
[INFO] [1714897247.953375878] [sensor_manager]: Parse Self Check config file started, toml file is valid
[INFO] [1714897247.954212792] [sensor_manager]: Self Check init started, parse sensors config succeed
[INFO] [1714897247.954425684] [sensor_manager]: Self Check init started, parse jump array succeed
[INFO] [1714897247.954549426] [sensor_manager]: Self Check init started, parse critical array succeed
[INFO] [1714897247.954667152] [sensor_manager]: critical sensors is empty
[INFO] [1714897247.954807182] [sensor_manager]: sensor manager Configuring begin
[INFO] [1714897247.954903532] [sensor_manager]: gps Configuring beginning
[INFO] [1714897248.147994520] [sensor_manager]: sensor manager Configuring begin
[INFO] [1714897248.152548204] [sensor_manager]: lidar Configuring beginning
[INFO] [1714897248.515421224] [sensor_manager]: ultrasonic Configuring beginning
[INFO] [1714897248.750965711] [sensor_manager]: tof Configuring beginning
[INFO] [1714897249.266890226] [sensor_manager]: sensor_manager Configuring,success
[INFO] [1714897249.267611270] [sensor_manager]: sensor manager Config succeed
[INFO] [1714897249.267765540] [sensor_manager]: SensorManager Initing begin
[INFO] [1714897249.268038655] [sensor_manager]: MachineActuator Init, config file: /opt/ros2/cyberdog/share/params/toml_config/manager/state_machine_config.toml
[INFO] [1714897250.294933464] [sensor_manager]: >>>init:heart run and state actuator start
[INFO] [1714897250.338259910] [sensor_manager]: MachineActuator start on call.
[INFO] [1714897250.338433603] [sensor_manager]: MachineActuator checkout state: SetUp.
[INFO] [1714897250.338545697] [sensor_manager]: sensor on setup
[INFO] [1714897250.374129807] [sensor_manager]: gps is_simulator 0
[INFO] [1714897250.374355404] [sensor_manager]: ultrasonic_ is_simulator 0
[INFO] [1714897250.374464266] [sensor_manager]: tof_ is_simulator 0
[INFO] [1714897250.374557352] [sensor_manager]: lidar_ is_simulator 0
[INFO] [1714897251.285742443] [sensor_manager]: [PROTOCOL][INFO] Creat embed protocol[ultrasonic], protocol:"can", path:"/opt/ros2/cyberdog/share/params/toml_config/sensors/ultrasonic.toml"
[INFO] [1714897251.313796663] [sensor_manager]: [CAN_PROTOCOL][INFO] Creat can protocol[ultrasonic]: 0 error, 0 warning
[INFO] [1714897251.374410948] [sensor_manager]: [CAN_RX][INFO][can1] Start recv thread: ultrasonic
[INFO] [1714897251.714990452] [sensor_manager cyberdog_ultrasonic]: [ultrasonic] opened successfully
[INFO] [1714897252.238850547] [sensor_manager]: [PROTOCOL][INFO] Creat embed protocol[left_head_tof], protocol:"can", path:"/opt/ros2/cyberdog/share/params/toml_config/sensors/tof_left_head.toml"
[INFO] [1714897252.403985681] [sensor_manager]: [CAN_PROTOCOL][INFO] Creat can protocol[left_head_tof]: 0 error, 0 warning
[INFO] [1714897252.458406309] [sensor_manager]: [CAN_RX][INFO][can1] Start recv thread: left_head_tof
[INFO] [1714897252.750665019] [sensor_manager]: [PROTOCOL][INFO] Creat embed protocol[right_head_tof], protocol:"can", path:"/opt/ros2/cyberdog/share/params/toml_config/sensors/tof_right_head.toml"
[INFO] [1714897252.757069808] [sensor_manager]: [CAN_PROTOCOL][INFO] Creat can protocol[right_head_tof]: 0 error, 0 warning
[INFO] [1714897252.879205627] [sensor_manager]: [CAN_RX][INFO][can1] Start recv thread: right_head_tof
[INFO] [1714897253.052109783] [sensor_manager]: [PROTOCOL][INFO] Creat embed protocol[left_rear_tof], protocol:"can", path:"/opt/ros2/cyberdog/share/params/toml_config/sensors/tof_left_rear.toml"
[INFO] [1714897253.073395764] [sensor_manager]: [CAN_PROTOCOL][INFO] Creat can protocol[left_rear_tof]: 0 error, 0 warning
[INFO] [1714897253.104948870] [sensor_manager]: [CAN_RX][INFO][can0] Start recv thread: left_rear_tof
[INFO] [1714897253.806951625] [sensor_manager]: [PROTOCOL][INFO] Creat embed protocol[right_rear_tof], protocol:"can", path:"/opt/ros2/cyberdog/share/params/toml_config/sensors/tof_right_rear.toml"
[INFO] [1714897253.850611313] [sensor_manager]: [CAN_PROTOCOL][INFO] Creat can protocol[right_rear_tof]: 0 error, 0 warning
[INFO] [1714897253.905693051] [sensor_manager]: [CAN_RX][INFO][can0] Start recv thread: right_rear_tof
[INFO] [1714897253.956517867] [sensor_manager cyberdog_tof]: [left_head_tof] opened successfully
[INFO] [1714897254.032881777] [sensor_manager cyberdog_tof]: [left_rear_tof] opened successfully
[INFO] [1714897254.110754879] [sensor_manager cyberdog_tof]: [right_head_tof] opened successfully
[INFO] [1714897254.184558832] [sensor_manager cyberdog_tof]: [right_rear_tof] opened successfully
[INFO] [1714897254.186410097] [sensor_manager Ydlidar]: Open ydlidar ...
[INFO] [1714897254.186898921] [sensor_manager Ydlidar]: Params config file dir:/opt/ros2/cyberdog/share/params/toml_config/sensors/lidar.toml
[INFO] [1714897254.904436361] [sensor_manager Ydlidar]: this->raw_scan_.header.frame_id = laser_frame
[INFO] [1714897254.921749576] [sensor_manager Ydlidar]: [Open] dylidar->port = /dev/ttyTHS0
[INFO] [1714897254.922106146] [sensor_manager Ydlidar]: [Open] dylidar->ignore_array = 
[INFO] [1714897254.922265312] [sensor_manager Ydlidar]: [Open] dylidar->baudrate = 512000
[INFO] [1714897254.922392414] [sensor_manager Ydlidar]: [Open] dylidar->lidar_type = 0
[INFO] [1714897254.922510428] [sensor_manager Ydlidar]: [Open] dylidar->device_type = 0
[INFO] [1714897254.922622202] [sensor_manager Ydlidar]: [Open] dylidar->sample_rate = 10
[INFO] [1714897254.922752664] [sensor_manager Ydlidar]: [Open] dylidar->sample_rate = 4
[INFO] [1714897254.922883382] [sensor_manager Ydlidar]: [Open] dylidar->resolution_fixed = False
[INFO] [1714897254.923020787] [sensor_manager Ydlidar]: [Open] dylidar->reversion = True
[INFO] [1714897254.923137169] [sensor_manager Ydlidar]: [Open] dylidar->inverted = False
[INFO] [1714897254.923260111] [sensor_manager Ydlidar]: [Open] dylidar->auto_reconnect = True
[INFO] [1714897254.923386861] [sensor_manager Ydlidar]: [Open] dylidar->isSingleChannel = False
[INFO] [1714897254.923498411] [sensor_manager Ydlidar]: [Open] dylidar->intensity = True
[INFO] [1714897254.923617961] [sensor_manager Ydlidar]: [Open] dylidar->support_motor_dtr = False
[INFO] [1714897254.923779207] [sensor_manager Ydlidar]: [Open] dylidar->angle_max = 90.000000
[INFO] [1714897254.923905028] [sensor_manager Ydlidar]: [Open] dylidar->angle_min = -90.000000
[INFO] [1714897254.924021571] [sensor_manager Ydlidar]: [Open] dylidar->range_max = 30.000000
[INFO] [1714897254.924135681] [sensor_manager Ydlidar]: [Open] dylidar->range_min = 0.010000
[INFO] [1714897254.924248287] [sensor_manager Ydlidar]: [Open] dylidar->frequency = 10.000000
[INFO] [1714897254.924448347] [sensor_manager Ydlidar]: Ydlidar Open ok
[INFO] [1714897254.937489762] [sensor_manager]: [cyberdog_gps]: BCM_GPS Init
[INFO] [1714897255.416995493] [sensor_manager]: [cyberdog_gps]: Start load patch: /lib/firmware/brcm/bream.patch
[INFO] [1714897255.417253696] [sensor_manager]: [cyberdog_gps]: tty: /dev/spidev2.0
[INFO] [1714897255.425007679] [sensor_manager]: [cyberdog_gps]: down load patch: /lib/firmware/brcm/bream.patch
[INFO] [1714897256.777711038] [sensor_manager]: [cyberdog_gps]: Success load patch: /lib/firmware/brcm/bream.patch
[INFO] [1714897256.834003507] [sensor_manager]: [cyberdog_gps]: MainThread Start
[INFO] [1714897257.555200471] [sensor_manager]: [cyberdog_gps]: ConfigGNSS
[INFO] [1714897257.816242165] [sensor_manager]: [cyberdog_gps]: Finish Config
[INFO] [1714897257.816753868] [sensor_manager]: [cyberdog_gps]: GPS0 Opened
[INFO] [1714897257.817390626] [sensor_manager]: [cyberdog_gps]: GPS0 Success SetCallback PAYLOAD
[INFO] [1714897257.817656701] [sensor_manager cyberdog_gps]: [cyberdog_gps] gps open successfully
[INFO] [1714897257.817819387] [sensor_manager]: SensorManager Running begin
[INFO] [1714897257.817988536] [sensor_manager Ydlidar]: Start ydlidar ...
[ERROR] [1714897257.818481712] [sensor_manager Ydlidar]: Start ydlidar failed (Unknown error).
[ERROR] [1714897258.026557377] [sensor_manager]: Lidar start fail.
[INFO] [1714897258.026791325] [sensor_manager]: MachineActuator service setup on call.
[INFO] [1714897259.478886467] [sensor_manager]: MachineActuator service callback on call.
	 ===> target_state: SelfCheck
[INFO] [1714897259.479122943] [sensor_manager]: MachineActuator checkout state: SelfCheck.
[INFO] [1714897259.479283292] [sensor_manager]: SensorManager SelfCheck begin
[INFO] [1714897259.479420282] [sensor_manager Ydlidar]: SelfCheck ydlidar ...
[INFO] [1714897259.479554807] [sensor_manager Ydlidar]: Start ydlidar ...
[ERROR] [1714897259.479839507] [sensor_manager Ydlidar]: Start ydlidar failed (Unknown error).
[INFO] [1714897259.680123110] [sensor_manager Ydlidar]: Stop ydlidar ...
[INFO] [1714897259.680433825] [sensor_manager Ydlidar]: Ydlidar Stop ok
[INFO] [1714897259.680567391] [sensor_manager Ydlidar]: Close ydlidar ...
[INFO] [1714897259.680670877] [sensor_manager Ydlidar]: Stop ydlidar ...
[INFO] [1714897259.680792123] [sensor_manager Ydlidar]: Stop ydlidar ok (consistent with the current state)
[INFO] [1714897259.681420465] [sensor_manager Ydlidar]: Ydlidar Close ok
[INFO] [1714897259.681633389] [sensor_manager Ydlidar]: Open ydlidar ...
[INFO] [1714897259.681910217] [sensor_manager Ydlidar]: Params config file dir:/opt/ros2/cyberdog/share/params/toml_config/sensors/lidar.toml
[INFO] [1714897259.717902672] [sensor_manager Ydlidar]: this->raw_scan_.header.frame_id = laser_frame
[INFO] [1714897259.718229387] [sensor_manager Ydlidar]: [Open] dylidar->port = /dev/ttyTHS0
[INFO] [1714897259.718399688] [sensor_manager Ydlidar]: [Open] dylidar->ignore_array = 
[INFO] [1714897259.718559493] [sensor_manager Ydlidar]: [Open] dylidar->baudrate = 512000
[INFO] [1714897259.718670307] [sensor_manager Ydlidar]: [Open] dylidar->lidar_type = 0
[INFO] [1714897259.718776450] [sensor_manager Ydlidar]: [Open] dylidar->device_type = 0
[INFO] [1714897259.718884704] [sensor_manager Ydlidar]: [Open] dylidar->sample_rate = 10
[INFO] [1714897259.718991454] [sensor_manager Ydlidar]: [Open] dylidar->sample_rate = 4
[INFO] [1714897259.719130204] [sensor_manager Ydlidar]: [Open] dylidar->resolution_fixed = False
[INFO] [1714897259.719239706] [sensor_manager Ydlidar]: [Open] dylidar->reversion = True
[INFO] [1714897259.719350008] [sensor_manager Ydlidar]: [Open] dylidar->inverted = False
[INFO] [1714897259.719460246] [sensor_manager Ydlidar]: [Open] dylidar->auto_reconnect = True
[INFO] [1714897259.719565589] [sensor_manager Ydlidar]: [Open] dylidar->isSingleChannel = False
[INFO] [1714897259.720000781] [sensor_manager Ydlidar]: [Open] dylidar->intensity = True
[INFO] [1714897259.720111275] [sensor_manager Ydlidar]: [Open] dylidar->support_motor_dtr = False
[INFO] [1714897259.720223242] [sensor_manager Ydlidar]: [Open] dylidar->angle_max = 90.000000
[INFO] [1714897259.720343304] [sensor_manager Ydlidar]: [Open] dylidar->angle_min = -90.000000
[INFO] [1714897259.720487045] [sensor_manager Ydlidar]: [Open] dylidar->range_max = 30.000000
[INFO] [1714897259.720598979] [sensor_manager Ydlidar]: [Open] dylidar->range_min = 0.010000
[INFO] [1714897259.720710337] [sensor_manager Ydlidar]: [Open] dylidar->frequency = 10.000000
[INFO] [1714897259.720830047] [sensor_manager Ydlidar]: Ydlidar Open ok
[ERROR] [1714897259.721016156] [sensor_manager Ydlidar]: SelfCheck ydlidar failed.
[ERROR] [1714897259.721116251] [sensor_manager]: Lidar selfcheck fail.
[INFO] [1714897259.721265304] [sensor_manager cyberdog_tof]: [left_head_tof] started successfully
[INFO] [1714897259.721366902] [sensor_manager cyberdog_tof]: [left_rear_tof] started successfully
[INFO] [1714897259.721571891] [sensor_manager cyberdog_tof]: [right_head_tof] started successfully
[INFO] [1714897259.721684753] [sensor_manager cyberdog_tof]: [right_rear_tof] started successfully
[INFO] [1714897259.721787471] [sensor_manager]: Tof selfcheck success.
[INFO] [1714897259.888990987] [sensor_manager]: MachineActuator service callback on call.
	 ===> target_state: Active
[INFO] [1714897259.889269222] [sensor_manager]: MachineActuator checkout state: Active.
[INFO] [1714897259.889419588] [sensor_manager]: SensorManager Running begin
[INFO] [1714897259.894192212] [sensor_manager Ydlidar]: Start ydlidar ...
[ERROR] [1714897259.904467401] [sensor_manager Ydlidar]: Start ydlidar failed (Unknown error).
[INFO] [1714897259.895817465] [sensor_manager cyberdog_tof]: [left_head_tof] opened successfully
[INFO] [1714897259.904055504] [sensor_manager cyberdog_ultrasonic]: [ultrasonic] opened successfully
[INFO] [1714897259.915485905] [sensor_manager cyberdog_tof]: [left_rear_tof] opened successfully
[INFO] [1714897259.915698957] [sensor_manager cyberdog_tof]: [right_head_tof] opened successfully
[INFO] [1714897259.915813611] [sensor_manager cyberdog_tof]: [right_rear_tof] opened successfully
[ERROR] [1714897260.105077655] [sensor_manager]: Lidar start fail.
[INFO] [1714897392.629728733] [sensor_manager]: MachineActuator service callback on call.
	 ===> target_state: Active
[INFO] [1714897392.629967709] [sensor_manager]: MachineActuator checkout state: Active.
[INFO] [1714897392.630086205] [sensor_manager]: SensorManager Running begin
[INFO] [1714897392.630832540] [sensor_manager cyberdog_tof]: [left_head_tof] opened successfully
[INFO] [1714897392.631002300] [sensor_manager cyberdog_tof]: [left_rear_tof] opened successfully
[INFO] [1714897392.632205884] [sensor_manager cyberdog_tof]: [right_head_tof] opened successfully
[INFO] [1714897392.632321180] [sensor_manager cyberdog_tof]: [right_rear_tof] opened successfully
[INFO] [1714897392.632615484] [sensor_manager cyberdog_ultrasonic]: [ultrasonic] opened successfully
[INFO] [1714897392.632835963] [sensor_manager Ydlidar]: Start ydlidar ...
[ERROR] [1714897392.633045531] [sensor_manager Ydlidar]: Start ydlidar failed (Unknown error).
[ERROR] [1714897392.833435175] [sensor_manager]: Lidar start fail.
[WARN] [1714899074.604404373] [sensor_manager cyberdog_tof]: [right_rear_tof] get error data:[1]/[601] ,interval[60000] !
