[INFO] [1716383748.115379921] [sensor_manager]: sensor manager begin
[INFO] [1716383749.130572207] [sensor_manager]: Parse Self Check config file started, toml file is valid
[INFO] [1716383749.130814291] [sensor_manager]: Self Check init started, parse sensors config succeed
[INFO] [1716383749.131112760] [sensor_manager]: Self Check init started, parse jump array succeed
[INFO] [1716383749.131242715] [sensor_manager]: Self Check init started, parse critical array succeed
[INFO] [1716383749.131364253] [sensor_manager]: critical sensors is empty
[INFO] [1716383749.131510527] [sensor_manager]: sensor manager Configuring begin
[INFO] [1716383749.131612321] [sensor_manager]: gps Configuring beginning
[INFO] [1716383749.303308535] [sensor_manager]: sensor manager Configuring begin
[INFO] [1716383749.303541627] [sensor_manager]: lidar Configuring beginning
[INFO] [1716383749.830323049] [sensor_manager]: ultrasonic Configuring beginning
[INFO] [1716383750.337277724] [sensor_manager]: tof Configuring beginning
[INFO] [1716383750.965921756] [sensor_manager]: sensor_manager Configuring,success
[INFO] [1716383751.004480990] [sensor_manager]: sensor manager Config succeed
[INFO] [1716383751.004708994] [sensor_manager]: SensorManager Initing begin
[INFO] [1716383751.004987718] [sensor_manager]: MachineActuator Init, config file: /opt/ros2/cyberdog/share/params/toml_config/manager/state_machine_config.toml
[INFO] [1716383752.020870608] [sensor_manager]: >>>init:heart run and state actuator start
[INFO] [1716383752.021141237] [sensor_manager]: MachineActuator start on call.
[INFO] [1716383752.021269847] [sensor_manager]: MachineActuator checkout state: SetUp.
[INFO] [1716383752.021396697] [sensor_manager]: sensor on setup
[INFO] [1716383752.035311756] [sensor_manager]: gps is_simulator 0
[INFO] [1716383752.037331184] [sensor_manager]: ultrasonic_ is_simulator 0
[INFO] [1716383752.037461618] [sensor_manager]: tof_ is_simulator 0
[INFO] [1716383752.037567796] [sensor_manager]: lidar_ is_simulator 0
[INFO] [1716383752.905981906] [sensor_manager]: [PROTOCOL][INFO] Creat embed protocol[ultrasonic], protocol:"can", path:"/opt/ros2/cyberdog/share/params/toml_config/sensors/ultrasonic.toml"
[INFO] [1716383752.950531932] [sensor_manager]: [CAN_PROTOCOL][INFO] Creat can protocol[ultrasonic]: 0 error, 0 warning
[INFO] [1716383753.169265799] [sensor_manager]: [CAN_RX][INFO][can1] Start recv thread: ultrasonic
[INFO] [1716383753.328908907] [sensor_manager cyberdog_ultrasonic]: [ultrasonic] opened successfully
[INFO] [1716383753.643084826] [sensor_manager]: [PROTOCOL][INFO] Creat embed protocol[left_head_tof], protocol:"can", path:"/opt/ros2/cyberdog/share/params/toml_config/sensors/tof_left_head.toml"
[INFO] [1716383753.651144551] [sensor_manager]: [CAN_PROTOCOL][INFO] Creat can protocol[left_head_tof]: 0 error, 0 warning
[INFO] [1716383753.658734155] [sensor_manager]: [CAN_RX][INFO][can1] Start recv thread: left_head_tof
[INFO] [1716383754.478055088] [sensor_manager]: [PROTOCOL][INFO] Creat embed protocol[right_head_tof], protocol:"can", path:"/opt/ros2/cyberdog/share/params/toml_config/sensors/tof_right_head.toml"
[INFO] [1716383754.609075680] [sensor_manager]: [CAN_PROTOCOL][INFO] Creat can protocol[right_head_tof]: 0 error, 0 warning
[INFO] [1716383754.652479126] [sensor_manager]: [CAN_RX][INFO][can1] Start recv thread: right_head_tof
[INFO] [1716383755.358241627] [sensor_manager]: [PROTOCOL][INFO] Creat embed protocol[left_rear_tof], protocol:"can", path:"/opt/ros2/cyberdog/share/params/toml_config/sensors/tof_left_rear.toml"
[INFO] [1716383755.603993727] [sensor_manager]: [CAN_PROTOCOL][INFO] Creat can protocol[left_rear_tof]: 0 error, 0 warning
[INFO] [1716383755.669211986] [sensor_manager]: [CAN_RX][INFO][can0] Start recv thread: left_rear_tof
[INFO] [1716383756.471572782] [sensor_manager]: [PROTOCOL][INFO] Creat embed protocol[right_rear_tof], protocol:"can", path:"/opt/ros2/cyberdog/share/params/toml_config/sensors/tof_right_rear.toml"
[INFO] [1716383756.475090539] [sensor_manager]: [CAN_PROTOCOL][INFO] Creat can protocol[right_rear_tof]: 0 error, 0 warning
[INFO] [1716383756.548399372] [sensor_manager]: [CAN_RX][INFO][can0] Start recv thread: right_rear_tof
[INFO] [1716383756.617100123] [sensor_manager cyberdog_tof]: [left_head_tof] opened successfully
[INFO] [1716383756.689497484] [sensor_manager cyberdog_tof]: [left_rear_tof] opened successfully
[INFO] [1716383756.765595741] [sensor_manager cyberdog_tof]: [right_head_tof] opened successfully
[INFO] [1716383756.837977293] [sensor_manager cyberdog_tof]: [right_rear_tof] opened successfully
[INFO] [1716383756.842352217] [sensor_manager Ydlidar]: Open ydlidar ...
[INFO] [1716383756.842820993] [sensor_manager Ydlidar]: Params config file dir:/opt/ros2/cyberdog/share/params/toml_config/sensors/lidar.toml
[INFO] [1716383757.146828702] [sensor_manager Ydlidar]: this->raw_scan_.header.frame_id = laser_frame
[INFO] [1716383757.156193250] [sensor_manager Ydlidar]: [Open] dylidar->port = /dev/ttyTHS0
[INFO] [1716383757.170477883] [sensor_manager Ydlidar]: [Open] dylidar->ignore_array = 
[INFO] [1716383757.224635885] [sensor_manager Ydlidar]: [Open] dylidar->baudrate = 512000
[INFO] [1716383757.224817872] [sensor_manager Ydlidar]: [Open] dylidar->lidar_type = 0
[INFO] [1716383757.224946323] [sensor_manager Ydlidar]: [Open] dylidar->device_type = 0
[INFO] [1716383757.225058453] [sensor_manager Ydlidar]: [Open] dylidar->sample_rate = 10
[INFO] [1716383757.225185175] [sensor_manager Ydlidar]: [Open] dylidar->sample_rate = 4
[INFO] [1716383757.225317593] [sensor_manager Ydlidar]: [Open] dylidar->resolution_fixed = False
[INFO] [1716383757.225445947] [sensor_manager Ydlidar]: [Open] dylidar->reversion = True
[INFO] [1716383757.225561853] [sensor_manager Ydlidar]: [Open] dylidar->inverted = False
[INFO] [1716383757.225679839] [sensor_manager Ydlidar]: [Open] dylidar->auto_reconnect = True
[INFO] [1716383757.225806850] [sensor_manager Ydlidar]: [Open] dylidar->isSingleChannel = False
[INFO] [1716383757.225916451] [sensor_manager Ydlidar]: [Open] dylidar->intensity = True
[INFO] [1716383757.226038470] [sensor_manager Ydlidar]: [Open] dylidar->support_motor_dtr = False
[INFO] [1716383757.226181544] [sensor_manager Ydlidar]: [Open] dylidar->angle_max = 90.000000
[INFO] [1716383757.226314890] [sensor_manager Ydlidar]: [Open] dylidar->angle_min = -90.000000
[INFO] [1716383757.226432493] [sensor_manager Ydlidar]: [Open] dylidar->range_max = 30.000000
[INFO] [1716383757.226549231] [sensor_manager Ydlidar]: [Open] dylidar->range_min = 0.010000
[INFO] [1716383757.240845384] [sensor_manager Ydlidar]: [Open] dylidar->frequency = 10.000000
[INFO] [1716383757.241095469] [sensor_manager Ydlidar]: Ydlidar Open ok
[INFO] [1716383757.247843522] [sensor_manager]: [cyberdog_gps]: BCM_GPS Init
[INFO] [1716383757.806036983] [sensor_manager]: [cyberdog_gps]: Start load patch: /lib/firmware/brcm/bream.patch
[INFO] [1716383757.806313627] [sensor_manager]: [cyberdog_gps]: tty: /dev/spidev2.0
[INFO] [1716383757.828399229] [sensor_manager]: [cyberdog_gps]: down load patch: /lib/firmware/brcm/bream.patch
[INFO] [1716383759.157175490] [sensor_manager]: [cyberdog_gps]: Success load patch: /lib/firmware/brcm/bream.patch
[INFO] [1716383759.162266075] [sensor_manager]: [cyberdog_gps]: MainThread Start
[INFO] [1716383759.532229432] [sensor_manager]: [cyberdog_gps]: ConfigGNSS
[INFO] [1716383780.259771308] [sensor_manager]: [cyberdog_gps]: Finish Config
[INFO] [1716383780.260309685] [sensor_manager]: [cyberdog_gps]: GPS0 Opened
[INFO] [1716383780.260960801] [sensor_manager]: [cyberdog_gps]: GPS0 Success SetCallback PAYLOAD
[INFO] [1716383780.261143236] [sensor_manager cyberdog_gps]: [cyberdog_gps] gps open successfully
[INFO] [1716383780.267944987] [sensor_manager]: SensorManager Running begin
[INFO] [1716383780.269729850] [sensor_manager Ydlidar]: Start ydlidar ...
[ERROR] [1716383780.272271942] [sensor_manager Ydlidar]: Start ydlidar failed (Unknown error).
[ERROR] [1716383780.472732979] [sensor_manager]: Lidar start fail.
[INFO] [1716383780.476601943] [sensor_manager]: MachineActuator service setup on call.
[INFO] [1716383780.852776992] [sensor_manager]: MachineActuator service callback on call.
	 ===> target_state: SelfCheck
[INFO] [1716383780.853551534] [sensor_manager]: MachineActuator checkout state: SelfCheck.
[INFO] [1716383780.853886739] [sensor_manager]: SensorManager SelfCheck begin
[INFO] [1716383780.869395554] [sensor_manager Ydlidar]: SelfCheck ydlidar ...
[INFO] [1716383780.869611078] [sensor_manager Ydlidar]: Start ydlidar ...
[ERROR] [1716383780.870044078] [sensor_manager Ydlidar]: Start ydlidar failed (Unknown error).
[INFO] [1716383781.070320983] [sensor_manager Ydlidar]: Stop ydlidar ...
[INFO] [1716383781.070632221] [sensor_manager Ydlidar]: Ydlidar Stop ok
[INFO] [1716383781.070755263] [sensor_manager Ydlidar]: Close ydlidar ...
[INFO] [1716383781.070865057] [sensor_manager Ydlidar]: Stop ydlidar ...
[INFO] [1716383781.071036196] [sensor_manager Ydlidar]: Stop ydlidar ok (consistent with the current state)
[INFO] [1716383781.071401642] [sensor_manager Ydlidar]: Ydlidar Close ok
[INFO] [1716383781.071517196] [sensor_manager Ydlidar]: Open ydlidar ...
[INFO] [1716383781.071885330] [sensor_manager Ydlidar]: Params config file dir:/opt/ros2/cyberdog/share/params/toml_config/sensors/lidar.toml
[INFO] [1716383781.203254729] [sensor_manager Ydlidar]: this->raw_scan_.header.frame_id = laser_frame
[INFO] [1716383781.206879880] [sensor_manager Ydlidar]: [Open] dylidar->port = /dev/ttyTHS0
[INFO] [1716383781.207074923] [sensor_manager Ydlidar]: [Open] dylidar->ignore_array = 
[INFO] [1716383781.207229550] [sensor_manager Ydlidar]: [Open] dylidar->baudrate = 512000
[INFO] [1716383781.207338928] [sensor_manager Ydlidar]: [Open] dylidar->lidar_type = 0
[INFO] [1716383781.207447314] [sensor_manager Ydlidar]: [Open] dylidar->device_type = 0
[INFO] [1716383781.207552436] [sensor_manager Ydlidar]: [Open] dylidar->sample_rate = 10
[INFO] [1716383781.207661750] [sensor_manager Ydlidar]: [Open] dylidar->sample_rate = 4
[INFO] [1716383781.207773592] [sensor_manager Ydlidar]: [Open] dylidar->resolution_fixed = False
[INFO] [1716383781.207887770] [sensor_manager Ydlidar]: [Open] dylidar->reversion = True
[INFO] [1716383781.208018812] [sensor_manager Ydlidar]: [Open] dylidar->inverted = False
[INFO] [1716383781.208128062] [sensor_manager Ydlidar]: [Open] dylidar->auto_reconnect = True
[INFO] [1716383781.208234592] [sensor_manager Ydlidar]: [Open] dylidar->isSingleChannel = False
[INFO] [1716383781.208342593] [sensor_manager Ydlidar]: [Open] dylidar->intensity = True
[INFO] [1716383781.208446691] [sensor_manager Ydlidar]: [Open] dylidar->support_motor_dtr = False
[INFO] [1716383781.208559141] [sensor_manager Ydlidar]: [Open] dylidar->angle_max = 90.000000
[INFO] [1716383781.208675847] [sensor_manager Ydlidar]: [Open] dylidar->angle_min = -90.000000
[INFO] [1716383781.208786697] [sensor_manager Ydlidar]: [Open] dylidar->range_max = 30.000000
[INFO] [1716383781.208955884] [sensor_manager Ydlidar]: [Open] dylidar->range_min = 0.010000
[INFO] [1716383781.209098095] [sensor_manager Ydlidar]: [Open] dylidar->frequency = 10.000000
[INFO] [1716383781.209322387] [sensor_manager Ydlidar]: Ydlidar Open ok
[ERROR] [1716383781.209535798] [sensor_manager Ydlidar]: SelfCheck ydlidar failed.
[ERROR] [1716383781.209644600] [sensor_manager]: Lidar selfcheck fail.
[INFO] [1716383781.209808699] [sensor_manager cyberdog_tof]: [left_head_tof] started successfully
[INFO] [1716383781.209923197] [sensor_manager cyberdog_tof]: [left_rear_tof] started successfully
[INFO] [1716383781.210641482] [sensor_manager cyberdog_tof]: [right_head_tof] started successfully
[INFO] [1716383781.210763660] [sensor_manager cyberdog_tof]: [right_rear_tof] started successfully
[INFO] [1716383781.210877134] [sensor_manager]: Tof selfcheck success.
[INFO] [1716383781.358519200] [sensor_manager]: MachineActuator service callback on call.
	 ===> target_state: Active
[INFO] [1716383781.358811781] [sensor_manager]: MachineActuator checkout state: Active.
[INFO] [1716383781.358989544] [sensor_manager]: SensorManager Running begin
[INFO] [1716383781.359560626] [sensor_manager cyberdog_tof]: [left_head_tof] opened successfully
[INFO] [1716383781.359940761] [sensor_manager cyberdog_tof]: [left_rear_tof] opened successfully
[INFO] [1716383781.360119388] [sensor_manager cyberdog_tof]: [right_head_tof] opened successfully
[INFO] [1716383781.360223262] [sensor_manager cyberdog_tof]: [right_rear_tof] opened successfully
[INFO] [1716383781.359681780] [sensor_manager Ydlidar]: Start ydlidar ...
[INFO] [1716383781.359844919] [sensor_manager cyberdog_ultrasonic]: [ultrasonic] opened successfully
[ERROR] [1716383781.361143150] [sensor_manager Ydlidar]: Start ydlidar failed (Unknown error).
[ERROR] [1716383781.562130724] [sensor_manager]: Lidar start fail.
[INFO] [1716383908.475410452] [sensor_manager]: MachineActuator service callback on call.
	 ===> target_state: Active
[INFO] [1716383908.475966787] [sensor_manager]: MachineActuator checkout state: Active.
[INFO] [1716383908.476149160] [sensor_manager]: SensorManager Running begin
[INFO] [1716383908.487527640] [sensor_manager Ydlidar]: Start ydlidar ...
[ERROR] [1716383908.488786458] [sensor_manager Ydlidar]: Start ydlidar failed (Unknown error).
[INFO] [1716383908.488599509] [sensor_manager cyberdog_tof]: [left_head_tof] opened successfully
[INFO] [1716383908.490482024] [sensor_manager cyberdog_tof]: [left_rear_tof] opened successfully
[INFO] [1716383908.491208731] [sensor_manager cyberdog_tof]: [right_head_tof] opened successfully
[INFO] [1716383908.491892877] [sensor_manager cyberdog_tof]: [right_rear_tof] opened successfully
[INFO] [1716383908.488530611] [sensor_manager cyberdog_ultrasonic]: [ultrasonic] opened successfully
[ERROR] [1716383908.695893089] [sensor_manager]: Lidar start fail.
