[INFO] [1716645294.683922772] [vision_manager cyberdog_model]: cyberdog_model Constructor
[INFO] [1716645294.684378233] [vision_manager cyberdog_model]: is_specified_version: 0
[INFO] [1716645294.684498010] [vision_manager cyberdog_model]: specified_version: 0.0
[INFO] [1716645294.684604795] [vision_manager cyberdog_model]: module_name: auto_track
[INFO] [1716645294.684699900] [vision_manager cyberdog_model]: model_dir: /SDCARD/vision/auto_track/
[INFO] [1716645294.684799293] [vision_manager cyberdog_model]: temp_download_path: /SDCARD/vision/auto_track/temp/
[INFO] [1716645294.685757927] [vision_manager cyberdog_model]: cyberdog_model Constructor
[INFO] [1716645294.685899561] [vision_manager cyberdog_model]: is_specified_version: 0
[INFO] [1716645294.686010922] [vision_manager cyberdog_model]: specified_version: 0.0
[INFO] [1716645294.686110091] [vision_manager cyberdog_model]: module_name: body_gesture
[INFO] [1716645294.686211692] [vision_manager cyberdog_model]: model_dir: /SDCARD/vision/body_gesture/
[INFO] [1716645294.686308877] [vision_manager cyberdog_model]: temp_download_path: /SDCARD/vision/body_gesture/temp/
[INFO] [1716645294.747473200] [vision_manager cyberdog_model]: cyberdog_model Constructor
[INFO] [1716645294.747722994] [vision_manager cyberdog_model]: is_specified_version: 0
[INFO] [1716645294.747838515] [vision_manager cyberdog_model]: specified_version: 0.0
[INFO] [1716645294.747939956] [vision_manager cyberdog_model]: module_name: face_recognition/age
[INFO] [1716645294.748036981] [vision_manager cyberdog_model]: model_dir: /SDCARD/vision/face_recognition/age/
[INFO] [1716645294.748140759] [vision_manager cyberdog_model]: temp_download_path: /SDCARD/vision/face_recognition/age/temp/
[INFO] [1716645294.749218594] [vision_manager cyberdog_model]: cyberdog_model Constructor
[INFO] [1716645294.749380292] [vision_manager cyberdog_model]: is_specified_version: 0
[INFO] [1716645294.749486629] [vision_manager cyberdog_model]: specified_version: 0.0
[INFO] [1716645294.749640710] [vision_manager cyberdog_model]: module_name: face_recognition/detect
[INFO] [1716645294.749752072] [vision_manager cyberdog_model]: model_dir: /SDCARD/vision/face_recognition/detect/
[INFO] [1716645294.749856841] [vision_manager cyberdog_model]: temp_download_path: /SDCARD/vision/face_recognition/detect/temp/
[INFO] [1716645294.789520041] [vision_manager cyberdog_model]: cyberdog_model Constructor
[INFO] [1716645294.799938679] [vision_manager cyberdog_model]: is_specified_version: 0
[INFO] [1716645294.800153273] [vision_manager cyberdog_model]: specified_version: 0.0
[INFO] [1716645294.800258138] [vision_manager cyberdog_model]: module_name: face_recognition/emotion
[INFO] [1716645294.827513689] [vision_manager cyberdog_model]: model_dir: /SDCARD/vision/face_recognition/emotion/
[INFO] [1716645294.831741765] [vision_manager cyberdog_model]: temp_download_path: /SDCARD/vision/face_recognition/emotion/temp/
[INFO] [1716645294.832942098] [vision_manager cyberdog_model]: cyberdog_model Constructor
[INFO] [1716645294.833118804] [vision_manager cyberdog_model]: is_specified_version: 0
[INFO] [1716645294.833237237] [vision_manager cyberdog_model]: specified_version: 0.0
[INFO] [1716645294.833346710] [vision_manager cyberdog_model]: module_name: face_recognition/feature
[INFO] [1716645294.833470135] [vision_manager cyberdog_model]: model_dir: /SDCARD/vision/face_recognition/feature/
[INFO] [1716645294.833594649] [vision_manager cyberdog_model]: temp_download_path: /SDCARD/vision/face_recognition/feature/temp/
[INFO] [1716645294.908213385] [vision_manager cyberdog_model]: cyberdog_model Constructor
[INFO] [1716645294.908488012] [vision_manager cyberdog_model]: is_specified_version: 0
[INFO] [1716645294.908616685] [vision_manager cyberdog_model]: specified_version: 0.0
[INFO] [1716645294.908727342] [vision_manager cyberdog_model]: module_name: face_recognition/landmark
[INFO] [1716645294.908842031] [vision_manager cyberdog_model]: model_dir: /SDCARD/vision/face_recognition/landmark/
[INFO] [1716645294.908958737] [vision_manager cyberdog_model]: temp_download_path: /SDCARD/vision/face_recognition/landmark/temp/
[INFO] [1716645294.957080234] [vision_manager cyberdog_model]: cyberdog_model Constructor
[INFO] [1716645294.957436270] [vision_manager cyberdog_model]: is_specified_version: 0
[INFO] [1716645294.957586736] [vision_manager cyberdog_model]: specified_version: 0.0
[INFO] [1716645294.957685841] [vision_manager cyberdog_model]: module_name: keypoints_detection
[INFO] [1716645294.957786034] [vision_manager cyberdog_model]: model_dir: /SDCARD/vision/keypoints_detection/
[INFO] [1716645294.957886099] [vision_manager cyberdog_model]: temp_download_path: /SDCARD/vision/keypoints_detection/temp/
[INFO] [1716645294.983120668] [vision_manager cyberdog_model]: cyberdog_model Constructor
[INFO] [1716645294.983367071] [vision_manager cyberdog_model]: is_specified_version: 0
[INFO] [1716645294.983495424] [vision_manager cyberdog_model]: specified_version: 0.0
[INFO] [1716645294.983603777] [vision_manager cyberdog_model]: module_name: person_reid
[INFO] [1716645294.983708130] [vision_manager cyberdog_model]: model_dir: /SDCARD/vision/person_reid/
[INFO] [1716645294.983814179] [vision_manager cyberdog_model]: temp_download_path: /SDCARD/vision/person_reid/temp/
[INFO] [1716645295.108164606] [az1.vision_manager]: Vision manager constructor complated.
[INFO] [1716645299.837049245] [az1.vision_manager]: Received signal to download model. 
[INFO] [1716645299.837377409] [az1.vision_manager]: Internet is ready, begin to download model.
[INFO] [1716645299.837884518] [vision_manager cyberdog_model]: update models fuc begin
[INFO] [1716645299.838020936] [vision_manager cyberdog_model]: init fuc
[INFO] [1716645299.952497883] [vision_manager cyberdog_model]: auto_track has 2 versions in fsd
[INFO] [1716645299.952999200] [vision_manager cyberdog_model]: read model version in toml file
[INFO] [1716645299.953145665] [vision_manager cyberdog_model]: Get_Model_Version func 
[INFO] [1716645299.957258349] [vision_manager cyberdog_model]: read key value from toml successfully
[INFO] [1716645299.957439950] [vision_manager cyberdog_model]: the model version in toml file is 1.1 
[INFO] [1716645299.957601168] [vision_manager cyberdog_model]: temp toml path /SDCARD/vision/auto_track/temp/version.toml do not exist!
[INFO] [1716645299.957720145] [vision_manager cyberdog_model]: obj: 1.0/
[INFO] [1716645299.957822642] [vision_manager cyberdog_model]: obj: 1.1/
[INFO] [1716645299.957918163] [vision_manager cyberdog_model]: ftp_newest_version  is 1.1
[INFO] [1716645299.958019093] [vision_manager cyberdog_model]: nx_version  is 1.1
[INFO] [1716645299.958159350] [vision_manager cyberdog_model]: nx model version is the newest version
[INFO] [1716645299.958262711] [vision_manager cyberdog_model]: DownloadModels fuc
[INFO] [1716645299.958358776] [vision_manager cyberdog_model]: do not need download
[ERROR] [1716645299.958897854] [vision_manager cyberdog_model]: download failed or do not need download
[ERROR] [1716645299.959093056] [az1.vision_manager]: Download model from Fds fail. 
[INFO] [1716645299.959332834] [vision_manager cyberdog_model]: update models fuc begin
[INFO] [1716645299.959464388] [vision_manager cyberdog_model]: init fuc
[INFO] [1716645300.084761224] [vision_manager cyberdog_model]: body_gesture has 2 versions in fsd
[INFO] [1716645300.085013483] [vision_manager cyberdog_model]: read model version in toml file
[INFO] [1716645300.085155725] [vision_manager cyberdog_model]: Get_Model_Version func 
[INFO] [1716645300.090289251] [vision_manager cyberdog_model]: read key value from toml successfully
[INFO] [1716645300.090620166] [vision_manager cyberdog_model]: the model version in toml file is 1.1 
[INFO] [1716645300.090804904] [vision_manager cyberdog_model]: temp toml path /SDCARD/vision/body_gesture/temp/version.toml do not exist!
[INFO] [1716645300.090934985] [vision_manager cyberdog_model]: obj: 1.0/
[INFO] [1716645300.091036970] [vision_manager cyberdog_model]: obj: 1.1/
[INFO] [1716645300.091147052] [vision_manager cyberdog_model]: ftp_newest_version  is 1.1
[INFO] [1716645300.091245901] [vision_manager cyberdog_model]: nx_version  is 1.1
[INFO] [1716645300.091376942] [vision_manager cyberdog_model]: nx model version is the newest version
[INFO] [1716645300.091480175] [vision_manager cyberdog_model]: DownloadModels fuc
[INFO] [1716645300.091573904] [vision_manager cyberdog_model]: do not need download
[ERROR] [1716645300.091711154] [vision_manager cyberdog_model]: download failed or do not need download
[ERROR] [1716645300.091822835] [az1.vision_manager]: Download model from Fds fail. 
[INFO] [1716645300.092060533] [vision_manager cyberdog_model]: update models fuc begin
[INFO] [1716645300.092737276] [vision_manager cyberdog_model]: init fuc
[INFO] [1716645300.193959300] [vision_manager cyberdog_model]: face_recognition/age has 2 versions in fsd
[INFO] [1716645300.194406441] [vision_manager cyberdog_model]: read model version in toml file
[INFO] [1716645300.194700364] [vision_manager cyberdog_model]: Get_Model_Version func 
[INFO] [1716645300.197152518] [vision_manager cyberdog_model]: read key value from toml successfully
[INFO] [1716645300.197477417] [vision_manager cyberdog_model]: the model version in toml file is 1.1 
[INFO] [1716645300.198720662] [vision_manager cyberdog_model]: temp toml path /SDCARD/vision/face_recognition/age/temp/version.toml do not exist!
[INFO] [1716645300.198900824] [vision_manager cyberdog_model]: obj: 1.0/
[INFO] [1716645300.199260124] [vision_manager cyberdog_model]: obj: 1.1/
[INFO] [1716645300.199624672] [vision_manager cyberdog_model]: ftp_newest_version  is 1.1
[INFO] [1716645300.199749697] [vision_manager cyberdog_model]: nx_version  is 1.1
[INFO] [1716645300.199942243] [vision_manager cyberdog_model]: nx model version is the newest version
[INFO] [1716645300.205080985] [vision_manager cyberdog_model]: DownloadModels fuc
[INFO] [1716645300.205202874] [vision_manager cyberdog_model]: do not need download
[ERROR] [1716645300.205299259] [vision_manager cyberdog_model]: download failed or do not need download
[ERROR] [1716645300.205590302] [az1.vision_manager]: Download model from Fds fail. 
[INFO] [1716645300.205825985] [vision_manager cyberdog_model]: update models fuc begin
[INFO] [1716645300.205925314] [vision_manager cyberdog_model]: init fuc
[INFO] [1716645300.303973736] [vision_manager cyberdog_model]: face_recognition/detect has 2 versions in fsd
[INFO] [1716645300.304442125] [vision_manager cyberdog_model]: read model version in toml file
[INFO] [1716645300.304609519] [vision_manager cyberdog_model]: Get_Model_Version func 
[INFO] [1716645300.307003048] [vision_manager cyberdog_model]: read key value from toml successfully
[INFO] [1716645300.307279531] [vision_manager cyberdog_model]: the model version in toml file is 1.1 
[INFO] [1716645300.307444173] [vision_manager cyberdog_model]: temp toml path /SDCARD/vision/face_recognition/detect/temp/version.toml do not exist!
[INFO] [1716645300.307949874] [vision_manager cyberdog_model]: obj: 1.0/
[INFO] [1716645300.308066643] [vision_manager cyberdog_model]: obj: 1.1/
[INFO] [1716645300.308166100] [vision_manager cyberdog_model]: ftp_newest_version  is 1.1
[INFO] [1716645300.308263509] [vision_manager cyberdog_model]: nx_version  is 1.1
[INFO] [1716645300.308393495] [vision_manager cyberdog_model]: nx model version is the newest version
[INFO] [1716645300.308492664] [vision_manager cyberdog_model]: DownloadModels fuc
[INFO] [1716645300.308587385] [vision_manager cyberdog_model]: do not need download
[ERROR] [1716645300.308678746] [vision_manager cyberdog_model]: download failed or do not need download
[ERROR] [1716645300.308792443] [az1.vision_manager]: Download model from Fds fail. 
[INFO] [1716645300.309022045] [vision_manager cyberdog_model]: update models fuc begin
[INFO] [1716645300.309117438] [vision_manager cyberdog_model]: init fuc
[INFO] [1716645300.416057282] [vision_manager cyberdog_model]: face_recognition/emotion has 1 versions in fsd
[INFO] [1716645300.416309093] [vision_manager cyberdog_model]: read model version in toml file
[INFO] [1716645300.416448358] [vision_manager cyberdog_model]: Get_Model_Version func 
[INFO] [1716645300.421025014] [vision_manager cyberdog_model]: read key value from toml successfully
[INFO] [1716645300.421244537] [vision_manager cyberdog_model]: the model version in toml file is 1.1 
[INFO] [1716645300.421440411] [vision_manager cyberdog_model]: temp toml path /SDCARD/vision/face_recognition/emotion/temp/version.toml do not exist!
[INFO] [1716645300.421969664] [vision_manager cyberdog_model]: obj: 1.1/
[INFO] [1716645300.422079745] [vision_manager cyberdog_model]: ftp_newest_version  is 1.1
[INFO] [1716645300.422180290] [vision_manager cyberdog_model]: nx_version  is 1.1
[INFO] [1716645300.422273475] [vision_manager cyberdog_model]: nx model version is the newest version
[INFO] [1716645300.422372580] [vision_manager cyberdog_model]: DownloadModels fuc
[INFO] [1716645300.422561958] [vision_manager cyberdog_model]: do not need download
[ERROR] [1716645300.422660007] [vision_manager cyberdog_model]: download failed or do not need download
[ERROR] [1716645300.422776809] [az1.vision_manager]: Download model from Fds fail. 
[INFO] [1716645300.423014699] [vision_manager cyberdog_model]: update models fuc begin
[INFO] [1716645300.423113164] [vision_manager cyberdog_model]: init fuc
[INFO] [1716645300.536041999] [vision_manager cyberdog_model]: face_recognition/feature has 2 versions in fsd
[INFO] [1716645300.536455603] [vision_manager cyberdog_model]: read model version in toml file
[INFO] [1716645300.536637237] [vision_manager cyberdog_model]: Get_Model_Version func 
[INFO] [1716645300.540518462] [vision_manager cyberdog_model]: read key value from toml successfully
[INFO] [1716645300.540736224] [vision_manager cyberdog_model]: the model version in toml file is 1.1 
[INFO] [1716645300.540895714] [vision_manager cyberdog_model]: temp toml path /SDCARD/vision/face_recognition/feature/temp/version.toml do not exist!
[INFO] [1716645300.541025731] [vision_manager cyberdog_model]: obj: 1.1/
[INFO] [1716645300.541128644] [vision_manager cyberdog_model]: obj: 1/
[INFO] [1716645300.541234853] [vision_manager cyberdog_model]: ftp_newest_version  is 1.1
[INFO] [1716645300.541539017] [vision_manager cyberdog_model]: nx_version  is 1.1
[INFO] [1716645300.541699850] [vision_manager cyberdog_model]: nx model version is the newest version
[INFO] [1716645300.541811916] [vision_manager cyberdog_model]: DownloadModels fuc
[INFO] [1716645300.541914989] [vision_manager cyberdog_model]: do not need download
[ERROR] [1716645300.542009582] [vision_manager cyberdog_model]: download failed or do not need download
[ERROR] [1716645300.542202608] [az1.vision_manager]: Download model from Fds fail. 
[INFO] [1716645300.542580692] [vision_manager cyberdog_model]: update models fuc begin
[INFO] [1716645300.542682709] [vision_manager cyberdog_model]: init fuc
[INFO] [1716645300.655911451] [vision_manager cyberdog_model]: face_recognition/landmark has 1 versions in fsd
[INFO] [1716645300.656159293] [vision_manager cyberdog_model]: read model version in toml file
[INFO] [1716645300.656303711] [vision_manager cyberdog_model]: Get_Model_Version func 
[INFO] [1716645300.662619841] [vision_manager cyberdog_model]: read key value from toml successfully
[INFO] [1716645300.662855140] [vision_manager cyberdog_model]: the model version in toml file is 1.1 
[INFO] [1716645300.662999301] [vision_manager cyberdog_model]: temp toml path /SDCARD/vision/face_recognition/landmark/temp/version.toml do not exist!
[INFO] [1716645300.663133255] [vision_manager cyberdog_model]: obj: 1.1/
[INFO] [1716645300.663233704] [vision_manager cyberdog_model]: ftp_newest_version  is 1.1
[INFO] [1716645300.663372073] [vision_manager cyberdog_model]: nx_version  is 1.1
[INFO] [1716645300.663748717] [vision_manager cyberdog_model]: nx model version is the newest version
[INFO] [1716645300.665073755] [vision_manager cyberdog_model]: DownloadModels fuc
[INFO] [1716645300.665208188] [vision_manager cyberdog_model]: do not need download
[ERROR] [1716645300.665312541] [vision_manager cyberdog_model]: download failed or do not need download
[ERROR] [1716645300.665432255] [az1.vision_manager]: Download model from Fds fail. 
[INFO] [1716645300.665690657] [vision_manager cyberdog_model]: update models fuc begin
[INFO] [1716645300.665789730] [vision_manager cyberdog_model]: init fuc
[INFO] [1716645300.778910599] [vision_manager cyberdog_model]: keypoints_detection has 2 versions in fsd
[INFO] [1716645300.779181514] [vision_manager cyberdog_model]: read model version in toml file
[INFO] [1716645300.779344556] [vision_manager cyberdog_model]: Get_Model_Version func 
[INFO] [1716645300.784091710] [vision_manager cyberdog_model]: read key value from toml successfully
[INFO] [1716645300.784299072] [vision_manager cyberdog_model]: the model version in toml file is 1.1 
[INFO] [1716645300.784479394] [vision_manager cyberdog_model]: temp toml path /SDCARD/vision/keypoints_detection/temp/version.toml do not exist!
[INFO] [1716645300.784618819] [vision_manager cyberdog_model]: obj: 1.0/
[INFO] [1716645300.784735300] [vision_manager cyberdog_model]: obj: 1.1/
[INFO] [1716645300.784851238] [vision_manager cyberdog_model]: ftp_newest_version  is 1.1
[INFO] [1716645300.784962887] [vision_manager cyberdog_model]: nx_version  is 1.1
[INFO] [1716645300.785090056] [vision_manager cyberdog_model]: nx model version is the newest version
[INFO] [1716645300.785217961] [vision_manager cyberdog_model]: DownloadModels fuc
[INFO] [1716645300.785332139] [vision_manager cyberdog_model]: do not need download
[ERROR] [1716645300.785462092] [vision_manager cyberdog_model]: download failed or do not need download
[ERROR] [1716645300.785587405] [az1.vision_manager]: Download model from Fds fail. 
[INFO] [1716645300.785835280] [vision_manager cyberdog_model]: update models fuc begin
[INFO] [1716645300.785935153] [vision_manager cyberdog_model]: init fuc
[INFO] [1716645300.947923063] [vision_manager cyberdog_model]: person_reid has 2 versions in fsd
[INFO] [1716645300.948170842] [vision_manager cyberdog_model]: read model version in toml file
[INFO] [1716645300.948324572] [vision_manager cyberdog_model]: Get_Model_Version func 
[INFO] [1716645300.954798848] [vision_manager cyberdog_model]: read key value from toml successfully
[INFO] [1716645300.955029986] [vision_manager cyberdog_model]: the model version in toml file is 1.1 
[INFO] [1716645300.955187844] [vision_manager cyberdog_model]: temp toml path /SDCARD/vision/person_reid/temp/version.toml do not exist!
[INFO] [1716645300.955331525] [vision_manager cyberdog_model]: obj: 1.0/
[INFO] [1716645300.955597160] [vision_manager cyberdog_model]: obj: 1.1/
[INFO] [1716645300.955742634] [vision_manager cyberdog_model]: ftp_newest_version  is 1.1
[INFO] [1716645300.955869323] [vision_manager cyberdog_model]: nx_version  is 1.1
[INFO] [1716645300.955983372] [vision_manager cyberdog_model]: nx model version is the newest version
[INFO] [1716645300.956092877] [vision_manager cyberdog_model]: DownloadModels fuc
[INFO] [1716645300.956187310] [vision_manager cyberdog_model]: do not need download
[ERROR] [1716645300.956278767] [vision_manager cyberdog_model]: download failed or do not need download
[ERROR] [1716645300.957460284] [az1.vision_manager]: Download model from Fds fail. 
[INFO] [1716645300.958834506] [az1.vision_manager]: Received signal to download model. 
[INFO] [1716645300.959084717] [az1.vision_manager]: Internet is ready, begin to download model.
[INFO] [1716645300.959267727] [vision_manager cyberdog_model]: update models fuc begin
[INFO] [1716645300.959420720] [vision_manager cyberdog_model]: init fuc
[INFO] [1716645301.120095049] [vision_manager cyberdog_model]: auto_track has 2 versions in fsd
[INFO] [1716645301.120348267] [vision_manager cyberdog_model]: read model version in toml file
[INFO] [1716645301.120491469] [vision_manager cyberdog_model]: Get_Model_Version func 
[INFO] [1716645301.145456115] [vision_manager cyberdog_model]: read key value from toml successfully
[INFO] [1716645301.145826743] [vision_manager cyberdog_model]: the model version in toml file is 1.1 
[INFO] [1716645301.145989017] [vision_manager cyberdog_model]: temp toml path /SDCARD/vision/auto_track/temp/version.toml do not exist!
[INFO] [1716645301.146142170] [vision_manager cyberdog_model]: obj: 1.0/
[INFO] [1716645301.146244699] [vision_manager cyberdog_model]: obj: 1.1/
[INFO] [1716645301.146343325] [vision_manager cyberdog_model]: ftp_newest_version  is 1.1
[INFO] [1716645301.146495870] [vision_manager cyberdog_model]: nx_version  is 1.1
[INFO] [1716645301.146609855] [vision_manager cyberdog_model]: nx model version is the newest version
[INFO] [1716645301.146709472] [vision_manager cyberdog_model]: DownloadModels fuc
[INFO] [1716645301.146822850] [vision_manager cyberdog_model]: do not need download
[ERROR] [1716645301.146926307] [vision_manager cyberdog_model]: download failed or do not need download
[ERROR] [1716645301.147053988] [az1.vision_manager]: Download model from Fds fail. 
[INFO] [1716645301.147279942] [vision_manager cyberdog_model]: update models fuc begin
[INFO] [1716645301.147378247] [vision_manager cyberdog_model]: init fuc
[INFO] [1716645301.518767302] [vision_manager cyberdog_model]: body_gesture has 2 versions in fsd
[INFO] [1716645301.520909405] [vision_manager cyberdog_model]: read model version in toml file
[INFO] [1716645301.521142815] [vision_manager cyberdog_model]: Get_Model_Version func 
[INFO] [1716645301.522820849] [vision_manager cyberdog_model]: read key value from toml successfully
[INFO] [1716645301.523013491] [vision_manager cyberdog_model]: the model version in toml file is 1.1 
[INFO] [1716645301.523146644] [vision_manager cyberdog_model]: temp toml path /SDCARD/vision/body_gesture/temp/version.toml do not exist!
[INFO] [1716645301.523265814] [vision_manager cyberdog_model]: obj: 1.0/
[INFO] [1716645301.523366551] [vision_manager cyberdog_model]: obj: 1.1/
[INFO] [1716645301.523459192] [vision_manager cyberdog_model]: ftp_newest_version  is 1.1
[INFO] [1716645301.523552985] [vision_manager cyberdog_model]: nx_version  is 1.1
[INFO] [1716645301.523649082] [vision_manager cyberdog_model]: nx model version is the newest version
[INFO] [1716645301.523756475] [vision_manager cyberdog_model]: DownloadModels fuc
[INFO] [1716645301.523851580] [vision_manager cyberdog_model]: do not need download
[ERROR] [1716645301.523943165] [vision_manager cyberdog_model]: download failed or do not need download
[ERROR] [1716645301.524047390] [az1.vision_manager]: Download model from Fds fail. 
[INFO] [1716645301.524269856] [vision_manager cyberdog_model]: update models fuc begin
[INFO] [1716645301.524366657] [vision_manager cyberdog_model]: init fuc
[INFO] [1716645302.011942821] [vision_manager cyberdog_model]: face_recognition/age has 2 versions in fsd
[INFO] [1716645302.012189736] [vision_manager cyberdog_model]: read model version in toml file
[INFO] [1716645302.012338249] [vision_manager cyberdog_model]: Get_Model_Version func 
[INFO] [1716645302.025145520] [vision_manager cyberdog_model]: read key value from toml successfully
[INFO] [1716645302.028597588] [vision_manager cyberdog_model]: the model version in toml file is 1.1 
[INFO] [1716645302.050154071] [vision_manager cyberdog_model]: temp toml path /SDCARD/vision/face_recognition/age/temp/version.toml do not exist!
[INFO] [1716645302.050293752] [vision_manager cyberdog_model]: obj: 1.0/
[INFO] [1716645302.050395801] [vision_manager cyberdog_model]: obj: 1.1/
[INFO] [1716645302.050564251] [vision_manager cyberdog_model]: ftp_newest_version  is 1.1
[INFO] [1716645302.050686876] [vision_manager cyberdog_model]: nx_version  is 1.1
[INFO] [1716645302.050795581] [vision_manager cyberdog_model]: nx model version is the newest version
[INFO] [1716645302.051296195] [vision_manager cyberdog_model]: DownloadModels fuc
[INFO] [1716645302.051423012] [vision_manager cyberdog_model]: do not need download
[ERROR] [1716645302.051522597] [vision_manager cyberdog_model]: download failed or do not need download
[ERROR] [1716645302.051634470] [az1.vision_manager]: Download model from Fds fail. 
[INFO] [1716645302.051853544] [vision_manager cyberdog_model]: update models fuc begin
[INFO] [1716645302.051955785] [vision_manager cyberdog_model]: init fuc
[INFO] [1716645302.267044478] [vision_manager cyberdog_model]: face_recognition/detect has 2 versions in fsd
[INFO] [1716645302.269049619] [vision_manager cyberdog_model]: read model version in toml file
[INFO] [1716645302.269253653] [vision_manager cyberdog_model]: Get_Model_Version func 
[INFO] [1716645302.270180767] [vision_manager cyberdog_model]: read key value from toml successfully
[INFO] [1716645302.270323712] [vision_manager cyberdog_model]: the model version in toml file is 1.1 
[INFO] [1716645302.270499202] [vision_manager cyberdog_model]: temp toml path /SDCARD/vision/face_recognition/detect/temp/version.toml do not exist!
[INFO] [1716645302.316555302] [vision_manager cyberdog_model]: obj: 1.0/
[INFO] [1716645302.316708040] [vision_manager cyberdog_model]: obj: 1.1/
[INFO] [1716645302.316825833] [vision_manager cyberdog_model]: ftp_newest_version  is 1.1
[INFO] [1716645302.316932042] [vision_manager cyberdog_model]: nx_version  is 1.1
[INFO] [1716645302.317029291] [vision_manager cyberdog_model]: nx model version is the newest version
[INFO] [1716645302.317134060] [vision_manager cyberdog_model]: DownloadModels fuc
[INFO] [1716645302.317228045] [vision_manager cyberdog_model]: do not need download
[ERROR] [1716645302.317328590] [vision_manager cyberdog_model]: download failed or do not need download
[ERROR] [1716645302.317441999] [az1.vision_manager]: Download model from Fds fail. 
[INFO] [1716645302.317674962] [vision_manager cyberdog_model]: update models fuc begin
[INFO] [1716645302.317776403] [vision_manager cyberdog_model]: init fuc
[INFO] [1716645302.503041614] [vision_manager cyberdog_model]: face_recognition/emotion has 1 versions in fsd
[INFO] [1716645302.503289744] [vision_manager cyberdog_model]: read model version in toml file
[INFO] [1716645302.503446770] [vision_manager cyberdog_model]: Get_Model_Version func 
[INFO] [1716645302.508213188] [vision_manager cyberdog_model]: read key value from toml successfully
[INFO] [1716645302.508454375] [vision_manager cyberdog_model]: the model version in toml file is 1.1 
[INFO] [1716645302.517907210] [vision_manager cyberdog_model]: temp toml path /SDCARD/vision/face_recognition/emotion/temp/version.toml do not exist!
[INFO] [1716645302.518063340] [vision_manager cyberdog_model]: obj: 1.1/
[INFO] [1716645302.518169037] [vision_manager cyberdog_model]: ftp_newest_version  is 1.1
[INFO] [1716645302.518271182] [vision_manager cyberdog_model]: nx_version  is 1.1
[INFO] [1716645302.533891442] [vision_manager cyberdog_model]: nx model version is the newest version
[INFO] [1716645302.534056692] [vision_manager cyberdog_model]: DownloadModels fuc
[INFO] [1716645302.534159765] [vision_manager cyberdog_model]: do not need download
[ERROR] [1716645302.534268246] [vision_manager cyberdog_model]: download failed or do not need download
[ERROR] [1716645302.534396215] [az1.vision_manager]: Download model from Fds fail. 
[INFO] [1716645302.554784878] [vision_manager cyberdog_model]: update models fuc begin
[INFO] [1716645302.554932559] [vision_manager cyberdog_model]: init fuc
[INFO] [1716645302.861308163] [vision_manager cyberdog_model]: face_recognition/feature has 2 versions in fsd
[INFO] [1716645302.896418228] [vision_manager cyberdog_model]: read model version in toml file
[INFO] [1716645302.896721111] [vision_manager cyberdog_model]: Get_Model_Version func 
[INFO] [1716645302.897606432] [vision_manager cyberdog_model]: read key value from toml successfully
[INFO] [1716645302.897753026] [vision_manager cyberdog_model]: the model version in toml file is 1.1 
[INFO] [1716645302.897879715] [vision_manager cyberdog_model]: temp toml path /SDCARD/vision/face_recognition/feature/temp/version.toml do not exist!
[INFO] [1716645302.897999332] [vision_manager cyberdog_model]: obj: 1.1/
[INFO] [1716645302.898097093] [vision_manager cyberdog_model]: obj: 1/
[INFO] [1716645302.978872822] [vision_manager cyberdog_model]: ftp_newest_version  is 1.1
[INFO] [1716645302.979031768] [vision_manager cyberdog_model]: nx_version  is 1.1
[INFO] [1716645302.979157753] [vision_manager cyberdog_model]: nx model version is the newest version
[INFO] [1716645302.979297595] [vision_manager cyberdog_model]: DownloadModels fuc
[INFO] [1716645302.979396668] [vision_manager cyberdog_model]: do not need download
[ERROR] [1716645302.979505405] [vision_manager cyberdog_model]: download failed or do not need download
[ERROR] [1716645302.982729663] [az1.vision_manager]: Download model from Fds fail. 
[INFO] [1716645303.002608048] [vision_manager cyberdog_model]: update models fuc begin
[INFO] [1716645303.002776850] [vision_manager cyberdog_model]: init fuc
[INFO] [1716645303.292669048] [vision_manager cyberdog_model]: face_recognition/landmark has 1 versions in fsd
[INFO] [1716645303.310840375] [vision_manager cyberdog_model]: read model version in toml file
[INFO] [1716645303.311080409] [vision_manager cyberdog_model]: Get_Model_Version func 
[INFO] [1716645303.312796652] [vision_manager cyberdog_model]: read key value from toml successfully
[INFO] [1716645303.313084463] [vision_manager cyberdog_model]: the model version in toml file is 1.1 
[INFO] [1716645303.313227664] [vision_manager cyberdog_model]: temp toml path /SDCARD/vision/face_recognition/landmark/temp/version.toml do not exist!
[INFO] [1716645303.313920183] [vision_manager cyberdog_model]: obj: 1.1/
[INFO] [1716645303.314041113] [vision_manager cyberdog_model]: ftp_newest_version  is 1.1
[INFO] [1716645303.314148442] [vision_manager cyberdog_model]: nx_version  is 1.1
[INFO] [1716645303.314634015] [vision_manager cyberdog_model]: nx model version is the newest version
[INFO] [1716645303.314785504] [vision_manager cyberdog_model]: DownloadModels fuc
[INFO] [1716645303.314888609] [vision_manager cyberdog_model]: do not need download
[ERROR] [1716645303.315034627] [vision_manager cyberdog_model]: download failed or do not need download
[ERROR] [1716645303.315145092] [az1.vision_manager]: Download model from Fds fail. 
[INFO] [1716645303.315885452] [vision_manager cyberdog_model]: update models fuc begin
[INFO] [1716645306.416212545] [vision_manager cyberdog_model]: init fuc
[INFO] [1716645306.764963218] [vision_manager cyberdog_model]: keypoints_detection has 2 versions in fsd
[INFO] [1716645306.765212468] [vision_manager cyberdog_model]: read model version in toml file
[INFO] [1716645306.765371126] [vision_manager cyberdog_model]: Get_Model_Version func 
[INFO] [1716645306.868710228] [vision_manager cyberdog_model]: read key value from toml successfully
[INFO] [1716645306.868973943] [vision_manager cyberdog_model]: the model version in toml file is 1.1 
[INFO] [1716645306.869191289] [vision_manager cyberdog_model]: temp toml path /SDCARD/vision/keypoints_detection/temp/version.toml do not exist!
[INFO] [1716645306.870045570] [vision_manager cyberdog_model]: obj: 1.0/
[INFO] [1716645306.870230500] [vision_manager cyberdog_model]: obj: 1.1/
[INFO] [1716645306.870340229] [vision_manager cyberdog_model]: ftp_newest_version  is 1.1
[INFO] [1716645306.870442086] [vision_manager cyberdog_model]: nx_version  is 1.1
[INFO] [1716645306.870536871] [vision_manager cyberdog_model]: nx model version is the newest version
[INFO] [1716645306.870643688] [vision_manager cyberdog_model]: DownloadModels fuc
[INFO] [1716645306.870813642] [vision_manager cyberdog_model]: do not need download
[ERROR] [1716645306.870915307] [vision_manager cyberdog_model]: download failed or do not need download
[ERROR] [1716645306.871026700] [az1.vision_manager]: Download model from Fds fail. 
[INFO] [1716645306.871310671] [vision_manager cyberdog_model]: update models fuc begin
[INFO] [1716645306.871420048] [vision_manager cyberdog_model]: init fuc
[INFO] [1716645307.447423254] [vision_manager cyberdog_model]: person_reid has 2 versions in fsd
[INFO] [1716645307.447667544] [vision_manager cyberdog_model]: read model version in toml file
[INFO] [1716645307.447805690] [vision_manager cyberdog_model]: Get_Model_Version func 
[INFO] [1716645307.488046080] [vision_manager cyberdog_model]: read key value from toml successfully
[INFO] [1716645307.488299971] [vision_manager cyberdog_model]: the model version in toml file is 1.1 
[INFO] [1716645307.488469669] [vision_manager cyberdog_model]: temp toml path /SDCARD/vision/person_reid/temp/version.toml do not exist!
[INFO] [1716645307.488670183] [vision_manager cyberdog_model]: obj: 1.0/
[INFO] [1716645307.488778856] [vision_manager cyberdog_model]: obj: 1.1/
[INFO] [1716645307.491993834] [vision_manager cyberdog_model]: ftp_newest_version  is 1.1
[INFO] [1716645307.492387470] [vision_manager cyberdog_model]: nx_version  is 1.1
[INFO] [1716645307.492669137] [vision_manager cyberdog_model]: nx model version is the newest version
[INFO] [1716645307.492952436] [vision_manager cyberdog_model]: DownloadModels fuc
[INFO] [1716645307.493197975] [vision_manager cyberdog_model]: do not need download
[ERROR] [1716645307.493319640] [vision_manager cyberdog_model]: download failed or do not need download
[ERROR] [1716645307.497514916] [az1.vision_manager]: Download model from Fds fail. 
[INFO] [1716645307.499270134] [az1.vision_manager]: Received signal to download model. 
[INFO] [1716645307.499561946] [az1.vision_manager]: Internet is ready, begin to download model.
[INFO] [1716645307.499732219] [vision_manager cyberdog_model]: update models fuc begin
[INFO] [1716645307.499832060] [vision_manager cyberdog_model]: init fuc
[INFO] [1716645307.613304997] [vision_manager cyberdog_model]: auto_track has 2 versions in fsd
[INFO] [1716645307.613545863] [vision_manager cyberdog_model]: read model version in toml file
[INFO] [1716645307.613692105] [vision_manager cyberdog_model]: Get_Model_Version func 
[INFO] [1716645307.614601970] [vision_manager cyberdog_model]: read key value from toml successfully
[INFO] [1716645307.621266680] [vision_manager cyberdog_model]: the model version in toml file is 1.1 
[INFO] [1716645307.621569660] [vision_manager cyberdog_model]: temp toml path /SDCARD/vision/auto_track/temp/version.toml do not exist!
[INFO] [1716645307.621697597] [vision_manager cyberdog_model]: obj: 1.0/
[INFO] [1716645307.622068065] [vision_manager cyberdog_model]: obj: 1.1/
[INFO] [1716645307.622177058] [vision_manager cyberdog_model]: ftp_newest_version  is 1.1
[INFO] [1716645307.622273635] [vision_manager cyberdog_model]: nx_version  is 1.1
[INFO] [1716645307.622371876] [vision_manager cyberdog_model]: nx model version is the newest version
[INFO] [1716645307.622469445] [vision_manager cyberdog_model]: DownloadModels fuc
[INFO] [1716645307.622601671] [vision_manager cyberdog_model]: do not need download
[ERROR] [1716645307.622697320] [vision_manager cyberdog_model]: download failed or do not need download
[ERROR] [1716645307.622803017] [az1.vision_manager]: Download model from Fds fail. 
[INFO] [1716645307.623026699] [vision_manager cyberdog_model]: update models fuc begin
[INFO] [1716645307.623125836] [vision_manager cyberdog_model]: init fuc
[INFO] [1716645308.031155980] [vision_manager cyberdog_model]: body_gesture has 2 versions in fsd
[INFO] [1716645308.031402735] [vision_manager cyberdog_model]: read model version in toml file
[INFO] [1716645308.031557712] [vision_manager cyberdog_model]: Get_Model_Version func 
[INFO] [1716645308.032448666] [vision_manager cyberdog_model]: read key value from toml successfully
[INFO] [1716645308.055925776] [vision_manager cyberdog_model]: the model version in toml file is 1.1 
[INFO] [1716645308.056130322] [vision_manager cyberdog_model]: temp toml path /SDCARD/vision/body_gesture/temp/version.toml do not exist!
[INFO] [1716645308.056268500] [vision_manager cyberdog_model]: obj: 1.0/
[INFO] [1716645308.056373941] [vision_manager cyberdog_model]: obj: 1.1/
[INFO] [1716645308.056467670] [vision_manager cyberdog_model]: ftp_newest_version  is 1.1
[INFO] [1716645308.056612663] [vision_manager cyberdog_model]: nx_version  is 1.1
[INFO] [1716645308.056717017] [vision_manager cyberdog_model]: nx model version is the newest version
[INFO] [1716645308.056813882] [vision_manager cyberdog_model]: DownloadModels fuc
[INFO] [1716645308.056908731] [vision_manager cyberdog_model]: do not need download
[ERROR] [1716645308.057000316] [vision_manager cyberdog_model]: download failed or do not need download
[ERROR] [1716645308.057144637] [az1.vision_manager]: Download model from Fds fail. 
[INFO] [1716645308.066127067] [vision_manager cyberdog_model]: update models fuc begin
[INFO] [1716645308.066735586] [vision_manager cyberdog_model]: init fuc
[INFO] [1716645308.228232355] [vision_manager cyberdog_model]: face_recognition/age has 2 versions in fsd
[INFO] [1716645308.228477542] [vision_manager cyberdog_model]: read model version in toml file
[INFO] [1716645308.228691624] [vision_manager cyberdog_model]: Get_Model_Version func 
[INFO] [1716645308.230351289] [vision_manager cyberdog_model]: read key value from toml successfully
[INFO] [1716645308.230533019] [vision_manager cyberdog_model]: the model version in toml file is 1.1 
[INFO] [1716645308.230664573] [vision_manager cyberdog_model]: temp toml path /SDCARD/vision/face_recognition/age/temp/version.toml do not exist!
[INFO] [1716645308.230784446] [vision_manager cyberdog_model]: obj: 1.0/
[INFO] [1716645308.230887551] [vision_manager cyberdog_model]: obj: 1.1/
[INFO] [1716645308.230981792] [vision_manager cyberdog_model]: ftp_newest_version  is 1.1
[INFO] [1716645308.231095041] [vision_manager cyberdog_model]: nx_version  is 1.1
[INFO] [1716645308.231190242] [vision_manager cyberdog_model]: nx model version is the newest version
[INFO] [1716645308.231290371] [vision_manager cyberdog_model]: DownloadModels fuc
[INFO] [1716645308.231382308] [vision_manager cyberdog_model]: do not need download
[ERROR] [1716645308.231472325] [vision_manager cyberdog_model]: download failed or do not need download
[ERROR] [1716645308.231579398] [az1.vision_manager]: Download model from Fds fail. 
[INFO] [1716645308.231795432] [vision_manager cyberdog_model]: update models fuc begin
[INFO] [1716645308.231895082] [vision_manager cyberdog_model]: init fuc
[INFO] [1716645308.585261419] [vision_manager cyberdog_model]: face_recognition/detect has 2 versions in fsd
[INFO] [1716645308.597860559] [vision_manager cyberdog_model]: read model version in toml file
[INFO] [1716645308.598027409] [vision_manager cyberdog_model]: Get_Model_Version func 
[INFO] [1716645308.626198905] [vision_manager cyberdog_model]: read key value from toml successfully
[INFO] [1716645308.626453596] [vision_manager cyberdog_model]: the model version in toml file is 1.1 
[INFO] [1716645308.626591357] [vision_manager cyberdog_model]: temp toml path /SDCARD/vision/face_recognition/detect/temp/version.toml do not exist!
[INFO] [1716645308.626713823] [vision_manager cyberdog_model]: obj: 1.0/
[INFO] [1716645308.626867360] [vision_manager cyberdog_model]: obj: 1.1/
[INFO] [1716645308.626963553] [vision_manager cyberdog_model]: ftp_newest_version  is 1.1
[INFO] [1716645308.627058370] [vision_manager cyberdog_model]: nx_version  is 1.1
[INFO] [1716645308.627158499] [vision_manager cyberdog_model]: nx model version is the newest version
[INFO] [1716645308.627261636] [vision_manager cyberdog_model]: DownloadModels fuc
[INFO] [1716645308.637555249] [vision_manager cyberdog_model]: do not need download
[ERROR] [1716645308.639189378] [vision_manager cyberdog_model]: download failed or do not need download
[ERROR] [1716645308.642181249] [az1.vision_manager]: Download model from Fds fail. 
[INFO] [1716645308.644898846] [vision_manager cyberdog_model]: update models fuc begin
[INFO] [1716645308.645088800] [vision_manager cyberdog_model]: init fuc
[INFO] [1716645309.001458817] [vision_manager cyberdog_model]: face_recognition/emotion has 1 versions in fsd
[INFO] [1716645309.004740387] [vision_manager cyberdog_model]: read model version in toml file
[INFO] [1716645309.004969638] [vision_manager cyberdog_model]: Get_Model_Version func 
[INFO] [1716645309.006895802] [vision_manager cyberdog_model]: read key value from toml successfully
[INFO] [1716645309.007100668] [vision_manager cyberdog_model]: the model version in toml file is 1.1 
[INFO] [1716645309.007239966] [vision_manager cyberdog_model]: temp toml path /SDCARD/vision/face_recognition/emotion/temp/version.toml do not exist!
[INFO] [1716645309.007359839] [vision_manager cyberdog_model]: obj: 1.1/
[INFO] [1716645309.007496480] [vision_manager cyberdog_model]: ftp_newest_version  is 1.1
[INFO] [1716645309.007626338] [vision_manager cyberdog_model]: nx_version  is 1.1
[INFO] [1716645309.007725571] [vision_manager cyberdog_model]: nx model version is the newest version
[INFO] [1716645309.007859652] [vision_manager cyberdog_model]: DownloadModels fuc
[INFO] [1716645309.007962085] [vision_manager cyberdog_model]: do not need download
[ERROR] [1716645309.008055110] [vision_manager cyberdog_model]: download failed or do not need download
[ERROR] [1716645309.008163207] [az1.vision_manager]: Download model from Fds fail. 
[INFO] [1716645309.008371977] [vision_manager cyberdog_model]: update models fuc begin
[INFO] [1716645309.008467818] [vision_manager cyberdog_model]: init fuc
[INFO] [1716645309.343453323] [vision_manager cyberdog_model]: face_recognition/feature has 2 versions in fsd
[INFO] [1716645309.344642807] [vision_manager cyberdog_model]: read model version in toml file
[INFO] [1716645309.344830521] [vision_manager cyberdog_model]: Get_Model_Version func 
[INFO] [1716645309.347574998] [vision_manager cyberdog_model]: read key value from toml successfully
[INFO] [1716645309.347783416] [vision_manager cyberdog_model]: the model version in toml file is 1.1 
[INFO] [1716645309.347921498] [vision_manager cyberdog_model]: temp toml path /SDCARD/vision/face_recognition/feature/temp/version.toml do not exist!
[INFO] [1716645309.348056859] [vision_manager cyberdog_model]: obj: 1.1/
[INFO] [1716645309.348156060] [vision_manager cyberdog_model]: obj: 1/
[INFO] [1716645309.348362142] [vision_manager cyberdog_model]: ftp_newest_version  is 1.1
[INFO] [1716645309.348835875] [vision_manager cyberdog_model]: nx_version  is 1.1
[INFO] [1716645309.348940772] [vision_manager cyberdog_model]: nx model version is the newest version
[INFO] [1716645309.349045254] [vision_manager cyberdog_model]: DownloadModels fuc
[INFO] [1716645309.349168135] [vision_manager cyberdog_model]: do not need download
[ERROR] [1716645309.349261416] [vision_manager cyberdog_model]: download failed or do not need download
[ERROR] [1716645309.349365609] [az1.vision_manager]: Download model from Fds fail. 
[INFO] [1716645309.349592779] [vision_manager cyberdog_model]: update models fuc begin
[INFO] [1716645309.349703148] [vision_manager cyberdog_model]: init fuc
[INFO] [1716645309.503945761] [vision_manager cyberdog_model]: face_recognition/landmark has 1 versions in fsd
[INFO] [1716645309.504707497] [vision_manager cyberdog_model]: read model version in toml file
[INFO] [1716645309.504875947] [vision_manager cyberdog_model]: Get_Model_Version func 
[INFO] [1716645309.545272148] [vision_manager cyberdog_model]: read key value from toml successfully
[INFO] [1716645309.545557367] [vision_manager cyberdog_model]: the model version in toml file is 1.1 
[INFO] [1716645309.545697752] [vision_manager cyberdog_model]: temp toml path /SDCARD/vision/face_recognition/landmark/temp/version.toml do not exist!
[INFO] [1716645309.545821721] [vision_manager cyberdog_model]: obj: 1.1/
[INFO] [1716645309.545920442] [vision_manager cyberdog_model]: ftp_newest_version  is 1.1
[INFO] [1716645309.546018971] [vision_manager cyberdog_model]: nx_version  is 1.1
[INFO] [1716645309.546118013] [vision_manager cyberdog_model]: nx model version is the newest version
[INFO] [1716645309.546216862] [vision_manager cyberdog_model]: DownloadModels fuc
[INFO] [1716645309.546320191] [vision_manager cyberdog_model]: do not need download
[ERROR] [1716645309.546418144] [vision_manager cyberdog_model]: download failed or do not need download
[ERROR] [1716645309.546530817] [az1.vision_manager]: Download model from Fds fail. 
[INFO] [1716645309.546744579] [vision_manager cyberdog_model]: update models fuc begin
[INFO] [1716645309.546844580] [vision_manager cyberdog_model]: init fuc
[INFO] [1716645309.716736862] [vision_manager cyberdog_model]: keypoints_detection has 2 versions in fsd
[INFO] [1716645309.716996608] [vision_manager cyberdog_model]: read model version in toml file
[INFO] [1716645309.717177698] [vision_manager cyberdog_model]: Get_Model_Version func 
[INFO] [1716645309.718710674] [vision_manager cyberdog_model]: read key value from toml successfully
[INFO] [1716645309.718893172] [vision_manager cyberdog_model]: the model version in toml file is 1.1 
[INFO] [1716645309.719028502] [vision_manager cyberdog_model]: temp toml path /SDCARD/vision/keypoints_detection/temp/version.toml do not exist!
[INFO] [1716645309.719145335] [vision_manager cyberdog_model]: obj: 1.0/
[INFO] [1716645309.719271672] [vision_manager cyberdog_model]: obj: 1.1/
[INFO] [1716645309.719364217] [vision_manager cyberdog_model]: ftp_newest_version  is 1.1
[INFO] [1716645309.719457114] [vision_manager cyberdog_model]: nx_version  is 1.1
[INFO] [1716645309.719744829] [vision_manager cyberdog_model]: nx model version is the newest version
[INFO] [1716645309.719861278] [vision_manager cyberdog_model]: DownloadModels fuc
[INFO] [1716645309.719975072] [vision_manager cyberdog_model]: do not need download
[ERROR] [1716645309.720076641] [vision_manager cyberdog_model]: download failed or do not need download
[ERROR] [1716645309.720189986] [az1.vision_manager]: Download model from Fds fail. 
[INFO] [1716645309.720411268] [vision_manager cyberdog_model]: update models fuc begin
[INFO] [1716645309.720506629] [vision_manager cyberdog_model]: init fuc
[INFO] [1716645309.843771445] [vision_manager cyberdog_model]: person_reid has 2 versions in fsd
[INFO] [1716645309.844029495] [vision_manager cyberdog_model]: read model version in toml file
[INFO] [1716645309.844177785] [vision_manager cyberdog_model]: Get_Model_Version func 
[INFO] [1716645309.873782608] [vision_manager cyberdog_model]: read key value from toml successfully
[INFO] [1716645309.874047443] [vision_manager cyberdog_model]: the model version in toml file is 1.1 
[INFO] [1716645309.874218228] [vision_manager cyberdog_model]: temp toml path /SDCARD/vision/person_reid/temp/version.toml do not exist!
[INFO] [1716645309.874349462] [vision_manager cyberdog_model]: obj: 1.0/
[INFO] [1716645309.874456919] [vision_manager cyberdog_model]: obj: 1.1/
[INFO] [1716645309.874558968] [vision_manager cyberdog_model]: ftp_newest_version  is 1.1
[INFO] [1716645309.874662105] [vision_manager cyberdog_model]: nx_version  is 1.1
[INFO] [1716645309.874762778] [vision_manager cyberdog_model]: nx model version is the newest version
[INFO] [1716645309.874866331] [vision_manager cyberdog_model]: DownloadModels fuc
[INFO] [1716645309.874961436] [vision_manager cyberdog_model]: do not need download
[ERROR] [1716645309.875056669] [vision_manager cyberdog_model]: download failed or do not need download
[ERROR] [1716645309.875161694] [az1.vision_manager]: Download model from Fds fail. 
[INFO] [1716645327.323583746] [az1.vision_manager]: Configuring vision_manager. 
[INFO] [1716645327.328269619] [az1.vision_manager]: Create ROS object. 
[INFO] [1716645327.378788998] [az1.vision_manager]: Configure complated. 
