[INFO] [1714632906.067368271] [vision_manager cyberdog_model]: cyberdog_model Constructor
[INFO] [1714632906.067865619] [vision_manager cyberdog_model]: is_specified_version: 0
[INFO] [1714632906.068005588] [vision_manager cyberdog_model]: specified_version: 0.0
[INFO] [1714632906.068117589] [vision_manager cyberdog_model]: module_name: auto_track
[INFO] [1714632906.068240438] [vision_manager cyberdog_model]: model_dir: /SDCARD/vision/auto_track/
[INFO] [1714632906.068352663] [vision_manager cyberdog_model]: temp_download_path: /SDCARD/vision/auto_track/temp/
[INFO] [1714632906.094281182] [vision_manager cyberdog_model]: cyberdog_model Constructor
[INFO] [1714632906.094547584] [vision_manager cyberdog_model]: is_specified_version: 0
[INFO] [1714632906.094667777] [vision_manager cyberdog_model]: specified_version: 0.0
[INFO] [1714632906.094805442] [vision_manager cyberdog_model]: module_name: body_gesture
[INFO] [1714632906.094903075] [vision_manager cyberdog_model]: model_dir: /SDCARD/vision/body_gesture/
[INFO] [1714632906.161590660] [vision_manager cyberdog_model]: temp_download_path: /SDCARD/vision/body_gesture/temp/
[INFO] [1714632906.162702157] [vision_manager cyberdog_model]: cyberdog_model Constructor
[INFO] [1714632906.162872558] [vision_manager cyberdog_model]: is_specified_version: 0
[INFO] [1714632906.162974607] [vision_manager cyberdog_model]: specified_version: 0.0
[INFO] [1714632906.163090896] [vision_manager cyberdog_model]: module_name: face_recognition/age
[INFO] [1714632906.163193200] [vision_manager cyberdog_model]: model_dir: /SDCARD/vision/face_recognition/age/
[INFO] [1714632906.163299345] [vision_manager cyberdog_model]: temp_download_path: /SDCARD/vision/face_recognition/age/temp/
[INFO] [1714632906.164311193] [vision_manager cyberdog_model]: cyberdog_model Constructor
[INFO] [1714632906.164463802] [vision_manager cyberdog_model]: is_specified_version: 0
[INFO] [1714632906.164571899] [vision_manager cyberdog_model]: specified_version: 0.0
[INFO] [1714632906.164670684] [vision_manager cyberdog_model]: module_name: face_recognition/detect
[INFO] [1714632906.164767933] [vision_manager cyberdog_model]: model_dir: /SDCARD/vision/face_recognition/detect/
[INFO] [1714632906.164872669] [vision_manager cyberdog_model]: temp_download_path: /SDCARD/vision/face_recognition/detect/temp/
[INFO] [1714632906.253704809] [vision_manager cyberdog_model]: cyberdog_model Constructor
[INFO] [1714632906.254163277] [vision_manager cyberdog_model]: is_specified_version: 0
[INFO] [1714632906.254290158] [vision_manager cyberdog_model]: specified_version: 0.0
[INFO] [1714632906.254388494] [vision_manager cyberdog_model]: module_name: face_recognition/emotion
[INFO] [1714632906.254490191] [vision_manager cyberdog_model]: model_dir: /SDCARD/vision/face_recognition/emotion/
[INFO] [1714632906.254594608] [vision_manager cyberdog_model]: temp_download_path: /SDCARD/vision/face_recognition/emotion/temp/
[INFO] [1714632906.256966306] [vision_manager cyberdog_model]: cyberdog_model Constructor
[INFO] [1714632906.257172676] [vision_manager cyberdog_model]: is_specified_version: 0
[INFO] [1714632906.257284037] [vision_manager cyberdog_model]: specified_version: 0.0
[INFO] [1714632906.257379653] [vision_manager cyberdog_model]: module_name: face_recognition/feature
[INFO] [1714632906.257531942] [vision_manager cyberdog_model]: model_dir: /SDCARD/vision/face_recognition/feature/
[INFO] [1714632906.257782184] [vision_manager cyberdog_model]: temp_download_path: /SDCARD/vision/face_recognition/feature/temp/
[INFO] [1714632906.308685520] [vision_manager cyberdog_model]: cyberdog_model Constructor
[INFO] [1714632906.308945586] [vision_manager cyberdog_model]: is_specified_version: 0
[INFO] [1714632906.309059123] [vision_manager cyberdog_model]: specified_version: 0.0
[INFO] [1714632906.309157780] [vision_manager cyberdog_model]: module_name: face_recognition/landmark
[INFO] [1714632906.309269717] [vision_manager cyberdog_model]: model_dir: /SDCARD/vision/face_recognition/landmark/
[INFO] [1714632906.309378517] [vision_manager cyberdog_model]: temp_download_path: /SDCARD/vision/face_recognition/landmark/temp/
[INFO] [1714632906.367093010] [vision_manager cyberdog_model]: cyberdog_model Constructor
[INFO] [1714632906.367273811] [vision_manager cyberdog_model]: is_specified_version: 0
[INFO] [1714632906.367381364] [vision_manager cyberdog_model]: specified_version: 0.0
[INFO] [1714632906.367477365] [vision_manager cyberdog_model]: module_name: keypoints_detection
[INFO] [1714632906.367577941] [vision_manager cyberdog_model]: model_dir: /SDCARD/vision/keypoints_detection/
[INFO] [1714632906.367680982] [vision_manager cyberdog_model]: temp_download_path: /SDCARD/vision/keypoints_detection/temp/
[INFO] [1714632906.368635358] [vision_manager cyberdog_model]: cyberdog_model Constructor
[INFO] [1714632906.368769855] [vision_manager cyberdog_model]: is_specified_version: 0
[INFO] [1714632906.368870239] [vision_manager cyberdog_model]: specified_version: 0.0
[INFO] [1714632906.368965280] [vision_manager cyberdog_model]: module_name: person_reid
[INFO] [1714632906.369070561] [vision_manager cyberdog_model]: model_dir: /SDCARD/vision/person_reid/
[INFO] [1714632906.369176898] [vision_manager cyberdog_model]: temp_download_path: /SDCARD/vision/person_reid/temp/
[INFO] [1714632906.457637354] [az1.vision_manager]: Vision manager constructor complated.
[INFO] [1714632908.790256778] [az1.vision_manager]: Received signal to download model. 
[ERROR] [1714632908.814129122] [az1.vision_manager]: Internet is not ready will not download. 
[INFO] [1714632909.949123009] [az1.vision_manager]: Received signal to download model. 
[ERROR] [1714632909.949535684] [az1.vision_manager]: Internet is not ready will not download. 
[INFO] [1714632910.789853319] [az1.vision_manager]: Received signal to download model. 
[ERROR] [1714632910.791335570] [az1.vision_manager]: Internet is not ready will not download. 
[INFO] [1714632911.791896743] [az1.vision_manager]: Received signal to download model. 
[ERROR] [1714632911.792253673] [az1.vision_manager]: Internet is not ready will not download. 
[INFO] [1714632912.788960000] [az1.vision_manager]: Received signal to download model. 
[ERROR] [1714632912.789324771] [az1.vision_manager]: Internet is not ready will not download. 
[INFO] [1714632913.787639846] [az1.vision_manager]: Received signal to download model. 
[ERROR] [1714632913.788011081] [az1.vision_manager]: Internet is not ready will not download. 
[INFO] [1714632914.789153857] [az1.vision_manager]: Received signal to download model. 
[ERROR] [1714632914.794743724] [az1.vision_manager]: Internet is not ready will not download. 
[INFO] [1714632915.788265738] [az1.vision_manager]: Received signal to download model. 
[ERROR] [1714632915.803503488] [az1.vision_manager]: Internet is not ready will not download. 
[INFO] [1714632916.792777629] [az1.vision_manager]: Received signal to download model. 
[ERROR] [1714632916.793122624] [az1.vision_manager]: Internet is not ready will not download. 
[INFO] [1714632917.823385817] [az1.vision_manager]: Received signal to download model. 
[ERROR] [1714632917.823738203] [az1.vision_manager]: Internet is not ready will not download. 
[INFO] [1714632918.788045593] [az1.vision_manager]: Received signal to download model. 
[ERROR] [1714632918.790084968] [az1.vision_manager]: Internet is not ready will not download. 
[INFO] [1714632919.793239216] [az1.vision_manager]: Received signal to download model. 
[ERROR] [1714632919.794733212] [az1.vision_manager]: Internet is not ready will not download. 
[INFO] [1714632920.798120806] [az1.vision_manager]: Received signal to download model. 
[ERROR] [1714632920.802303526] [az1.vision_manager]: Internet is not ready will not download. 
[INFO] [1714632964.798873012] [az1.vision_manager]: Received signal to download model. 
[INFO] [1714632964.799193686] [az1.vision_manager]: Internet is ready, begin to download model.
[INFO] [1714632964.799394808] [vision_manager cyberdog_model]: update models fuc begin
[INFO] [1714632964.799507192] [vision_manager cyberdog_model]: init fuc
[INFO] [1714632968.968916848] [az1.vision_manager]: Configuring vision_manager. 
[INFO] [1714632968.971180225] [az1.vision_manager]: Create ROS object. 
[INFO] [1714632969.016478494] [az1.vision_manager]: Configure complated. 
[ERROR] [1714632974.816934046] [vision_manager FdsImpl]: Host not found
[INFO] [1714632974.817210336] [vision_manager cyberdog_model]: can not get model version from fds,please checkout network is fine
[ERROR] [1714632974.817675972] [vision_manager cyberdog_model]: Init failed
[ERROR] [1714632974.817819077] [az1.vision_manager]: Download model from Fds fail. 
[INFO] [1714632974.819680051] [vision_manager cyberdog_model]: update models fuc begin
[INFO] [1714632974.821791811] [vision_manager cyberdog_model]: init fuc
[ERROR] [1714632984.831362540] [vision_manager FdsImpl]: Host not found
[INFO] [1714632984.831619598] [vision_manager cyberdog_model]: can not get model version from fds,please checkout network is fine
[ERROR] [1714632984.831776176] [vision_manager cyberdog_model]: Init failed
[ERROR] [1714632984.832493909] [az1.vision_manager]: Download model from Fds fail. 
[INFO] [1714632984.832745687] [vision_manager cyberdog_model]: update models fuc begin
[INFO] [1714632984.832874936] [vision_manager cyberdog_model]: init fuc
[ERROR] [1714632994.846832227] [vision_manager FdsImpl]: Host not found
[INFO] [1714632994.848945683] [vision_manager cyberdog_model]: can not get model version from fds,please checkout network is fine
[ERROR] [1714632994.849097172] [vision_manager cyberdog_model]: Init failed
[ERROR] [1714632994.849254261] [az1.vision_manager]: Download model from Fds fail. 
[INFO] [1714632994.849484759] [vision_manager cyberdog_model]: update models fuc begin
[INFO] [1714632994.849590136] [vision_manager cyberdog_model]: init fuc
[ERROR] [1714633004.860322634] [vision_manager FdsImpl]: Host not found
[INFO] [1714633004.860622572] [vision_manager cyberdog_model]: can not get model version from fds,please checkout network is fine
[ERROR] [1714633004.860771661] [vision_manager cyberdog_model]: Init failed
[ERROR] [1714633004.860878510] [az1.vision_manager]: Download model from Fds fail. 
[INFO] [1714633004.861099184] [vision_manager cyberdog_model]: update models fuc begin
[INFO] [1714633004.861201969] [vision_manager cyberdog_model]: init fuc
[INFO] [1714633046.265817608] [vision_manager cyberdog_model]: face_recognition/emotion has 1 versions in fsd
[INFO] [1714633046.266108778] [vision_manager cyberdog_model]: read model version in toml file
[INFO] [1714633046.266342540] [vision_manager cyberdog_model]: Get_Model_Version func 
[INFO] [1714633046.271727382] [vision_manager cyberdog_model]: read key value from toml successfully
[INFO] [1714633046.271988376] [vision_manager cyberdog_model]: the model version in toml file is 1.1 
[INFO] [1714633046.272186041] [vision_manager cyberdog_model]: temp toml path /SDCARD/vision/face_recognition/emotion/temp/version.toml do not exist!
[INFO] [1714633046.272333850] [vision_manager cyberdog_model]: obj: 1.1/
[INFO] [1714633046.272512988] [vision_manager cyberdog_model]: ftp_newest_version  is 1.1
[INFO] [1714633046.272630653] [vision_manager cyberdog_model]: nx_version  is 1.1
[INFO] [1714633046.272738173] [vision_manager cyberdog_model]: nx model version is the newest version
[INFO] [1714633046.272909567] [vision_manager cyberdog_model]: DownloadModels fuc
[INFO] [1714633046.273015264] [vision_manager cyberdog_model]: do not need download
[ERROR] [1714633046.273123040] [vision_manager cyberdog_model]: download failed or do not need download
[ERROR] [1714633046.273272834] [az1.vision_manager]: Download model from Fds fail. 
[INFO] [1714633046.273528260] [vision_manager cyberdog_model]: update models fuc begin
[INFO] [1714633046.273626948] [vision_manager cyberdog_model]: init fuc
[INFO] [1714633138.898608535] [vision_manager cyberdog_model]: face_recognition/feature has 2 versions in fsd
[INFO] [1714633138.898963910] [vision_manager cyberdog_model]: read model version in toml file
[INFO] [1714633138.899137023] [vision_manager cyberdog_model]: Get_Model_Version func 
[INFO] [1714633138.902481445] [vision_manager cyberdog_model]: read key value from toml successfully
[INFO] [1714633138.902740362] [vision_manager cyberdog_model]: the model version in toml file is 1.1 
[INFO] [1714633138.903271697] [vision_manager cyberdog_model]: temp toml path /SDCARD/vision/face_recognition/feature/temp/version.toml do not exist!
[INFO] [1714633138.903531382] [vision_manager cyberdog_model]: obj: 1.1/
[INFO] [1714633138.903672342] [vision_manager cyberdog_model]: obj: 1/
[INFO] [1714633138.903842479] [vision_manager cyberdog_model]: ftp_newest_version  is 1.1
[INFO] [1714633138.904001035] [vision_manager cyberdog_model]: nx_version  is 1.1
[INFO] [1714633138.904135660] [vision_manager cyberdog_model]: nx model version is the newest version
[INFO] [1714633138.904278796] [vision_manager cyberdog_model]: DownloadModels fuc
[INFO] [1714633138.904451748] [vision_manager cyberdog_model]: do not need download
[ERROR] [1714633138.904570729] [vision_manager cyberdog_model]: download failed or do not need download
[ERROR] [1714633138.904716360] [az1.vision_manager]: Download model from Fds fail. 
[INFO] [1714633138.905050076] [vision_manager cyberdog_model]: update models fuc begin
[INFO] [1714633138.905161859] [vision_manager cyberdog_model]: init fuc
[INFO] [1714633149.639092264] [vision_manager cyberdog_model]: face_recognition/landmark has 1 versions in fsd
[INFO] [1714633149.639444536] [vision_manager cyberdog_model]: read model version in toml file
[INFO] [1714633149.639715994] [vision_manager cyberdog_model]: Get_Model_Version func 
[INFO] [1714633149.648297560] [vision_manager cyberdog_model]: read key value from toml successfully
[INFO] [1714633149.648537729] [vision_manager cyberdog_model]: the model version in toml file is 1.1 
[INFO] [1714633149.648745842] [vision_manager cyberdog_model]: temp toml path /SDCARD/vision/face_recognition/landmark/temp/version.toml do not exist!
[INFO] [1714633149.648875860] [vision_manager cyberdog_model]: obj: 1.1/
[INFO] [1714633149.648984315] [vision_manager cyberdog_model]: ftp_newest_version  is 1.1
[INFO] [1714633149.649082021] [vision_manager cyberdog_model]: nx_version  is 1.1
[INFO] [1714633149.649257565] [vision_manager cyberdog_model]: nx model version is the newest version
[INFO] [1714633149.649373251] [vision_manager cyberdog_model]: DownloadModels fuc
[INFO] [1714633149.649471181] [vision_manager cyberdog_model]: do not need download
[ERROR] [1714633149.649567830] [vision_manager cyberdog_model]: download failed or do not need download
[ERROR] [1714633149.649682428] [az1.vision_manager]: Download model from Fds fail. 
[INFO] [1714633149.649940482] [vision_manager cyberdog_model]: update models fuc begin
[INFO] [1714633149.650034860] [vision_manager cyberdog_model]: init fuc
[INFO] [1714633168.974957048] [vision_manager cyberdog_model]: keypoints_detection has 2 versions in fsd
[INFO] [1714633168.975276407] [vision_manager cyberdog_model]: read model version in toml file
[INFO] [1714633168.975537675] [vision_manager cyberdog_model]: Get_Model_Version func 
[INFO] [1714633168.982918883] [vision_manager cyberdog_model]: read key value from toml successfully
[INFO] [1714633168.983311201] [vision_manager cyberdog_model]: the model version in toml file is 1.1 
[INFO] [1714633168.983660549] [vision_manager cyberdog_model]: temp toml path /SDCARD/vision/keypoints_detection/temp/version.toml do not exist!
[INFO] [1714633168.985455792] [vision_manager cyberdog_model]: obj: 1.0/
[INFO] [1714633168.985734581] [vision_manager cyberdog_model]: obj: 1.1/
[INFO] [1714633168.985946773] [vision_manager cyberdog_model]: ftp_newest_version  is 1.1
[INFO] [1714633168.987301742] [vision_manager cyberdog_model]: nx_version  is 1.1
[INFO] [1714633168.987481611] [vision_manager cyberdog_model]: nx model version is the newest version
[INFO] [1714633168.987801706] [vision_manager cyberdog_model]: DownloadModels fuc
[INFO] [1714633168.988077138] [vision_manager cyberdog_model]: do not need download
[ERROR] [1714633168.988231910] [vision_manager cyberdog_model]: download failed or do not need download
[ERROR] [1714633168.989239288] [az1.vision_manager]: Download model from Fds fail. 
[INFO] [1714633168.991778244] [vision_manager cyberdog_model]: update models fuc begin
[INFO] [1714633168.992054890] [vision_manager cyberdog_model]: init fuc
[ERROR] [1714633199.004581742] [vision_manager FdsImpl]: Timeout
[INFO] [1714633199.004850749] [vision_manager cyberdog_model]: can not get model version from fds,please checkout network is fine
[ERROR] [1714633199.005018123] [vision_manager cyberdog_model]: Init failed
[ERROR] [1714633199.006897335] [az1.vision_manager]: Download model from Fds fail. 
