1716383744.7963469 [INFO] [launch]: All log files can be found below /home/mi/.ros/log/2024-05-22-21-15-44-778156-mi-desktop-8900
1716383744.7983456 [INFO] [launch]: Default logging verbosity is set to INFO
1716383744.8822834 [INFO] [launch.user]: mi 正在初始化 launch ...
1716383744.8837121 [INFO] [launch.user]: 正在加载 launch 文件:/opt/ros2/cyberdog/share/cyberdog_bringup/launch/base.launch.py
1716383747.0539627 [INFO] [launch.user]: mi 正在初始化 base launch ...
1716383747.1177759 [INFO] [launch.user]: 正在加载 launch 文件:/opt/ros2/cyberdog/share/navigation_bringup/launch/navigation.launch.py
1716383747.1708720 [INFO] [launch.user]: navigation sleep ...
1716383749.6886415 [INFO] [cyberdog_vp_engine-12]: process started with pid [9278]
1716383749.7339289 [INFO] [stereo_camera-20]: process started with pid [9391]
1716383749.8145514 [INFO] [connector-1]: process started with pid [9195]
1716383749.8371701 [INFO] [cyberdog_audio-2]: process started with pid [9196]
1716383749.8380437 [INFO] [device_manager-3]: process started with pid [9197]
1716383749.8386331 [INFO] [sensor_manager-4]: process started with pid [9198]
1716383749.8391504 [INFO] [motion_manager-5]: process started with pid [9201]
1716383749.8396170 [INFO] [realsense2_actuator_node-6]: process started with pid [9203]
1716383749.8897262 [INFO] [cyberdog_manager-7]: process started with pid [9204]
1716383749.8956146 [INFO] [odom_out_publisher-8]: process started with pid [9212]
1716383749.8963428 [INFO] [motor_bridge-9]: process started with pid [9216]
1716383749.8968410 [INFO] [app_server-10]: process started with pid [9230]
1716383749.8972857 [INFO] [bes_transmit_waiter-11]: process started with pid [9246]
1716383749.8978686 [INFO] [cyberdog_face-13]: process started with pid [9288]
1716383749.8982649 [INFO] [cyberdog_action-14]: process started with pid [9334]
1716383749.8987029 [INFO] [cyberdog_interactive-15]: process started with pid [9343]
1716383749.8991883 [INFO] [cyberdog_train-16]: process started with pid [9346]
1716383749.9051299 [INFO] [cyberdog_ai_sports-17]: process started with pid [9352]
1716383749.9072006 [INFO] [camera_server-18]: process started with pid [9365]
1716383749.9081159 [INFO] [vision_manager-19]: process started with pid [9381]
1716383754.7009614 [vision_manager-19] [INFO] [1716383754.512241221] [vision_manager cyberdog_model]: cyberdog_model Constructor
1716383754.7015672 [vision_manager-19] [INFO] [1716383754.512708621] [vision_manager cyberdog_model]: is_specified_version: 0
1716383754.7019606 [vision_manager-19] [INFO] [1716383754.512832271] [vision_manager cyberdog_model]: specified_version: 0.0
1716383754.7022681 [vision_manager-19] [INFO] [1716383754.512932625] [vision_manager cyberdog_model]: module_name: auto_track
1716383754.7025604 [vision_manager-19] [INFO] [1716383754.513026578] [vision_manager cyberdog_model]: model_dir: /SDCARD/vision/auto_track/
1716383754.8291132 [vision_manager-19] [INFO] [1716383754.513129204] [vision_manager cyberdog_model]: temp_download_path: /SDCARD/vision/auto_track/temp/
1716383754.8370495 [vision_manager-19] [INFO] [1716383754.514158470] [vision_manager cyberdog_model]: cyberdog_model Constructor
1716383754.8375757 [vision_manager-19] [INFO] [1716383754.557064148] [vision_manager cyberdog_model]: is_specified_version: 0
1716383754.8379102 [vision_manager-19] [INFO] [1716383754.557230646] [vision_manager cyberdog_model]: specified_version: 0.0
1716383754.8382249 [vision_manager-19] [INFO] [1716383754.557331576] [vision_manager cyberdog_model]: module_name: body_gesture
1716383754.8385608 [vision_manager-19] [INFO] [1716383754.557427738] [vision_manager cyberdog_model]: model_dir: /SDCARD/vision/body_gesture/
1716383754.8388493 [vision_manager-19] [INFO] [1716383754.557529628] [vision_manager cyberdog_model]: temp_download_path: /SDCARD/vision/body_gesture/temp/
1716383754.8391185 [vision_manager-19] [INFO] [1716383754.565260323] [vision_manager cyberdog_model]: cyberdog_model Constructor
1716383754.8393891 [vision_manager-19] [INFO] [1716383754.591313866] [vision_manager cyberdog_model]: is_specified_version: 0
1716383754.9313107 [vision_manager-19] [INFO] [1716383754.591581230] [vision_manager cyberdog_model]: specified_version: 0.0
1716383754.9320638 [vision_manager-19] [INFO] [1716383754.594026745] [vision_manager cyberdog_model]: module_name: face_recognition/age
1716383754.9324787 [vision_manager-19] [INFO] [1716383754.594202556] [vision_manager cyberdog_model]: model_dir: /SDCARD/vision/face_recognition/age/
1716383754.9642022 [vision_manager-19] [INFO] [1716383754.594328158] [vision_manager cyberdog_model]: temp_download_path: /SDCARD/vision/face_recognition/age/temp/
1716383754.9916153 [vision_manager-19] [INFO] [1716383754.595365456] [vision_manager cyberdog_model]: cyberdog_model Constructor
1716383755.0104551 [vision_manager-19] [INFO] [1716383754.595523667] [vision_manager cyberdog_model]: is_specified_version: 0
1716383755.0186617 [vision_manager-19] [INFO] [1716383754.595672598] [vision_manager cyberdog_model]: specified_version: 0.0
1716383755.0192189 [vision_manager-19] [INFO] [1716383754.595783832] [vision_manager cyberdog_model]: module_name: face_recognition/detect
1716383755.0257320 [vision_manager-19] [INFO] [1716383754.595886457] [vision_manager cyberdog_model]: model_dir: /SDCARD/vision/face_recognition/detect/
1716383755.0361969 [vision_manager-19] [INFO] [1716383754.595998139] [vision_manager cyberdog_model]: temp_download_path: /SDCARD/vision/face_recognition/detect/temp/
1716383755.1563876 [vision_manager-19] [INFO] [1716383754.596953964] [vision_manager cyberdog_model]: cyberdog_model Constructor
1716383755.1585493 [vision_manager-19] [INFO] [1716383754.597105263] [vision_manager cyberdog_model]: is_specified_version: 0
1716383755.1603072 [vision_manager-19] [INFO] [1716383754.597209169] [vision_manager cyberdog_model]: specified_version: 0.0
1716383755.1609731 [vision_manager-19] [INFO] [1716383754.597304306] [vision_manager cyberdog_model]: module_name: face_recognition/emotion
1716383755.1613524 [vision_manager-19] [INFO] [1716383754.597401780] [vision_manager cyberdog_model]: model_dir: /SDCARD/vision/face_recognition/emotion/
1716383755.1673529 [vision_manager-19] [INFO] [1716383754.597507094] [vision_manager cyberdog_model]: temp_download_path: /SDCARD/vision/face_recognition/emotion/temp/
1716383755.1678581 [vision_manager-19] [INFO] [1716383754.598383173] [vision_manager cyberdog_model]: cyberdog_model Constructor
1716383755.1681747 [vision_manager-19] [INFO] [1716383754.598537128] [vision_manager cyberdog_model]: is_specified_version: 0
1716383755.1684668 [vision_manager-19] [INFO] [1716383754.598637738] [vision_manager cyberdog_model]: specified_version: 0.0
1716383755.1687288 [vision_manager-19] [INFO] [1716383754.598732235] [vision_manager cyberdog_model]: module_name: face_recognition/feature
1716383755.1720762 [vision_manager-19] [INFO] [1716383754.598834093] [vision_manager cyberdog_model]: model_dir: /SDCARD/vision/face_recognition/feature/
1716383755.1729457 [vision_manager-19] [INFO] [1716383754.598936271] [vision_manager cyberdog_model]: temp_download_path: /SDCARD/vision/face_recognition/feature/temp/
1716383755.1743131 [vision_manager-19] [INFO] [1716383754.621656188] [vision_manager cyberdog_model]: cyberdog_model Constructor
1716383755.1758661 [vision_manager-19] [INFO] [1716383754.621902272] [vision_manager cyberdog_model]: is_specified_version: 0
1716383755.1762595 [vision_manager-19] [INFO] [1716383754.622023618] [vision_manager cyberdog_model]: specified_version: 0.0
1716383755.1765656 [vision_manager-19] [INFO] [1716383754.622122468] [vision_manager cyberdog_model]: module_name: face_recognition/landmark
1716383755.1800277 [vision_manager-19] [INFO] [1716383754.622224453] [vision_manager cyberdog_model]: model_dir: /SDCARD/vision/face_recognition/landmark/
1716383755.1808004 [vision_manager-19] [INFO] [1716383754.622540779] [vision_manager cyberdog_model]: temp_download_path: /SDCARD/vision/face_recognition/landmark/temp/
1716383755.1819167 [vision_manager-19] [INFO] [1716383754.623582685] [vision_manager cyberdog_model]: cyberdog_model Constructor
1716383755.1871793 [vision_manager-19] [INFO] [1716383754.623772960] [vision_manager cyberdog_model]: is_specified_version: 0
1716383755.2041738 [vision_manager-19] [INFO] [1716383754.627748454] [vision_manager cyberdog_model]: specified_version: 0.0
1716383755.2046990 [vision_manager-19] [INFO] [1716383754.627953737] [vision_manager cyberdog_model]: module_name: keypoints_detection
1716383755.2072196 [vision_manager-19] [INFO] [1716383754.628076236] [vision_manager cyberdog_model]: model_dir: /SDCARD/vision/keypoints_detection/
1716383755.2082074 [vision_manager-19] [INFO] [1716383754.628183726] [vision_manager cyberdog_model]: temp_download_path: /SDCARD/vision/keypoints_detection/temp/
1716383755.2097387 [vision_manager-19] [INFO] [1716383754.629187519] [vision_manager cyberdog_model]: cyberdog_model Constructor
1716383755.2100563 [vision_manager-19] [INFO] [1716383754.629326305] [vision_manager cyberdog_model]: is_specified_version: 0
1716383755.2103794 [vision_manager-19] [INFO] [1716383754.629428931] [vision_manager cyberdog_model]: specified_version: 0.0
1716383755.2106564 [vision_manager-19] [INFO] [1716383754.629523461] [vision_manager cyberdog_model]: module_name: person_reid
1716383755.2109244 [vision_manager-19] [INFO] [1716383754.629616871] [vision_manager cyberdog_model]: model_dir: /SDCARD/vision/person_reid/
1716383755.2249713 [vision_manager-19] [INFO] [1716383754.629717096] [vision_manager cyberdog_model]: temp_download_path: /SDCARD/vision/person_reid/temp/
1716383755.2818744 [vision_manager-19] [INFO] [1716383754.825006875] [az1.vision_manager]: Vision manager constructor complated.
1716383756.6143959 [camera_server-18] [INFO] [1716383756.612809712] [MainCameraNode]: CameraServerNode: Creating node camera_server.
1716383757.5684752 [camera_server-18] [INFO] [1716383757.566967400] [uninitialized WebRTCManager]: WebRTCManager has been created
1716383757.5740154 [camera_server-18] [INFO] [1716383757.567369295] [CameraContext]: initialize: initialize
1716383757.5792816 [camera_server-18] [INFO] [1716383757.567875511] [MainCameraNode]: on_configure: camera_server Configuring
1716383757.5857337 [camera_server-18] [INFO] [1716383757.573431672] [CameraContext]: createSession: createSession
1716383757.5903347 [camera_server-18] [INFO] [1716383757.573854560] [MainCameraNode]: on_activate: camera_server Activating
1716383757.8245032 [vision_manager-19] [INFO] [1716383757.794238024] [az1.vision_manager]: Received signal to download model. 
1716383757.8269083 [vision_manager-19] [ERROR] [1716383757.794637103] [az1.vision_manager]: Internet is not ready will not download. 
1716383759.5096657 [INFO] [launch.user]: navigation launch nav2_base
1716383761.1392941 [INFO] [controller_server-21]: process started with pid [10268]
1716383761.1412468 [INFO] [planner_server-22]: process started with pid [10269]
1716383761.1422982 [INFO] [bt_navigator_pose-23]: process started with pid [10272]
1716383761.1432254 [INFO] [recoveries_server-24]: process started with pid [10277]
1716383761.4185348 [vision_manager-19] [INFO] [1716383759.984423537] [az1.vision_manager]: Received signal to download model. 
1716383761.4190965 [vision_manager-19] [INFO] [1716383759.994744293] [az1.vision_manager]: Internet is ready, begin to download model.
1716383761.4194655 [vision_manager-19] [INFO] [1716383759.994945545] [vision_manager cyberdog_model]: update models fuc begin
1716383761.4198499 [vision_manager-19] [INFO] [1716383759.995049195] [vision_manager cyberdog_model]: init fuc
1716383761.4201794 [vision_manager-19] [INFO] [1716383760.151553368] [vision_manager cyberdog_model]: auto_track has 2 versions in fsd
1716383761.4204857 [vision_manager-19] [INFO] [1716383760.151895998] [vision_manager cyberdog_model]: read model version in toml file
1716383761.4216557 [vision_manager-19] [INFO] [1716383760.152053441] [vision_manager cyberdog_model]: Get_Model_Version func 
1716383761.4224014 [vision_manager-19] [INFO] [1716383760.155400315] [vision_manager cyberdog_model]: read key value from toml successfully
1716383761.4227805 [vision_manager-19] [INFO] [1716383760.155774114] [vision_manager cyberdog_model]: the model version in toml file is 1.1 
1716383761.4241357 [vision_manager-19] [INFO] [1716383760.155957637] [vision_manager cyberdog_model]: temp toml path /SDCARD/vision/auto_track/temp/version.toml do not exist!
1716383761.4249837 [vision_manager-19] [INFO] [1716383760.156084583] [vision_manager cyberdog_model]: obj: 1.0/
1716383761.4255457 [vision_manager-19] [INFO] [1716383760.156191881] [vision_manager cyberdog_model]: obj: 1.1/
1716383761.4258921 [vision_manager-19] [INFO] [1716383760.156363724] [vision_manager cyberdog_model]: ftp_newest_version  is 1.1
1716383761.4264524 [vision_manager-19] [INFO] [1716383760.156477678] [vision_manager cyberdog_model]: nx_version  is 1.1
1716383761.4269512 [vision_manager-19] [INFO] [1716383760.156574192] [vision_manager cyberdog_model]: nx model version is the newest version
1716383761.4279740 [vision_manager-19] [INFO] [1716383760.156685874] [vision_manager cyberdog_model]: DownloadModels fuc
1716383761.4305658 [vision_manager-19] [INFO] [1716383760.156852596] [vision_manager cyberdog_model]: do not need download
1716383761.4313383 [vision_manager-19] [ERROR] [1716383760.156953078] [vision_manager cyberdog_model]: download failed or do not need download
1716383761.4324911 [vision_manager-19] [ERROR] [1716383760.157063096] [az1.vision_manager]: Download model from Fds fail. 
1716383761.4332244 [vision_manager-19] [INFO] [1716383760.157294844] [vision_manager cyberdog_model]: update models fuc begin
1716383761.4346614 [vision_manager-19] [INFO] [1716383760.157395806] [vision_manager cyberdog_model]: init fuc
1716383761.4352863 [vision_manager-19] [INFO] [1716383760.273539370] [vision_manager cyberdog_model]: body_gesture has 2 versions in fsd
1716383761.4360487 [vision_manager-19] [INFO] [1716383760.273787887] [vision_manager cyberdog_model]: read model version in toml file
1716383761.4363763 [vision_manager-19] [INFO] [1716383760.273953809] [vision_manager cyberdog_model]: Get_Model_Version func 
1716383761.4370732 [vision_manager-19] [INFO] [1716383760.278724101] [vision_manager cyberdog_model]: read key value from toml successfully
1716383761.4377952 [vision_manager-19] [INFO] [1716383760.278956169] [vision_manager cyberdog_model]: the model version in toml file is 1.1 
1716383761.4381332 [vision_manager-19] [INFO] [1716383760.279226190] [vision_manager cyberdog_model]: temp toml path /SDCARD/vision/body_gesture/temp/version.toml do not exist!
1716383761.4392521 [vision_manager-19] [INFO] [1716383760.279355696] [vision_manager cyberdog_model]: obj: 1.0/
1716383761.4410203 [vision_manager-19] [INFO] [1716383760.279462994] [vision_manager cyberdog_model]: obj: 1.1/
1716383761.4414046 [vision_manager-19] [INFO] [1716383760.279992507] [vision_manager cyberdog_model]: ftp_newest_version  is 1.1
1716383761.4417212 [vision_manager-19] [INFO] [1716383760.280098141] [vision_manager cyberdog_model]: nx_version  is 1.1
1716383761.4420216 [vision_manager-19] [INFO] [1716383760.280296192] [vision_manager cyberdog_model]: nx model version is the newest version
1716383761.4423006 [vision_manager-19] [INFO] [1716383760.280454531] [vision_manager cyberdog_model]: DownloadModels fuc
1716383761.4425662 [vision_manager-19] [INFO] [1716383760.280552389] [vision_manager cyberdog_model]: do not need download
1716383761.4428618 [vision_manager-19] [ERROR] [1716383760.280643846] [vision_manager cyberdog_model]: download failed or do not need download
1716383761.4431632 [vision_manager-19] [ERROR] [1716383760.280751944] [az1.vision_manager]: Download model from Fds fail. 
1716383761.4434252 [vision_manager-19] [INFO] [1716383760.280994348] [vision_manager cyberdog_model]: update models fuc begin
1716383761.4442377 [vision_manager-19] [INFO] [1716383760.281094894] [vision_manager cyberdog_model]: init fuc
1716383761.4449449 [vision_manager-19] [INFO] [1716383760.383316615] [vision_manager cyberdog_model]: face_recognition/age has 2 versions in fsd
1716383761.4456797 [vision_manager-19] [INFO] [1716383760.383550155] [vision_manager cyberdog_model]: read model version in toml file
1716383761.4465926 [vision_manager-19] [INFO] [1716383760.383799888] [vision_manager cyberdog_model]: Get_Model_Version func 
1716383761.4475605 [vision_manager-19] [INFO] [1716383760.388564611] [vision_manager cyberdog_model]: read key value from toml successfully
1716383761.4480209 [vision_manager-19] [INFO] [1716383760.388791335] [vision_manager cyberdog_model]: the model version in toml file is 1.1 
1716383761.4483337 [vision_manager-19] [INFO] [1716383760.388966794] [vision_manager cyberdog_model]: temp toml path /SDCARD/vision/face_recognition/age/temp/version.toml do not exist!
1716383761.4486535 [vision_manager-19] [INFO] [1716383760.389092140] [vision_manager cyberdog_model]: obj: 1.0/
1716383761.4490516 [vision_manager-19] [INFO] [1716383760.389213198] [vision_manager cyberdog_model]: obj: 1.1/
1716383761.4522245 [vision_manager-19] [INFO] [1716383760.389312272] [vision_manager cyberdog_model]: ftp_newest_version  is 1.1
1716383761.4555259 [vision_manager-19] [INFO] [1716383760.389439730] [vision_manager cyberdog_model]: nx_version  is 1.1
1716383761.4582641 [vision_manager-19] [INFO] [1716383760.389538740] [vision_manager cyberdog_model]: nx model version is the newest version
1716383761.4586914 [vision_manager-19] [INFO] [1716383760.389636598] [vision_manager cyberdog_model]: DownloadModels fuc
1716383761.4594278 [vision_manager-19] [INFO] [1716383760.389729847] [vision_manager cyberdog_model]: do not need download
1716383761.4601719 [vision_manager-19] [ERROR] [1716383760.389821753] [vision_manager cyberdog_model]: download failed or do not need download
1716383761.4605830 [vision_manager-19] [ERROR] [1716383760.389927643] [az1.vision_manager]: Download model from Fds fail. 
1716383761.4609485 [vision_manager-19] [INFO] [1716383760.390543846] [vision_manager cyberdog_model]: update models fuc begin
1716383761.4613016 [vision_manager-19] [INFO] [1716383760.390666376] [vision_manager cyberdog_model]: init fuc
1716383761.4622538 [vision_manager-19] [INFO] [1716383760.497133643] [vision_manager cyberdog_model]: face_recognition/detect has 2 versions in fsd
1716383761.4631364 [vision_manager-19] [INFO] [1716383760.497376175] [vision_manager cyberdog_model]: read model version in toml file
1716383761.4639299 [vision_manager-19] [INFO] [1716383760.498006106] [vision_manager cyberdog_model]: Get_Model_Version func 
1716383761.4643106 [vision_manager-19] [INFO] [1716383760.503733342] [vision_manager cyberdog_model]: read key value from toml successfully
1716383761.4645977 [vision_manager-19] [INFO] [1716383760.503962978] [vision_manager cyberdog_model]: the model version in toml file is 1.1 
1716383761.4653919 [vision_manager-19] [INFO] [1716383760.504152774] [vision_manager cyberdog_model]: temp toml path /SDCARD/vision/face_recognition/detect/temp/version.toml do not exist!
1716383761.4661140 [vision_manager-19] [INFO] [1716383760.504285160] [vision_manager cyberdog_model]: obj: 1.0/
1716383761.4665172 [vision_manager-19] [INFO] [1716383760.504399946] [vision_manager cyberdog_model]: obj: 1.1/
1716383761.4671807 [vision_manager-19] [INFO] [1716383760.504497740] [vision_manager cyberdog_model]: ftp_newest_version  is 1.1
1716383761.4679296 [vision_manager-19] [INFO] [1716383760.504593069] [vision_manager cyberdog_model]: nx_version  is 1.1
1716383761.4689085 [vision_manager-19] [INFO] [1716383760.504690159] [vision_manager cyberdog_model]: nx model version is the newest version
1716383761.4695499 [vision_manager-19] [INFO] [1716383760.504789553] [vision_manager cyberdog_model]: DownloadModels fuc
1716383761.4702377 [vision_manager-19] [INFO] [1716383760.504883890] [vision_manager cyberdog_model]: do not need download
1716383761.4723649 [vision_manager-19] [ERROR] [1716383760.504975380] [vision_manager cyberdog_model]: download failed or do not need download
1716383761.4730458 [vision_manager-19] [ERROR] [1716383760.506141640] [az1.vision_manager]: Download model from Fds fail. 
1716383761.4755335 [vision_manager-19] [INFO] [1716383760.506385133] [vision_manager cyberdog_model]: update models fuc begin
1716383761.4760733 [vision_manager-19] [INFO] [1716383760.506586256] [vision_manager cyberdog_model]: init fuc
1716383761.4763918 [vision_manager-19] [INFO] [1716383760.625049669] [vision_manager cyberdog_model]: face_recognition/emotion has 1 versions in fsd
1716383761.4767015 [vision_manager-19] [INFO] [1716383760.625342122] [vision_manager cyberdog_model]: read model version in toml file
1716383761.4771309 [vision_manager-19] [INFO] [1716383760.625523693] [vision_manager cyberdog_model]: Get_Model_Version func 
1716383761.4774480 [vision_manager-19] [INFO] [1716383760.628600099] [vision_manager cyberdog_model]: read key value from toml successfully
1716383761.4778059 [vision_manager-19] [INFO] [1716383760.628818439] [vision_manager cyberdog_model]: the model version in toml file is 1.1 
1716383761.4803472 [vision_manager-19] [INFO] [1716383760.628982410] [vision_manager cyberdog_model]: temp toml path /SDCARD/vision/face_recognition/emotion/temp/version.toml do not exist!
1716383761.4807956 [vision_manager-19] [INFO] [1716383760.629112876] [vision_manager cyberdog_model]: obj: 1.1/
1716383761.4811227 [vision_manager-19] [INFO] [1716383760.629246830] [vision_manager cyberdog_model]: ftp_newest_version  is 1.1
1716383761.4815166 [vision_manager-19] [INFO] [1716383760.629344464] [vision_manager cyberdog_model]: nx_version  is 1.1
1716383761.4818277 [vision_manager-19] [INFO] [1716383760.629664789] [vision_manager cyberdog_model]: nx model version is the newest version
1716383761.4821150 [vision_manager-19] [INFO] [1716383760.629772183] [vision_manager cyberdog_model]: DownloadModels fuc
1716383761.4824805 [vision_manager-19] [INFO] [1716383760.629864345] [vision_manager cyberdog_model]: do not need download
1716383761.4827833 [vision_manager-19] [ERROR] [1716383760.629990843] [vision_manager cyberdog_model]: download failed or do not need download
1716383761.4830785 [vision_manager-19] [ERROR] [1716383760.630097725] [az1.vision_manager]: Download model from Fds fail. 
1716383761.4834106 [vision_manager-19] [INFO] [1716383760.630350913] [vision_manager cyberdog_model]: update models fuc begin
1716383761.4838054 [vision_manager-19] [INFO] [1716383760.630450467] [vision_manager cyberdog_model]: init fuc
1716383761.4841359 [vision_manager-19] [INFO] [1716383760.738014234] [vision_manager cyberdog_model]: face_recognition/feature has 2 versions in fsd
1716383761.4864225 [vision_manager-19] [INFO] [1716383760.738477986] [vision_manager cyberdog_model]: read model version in toml file
1716383761.4914846 [vision_manager-19] [INFO] [1716383760.739013995] [vision_manager cyberdog_model]: Get_Model_Version func 
1716383761.4932239 [vision_manager-19] [INFO] [1716383760.742329957] [vision_manager cyberdog_model]: read key value from toml successfully
1716383761.4963002 [vision_manager-19] [INFO] [1716383760.742518600] [vision_manager cyberdog_model]: the model version in toml file is 1.1 
1716383761.4968104 [vision_manager-19] [INFO] [1716383760.742669099] [vision_manager cyberdog_model]: temp toml path /SDCARD/vision/face_recognition/feature/temp/version.toml do not exist!
1716383761.4986126 [vision_manager-19] [INFO] [1716383760.742798765] [vision_manager cyberdog_model]: obj: 1.1/
1716383761.5032210 [vision_manager-19] [INFO] [1716383760.742899727] [vision_manager cyberdog_model]: obj: 1/
1716383761.5057268 [vision_manager-19] [INFO] [1716383760.742997521] [vision_manager cyberdog_model]: ftp_newest_version  is 1.1
1716383761.5067739 [vision_manager-19] [INFO] [1716383760.743091858] [vision_manager cyberdog_model]: nx_version  is 1.1
1716383761.5096614 [vision_manager-19] [INFO] [1716383760.743216373] [vision_manager cyberdog_model]: nx model version is the newest version
1716383761.5143061 [vision_manager-19] [INFO] [1716383760.743323286] [vision_manager cyberdog_model]: DownloadModels fuc
1716383761.5177507 [vision_manager-19] [INFO] [1716383760.743415544] [vision_manager cyberdog_model]: do not need download
1716383761.5250995 [vision_manager-19] [ERROR] [1716383760.743539610] [vision_manager cyberdog_model]: download failed or do not need download
1716383761.5263586 [vision_manager-19] [ERROR] [1716383760.743722461] [az1.vision_manager]: Download model from Fds fail. 
1716383761.5280011 [vision_manager-19] [INFO] [1716383760.743961922] [vision_manager cyberdog_model]: update models fuc begin
1716383761.5287693 [vision_manager-19] [INFO] [1716383760.744058019] [vision_manager cyberdog_model]: init fuc
1716383761.5308299 [vision_manager-19] [INFO] [1716383760.853863649] [vision_manager cyberdog_model]: face_recognition/landmark has 1 versions in fsd
1716383761.5315092 [vision_manager-19] [INFO] [1716383760.854402954] [vision_manager cyberdog_model]: read model version in toml file
1716383761.5324273 [vision_manager-19] [INFO] [1716383760.854563981] [vision_manager cyberdog_model]: Get_Model_Version func 
1716383761.5331314 [vision_manager-19] [INFO] [1716383760.858470865] [vision_manager cyberdog_model]: read key value from toml successfully
1716383761.5338244 [vision_manager-19] [INFO] [1716383760.858682549] [vision_manager cyberdog_model]: the model version in toml file is 1.1 
1716383761.5371459 [vision_manager-19] [INFO] [1716383760.858895513] [vision_manager cyberdog_model]: temp toml path /SDCARD/vision/face_recognition/landmark/temp/version.toml do not exist!
1716383761.5411518 [vision_manager-19] [INFO] [1716383760.859022235] [vision_manager cyberdog_model]: obj: 1.1/
1716383761.5442252 [vision_manager-19] [INFO] [1716383760.859122653] [vision_manager cyberdog_model]: ftp_newest_version  is 1.1
1716383761.5446951 [vision_manager-19] [INFO] [1716383760.859221374] [vision_manager cyberdog_model]: nx_version  is 1.1
1716383761.5450330 [vision_manager-19] [INFO] [1716383760.859314976] [vision_manager cyberdog_model]: nx model version is the newest version
1716383761.5453730 [vision_manager-19] [INFO] [1716383760.859539780] [vision_manager cyberdog_model]: DownloadModels fuc
1716383761.5456688 [vision_manager-19] [INFO] [1716383760.859812361] [vision_manager cyberdog_model]: do not need download
1716383761.5459745 [vision_manager-19] [ERROR] [1716383760.860022892] [vision_manager cyberdog_model]: download failed or do not need download
1716383761.5473859 [vision_manager-19] [ERROR] [1716383760.860539477] [az1.vision_manager]: Download model from Fds fail. 
1716383761.5525661 [vision_manager-19] [INFO] [1716383760.860845275] [vision_manager cyberdog_model]: update models fuc begin
1716383761.5765312 [vision_manager-19] [INFO] [1716383760.860946525] [vision_manager cyberdog_model]: init fuc
1716383761.5782971 [vision_manager-19] [INFO] [1716383760.976765827] [vision_manager cyberdog_model]: keypoints_detection has 2 versions in fsd
1716383761.6080835 [vision_manager-19] [INFO] [1716383760.977034280] [vision_manager cyberdog_model]: read model version in toml file
1716383761.6086617 [vision_manager-19] [INFO] [1716383760.977176810] [vision_manager cyberdog_model]: Get_Model_Version func 
1716383761.6091506 [vision_manager-19] [INFO] [1716383760.980511493] [vision_manager cyberdog_model]: read key value from toml successfully
1716383761.6095099 [vision_manager-19] [INFO] [1716383760.980710088] [vision_manager cyberdog_model]: the model version in toml file is 1.1 
1716383761.6099133 [vision_manager-19] [INFO] [1716383760.980875563] [vision_manager cyberdog_model]: temp toml path /SDCARD/vision/keypoints_detection/temp/version.toml do not exist!
1716383761.6103027 [vision_manager-19] [INFO] [1716383760.981258546] [vision_manager cyberdog_model]: obj: 1.0/
1716383761.6612756 [vision_manager-19] [INFO] [1716383760.981371220] [vision_manager cyberdog_model]: obj: 1.1/
1716383761.6618123 [vision_manager-19] [INFO] [1716383760.981469013] [vision_manager cyberdog_model]: ftp_newest_version  is 1.1
1716383761.6621625 [vision_manager-19] [INFO] [1716383760.981568631] [vision_manager cyberdog_model]: nx_version  is 1.1
1716383761.6624560 [vision_manager-19] [INFO] [1716383760.981663225] [vision_manager cyberdog_model]: nx model version is the newest version
1716383761.6627338 [vision_manager-19] [INFO] [1716383760.981776923] [vision_manager cyberdog_model]: DownloadModels fuc
1716383761.6630569 [vision_manager-19] [INFO] [1716383760.981870972] [vision_manager cyberdog_model]: do not need download
1716383761.6633437 [vision_manager-19] [ERROR] [1716383760.981962526] [vision_manager cyberdog_model]: download failed or do not need download
1716383761.6636934 [vision_manager-19] [ERROR] [1716383760.982070304] [az1.vision_manager]: Download model from Fds fail. 
1716383761.7540638 [vision_manager-19] [INFO] [1716383760.982361413] [vision_manager cyberdog_model]: update models fuc begin
1716383761.7773716 [vision_manager-19] [INFO] [1716383760.982472743] [vision_manager cyberdog_model]: init fuc
1716383761.7973208 [vision_manager-19] [INFO] [1716383761.089937404] [vision_manager cyberdog_model]: person_reid has 2 versions in fsd
1716383761.7995758 [vision_manager-19] [INFO] [1716383761.095306265] [vision_manager cyberdog_model]: read model version in toml file
1716383761.8028891 [vision_manager-19] [INFO] [1716383761.095531005] [vision_manager cyberdog_model]: Get_Model_Version func 
1716383761.8053386 [vision_manager-19] [INFO] [1716383761.125400135] [vision_manager cyberdog_model]: read key value from toml successfully
1716383761.8085089 [vision_manager-19] [INFO] [1716383761.125609611] [vision_manager cyberdog_model]: the model version in toml file is 1.1 
1716383761.8129957 [vision_manager-19] [INFO] [1716383761.125778797] [vision_manager cyberdog_model]: temp toml path /SDCARD/vision/person_reid/temp/version.toml do not exist!
1716383761.8150129 [vision_manager-19] [INFO] [1716383761.125899152] [vision_manager cyberdog_model]: obj: 1.0/
1716383761.8246655 [vision_manager-19] [INFO] [1716383761.126003505] [vision_manager cyberdog_model]: obj: 1.1/
1716383761.8267112 [vision_manager-19] [INFO] [1716383761.126099059] [vision_manager cyberdog_model]: ftp_newest_version  is 1.1
1716383761.8316817 [vision_manager-19] [INFO] [1716383761.126196757] [vision_manager cyberdog_model]: nx_version  is 1.1
1716383761.8337574 [vision_manager-19] [INFO] [1716383761.126290006] [vision_manager cyberdog_model]: nx model version is the newest version
1716383761.8344889 [vision_manager-19] [INFO] [1716383761.126386104] [vision_manager cyberdog_model]: DownloadModels fuc
1716383761.8350897 [vision_manager-19] [INFO] [1716383761.126514842] [vision_manager cyberdog_model]: do not need download
1716383761.8357725 [vision_manager-19] [ERROR] [1716383761.126605564] [vision_manager cyberdog_model]: download failed or do not need download
1716383761.8364618 [vision_manager-19] [ERROR] [1716383761.126711614] [az1.vision_manager]: Download model from Fds fail. 
1716383793.1826856 [INFO] [launch.user]: navigation launch occmap
1716383794.0474126 [INFO] [create_gridmap_node-25]: process started with pid [10812]
1716383794.0487480 [INFO] [publish_gridmap_node-26]: process started with pid [10816]
1716383794.3210738 [create_gridmap_node-25] [0m[INFO] [1716383794.303163853] [az1.create_gridmap_node]: create map path /home/mi/mapping/[0m
1716383794.3228338 [create_gridmap_node-25] [0m[INFO] [1716383794.304102110] [az1.create_gridmap_node]: loop pose path /SDCARD/miloc/maps/default/viusal/[0m
1716383794.3232000 [create_gridmap_node-25] [0m[INFO] [1716383794.304376834] [az1.create_gridmap_node]: calibration_file /SDCARD/calibrate.yaml[0m
1716383794.3234813 [create_gridmap_node-25] [0m[INFO] [1716383794.305039086] [az1.create_gridmap_node]: subscribe odom topic odom_slam[0m
1716383794.3249180 [create_gridmap_node-25] [0m[INFO] [1716383794.305333523] [az1.create_gridmap_node]: subscribe laser topic scan[0m
1716383794.3258498 [create_gridmap_node-25] [0m[INFO] [1716383794.305523414] [az1.create_gridmap_node]: create map service cyberdog_occmap/create_map_service[0m
1716383794.3286469 [create_gridmap_node-25] [0m[INFO] [1716383794.305710906] [az1.create_gridmap_node]: finish map service cyberdog_occmap/finish_map_service[0m
1716383794.3289950 [create_gridmap_node-25] [0m[INFO] [1716383794.305899389] [az1.create_gridmap_node]: start_nav_service cyberdog_occmap/start_nav_service[0m
1716383794.3357506 [create_gridmap_node-25] [0m[INFO] [1716383794.306105889] [az1.create_gridmap_node]: stop_nav_service cyberdog_occmap/stop_nav_service[0m
1716383797.9312019 [vision_manager-19] [INFO] [1716383797.929640337] [az1.vision_manager]: Configuring vision_manager. 
1716383797.9357369 [vision_manager-19] Semaphore set id is: 0
1716383797.9383309 [vision_manager-19] [INFO] [1716383797.931853368] [az1.vision_manager]: Create ROS object. 
1716383798.0236368 [vision_manager-19] [INFO] [1716383798.017933271] [az1.vision_manager]: Configure complated. 
1716383813.1965079 [INFO] [launch.user]: navigation launch state_publisher
1716383813.4038329 [INFO] [robot_state_publisher-27]: process started with pid [11147]
1716383817.1927679 [INFO] [launch.user]: navigation launch tracking
1716383817.3478789 [INFO] [cyberdog_tracking-28]: process started with pid [11248]
1716383821.1901832 [INFO] [launch.user]: navigation launch realsense
1716383821.6827719 [INFO] [realsense2_camera_node-29]: process started with pid [11333]
1716383825.1793287 [INFO] [launch.user]: navigation launch realsense_align
1716383825.5472026 [INFO] [realsense_align_node-30]: process started with pid [11473]
1716383829.1795478 [INFO] [launch.user]: navigation launch mcr_uwb
1716383829.3237720 [INFO] [mcr_uwb-31]: process started with pid [11563]
1716383829.8157818 [mcr_uwb-31] [INFO] [1716383829.812305212] [az1.mcr_uwb]: 
1716383829.8179183 [mcr_uwb-31] 	mcr_uwb lifecycle node launched. 
1716383829.8220444 [mcr_uwb-31] 	Waiting on external lifecycle transitions to activate
1716383829.8309088 [mcr_uwb-31] 	See https://design.ros2.org/articles/node_lifecycle.html for more information.
1716383829.8314433 [mcr_uwb-31] [INFO] [1716383829.813027177] [az1.mcr_uwb]: Creating
1716383833.2110913 [INFO] [launch.user]: navigation launch velocity_adaptor
1716383833.8194253 [INFO] [velocity_adaptor-32]: process started with pid [11635]
1716383837.2100995 [INFO] [launch.user]: navigation launch map_label_server
1716383837.5275767 [INFO] [label_server-33]: process started with pid [11718]
1716383841.2418365 [INFO] [launch.user]: navigation launch laser_mapping
1716383841.6681898 [INFO] [mapping-34]: process started with pid [11768]
1716383845.1963849 [INFO] [launch.user]: navigation launch laser_localization
1716383845.4675653 [INFO] [localization-35]: process started with pid [11821]
1716383849.1979043 [INFO] [launch.user]: navigation launch mivins_localization
1716383849.7286830 [INFO] [mivins_node-36]: process started with pid [11871]
1716383853.1978350 [INFO] [launch.user]: navigation launch mivins_mapping
1716383853.7178307 [INFO] [mivins_node-37]: process started with pid [11917]
1716383857.1973608 [INFO] [launch.user]: navigation launch mivins_vo
1716383857.6506264 [INFO] [mivins_node-38]: process started with pid [11964]
1716383861.2035985 [INFO] [launch.user]: navigation launch miloc
1716383861.6629658 [INFO] [miloc_server-39]: process started with pid [12013]
1716383865.1961758 [INFO] [launch.user]: navigation launch elevation_mapping_odom
1716383865.4821570 [INFO] [elevation_mapping-40]: process started with pid [12075]
1716383869.1975353 [INFO] [launch.user]: navigation launch head_tof_pc_publisher
1716383869.3964505 [INFO] [head_tof_pcl_publisher.py-41]: process started with pid [12124]
1716383873.1988318 [INFO] [launch.user]: navigation launch stair_align
1716383873.3288617 [INFO] [stair_align-42]: process started with pid [12168]
1716383877.1996272 [INFO] [launch.user]: navigation launch tracking_indication
1716383877.3247893 [INFO] [tracking_indication-43]: process started with pid [12214]
1716383881.1983387 [INFO] [launch.user]: navigation launch rosbag_recorder
1716383881.3328812 [INFO] [rosbag_recorder-44]: process started with pid [12265]
1716383881.7383873 [rosbag_recorder-44] [WARN] [1716383881.736354964] [az1.cyberdog_rosbag_recorder]: Rosbag recorder is not use, please set flag use: true, you can record.
1716383885.1977596 [INFO] [launch.user]: navigation launch tracking_base
1716383885.5030167 [INFO] [tracking_base-45]: process started with pid [12310]
1716383889.1973903 [INFO] [launch.user]: navigation launch emergency_stop
1716383889.3430336 [INFO] [cyberdog_emergency_stop-46]: process started with pid [12356]
1716383890.0313656 [cyberdog_emergency_stop-46] [INFO] [1716383890.030170169] [az1.cyberdog_emergency_stop]: Create enable emergency stop service......
1716383893.2119262 [INFO] [launch.user]: navigation launch cyberdog_pointnet
1716383893.3559322 [INFO] [cyberdog_pointnet-47]: process started with pid [12405]
1716383893.8517668 [cyberdog_pointnet-47] [INFO] [1716383893.850583610] [az1.cyberdog_pointnet]: Create service: release_pointnet
1716383893.9337673 [cyberdog_pointnet-47] [INFO] [1716383893.932598317] [uninitialized cyberdog_model]: cyberdog_model Constructor
1716383893.9387789 [cyberdog_pointnet-47] [INFO] [1716383893.938000861] [uninitialized cyberdog_model]: is_specified_version: 0
1716383893.9521511 [cyberdog_pointnet-47] [INFO] [1716383893.944843700] [uninitialized cyberdog_model]: specified_version: 1.1
1716383893.9528279 [cyberdog_pointnet-47] [INFO] [1716383893.945062874] [uninitialized cyberdog_model]: module_name: ground_segmentation
1716383893.9558227 [cyberdog_pointnet-47] [INFO] [1716383893.945225599] [uninitialized cyberdog_model]: model_dir: /SDCARD/vision/ground_segmentation/
1716383893.9564295 [cyberdog_pointnet-47] [INFO] [1716383893.945352322] [uninitialized cyberdog_model]: temp_download_path: /SDCARD/vision/ground_segmentation/temp/
1716383895.1416855 [cyberdog_pointnet-47] [INFO] [1716383895.138819845] [az1.cyberdog_pointnet]: [WifiSignalCallback] internet is ok!!!
1716383895.1499686 [cyberdog_pointnet-47] [INFO] [1716383895.141662865] [uninitialized cyberdog_model]: update models fuc begin
1716383895.1506062 [cyberdog_pointnet-47] [INFO] [1716383895.141952953] [uninitialized cyberdog_model]: init fuc
1716383895.2865164 [cyberdog_pointnet-47] [INFO] [1716383895.283615976] [uninitialized cyberdog_model]: ground_segmentation has 2 versions in fsd
1716383895.2936630 [cyberdog_pointnet-47] [INFO] [1716383895.283866991] [uninitialized cyberdog_model]: read model version in toml file
1716383895.2941661 [cyberdog_pointnet-47] [INFO] [1716383895.284026963] [uninitialized cyberdog_model]: Get_Model_Version func 
1716383895.2982428 [cyberdog_pointnet-47] [INFO] [1716383895.289098171] [uninitialized cyberdog_model]: read key value from toml successfully
1716383895.2990279 [cyberdog_pointnet-47] [INFO] [1716383895.289391107] [uninitialized cyberdog_model]: the model version in toml file is 1.0 
1716383895.2994480 [cyberdog_pointnet-47] [INFO] [1716383895.289590472] [uninitialized cyberdog_model]: temp toml path /SDCARD/vision/ground_segmentation/temp/version.toml exist!
1716383895.2997618 [cyberdog_pointnet-47] [INFO] [1716383895.289717836] [uninitialized cyberdog_model]: new models already downloaded into temp path, do not download again
1716383895.3000529 [cyberdog_pointnet-47] [INFO] [1716383895.289854191] [uninitialized cyberdog_model]: DownloadModels fuc
1716383895.3003175 [cyberdog_pointnet-47] [INFO] [1716383895.289973075] [uninitialized cyberdog_model]: do not need download
1716383895.3006146 [cyberdog_pointnet-47] [ERROR] [1716383895.290071061] [uninitialized cyberdog_model]: download failed or do not need download
1716383895.3008928 [cyberdog_pointnet-47] [INFO] [1716383895.290255834] [az1.cyberdog_pointnet]: Download and update ground_segmentation model from Fds failed or timeout
1716383897.2122614 [INFO] [launch.user]: navigation launch algorithm_manager
1716383897.3405437 [INFO] [algorithm_manager-48]: process started with pid [12459]
1716383898.0376816 [algorithm_manager-48] [INFO] [1716383898.036313355] [AlgorithmTaskManager]: diff_x threashold: 0.700000, diff_y threashold: 0.700000
1716383898.0737305 [algorithm_manager-48] [INFO] [1716383898.068327204] [AlgorithmTaskManager]: detect_duration: 5
1716383898.0743446 [algorithm_manager-48] [INFO] [1716383898.068487144] [AlgorithmTaskManager]: pose_topic_name: tracking_pose_transformed
1716383898.0747082 [algorithm_manager-48] [INFO] [1716383898.068624876] [AlgorithmTaskManager]: filter_size: 5
1716383899.0180058 [algorithm_manager-48] [INFO] [1716383899.001797370] [az1.LaserMapping]: DeclareParameters.
1716383904.9040971 [algorithm_manager-48] [INFO] [1716383904.871453364] [az1.VisionTracking]: tracking_keep_distance_: 1.500000, tracking_relative_pos_: 1, enable_visual_obstacle_avoidance_
1716383907.5905390 [algorithm_manager-48] [INFO] [1716383907.588923880] [az1.AutoDock]: ExecutorAutoDock server is ready
1716383908.0384126 [algorithm_manager-48] [INFO] [1716383908.020296129] [AlgorithmTaskManager]: MachineActuator Init, config file: /opt/ros2/cyberdog/share/params/toml_config/manager/state_machine_config.toml
1716383908.1520970 [algorithm_manager-48] [INFO] [1716383908.130320865] [AlgorithmTaskManager]: MachineActuator start on call.
1716383908.1813042 [algorithm_manager-48] [INFO] [1716383908.130592360] [AlgorithmTaskManager]: MachineActuator checkout state: SetUp.
1716383908.1824713 [algorithm_manager-48] [INFO] [1716383908.130712491] [AlgorithmTaskManager]: Get fsm: Setup
1716383908.1945038 [algorithm_manager-48] [INFO] [1716383908.130813166] [AlgorithmTaskManager]: MachineActuator service setup on call.
