[4.350s] Invoking command in '/home/mi/workplace/src/learning': PYTHONPATH=/home/mi/workplace/install/learning/lib/python3.6/site-packages:${PYTHONPATH} /usr/bin/python3 setup.py egg_info --egg-base ../../build/learning build --build-base /home/mi/workplace/build/learning/build install --prefix /home/mi/workplace/install/learning --record /home/mi/workplace/build/learning/install.log --single-version-externally-managed
[6.242s] running egg_info
[6.246s] writing ../../build/learning/learning.egg-info/PKG-INFO
[6.248s] writing dependency_links to ../../build/learning/learning.egg-info/dependency_links.txt
[6.252s] writing entry points to ../../build/learning/learning.egg-info/entry_points.txt
[6.254s] writing requirements to ../../build/learning/learning.egg-info/requires.txt
[6.256s] writing top-level names to ../../build/learning/learning.egg-info/top_level.txt
[6.270s] reading manifest file '../../build/learning/learning.egg-info/SOURCES.txt'
[6.277s] writing manifest file '../../build/learning/learning.egg-info/SOURCES.txt'
[6.282s] running build
[6.282s] running build_py
[6.284s] copying learning/goal_keeper.py -> /home/mi/workplace/build/learning/build/lib/learning
[6.289s] running install
[6.290s] /usr/local/lib/python3.6/dist-packages/setuptools/command/install.py:37: SetuptoolsDeprecationWarning: setup.py install is deprecated. Use build and pip and other standards-based tools.
[6.291s]   setuptools.SetuptoolsDeprecationWarning,
[6.292s] running install_lib
[6.298s] copying /home/mi/workplace/build/learning/build/lib/learning/goal_keeper.py -> /home/mi/workplace/install/learning/lib/python3.6/site-packages/learning
[6.303s] byte-compiling /home/mi/workplace/install/learning/lib/python3.6/site-packages/learning/goal_keeper.py to goal_keeper.cpython-36.pyc
[6.313s] running install_data
[6.314s] running install_egg_info
[6.324s] removing '/home/mi/workplace/install/learning/lib/python3.6/site-packages/learning-0.0.0-py3.6.egg-info' (and everything under it)
[6.326s] Copying ../../build/learning/learning.egg-info to /home/mi/workplace/install/learning/lib/python3.6/site-packages/learning-0.0.0-py3.6.egg-info
[6.330s] running install_scripts
[6.424s] Installing camera script to /home/mi/workplace/install/learning/lib/learning
[6.425s] Installing crash script to /home/mi/workplace/install/learning/lib/learning
[6.429s] Installing data_receive script to /home/mi/workplace/install/learning/lib/learning
[6.430s] Installing get_data script to /home/mi/workplace/install/learning/lib/learning
[6.430s] Installing goal script to /home/mi/workplace/install/learning/lib/learning
[6.431s] Installing goal_keeper script to /home/mi/workplace/install/learning/lib/learning
[6.432s] Installing rgb script to /home/mi/workplace/install/learning/lib/learning
[6.432s] Installing rotate script to /home/mi/workplace/install/learning/lib/learning
[6.433s] Installing rotate_until_center1 script to /home/mi/workplace/install/learning/lib/learning
[6.435s] Installing stand script to /home/mi/workplace/install/learning/lib/learning
[6.435s] Installing track script to /home/mi/workplace/install/learning/lib/learning
[6.436s] Installing walk_t_sec script to /home/mi/workplace/install/learning/lib/learning
[6.436s] Installing walktest script to /home/mi/workplace/install/learning/lib/learning
[6.439s] writing list of installed files to '/home/mi/workplace/build/learning/install.log'
[6.562s] Invoked command in '/home/mi/workplace/src/learning' returned '0': PYTHONPATH=/home/mi/workplace/install/learning/lib/python3.6/site-packages:${PYTHONPATH} /usr/bin/python3 setup.py egg_info --egg-base ../../build/learning build --build-base /home/mi/workplace/build/learning/build install --prefix /home/mi/workplace/install/learning --record /home/mi/workplace/build/learning/install.log --single-version-externally-managed
