[2.053s] DEBUG:colcon:Command line arguments: ['/usr/bin/colcon', 'build', '--packages-select', 'lcm']
[2.054s] DEBUG:colcon:Parsed command line arguments: Namespace(allow_overriding=[], ament_cmake_args=None, base_paths=['.'], build_base='build', catkin_cmake_args=None, catkin_skip_building_tests=False, cmake_args=None, cmake_clean_cache=False, cmake_clean_first=False, cmake_force_configure=False, cmake_target=None, cmake_target_skip_unavailable=False, continue_on_error=False, event_handlers=None, executor='parallel', ignore_user_meta=False, install_base='install', log_base=None, log_level=None, main=<bound method BuildVerb.main of <colcon_core.verb.build.BuildVerb object at 0x7f9c40f7b8>>, merge_install=False, metas=['./colcon.meta'], packages_above=None, packages_above_and_dependencies=None, packages_above_depth=None, packages_end=None, packages_ignore=None, packages_ignore_regex=None, packages_select=['lcm'], packages_select_build_failed=False, packages_select_by_dep=None, packages_select_regex=None, packages_select_test_failures=False, packages_skip=None, packages_skip_build_finished=False, packages_skip_by_dep=None, packages_skip_regex=None, packages_skip_test_passed=False, packages_skip_up_to=None, packages_start=None, packages_up_to=None, packages_up_to_regex=None, parallel_workers=6, paths=None, symlink_install=False, test_result_base=None, verb_extension=<colcon_core.verb.build.BuildVerb object at 0x7f9c40f7b8>, verb_name='build', verb_parser=<colcon_defaults.argument_parser.defaults.DefaultArgumentsDecorator object at 0x7f9c360400>)
[2.091s] Level 1:colcon.colcon_core.package_discovery:discover_packages(colcon_meta) check parameters
[2.092s] Level 1:colcon.colcon_core.package_discovery:discover_packages(recursive) check parameters
[2.092s] Level 1:colcon.colcon_core.package_discovery:discover_packages(ignore) check parameters
[2.093s] Level 1:colcon.colcon_core.package_discovery:discover_packages(path) check parameters
[2.093s] Level 1:colcon.colcon_core.package_discovery:discover_packages(colcon_meta) discover
[2.095s] Level 1:colcon.colcon_core.package_discovery:discover_packages(recursive) discover
[2.095s] INFO:colcon.colcon_core.package_discovery:Crawling recursively for packages in '/home/mi/workplace'
[2.096s] Level 1:colcon.colcon_core.package_identification:_identify(.) by extensions ['ignore', 'ignore_ament_install']
[2.097s] Level 1:colcon.colcon_core.package_identification:_identify(.) by extension 'ignore'
[2.098s] Level 1:colcon.colcon_core.package_identification:_identify(.) by extension 'ignore_ament_install'
[2.098s] Level 1:colcon.colcon_core.package_identification:_identify(.) by extensions ['colcon_pkg']
[2.099s] Level 1:colcon.colcon_core.package_identification:_identify(.) by extension 'colcon_pkg'
[2.099s] Level 1:colcon.colcon_core.package_identification:_identify(.) by extensions ['colcon_meta']
[2.099s] Level 1:colcon.colcon_core.package_identification:_identify(.) by extension 'colcon_meta'
[2.100s] Level 1:colcon.colcon_core.package_identification:_identify(.) by extensions ['ros']
[2.100s] Level 1:colcon.colcon_core.package_identification:_identify(.) by extension 'ros'
[2.571s] Level 1:colcon.colcon_core.package_identification:_identify(.) by extensions ['cmake', 'python']
[2.572s] Level 1:colcon.colcon_core.package_identification:_identify(.) by extension 'cmake'
[2.572s] Level 1:colcon.colcon_core.package_identification:_identify(.) by extension 'python'
[2.573s] Level 1:colcon.colcon_core.package_identification:_identify(.) by extensions ['python_setup_py']
[2.573s] Level 1:colcon.colcon_core.package_identification:_identify(.) by extension 'python_setup_py'
[2.574s] Level 1:colcon.colcon_core.package_identification:_identify(build) by extensions ['ignore', 'ignore_ament_install']
[2.574s] Level 1:colcon.colcon_core.package_identification:_identify(build) by extension 'ignore'
[2.574s] Level 1:colcon.colcon_core.package_identification:_identify(build) ignored
[2.577s] Level 1:colcon.colcon_core.package_identification:_identify(install) by extensions ['ignore', 'ignore_ament_install']
[2.577s] Level 1:colcon.colcon_core.package_identification:_identify(install) by extension 'ignore'
[2.578s] Level 1:colcon.colcon_core.package_identification:_identify(install) ignored
[2.579s] Level 1:colcon.colcon_core.package_identification:_identify(log) by extensions ['ignore', 'ignore_ament_install']
[2.580s] Level 1:colcon.colcon_core.package_identification:_identify(log) by extension 'ignore'
[2.580s] Level 1:colcon.colcon_core.package_identification:_identify(log) ignored
[2.580s] Level 1:colcon.colcon_core.package_identification:_identify(src) by extensions ['ignore', 'ignore_ament_install']
[2.581s] Level 1:colcon.colcon_core.package_identification:_identify(src) by extension 'ignore'
[2.581s] Level 1:colcon.colcon_core.package_identification:_identify(src) by extension 'ignore_ament_install'
[2.582s] Level 1:colcon.colcon_core.package_identification:_identify(src) by extensions ['colcon_pkg']
[2.582s] Level 1:colcon.colcon_core.package_identification:_identify(src) by extension 'colcon_pkg'
[2.582s] Level 1:colcon.colcon_core.package_identification:_identify(src) by extensions ['colcon_meta']
[2.583s] Level 1:colcon.colcon_core.package_identification:_identify(src) by extension 'colcon_meta'
[2.583s] Level 1:colcon.colcon_core.package_identification:_identify(src) by extensions ['ros']
[2.583s] Level 1:colcon.colcon_core.package_identification:_identify(src) by extension 'ros'
[2.584s] Level 1:colcon.colcon_core.package_identification:_identify(src) by extensions ['cmake', 'python']
[2.584s] Level 1:colcon.colcon_core.package_identification:_identify(src) by extension 'cmake'
[2.584s] Level 1:colcon.colcon_core.package_identification:_identify(src) by extension 'python'
[2.584s] Level 1:colcon.colcon_core.package_identification:_identify(src) by extensions ['python_setup_py']
[2.585s] Level 1:colcon.colcon_core.package_identification:_identify(src) by extension 'python_setup_py'
[2.585s] Level 1:colcon.colcon_core.package_identification:_identify(src/ai) by extensions ['ignore', 'ignore_ament_install']
[2.586s] Level 1:colcon.colcon_core.package_identification:_identify(src/ai) by extension 'ignore'
[2.586s] Level 1:colcon.colcon_core.package_identification:_identify(src/ai) by extension 'ignore_ament_install'
[2.586s] Level 1:colcon.colcon_core.package_identification:_identify(src/ai) by extensions ['colcon_pkg']
[2.587s] Level 1:colcon.colcon_core.package_identification:_identify(src/ai) by extension 'colcon_pkg'
[2.587s] Level 1:colcon.colcon_core.package_identification:_identify(src/ai) by extensions ['colcon_meta']
[2.587s] Level 1:colcon.colcon_core.package_identification:_identify(src/ai) by extension 'colcon_meta'
[2.587s] Level 1:colcon.colcon_core.package_identification:_identify(src/ai) by extensions ['ros']
[2.588s] Level 1:colcon.colcon_core.package_identification:_identify(src/ai) by extension 'ros'
[2.606s] DEBUG:colcon.colcon_core.package_identification:Package 'src/ai' with type 'ros.ament_python' and name 'ai'
[2.606s] Level 1:colcon.colcon_core.package_identification:_identify(src/lcm) by extensions ['ignore', 'ignore_ament_install']
[2.607s] Level 1:colcon.colcon_core.package_identification:_identify(src/lcm) by extension 'ignore'
[2.607s] Level 1:colcon.colcon_core.package_identification:_identify(src/lcm) by extension 'ignore_ament_install'
[2.608s] Level 1:colcon.colcon_core.package_identification:_identify(src/lcm) by extensions ['colcon_pkg']
[2.608s] Level 1:colcon.colcon_core.package_identification:_identify(src/lcm) by extension 'colcon_pkg'
[2.608s] Level 1:colcon.colcon_core.package_identification:_identify(src/lcm) by extensions ['colcon_meta']
[2.609s] Level 1:colcon.colcon_core.package_identification:_identify(src/lcm) by extension 'colcon_meta'
[2.609s] Level 1:colcon.colcon_core.package_identification:_identify(src/lcm) by extensions ['ros']
[2.609s] Level 1:colcon.colcon_core.package_identification:_identify(src/lcm) by extension 'ros'
[2.612s] DEBUG:colcon.colcon_core.package_identification:Package 'src/lcm' with type 'ros.ament_python' and name 'lcm'
[2.613s] Level 1:colcon.colcon_core.package_identification:_identify(src/learning) by extensions ['ignore', 'ignore_ament_install']
[2.613s] Level 1:colcon.colcon_core.package_identification:_identify(src/learning) by extension 'ignore'
[2.614s] Level 1:colcon.colcon_core.package_identification:_identify(src/learning) by extension 'ignore_ament_install'
[2.615s] Level 1:colcon.colcon_core.package_identification:_identify(src/learning) by extensions ['colcon_pkg']
[2.615s] Level 1:colcon.colcon_core.package_identification:_identify(src/learning) by extension 'colcon_pkg'
[2.615s] Level 1:colcon.colcon_core.package_identification:_identify(src/learning) by extensions ['colcon_meta']
[2.615s] Level 1:colcon.colcon_core.package_identification:_identify(src/learning) by extension 'colcon_meta'
[2.616s] Level 1:colcon.colcon_core.package_identification:_identify(src/learning) by extensions ['ros']
[2.616s] Level 1:colcon.colcon_core.package_identification:_identify(src/learning) by extension 'ros'
[2.623s] DEBUG:colcon.colcon_core.package_identification:Package 'src/learning' with type 'ros.ament_python' and name 'learning'
[2.623s] Level 1:colcon.colcon_core.package_discovery:discover_packages(recursive) using defaults
[2.624s] Level 1:colcon.colcon_core.package_discovery:discover_packages(ignore) discover
[2.625s] Level 1:colcon.colcon_core.package_discovery:discover_packages(ignore) using defaults
[2.625s] Level 1:colcon.colcon_core.package_discovery:discover_packages(path) discover
[2.625s] Level 1:colcon.colcon_core.package_discovery:discover_packages(path) using defaults
[2.767s] INFO:colcon.colcon_core.package_selection:Skipping not selected package 'ai' in 'src/ai'
[2.767s] INFO:colcon.colcon_core.package_selection:Skipping not selected package 'learning' in 'src/learning'
[2.774s] Level 5:colcon.colcon_core.verb:set package 'lcm' build argument 'cmake_args' from command line to 'None'
[2.774s] Level 5:colcon.colcon_core.verb:set package 'lcm' build argument 'cmake_target' from command line to 'None'
[2.774s] Level 5:colcon.colcon_core.verb:set package 'lcm' build argument 'cmake_target_skip_unavailable' from command line to 'False'
[2.775s] Level 5:colcon.colcon_core.verb:set package 'lcm' build argument 'cmake_clean_cache' from command line to 'False'
[2.775s] Level 5:colcon.colcon_core.verb:set package 'lcm' build argument 'cmake_clean_first' from command line to 'False'
[2.775s] Level 5:colcon.colcon_core.verb:set package 'lcm' build argument 'cmake_force_configure' from command line to 'False'
[2.775s] Level 5:colcon.colcon_core.verb:set package 'lcm' build argument 'ament_cmake_args' from command line to 'None'
[2.776s] Level 5:colcon.colcon_core.verb:set package 'lcm' build argument 'catkin_cmake_args' from command line to 'None'
[2.776s] Level 5:colcon.colcon_core.verb:set package 'lcm' build argument 'catkin_skip_building_tests' from command line to 'False'
[2.776s] DEBUG:colcon.colcon_core.verb:Building package 'lcm' with the following arguments: {'ament_cmake_args': None, 'build_base': '/home/mi/workplace/build/lcm', 'catkin_cmake_args': None, 'catkin_skip_building_tests': False, 'cmake_args': None, 'cmake_clean_cache': False, 'cmake_clean_first': False, 'cmake_force_configure': False, 'cmake_target': None, 'cmake_target_skip_unavailable': False, 'install_base': '/home/mi/workplace/install/lcm', 'merge_install': False, 'path': '/home/mi/workplace/src/lcm', 'symlink_install': False, 'test_result_base': None}
[2.851s] INFO:colcon.colcon_core.executor:Executing jobs using 'parallel' executor
[2.867s] DEBUG:colcon.colcon_parallel_executor.executor.parallel:run_until_complete
[2.869s] INFO:colcon.colcon_ros.task.ament_python.build:Building ROS package in '/home/mi/workplace/src/lcm' with build type 'ament_python'
[2.870s] Level 1:colcon.colcon_core.shell:create_environment_hook('lcm', 'ament_prefix_path')
[2.903s] INFO:colcon.colcon_core.plugin_system:Skipping extension 'colcon_core.shell.bat': Not used on non-Windows systems
[2.905s] INFO:colcon.colcon_core.shell:Creating environment hook '/home/mi/workplace/install/lcm/share/lcm/hook/ament_prefix_path.ps1'
[2.910s] INFO:colcon.colcon_core.shell:Creating environment descriptor '/home/mi/workplace/install/lcm/share/lcm/hook/ament_prefix_path.dsv'
[2.913s] INFO:colcon.colcon_core.shell:Creating environment hook '/home/mi/workplace/install/lcm/share/lcm/hook/ament_prefix_path.sh'
[2.923s] INFO:colcon.colcon_core.shell:Skip shell extension 'powershell' for command environment: Not usable outside of PowerShell
[2.923s] DEBUG:colcon.colcon_core.shell:Skip shell extension 'dsv' for command environment
[4.644s] INFO:colcon.colcon_core.task.python.build:Building Python package in '/home/mi/workplace/src/lcm'
[4.651s] INFO:colcon.colcon_core.shell:Skip shell extension 'powershell' for command environment: Not usable outside of PowerShell
[4.652s] DEBUG:colcon.colcon_core.shell:Skip shell extension 'dsv' for command environment
[7.162s] DEBUG:colcon.colcon_core.event_handler.log_command:Invoking command in '/home/mi/workplace/src/lcm': PYTHONPATH=/home/mi/workplace/install/lcm/lib/python3.6/site-packages:${PYTHONPATH} /usr/bin/python3 setup.py egg_info --egg-base ../../build/lcm build --build-base /home/mi/workplace/build/lcm/build install --prefix /home/mi/workplace/install/lcm --record /home/mi/workplace/build/lcm/install.log --single-version-externally-managed
[9.185s] DEBUG:colcon.colcon_core.event_handler.log_command:Invoked command in '/home/mi/workplace/src/lcm' returned '0': PYTHONPATH=/home/mi/workplace/install/lcm/lib/python3.6/site-packages:${PYTHONPATH} /usr/bin/python3 setup.py egg_info --egg-base ../../build/lcm build --build-base /home/mi/workplace/build/lcm/build install --prefix /home/mi/workplace/install/lcm --record /home/mi/workplace/build/lcm/install.log --single-version-externally-managed
[9.208s] Level 1:colcon.colcon_core.environment:checking '/home/mi/workplace/install/lcm' for CMake module files
[9.212s] Level 1:colcon.colcon_core.environment:checking '/home/mi/workplace/install/lcm' for CMake config files
[9.219s] Level 1:colcon.colcon_core.environment:checking '/home/mi/workplace/install/lcm/lib'
[9.220s] Level 1:colcon.colcon_core.environment:checking '/home/mi/workplace/install/lcm/bin'
[9.220s] Level 1:colcon.colcon_core.environment:checking '/home/mi/workplace/install/lcm/lib/pkgconfig/lcm.pc'
[9.220s] Level 1:colcon.colcon_core.environment:checking '/home/mi/workplace/install/lcm/lib/python3.6/site-packages'
[9.221s] Level 1:colcon.colcon_core.shell:create_environment_hook('lcm', 'pythonpath')
[9.225s] INFO:colcon.colcon_core.shell:Creating environment hook '/home/mi/workplace/install/lcm/share/lcm/hook/pythonpath.ps1'
[9.228s] INFO:colcon.colcon_core.shell:Creating environment descriptor '/home/mi/workplace/install/lcm/share/lcm/hook/pythonpath.dsv'
[9.229s] INFO:colcon.colcon_core.shell:Creating environment hook '/home/mi/workplace/install/lcm/share/lcm/hook/pythonpath.sh'
[9.231s] Level 1:colcon.colcon_core.environment:create_environment_scripts_only(lcm)
[9.235s] INFO:colcon.colcon_core.shell:Creating package script '/home/mi/workplace/install/lcm/share/lcm/package.ps1'
[9.243s] INFO:colcon.colcon_core.shell:Creating package descriptor '/home/mi/workplace/install/lcm/share/lcm/package.dsv'
[9.248s] INFO:colcon.colcon_core.shell:Creating package script '/home/mi/workplace/install/lcm/share/lcm/package.sh'
[9.255s] INFO:colcon.colcon_core.shell:Creating package script '/home/mi/workplace/install/lcm/share/lcm/package.bash'
[9.260s] INFO:colcon.colcon_core.shell:Creating package script '/home/mi/workplace/install/lcm/share/lcm/package.zsh'
[9.265s] Level 1:colcon.colcon_core.environment:create_file_with_runtime_dependencies(/home/mi/workplace/install/lcm/share/colcon-core/packages/lcm)
[9.269s] DEBUG:colcon.colcon_parallel_executor.executor.parallel:closing loop
[9.272s] DEBUG:colcon.colcon_parallel_executor.executor.parallel:loop closed
[9.272s] DEBUG:colcon.colcon_parallel_executor.executor.parallel:run_until_complete finished with '0'
[9.273s] DEBUG:colcon.colcon_core.event_reactor:joining thread
[9.308s] INFO:colcon.colcon_core.plugin_system:Skipping extension 'colcon_notification.desktop_notification.terminal_notifier': Not used on non-Darwin systems
[9.309s] INFO:colcon.colcon_core.plugin_system:Skipping extension 'colcon_notification.desktop_notification.win32': Not used on non-Windows systems
[9.310s] INFO:colcon.colcon_notification.desktop_notification:Sending desktop notification using 'notify2'
[9.382s] DEBUG:colcon.colcon_core.event_reactor:joined thread
[9.386s] INFO:colcon.colcon_core.shell:Creating prefix script '/home/mi/workplace/install/local_setup.ps1'
[9.395s] INFO:colcon.colcon_core.shell:Creating prefix util module '/home/mi/workplace/install/_local_setup_util_ps1.py'
[9.404s] INFO:colcon.colcon_core.shell:Creating prefix chain script '/home/mi/workplace/install/setup.ps1'
[9.412s] INFO:colcon.colcon_core.shell:Creating prefix script '/home/mi/workplace/install/local_setup.sh'
[9.416s] INFO:colcon.colcon_core.shell:Creating prefix util module '/home/mi/workplace/install/_local_setup_util_sh.py'
[9.419s] INFO:colcon.colcon_core.shell:Creating prefix chain script '/home/mi/workplace/install/setup.sh'
[9.427s] INFO:colcon.colcon_core.shell:Creating prefix script '/home/mi/workplace/install/local_setup.bash'
[9.431s] INFO:colcon.colcon_core.shell:Creating prefix chain script '/home/mi/workplace/install/setup.bash'
[9.438s] INFO:colcon.colcon_core.shell:Creating prefix script '/home/mi/workplace/install/local_setup.zsh'
[9.442s] INFO:colcon.colcon_core.shell:Creating prefix chain script '/home/mi/workplace/install/setup.zsh'
