2024-05-10 21:49:29.575 [info] 日志级别: Info
2024-05-10 21:49:29.575 [info] 正在验证在以下位置找到的 git: "git"
2024-05-10 21:49:29.575 [info] 将使用位于 "2.17.1" 的 Git "git"
2024-05-10 21:49:29.575 [info] > git rev-parse --show-toplevel [2273ms]
2024-05-10 21:49:29.575 [info] > git rev-parse --git-dir --git-common-dir [227ms]
2024-05-10 21:49:29.575 [info] Open repository: /home/mi
2024-05-10 21:49:29.586 [info] > git rev-parse --show-toplevel [113ms]
2024-05-10 21:49:29.592 [info] > git config --get commit.template [136ms]
2024-05-10 21:49:29.695 [info] > git rev-parse --show-toplevel [82ms]
2024-05-10 21:49:29.726 [info] > git for-each-ref --format=%(refname)%00%(upstream:short)%00%(objectname)%00%(upstream:track)%00%(upstream:remotename)%00%(upstream:remoteref) refs/heads/main refs/remotes/main [76ms]
2024-05-10 21:49:29.731 [info] > git rev-parse --show-toplevel [15ms]
2024-05-10 21:49:29.782 [info] > git rev-parse --show-toplevel [23ms]
2024-05-10 21:49:29.943 [info] > git rev-parse --show-toplevel [107ms]
2024-05-10 21:49:31.028 [info] > git check-ignore -v -z --stdin [243ms]
2024-05-10 21:49:31.036 [info] > git rev-parse --show-toplevel [292ms]
2024-05-10 21:49:31.881 [info] > git rev-parse --show-toplevel [775ms]
2024-05-10 21:49:32.373 [info] > git status -z -uall [2564ms]
2024-05-10 21:49:32.377 [info] > git rev-parse --show-toplevel [460ms]
2024-05-10 21:49:37.157 [info] > git merge-base refs/heads/main refs/remotes/origin/main [4261ms]
2024-05-10 21:49:37.185 [info] > git rev-parse --show-toplevel [4782ms]
2024-05-10 21:49:37.261 [info] > git rev-list --count --left-right refs/heads/main...refs/remotes/origin/main [78ms]
2024-05-10 21:49:37.297 [info] > git config --get commit.template [409ms]
2024-05-10 21:49:37.351 [info] > git diff --name-status -z --diff-filter=ADMR 21626f168829463fbdb6bb865728de227f8f58f2...refs/remotes/origin/main [60ms]
2024-05-10 21:49:37.356 [info] > git rev-parse --show-toplevel [111ms]
2024-05-10 21:49:37.613 [info] > git rev-parse --show-toplevel [200ms]
2024-05-10 21:49:37.615 [info] > git for-each-ref --format=%(refname)%00%(upstream:short)%00%(objectname)%00%(upstream:track)%00%(upstream:remotename)%00%(upstream:remoteref) refs/heads/main refs/remotes/main [233ms]
2024-05-10 21:49:37.708 [info] > git rev-parse --show-toplevel [64ms]
2024-05-10 21:49:37.784 [info] > git rev-parse --show-toplevel [51ms]
2024-05-10 21:49:37.834 [info] > git rev-parse --show-toplevel [14ms]
2024-05-10 21:49:37.943 [info] > git rev-parse --show-toplevel [23ms]
2024-05-10 21:49:37.978 [info] > git rev-parse --show-toplevel [11ms]
2024-05-10 21:49:38.015 [info] > git rev-parse --show-toplevel [15ms]
2024-05-10 21:49:38.043 [info] > git rev-parse --show-toplevel [5ms]
2024-05-10 21:49:38.088 [info] > git rev-parse --show-toplevel [14ms]
2024-05-10 21:49:38.147 [info] > git status -z -uall [374ms]
2024-05-10 21:49:38.148 [info] > git rev-parse --show-toplevel [28ms]
2024-05-10 21:49:42.911 [info] > git check-ignore -v -z --stdin [4017ms]
2024-05-10 21:49:42.920 [info] > git rev-parse --show-toplevel [4744ms]
2024-05-10 21:49:43.518 [info] > git rev-parse --show-toplevel [39ms]
2024-05-10 21:49:43.595 [info] > git rev-parse --show-toplevel [35ms]
2024-05-10 21:49:43.649 [info] > git rev-parse --show-toplevel [12ms]
2024-05-10 21:49:43.692 [info] > git rev-parse --show-toplevel [11ms]
2024-05-10 21:49:43.729 [info] > git rev-parse --show-toplevel [8ms]
2024-05-10 21:49:43.771 [info] > git rev-parse --show-toplevel [9ms]
2024-05-10 21:49:43.815 [info] > git rev-parse --show-toplevel [10ms]
2024-05-10 21:49:43.882 [info] > git rev-parse --show-toplevel [31ms]
2024-05-10 21:49:43.915 [info] > git rev-parse --show-toplevel [6ms]
2024-05-10 21:49:43.965 [info] > git rev-parse --show-toplevel [23ms]
2024-05-10 21:49:44.157 [info] > git show --textconv :workplace/src/learning/learning/track.py [91ms]
2024-05-10 21:49:44.194 [info] > git ls-files --stage -- /home/mi/workplace/src/learning/learning/track.py [59ms]
2024-05-10 21:49:44.238 [info] > git cat-file -s f60747abe8d7a5eb5217f22bef3c88073fdec74a [16ms]
2024-05-10 21:49:44.572 [info] > git show --textconv :README.md [133ms]
2024-05-10 21:49:44.658 [info] > git ls-files --stage -- /home/mi/README.md [179ms]
2024-05-10 21:49:46.813 [info] > git cat-file -s eb1a8f7603f5cf2e3532f8ae24200e8afda0630f [2121ms]
2024-05-10 21:49:46.844 [info] > git config --get commit.template [56ms]
2024-05-10 21:49:46.924 [info] > git for-each-ref --format=%(refname)%00%(upstream:short)%00%(objectname)%00%(upstream:track)%00%(upstream:remotename)%00%(upstream:remoteref) refs/heads/main refs/remotes/main [48ms]
2024-05-10 21:49:47.951 [info] > git status -z -uall [915ms]
2024-05-10 21:53:58.298 [info] > git check-ignore -v -z --stdin [39ms]
2024-05-10 21:55:28.606 [info] > git check-ignore -v -z --stdin [19ms]
2024-05-10 21:55:38.274 [info] > git check-ignore -v -z --stdin [17ms]
2024-05-10 22:23:23.767 [info] > git show --textconv :workplace/src/learning/learning/move_x.py [51ms]
2024-05-10 22:23:23.774 [info] > git ls-files --stage -- /home/mi/workplace/src/learning/learning/move_x.py [19ms]
2024-05-10 22:23:23.803 [info] > git cat-file -s ce1ea152c6f840de9402267b4e62f606911418d8 [4ms]
2024-05-10 22:26:40.851 [info] > git show --textconv :README.md [33ms]
2024-05-10 22:26:40.865 [info] > git ls-files --stage -- /home/mi/README.md [18ms]
2024-05-10 22:26:40.897 [info] > git cat-file -s eb1a8f7603f5cf2e3532f8ae24200e8afda0630f [6ms]
2024-05-10 22:34:10.454 [info] > git show --textconv :workplace/src/learning/learning/move_x.py [26ms]
2024-05-10 22:34:10.464 [info] > git ls-files --stage -- /home/mi/workplace/src/learning/learning/move_x.py [15ms]
2024-05-10 22:34:10.502 [info] > git cat-file -s ce1ea152c6f840de9402267b4e62f606911418d8 [17ms]
2024-05-10 22:35:30.262 [info] > git show --textconv :README.md [32ms]
2024-05-10 22:35:30.283 [info] > git ls-files --stage -- /home/mi/README.md [25ms]
2024-05-10 22:35:30.319 [info] > git cat-file -s eb1a8f7603f5cf2e3532f8ae24200e8afda0630f [6ms]
2024-05-10 22:39:09.769 [info] > git show --textconv :workplace/src/learning/learning/move_x.py [33ms]
2024-05-10 22:39:09.780 [info] > git ls-files --stage -- /home/mi/workplace/src/learning/learning/move_x.py [17ms]
2024-05-10 22:39:09.818 [info] > git cat-file -s ce1ea152c6f840de9402267b4e62f606911418d8 [14ms]
2024-05-10 22:44:46.022 [info] > git show --textconv :README.md [38ms]
2024-05-10 22:44:46.031 [info] > git ls-files --stage -- /home/mi/README.md [20ms]
2024-05-10 22:44:46.069 [info] > git cat-file -s eb1a8f7603f5cf2e3532f8ae24200e8afda0630f [10ms]
2024-05-10 22:59:40.153 [info] > git config --get commit.template [40ms]
2024-05-10 22:59:40.155 [info] > git for-each-ref --format=%(refname)%00%(upstream:short)%00%(objectname)%00%(upstream:track)%00%(upstream:remotename)%00%(upstream:remoteref) refs/heads/main refs/remotes/main [9ms]
2024-05-10 22:59:40.638 [info] > git status -z -uall [453ms]
