[4.515s] Invoking command in '/home/mi/workplace/src/learning': PYTHONPATH=/home/mi/workplace/install/learning/lib/python3.6/site-packages:${PYTHONPATH} /usr/bin/python3 setup.py egg_info --egg-base ../../build/learning build --build-base /home/mi/workplace/build/learning/build install --prefix /home/mi/workplace/install/learning --record /home/mi/workplace/build/learning/install.log --single-version-externally-managed
[6.292s] running egg_info
[6.300s] writing ../../build/learning/learning.egg-info/PKG-INFO
[6.301s] writing dependency_links to ../../build/learning/learning.egg-info/dependency_links.txt
[6.301s] writing entry points to ../../build/learning/learning.egg-info/entry_points.txt
[6.302s] writing requirements to ../../build/learning/learning.egg-info/requires.txt
[6.302s] writing top-level names to ../../build/learning/learning.egg-info/top_level.txt
[6.318s] reading manifest file '../../build/learning/learning.egg-info/SOURCES.txt'
[6.325s] writing manifest file '../../build/learning/learning.egg-info/SOURCES.txt'
[6.326s] running build
[6.327s] running build_py
[6.330s] copying learning/get_loc.py -> /home/mi/workplace/build/learning/build/lib/learning
[6.332s] copying learning/move_x.py -> /home/mi/workplace/build/learning/build/lib/learning
[6.337s] running install
[6.341s] /usr/local/lib/python3.6/dist-packages/setuptools/command/install.py:37: SetuptoolsDeprecationWarning: setup.py install is deprecated. Use build and pip and other standards-based tools.
[6.342s]   setuptools.SetuptoolsDeprecationWarning,
[6.342s] running install_lib
[6.345s] copying /home/mi/workplace/build/learning/build/lib/learning/get_loc.py -> /home/mi/workplace/install/learning/lib/python3.6/site-packages/learning
[6.348s] copying /home/mi/workplace/build/learning/build/lib/learning/move_x.py -> /home/mi/workplace/install/learning/lib/python3.6/site-packages/learning
[6.351s] byte-compiling /home/mi/workplace/install/learning/lib/python3.6/site-packages/learning/get_loc.py to get_loc.cpython-36.pyc
[6.357s] byte-compiling /home/mi/workplace/install/learning/lib/python3.6/site-packages/learning/move_x.py to move_x.cpython-36.pyc
[6.366s] running install_data
[6.368s] running install_egg_info
[6.377s] removing '/home/mi/workplace/install/learning/lib/python3.6/site-packages/learning-0.0.0-py3.6.egg-info' (and everything under it)
[6.378s] Copying ../../build/learning/learning.egg-info to /home/mi/workplace/install/learning/lib/python3.6/site-packages/learning-0.0.0-py3.6.egg-info
[6.385s] running install_scripts
[6.479s] Installing camera script to /home/mi/workplace/install/learning/lib/learning
[6.481s] Installing crash script to /home/mi/workplace/install/learning/lib/learning
[6.482s] Installing data_receive script to /home/mi/workplace/install/learning/lib/learning
[6.485s] Installing get_data script to /home/mi/workplace/install/learning/lib/learning
[6.488s] Installing goal script to /home/mi/workplace/install/learning/lib/learning
[6.489s] Installing keeper script to /home/mi/workplace/install/learning/lib/learning
[6.489s] Installing main_node script to /home/mi/workplace/install/learning/lib/learning
[6.491s] Installing move_x script to /home/mi/workplace/install/learning/lib/learning
[6.493s] Installing rgb script to /home/mi/workplace/install/learning/lib/learning
[6.494s] Installing rotate script to /home/mi/workplace/install/learning/lib/learning
[6.495s] Installing rotate_until_center1 script to /home/mi/workplace/install/learning/lib/learning
[6.496s] Installing stand script to /home/mi/workplace/install/learning/lib/learning
[6.497s] Installing track script to /home/mi/workplace/install/learning/lib/learning
[6.498s] Installing walk_t_sec script to /home/mi/workplace/install/learning/lib/learning
[6.499s] Installing walktest script to /home/mi/workplace/install/learning/lib/learning
[6.500s] writing list of installed files to '/home/mi/workplace/build/learning/install.log'
[6.620s] Invoked command in '/home/mi/workplace/src/learning' returned '0': PYTHONPATH=/home/mi/workplace/install/learning/lib/python3.6/site-packages:${PYTHONPATH} /usr/bin/python3 setup.py egg_info --egg-base ../../build/learning build --build-base /home/mi/workplace/build/learning/build install --prefix /home/mi/workplace/install/learning --record /home/mi/workplace/build/learning/install.log --single-version-externally-managed
