[4.199s] Invoking command in '/home/mi/workplace/src/learning': PYTHONPATH=/home/mi/workplace/install/learning/lib/python3.6/site-packages:${PYTHONPATH} /usr/bin/python3 setup.py egg_info --egg-base ../../build/learning build --build-base /home/mi/workplace/build/learning/build install --prefix /home/mi/workplace/install/learning --record /home/mi/workplace/build/learning/install.log --single-version-externally-managed
[5.866s] running egg_info
[5.874s] writing ../../build/learning/learning.egg-info/PKG-INFO
[5.874s] writing dependency_links to ../../build/learning/learning.egg-info/dependency_links.txt
[5.878s] writing entry points to ../../build/learning/learning.egg-info/entry_points.txt
[5.879s] writing requirements to ../../build/learning/learning.egg-info/requires.txt
[5.880s] writing top-level names to ../../build/learning/learning.egg-info/top_level.txt
[5.891s] reading manifest file '../../build/learning/learning.egg-info/SOURCES.txt'
[5.900s] writing manifest file '../../build/learning/learning.egg-info/SOURCES.txt'
[5.904s] running build
[5.905s] running build_py
[5.906s] copying learning/data_receive.py -> /home/mi/workplace/build/learning/build/lib/learning
[5.906s] running install
[5.908s] /usr/local/lib/python3.6/dist-packages/setuptools/command/install.py:37: SetuptoolsDeprecationWarning: setup.py install is deprecated. Use build and pip and other standards-based tools.
[5.908s]   setuptools.SetuptoolsDeprecationWarning,
[5.909s] running install_lib
[5.912s] copying /home/mi/workplace/build/learning/build/lib/learning/data_receive.py -> /home/mi/workplace/install/learning/lib/python3.6/site-packages/learning
[5.916s] byte-compiling /home/mi/workplace/install/learning/lib/python3.6/site-packages/learning/data_receive.py to data_receive.cpython-36.pyc
[5.919s] running install_data
[5.923s] running install_egg_info
[5.936s] removing '/home/mi/workplace/install/learning/lib/python3.6/site-packages/learning-0.0.0-py3.6.egg-info' (and everything under it)
[5.946s] Copying ../../build/learning/learning.egg-info to /home/mi/workplace/install/learning/lib/python3.6/site-packages/learning-0.0.0-py3.6.egg-info
[5.946s] running install_scripts
[6.041s] Installing camera script to /home/mi/workplace/install/learning/lib/learning
[6.044s] Installing crash script to /home/mi/workplace/install/learning/lib/learning
[6.044s] Installing data_receive script to /home/mi/workplace/install/learning/lib/learning
[6.049s] Installing rgb script to /home/mi/workplace/install/learning/lib/learning
[6.050s] Installing stand script to /home/mi/workplace/install/learning/lib/learning
[6.050s] Installing track script to /home/mi/workplace/install/learning/lib/learning
[6.051s] Installing walktest script to /home/mi/workplace/install/learning/lib/learning
[6.051s] writing list of installed files to '/home/mi/workplace/build/learning/install.log'
[6.172s] Invoked command in '/home/mi/workplace/src/learning' returned '0': PYTHONPATH=/home/mi/workplace/install/learning/lib/python3.6/site-packages:${PYTHONPATH} /usr/bin/python3 setup.py egg_info --egg-base ../../build/learning build --build-base /home/mi/workplace/build/learning/build install --prefix /home/mi/workplace/install/learning --record /home/mi/workplace/build/learning/install.log --single-version-externally-managed
