1716645284.5222993 [INFO] [launch]: All log files can be found below /home/mi/.ros/log/2024-05-25-21-54-44-497621-mi-desktop-8620
1716645284.5242107 [INFO] [launch]: Default logging verbosity is set to INFO
1716645284.5991092 [INFO] [launch.user]: mi 正在初始化 launch ...
1716645284.6004367 [INFO] [launch.user]: 正在加载 launch 文件:/opt/ros2/cyberdog/share/cyberdog_bringup/launch/base.launch.py
1716645286.7781219 [INFO] [launch.user]: mi 正在初始化 base launch ...
1716645286.8426294 [INFO] [launch.user]: 正在加载 launch 文件:/opt/ros2/cyberdog/share/navigation_bringup/launch/navigation.launch.py
1716645286.8994808 [INFO] [launch.user]: navigation sleep ...
1716645289.4993072 [INFO] [cyberdog_vp_engine-12]: process started with pid [9307]
1716645289.6720443 [INFO] [stereo_camera-20]: process started with pid [9392]
1716645289.8530507 [INFO] [connector-1]: process started with pid [9216]
1716645289.8597760 [INFO] [cyberdog_audio-2]: process started with pid [9217]
1716645289.8606212 [INFO] [device_manager-3]: process started with pid [9223]
1716645289.8711882 [INFO] [sensor_manager-4]: process started with pid [9226]
1716645289.8898745 [INFO] [motion_manager-5]: process started with pid [9234]
1716645289.9081199 [INFO] [realsense2_actuator_node-6]: process started with pid [9236]
1716645289.9089110 [INFO] [cyberdog_manager-7]: process started with pid [9237]
1716645289.9297462 [INFO] [odom_out_publisher-8]: process started with pid [9241]
1716645289.9403501 [INFO] [motor_bridge-9]: process started with pid [9255]
1716645289.9595177 [INFO] [app_server-10]: process started with pid [9280]
1716645289.9605088 [INFO] [bes_transmit_waiter-11]: process started with pid [9303]
1716645289.9612491 [INFO] [cyberdog_face-13]: process started with pid [9317]
1716645289.9627454 [INFO] [cyberdog_action-14]: process started with pid [9322]
1716645289.9829340 [INFO] [cyberdog_interactive-15]: process started with pid [9344]
1716645289.9838989 [INFO] [cyberdog_train-16]: process started with pid [9355]
1716645289.9870341 [INFO] [cyberdog_ai_sports-17]: process started with pid [9362]
1716645289.9880893 [INFO] [camera_server-18]: process started with pid [9367]
1716645289.9904175 [INFO] [vision_manager-19]: process started with pid [9383]
1716645294.7788956 [vision_manager-19] [INFO] [1716645294.683922772] [vision_manager cyberdog_model]: cyberdog_model Constructor
1716645294.7875037 [vision_manager-19] [INFO] [1716645294.684378233] [vision_manager cyberdog_model]: is_specified_version: 0
1716645294.8264287 [vision_manager-19] [INFO] [1716645294.684498010] [vision_manager cyberdog_model]: specified_version: 0.0
1716645294.8353491 [vision_manager-19] [INFO] [1716645294.684604795] [vision_manager cyberdog_model]: module_name: auto_track
1716645294.8743370 [vision_manager-19] [INFO] [1716645294.684699900] [vision_manager cyberdog_model]: model_dir: /SDCARD/vision/auto_track/
1716645294.8749075 [vision_manager-19] [INFO] [1716645294.684799293] [vision_manager cyberdog_model]: temp_download_path: /SDCARD/vision/auto_track/temp/
1716645294.8752415 [vision_manager-19] [INFO] [1716645294.685757927] [vision_manager cyberdog_model]: cyberdog_model Constructor
1716645294.8755605 [vision_manager-19] [INFO] [1716645294.685899561] [vision_manager cyberdog_model]: is_specified_version: 0
1716645294.8758378 [vision_manager-19] [INFO] [1716645294.686010922] [vision_manager cyberdog_model]: specified_version: 0.0
1716645294.8761363 [vision_manager-19] [INFO] [1716645294.686110091] [vision_manager cyberdog_model]: module_name: body_gesture
1716645294.8764298 [vision_manager-19] [INFO] [1716645294.686211692] [vision_manager cyberdog_model]: model_dir: /SDCARD/vision/body_gesture/
1716645294.8767581 [vision_manager-19] [INFO] [1716645294.686308877] [vision_manager cyberdog_model]: temp_download_path: /SDCARD/vision/body_gesture/temp/
1716645295.0267529 [vision_manager-19] [INFO] [1716645294.747473200] [vision_manager cyberdog_model]: cyberdog_model Constructor
1716645295.0273969 [vision_manager-19] [INFO] [1716645294.747722994] [vision_manager cyberdog_model]: is_specified_version: 0
1716645295.0278156 [vision_manager-19] [INFO] [1716645294.747838515] [vision_manager cyberdog_model]: specified_version: 0.0
1716645295.0281494 [vision_manager-19] [INFO] [1716645294.747939956] [vision_manager cyberdog_model]: module_name: face_recognition/age
1716645295.0284405 [vision_manager-19] [INFO] [1716645294.748036981] [vision_manager cyberdog_model]: model_dir: /SDCARD/vision/face_recognition/age/
1716645295.0287175 [vision_manager-19] [INFO] [1716645294.748140759] [vision_manager cyberdog_model]: temp_download_path: /SDCARD/vision/face_recognition/age/temp/
1716645295.0289903 [vision_manager-19] [INFO] [1716645294.749218594] [vision_manager cyberdog_model]: cyberdog_model Constructor
1716645295.0292745 [vision_manager-19] [INFO] [1716645294.749380292] [vision_manager cyberdog_model]: is_specified_version: 0
1716645295.0295539 [vision_manager-19] [INFO] [1716645294.749486629] [vision_manager cyberdog_model]: specified_version: 0.0
1716645295.0298290 [vision_manager-19] [INFO] [1716645294.749640710] [vision_manager cyberdog_model]: module_name: face_recognition/detect
1716645295.0301168 [vision_manager-19] [INFO] [1716645294.749752072] [vision_manager cyberdog_model]: model_dir: /SDCARD/vision/face_recognition/detect/
1716645295.0303864 [vision_manager-19] [INFO] [1716645294.749856841] [vision_manager cyberdog_model]: temp_download_path: /SDCARD/vision/face_recognition/detect/temp/
1716645295.0844412 [vision_manager-19] [INFO] [1716645294.789520041] [vision_manager cyberdog_model]: cyberdog_model Constructor
1716645295.0952282 [vision_manager-19] [INFO] [1716645294.799938679] [vision_manager cyberdog_model]: is_specified_version: 0
1716645295.0957162 [vision_manager-19] [INFO] [1716645294.800153273] [vision_manager cyberdog_model]: specified_version: 0.0
1716645295.0960703 [vision_manager-19] [INFO] [1716645294.800258138] [vision_manager cyberdog_model]: module_name: face_recognition/emotion
1716645295.0963533 [vision_manager-19] [INFO] [1716645294.827513689] [vision_manager cyberdog_model]: model_dir: /SDCARD/vision/face_recognition/emotion/
1716645295.0966418 [vision_manager-19] [INFO] [1716645294.831741765] [vision_manager cyberdog_model]: temp_download_path: /SDCARD/vision/face_recognition/emotion/temp/
1716645295.0969248 [vision_manager-19] [INFO] [1716645294.832942098] [vision_manager cyberdog_model]: cyberdog_model Constructor
1716645295.0976746 [vision_manager-19] [INFO] [1716645294.833118804] [vision_manager cyberdog_model]: is_specified_version: 0
1716645295.1002829 [vision_manager-19] [INFO] [1716645294.833237237] [vision_manager cyberdog_model]: specified_version: 0.0
1716645295.1007423 [vision_manager-19] [INFO] [1716645294.833346710] [vision_manager cyberdog_model]: module_name: face_recognition/feature
1716645295.1150119 [vision_manager-19] [INFO] [1716645294.833470135] [vision_manager cyberdog_model]: model_dir: /SDCARD/vision/face_recognition/feature/
1716645295.1253893 [vision_manager-19] [INFO] [1716645294.833594649] [vision_manager cyberdog_model]: temp_download_path: /SDCARD/vision/face_recognition/feature/temp/
1716645295.1597891 [vision_manager-19] [INFO] [1716645294.908213385] [vision_manager cyberdog_model]: cyberdog_model Constructor
1716645295.1602707 [vision_manager-19] [INFO] [1716645294.908488012] [vision_manager cyberdog_model]: is_specified_version: 0
1716645295.1606088 [vision_manager-19] [INFO] [1716645294.908616685] [vision_manager cyberdog_model]: specified_version: 0.0
1716645295.1609221 [vision_manager-19] [INFO] [1716645294.908727342] [vision_manager cyberdog_model]: module_name: face_recognition/landmark
1716645295.1612241 [vision_manager-19] [INFO] [1716645294.908842031] [vision_manager cyberdog_model]: model_dir: /SDCARD/vision/face_recognition/landmark/
1716645295.1615298 [vision_manager-19] [INFO] [1716645294.908958737] [vision_manager cyberdog_model]: temp_download_path: /SDCARD/vision/face_recognition/landmark/temp/
1716645295.1618030 [vision_manager-19] [INFO] [1716645294.957080234] [vision_manager cyberdog_model]: cyberdog_model Constructor
1716645295.1621256 [vision_manager-19] [INFO] [1716645294.957436270] [vision_manager cyberdog_model]: is_specified_version: 0
1716645295.1624041 [vision_manager-19] [INFO] [1716645294.957586736] [vision_manager cyberdog_model]: specified_version: 0.0
1716645295.1627553 [vision_manager-19] [INFO] [1716645294.957685841] [vision_manager cyberdog_model]: module_name: keypoints_detection
1716645295.1630492 [vision_manager-19] [INFO] [1716645294.957786034] [vision_manager cyberdog_model]: model_dir: /SDCARD/vision/keypoints_detection/
1716645295.1633193 [vision_manager-19] [INFO] [1716645294.957886099] [vision_manager cyberdog_model]: temp_download_path: /SDCARD/vision/keypoints_detection/temp/
1716645295.3299997 [vision_manager-19] [INFO] [1716645294.983120668] [vision_manager cyberdog_model]: cyberdog_model Constructor
1716645295.3438506 [vision_manager-19] [INFO] [1716645294.983367071] [vision_manager cyberdog_model]: is_specified_version: 0
1716645295.3484950 [vision_manager-19] [INFO] [1716645294.983495424] [vision_manager cyberdog_model]: specified_version: 0.0
1716645295.3503957 [vision_manager-19] [INFO] [1716645294.983603777] [vision_manager cyberdog_model]: module_name: person_reid
1716645295.3602610 [vision_manager-19] [INFO] [1716645294.983708130] [vision_manager cyberdog_model]: model_dir: /SDCARD/vision/person_reid/
1716645295.3609328 [vision_manager-19] [INFO] [1716645294.983814179] [vision_manager cyberdog_model]: temp_download_path: /SDCARD/vision/person_reid/temp/
1716645295.4152024 [vision_manager-19] [INFO] [1716645295.108164606] [az1.vision_manager]: Vision manager constructor complated.
1716645295.5297818 [camera_server-18] [INFO] [1716645295.428589637] [MainCameraNode]: CameraServerNode: Creating node camera_server.
1716645297.1103864 [camera_server-18] [INFO] [1716645297.105890624] [uninitialized WebRTCManager]: WebRTCManager has been created
1716645297.1110718 [camera_server-18] [INFO] [1716645297.106287428] [CameraContext]: initialize: initialize
1716645297.1114395 [camera_server-18] [INFO] [1716645297.106742505] [MainCameraNode]: on_configure: camera_server Configuring
1716645297.1242881 [camera_server-18] [INFO] [1716645297.115672103] [CameraContext]: createSession: createSession
1716645297.1399605 [camera_server-18] [INFO] [1716645297.115932297] [MainCameraNode]: on_activate: camera_server Activating
1716645299.3211627 [INFO] [launch.user]: navigation launch nav2_base
1716645300.8334091 [INFO] [controller_server-21]: process started with pid [10191]
1716645300.8343234 [INFO] [planner_server-22]: process started with pid [10192]
1716645300.8349319 [INFO] [bt_navigator_pose-23]: process started with pid [10193]
1716645300.8353536 [INFO] [recoveries_server-24]: process started with pid [10194]
1716645300.8536630 [vision_manager-19] [INFO] [1716645299.837049245] [az1.vision_manager]: Received signal to download model. 
1716645300.8541327 [vision_manager-19] [INFO] [1716645299.837377409] [az1.vision_manager]: Internet is ready, begin to download model.
1716645300.8545179 [vision_manager-19] [INFO] [1716645299.837884518] [vision_manager cyberdog_model]: update models fuc begin
1716645300.8549924 [vision_manager-19] [INFO] [1716645299.838020936] [vision_manager cyberdog_model]: init fuc
1716645300.8554196 [vision_manager-19] [INFO] [1716645299.952497883] [vision_manager cyberdog_model]: auto_track has 2 versions in fsd
1716645300.8558209 [vision_manager-19] [INFO] [1716645299.952999200] [vision_manager cyberdog_model]: read model version in toml file
1716645300.8562388 [vision_manager-19] [INFO] [1716645299.953145665] [vision_manager cyberdog_model]: Get_Model_Version func 
1716645300.8566515 [vision_manager-19] [INFO] [1716645299.957258349] [vision_manager cyberdog_model]: read key value from toml successfully
1716645300.8570559 [vision_manager-19] [INFO] [1716645299.957439950] [vision_manager cyberdog_model]: the model version in toml file is 1.1 
1716645300.8574786 [vision_manager-19] [INFO] [1716645299.957601168] [vision_manager cyberdog_model]: temp toml path /SDCARD/vision/auto_track/temp/version.toml do not exist!
1716645300.8579483 [vision_manager-19] [INFO] [1716645299.957720145] [vision_manager cyberdog_model]: obj: 1.0/
1716645300.8583694 [vision_manager-19] [INFO] [1716645299.957822642] [vision_manager cyberdog_model]: obj: 1.1/
1716645300.8588159 [vision_manager-19] [INFO] [1716645299.957918163] [vision_manager cyberdog_model]: ftp_newest_version  is 1.1
1716645300.8592262 [vision_manager-19] [INFO] [1716645299.958019093] [vision_manager cyberdog_model]: nx_version  is 1.1
1716645300.8596225 [vision_manager-19] [INFO] [1716645299.958159350] [vision_manager cyberdog_model]: nx model version is the newest version
1716645300.8600273 [vision_manager-19] [INFO] [1716645299.958262711] [vision_manager cyberdog_model]: DownloadModels fuc
1716645300.8604636 [vision_manager-19] [INFO] [1716645299.958358776] [vision_manager cyberdog_model]: do not need download
1716645300.8609431 [vision_manager-19] [ERROR] [1716645299.958897854] [vision_manager cyberdog_model]: download failed or do not need download
1716645300.8613672 [vision_manager-19] [ERROR] [1716645299.959093056] [az1.vision_manager]: Download model from Fds fail. 
1716645300.8617976 [vision_manager-19] [INFO] [1716645299.959332834] [vision_manager cyberdog_model]: update models fuc begin
1716645300.8622322 [vision_manager-19] [INFO] [1716645299.959464388] [vision_manager cyberdog_model]: init fuc
1716645300.8650458 [vision_manager-19] [INFO] [1716645300.084761224] [vision_manager cyberdog_model]: body_gesture has 2 versions in fsd
1716645300.8656247 [vision_manager-19] [INFO] [1716645300.085013483] [vision_manager cyberdog_model]: read model version in toml file
1716645300.8687453 [vision_manager-19] [INFO] [1716645300.085155725] [vision_manager cyberdog_model]: Get_Model_Version func 
1716645300.8692770 [vision_manager-19] [INFO] [1716645300.090289251] [vision_manager cyberdog_model]: read key value from toml successfully
1716645300.8696053 [vision_manager-19] [INFO] [1716645300.090620166] [vision_manager cyberdog_model]: the model version in toml file is 1.1 
1716645300.8699272 [vision_manager-19] [INFO] [1716645300.090804904] [vision_manager cyberdog_model]: temp toml path /SDCARD/vision/body_gesture/temp/version.toml do not exist!
1716645300.8701982 [vision_manager-19] [INFO] [1716645300.090934985] [vision_manager cyberdog_model]: obj: 1.0/
1716645300.8732202 [vision_manager-19] [INFO] [1716645300.091036970] [vision_manager cyberdog_model]: obj: 1.1/
1716645300.8754086 [vision_manager-19] [INFO] [1716645300.091147052] [vision_manager cyberdog_model]: ftp_newest_version  is 1.1
1716645300.9028437 [vision_manager-19] [INFO] [1716645300.091245901] [vision_manager cyberdog_model]: nx_version  is 1.1
1716645300.9034848 [vision_manager-19] [INFO] [1716645300.091376942] [vision_manager cyberdog_model]: nx model version is the newest version
1716645300.9037983 [vision_manager-19] [INFO] [1716645300.091480175] [vision_manager cyberdog_model]: DownloadModels fuc
1716645300.9040875 [vision_manager-19] [INFO] [1716645300.091573904] [vision_manager cyberdog_model]: do not need download
1716645300.9168525 [vision_manager-19] [ERROR] [1716645300.091711154] [vision_manager cyberdog_model]: download failed or do not need download
1716645300.9200175 [vision_manager-19] [ERROR] [1716645300.091822835] [az1.vision_manager]: Download model from Fds fail. 
1716645300.9258230 [vision_manager-19] [INFO] [1716645300.092060533] [vision_manager cyberdog_model]: update models fuc begin
1716645300.9273272 [vision_manager-19] [INFO] [1716645300.092737276] [vision_manager cyberdog_model]: init fuc
1716645300.9277990 [vision_manager-19] [INFO] [1716645300.193959300] [vision_manager cyberdog_model]: face_recognition/age has 2 versions in fsd
1716645300.9296672 [vision_manager-19] [INFO] [1716645300.194406441] [vision_manager cyberdog_model]: read model version in toml file
1716645300.9300873 [vision_manager-19] [INFO] [1716645300.194700364] [vision_manager cyberdog_model]: Get_Model_Version func 
1716645300.9332111 [vision_manager-19] [INFO] [1716645300.197152518] [vision_manager cyberdog_model]: read key value from toml successfully
1716645300.9352484 [vision_manager-19] [INFO] [1716645300.197477417] [vision_manager cyberdog_model]: the model version in toml file is 1.1 
1716645300.9393857 [vision_manager-19] [INFO] [1716645300.198720662] [vision_manager cyberdog_model]: temp toml path /SDCARD/vision/face_recognition/age/temp/version.toml do not exist!
1716645300.9413683 [vision_manager-19] [INFO] [1716645300.198900824] [vision_manager cyberdog_model]: obj: 1.0/
1716645300.9420288 [vision_manager-19] [INFO] [1716645300.199260124] [vision_manager cyberdog_model]: obj: 1.1/
1716645300.9423461 [vision_manager-19] [INFO] [1716645300.199624672] [vision_manager cyberdog_model]: ftp_newest_version  is 1.1
1716645300.9427259 [vision_manager-19] [INFO] [1716645300.199749697] [vision_manager cyberdog_model]: nx_version  is 1.1
1716645300.9430144 [vision_manager-19] [INFO] [1716645300.199942243] [vision_manager cyberdog_model]: nx model version is the newest version
1716645300.9433587 [vision_manager-19] [INFO] [1716645300.205080985] [vision_manager cyberdog_model]: DownloadModels fuc
1716645300.9822984 [vision_manager-19] [INFO] [1716645300.205202874] [vision_manager cyberdog_model]: do not need download
1716645300.9842517 [vision_manager-19] [ERROR] [1716645300.205299259] [vision_manager cyberdog_model]: download failed or do not need download
1716645300.9858906 [vision_manager-19] [ERROR] [1716645300.205590302] [az1.vision_manager]: Download model from Fds fail. 
1716645300.9904821 [vision_manager-19] [INFO] [1716645300.205825985] [vision_manager cyberdog_model]: update models fuc begin
1716645300.9910016 [vision_manager-19] [INFO] [1716645300.205925314] [vision_manager cyberdog_model]: init fuc
1716645300.9913702 [vision_manager-19] [INFO] [1716645300.303973736] [vision_manager cyberdog_model]: face_recognition/detect has 2 versions in fsd
1716645300.9917321 [vision_manager-19] [INFO] [1716645300.304442125] [vision_manager cyberdog_model]: read model version in toml file
1716645300.9920907 [vision_manager-19] [INFO] [1716645300.304609519] [vision_manager cyberdog_model]: Get_Model_Version func 
1716645300.9977515 [vision_manager-19] [INFO] [1716645300.307003048] [vision_manager cyberdog_model]: read key value from toml successfully
1716645301.0016932 [vision_manager-19] [INFO] [1716645300.307279531] [vision_manager cyberdog_model]: the model version in toml file is 1.1 
1716645301.0021613 [vision_manager-19] [INFO] [1716645300.307444173] [vision_manager cyberdog_model]: temp toml path /SDCARD/vision/face_recognition/detect/temp/version.toml do not exist!
1716645301.0027659 [vision_manager-19] [INFO] [1716645300.307949874] [vision_manager cyberdog_model]: obj: 1.0/
1716645301.0031412 [vision_manager-19] [INFO] [1716645300.308066643] [vision_manager cyberdog_model]: obj: 1.1/
1716645301.0034590 [vision_manager-19] [INFO] [1716645300.308166100] [vision_manager cyberdog_model]: ftp_newest_version  is 1.1
1716645301.0037487 [vision_manager-19] [INFO] [1716645300.308263509] [vision_manager cyberdog_model]: nx_version  is 1.1
1716645301.0040271 [vision_manager-19] [INFO] [1716645300.308393495] [vision_manager cyberdog_model]: nx model version is the newest version
1716645301.0046737 [vision_manager-19] [INFO] [1716645300.308492664] [vision_manager cyberdog_model]: DownloadModels fuc
1716645301.0049984 [vision_manager-19] [INFO] [1716645300.308587385] [vision_manager cyberdog_model]: do not need download
1716645301.0053067 [vision_manager-19] [ERROR] [1716645300.308678746] [vision_manager cyberdog_model]: download failed or do not need download
1716645301.0056350 [vision_manager-19] [ERROR] [1716645300.308792443] [az1.vision_manager]: Download model from Fds fail. 
1716645301.0059268 [vision_manager-19] [INFO] [1716645300.309022045] [vision_manager cyberdog_model]: update models fuc begin
1716645301.0179732 [vision_manager-19] [INFO] [1716645300.309117438] [vision_manager cyberdog_model]: init fuc
1716645301.0194800 [vision_manager-19] [INFO] [1716645300.416057282] [vision_manager cyberdog_model]: face_recognition/emotion has 1 versions in fsd
1716645301.0199847 [vision_manager-19] [INFO] [1716645300.416309093] [vision_manager cyberdog_model]: read model version in toml file
1716645301.0203424 [vision_manager-19] [INFO] [1716645300.416448358] [vision_manager cyberdog_model]: Get_Model_Version func 
1716645301.0206528 [vision_manager-19] [INFO] [1716645300.421025014] [vision_manager cyberdog_model]: read key value from toml successfully
1716645301.0209572 [vision_manager-19] [INFO] [1716645300.421244537] [vision_manager cyberdog_model]: the model version in toml file is 1.1 
1716645301.0212436 [vision_manager-19] [INFO] [1716645300.421440411] [vision_manager cyberdog_model]: temp toml path /SDCARD/vision/face_recognition/emotion/temp/version.toml do not exist!
1716645301.0215693 [vision_manager-19] [INFO] [1716645300.421969664] [vision_manager cyberdog_model]: obj: 1.1/
1716645301.0218709 [vision_manager-19] [INFO] [1716645300.422079745] [vision_manager cyberdog_model]: ftp_newest_version  is 1.1
1716645301.0341902 [vision_manager-19] [INFO] [1716645300.422180290] [vision_manager cyberdog_model]: nx_version  is 1.1
1716645301.0350168 [vision_manager-19] [INFO] [1716645300.422273475] [vision_manager cyberdog_model]: nx model version is the newest version
1716645301.0357075 [vision_manager-19] [INFO] [1716645300.422372580] [vision_manager cyberdog_model]: DownloadModels fuc
1716645301.0363204 [vision_manager-19] [INFO] [1716645300.422561958] [vision_manager cyberdog_model]: do not need download
1716645301.0420289 [vision_manager-19] [ERROR] [1716645300.422660007] [vision_manager cyberdog_model]: download failed or do not need download
1716645301.0425167 [vision_manager-19] [ERROR] [1716645300.422776809] [az1.vision_manager]: Download model from Fds fail. 
1716645301.0429299 [vision_manager-19] [INFO] [1716645300.423014699] [vision_manager cyberdog_model]: update models fuc begin
1716645301.0432849 [vision_manager-19] [INFO] [1716645300.423113164] [vision_manager cyberdog_model]: init fuc
1716645301.0460529 [vision_manager-19] [INFO] [1716645300.536041999] [vision_manager cyberdog_model]: face_recognition/feature has 2 versions in fsd
1716645301.0465062 [vision_manager-19] [INFO] [1716645300.536455603] [vision_manager cyberdog_model]: read model version in toml file
1716645301.0519953 [vision_manager-19] [INFO] [1716645300.536637237] [vision_manager cyberdog_model]: Get_Model_Version func 
1716645301.0524757 [vision_manager-19] [INFO] [1716645300.540518462] [vision_manager cyberdog_model]: read key value from toml successfully
1716645301.0527995 [vision_manager-19] [INFO] [1716645300.540736224] [vision_manager cyberdog_model]: the model version in toml file is 1.1 
1716645301.0555627 [vision_manager-19] [INFO] [1716645300.540895714] [vision_manager cyberdog_model]: temp toml path /SDCARD/vision/face_recognition/feature/temp/version.toml do not exist!
1716645301.0561593 [vision_manager-19] [INFO] [1716645300.541025731] [vision_manager cyberdog_model]: obj: 1.1/
1716645301.0595455 [vision_manager-19] [INFO] [1716645300.541128644] [vision_manager cyberdog_model]: obj: 1/
1716645301.0603220 [vision_manager-19] [INFO] [1716645300.541234853] [vision_manager cyberdog_model]: ftp_newest_version  is 1.1
1716645301.0606604 [vision_manager-19] [INFO] [1716645300.541539017] [vision_manager cyberdog_model]: nx_version  is 1.1
1716645301.0609939 [vision_manager-19] [INFO] [1716645300.541699850] [vision_manager cyberdog_model]: nx model version is the newest version
1716645301.0612915 [vision_manager-19] [INFO] [1716645300.541811916] [vision_manager cyberdog_model]: DownloadModels fuc
1716645301.0663297 [vision_manager-19] [INFO] [1716645300.541914989] [vision_manager cyberdog_model]: do not need download
1716645301.1401298 [vision_manager-19] [ERROR] [1716645300.542009582] [vision_manager cyberdog_model]: download failed or do not need download
1716645301.1411898 [vision_manager-19] [ERROR] [1716645300.542202608] [az1.vision_manager]: Download model from Fds fail. 
1716645301.1415577 [vision_manager-19] [INFO] [1716645300.542580692] [vision_manager cyberdog_model]: update models fuc begin
1716645301.1549582 [vision_manager-19] [INFO] [1716645300.542682709] [vision_manager cyberdog_model]: init fuc
1716645301.1593373 [vision_manager-19] [INFO] [1716645300.655911451] [vision_manager cyberdog_model]: face_recognition/landmark has 1 versions in fsd
1716645301.1605771 [vision_manager-19] [INFO] [1716645300.656159293] [vision_manager cyberdog_model]: read model version in toml file
1716645301.1633065 [vision_manager-19] [INFO] [1716645300.656303711] [vision_manager cyberdog_model]: Get_Model_Version func 
1716645301.1648710 [vision_manager-19] [INFO] [1716645300.662619841] [vision_manager cyberdog_model]: read key value from toml successfully
1716645301.1652184 [vision_manager-19] [INFO] [1716645300.662855140] [vision_manager cyberdog_model]: the model version in toml file is 1.1 
1716645301.1655474 [vision_manager-19] [INFO] [1716645300.662999301] [vision_manager cyberdog_model]: temp toml path /SDCARD/vision/face_recognition/landmark/temp/version.toml do not exist!
1716645301.1658444 [vision_manager-19] [INFO] [1716645300.663133255] [vision_manager cyberdog_model]: obj: 1.1/
1716645301.1661119 [vision_manager-19] [INFO] [1716645300.663233704] [vision_manager cyberdog_model]: ftp_newest_version  is 1.1
1716645301.1663790 [vision_manager-19] [INFO] [1716645300.663372073] [vision_manager cyberdog_model]: nx_version  is 1.1
1716645301.1667638 [vision_manager-19] [INFO] [1716645300.663748717] [vision_manager cyberdog_model]: nx model version is the newest version
1716645301.1670423 [vision_manager-19] [INFO] [1716645300.665073755] [vision_manager cyberdog_model]: DownloadModels fuc
1716645301.1673045 [vision_manager-19] [INFO] [1716645300.665208188] [vision_manager cyberdog_model]: do not need download
1716645301.1675689 [vision_manager-19] [ERROR] [1716645300.665312541] [vision_manager cyberdog_model]: download failed or do not need download
1716645301.1678565 [vision_manager-19] [ERROR] [1716645300.665432255] [az1.vision_manager]: Download model from Fds fail. 
1716645301.1681201 [vision_manager-19] [INFO] [1716645300.665690657] [vision_manager cyberdog_model]: update models fuc begin
1716645301.1683762 [vision_manager-19] [INFO] [1716645300.665789730] [vision_manager cyberdog_model]: init fuc
1716645301.1686239 [vision_manager-19] [INFO] [1716645300.778910599] [vision_manager cyberdog_model]: keypoints_detection has 2 versions in fsd
1716645301.4052253 [vision_manager-19] [INFO] [1716645300.779181514] [vision_manager cyberdog_model]: read model version in toml file
1716645301.4070148 [vision_manager-19] [INFO] [1716645300.779344556] [vision_manager cyberdog_model]: Get_Model_Version func 
1716645301.4315078 [vision_manager-19] [INFO] [1716645300.784091710] [vision_manager cyberdog_model]: read key value from toml successfully
1716645301.4330542 [vision_manager-19] [INFO] [1716645300.784299072] [vision_manager cyberdog_model]: the model version in toml file is 1.1 
1716645301.4337358 [vision_manager-19] [INFO] [1716645300.784479394] [vision_manager cyberdog_model]: temp toml path /SDCARD/vision/keypoints_detection/temp/version.toml do not exist!
1716645301.4345086 [vision_manager-19] [INFO] [1716645300.784618819] [vision_manager cyberdog_model]: obj: 1.0/
1716645301.4349389 [vision_manager-19] [INFO] [1716645300.784735300] [vision_manager cyberdog_model]: obj: 1.1/
1716645301.4353118 [vision_manager-19] [INFO] [1716645300.784851238] [vision_manager cyberdog_model]: ftp_newest_version  is 1.1
1716645301.4362643 [vision_manager-19] [INFO] [1716645300.784962887] [vision_manager cyberdog_model]: nx_version  is 1.1
1716645301.4368439 [vision_manager-19] [INFO] [1716645300.785090056] [vision_manager cyberdog_model]: nx model version is the newest version
1716645301.4371920 [vision_manager-19] [INFO] [1716645300.785217961] [vision_manager cyberdog_model]: DownloadModels fuc
1716645301.4422138 [vision_manager-19] [INFO] [1716645300.785332139] [vision_manager cyberdog_model]: do not need download
1716645301.4427044 [vision_manager-19] [ERROR] [1716645300.785462092] [vision_manager cyberdog_model]: download failed or do not need download
1716645301.4434955 [vision_manager-19] [ERROR] [1716645300.785587405] [az1.vision_manager]: Download model from Fds fail. 
1716645301.4438586 [vision_manager-19] [INFO] [1716645300.785835280] [vision_manager cyberdog_model]: update models fuc begin
1716645301.4441524 [vision_manager-19] [INFO] [1716645300.785935153] [vision_manager cyberdog_model]: init fuc
1716645301.5205412 [vision_manager-19] [INFO] [1716645300.947923063] [vision_manager cyberdog_model]: person_reid has 2 versions in fsd
1716645301.5211978 [vision_manager-19] [INFO] [1716645300.948170842] [vision_manager cyberdog_model]: read model version in toml file
1716645301.5215273 [vision_manager-19] [INFO] [1716645300.948324572] [vision_manager cyberdog_model]: Get_Model_Version func 
1716645301.5218089 [vision_manager-19] [INFO] [1716645300.954798848] [vision_manager cyberdog_model]: read key value from toml successfully
1716645301.5221875 [vision_manager-19] [INFO] [1716645300.955029986] [vision_manager cyberdog_model]: the model version in toml file is 1.1 
1716645301.5225155 [vision_manager-19] [INFO] [1716645300.955187844] [vision_manager cyberdog_model]: temp toml path /SDCARD/vision/person_reid/temp/version.toml do not exist!
1716645301.5228198 [vision_manager-19] [INFO] [1716645300.955331525] [vision_manager cyberdog_model]: obj: 1.0/
1716645301.5231757 [vision_manager-19] [INFO] [1716645300.955597160] [vision_manager cyberdog_model]: obj: 1.1/
1716645301.5234535 [vision_manager-19] [INFO] [1716645300.955742634] [vision_manager cyberdog_model]: ftp_newest_version  is 1.1
1716645301.5237072 [vision_manager-19] [INFO] [1716645300.955869323] [vision_manager cyberdog_model]: nx_version  is 1.1
1716645301.5239613 [vision_manager-19] [INFO] [1716645300.955983372] [vision_manager cyberdog_model]: nx model version is the newest version
1716645301.5243497 [vision_manager-19] [INFO] [1716645300.956092877] [vision_manager cyberdog_model]: DownloadModels fuc
1716645301.5246258 [vision_manager-19] [INFO] [1716645300.956187310] [vision_manager cyberdog_model]: do not need download
1716645301.5248940 [vision_manager-19] [ERROR] [1716645300.956278767] [vision_manager cyberdog_model]: download failed or do not need download
1716645301.5254977 [vision_manager-19] [ERROR] [1716645300.957460284] [az1.vision_manager]: Download model from Fds fail. 
1716645301.5258064 [vision_manager-19] [INFO] [1716645300.958834506] [az1.vision_manager]: Received signal to download model. 
1716645301.5260923 [vision_manager-19] [INFO] [1716645300.959084717] [az1.vision_manager]: Internet is ready, begin to download model.
1716645301.5266695 [vision_manager-19] [INFO] [1716645300.959267727] [vision_manager cyberdog_model]: update models fuc begin
1716645301.5269704 [vision_manager-19] [INFO] [1716645300.959420720] [vision_manager cyberdog_model]: init fuc
1716645301.5272372 [vision_manager-19] [INFO] [1716645301.120095049] [vision_manager cyberdog_model]: auto_track has 2 versions in fsd
1716645301.5276022 [vision_manager-19] [INFO] [1716645301.120348267] [vision_manager cyberdog_model]: read model version in toml file
1716645301.5278847 [vision_manager-19] [INFO] [1716645301.120491469] [vision_manager cyberdog_model]: Get_Model_Version func 
1716645301.5281577 [vision_manager-19] [INFO] [1716645301.145456115] [vision_manager cyberdog_model]: read key value from toml successfully
1716645301.5286071 [vision_manager-19] [INFO] [1716645301.145826743] [vision_manager cyberdog_model]: the model version in toml file is 1.1 
1716645301.5288930 [vision_manager-19] [INFO] [1716645301.145989017] [vision_manager cyberdog_model]: temp toml path /SDCARD/vision/auto_track/temp/version.toml do not exist!
1716645301.5291524 [vision_manager-19] [INFO] [1716645301.146142170] [vision_manager cyberdog_model]: obj: 1.0/
1716645301.5294104 [vision_manager-19] [INFO] [1716645301.146244699] [vision_manager cyberdog_model]: obj: 1.1/
1716645301.5297668 [vision_manager-19] [INFO] [1716645301.146343325] [vision_manager cyberdog_model]: ftp_newest_version  is 1.1
1716645301.5300765 [vision_manager-19] [INFO] [1716645301.146495870] [vision_manager cyberdog_model]: nx_version  is 1.1
1716645301.5303392 [vision_manager-19] [INFO] [1716645301.146609855] [vision_manager cyberdog_model]: nx model version is the newest version
1716645301.5308485 [vision_manager-19] [INFO] [1716645301.146709472] [vision_manager cyberdog_model]: DownloadModels fuc
1716645301.5313287 [vision_manager-19] [INFO] [1716645301.146822850] [vision_manager cyberdog_model]: do not need download
1716645301.5315924 [vision_manager-19] [ERROR] [1716645301.146926307] [vision_manager cyberdog_model]: download failed or do not need download
1716645301.5320916 [vision_manager-19] [ERROR] [1716645301.147053988] [az1.vision_manager]: Download model from Fds fail. 
1716645301.5323520 [vision_manager-19] [INFO] [1716645301.147279942] [vision_manager cyberdog_model]: update models fuc begin
1716645301.5326426 [vision_manager-19] [INFO] [1716645301.147378247] [vision_manager cyberdog_model]: init fuc
1716645301.5616922 [vision_manager-19] [INFO] [1716645301.518767302] [vision_manager cyberdog_model]: body_gesture has 2 versions in fsd
1716645301.5670960 [vision_manager-19] [INFO] [1716645301.520909405] [vision_manager cyberdog_model]: read model version in toml file
1716645301.5681946 [vision_manager-19] [INFO] [1716645301.521142815] [vision_manager cyberdog_model]: Get_Model_Version func 
1716645301.5689597 [vision_manager-19] [INFO] [1716645301.522820849] [vision_manager cyberdog_model]: read key value from toml successfully
1716645301.5695639 [vision_manager-19] [INFO] [1716645301.523013491] [vision_manager cyberdog_model]: the model version in toml file is 1.1 
1716645301.5702922 [vision_manager-19] [INFO] [1716645301.523146644] [vision_manager cyberdog_model]: temp toml path /SDCARD/vision/body_gesture/temp/version.toml do not exist!
1716645301.5712013 [vision_manager-19] [INFO] [1716645301.523265814] [vision_manager cyberdog_model]: obj: 1.0/
1716645301.5721636 [vision_manager-19] [INFO] [1716645301.523366551] [vision_manager cyberdog_model]: obj: 1.1/
1716645301.5728846 [vision_manager-19] [INFO] [1716645301.523459192] [vision_manager cyberdog_model]: ftp_newest_version  is 1.1
1716645301.5739675 [vision_manager-19] [INFO] [1716645301.523552985] [vision_manager cyberdog_model]: nx_version  is 1.1
1716645301.5747206 [vision_manager-19] [INFO] [1716645301.523649082] [vision_manager cyberdog_model]: nx model version is the newest version
1716645301.5755143 [vision_manager-19] [INFO] [1716645301.523756475] [vision_manager cyberdog_model]: DownloadModels fuc
1716645301.5762279 [vision_manager-19] [INFO] [1716645301.523851580] [vision_manager cyberdog_model]: do not need download
1716645301.5769861 [vision_manager-19] [ERROR] [1716645301.523943165] [vision_manager cyberdog_model]: download failed or do not need download
1716645301.5777245 [vision_manager-19] [ERROR] [1716645301.524047390] [az1.vision_manager]: Download model from Fds fail. 
1716645301.5785902 [vision_manager-19] [INFO] [1716645301.524269856] [vision_manager cyberdog_model]: update models fuc begin
1716645301.5794711 [vision_manager-19] [INFO] [1716645301.524366657] [vision_manager cyberdog_model]: init fuc
1716645302.1237473 [vision_manager-19] [INFO] [1716645302.011942821] [vision_manager cyberdog_model]: face_recognition/age has 2 versions in fsd
1716645302.1244006 [vision_manager-19] [INFO] [1716645302.012189736] [vision_manager cyberdog_model]: read model version in toml file
1716645302.1248381 [vision_manager-19] [INFO] [1716645302.012338249] [vision_manager cyberdog_model]: Get_Model_Version func 
1716645302.1472015 [vision_manager-19] [INFO] [1716645302.025145520] [vision_manager cyberdog_model]: read key value from toml successfully
1716645302.1511483 [vision_manager-19] [INFO] [1716645302.028597588] [vision_manager cyberdog_model]: the model version in toml file is 1.1 
1716645302.1582763 [vision_manager-19] [INFO] [1716645302.050154071] [vision_manager cyberdog_model]: temp toml path /SDCARD/vision/face_recognition/age/temp/version.toml do not exist!
1716645302.1748049 [vision_manager-19] [INFO] [1716645302.050293752] [vision_manager cyberdog_model]: obj: 1.0/
1716645302.1812875 [vision_manager-19] [INFO] [1716645302.050395801] [vision_manager cyberdog_model]: obj: 1.1/
1716645302.1917775 [vision_manager-19] [INFO] [1716645302.050564251] [vision_manager cyberdog_model]: ftp_newest_version  is 1.1
1716645302.1962092 [vision_manager-19] [INFO] [1716645302.050686876] [vision_manager cyberdog_model]: nx_version  is 1.1
1716645302.2460570 [vision_manager-19] [INFO] [1716645302.050795581] [vision_manager cyberdog_model]: nx model version is the newest version
1716645302.2510118 [vision_manager-19] [INFO] [1716645302.051296195] [vision_manager cyberdog_model]: DownloadModels fuc
1716645302.2680635 [vision_manager-19] [INFO] [1716645302.051423012] [vision_manager cyberdog_model]: do not need download
1716645302.3134074 [vision_manager-19] [ERROR] [1716645302.051522597] [vision_manager cyberdog_model]: download failed or do not need download
1716645302.3140640 [vision_manager-19] [ERROR] [1716645302.051634470] [az1.vision_manager]: Download model from Fds fail. 
1716645302.3302498 [vision_manager-19] [INFO] [1716645302.051853544] [vision_manager cyberdog_model]: update models fuc begin
1716645302.3309433 [vision_manager-19] [INFO] [1716645302.051955785] [vision_manager cyberdog_model]: init fuc
1716645302.3366807 [vision_manager-19] [INFO] [1716645302.267044478] [vision_manager cyberdog_model]: face_recognition/detect has 2 versions in fsd
1716645302.3371184 [vision_manager-19] [INFO] [1716645302.269049619] [vision_manager cyberdog_model]: read model version in toml file
1716645302.3408589 [vision_manager-19] [INFO] [1716645302.269253653] [vision_manager cyberdog_model]: Get_Model_Version func 
1716645302.3433094 [vision_manager-19] [INFO] [1716645302.270180767] [vision_manager cyberdog_model]: read key value from toml successfully
1716645302.3488405 [vision_manager-19] [INFO] [1716645302.270323712] [vision_manager cyberdog_model]: the model version in toml file is 1.1 
1716645302.3492920 [vision_manager-19] [INFO] [1716645302.270499202] [vision_manager cyberdog_model]: temp toml path /SDCARD/vision/face_recognition/detect/temp/version.toml do not exist!
1716645302.4911060 [vision_manager-19] [INFO] [1716645302.316555302] [vision_manager cyberdog_model]: obj: 1.0/
1716645302.4917352 [vision_manager-19] [INFO] [1716645302.316708040] [vision_manager cyberdog_model]: obj: 1.1/
1716645302.5120153 [vision_manager-19] [INFO] [1716645302.316825833] [vision_manager cyberdog_model]: ftp_newest_version  is 1.1
1716645302.5353036 [vision_manager-19] [INFO] [1716645302.316932042] [vision_manager cyberdog_model]: nx_version  is 1.1
1716645302.5361176 [vision_manager-19] [INFO] [1716645302.317029291] [vision_manager cyberdog_model]: nx model version is the newest version
1716645302.5720780 [vision_manager-19] [INFO] [1716645302.317134060] [vision_manager cyberdog_model]: DownloadModels fuc
1716645302.5726466 [vision_manager-19] [INFO] [1716645302.317228045] [vision_manager cyberdog_model]: do not need download
1716645302.5731549 [vision_manager-19] [ERROR] [1716645302.317328590] [vision_manager cyberdog_model]: download failed or do not need download
1716645302.5736048 [vision_manager-19] [ERROR] [1716645302.317441999] [az1.vision_manager]: Download model from Fds fail. 
1716645302.5739243 [vision_manager-19] [INFO] [1716645302.317674962] [vision_manager cyberdog_model]: update models fuc begin
1716645302.5743392 [vision_manager-19] [INFO] [1716645302.317776403] [vision_manager cyberdog_model]: init fuc
1716645302.8193510 [vision_manager-19] [INFO] [1716645302.503041614] [vision_manager cyberdog_model]: face_recognition/emotion has 1 versions in fsd
1716645302.8469481 [vision_manager-19] [INFO] [1716645302.503289744] [vision_manager cyberdog_model]: read model version in toml file
1716645302.8490183 [vision_manager-19] [INFO] [1716645302.503446770] [vision_manager cyberdog_model]: Get_Model_Version func 
1716645302.8494623 [vision_manager-19] [INFO] [1716645302.508213188] [vision_manager cyberdog_model]: read key value from toml successfully
1716645302.8498399 [vision_manager-19] [INFO] [1716645302.508454375] [vision_manager cyberdog_model]: the model version in toml file is 1.1 
1716645302.8501840 [vision_manager-19] [INFO] [1716645302.517907210] [vision_manager cyberdog_model]: temp toml path /SDCARD/vision/face_recognition/emotion/temp/version.toml do not exist!
1716645302.8714178 [vision_manager-19] [INFO] [1716645302.518063340] [vision_manager cyberdog_model]: obj: 1.1/
1716645302.8747833 [vision_manager-19] [INFO] [1716645302.518169037] [vision_manager cyberdog_model]: ftp_newest_version  is 1.1
1716645302.9037483 [vision_manager-19] [INFO] [1716645302.518271182] [vision_manager cyberdog_model]: nx_version  is 1.1
1716645302.9913895 [vision_manager-19] [INFO] [1716645302.533891442] [vision_manager cyberdog_model]: nx model version is the newest version
1716645302.9918966 [vision_manager-19] [INFO] [1716645302.534056692] [vision_manager cyberdog_model]: DownloadModels fuc
1716645302.9922223 [vision_manager-19] [INFO] [1716645302.534159765] [vision_manager cyberdog_model]: do not need download
1716645302.9925103 [vision_manager-19] [ERROR] [1716645302.534268246] [vision_manager cyberdog_model]: download failed or do not need download
1716645302.9927716 [vision_manager-19] [ERROR] [1716645302.534396215] [az1.vision_manager]: Download model from Fds fail. 
1716645302.9930465 [vision_manager-19] [INFO] [1716645302.554784878] [vision_manager cyberdog_model]: update models fuc begin
1716645302.9933109 [vision_manager-19] [INFO] [1716645302.554932559] [vision_manager cyberdog_model]: init fuc
1716645303.2462003 [vision_manager-19] [INFO] [1716645302.861308163] [vision_manager cyberdog_model]: face_recognition/feature has 2 versions in fsd
1716645303.2475257 [vision_manager-19] [INFO] [1716645302.896418228] [vision_manager cyberdog_model]: read model version in toml file
1716645303.2492280 [vision_manager-19] [INFO] [1716645302.896721111] [vision_manager cyberdog_model]: Get_Model_Version func 
1716645303.2691753 [vision_manager-19] [INFO] [1716645302.897606432] [vision_manager cyberdog_model]: read key value from toml successfully
1716645303.2696710 [vision_manager-19] [INFO] [1716645302.897753026] [vision_manager cyberdog_model]: the model version in toml file is 1.1 
1716645303.2700093 [vision_manager-19] [INFO] [1716645302.897879715] [vision_manager cyberdog_model]: temp toml path /SDCARD/vision/face_recognition/feature/temp/version.toml do not exist!
1716645303.2703123 [vision_manager-19] [INFO] [1716645302.897999332] [vision_manager cyberdog_model]: obj: 1.1/
1716645303.2706511 [vision_manager-19] [INFO] [1716645302.898097093] [vision_manager cyberdog_model]: obj: 1/
1716645303.2709222 [vision_manager-19] [INFO] [1716645302.978872822] [vision_manager cyberdog_model]: ftp_newest_version  is 1.1
1716645303.2711856 [vision_manager-19] [INFO] [1716645302.979031768] [vision_manager cyberdog_model]: nx_version  is 1.1
1716645303.2714605 [vision_manager-19] [INFO] [1716645302.979157753] [vision_manager cyberdog_model]: nx model version is the newest version
1716645303.2717388 [vision_manager-19] [INFO] [1716645302.979297595] [vision_manager cyberdog_model]: DownloadModels fuc
1716645303.2730396 [vision_manager-19] [INFO] [1716645302.979396668] [vision_manager cyberdog_model]: do not need download
1716645303.2746701 [vision_manager-19] [ERROR] [1716645302.979505405] [vision_manager cyberdog_model]: download failed or do not need download
1716645303.2755392 [vision_manager-19] [ERROR] [1716645302.982729663] [az1.vision_manager]: Download model from Fds fail. 
1716645303.2764485 [vision_manager-19] [INFO] [1716645303.002608048] [vision_manager cyberdog_model]: update models fuc begin
1716645303.2772434 [vision_manager-19] [INFO] [1716645303.002776850] [vision_manager cyberdog_model]: init fuc
1716645303.2970371 [vision_manager-19] [INFO] [1716645303.292669048] [vision_manager cyberdog_model]: face_recognition/landmark has 1 versions in fsd
1716645306.4491184 [vision_manager-19] [INFO] [1716645303.310840375] [vision_manager cyberdog_model]: read model version in toml file
1716645306.4502642 [vision_manager-19] [INFO] [1716645303.311080409] [vision_manager cyberdog_model]: Get_Model_Version func 
1716645306.4507639 [vision_manager-19] [INFO] [1716645303.312796652] [vision_manager cyberdog_model]: read key value from toml successfully
1716645306.4511466 [vision_manager-19] [INFO] [1716645303.313084463] [vision_manager cyberdog_model]: the model version in toml file is 1.1 
1716645306.5479178 [vision_manager-19] [INFO] [1716645303.313227664] [vision_manager cyberdog_model]: temp toml path /SDCARD/vision/face_recognition/landmark/temp/version.toml do not exist!
1716645306.5926056 [vision_manager-19] [INFO] [1716645303.313920183] [vision_manager cyberdog_model]: obj: 1.1/
1716645306.6684880 [vision_manager-19] [INFO] [1716645303.314041113] [vision_manager cyberdog_model]: ftp_newest_version  is 1.1
1716645306.7459550 [vision_manager-19] [INFO] [1716645303.314148442] [vision_manager cyberdog_model]: nx_version  is 1.1
1716645306.7759862 [vision_manager-19] [INFO] [1716645303.314634015] [vision_manager cyberdog_model]: nx model version is the newest version
1716645306.8259623 [vision_manager-19] [INFO] [1716645303.314785504] [vision_manager cyberdog_model]: DownloadModels fuc
1716645306.8353214 [vision_manager-19] [INFO] [1716645303.314888609] [vision_manager cyberdog_model]: do not need download
1716645306.8930082 [vision_manager-19] [ERROR] [1716645303.315034627] [vision_manager cyberdog_model]: download failed or do not need download
1716645306.8935380 [vision_manager-19] [ERROR] [1716645303.315145092] [az1.vision_manager]: Download model from Fds fail. 
1716645306.8939130 [vision_manager-19] [INFO] [1716645303.315885452] [vision_manager cyberdog_model]: update models fuc begin
1716645307.2521515 [vision_manager-19] [INFO] [1716645306.416212545] [vision_manager cyberdog_model]: init fuc
1716645307.2709866 [vision_manager-19] [INFO] [1716645306.764963218] [vision_manager cyberdog_model]: keypoints_detection has 2 versions in fsd
1716645307.2717721 [vision_manager-19] [INFO] [1716645306.765212468] [vision_manager cyberdog_model]: read model version in toml file
1716645307.3396447 [vision_manager-19] [INFO] [1716645306.765371126] [vision_manager cyberdog_model]: Get_Model_Version func 
1716645307.3880024 [vision_manager-19] [INFO] [1716645306.868710228] [vision_manager cyberdog_model]: read key value from toml successfully
1716645307.3885791 [vision_manager-19] [INFO] [1716645306.868973943] [vision_manager cyberdog_model]: the model version in toml file is 1.1 
1716645307.3889964 [vision_manager-19] [INFO] [1716645306.869191289] [vision_manager cyberdog_model]: temp toml path /SDCARD/vision/keypoints_detection/temp/version.toml do not exist!
1716645307.3893623 [vision_manager-19] [INFO] [1716645306.870045570] [vision_manager cyberdog_model]: obj: 1.0/
1716645307.3896680 [vision_manager-19] [INFO] [1716645306.870230500] [vision_manager cyberdog_model]: obj: 1.1/
1716645307.3900001 [vision_manager-19] [INFO] [1716645306.870340229] [vision_manager cyberdog_model]: ftp_newest_version  is 1.1
1716645307.4324799 [vision_manager-19] [INFO] [1716645306.870442086] [vision_manager cyberdog_model]: nx_version  is 1.1
1716645307.4435220 [vision_manager-19] [INFO] [1716645306.870536871] [vision_manager cyberdog_model]: nx model version is the newest version
1716645307.4494038 [vision_manager-19] [INFO] [1716645306.870643688] [vision_manager cyberdog_model]: DownloadModels fuc
1716645307.4498453 [vision_manager-19] [INFO] [1716645306.870813642] [vision_manager cyberdog_model]: do not need download
1716645307.4501567 [vision_manager-19] [ERROR] [1716645306.870915307] [vision_manager cyberdog_model]: download failed or do not need download
1716645307.4504313 [vision_manager-19] [ERROR] [1716645306.871026700] [az1.vision_manager]: Download model from Fds fail. 
1716645307.4913535 [vision_manager-19] [INFO] [1716645306.871310671] [vision_manager cyberdog_model]: update models fuc begin
1716645307.4919837 [vision_manager-19] [INFO] [1716645306.871420048] [vision_manager cyberdog_model]: init fuc
1716645308.1689384 [vision_manager-19] [INFO] [1716645307.447423254] [vision_manager cyberdog_model]: person_reid has 2 versions in fsd
1716645308.1870577 [vision_manager-19] [INFO] [1716645307.447667544] [vision_manager cyberdog_model]: read model version in toml file
1716645308.1917949 [vision_manager-19] [INFO] [1716645307.447805690] [vision_manager cyberdog_model]: Get_Model_Version func 
1716645308.1922901 [vision_manager-19] [INFO] [1716645307.488046080] [vision_manager cyberdog_model]: read key value from toml successfully
1716645308.1927047 [vision_manager-19] [INFO] [1716645307.488299971] [vision_manager cyberdog_model]: the model version in toml file is 1.1 
1716645308.1930633 [vision_manager-19] [INFO] [1716645307.488469669] [vision_manager cyberdog_model]: temp toml path /SDCARD/vision/person_reid/temp/version.toml do not exist!
1716645308.1933661 [vision_manager-19] [INFO] [1716645307.488670183] [vision_manager cyberdog_model]: obj: 1.0/
1716645308.1989846 [vision_manager-19] [INFO] [1716645307.488778856] [vision_manager cyberdog_model]: obj: 1.1/
1716645308.2021248 [vision_manager-19] [INFO] [1716645307.491993834] [vision_manager cyberdog_model]: ftp_newest_version  is 1.1
1716645308.2102027 [vision_manager-19] [INFO] [1716645307.492387470] [vision_manager cyberdog_model]: nx_version  is 1.1
1716645308.2124734 [vision_manager-19] [INFO] [1716645307.492669137] [vision_manager cyberdog_model]: nx model version is the newest version
1716645308.2347999 [vision_manager-19] [INFO] [1716645307.492952436] [vision_manager cyberdog_model]: DownloadModels fuc
1716645308.2385383 [vision_manager-19] [INFO] [1716645307.493197975] [vision_manager cyberdog_model]: do not need download
1716645308.3787618 [vision_manager-19] [ERROR] [1716645307.493319640] [vision_manager cyberdog_model]: download failed or do not need download
1716645308.4216597 [vision_manager-19] [ERROR] [1716645307.497514916] [az1.vision_manager]: Download model from Fds fail. 
1716645308.4977162 [vision_manager-19] [INFO] [1716645307.499270134] [az1.vision_manager]: Received signal to download model. 
1716645308.6015968 [vision_manager-19] [INFO] [1716645307.499561946] [az1.vision_manager]: Internet is ready, begin to download model.
1716645308.6210468 [vision_manager-19] [INFO] [1716645307.499732219] [vision_manager cyberdog_model]: update models fuc begin
1716645308.6332355 [vision_manager-19] [INFO] [1716645307.499832060] [vision_manager cyberdog_model]: init fuc
1716645308.6747007 [vision_manager-19] [INFO] [1716645307.613304997] [vision_manager cyberdog_model]: auto_track has 2 versions in fsd
1716645308.7140529 [vision_manager-19] [INFO] [1716645307.613545863] [vision_manager cyberdog_model]: read model version in toml file
1716645308.7164857 [vision_manager-19] [INFO] [1716645307.613692105] [vision_manager cyberdog_model]: Get_Model_Version func 
1716645308.7184529 [vision_manager-19] [INFO] [1716645307.614601970] [vision_manager cyberdog_model]: read key value from toml successfully
1716645308.7277441 [vision_manager-19] [INFO] [1716645307.621266680] [vision_manager cyberdog_model]: the model version in toml file is 1.1 
1716645308.7306170 [vision_manager-19] [INFO] [1716645307.621569660] [vision_manager cyberdog_model]: temp toml path /SDCARD/vision/auto_track/temp/version.toml do not exist!
1716645308.7346792 [vision_manager-19] [INFO] [1716645307.621697597] [vision_manager cyberdog_model]: obj: 1.0/
1716645308.8273919 [vision_manager-19] [INFO] [1716645307.622068065] [vision_manager cyberdog_model]: obj: 1.1/
1716645308.8318710 [vision_manager-19] [INFO] [1716645307.622177058] [vision_manager cyberdog_model]: ftp_newest_version  is 1.1
1716645308.8383248 [vision_manager-19] [INFO] [1716645307.622273635] [vision_manager cyberdog_model]: nx_version  is 1.1
1716645308.8554454 [vision_manager-19] [INFO] [1716645307.622371876] [vision_manager cyberdog_model]: nx model version is the newest version
1716645308.8596857 [vision_manager-19] [INFO] [1716645307.622469445] [vision_manager cyberdog_model]: DownloadModels fuc
1716645308.8711121 [vision_manager-19] [INFO] [1716645307.622601671] [vision_manager cyberdog_model]: do not need download
1716645308.8716769 [vision_manager-19] [ERROR] [1716645307.622697320] [vision_manager cyberdog_model]: download failed or do not need download
1716645308.8719797 [vision_manager-19] [ERROR] [1716645307.622803017] [az1.vision_manager]: Download model from Fds fail. 
1716645308.8722746 [vision_manager-19] [INFO] [1716645307.623026699] [vision_manager cyberdog_model]: update models fuc begin
1716645308.8799136 [vision_manager-19] [INFO] [1716645307.623125836] [vision_manager cyberdog_model]: init fuc
1716645309.1255243 [vision_manager-19] [INFO] [1716645308.031155980] [vision_manager cyberdog_model]: body_gesture has 2 versions in fsd
1716645309.1269076 [vision_manager-19] [INFO] [1716645308.031402735] [vision_manager cyberdog_model]: read model version in toml file
1716645309.1273155 [vision_manager-19] [INFO] [1716645308.031557712] [vision_manager cyberdog_model]: Get_Model_Version func 
1716645309.1276438 [vision_manager-19] [INFO] [1716645308.032448666] [vision_manager cyberdog_model]: read key value from toml successfully
1716645309.1279476 [vision_manager-19] [INFO] [1716645308.055925776] [vision_manager cyberdog_model]: the model version in toml file is 1.1 
1716645309.1286385 [vision_manager-19] [INFO] [1716645308.056130322] [vision_manager cyberdog_model]: temp toml path /SDCARD/vision/body_gesture/temp/version.toml do not exist!
1716645309.1290419 [vision_manager-19] [INFO] [1716645308.056268500] [vision_manager cyberdog_model]: obj: 1.0/
1716645309.1297252 [vision_manager-19] [INFO] [1716645308.056373941] [vision_manager cyberdog_model]: obj: 1.1/
1716645309.1300857 [vision_manager-19] [INFO] [1716645308.056467670] [vision_manager cyberdog_model]: ftp_newest_version  is 1.1
1716645309.1303971 [vision_manager-19] [INFO] [1716645308.056612663] [vision_manager cyberdog_model]: nx_version  is 1.1
1716645309.1306753 [vision_manager-19] [INFO] [1716645308.056717017] [vision_manager cyberdog_model]: nx model version is the newest version
1716645309.1309676 [vision_manager-19] [INFO] [1716645308.056813882] [vision_manager cyberdog_model]: DownloadModels fuc
1716645309.1316457 [vision_manager-19] [INFO] [1716645308.056908731] [vision_manager cyberdog_model]: do not need download
1716645309.1319504 [vision_manager-19] [ERROR] [1716645308.057000316] [vision_manager cyberdog_model]: download failed or do not need download
1716645309.1322565 [vision_manager-19] [ERROR] [1716645308.057144637] [az1.vision_manager]: Download model from Fds fail. 
1716645309.1326241 [vision_manager-19] [INFO] [1716645308.066127067] [vision_manager cyberdog_model]: update models fuc begin
1716645309.1329100 [vision_manager-19] [INFO] [1716645308.066735586] [vision_manager cyberdog_model]: init fuc
1716645309.1533799 [vision_manager-19] [INFO] [1716645308.228232355] [vision_manager cyberdog_model]: face_recognition/age has 2 versions in fsd
1716645309.1544816 [vision_manager-19] [INFO] [1716645308.228477542] [vision_manager cyberdog_model]: read model version in toml file
1716645309.1553235 [vision_manager-19] [INFO] [1716645308.228691624] [vision_manager cyberdog_model]: Get_Model_Version func 
1716645309.1561446 [vision_manager-19] [INFO] [1716645308.230351289] [vision_manager cyberdog_model]: read key value from toml successfully
1716645309.1570151 [vision_manager-19] [INFO] [1716645308.230533019] [vision_manager cyberdog_model]: the model version in toml file is 1.1 
1716645309.1579926 [vision_manager-19] [INFO] [1716645308.230664573] [vision_manager cyberdog_model]: temp toml path /SDCARD/vision/face_recognition/age/temp/version.toml do not exist!
1716645309.1589701 [vision_manager-19] [INFO] [1716645308.230784446] [vision_manager cyberdog_model]: obj: 1.0/
1716645309.1598570 [vision_manager-19] [INFO] [1716645308.230887551] [vision_manager cyberdog_model]: obj: 1.1/
1716645309.1609981 [vision_manager-19] [INFO] [1716645308.230981792] [vision_manager cyberdog_model]: ftp_newest_version  is 1.1
1716645309.1632435 [vision_manager-19] [INFO] [1716645308.231095041] [vision_manager cyberdog_model]: nx_version  is 1.1
1716645309.1640515 [vision_manager-19] [INFO] [1716645308.231190242] [vision_manager cyberdog_model]: nx model version is the newest version
1716645309.1651993 [vision_manager-19] [INFO] [1716645308.231290371] [vision_manager cyberdog_model]: DownloadModels fuc
1716645309.1655650 [vision_manager-19] [INFO] [1716645308.231382308] [vision_manager cyberdog_model]: do not need download
1716645309.1658733 [vision_manager-19] [ERROR] [1716645308.231472325] [vision_manager cyberdog_model]: download failed or do not need download
1716645309.1661735 [vision_manager-19] [ERROR] [1716645308.231579398] [az1.vision_manager]: Download model from Fds fail. 
1716645309.1664548 [vision_manager-19] [INFO] [1716645308.231795432] [vision_manager cyberdog_model]: update models fuc begin
1716645309.1667292 [vision_manager-19] [INFO] [1716645308.231895082] [vision_manager cyberdog_model]: init fuc
1716645309.1670072 [vision_manager-19] [INFO] [1716645308.585261419] [vision_manager cyberdog_model]: face_recognition/detect has 2 versions in fsd
1716645309.1673150 [vision_manager-19] [INFO] [1716645308.597860559] [vision_manager cyberdog_model]: read model version in toml file
1716645309.1675808 [vision_manager-19] [INFO] [1716645308.598027409] [vision_manager cyberdog_model]: Get_Model_Version func 
1716645309.1678746 [vision_manager-19] [INFO] [1716645308.626198905] [vision_manager cyberdog_model]: read key value from toml successfully
1716645309.1681383 [vision_manager-19] [INFO] [1716645308.626453596] [vision_manager cyberdog_model]: the model version in toml file is 1.1 
1716645309.1684120 [vision_manager-19] [INFO] [1716645308.626591357] [vision_manager cyberdog_model]: temp toml path /SDCARD/vision/face_recognition/detect/temp/version.toml do not exist!
1716645309.1687524 [vision_manager-19] [INFO] [1716645308.626713823] [vision_manager cyberdog_model]: obj: 1.0/
1716645309.1692827 [vision_manager-19] [INFO] [1716645308.626867360] [vision_manager cyberdog_model]: obj: 1.1/
1716645309.1696072 [vision_manager-19] [INFO] [1716645308.626963553] [vision_manager cyberdog_model]: ftp_newest_version  is 1.1
1716645309.1699069 [vision_manager-19] [INFO] [1716645308.627058370] [vision_manager cyberdog_model]: nx_version  is 1.1
1716645309.1701906 [vision_manager-19] [INFO] [1716645308.627158499] [vision_manager cyberdog_model]: nx model version is the newest version
1716645309.1704781 [vision_manager-19] [INFO] [1716645308.627261636] [vision_manager cyberdog_model]: DownloadModels fuc
1716645309.1707456 [vision_manager-19] [INFO] [1716645308.637555249] [vision_manager cyberdog_model]: do not need download
1716645309.1710880 [vision_manager-19] [ERROR] [1716645308.639189378] [vision_manager cyberdog_model]: download failed or do not need download
1716645309.1771894 [vision_manager-19] [ERROR] [1716645308.642181249] [az1.vision_manager]: Download model from Fds fail. 
1716645309.1776159 [vision_manager-19] [INFO] [1716645308.644898846] [vision_manager cyberdog_model]: update models fuc begin
1716645309.1779830 [vision_manager-19] [INFO] [1716645308.645088800] [vision_manager cyberdog_model]: init fuc
1716645309.2283518 [vision_manager-19] [INFO] [1716645309.001458817] [vision_manager cyberdog_model]: face_recognition/emotion has 1 versions in fsd
1716645309.2289670 [vision_manager-19] [INFO] [1716645309.004740387] [vision_manager cyberdog_model]: read model version in toml file
1716645309.2292938 [vision_manager-19] [INFO] [1716645309.004969638] [vision_manager cyberdog_model]: Get_Model_Version func 
1716645309.2296159 [vision_manager-19] [INFO] [1716645309.006895802] [vision_manager cyberdog_model]: read key value from toml successfully
1716645309.2299075 [vision_manager-19] [INFO] [1716645309.007100668] [vision_manager cyberdog_model]: the model version in toml file is 1.1 
1716645309.2301836 [vision_manager-19] [INFO] [1716645309.007239966] [vision_manager cyberdog_model]: temp toml path /SDCARD/vision/face_recognition/emotion/temp/version.toml do not exist!
1716645309.2305048 [vision_manager-19] [INFO] [1716645309.007359839] [vision_manager cyberdog_model]: obj: 1.1/
1716645309.2308352 [vision_manager-19] [INFO] [1716645309.007496480] [vision_manager cyberdog_model]: ftp_newest_version  is 1.1
1716645309.2311039 [vision_manager-19] [INFO] [1716645309.007626338] [vision_manager cyberdog_model]: nx_version  is 1.1
1716645309.2313766 [vision_manager-19] [INFO] [1716645309.007725571] [vision_manager cyberdog_model]: nx model version is the newest version
1716645309.2391660 [vision_manager-19] [INFO] [1716645309.007859652] [vision_manager cyberdog_model]: DownloadModels fuc
1716645309.2396817 [vision_manager-19] [INFO] [1716645309.007962085] [vision_manager cyberdog_model]: do not need download
1716645309.2400022 [vision_manager-19] [ERROR] [1716645309.008055110] [vision_manager cyberdog_model]: download failed or do not need download
1716645309.2403009 [vision_manager-19] [ERROR] [1716645309.008163207] [az1.vision_manager]: Download model from Fds fail. 
1716645309.2406628 [vision_manager-19] [INFO] [1716645309.008371977] [vision_manager cyberdog_model]: update models fuc begin
1716645309.2564595 [vision_manager-19] [INFO] [1716645309.008467818] [vision_manager cyberdog_model]: init fuc
1716645309.3639095 [vision_manager-19] [INFO] [1716645309.343453323] [vision_manager cyberdog_model]: face_recognition/feature has 2 versions in fsd
1716645309.3646460 [vision_manager-19] [INFO] [1716645309.344642807] [vision_manager cyberdog_model]: read model version in toml file
1716645309.3651350 [vision_manager-19] [INFO] [1716645309.344830521] [vision_manager cyberdog_model]: Get_Model_Version func 
1716645309.3677385 [vision_manager-19] [INFO] [1716645309.347574998] [vision_manager cyberdog_model]: read key value from toml successfully
1716645309.3682384 [vision_manager-19] [INFO] [1716645309.347783416] [vision_manager cyberdog_model]: the model version in toml file is 1.1 
1716645309.3906705 [vision_manager-19] [INFO] [1716645309.347921498] [vision_manager cyberdog_model]: temp toml path /SDCARD/vision/face_recognition/feature/temp/version.toml do not exist!
1716645309.3912933 [vision_manager-19] [INFO] [1716645309.348056859] [vision_manager cyberdog_model]: obj: 1.1/
1716645309.3917098 [vision_manager-19] [INFO] [1716645309.348156060] [vision_manager cyberdog_model]: obj: 1/
1716645309.3920269 [vision_manager-19] [INFO] [1716645309.348362142] [vision_manager cyberdog_model]: ftp_newest_version  is 1.1
1716645309.3922992 [vision_manager-19] [INFO] [1716645309.348835875] [vision_manager cyberdog_model]: nx_version  is 1.1
1716645309.3926184 [vision_manager-19] [INFO] [1716645309.348940772] [vision_manager cyberdog_model]: nx model version is the newest version
1716645309.3929656 [vision_manager-19] [INFO] [1716645309.349045254] [vision_manager cyberdog_model]: DownloadModels fuc
1716645309.3932545 [vision_manager-19] [INFO] [1716645309.349168135] [vision_manager cyberdog_model]: do not need download
1716645309.3935328 [vision_manager-19] [ERROR] [1716645309.349261416] [vision_manager cyberdog_model]: download failed or do not need download
1716645309.3938017 [vision_manager-19] [ERROR] [1716645309.349365609] [az1.vision_manager]: Download model from Fds fail. 
1716645309.3941016 [vision_manager-19] [INFO] [1716645309.349592779] [vision_manager cyberdog_model]: update models fuc begin
1716645309.3943772 [vision_manager-19] [INFO] [1716645309.349703148] [vision_manager cyberdog_model]: init fuc
1716645309.5107005 [vision_manager-19] [INFO] [1716645309.503945761] [vision_manager cyberdog_model]: face_recognition/landmark has 1 versions in fsd
1716645309.5112855 [vision_manager-19] [INFO] [1716645309.504707497] [vision_manager cyberdog_model]: read model version in toml file
1716645309.5116649 [vision_manager-19] [INFO] [1716645309.504875947] [vision_manager cyberdog_model]: Get_Model_Version func 
1716645309.5550165 [vision_manager-19] [INFO] [1716645309.545272148] [vision_manager cyberdog_model]: read key value from toml successfully
1716645309.5557106 [vision_manager-19] [INFO] [1716645309.545557367] [vision_manager cyberdog_model]: the model version in toml file is 1.1 
1716645309.5561330 [vision_manager-19] [INFO] [1716645309.545697752] [vision_manager cyberdog_model]: temp toml path /SDCARD/vision/face_recognition/landmark/temp/version.toml do not exist!
1716645309.5564597 [vision_manager-19] [INFO] [1716645309.545821721] [vision_manager cyberdog_model]: obj: 1.1/
1716645309.5585253 [vision_manager-19] [INFO] [1716645309.545920442] [vision_manager cyberdog_model]: ftp_newest_version  is 1.1
1716645309.5611999 [vision_manager-19] [INFO] [1716645309.546018971] [vision_manager cyberdog_model]: nx_version  is 1.1
1716645309.5616057 [vision_manager-19] [INFO] [1716645309.546118013] [vision_manager cyberdog_model]: nx model version is the newest version
1716645309.5619342 [vision_manager-19] [INFO] [1716645309.546216862] [vision_manager cyberdog_model]: DownloadModels fuc
1716645309.5622175 [vision_manager-19] [INFO] [1716645309.546320191] [vision_manager cyberdog_model]: do not need download
1716645309.5625112 [vision_manager-19] [ERROR] [1716645309.546418144] [vision_manager cyberdog_model]: download failed or do not need download
1716645309.5627849 [vision_manager-19] [ERROR] [1716645309.546530817] [az1.vision_manager]: Download model from Fds fail. 
1716645309.5651298 [vision_manager-19] [INFO] [1716645309.546744579] [vision_manager cyberdog_model]: update models fuc begin
1716645309.5655680 [vision_manager-19] [INFO] [1716645309.546844580] [vision_manager cyberdog_model]: init fuc
1716645309.7395487 [vision_manager-19] [INFO] [1716645309.716736862] [vision_manager cyberdog_model]: keypoints_detection has 2 versions in fsd
1716645309.7408097 [vision_manager-19] [INFO] [1716645309.716996608] [vision_manager cyberdog_model]: read model version in toml file
1716645309.7612925 [vision_manager-19] [INFO] [1716645309.717177698] [vision_manager cyberdog_model]: Get_Model_Version func 
1716645309.7627392 [vision_manager-19] [INFO] [1716645309.718710674] [vision_manager cyberdog_model]: read key value from toml successfully
1716645309.7641335 [vision_manager-19] [INFO] [1716645309.718893172] [vision_manager cyberdog_model]: the model version in toml file is 1.1 
1716645309.7651348 [vision_manager-19] [INFO] [1716645309.719028502] [vision_manager cyberdog_model]: temp toml path /SDCARD/vision/keypoints_detection/temp/version.toml do not exist!
1716645309.7660534 [vision_manager-19] [INFO] [1716645309.719145335] [vision_manager cyberdog_model]: obj: 1.0/
1716645309.7674294 [vision_manager-19] [INFO] [1716645309.719271672] [vision_manager cyberdog_model]: obj: 1.1/
1716645309.7739701 [vision_manager-19] [INFO] [1716645309.719364217] [vision_manager cyberdog_model]: ftp_newest_version  is 1.1
1716645309.7747681 [vision_manager-19] [INFO] [1716645309.719457114] [vision_manager cyberdog_model]: nx_version  is 1.1
1716645309.7757447 [vision_manager-19] [INFO] [1716645309.719744829] [vision_manager cyberdog_model]: nx model version is the newest version
1716645309.7764363 [vision_manager-19] [INFO] [1716645309.719861278] [vision_manager cyberdog_model]: DownloadModels fuc
1716645309.7772164 [vision_manager-19] [INFO] [1716645309.719975072] [vision_manager cyberdog_model]: do not need download
1716645309.7779660 [vision_manager-19] [ERROR] [1716645309.720076641] [vision_manager cyberdog_model]: download failed or do not need download
1716645309.7796905 [vision_manager-19] [ERROR] [1716645309.720189986] [az1.vision_manager]: Download model from Fds fail. 
1716645309.7811940 [vision_manager-19] [INFO] [1716645309.720411268] [vision_manager cyberdog_model]: update models fuc begin
1716645309.7832122 [vision_manager-19] [INFO] [1716645309.720506629] [vision_manager cyberdog_model]: init fuc
1716645309.8917105 [vision_manager-19] [INFO] [1716645309.843771445] [vision_manager cyberdog_model]: person_reid has 2 versions in fsd
1716645309.9054139 [vision_manager-19] [INFO] [1716645309.844029495] [vision_manager cyberdog_model]: read model version in toml file
1716645309.9133296 [vision_manager-19] [INFO] [1716645309.844177785] [vision_manager cyberdog_model]: Get_Model_Version func 
1716645309.9139438 [vision_manager-19] [INFO] [1716645309.873782608] [vision_manager cyberdog_model]: read key value from toml successfully
1716645309.9143071 [vision_manager-19] [INFO] [1716645309.874047443] [vision_manager cyberdog_model]: the model version in toml file is 1.1 
1716645309.9146266 [vision_manager-19] [INFO] [1716645309.874218228] [vision_manager cyberdog_model]: temp toml path /SDCARD/vision/person_reid/temp/version.toml do not exist!
1716645309.9149182 [vision_manager-19] [INFO] [1716645309.874349462] [vision_manager cyberdog_model]: obj: 1.0/
1716645309.9151943 [vision_manager-19] [INFO] [1716645309.874456919] [vision_manager cyberdog_model]: obj: 1.1/
1716645309.9279764 [vision_manager-19] [INFO] [1716645309.874558968] [vision_manager cyberdog_model]: ftp_newest_version  is 1.1
1716645309.9331748 [vision_manager-19] [INFO] [1716645309.874662105] [vision_manager cyberdog_model]: nx_version  is 1.1
1716645309.9340756 [vision_manager-19] [INFO] [1716645309.874762778] [vision_manager cyberdog_model]: nx model version is the newest version
1716645309.9344673 [vision_manager-19] [INFO] [1716645309.874866331] [vision_manager cyberdog_model]: DownloadModels fuc
1716645309.9352243 [vision_manager-19] [INFO] [1716645309.874961436] [vision_manager cyberdog_model]: do not need download
1716645309.9386611 [vision_manager-19] [ERROR] [1716645309.875056669] [vision_manager cyberdog_model]: download failed or do not need download
1716645309.9391012 [vision_manager-19] [ERROR] [1716645309.875161694] [az1.vision_manager]: Download model from Fds fail. 
1716645322.2829266 [INFO] [launch.user]: navigation launch occmap
1716645323.1413493 [INFO] [create_gridmap_node-25]: process started with pid [10551]
1716645323.1427751 [INFO] [publish_gridmap_node-26]: process started with pid [10552]
1716645323.9338145 [create_gridmap_node-25] [0m[INFO] [1716645323.928463523] [az1.create_gridmap_node]: create map path /home/mi/mapping/[0m
1716645324.0191746 [create_gridmap_node-25] [0m[INFO] [1716645323.952988037] [az1.create_gridmap_node]: loop pose path /SDCARD/miloc/maps/default/viusal/[0m
1716645324.0202329 [create_gridmap_node-25] [0m[INFO] [1716645323.957180081] [az1.create_gridmap_node]: calibration_file /SDCARD/calibrate.yaml[0m
1716645324.0229247 [create_gridmap_node-25] [0m[INFO] [1716645323.970076888] [az1.create_gridmap_node]: subscribe odom topic odom_slam[0m
1716645324.0243433 [create_gridmap_node-25] [0m[INFO] [1716645323.971353894] [az1.create_gridmap_node]: subscribe laser topic scan[0m
1716645324.0250056 [create_gridmap_node-25] [0m[INFO] [1716645323.990439854] [az1.create_gridmap_node]: create map service cyberdog_occmap/create_map_service[0m
1716645324.0253863 [create_gridmap_node-25] [0m[INFO] [1716645323.990853682] [az1.create_gridmap_node]: finish map service cyberdog_occmap/finish_map_service[0m
1716645324.0256693 [create_gridmap_node-25] [0m[INFO] [1716645323.991124341] [az1.create_gridmap_node]: start_nav_service cyberdog_occmap/start_nav_service[0m
1716645324.0259364 [create_gridmap_node-25] [0m[INFO] [1716645323.991342712] [az1.create_gridmap_node]: stop_nav_service cyberdog_occmap/stop_nav_service[0m
1716645327.3252766 [vision_manager-19] [INFO] [1716645327.323583746] [az1.vision_manager]: Configuring vision_manager. 
1716645327.3342040 [vision_manager-19] Semaphore set id is: 0
1716645327.3374772 [vision_manager-19] [INFO] [1716645327.328269619] [az1.vision_manager]: Create ROS object. 
1716645327.3816147 [vision_manager-19] [INFO] [1716645327.378788998] [az1.vision_manager]: Configure complated. 
1716645342.2896948 [INFO] [launch.user]: navigation launch state_publisher
1716645342.4635663 [INFO] [robot_state_publisher-27]: process started with pid [10758]
1716645346.2939763 [INFO] [launch.user]: navigation launch tracking
1716645346.4316900 [INFO] [cyberdog_tracking-28]: process started with pid [10805]
1716645350.2947931 [INFO] [launch.user]: navigation launch realsense
1716645350.5916402 [INFO] [realsense2_camera_node-29]: process started with pid [10857]
1716645354.2971382 [INFO] [launch.user]: navigation launch realsense_align
1716645354.6155112 [INFO] [realsense_align_node-30]: process started with pid [10910]
1716645358.2961478 [INFO] [launch.user]: navigation launch mcr_uwb
1716645358.4308980 [INFO] [mcr_uwb-31]: process started with pid [11089]
1716645358.5876780 [mcr_uwb-31] [INFO] [1716645358.586539139] [az1.mcr_uwb]: 
1716645358.5967655 [mcr_uwb-31] 	mcr_uwb lifecycle node launched. 
1716645358.5972290 [mcr_uwb-31] 	Waiting on external lifecycle transitions to activate
1716645358.5975239 [mcr_uwb-31] 	See https://design.ros2.org/articles/node_lifecycle.html for more information.
1716645358.6123490 [mcr_uwb-31] [INFO] [1716645358.611513769] [az1.mcr_uwb]: Creating
1716645362.2986953 [INFO] [launch.user]: navigation launch velocity_adaptor
1716645362.4631379 [INFO] [velocity_adaptor-32]: process started with pid [11150]
1716645366.3000419 [INFO] [launch.user]: navigation launch map_label_server
1716645366.4411945 [INFO] [label_server-33]: process started with pid [11249]
1716645370.2996693 [INFO] [launch.user]: navigation launch laser_mapping
1716645370.5875199 [INFO] [mapping-34]: process started with pid [11322]
1716645374.3008819 [INFO] [launch.user]: navigation launch laser_localization
1716645374.5750477 [INFO] [localization-35]: process started with pid [11480]
1716645378.3044538 [INFO] [launch.user]: navigation launch mivins_localization
1716645378.9527307 [INFO] [mivins_node-36]: process started with pid [11588]
1716645382.3049591 [INFO] [launch.user]: navigation launch mivins_mapping
1716645383.0907586 [INFO] [mivins_node-37]: process started with pid [11675]
1716645386.3084521 [INFO] [launch.user]: navigation launch mivins_vo
1716645387.0093851 [INFO] [mivins_node-38]: process started with pid [11745]
1716645390.3122563 [INFO] [launch.user]: navigation launch miloc
1716645390.5087769 [INFO] [miloc_server-39]: process started with pid [11864]
1716645394.3130882 [INFO] [launch.user]: navigation launch elevation_mapping_odom
1716645394.4842985 [INFO] [elevation_mapping-40]: process started with pid [11994]
1716645398.3097122 [INFO] [launch.user]: navigation launch head_tof_pc_publisher
1716645398.5278282 [INFO] [head_tof_pcl_publisher.py-41]: process started with pid [12055]
1716645402.3121605 [INFO] [launch.user]: navigation launch stair_align
1716645402.5921900 [INFO] [stair_align-42]: process started with pid [12110]
1716645406.3335764 [INFO] [launch.user]: navigation launch tracking_indication
1716645406.5785501 [INFO] [tracking_indication-43]: process started with pid [12176]
1716645410.3638654 [INFO] [launch.user]: navigation launch rosbag_recorder
1716645411.7079549 [INFO] [rosbag_recorder-44]: process started with pid [12255]
1716645412.7292178 [rosbag_recorder-44] [WARN] [1716645412.723513973] [az1.cyberdog_rosbag_recorder]: Rosbag recorder is not use, please set flag use: true, you can record.
1716645414.3159997 [INFO] [launch.user]: navigation launch tracking_base
1716645414.8653774 [INFO] [tracking_base-45]: process started with pid [12307]
1716645418.3638613 [INFO] [launch.user]: navigation launch emergency_stop
1716645419.3168194 [INFO] [cyberdog_emergency_stop-46]: process started with pid [12355]
1716645420.5267682 [cyberdog_emergency_stop-46] [INFO] [1716645420.525356764] [az1.cyberdog_emergency_stop]: Create enable emergency stop service......
1716645422.3271515 [INFO] [launch.user]: navigation launch cyberdog_pointnet
1716645422.4731913 [INFO] [cyberdog_pointnet-47]: process started with pid [12424]
1716645423.8073137 [cyberdog_pointnet-47] [INFO] [1716645423.800032367] [az1.cyberdog_pointnet]: Create service: release_pointnet
1716645423.8265913 [cyberdog_pointnet-47] [INFO] [1716645423.825515450] [uninitialized cyberdog_model]: cyberdog_model Constructor
1716645423.8322167 [cyberdog_pointnet-47] [INFO] [1716645423.830515021] [uninitialized cyberdog_model]: is_specified_version: 0
1716645423.8328450 [cyberdog_pointnet-47] [INFO] [1716645423.830666449] [uninitialized cyberdog_model]: specified_version: 1.1
1716645423.8332591 [cyberdog_pointnet-47] [INFO] [1716645423.830773875] [uninitialized cyberdog_model]: module_name: ground_segmentation
1716645423.8335507 [cyberdog_pointnet-47] [INFO] [1716645423.830881238] [uninitialized cyberdog_model]: model_dir: /SDCARD/vision/ground_segmentation/
1716645423.8338077 [cyberdog_pointnet-47] [INFO] [1716645423.830990008] [uninitialized cyberdog_model]: temp_download_path: /SDCARD/vision/ground_segmentation/temp/
1716645426.0193040 [cyberdog_pointnet-47] [INFO] [1716645426.016338168] [az1.cyberdog_pointnet]: [WifiSignalCallback] internet is ok!!!
1716645426.0252066 [cyberdog_pointnet-47] [INFO] [1716645426.019262779] [uninitialized cyberdog_model]: update models fuc begin
1716645426.0258608 [cyberdog_pointnet-47] [INFO] [1716645426.019514177] [uninitialized cyberdog_model]: init fuc
1716645426.1435122 [cyberdog_pointnet-47] [INFO] [1716645426.141434491] [uninitialized cyberdog_model]: ground_segmentation has 2 versions in fsd
1716645426.1566815 [cyberdog_pointnet-47] [INFO] [1716645426.142084778] [uninitialized cyberdog_model]: read model version in toml file
1716645426.1581514 [cyberdog_pointnet-47] [INFO] [1716645426.142253806] [uninitialized cyberdog_model]: Get_Model_Version func 
1716645426.1591492 [cyberdog_pointnet-47] [INFO] [1716645426.145103951] [uninitialized cyberdog_model]: read key value from toml successfully
1716645426.1598384 [cyberdog_pointnet-47] [INFO] [1716645426.145352501] [uninitialized cyberdog_model]: the model version in toml file is 1.0 
1716645426.1609504 [cyberdog_pointnet-47] [INFO] [1716645426.145529241] [uninitialized cyberdog_model]: temp toml path /SDCARD/vision/ground_segmentation/temp/version.toml exist!
1716645426.1622036 [cyberdog_pointnet-47] [INFO] [1716645426.145656540] [uninitialized cyberdog_model]: new models already downloaded into temp path, do not download again
1716645426.1631565 [cyberdog_pointnet-47] [INFO] [1716645426.145788479] [uninitialized cyberdog_model]: DownloadModels fuc
1716645426.1640759 [cyberdog_pointnet-47] [INFO] [1716645426.146033541] [uninitialized cyberdog_model]: do not need download
1716645426.1652699 [cyberdog_pointnet-47] [ERROR] [1716645426.146136711] [uninitialized cyberdog_model]: download failed or do not need download
1716645426.1662283 [cyberdog_pointnet-47] [INFO] [1716645426.146333996] [az1.cyberdog_pointnet]: Download and update ground_segmentation model from Fds failed or timeout
1716645426.3151495 [INFO] [launch.user]: navigation launch algorithm_manager
1716645426.4508765 [INFO] [algorithm_manager-48]: process started with pid [12485]
1716645427.8816829 [algorithm_manager-48] [INFO] [1716645427.875471385] [AlgorithmTaskManager]: diff_x threashold: 0.700000, diff_y threashold: 0.700000
1716645427.8980863 [algorithm_manager-48] [INFO] [1716645427.889699681] [AlgorithmTaskManager]: detect_duration: 5
1716645427.9062369 [algorithm_manager-48] [INFO] [1716645427.904392051] [AlgorithmTaskManager]: pose_topic_name: tracking_pose_transformed
1716645427.9160092 [algorithm_manager-48] [INFO] [1716645427.907661375] [AlgorithmTaskManager]: filter_size: 5
1716645429.1361542 [algorithm_manager-48] [INFO] [1716645429.063791541] [az1.LaserMapping]: DeclareParameters.
1716645432.6984828 [algorithm_manager-48] [INFO] [1716645432.693962664] [az1.VisionTracking]: tracking_keep_distance_: 1.500000, tracking_relative_pos_: 1, enable_visual_obstacle_avoidance_
1716645434.7417104 [algorithm_manager-48] [INFO] [1716645434.740500841] [az1.AutoDock]: ExecutorAutoDock server is ready
1716645435.5633979 [algorithm_manager-48] [INFO] [1716645435.556737413] [AlgorithmTaskManager]: MachineActuator Init, config file: /opt/ros2/cyberdog/share/params/toml_config/manager/state_machine_config.toml
1716645435.6316285 [algorithm_manager-48] [INFO] [1716645435.629276685] [AlgorithmTaskManager]: MachineActuator start on call.
1716645435.6519318 [algorithm_manager-48] [INFO] [1716645435.629646134] [AlgorithmTaskManager]: MachineActuator checkout state: SetUp.
1716645435.6530497 [algorithm_manager-48] [INFO] [1716645435.629815226] [AlgorithmTaskManager]: Get fsm: Setup
1716645435.6534374 [algorithm_manager-48] [INFO] [1716645435.629914268] [AlgorithmTaskManager]: MachineActuator service setup on call.
