[4.194s] Invoking command in '/home/mi/workplace/src/learning': PYTHONPATH=/home/mi/install/learning/lib/python3.6/site-packages:${PYTHONPATH} /usr/bin/python3 setup.py egg_info --egg-base ../../../build/learning build --build-base /home/mi/build/learning/build install --prefix /home/mi/install/learning --record /home/mi/build/learning/install.log --single-version-externally-managed
[5.885s] running egg_info
[5.887s] writing ../../../build/learning/learning.egg-info/PKG-INFO
[5.888s] writing dependency_links to ../../../build/learning/learning.egg-info/dependency_links.txt
[5.890s] writing entry points to ../../../build/learning/learning.egg-info/entry_points.txt
[5.891s] writing requirements to ../../../build/learning/learning.egg-info/requires.txt
[5.891s] writing top-level names to ../../../build/learning/learning.egg-info/top_level.txt
[5.909s] reading manifest file '../../../build/learning/learning.egg-info/SOURCES.txt'
[5.915s] writing manifest file '../../../build/learning/learning.egg-info/SOURCES.txt'
[5.916s] running build
[5.917s] running build_py
[5.920s] copying learning/move_x.py -> /home/mi/build/learning/build/lib/learning
[5.924s] running install
[5.925s] /usr/local/lib/python3.6/dist-packages/setuptools/command/install.py:37: SetuptoolsDeprecationWarning: setup.py install is deprecated. Use build and pip and other standards-based tools.
[5.926s]   setuptools.SetuptoolsDeprecationWarning,
[5.928s] running install_lib
[5.933s] copying /home/mi/build/learning/build/lib/learning/move_x.py -> /home/mi/install/learning/lib/python3.6/site-packages/learning
[5.937s] byte-compiling /home/mi/install/learning/lib/python3.6/site-packages/learning/move_x.py to move_x.cpython-36.pyc
[5.946s] running install_data
[5.948s] running install_egg_info
[5.955s] removing '/home/mi/install/learning/lib/python3.6/site-packages/learning-0.0.0-py3.6.egg-info' (and everything under it)
[5.957s] Copying ../../../build/learning/learning.egg-info to /home/mi/install/learning/lib/python3.6/site-packages/learning-0.0.0-py3.6.egg-info
[5.965s] running install_scripts
[6.057s] Installing camera script to /home/mi/install/learning/lib/learning
[6.058s] Installing crash script to /home/mi/install/learning/lib/learning
[6.059s] Installing data_receive script to /home/mi/install/learning/lib/learning
[6.060s] Installing get_data script to /home/mi/install/learning/lib/learning
[6.062s] Installing goal script to /home/mi/install/learning/lib/learning
[6.068s] Installing keeper script to /home/mi/install/learning/lib/learning
[6.068s] Installing move_x script to /home/mi/install/learning/lib/learning
[6.069s] Installing rgb script to /home/mi/install/learning/lib/learning
[6.069s] Installing rotate script to /home/mi/install/learning/lib/learning
[6.070s] Installing rotate_until_center1 script to /home/mi/install/learning/lib/learning
[6.071s] Installing stand script to /home/mi/install/learning/lib/learning
[6.071s] Installing track script to /home/mi/install/learning/lib/learning
[6.072s] Installing walk_t_sec script to /home/mi/install/learning/lib/learning
[6.077s] Installing walktest script to /home/mi/install/learning/lib/learning
[6.078s] writing list of installed files to '/home/mi/build/learning/install.log'
[6.184s] Invoked command in '/home/mi/workplace/src/learning' returned '0': PYTHONPATH=/home/mi/install/learning/lib/python3.6/site-packages:${PYTHONPATH} /usr/bin/python3 setup.py egg_info --egg-base ../../../build/learning build --build-base /home/mi/build/learning/build install --prefix /home/mi/install/learning --record /home/mi/build/learning/install.log --single-version-externally-managed
