2024-05-15 21:43:38.292 [info] 日志级别: Info
2024-05-15 21:43:38.292 [info] 正在验证在以下位置找到的 git: "git"
2024-05-15 21:43:38.293 [info] 将使用位于 "2.17.1" 的 Git "git"
2024-05-15 21:43:38.293 [info] > git rev-parse --show-toplevel [844ms]
2024-05-15 21:43:38.293 [info] > git rev-parse --git-dir --git-common-dir [425ms]
2024-05-15 21:43:38.293 [info] Open repository: /home/mi
2024-05-15 21:43:38.363 [info] > git rev-parse --show-toplevel [36ms]
2024-05-15 21:43:38.369 [info] > git config --get commit.template [54ms]
2024-05-15 21:43:38.414 [info] > git rev-parse --show-toplevel [29ms]
2024-05-15 21:43:38.423 [info] > git for-each-ref --format=%(refname)%00%(upstream:short)%00%(objectname)%00%(upstream:track)%00%(upstream:remotename)%00%(upstream:remoteref) refs/heads/whf_play refs/remotes/whf_play [17ms]
2024-05-15 21:43:38.527 [info] > git rev-parse --show-toplevel [6ms]
2024-05-15 21:43:38.549 [info] > git rev-parse --show-toplevel [5ms]
2024-05-15 21:43:38.839 [info] > git rev-parse --show-toplevel [272ms]
2024-05-15 21:43:39.108 [info] > git check-ignore -v -z --stdin [79ms]
2024-05-15 21:43:39.131 [info] > git rev-parse --show-toplevel [187ms]
2024-05-15 21:43:39.352 [info] > git status -z -uall [907ms]
2024-05-15 21:43:39.358 [info] > git rev-parse --show-toplevel [196ms]
2024-05-15 21:43:43.229 [info] > git config --get commit.template [67ms]
2024-05-15 21:43:43.230 [info] > git rev-parse --show-toplevel [91ms]
2024-05-15 21:43:43.288 [info] > git rev-parse --show-toplevel [34ms]
2024-05-15 21:43:43.295 [info] > git for-each-ref --format=%(refname)%00%(upstream:short)%00%(objectname)%00%(upstream:track)%00%(upstream:remotename)%00%(upstream:remoteref) refs/heads/whf_play refs/remotes/whf_play [11ms]
2024-05-15 21:43:43.343 [info] > git rev-parse --show-toplevel [5ms]
2024-05-15 21:43:43.368 [info] > git rev-parse --show-toplevel [5ms]
2024-05-15 21:43:43.394 [info] > git rev-parse --show-toplevel [6ms]
2024-05-15 21:43:43.418 [info] > git rev-parse --show-toplevel [5ms]
2024-05-15 21:43:43.454 [info] > git rev-parse --show-toplevel [15ms]
2024-05-15 21:43:43.481 [info] > git rev-parse --show-toplevel [5ms]
2024-05-15 21:43:43.504 [info] > git rev-parse --show-toplevel [5ms]
2024-05-15 21:43:43.534 [info] > git rev-parse --show-toplevel [7ms]
2024-05-15 21:43:43.558 [info] > git rev-parse --show-toplevel [3ms]
2024-05-15 21:43:43.583 [info] > git rev-parse --show-toplevel [3ms]
2024-05-15 21:43:43.606 [info] > git rev-parse --show-toplevel [5ms]
2024-05-15 21:43:43.638 [info] > git rev-parse --show-toplevel [15ms]
2024-05-15 21:43:43.675 [info] > git status -z -uall [360ms]
2024-05-15 21:43:43.676 [info] > git rev-parse --show-toplevel [8ms]
2024-05-15 21:43:47.727 [info] > git rev-parse --show-toplevel [28ms]
2024-05-15 21:43:47.757 [info] > git rev-parse --show-toplevel [8ms]
2024-05-15 21:43:47.799 [info] > git rev-parse --show-toplevel [7ms]
2024-05-15 21:43:47.832 [info] > git rev-parse --show-toplevel [4ms]
2024-05-15 21:43:47.861 [info] > git rev-parse --show-toplevel [6ms]
2024-05-15 21:43:47.890 [info] > git rev-parse --show-toplevel [8ms]
2024-05-15 21:43:47.925 [info] > git rev-parse --show-toplevel [7ms]
2024-05-15 21:43:47.957 [info] > git rev-parse --show-toplevel [5ms]
2024-05-15 21:43:48.034 [info] > git show --textconv :README.md [30ms]
2024-05-15 21:43:48.048 [info] > git ls-files --stage -- /home/mi/README.md [19ms]
2024-05-15 21:43:48.072 [info] > git cat-file -s 1bf23d1d3209f57ac9f201e192e5a5f3914c9cde [4ms]
2024-05-15 21:46:39.309 [info] > git check-ignore -v -z --stdin [25ms]
2024-05-15 21:57:43.278 [info] > git check-ignore -v -z --stdin [17ms]
2024-05-15 21:57:44.738 [info] > git check-ignore -v -z --stdin [14ms]
2024-05-15 21:57:45.799 [info] > git check-ignore -v -z --stdin [18ms]
2024-05-15 21:57:47.086 [info] > git check-ignore -v -z --stdin [25ms]
2024-05-15 21:57:50.051 [info] > git check-ignore -v -z --stdin [26ms]
2024-05-15 21:58:04.384 [info] > git show --textconv :workplace/src/learning/learning/keeper.py [33ms]
2024-05-15 21:58:06.204 [info] > git ls-files --stage -- /home/mi/workplace/src/learning/learning/keeper.py [1828ms]
2024-05-15 21:58:06.249 [info] > git cat-file -s e75319f133867d0692c03d9adaa19d897d9218cf [25ms]
2024-05-15 21:58:08.422 [info] > git show --textconv :workplace/src/learning/learning/striker.py [48ms]
2024-05-15 21:58:08.423 [info] > git ls-files --stage -- /home/mi/workplace/src/learning/learning/striker.py [21ms]
2024-05-15 21:58:08.456 [info] > git cat-file -s a4a2c95790e87b0c06f5e72b1611ca14e050e365 [8ms]
2024-05-15 21:58:26.181 [info] > git show --textconv :README.md [37ms]
2024-05-15 21:58:26.190 [info] > git ls-files --stage -- /home/mi/README.md [20ms]
2024-05-15 21:58:26.222 [info] > git cat-file -s 1bf23d1d3209f57ac9f201e192e5a5f3914c9cde [10ms]
2024-05-15 22:00:20.531 [info] > git show --textconv :workplace/src/learning/learning/keeper.py [28ms]
2024-05-15 22:00:20.541 [info] > git ls-files --stage -- /home/mi/workplace/src/learning/learning/keeper.py [14ms]
2024-05-15 22:00:20.568 [info] > git cat-file -s e75319f133867d0692c03d9adaa19d897d9218cf [6ms]
2024-05-15 22:00:44.552 [info] > git show --textconv :workplace/src/learning/learning/move_x.py [45ms]
2024-05-15 22:00:44.577 [info] > git ls-files --stage -- /home/mi/workplace/src/learning/learning/move_x.py [33ms]
2024-05-15 22:00:44.605 [info] > git cat-file -s 014c7e73eab061610d710be8eb2e72c1fc53923b [6ms]
2024-05-15 22:03:53.672 [info] > git show --textconv :workplace/src/learning/learning/move_x.py [32ms]
2024-05-15 22:03:53.690 [info] > git ls-files --stage -- /home/mi/workplace/src/learning/learning/move_x.py [25ms]
2024-05-15 22:03:53.717 [info] > git cat-file -s 014c7e73eab061610d710be8eb2e72c1fc53923b [9ms]
