[3.933s] Invoking command in '/home/mi/workplace/src/learning': PYTHONPATH=/home/mi/workplace/install/learning/lib/python3.6/site-packages:${PYTHONPATH} /usr/bin/python3 setup.py egg_info --egg-base ../../build/learning build --build-base /home/mi/workplace/build/learning/build install --prefix /home/mi/workplace/install/learning --record /home/mi/workplace/build/learning/install.log --single-version-externally-managed
[5.628s] running egg_info
[5.631s] writing ../../build/learning/learning.egg-info/PKG-INFO
[5.633s] writing dependency_links to ../../build/learning/learning.egg-info/dependency_links.txt
[5.635s] writing entry points to ../../build/learning/learning.egg-info/entry_points.txt
[5.635s] writing requirements to ../../build/learning/learning.egg-info/requires.txt
[5.636s] writing top-level names to ../../build/learning/learning.egg-info/top_level.txt
[5.650s] reading manifest file '../../build/learning/learning.egg-info/SOURCES.txt'
[5.658s] writing manifest file '../../build/learning/learning.egg-info/SOURCES.txt'
[5.659s] running build
[5.659s] running build_py
[5.665s] copying learning/get_data.py -> /home/mi/workplace/build/learning/build/lib/learning
[5.669s] running install
[5.670s] /usr/local/lib/python3.6/dist-packages/setuptools/command/install.py:37: SetuptoolsDeprecationWarning: setup.py install is deprecated. Use build and pip and other standards-based tools.
[5.670s]   setuptools.SetuptoolsDeprecationWarning,
[5.671s] running install_lib
[5.678s] copying /home/mi/workplace/build/learning/build/lib/learning/get_data.py -> /home/mi/workplace/install/learning/lib/python3.6/site-packages/learning
[5.683s] byte-compiling /home/mi/workplace/install/learning/lib/python3.6/site-packages/learning/get_data.py to get_data.cpython-36.pyc
[5.687s] running install_data
[5.690s] running install_egg_info
[5.697s] removing '/home/mi/workplace/install/learning/lib/python3.6/site-packages/learning-0.0.0-py3.6.egg-info' (and everything under it)
[5.699s] Copying ../../build/learning/learning.egg-info to /home/mi/workplace/install/learning/lib/python3.6/site-packages/learning-0.0.0-py3.6.egg-info
[5.705s] running install_scripts
[5.791s] Installing camera script to /home/mi/workplace/install/learning/lib/learning
[5.794s] Installing crash script to /home/mi/workplace/install/learning/lib/learning
[5.795s] Installing data_receive script to /home/mi/workplace/install/learning/lib/learning
[5.796s] Installing get_data script to /home/mi/workplace/install/learning/lib/learning
[5.797s] Installing goal script to /home/mi/workplace/install/learning/lib/learning
[5.798s] Installing keeper script to /home/mi/workplace/install/learning/lib/learning
[5.798s] Installing move_x script to /home/mi/workplace/install/learning/lib/learning
[5.799s] Installing rgb script to /home/mi/workplace/install/learning/lib/learning
[5.799s] Installing rotate script to /home/mi/workplace/install/learning/lib/learning
[5.800s] Installing rotate_until_center1 script to /home/mi/workplace/install/learning/lib/learning
[5.800s] Installing sit script to /home/mi/workplace/install/learning/lib/learning
[5.801s] Installing stand script to /home/mi/workplace/install/learning/lib/learning
[5.801s] Installing track script to /home/mi/workplace/install/learning/lib/learning
[5.801s] Installing walk_t_sec script to /home/mi/workplace/install/learning/lib/learning
[5.802s] Installing walktest script to /home/mi/workplace/install/learning/lib/learning
[5.804s] writing list of installed files to '/home/mi/workplace/build/learning/install.log'
[5.914s] Invoked command in '/home/mi/workplace/src/learning' returned '0': PYTHONPATH=/home/mi/workplace/install/learning/lib/python3.6/site-packages:${PYTHONPATH} /usr/bin/python3 setup.py egg_info --egg-base ../../build/learning build --build-base /home/mi/workplace/build/learning/build install --prefix /home/mi/workplace/install/learning --record /home/mi/workplace/build/learning/install.log --single-version-externally-managed
