[4.183s] Invoking command in '/home/mi/workplace/src/learning': PYTHONPATH=/home/mi/install/learning/lib/python3.6/site-packages:${PYTHONPATH} /usr/bin/python3 setup.py egg_info --egg-base ../../../build/learning build --build-base /home/mi/build/learning/build install --prefix /home/mi/install/learning --record /home/mi/build/learning/install.log --single-version-externally-managed
[5.768s] running egg_info
[5.771s] writing ../../../build/learning/learning.egg-info/PKG-INFO
[5.774s] writing dependency_links to ../../../build/learning/learning.egg-info/dependency_links.txt
[5.775s] writing entry points to ../../../build/learning/learning.egg-info/entry_points.txt
[5.775s] writing requirements to ../../../build/learning/learning.egg-info/requires.txt
[5.776s] writing top-level names to ../../../build/learning/learning.egg-info/top_level.txt
[5.791s] reading manifest file '../../../build/learning/learning.egg-info/SOURCES.txt'
[5.799s] writing manifest file '../../../build/learning/learning.egg-info/SOURCES.txt'
[5.799s] running build
[5.800s] running build_py
[5.806s] running install
[5.811s] /usr/local/lib/python3.6/dist-packages/setuptools/command/install.py:37: SetuptoolsDeprecationWarning: setup.py install is deprecated. Use build and pip and other standards-based tools.
[5.813s]   setuptools.SetuptoolsDeprecationWarning,
[5.814s] running install_lib
[5.820s] running install_data
[5.823s] running install_egg_info
[5.830s] removing '/home/mi/install/learning/lib/python3.6/site-packages/learning-0.0.0-py3.6.egg-info' (and everything under it)
[5.832s] Copying ../../../build/learning/learning.egg-info to /home/mi/install/learning/lib/python3.6/site-packages/learning-0.0.0-py3.6.egg-info
[5.836s] running install_scripts
[5.929s] Installing camera script to /home/mi/install/learning/lib/learning
[5.930s] Installing crash script to /home/mi/install/learning/lib/learning
[5.931s] Installing data_receive script to /home/mi/install/learning/lib/learning
[5.932s] Installing get_data script to /home/mi/install/learning/lib/learning
[5.933s] Installing goal script to /home/mi/install/learning/lib/learning
[5.933s] Installing keeper script to /home/mi/install/learning/lib/learning
[5.934s] Installing move_x script to /home/mi/install/learning/lib/learning
[5.936s] Installing rgb script to /home/mi/install/learning/lib/learning
[5.937s] Installing rotate script to /home/mi/install/learning/lib/learning
[5.938s] Installing rotate_until_center1 script to /home/mi/install/learning/lib/learning
[5.939s] Installing stand script to /home/mi/install/learning/lib/learning
[5.939s] Installing track script to /home/mi/install/learning/lib/learning
[5.942s] Installing walk_t_sec script to /home/mi/install/learning/lib/learning
[5.942s] Installing walktest script to /home/mi/install/learning/lib/learning
[5.944s] writing list of installed files to '/home/mi/build/learning/install.log'
[6.064s] Invoked command in '/home/mi/workplace/src/learning' returned '0': PYTHONPATH=/home/mi/install/learning/lib/python3.6/site-packages:${PYTHONPATH} /usr/bin/python3 setup.py egg_info --egg-base ../../../build/learning build --build-base /home/mi/build/learning/build install --prefix /home/mi/install/learning --record /home/mi/build/learning/install.log --single-version-externally-managed
