2024-05-02 15:06:49.929 [info] 日志级别: Info
2024-05-02 15:06:49.929 [info] 正在验证在以下位置找到的 git: "git"
2024-05-02 15:06:49.929 [info] 将使用位于 "2.17.1" 的 Git "git"
2024-05-02 15:06:49.929 [info] > git rev-parse --show-toplevel [68ms]
2024-05-02 15:06:49.929 [info] fatal: not a git repository (or any of the parent directories): .git
2024-05-02 15:06:49.929 [info] > git rev-parse --show-toplevel [21ms]
2024-05-02 15:06:49.929 [info] fatal: not a git repository (or any of the parent directories): .git
2024-05-02 15:06:49.929 [info] > git rev-parse --show-toplevel [5ms]
2024-05-02 15:06:49.929 [info] fatal: not a git repository (or any of the parent directories): .git
2024-05-02 15:06:49.991 [info] > git rev-parse --show-toplevel [9ms]
2024-05-02 15:06:49.991 [info] fatal: not a git repository (or any of the parent directories): .git
2024-05-02 15:06:50.021 [info] > git rev-parse --show-toplevel [14ms]
2024-05-02 15:06:50.021 [info] fatal: not a git repository (or any of the parent directories): .git
2024-05-02 15:06:50.046 [info] > git rev-parse --show-toplevel [12ms]
2024-05-02 15:06:50.046 [info] fatal: not a git repository (or any of the parent directories): .git
2024-05-02 15:06:50.066 [info] > git rev-parse --show-toplevel [6ms]
2024-05-02 15:06:50.066 [info] fatal: not a git repository (or any of the parent directories): .git
2024-05-02 15:06:50.084 [info] > git rev-parse --show-toplevel [6ms]
2024-05-02 15:06:50.084 [info] fatal: not a git repository (or any of the parent directories): .git
2024-05-02 15:06:50.107 [info] > git rev-parse --show-toplevel [4ms]
2024-05-02 15:06:50.107 [info] fatal: not a git repository (or any of the parent directories): .git
2024-05-02 15:06:50.124 [info] > git rev-parse --show-toplevel [3ms]
2024-05-02 15:06:50.125 [info] fatal: not a git repository (or any of the parent directories): .git
2024-05-02 15:06:50.145 [info] > git rev-parse --show-toplevel [4ms]
2024-05-02 15:06:50.145 [info] fatal: not a git repository (or any of the parent directories): .git
2024-05-02 15:06:50.166 [info] > git rev-parse --show-toplevel [3ms]
2024-05-02 15:06:50.166 [info] fatal: not a git repository (or any of the parent directories): .git
2024-05-02 15:06:50.185 [info] > git rev-parse --show-toplevel [4ms]
2024-05-02 15:06:50.185 [info] fatal: not a git repository (or any of the parent directories): .git
2024-05-02 15:06:50.206 [info] > git rev-parse --show-toplevel [9ms]
2024-05-02 15:06:50.207 [info] fatal: not a git repository (or any of the parent directories): .git
2024-05-02 15:06:50.224 [info] > git rev-parse --show-toplevel [5ms]
2024-05-02 15:06:50.224 [info] fatal: not a git repository (or any of the parent directories): .git
2024-05-02 15:06:50.241 [info] > git rev-parse --show-toplevel [4ms]
2024-05-02 15:06:50.241 [info] fatal: not a git repository (or any of the parent directories): .git
2024-05-02 15:06:50.262 [info] > git rev-parse --show-toplevel [7ms]
2024-05-02 15:06:50.262 [info] fatal: not a git repository (or any of the parent directories): .git
2024-05-02 15:06:50.281 [info] > git rev-parse --show-toplevel [4ms]
2024-05-02 15:06:50.281 [info] fatal: not a git repository (or any of the parent directories): .git
2024-05-02 15:06:50.298 [info] > git rev-parse --show-toplevel [3ms]
2024-05-02 15:06:50.298 [info] fatal: not a git repository (or any of the parent directories): .git
2024-05-02 15:06:50.314 [info] > git rev-parse --show-toplevel [4ms]
2024-05-02 15:06:50.314 [info] fatal: not a git repository (or any of the parent directories): .git
2024-05-02 15:06:50.331 [info] > git rev-parse --show-toplevel [4ms]
2024-05-02 15:06:50.331 [info] fatal: not a git repository (or any of the parent directories): .git
2024-05-02 15:06:50.348 [info] > git rev-parse --show-toplevel [5ms]
2024-05-02 15:06:50.349 [info] fatal: not a git repository (or any of the parent directories): .git
2024-05-02 15:06:50.365 [info] > git rev-parse --show-toplevel [5ms]
2024-05-02 15:06:50.366 [info] fatal: not a git repository (or any of the parent directories): .git
2024-05-02 15:06:50.383 [info] > git rev-parse --show-toplevel [4ms]
2024-05-02 15:06:50.383 [info] fatal: not a git repository (or any of the parent directories): .git
2024-05-02 15:06:50.400 [info] > git rev-parse --show-toplevel [4ms]
2024-05-02 15:06:50.400 [info] fatal: not a git repository (or any of the parent directories): .git
2024-05-02 15:06:50.418 [info] > git rev-parse --show-toplevel [3ms]
2024-05-02 15:06:50.418 [info] fatal: not a git repository (or any of the parent directories): .git
2024-05-02 15:06:50.434 [info] > git rev-parse --show-toplevel [3ms]
2024-05-02 15:06:50.434 [info] fatal: not a git repository (or any of the parent directories): .git
2024-05-02 15:14:24.669 [info] > git rev-parse --show-toplevel [10ms]
2024-05-02 15:14:24.669 [info] fatal: not a git repository (or any of the parent directories): .git
2024-05-02 15:15:41.311 [info] > git rev-parse --show-toplevel [17ms]
2024-05-02 15:15:41.311 [info] fatal: not a git repository (or any of the parent directories): .git
2024-05-02 15:16:20.243 [info] > git rev-parse --show-toplevel [6ms]
2024-05-02 15:16:20.243 [info] fatal: not a git repository (or any of the parent directories): .git
2024-05-02 15:23:07.263 [info] > git rev-parse --show-toplevel [6ms]
2024-05-02 15:23:07.263 [info] fatal: not a git repository (or any of the parent directories): .git
2024-05-02 15:24:14.767 [info] > git rev-parse --show-toplevel [5ms]
2024-05-02 15:24:14.768 [info] fatal: not a git repository (or any of the parent directories): .git
2024-05-02 15:24:15.654 [info] > git rev-parse --show-toplevel [7ms]
2024-05-02 15:24:15.654 [info] fatal: not a git repository (or any of the parent directories): .git
2024-05-02 15:25:15.104 [info] > git rev-parse --show-toplevel [9ms]
2024-05-02 15:25:15.104 [info] fatal: not a git repository (or any of the parent directories): .git
2024-05-02 15:25:15.932 [info] > git rev-parse --show-toplevel [5ms]
2024-05-02 15:25:15.932 [info] fatal: not a git repository (or any of the parent directories): .git
