[2.113s] DEBUG:colcon:Command line arguments: ['/usr/bin/colcon', 'build']
[2.113s] DEBUG:colcon:Parsed command line arguments: Namespace(allow_overriding=[], ament_cmake_args=None, base_paths=['.'], build_base='build', catkin_cmake_args=None, catkin_skip_building_tests=False, cmake_args=None, cmake_clean_cache=False, cmake_clean_first=False, cmake_force_configure=False, cmake_target=None, cmake_target_skip_unavailable=False, continue_on_error=False, event_handlers=None, executor='parallel', ignore_user_meta=False, install_base='install', log_base=None, log_level=None, main=<bound method BuildVerb.main of <colcon_core.verb.build.BuildVerb object at 0x7f884e5f60>>, merge_install=False, metas=['./colcon.meta'], packages_above=None, packages_above_and_dependencies=None, packages_above_depth=None, packages_end=None, packages_ignore=None, packages_ignore_regex=None, packages_select=None, packages_select_build_failed=False, packages_select_by_dep=None, packages_select_regex=None, packages_select_test_failures=False, packages_skip=None, packages_skip_build_finished=False, packages_skip_by_dep=None, packages_skip_regex=None, packages_skip_test_passed=False, packages_skip_up_to=None, packages_start=None, packages_up_to=None, packages_up_to_regex=None, parallel_workers=6, paths=None, symlink_install=False, test_result_base=None, verb_extension=<colcon_core.verb.build.BuildVerb object at 0x7f884e5f60>, verb_name='build', verb_parser=<colcon_defaults.argument_parser.defaults.DefaultArgumentsDecorator object at 0x7f8847f278>)
[2.148s] Level 1:colcon.colcon_core.package_discovery:discover_packages(colcon_meta) check parameters
[2.149s] Level 1:colcon.colcon_core.package_discovery:discover_packages(recursive) check parameters
[2.149s] Level 1:colcon.colcon_core.package_discovery:discover_packages(ignore) check parameters
[2.149s] Level 1:colcon.colcon_core.package_discovery:discover_packages(path) check parameters
[2.150s] Level 1:colcon.colcon_core.package_discovery:discover_packages(colcon_meta) discover
[2.152s] Level 1:colcon.colcon_core.package_discovery:discover_packages(recursive) discover
[2.153s] INFO:colcon.colcon_core.package_discovery:Crawling recursively for packages in '/home/mi/workplace'
[2.153s] Level 1:colcon.colcon_core.package_identification:_identify(.) by extensions ['ignore', 'ignore_ament_install']
[2.155s] Level 1:colcon.colcon_core.package_identification:_identify(.) by extension 'ignore'
[2.155s] Level 1:colcon.colcon_core.package_identification:_identify(.) by extension 'ignore_ament_install'
[2.156s] Level 1:colcon.colcon_core.package_identification:_identify(.) by extensions ['colcon_pkg']
[2.156s] Level 1:colcon.colcon_core.package_identification:_identify(.) by extension 'colcon_pkg'
[2.156s] Level 1:colcon.colcon_core.package_identification:_identify(.) by extensions ['colcon_meta']
[2.157s] Level 1:colcon.colcon_core.package_identification:_identify(.) by extension 'colcon_meta'
[2.157s] Level 1:colcon.colcon_core.package_identification:_identify(.) by extensions ['ros']
[2.157s] Level 1:colcon.colcon_core.package_identification:_identify(.) by extension 'ros'
[2.651s] Level 1:colcon.colcon_core.package_identification:_identify(.) by extensions ['cmake', 'python']
[2.652s] Level 1:colcon.colcon_core.package_identification:_identify(.) by extension 'cmake'
[2.656s] Level 1:colcon.colcon_core.package_identification:_identify(.) by extension 'python'
[2.656s] Level 1:colcon.colcon_core.package_identification:_identify(.) by extensions ['python_setup_py']
[2.657s] Level 1:colcon.colcon_core.package_identification:_identify(.) by extension 'python_setup_py'
[2.658s] Level 1:colcon.colcon_core.package_identification:_identify(build) by extensions ['ignore', 'ignore_ament_install']
[2.658s] Level 1:colcon.colcon_core.package_identification:_identify(build) by extension 'ignore'
[2.659s] Level 1:colcon.colcon_core.package_identification:_identify(build) ignored
[2.661s] Level 1:colcon.colcon_core.package_identification:_identify(install) by extensions ['ignore', 'ignore_ament_install']
[2.662s] Level 1:colcon.colcon_core.package_identification:_identify(install) by extension 'ignore'
[2.662s] Level 1:colcon.colcon_core.package_identification:_identify(install) ignored
[2.663s] Level 1:colcon.colcon_core.package_identification:_identify(log) by extensions ['ignore', 'ignore_ament_install']
[2.663s] Level 1:colcon.colcon_core.package_identification:_identify(log) by extension 'ignore'
[2.663s] Level 1:colcon.colcon_core.package_identification:_identify(log) ignored
[2.664s] Level 1:colcon.colcon_core.package_identification:_identify(src) by extensions ['ignore', 'ignore_ament_install']
[2.665s] Level 1:colcon.colcon_core.package_identification:_identify(src) by extension 'ignore'
[2.665s] Level 1:colcon.colcon_core.package_identification:_identify(src) by extension 'ignore_ament_install'
[2.665s] Level 1:colcon.colcon_core.package_identification:_identify(src) by extensions ['colcon_pkg']
[2.665s] Level 1:colcon.colcon_core.package_identification:_identify(src) by extension 'colcon_pkg'
[2.666s] Level 1:colcon.colcon_core.package_identification:_identify(src) by extensions ['colcon_meta']
[2.666s] Level 1:colcon.colcon_core.package_identification:_identify(src) by extension 'colcon_meta'
[2.666s] Level 1:colcon.colcon_core.package_identification:_identify(src) by extensions ['ros']
[2.666s] Level 1:colcon.colcon_core.package_identification:_identify(src) by extension 'ros'
[2.667s] Level 1:colcon.colcon_core.package_identification:_identify(src) by extensions ['cmake', 'python']
[2.667s] Level 1:colcon.colcon_core.package_identification:_identify(src) by extension 'cmake'
[2.667s] Level 1:colcon.colcon_core.package_identification:_identify(src) by extension 'python'
[2.668s] Level 1:colcon.colcon_core.package_identification:_identify(src) by extensions ['python_setup_py']
[2.668s] Level 1:colcon.colcon_core.package_identification:_identify(src) by extension 'python_setup_py'
[2.669s] Level 1:colcon.colcon_core.package_identification:_identify(src/learning) by extensions ['ignore', 'ignore_ament_install']
[2.669s] Level 1:colcon.colcon_core.package_identification:_identify(src/learning) by extension 'ignore'
[2.669s] Level 1:colcon.colcon_core.package_identification:_identify(src/learning) by extension 'ignore_ament_install'
[2.670s] Level 1:colcon.colcon_core.package_identification:_identify(src/learning) by extensions ['colcon_pkg']
[2.670s] Level 1:colcon.colcon_core.package_identification:_identify(src/learning) by extension 'colcon_pkg'
[2.670s] Level 1:colcon.colcon_core.package_identification:_identify(src/learning) by extensions ['colcon_meta']
[2.670s] Level 1:colcon.colcon_core.package_identification:_identify(src/learning) by extension 'colcon_meta'
[2.671s] Level 1:colcon.colcon_core.package_identification:_identify(src/learning) by extensions ['ros']
[2.671s] Level 1:colcon.colcon_core.package_identification:_identify(src/learning) by extension 'ros'
[2.685s] DEBUG:colcon.colcon_core.package_identification:Package 'src/learning' with type 'ros.ament_python' and name 'learning'
[2.685s] Level 1:colcon.colcon_core.package_discovery:discover_packages(recursive) using defaults
[2.686s] Level 1:colcon.colcon_core.package_discovery:discover_packages(ignore) discover
[2.686s] Level 1:colcon.colcon_core.package_discovery:discover_packages(ignore) using defaults
[2.687s] Level 1:colcon.colcon_core.package_discovery:discover_packages(path) discover
[2.687s] Level 1:colcon.colcon_core.package_discovery:discover_packages(path) using defaults
[2.820s] Level 5:colcon.colcon_core.verb:set package 'learning' build argument 'cmake_args' from command line to 'None'
[2.821s] Level 5:colcon.colcon_core.verb:set package 'learning' build argument 'cmake_target' from command line to 'None'
[2.821s] Level 5:colcon.colcon_core.verb:set package 'learning' build argument 'cmake_target_skip_unavailable' from command line to 'False'
[2.821s] Level 5:colcon.colcon_core.verb:set package 'learning' build argument 'cmake_clean_cache' from command line to 'False'
[2.822s] Level 5:colcon.colcon_core.verb:set package 'learning' build argument 'cmake_clean_first' from command line to 'False'
[2.822s] Level 5:colcon.colcon_core.verb:set package 'learning' build argument 'cmake_force_configure' from command line to 'False'
[2.822s] Level 5:colcon.colcon_core.verb:set package 'learning' build argument 'ament_cmake_args' from command line to 'None'
[2.822s] Level 5:colcon.colcon_core.verb:set package 'learning' build argument 'catkin_cmake_args' from command line to 'None'
[2.823s] Level 5:colcon.colcon_core.verb:set package 'learning' build argument 'catkin_skip_building_tests' from command line to 'False'
[2.823s] DEBUG:colcon.colcon_core.verb:Building package 'learning' with the following arguments: {'ament_cmake_args': None, 'build_base': '/home/mi/workplace/build/learning', 'catkin_cmake_args': None, 'catkin_skip_building_tests': False, 'cmake_args': None, 'cmake_clean_cache': False, 'cmake_clean_first': False, 'cmake_force_configure': False, 'cmake_target': None, 'cmake_target_skip_unavailable': False, 'install_base': '/home/mi/workplace/install/learning', 'merge_install': False, 'path': '/home/mi/workplace/src/learning', 'symlink_install': False, 'test_result_base': None}
[2.881s] INFO:colcon.colcon_core.executor:Executing jobs using 'parallel' executor
[2.897s] DEBUG:colcon.colcon_parallel_executor.executor.parallel:run_until_complete
[2.899s] INFO:colcon.colcon_ros.task.ament_python.build:Building ROS package in '/home/mi/workplace/src/learning' with build type 'ament_python'
[2.900s] Level 1:colcon.colcon_core.shell:create_environment_hook('learning', 'ament_prefix_path')
[2.929s] INFO:colcon.colcon_core.plugin_system:Skipping extension 'colcon_core.shell.bat': Not used on non-Windows systems
[2.931s] INFO:colcon.colcon_core.shell:Creating environment hook '/home/mi/workplace/install/learning/share/learning/hook/ament_prefix_path.ps1'
[2.937s] INFO:colcon.colcon_core.shell:Creating environment descriptor '/home/mi/workplace/install/learning/share/learning/hook/ament_prefix_path.dsv'
[2.940s] INFO:colcon.colcon_core.shell:Creating environment hook '/home/mi/workplace/install/learning/share/learning/hook/ament_prefix_path.sh'
[2.948s] INFO:colcon.colcon_core.shell:Skip shell extension 'powershell' for command environment: Not usable outside of PowerShell
[2.948s] DEBUG:colcon.colcon_core.shell:Skip shell extension 'dsv' for command environment
[4.829s] INFO:colcon.colcon_core.task.python.build:Building Python package in '/home/mi/workplace/src/learning'
[4.838s] INFO:colcon.colcon_core.shell:Skip shell extension 'powershell' for command environment: Not usable outside of PowerShell
[4.839s] DEBUG:colcon.colcon_core.shell:Skip shell extension 'dsv' for command environment
[7.070s] DEBUG:colcon.colcon_core.event_handler.log_command:Invoking command in '/home/mi/workplace/src/learning': PYTHONPATH=/home/mi/workplace/install/learning/lib/python3.6/site-packages:${PYTHONPATH} /usr/bin/python3 setup.py egg_info --egg-base ../../build/learning build --build-base /home/mi/workplace/build/learning/build install --prefix /home/mi/workplace/install/learning --record /home/mi/workplace/build/learning/install.log --single-version-externally-managed
[9.126s] DEBUG:colcon.colcon_core.event_handler.log_command:Invoked command in '/home/mi/workplace/src/learning' returned '0': PYTHONPATH=/home/mi/workplace/install/learning/lib/python3.6/site-packages:${PYTHONPATH} /usr/bin/python3 setup.py egg_info --egg-base ../../build/learning build --build-base /home/mi/workplace/build/learning/build install --prefix /home/mi/workplace/install/learning --record /home/mi/workplace/build/learning/install.log --single-version-externally-managed
[9.151s] Level 1:colcon.colcon_core.environment:checking '/home/mi/workplace/install/learning' for CMake module files
[9.155s] Level 1:colcon.colcon_core.environment:checking '/home/mi/workplace/install/learning' for CMake config files
[9.161s] Level 1:colcon.colcon_core.environment:checking '/home/mi/workplace/install/learning/lib'
[9.163s] Level 1:colcon.colcon_core.environment:checking '/home/mi/workplace/install/learning/bin'
[9.164s] Level 1:colcon.colcon_core.environment:checking '/home/mi/workplace/install/learning/lib/pkgconfig/learning.pc'
[9.164s] Level 1:colcon.colcon_core.environment:checking '/home/mi/workplace/install/learning/lib/python3.6/site-packages'
[9.165s] Level 1:colcon.colcon_core.shell:create_environment_hook('learning', 'pythonpath')
[9.168s] INFO:colcon.colcon_core.shell:Creating environment hook '/home/mi/workplace/install/learning/share/learning/hook/pythonpath.ps1'
[9.171s] INFO:colcon.colcon_core.shell:Creating environment descriptor '/home/mi/workplace/install/learning/share/learning/hook/pythonpath.dsv'
[9.173s] INFO:colcon.colcon_core.shell:Creating environment hook '/home/mi/workplace/install/learning/share/learning/hook/pythonpath.sh'
[9.175s] Level 1:colcon.colcon_core.environment:create_environment_scripts_only(learning)
[9.179s] INFO:colcon.colcon_core.shell:Creating package script '/home/mi/workplace/install/learning/share/learning/package.ps1'
[9.185s] INFO:colcon.colcon_core.shell:Creating package descriptor '/home/mi/workplace/install/learning/share/learning/package.dsv'
[9.188s] INFO:colcon.colcon_core.shell:Creating package script '/home/mi/workplace/install/learning/share/learning/package.sh'
[9.193s] INFO:colcon.colcon_core.shell:Creating package script '/home/mi/workplace/install/learning/share/learning/package.bash'
[9.198s] INFO:colcon.colcon_core.shell:Creating package script '/home/mi/workplace/install/learning/share/learning/package.zsh'
[9.203s] Level 1:colcon.colcon_core.environment:create_file_with_runtime_dependencies(/home/mi/workplace/install/learning/share/colcon-core/packages/learning)
[9.207s] DEBUG:colcon.colcon_parallel_executor.executor.parallel:closing loop
[9.210s] DEBUG:colcon.colcon_parallel_executor.executor.parallel:loop closed
[9.210s] DEBUG:colcon.colcon_parallel_executor.executor.parallel:run_until_complete finished with '0'
[9.211s] DEBUG:colcon.colcon_core.event_reactor:joining thread
[9.243s] INFO:colcon.colcon_core.plugin_system:Skipping extension 'colcon_notification.desktop_notification.terminal_notifier': Not used on non-Darwin systems
[9.243s] INFO:colcon.colcon_core.plugin_system:Skipping extension 'colcon_notification.desktop_notification.win32': Not used on non-Windows systems
[9.244s] INFO:colcon.colcon_notification.desktop_notification:Sending desktop notification using 'notify2'
[9.357s] DEBUG:colcon.colcon_core.event_reactor:joined thread
[9.362s] INFO:colcon.colcon_core.shell:Creating prefix script '/home/mi/workplace/install/local_setup.ps1'
[9.370s] INFO:colcon.colcon_core.shell:Creating prefix util module '/home/mi/workplace/install/_local_setup_util_ps1.py'
[9.380s] INFO:colcon.colcon_core.shell:Creating prefix chain script '/home/mi/workplace/install/setup.ps1'
[9.388s] INFO:colcon.colcon_core.shell:Creating prefix script '/home/mi/workplace/install/local_setup.sh'
[9.392s] INFO:colcon.colcon_core.shell:Creating prefix util module '/home/mi/workplace/install/_local_setup_util_sh.py'
[9.395s] INFO:colcon.colcon_core.shell:Creating prefix chain script '/home/mi/workplace/install/setup.sh'
[9.403s] INFO:colcon.colcon_core.shell:Creating prefix script '/home/mi/workplace/install/local_setup.bash'
[9.406s] INFO:colcon.colcon_core.shell:Creating prefix chain script '/home/mi/workplace/install/setup.bash'
[9.414s] INFO:colcon.colcon_core.shell:Creating prefix script '/home/mi/workplace/install/local_setup.zsh'
[9.425s] INFO:colcon.colcon_core.shell:Creating prefix chain script '/home/mi/workplace/install/setup.zsh'
