2024-04-27 11:21:52.889 [info] 日志级别: Info
2024-04-27 11:21:52.890 [info] 正在验证在以下位置找到的 git: "git"
2024-04-27 11:21:52.890 [info] 将使用位于 "2.17.1" 的 Git "git"
2024-04-27 11:21:52.890 [info] > git rev-parse --show-toplevel [37ms]
2024-04-27 11:21:52.890 [info] fatal: not a git repository (or any of the parent directories): .git
2024-04-27 11:21:52.890 [info] > git rev-parse --show-toplevel [15ms]
2024-04-27 11:21:52.890 [info] fatal: not a git repository (or any of the parent directories): .git
2024-04-27 11:21:52.895 [info] > git rev-parse --show-toplevel [13ms]
2024-04-27 11:21:52.895 [info] fatal: not a git repository (or any of the parent directories): .git
2024-04-27 11:21:52.920 [info] > git rev-parse --show-toplevel [8ms]
2024-04-27 11:21:52.920 [info] fatal: not a git repository (or any of the parent directories): .git
2024-04-27 11:21:52.979 [info] > git rev-parse --show-toplevel [39ms]
2024-04-27 11:21:52.980 [info] fatal: not a git repository (or any of the parent directories): .git
2024-04-27 11:21:53.023 [info] > git rev-parse --show-toplevel [15ms]
2024-04-27 11:21:53.024 [info] fatal: not a git repository (or any of the parent directories): .git
2024-04-27 11:21:53.052 [info] > git rev-parse --show-toplevel [12ms]
2024-04-27 11:21:53.056 [info] fatal: not a git repository (or any of the parent directories): .git
2024-04-27 11:21:53.076 [info] > git rev-parse --show-toplevel [7ms]
2024-04-27 11:21:53.077 [info] fatal: not a git repository (or any of the parent directories): .git
2024-04-27 11:21:53.100 [info] > git rev-parse --show-toplevel [5ms]
2024-04-27 11:21:53.100 [info] fatal: not a git repository (or any of the parent directories): .git
2024-04-27 11:21:53.119 [info] > git rev-parse --show-toplevel [4ms]
2024-04-27 11:21:53.119 [info] fatal: not a git repository (or any of the parent directories): .git
2024-04-27 11:21:53.144 [info] > git rev-parse --show-toplevel [5ms]
2024-04-27 11:21:53.144 [info] fatal: not a git repository (or any of the parent directories): .git
2024-04-27 11:21:53.170 [info] > git rev-parse --show-toplevel [6ms]
2024-04-27 11:21:53.170 [info] fatal: not a git repository (or any of the parent directories): .git
2024-04-27 11:21:53.189 [info] > git rev-parse --show-toplevel [5ms]
2024-04-27 11:21:53.189 [info] fatal: not a git repository (or any of the parent directories): .git
2024-04-27 11:21:53.214 [info] > git rev-parse --show-toplevel [10ms]
2024-04-27 11:21:53.214 [info] fatal: not a git repository (or any of the parent directories): .git
2024-04-27 11:21:53.315 [info] > git rev-parse --show-toplevel [83ms]
2024-04-27 11:21:53.315 [info] fatal: not a git repository (or any of the parent directories): .git
2024-04-27 11:21:53.343 [info] > git rev-parse --show-toplevel [11ms]
2024-04-27 11:21:53.343 [info] fatal: not a git repository (or any of the parent directories): .git
2024-04-27 11:21:53.363 [info] > git rev-parse --show-toplevel [4ms]
2024-04-27 11:21:53.364 [info] fatal: not a git repository (or any of the parent directories): .git
2024-04-27 11:21:53.385 [info] > git rev-parse --show-toplevel [4ms]
2024-04-27 11:21:53.385 [info] fatal: not a git repository (or any of the parent directories): .git
2024-04-27 11:21:53.405 [info] > git rev-parse --show-toplevel [4ms]
2024-04-27 11:21:53.405 [info] fatal: not a git repository (or any of the parent directories): .git
2024-04-27 11:21:53.425 [info] > git rev-parse --show-toplevel [4ms]
2024-04-27 11:21:53.425 [info] fatal: not a git repository (or any of the parent directories): .git
2024-04-27 11:21:53.448 [info] > git rev-parse --show-toplevel [4ms]
2024-04-27 11:21:53.448 [info] fatal: not a git repository (or any of the parent directories): .git
2024-04-27 11:21:53.466 [info] > git rev-parse --show-toplevel [4ms]
2024-04-27 11:21:53.467 [info] fatal: not a git repository (or any of the parent directories): .git
2024-04-27 11:21:53.486 [info] > git rev-parse --show-toplevel [6ms]
2024-04-27 11:21:53.486 [info] fatal: not a git repository (or any of the parent directories): .git
2024-04-27 11:21:53.504 [info] > git rev-parse --show-toplevel [3ms]
2024-04-27 11:21:53.504 [info] fatal: not a git repository (or any of the parent directories): .git
2024-04-27 11:21:53.522 [info] > git rev-parse --show-toplevel [3ms]
2024-04-27 11:21:53.522 [info] fatal: not a git repository (or any of the parent directories): .git
2024-04-27 11:21:53.545 [info] > git rev-parse --show-toplevel [4ms]
2024-04-27 11:21:53.545 [info] fatal: not a git repository (or any of the parent directories): .git
