[4.172s] Invoking command in '/home/mi/workplace/src/learning': PYTHONPATH=/home/mi/workplace/install/learning/lib/python3.6/site-packages:${PYTHONPATH} /usr/bin/python3 setup.py egg_info --egg-base ../../build/learning build --build-base /home/mi/workplace/build/learning/build install --prefix /home/mi/workplace/install/learning --record /home/mi/workplace/build/learning/install.log --single-version-externally-managed
[5.754s] running egg_info
[5.757s] writing ../../build/learning/learning.egg-info/PKG-INFO
[5.759s] writing dependency_links to ../../build/learning/learning.egg-info/dependency_links.txt
[5.760s] writing entry points to ../../build/learning/learning.egg-info/entry_points.txt
[5.764s] writing requirements to ../../build/learning/learning.egg-info/requires.txt
[5.767s] writing top-level names to ../../build/learning/learning.egg-info/top_level.txt
[5.777s] reading manifest file '../../build/learning/learning.egg-info/SOURCES.txt'
[5.785s] writing manifest file '../../build/learning/learning.egg-info/SOURCES.txt'
[5.785s] running build
[5.786s] running build_py
[5.790s] running install
[5.791s] /usr/local/lib/python3.6/dist-packages/setuptools/command/install.py:37: SetuptoolsDeprecationWarning: setup.py install is deprecated. Use build and pip and other standards-based tools.
[5.791s]   setuptools.SetuptoolsDeprecationWarning,
[5.792s] running install_lib
[5.800s] running install_data
[5.802s] running install_egg_info
[5.810s] removing '/home/mi/workplace/install/learning/lib/python3.6/site-packages/learning-0.0.0-py3.6.egg-info' (and everything under it)
[5.814s] Copying ../../build/learning/learning.egg-info to /home/mi/workplace/install/learning/lib/python3.6/site-packages/learning-0.0.0-py3.6.egg-info
[5.817s] running install_scripts
[5.901s] Installing camera script to /home/mi/workplace/install/learning/lib/learning
[5.902s] Installing crash script to /home/mi/workplace/install/learning/lib/learning
[5.903s] Installing data_receive script to /home/mi/workplace/install/learning/lib/learning
[5.904s] Installing rgb script to /home/mi/workplace/install/learning/lib/learning
[5.905s] Installing rotate_until_center1 script to /home/mi/workplace/install/learning/lib/learning
[5.906s] Installing stand script to /home/mi/workplace/install/learning/lib/learning
[5.906s] Installing track script to /home/mi/workplace/install/learning/lib/learning
[5.907s] Installing walk_t_sec script to /home/mi/workplace/install/learning/lib/learning
[5.907s] Installing walktest script to /home/mi/workplace/install/learning/lib/learning
[5.908s] writing list of installed files to '/home/mi/workplace/build/learning/install.log'
[6.014s] Invoked command in '/home/mi/workplace/src/learning' returned '0': PYTHONPATH=/home/mi/workplace/install/learning/lib/python3.6/site-packages:${PYTHONPATH} /usr/bin/python3 setup.py egg_info --egg-base ../../build/learning build --build-base /home/mi/workplace/build/learning/build install --prefix /home/mi/workplace/install/learning --record /home/mi/workplace/build/learning/install.log --single-version-externally-managed
