[4.761s] Invoking command in '/home/mi/workplace/src/learning': PYTHONPATH=/home/mi/workplace/install/learning/lib/python3.6/site-packages:${PYTHONPATH} /usr/bin/python3 setup.py egg_info --egg-base ../../build/learning build --build-base /home/mi/workplace/build/learning/build install --prefix /home/mi/workplace/install/learning --record /home/mi/workplace/build/learning/install.log --single-version-externally-managed
[6.429s] running egg_info
[6.432s] writing ../../build/learning/learning.egg-info/PKG-INFO
[6.434s] writing dependency_links to ../../build/learning/learning.egg-info/dependency_links.txt
[6.436s] writing entry points to ../../build/learning/learning.egg-info/entry_points.txt
[6.438s] writing requirements to ../../build/learning/learning.egg-info/requires.txt
[6.440s] writing top-level names to ../../build/learning/learning.egg-info/top_level.txt
[6.457s] reading manifest file '../../build/learning/learning.egg-info/SOURCES.txt'
[6.468s] writing manifest file '../../build/learning/learning.egg-info/SOURCES.txt'
[6.468s] running build
[6.469s] running build_py
[6.470s] copying learning/get_loc.py -> /home/mi/workplace/build/learning/build/lib/learning
[6.476s] running install
[6.477s] /usr/local/lib/python3.6/dist-packages/setuptools/command/install.py:37: SetuptoolsDeprecationWarning: setup.py install is deprecated. Use build and pip and other standards-based tools.
[6.478s]   setuptools.SetuptoolsDeprecationWarning,
[6.479s] running install_lib
[6.484s] copying /home/mi/workplace/build/learning/build/lib/learning/get_loc.py -> /home/mi/workplace/install/learning/lib/python3.6/site-packages/learning
[6.493s] byte-compiling /home/mi/workplace/install/learning/lib/python3.6/site-packages/learning/get_loc.py to get_loc.cpython-36.pyc
[6.496s] byte-compiling /home/mi/workplace/install/learning/lib/python3.6/site-packages/learning/move_x.py to move_x.cpython-36.pyc
[6.500s]   File "/home/mi/workplace/install/learning/lib/python3.6/site-packages/learning/move_x.py", line 132
[6.500s]     else #球近就快速行走
[6.501s]                 ^
[6.502s] SyntaxError: invalid syntax
[6.502s] 
[6.503s] running install_data
[6.509s] running install_egg_info
[6.513s] removing '/home/mi/workplace/install/learning/lib/python3.6/site-packages/learning-0.0.0-py3.6.egg-info' (and everything under it)
[6.514s] Copying ../../build/learning/learning.egg-info to /home/mi/workplace/install/learning/lib/python3.6/site-packages/learning-0.0.0-py3.6.egg-info
[6.519s] running install_scripts
[6.615s] Installing camera script to /home/mi/workplace/install/learning/lib/learning
[6.620s] Installing crash script to /home/mi/workplace/install/learning/lib/learning
[6.622s] Installing data_receive script to /home/mi/workplace/install/learning/lib/learning
[6.622s] Installing get_data script to /home/mi/workplace/install/learning/lib/learning
[6.623s] Installing goal script to /home/mi/workplace/install/learning/lib/learning
[6.623s] Installing keeper script to /home/mi/workplace/install/learning/lib/learning
[6.625s] Installing main_node script to /home/mi/workplace/install/learning/lib/learning
[6.626s] Installing move_x script to /home/mi/workplace/install/learning/lib/learning
[6.627s] Installing rgb script to /home/mi/workplace/install/learning/lib/learning
[6.627s] Installing rotate script to /home/mi/workplace/install/learning/lib/learning
[6.628s] Installing rotate_until_center1 script to /home/mi/workplace/install/learning/lib/learning
[6.628s] Installing stand script to /home/mi/workplace/install/learning/lib/learning
[6.629s] Installing track script to /home/mi/workplace/install/learning/lib/learning
[6.629s] Installing walk_t_sec script to /home/mi/workplace/install/learning/lib/learning
[6.630s] Installing walktest script to /home/mi/workplace/install/learning/lib/learning
[6.633s] writing list of installed files to '/home/mi/workplace/build/learning/install.log'
[6.760s] Invoked command in '/home/mi/workplace/src/learning' returned '0': PYTHONPATH=/home/mi/workplace/install/learning/lib/python3.6/site-packages:${PYTHONPATH} /usr/bin/python3 setup.py egg_info --egg-base ../../build/learning build --build-base /home/mi/workplace/build/learning/build install --prefix /home/mi/workplace/install/learning --record /home/mi/workplace/build/learning/install.log --single-version-externally-managed
