[4.331s] Invoking command in '/home/mi/workplace/src/learning': PYTHONPATH=/home/mi/install/learning/lib/python3.6/site-packages:${PYTHONPATH} /usr/bin/python3 setup.py egg_info --egg-base ../../../build/learning build --build-base /home/mi/build/learning/build install --prefix /home/mi/install/learning --record /home/mi/build/learning/install.log --single-version-externally-managed
[6.090s] running egg_info
[6.093s] writing ../../../build/learning/learning.egg-info/PKG-INFO
[6.095s] writing dependency_links to ../../../build/learning/learning.egg-info/dependency_links.txt
[6.096s] writing entry points to ../../../build/learning/learning.egg-info/entry_points.txt
[6.099s] writing requirements to ../../../build/learning/learning.egg-info/requires.txt
[6.099s] writing top-level names to ../../../build/learning/learning.egg-info/top_level.txt
[6.117s] reading manifest file '../../../build/learning/learning.egg-info/SOURCES.txt'
[6.125s] writing manifest file '../../../build/learning/learning.egg-info/SOURCES.txt'
[6.126s] running build
[6.127s] running build_py
[6.129s] copying learning/main_node.py -> /home/mi/build/learning/build/lib/learning
[6.130s] copying learning/move_node.py -> /home/mi/build/learning/build/lib/learning
[6.135s] copying learning/get_data.py -> /home/mi/build/learning/build/lib/learning
[6.138s] running install
[6.139s] /usr/local/lib/python3.6/dist-packages/setuptools/command/install.py:37: SetuptoolsDeprecationWarning: setup.py install is deprecated. Use build and pip and other standards-based tools.
[6.140s]   setuptools.SetuptoolsDeprecationWarning,
[6.142s] running install_lib
[6.147s] copying /home/mi/build/learning/build/lib/learning/main_node.py -> /home/mi/install/learning/lib/python3.6/site-packages/learning
[6.148s] copying /home/mi/build/learning/build/lib/learning/move_node.py -> /home/mi/install/learning/lib/python3.6/site-packages/learning
[6.151s] copying /home/mi/build/learning/build/lib/learning/get_data.py -> /home/mi/install/learning/lib/python3.6/site-packages/learning
[6.159s] byte-compiling /home/mi/install/learning/lib/python3.6/site-packages/learning/main_node.py to main_node.cpython-36.pyc
[6.159s] byte-compiling /home/mi/install/learning/lib/python3.6/site-packages/learning/move_node.py to move_node.cpython-36.pyc
[6.163s] byte-compiling /home/mi/install/learning/lib/python3.6/site-packages/learning/get_data.py to get_data.cpython-36.pyc
[6.170s] running install_data
[6.176s] running install_egg_info
[6.181s] removing '/home/mi/install/learning/lib/python3.6/site-packages/learning-0.0.0-py3.6.egg-info' (and everything under it)
[6.183s] Copying ../../../build/learning/learning.egg-info to /home/mi/install/learning/lib/python3.6/site-packages/learning-0.0.0-py3.6.egg-info
[6.190s] running install_scripts
[6.286s] Installing camera script to /home/mi/install/learning/lib/learning
[6.287s] Installing crash script to /home/mi/install/learning/lib/learning
[6.288s] Installing data_receive script to /home/mi/install/learning/lib/learning
[6.289s] Installing get_data script to /home/mi/install/learning/lib/learning
[6.290s] Installing goal script to /home/mi/install/learning/lib/learning
[6.291s] Installing keeper script to /home/mi/install/learning/lib/learning
[6.292s] Installing main script to /home/mi/install/learning/lib/learning
[6.292s] Installing move_x script to /home/mi/install/learning/lib/learning
[6.293s] Installing rgb script to /home/mi/install/learning/lib/learning
[6.293s] Installing rotate script to /home/mi/install/learning/lib/learning
[6.294s] Installing rotate_until_center1 script to /home/mi/install/learning/lib/learning
[6.295s] Installing sit script to /home/mi/install/learning/lib/learning
[6.296s] Installing stand script to /home/mi/install/learning/lib/learning
[6.298s] Installing test script to /home/mi/install/learning/lib/learning
[6.298s] Installing track script to /home/mi/install/learning/lib/learning
[6.299s] Installing walk_t_sec script to /home/mi/install/learning/lib/learning
[6.299s] Installing walktest script to /home/mi/install/learning/lib/learning
[6.300s] writing list of installed files to '/home/mi/build/learning/install.log'
[6.424s] Invoked command in '/home/mi/workplace/src/learning' returned '0': PYTHONPATH=/home/mi/install/learning/lib/python3.6/site-packages:${PYTHONPATH} /usr/bin/python3 setup.py egg_info --egg-base ../../../build/learning build --build-base /home/mi/build/learning/build install --prefix /home/mi/install/learning --record /home/mi/build/learning/install.log --single-version-externally-managed
