2024-05-15 21:22:19.908 [info] Log level: Info
2024-05-15 21:22:19.908 [info] Validating found git in: "git"
2024-05-15 21:22:19.908 [info] Using git "2.17.1" from "git"
2024-05-15 21:22:19.908 [info] > git rev-parse --show-toplevel [810ms]
2024-05-15 21:22:19.908 [info] > git rev-parse --git-dir --git-common-dir [388ms]
2024-05-15 21:22:19.908 [info] Open repository: /home/mi
2024-05-15 21:22:19.908 [info] > git config --get commit.template [828ms]
2024-05-15 21:22:20.064 [info] > git rev-parse --show-toplevel [1102ms]
2024-05-15 21:22:20.166 [info] > git for-each-ref --format=%(refname)%00%(upstream:short)%00%(objectname)%00%(upstream:track)%00%(upstream:remotename)%00%(upstream:remoteref) refs/heads/whf_play refs/remotes/whf_play [77ms]
2024-05-15 21:22:20.353 [info] > git rev-parse --show-toplevel [199ms]
2024-05-15 21:22:20.625 [info] > git check-ignore -v -z --stdin [203ms]
2024-05-15 21:22:20.637 [info] > git rev-parse --show-toplevel [148ms]
2024-05-15 21:22:21.372 [info] > git rev-parse --show-toplevel [129ms]
2024-05-15 21:22:21.401 [info] > git status -z -uall [1210ms]
2024-05-15 21:22:26.348 [info] > git rev-parse --show-toplevel [4949ms]
2024-05-15 21:22:26.774 [info] > git config --get commit.template [542ms]
2024-05-15 21:22:27.103 [info] > git rev-parse --show-toplevel [344ms]
2024-05-15 21:22:27.160 [info] > git for-each-ref --format=%(refname)%00%(upstream:short)%00%(objectname)%00%(upstream:track)%00%(upstream:remotename)%00%(upstream:remoteref) refs/heads/whf_play refs/remotes/whf_play [31ms]
2024-05-15 21:22:27.196 [info] > git rev-parse --show-toplevel [41ms]
2024-05-15 21:22:27.305 [info] > git rev-parse --show-toplevel [79ms]
2024-05-15 21:22:27.375 [info] > git rev-parse --show-toplevel [33ms]
2024-05-15 21:22:27.403 [info] > git rev-parse --show-toplevel [5ms]
2024-05-15 21:22:27.447 [info] > git rev-parse --show-toplevel [9ms]
2024-05-15 21:22:27.720 [info] > git rev-parse --show-toplevel [40ms]
2024-05-15 21:22:27.804 [info] > git rev-parse --show-toplevel [55ms]
2024-05-15 21:22:28.058 [info] > git status -z -uall [877ms]
2024-05-15 21:22:28.059 [info] > git rev-parse --show-toplevel [232ms]
2024-05-15 21:22:32.307 [info] > git rev-parse --show-toplevel [4229ms]
2024-05-15 21:22:32.798 [info] > git rev-parse --show-toplevel [267ms]
2024-05-15 21:22:32.836 [info] > git rev-parse --show-toplevel [16ms]
2024-05-15 21:22:32.864 [info] > git rev-parse --show-toplevel [6ms]
2024-05-15 21:22:32.896 [info] > git rev-parse --show-toplevel [7ms]
2024-05-15 21:22:32.942 [info] > git rev-parse --show-toplevel [26ms]
2024-05-15 21:22:32.968 [info] > git rev-parse --show-toplevel [6ms]
2024-05-15 21:22:32.995 [info] > git rev-parse --show-toplevel [6ms]
2024-05-15 21:22:33.021 [info] > git rev-parse --show-toplevel [5ms]
2024-05-15 21:22:33.080 [info] > git rev-parse --show-toplevel [31ms]
2024-05-15 21:22:33.104 [info] > git rev-parse --show-toplevel [5ms]
2024-05-15 21:22:33.131 [info] > git rev-parse --show-toplevel [4ms]
2024-05-15 21:22:33.162 [info] > git rev-parse --show-toplevel [6ms]
2024-05-15 21:22:33.188 [info] > git rev-parse --show-toplevel [3ms]
2024-05-15 21:22:33.213 [info] > git rev-parse --show-toplevel [5ms]
2024-05-15 21:22:33.243 [info] > git rev-parse --show-toplevel [6ms]
2024-05-15 21:22:33.277 [info] > git rev-parse --show-toplevel [11ms]
2024-05-15 21:22:33.486 [info] > git show --textconv :workplace/src/learning/learning/sit.py [167ms]
2024-05-15 21:22:33.488 [info] > git ls-files --stage -- /home/mi/workplace/src/learning/learning/sit.py [144ms]
2024-05-15 21:24:36.599 [info] > git config --get commit.template [4ms]
2024-05-15 21:24:36.629 [info] > git for-each-ref --format=%(refname)%00%(upstream:short)%00%(objectname)%00%(upstream:track)%00%(upstream:remotename)%00%(upstream:remoteref) refs/heads/whf_play refs/remotes/whf_play [8ms]
2024-05-15 21:24:36.999 [info] > git status -z -uall [348ms]
2024-05-15 21:24:42.688 [info] > git config --get commit.template [4ms]
2024-05-15 21:24:42.722 [info] > git for-each-ref --format=%(refname)%00%(upstream:short)%00%(objectname)%00%(upstream:track)%00%(upstream:remotename)%00%(upstream:remoteref) refs/heads/whf_play refs/remotes/whf_play [6ms]
2024-05-15 21:24:43.048 [info] > git status -z -uall [297ms]
2024-05-15 21:24:52.107 [info] > git check-ignore -v -z --stdin [23ms]
2024-05-15 21:24:55.785 [info] > git check-ignore -v -z --stdin [16ms]
2024-05-15 21:24:59.399 [info] > git show --textconv :workplace/src/learning/learning/striker.py [31ms]
2024-05-15 21:24:59.412 [info] > git ls-files --stage -- /home/mi/workplace/src/learning/learning/striker.py [17ms]
2024-05-15 21:24:59.446 [info] > git cat-file -s a4a2c95790e87b0c06f5e72b1611ca14e050e365 [6ms]
2024-05-15 21:36:21.396 [info] > git show --textconv :workplace/src/learning/learning/get_loc.py [56ms]
2024-05-15 21:36:21.405 [info] > git ls-files --stage -- /home/mi/workplace/src/learning/learning/get_loc.py [36ms]
2024-05-15 21:36:21.434 [info] > git cat-file -s 330476b8be27b64527cbfdc03a10715a185de84e [5ms]
2024-05-15 21:36:24.153 [info] > git show --textconv :workplace/src/learning/learning/routine.py [48ms]
2024-05-15 21:36:24.168 [info] > git ls-files --stage -- /home/mi/workplace/src/learning/learning/routine.py [27ms]
2024-05-15 21:36:24.208 [info] > git cat-file -s d312d06d0c402aab22151be6f62d48afebb72175 [11ms]
2024-05-15 21:36:26.341 [info] > git show --textconv :workplace/src/learning/learning/move_x.py [41ms]
2024-05-15 21:36:26.382 [info] > git ls-files --stage -- /home/mi/workplace/src/learning/learning/move_x.py [53ms]
2024-05-15 21:36:26.414 [info] > git cat-file -s 014c7e73eab061610d710be8eb2e72c1fc53923b [7ms]
2024-05-15 21:36:31.223 [info] > git show --textconv :workplace/src/learning/learning/rgb_cam_suber.py [47ms]
2024-05-15 21:36:31.240 [info] > git ls-files --stage -- /home/mi/workplace/src/learning/learning/rgb_cam_suber.py [23ms]
2024-05-15 21:36:31.269 [info] > git cat-file -s 3e0ff7b208544c4d0f41fce9b6bf39ae1679ec55 [4ms]
2024-05-15 21:36:37.589 [info] > git check-ignore -v -z --stdin [17ms]
2024-05-15 21:36:39.175 [info] > git check-ignore -v -z --stdin [14ms]
2024-05-15 21:36:39.797 [info] > git show --textconv :workplace/src/learning/learning/camera.py [34ms]
2024-05-15 21:36:39.805 [info] > git ls-files --stage -- /home/mi/workplace/src/learning/learning/camera.py [15ms]
2024-05-15 21:36:39.841 [info] > git cat-file -s 57d25ca86ebe15ac4fd13d672c220a5052800460 [13ms]
2024-05-15 21:36:53.694 [info] > git check-ignore -v -z --stdin [16ms]
2024-05-15 21:38:52.332 [info] > git show --textconv :workplace/src/learning/learning/see_and_crash.py [32ms]
2024-05-15 21:38:52.341 [info] > git ls-files --stage -- /home/mi/workplace/src/learning/learning/see_and_crash.py [14ms]
2024-05-15 21:38:52.372 [info] > git cat-file -s 44eef78457e5717ebd25127e3635dbcf502a9ce3 [9ms]
2024-05-15 21:39:09.793 [info] > git show --textconv :workplace/src/learning/learning/rgb_cam_suber.py [44ms]
2024-05-15 21:39:09.804 [info] > git ls-files --stage -- /home/mi/workplace/src/learning/learning/rgb_cam_suber.py [28ms]
2024-05-15 21:39:09.836 [info] > git cat-file -s 3e0ff7b208544c4d0f41fce9b6bf39ae1679ec55 [10ms]
2024-05-15 21:39:56.499 [info] > git check-ignore -v -z --stdin [17ms]
2024-05-15 21:39:57.677 [info] > git check-ignore -v -z --stdin [17ms]
2024-05-15 21:39:58.811 [info] > git show --textconv :README.md [108ms]
2024-05-15 21:39:58.812 [info] > git ls-files --stage -- /home/mi/README.md [84ms]
2024-05-15 21:39:58.856 [info] > git cat-file -s 1bf23d1d3209f57ac9f201e192e5a5f3914c9cde [12ms]
2024-05-15 21:41:23.080 [info] > git config --get commit.template [7ms]
2024-05-15 21:41:23.111 [info] > git for-each-ref --format=%(refname)%00%(upstream:short)%00%(objectname)%00%(upstream:track)%00%(upstream:remotename)%00%(upstream:remoteref) refs/heads/whf_play refs/remotes/whf_play [5ms]
2024-05-15 21:41:23.499 [info] > git status -z -uall [361ms]
2024-05-15 21:41:27.641 [info] > git check-ignore -v -z --stdin [12ms]
2024-05-15 21:41:28.938 [info] > git config --get commit.template [6ms]
2024-05-15 21:41:28.972 [info] > git for-each-ref --format=%(refname)%00%(upstream:short)%00%(objectname)%00%(upstream:track)%00%(upstream:remotename)%00%(upstream:remoteref) refs/heads/whf_play refs/remotes/whf_play [5ms]
2024-05-15 21:41:29.313 [info] > git status -z -uall [315ms]
2024-05-15 21:41:34.779 [info] > git config --get commit.template [40ms]
2024-05-15 21:41:34.781 [info] > git for-each-ref --format=%(refname)%00%(upstream:short)%00%(objectname)%00%(upstream:track)%00%(upstream:remotename)%00%(upstream:remoteref) refs/heads/whf_play refs/remotes/whf_play [21ms]
2024-05-15 21:41:35.132 [info] > git status -z -uall [317ms]
2024-05-15 21:42:08.842 [info] > git show --textconv :workplace/src/learning/learning/obstakle [36ms]
2024-05-15 21:42:08.849 [info] > git ls-files --stage -- /home/mi/workplace/src/learning/learning/obstakle [13ms]
2024-05-15 21:42:09.064 [info] > git check-ignore -v -z --stdin [14ms]
2024-05-15 21:42:29.867 [info] > git show --textconv :workplace/src/learning/learning/obstacle.py [40ms]
2024-05-15 21:42:29.873 [info] > git ls-files --stage -- /home/mi/workplace/src/learning/learning/obstacle.py [15ms]
2024-05-15 21:42:30.084 [info] > git check-ignore -v -z --stdin [14ms]
2024-05-15 21:43:09.324 [info] > git show --textconv :workplace/src/learning/learning/walktest.py [39ms]
2024-05-15 21:43:09.337 [info] > git ls-files --stage -- /home/mi/workplace/src/learning/learning/walktest.py [20ms]
2024-05-15 21:43:09.373 [info] > git cat-file -s e26daafd84b2f542235e99310ebb89f9de53a85e [6ms]
2024-05-15 21:43:14.610 [info] > git show --textconv :workplace/src/learning/learning/obstacle.py [37ms]
2024-05-15 21:43:14.620 [info] > git ls-files --stage -- /home/mi/workplace/src/learning/learning/obstacle.py [15ms]
2024-05-15 21:43:28.743 [info] > git check-ignore -v -z --stdin [23ms]
2024-05-15 21:43:46.678 [info] > git show --textconv :workplace/src/learning/learning/ultrasonic_node.py [56ms]
2024-05-15 21:43:46.699 [info] > git ls-files --stage -- /home/mi/workplace/src/learning/learning/ultrasonic_node.py [29ms]
2024-05-15 21:43:46.798 [info] > git check-ignore -v -z --stdin [29ms]
2024-05-15 21:43:49.918 [info] > git show --textconv :workplace/src/learning/learning/sensor_node.py [36ms]
2024-05-15 21:43:49.933 [info] > git ls-files --stage -- /home/mi/workplace/src/learning/learning/sensor_node.py [23ms]
2024-05-15 21:43:49.958 [info] > git cat-file -s 02e72f4508c47356d43f9e6cc1e0c779b5d2af62 [3ms]
2024-05-15 21:43:56.693 [info] > git show --textconv :workplace/src/learning/learning/ultrasonic_node.py [33ms]
2024-05-15 21:43:56.699 [info] > git ls-files --stage -- /home/mi/workplace/src/learning/learning/ultrasonic_node.py [13ms]
2024-05-15 21:44:01.407 [info] > git show --textconv :workplace/src/learning/learning/sensor_node.py [42ms]
2024-05-15 21:44:01.416 [info] > git ls-files --stage -- /home/mi/workplace/src/learning/learning/sensor_node.py [22ms]
2024-05-15 21:44:01.448 [info] > git cat-file -s 02e72f4508c47356d43f9e6cc1e0c779b5d2af62 [7ms]
2024-05-15 21:44:07.517 [info] > git show --textconv :workplace/src/learning/learning/stand.py [49ms]
2024-05-15 21:44:07.524 [info] > git ls-files --stage -- /home/mi/workplace/src/learning/learning/stand.py [25ms]
2024-05-15 21:44:07.556 [info] > git cat-file -s 41c5054b09baa67aa9903831f3021dd47e8bdccc [8ms]
2024-05-15 21:44:08.087 [info] > git show --textconv :workplace/src/learning/learning/sensor_node.py [35ms]
2024-05-15 21:44:08.092 [info] > git ls-files --stage -- /home/mi/workplace/src/learning/learning/sensor_node.py [8ms]
2024-05-15 21:44:08.119 [info] > git cat-file -s 02e72f4508c47356d43f9e6cc1e0c779b5d2af62 [8ms]
2024-05-15 21:44:14.523 [info] > git show --textconv :workplace/src/learning/learning/walk.py [32ms]
2024-05-15 21:44:14.533 [info] > git ls-files --stage -- /home/mi/workplace/src/learning/learning/walk.py [15ms]
2024-05-15 21:44:14.563 [info] > git cat-file -s e69de29bb2d1d6434b8b29ae775ad8c2e48c5391 [7ms]
2024-05-15 21:44:15.281 [info] > git show --textconv :workplace/src/learning/learning/walktest.py [29ms]
2024-05-15 21:44:15.289 [info] > git ls-files --stage -- /home/mi/workplace/src/learning/learning/walktest.py [14ms]
2024-05-15 21:44:15.313 [info] > git cat-file -s e26daafd84b2f542235e99310ebb89f9de53a85e [4ms]
2024-05-15 21:52:46.057 [info] > git show --textconv :README.md [32ms]
2024-05-15 21:52:46.080 [info] > git ls-files --stage -- /home/mi/README.md [28ms]
2024-05-15 21:52:46.128 [info] > git cat-file -s 1bf23d1d3209f57ac9f201e192e5a5f3914c9cde [26ms]
2024-05-15 21:52:52.694 [info] > git show --textconv :workplace/src/learning/learning/obstacle.py [33ms]
2024-05-15 21:52:52.701 [info] > git ls-files --stage -- /home/mi/workplace/src/learning/learning/obstacle.py [14ms]
2024-05-15 21:53:29.715 [info] > git config --get commit.template [9ms]
2024-05-15 21:53:29.767 [info] > git for-each-ref --format=%(refname)%00%(upstream:short)%00%(objectname)%00%(upstream:track)%00%(upstream:remotename)%00%(upstream:remoteref) refs/heads/whf_play refs/remotes/whf_play [11ms]
2024-05-15 21:53:30.133 [info] > git status -z -uall [335ms]
2024-05-15 21:58:27.904 [info] > git show --textconv :README.md [51ms]
2024-05-15 21:58:27.909 [info] > git ls-files --stage -- /home/mi/README.md [23ms]
2024-05-15 21:58:27.949 [info] > git cat-file -s 1bf23d1d3209f57ac9f201e192e5a5f3914c9cde [10ms]
2024-05-15 21:58:47.744 [info] > git config --get commit.template [20ms]
2024-05-15 21:58:47.791 [info] > git for-each-ref --format=%(refname)%00%(upstream:short)%00%(objectname)%00%(upstream:track)%00%(upstream:remotename)%00%(upstream:remoteref) refs/heads/whf_play refs/remotes/whf_play [18ms]
2024-05-15 21:58:47.971 [info] > git show --textconv :workplace/src/learning/learning/walktest.py [37ms]
2024-05-15 21:58:47.977 [info] > git ls-files --stage -- /home/mi/workplace/src/learning/learning/walktest.py [14ms]
2024-05-15 21:58:48.024 [info] > git cat-file -s e26daafd84b2f542235e99310ebb89f9de53a85e [22ms]
2024-05-15 21:58:48.204 [info] > git status -z -uall [383ms]
2024-05-15 21:59:30.332 [info] > git show --textconv :workplace/src/learning/learning/obstacle.py [43ms]
2024-05-15 21:59:30.353 [info] > git ls-files --stage -- /home/mi/workplace/src/learning/learning/obstacle.py [30ms]
2024-05-15 22:03:04.954 [info] > git config --get commit.template [4ms]
2024-05-15 22:03:04.993 [info] > git for-each-ref --format=%(refname)%00%(upstream:short)%00%(objectname)%00%(upstream:track)%00%(upstream:remotename)%00%(upstream:remoteref) refs/heads/whf_play refs/remotes/whf_play [6ms]
2024-05-15 22:03:05.346 [info] > git status -z -uall [323ms]
2024-05-15 22:03:10.817 [info] > git config --get commit.template [6ms]
2024-05-15 22:03:10.857 [info] > git for-each-ref --format=%(refname)%00%(upstream:short)%00%(objectname)%00%(upstream:track)%00%(upstream:remotename)%00%(upstream:remoteref) refs/heads/whf_play refs/remotes/whf_play [6ms]
2024-05-15 22:03:11.191 [info] > git status -z -uall [302ms]
2024-05-15 22:03:16.672 [info] > git config --get commit.template [5ms]
2024-05-15 22:03:16.715 [info] > git for-each-ref --format=%(refname)%00%(upstream:short)%00%(objectname)%00%(upstream:track)%00%(upstream:remotename)%00%(upstream:remoteref) refs/heads/whf_play refs/remotes/whf_play [7ms]
2024-05-15 22:03:17.049 [info] > git status -z -uall [298ms]
2024-05-15 22:03:22.513 [info] > git config --get commit.template [15ms]
2024-05-15 22:03:22.564 [info] > git for-each-ref --format=%(refname)%00%(upstream:short)%00%(objectname)%00%(upstream:track)%00%(upstream:remotename)%00%(upstream:remoteref) refs/heads/whf_play refs/remotes/whf_play [7ms]
2024-05-15 22:03:22.886 [info] > git status -z -uall [290ms]
2024-05-15 22:03:28.370 [info] > git config --get commit.template [5ms]
2024-05-15 22:03:28.411 [info] > git for-each-ref --format=%(refname)%00%(upstream:short)%00%(objectname)%00%(upstream:track)%00%(upstream:remotename)%00%(upstream:remoteref) refs/heads/whf_play refs/remotes/whf_play [6ms]
2024-05-15 22:03:28.762 [info] > git status -z -uall [319ms]
2024-05-15 22:03:34.209 [info] > git config --get commit.template [9ms]
2024-05-15 22:03:34.247 [info] > git for-each-ref --format=%(refname)%00%(upstream:short)%00%(objectname)%00%(upstream:track)%00%(upstream:remotename)%00%(upstream:remoteref) refs/heads/whf_play refs/remotes/whf_play [7ms]
2024-05-15 22:03:34.582 [info] > git status -z -uall [303ms]
2024-05-15 22:04:37.200 [info] > git config --get commit.template [7ms]
2024-05-15 22:04:37.236 [info] > git for-each-ref --format=%(refname)%00%(upstream:short)%00%(objectname)%00%(upstream:track)%00%(upstream:remotename)%00%(upstream:remoteref) refs/heads/whf_play refs/remotes/whf_play [6ms]
2024-05-15 22:04:37.569 [info] > git status -z -uall [300ms]
2024-05-15 22:06:20.322 [info] > git config --get commit.template [9ms]
2024-05-15 22:06:20.360 [info] > git for-each-ref --format=%(refname)%00%(upstream:short)%00%(objectname)%00%(upstream:track)%00%(upstream:remotename)%00%(upstream:remoteref) refs/heads/whf_play refs/remotes/whf_play [5ms]
2024-05-15 22:06:20.748 [info] > git status -z -uall [361ms]
2024-05-15 22:06:24.631 [info] > git show --textconv :README.md [42ms]
2024-05-15 22:06:24.640 [info] > git ls-files --stage -- /home/mi/README.md [17ms]
2024-05-15 22:06:24.678 [info] > git cat-file -s 1bf23d1d3209f57ac9f201e192e5a5f3914c9cde [5ms]
2024-05-15 22:09:03.194 [info] > git config --get commit.template [4ms]
2024-05-15 22:09:03.232 [info] > git for-each-ref --format=%(refname)%00%(upstream:short)%00%(objectname)%00%(upstream:track)%00%(upstream:remotename)%00%(upstream:remoteref) refs/heads/whf_play refs/remotes/whf_play [12ms]
2024-05-15 22:09:03.601 [info] > git status -z -uall [340ms]
2024-05-15 22:09:19.301 [info] > git config --get commit.template [3ms]
2024-05-15 22:09:19.337 [info] > git for-each-ref --format=%(refname)%00%(upstream:short)%00%(objectname)%00%(upstream:track)%00%(upstream:remotename)%00%(upstream:remoteref) refs/heads/whf_play refs/remotes/whf_play [5ms]
2024-05-15 22:09:19.677 [info] > git status -z -uall [310ms]
2024-05-15 22:36:12.478 [info] > git show --textconv :workplace/src/learning/learning/obstacle.py [40ms]
2024-05-15 22:36:12.490 [info] > git ls-files --stage -- /home/mi/workplace/src/learning/learning/obstacle.py [17ms]
2024-05-15 22:36:16.331 [info] > git show --textconv :workplace/src/learning/learning/walktest.py [44ms]
2024-05-15 22:36:16.338 [info] > git ls-files --stage -- /home/mi/workplace/src/learning/learning/walktest.py [19ms]
2024-05-15 22:36:16.374 [info] > git cat-file -s e26daafd84b2f542235e99310ebb89f9de53a85e [4ms]
2024-05-15 22:36:30.663 [info] > git ls-files --stage -- /home/mi/workplace/src/learning/learning/walktest.py [11ms]
2024-05-15 22:36:30.698 [info] > git cat-file -s e26daafd84b2f542235e99310ebb89f9de53a85e [5ms]
2024-05-15 22:36:30.770 [info] > git show --textconv :workplace/src/learning/learning/walktest.py [15ms]
2024-05-15 22:37:08.503 [info] > git ls-files --stage -- /home/mi/workplace/src/learning/learning/walktest.py [12ms]
2024-05-15 22:37:08.536 [info] > git cat-file -s e26daafd84b2f542235e99310ebb89f9de53a85e [4ms]
2024-05-15 22:37:08.609 [info] > git show --textconv :workplace/src/learning/learning/walktest.py [18ms]
