[4.564s] Invoking command in '/home/mi/workplace/src/learning': PYTHONPATH=/home/mi/workplace/install/learning/lib/python3.6/site-packages:${PYTHONPATH} /usr/bin/python3 setup.py egg_info --egg-base ../../build/learning build --build-base /home/mi/workplace/build/learning/build install --prefix /home/mi/workplace/install/learning --record /home/mi/workplace/build/learning/install.log --single-version-externally-managed
[6.321s] running egg_info
[6.322s] writing ../../build/learning/learning.egg-info/PKG-INFO
[6.323s] writing dependency_links to ../../build/learning/learning.egg-info/dependency_links.txt
[6.325s] writing entry points to ../../build/learning/learning.egg-info/entry_points.txt
[6.327s] writing requirements to ../../build/learning/learning.egg-info/requires.txt
[6.328s] writing top-level names to ../../build/learning/learning.egg-info/top_level.txt
[6.347s] reading manifest file '../../build/learning/learning.egg-info/SOURCES.txt'
[6.356s] writing manifest file '../../build/learning/learning.egg-info/SOURCES.txt'
[6.358s] running build
[6.362s] running build_py
[6.362s] copying learning/get_data.py -> /home/mi/workplace/build/learning/build/lib/learning
[6.365s] running install
[6.366s] /usr/local/lib/python3.6/dist-packages/setuptools/command/install.py:37: SetuptoolsDeprecationWarning: setup.py install is deprecated. Use build and pip and other standards-based tools.
[6.366s]   setuptools.SetuptoolsDeprecationWarning,
[6.369s] running install_lib
[6.376s] copying /home/mi/workplace/build/learning/build/lib/learning/get_data.py -> /home/mi/workplace/install/learning/lib/python3.6/site-packages/learning
[6.381s] byte-compiling /home/mi/workplace/install/learning/lib/python3.6/site-packages/learning/get_data.py to get_data.cpython-36.pyc
[6.385s] running install_data
[6.385s] running install_egg_info
[6.392s] removing '/home/mi/workplace/install/learning/lib/python3.6/site-packages/learning-0.0.0-py3.6.egg-info' (and everything under it)
[6.402s] Copying ../../build/learning/learning.egg-info to /home/mi/workplace/install/learning/lib/python3.6/site-packages/learning-0.0.0-py3.6.egg-info
[6.403s] running install_scripts
[6.507s] Installing camera script to /home/mi/workplace/install/learning/lib/learning
[6.508s] Installing crash script to /home/mi/workplace/install/learning/lib/learning
[6.509s] Installing data_receive script to /home/mi/workplace/install/learning/lib/learning
[6.509s] Installing get_data script to /home/mi/workplace/install/learning/lib/learning
[6.510s] Installing goal script to /home/mi/workplace/install/learning/lib/learning
[6.511s] Installing rgb script to /home/mi/workplace/install/learning/lib/learning
[6.512s] Installing rotate script to /home/mi/workplace/install/learning/lib/learning
[6.513s] Installing rotate_until_center1 script to /home/mi/workplace/install/learning/lib/learning
[6.513s] Installing stand script to /home/mi/workplace/install/learning/lib/learning
[6.515s] Installing track script to /home/mi/workplace/install/learning/lib/learning
[6.515s] Installing walk_t_sec script to /home/mi/workplace/install/learning/lib/learning
[6.516s] Installing walktest script to /home/mi/workplace/install/learning/lib/learning
[6.517s] writing list of installed files to '/home/mi/workplace/build/learning/install.log'
[6.645s] Invoked command in '/home/mi/workplace/src/learning' returned '0': PYTHONPATH=/home/mi/workplace/install/learning/lib/python3.6/site-packages:${PYTHONPATH} /usr/bin/python3 setup.py egg_info --egg-base ../../build/learning build --build-base /home/mi/workplace/build/learning/build install --prefix /home/mi/workplace/install/learning --record /home/mi/workplace/build/learning/install.log --single-version-externally-managed
