2024-05-14 22:23:51.342 [info] Experiment 'pythonRecommendTensorboardExt' is active
2024-05-14 22:23:51.342 [info] Experiment 'pythonREPLSmartSend' is active
2024-05-14 22:23:51.342 [info] Experiment 'pythonTerminalEnvVarActivation' is active
2024-05-14 22:23:51.342 [info] Experiment 'pythonTestAdapter' is active
2024-05-14 22:23:51.342 [info] Default formatter is set to null for workspace /home/mi
2024-05-14 22:23:51.342 [info] > hatch env show --json
2024-05-14 22:23:51.342 [info] cwd: .
2024-05-14 22:23:51.342 [info] Discover tests for workspace name: mi - uri: /home/mi/workplace/src/learning/learning/sit.py
2024-05-14 22:23:57.066 [info] > D:\ProgramData\anaconda3\python.exe -I ./.vscode-server/extensions/ms-python.python-2024.6.0/python_files/get_output_via_markers.py ./.vscode-server/extensions/ms-python.python-2024.6.0/python_files/interpreterInfo.py
2024-05-14 22:23:57.106 [error] [Error: Command failed: D:\ProgramData\anaconda3\python.exe -I /home/mi/.vscode-server/extensions/ms-python.python-2024.6.0/python_files/get_output_via_markers.py /home/mi/.vscode-server/extensions/ms-python.python-2024.6.0/python_files/interpreterInfo.py
/bin/sh: 1: D:ProgramDataanaconda3python.exe: not found

	at ChildProcess.exithandler (node:child_process:423:12)
	at ChildProcess.emit (node:events:529:35)
	at maybeClose (node:internal/child_process:1098:16)
	at Socket.<anonymous> (node:internal/child_process:450:11)
	at Socket.emit (node:events:517:28)
	at Pipe.<anonymous> (node:net:350:12)] {
  code: 127,
  killed: false,
  signal: null,
  cmd: 'D:\\ProgramData\\anaconda3\\python.exe -I /home/mi/.vscode-server/extensions/ms-python.python-2024.6.0/python_files/get_output_via_markers.py /home/mi/.vscode-server/extensions/ms-python.python-2024.6.0/python_files/interpreterInfo.py'
}
2024-05-14 22:23:57.149 [info] > /usr/bin/python3 -I ./.vscode-server/extensions/ms-python.python-2024.6.0/python_files/get_output_via_markers.py ./.vscode-server/extensions/ms-python.python-2024.6.0/python_files/interpreterInfo.py
2024-05-14 22:23:57.234 [info] > ./.venv/bin/python -I ./.vscode-server/extensions/ms-python.python-2024.6.0/python_files/get_output_via_markers.py ./.vscode-server/extensions/ms-python.python-2024.6.0/python_files/interpreterInfo.py
2024-05-14 22:23:57.388 [info] Python interpreter path: /usr/bin/python3
2024-05-14 22:23:59.139 [info] > D:\ProgramData\anaconda3\python.exe -I ./.vscode-server/extensions/ms-python.python-2024.6.0/python_files/get_output_via_markers.py ./.vscode-server/extensions/ms-python.python-2024.6.0/python_files/interpreterInfo.py
2024-05-14 22:23:59.152 [error] [Error: Command failed: D:\ProgramData\anaconda3\python.exe -I /home/mi/.vscode-server/extensions/ms-python.python-2024.6.0/python_files/get_output_via_markers.py /home/mi/.vscode-server/extensions/ms-python.python-2024.6.0/python_files/interpreterInfo.py
/bin/sh: 1: D:ProgramDataanaconda3python.exe: not found

	at ChildProcess.exithandler (node:child_process:423:12)
	at ChildProcess.emit (node:events:529:35)
	at maybeClose (node:internal/child_process:1098:16)
	at Socket.<anonymous> (node:internal/child_process:450:11)
	at Socket.emit (node:events:517:28)
	at Pipe.<anonymous> (node:net:350:12)] {
  code: 127,
  killed: false,
  signal: null,
  cmd: 'D:\\ProgramData\\anaconda3\\python.exe -I /home/mi/.vscode-server/extensions/ms-python.python-2024.6.0/python_files/get_output_via_markers.py /home/mi/.vscode-server/extensions/ms-python.python-2024.6.0/python_files/interpreterInfo.py'
}
2024-05-14 22:23:59.407 [info] > pyenv which python
2024-05-14 22:23:59.407 [info] cwd: .
2024-05-14 22:24:02.987 [info] Starting Pylance language server.
2024-05-14 22:25:44.758 [info] Discover tests for workspace name: mi - uri: /home/mi/workplace/src/learning/setup.py
2024-05-14 22:39:10.069 [info] Discover tests for workspace name: mi - uri: /home/mi/workplace/src/learning/learning/sit.py
2024-05-14 23:30:23.227 [info] Discover tests for workspace name: mi - uri: /home/mi/workplace/src/ai/ai/photo.py
2024-05-14 23:32:56.386 [info] Discover tests for workspace name: mi - uri: /home/mi/workplace/src/ai/ai/photo.py
