[4.324s] Invoking command in '/home/mi/workplace/src/learning': PYTHONPATH=/home/mi/workplace/install/learning/lib/python3.6/site-packages:${PYTHONPATH} /usr/bin/python3 setup.py egg_info --egg-base ../../build/learning build --build-base /home/mi/workplace/build/learning/build install --prefix /home/mi/workplace/install/learning --record /home/mi/workplace/build/learning/install.log --single-version-externally-managed
[6.170s] running egg_info
[6.174s] writing ../../build/learning/learning.egg-info/PKG-INFO
[6.179s] writing dependency_links to ../../build/learning/learning.egg-info/dependency_links.txt
[6.181s] writing entry points to ../../build/learning/learning.egg-info/entry_points.txt
[6.182s] writing requirements to ../../build/learning/learning.egg-info/requires.txt
[6.183s] writing top-level names to ../../build/learning/learning.egg-info/top_level.txt
[6.198s] reading manifest file '../../build/learning/learning.egg-info/SOURCES.txt'
[6.212s] writing manifest file '../../build/learning/learning.egg-info/SOURCES.txt'
[6.212s] running build
[6.213s] running build_py
[6.228s] copying learning/safe.py -> /home/mi/workplace/build/learning/build/lib/learning
[6.233s] running install
[6.234s] /usr/local/lib/python3.6/dist-packages/setuptools/command/install.py:37: SetuptoolsDeprecationWarning: setup.py install is deprecated. Use build and pip and other standards-based tools.
[6.234s]   setuptools.SetuptoolsDeprecationWarning,
[6.235s] running install_lib
[6.236s] copying /home/mi/workplace/build/learning/build/lib/learning/safe.py -> /home/mi/workplace/install/learning/lib/python3.6/site-packages/learning
[6.236s] byte-compiling /home/mi/workplace/install/learning/lib/python3.6/site-packages/learning/safe.py to safe.cpython-36.pyc
[6.240s] byte-compiling /home/mi/workplace/install/learning/lib/python3.6/site-packages/learning/move_x.py to move_x.cpython-36.pyc
[6.247s] running install_data
[6.250s] running install_egg_info
[6.258s] removing '/home/mi/workplace/install/learning/lib/python3.6/site-packages/learning-0.0.0-py3.6.egg-info' (and everything under it)
[6.260s] Copying ../../build/learning/learning.egg-info to /home/mi/workplace/install/learning/lib/python3.6/site-packages/learning-0.0.0-py3.6.egg-info
[6.268s] running install_scripts
[6.379s] Installing camera script to /home/mi/workplace/install/learning/lib/learning
[6.384s] Installing crash script to /home/mi/workplace/install/learning/lib/learning
[6.392s] Installing data_receive script to /home/mi/workplace/install/learning/lib/learning
[6.394s] Installing get_data script to /home/mi/workplace/install/learning/lib/learning
[6.395s] Installing goal script to /home/mi/workplace/install/learning/lib/learning
[6.400s] Installing keeper script to /home/mi/workplace/install/learning/lib/learning
[6.401s] Installing move_x script to /home/mi/workplace/install/learning/lib/learning
[6.402s] Installing rgb script to /home/mi/workplace/install/learning/lib/learning
[6.403s] Installing rotate script to /home/mi/workplace/install/learning/lib/learning
[6.404s] Installing rotate_until_center1 script to /home/mi/workplace/install/learning/lib/learning
[6.404s] Installing stand script to /home/mi/workplace/install/learning/lib/learning
[6.405s] Installing track script to /home/mi/workplace/install/learning/lib/learning
[6.405s] Installing walk_t_sec script to /home/mi/workplace/install/learning/lib/learning
[6.420s] Installing walktest script to /home/mi/workplace/install/learning/lib/learning
[6.423s] writing list of installed files to '/home/mi/workplace/build/learning/install.log'
[6.559s] Invoked command in '/home/mi/workplace/src/learning' returned '0': PYTHONPATH=/home/mi/workplace/install/learning/lib/python3.6/site-packages:${PYTHONPATH} /usr/bin/python3 setup.py egg_info --egg-base ../../build/learning build --build-base /home/mi/workplace/build/learning/build install --prefix /home/mi/workplace/install/learning --record /home/mi/workplace/build/learning/install.log --single-version-externally-managed
