2024-05-05 17:11:01.137 [info] (Client) Pylance async client (2024.4.1) started with python extension (2024.6.0)
2024-05-05 17:11:06.788 [info] [Info  - 5:11:06 PM] (15118) Pylance language server 2024.4.1 (pyright version 1.1.356, commit 6652c4a8) starting
2024-05-05 17:11:06.804 [info] [Info  - 5:11:06 PM] (15118) Server root directory: file:///home/mi/.vscode-server/extensions/ms-python.vscode-pylance-2024.4.1/dist
2024-05-05 17:11:06.807 [info] [Info  - 5:11:06 PM] (15118) Starting service instance "mi"
2024-05-05 17:11:07.402 [info] [Info  - 5:11:07 PM] (15118) Setting pythonPath for service "mi": "/home/mi/.venv/bin/python"
2024-05-05 17:11:07.405 [info] [Info  - 5:11:07 PM] (15118) Setting environmentName for service "mi": "3.6.9 (.venv venv)"
2024-05-05 17:11:07.692 [info] [Info  - 5:11:07 PM] (15118) Assuming Python version 3.6.9.final.0
2024-05-05 17:11:08.677 [info] [Info  - 5:11:08 PM] (15118) Found 60 source files
2024-05-05 17:11:10.337 [info] [Info  - 5:11:10 PM] (15118) Background analysis(1) root directory: file:///home/mi/.vscode-server/extensions/ms-python.vscode-pylance-2024.4.1/dist
2024-05-05 17:11:10.358 [info] [Info  - 5:11:10 PM] (15118) Background analysis(1) started
2024-05-05 17:11:12.037 [info] [Info  - 5:11:12 PM] (15118) Indexer background runner(2) root directory: file:///home/mi/.vscode-server/extensions/ms-python.vscode-pylance-2024.4.1/dist (index)
2024-05-05 17:11:12.040 [info] [Info  - 5:11:12 PM] (15118) Indexing(2) started
2024-05-05 17:11:16.824 [info] [Info  - 5:11:16 PM] (15118) [IDX(2)] Long operation: scan packages file:///home/mi (4743ms)
2024-05-05 17:11:16.829 [info] [Info  - 5:11:16 PM] (15118) scanned(2) 143 files over 1 exec env
2024-05-05 17:11:17.547 [info] [Info  - 5:11:17 PM] (15118) [BG(1)] Long operation: checking: file:///home/mi/workplace/src/learning/learning/track.py (4853ms)
2024-05-05 17:11:17.548 [info] [Info  - 5:11:17 PM] (15118) [BG(1)] Long operation: analyzing: file:///home/mi/workplace/src/learning/learning/track.py (6700ms)
2024-05-05 17:11:20.993 [info] [Info  - 5:11:20 PM] (15118) indexed(2) 14 files over 1 exec env
2024-05-05 17:11:21.194 [info] [Info  - 5:11:21 PM] (15118) Indexing finished(2).
2024-05-05 17:11:25.889 [info] [Info  - 5:11:25 PM] (15118) [BG(1)] Long operation: checking: file:///home/mi/workplace/src/learning/learning/rgb_cam_suber.py (2073ms)
2024-05-05 17:11:25.891 [info] [Info  - 5:11:25 PM] (15118) [BG(1)] Long operation: analyzing: file:///home/mi/workplace/src/learning/learning/rgb_cam_suber.py (2087ms)
