[3.818s] Invoking command in '/home/mi/workplace/src/learning': PYTHONPATH=/home/mi/workplace/install/learning/lib/python3.6/site-packages:${PYTHONPATH} /usr/bin/python3 setup.py egg_info --egg-base ../../build/learning build --build-base /home/mi/workplace/build/learning/build install --prefix /home/mi/workplace/install/learning --record /home/mi/workplace/build/learning/install.log --single-version-externally-managed
[5.348s] running egg_info
[5.350s] writing ../../build/learning/learning.egg-info/PKG-INFO
[5.352s] writing dependency_links to ../../build/learning/learning.egg-info/dependency_links.txt
[5.353s] writing entry points to ../../build/learning/learning.egg-info/entry_points.txt
[5.353s] writing requirements to ../../build/learning/learning.egg-info/requires.txt
[5.354s] writing top-level names to ../../build/learning/learning.egg-info/top_level.txt
[5.369s] reading manifest file '../../build/learning/learning.egg-info/SOURCES.txt'
[5.375s] writing manifest file '../../build/learning/learning.egg-info/SOURCES.txt'
[5.375s] running build
[5.376s] running build_py
[5.378s] copying learning/track.py -> /home/mi/workplace/build/learning/build/lib/learning
[5.379s] running install
[5.380s] /usr/local/lib/python3.6/dist-packages/setuptools/command/install.py:37: SetuptoolsDeprecationWarning: setup.py install is deprecated. Use build and pip and other standards-based tools.
[5.382s]   setuptools.SetuptoolsDeprecationWarning,
[5.382s] running install_lib
[5.386s] copying /home/mi/workplace/build/learning/build/lib/learning/track.py -> /home/mi/workplace/install/learning/lib/python3.6/site-packages/learning
[5.389s] byte-compiling /home/mi/workplace/install/learning/lib/python3.6/site-packages/learning/track.py to track.cpython-36.pyc
[5.392s]   File "/home/mi/workplace/install/learning/lib/python3.6/site-packages/learning/track.py", line 64
[5.393s]     for i in range 10:
[5.393s]                     ^
[5.394s] SyntaxError: invalid syntax
[5.394s] 
[5.395s] running install_data
[5.395s] running install_egg_info
[5.402s] removing '/home/mi/workplace/install/learning/lib/python3.6/site-packages/learning-0.0.0-py3.6.egg-info' (and everything under it)
[5.403s] Copying ../../build/learning/learning.egg-info to /home/mi/workplace/install/learning/lib/python3.6/site-packages/learning-0.0.0-py3.6.egg-info
[5.407s] running install_scripts
[5.497s] Installing camera script to /home/mi/workplace/install/learning/lib/learning
[5.498s] Installing crash script to /home/mi/workplace/install/learning/lib/learning
[5.499s] Installing rgb script to /home/mi/workplace/install/learning/lib/learning
[5.499s] Installing stand script to /home/mi/workplace/install/learning/lib/learning
[5.500s] Installing track script to /home/mi/workplace/install/learning/lib/learning
[5.501s] Installing walktest script to /home/mi/workplace/install/learning/lib/learning
[5.503s] writing list of installed files to '/home/mi/workplace/build/learning/install.log'
[5.621s] Invoked command in '/home/mi/workplace/src/learning' returned '0': PYTHONPATH=/home/mi/workplace/install/learning/lib/python3.6/site-packages:${PYTHONPATH} /usr/bin/python3 setup.py egg_info --egg-base ../../build/learning build --build-base /home/mi/workplace/build/learning/build install --prefix /home/mi/workplace/install/learning --record /home/mi/workplace/build/learning/install.log --single-version-externally-managed
