running egg_info
writing ../../build/learning/learning.egg-info/PKG-INFO
writing dependency_links to ../../build/learning/learning.egg-info/dependency_links.txt
writing entry points to ../../build/learning/learning.egg-info/entry_points.txt
writing requirements to ../../build/learning/learning.egg-info/requires.txt
writing top-level names to ../../build/learning/learning.egg-info/top_level.txt
reading manifest file '../../build/learning/learning.egg-info/SOURCES.txt'
writing manifest file '../../build/learning/learning.egg-info/SOURCES.txt'
running build
running build_py
copying learning/safe.py -> /home/mi/workplace/build/learning/build/lib/learning
copying learning/walktest.py -> /home/mi/workplace/build/learning/build/lib/learning
copying learning/sit.py -> /home/mi/workplace/build/learning/build/lib/learning
copying learning/make_goal.py -> /home/mi/workplace/build/learning/build/lib/learning
copying learning/obstacle.py -> /home/mi/workplace/build/learning/build/lib/learning
copying learning/rgb_cam_suber.py -> /home/mi/workplace/build/learning/build/lib/learning
running install
/usr/local/lib/python3.6/dist-packages/setuptools/command/install.py:37: SetuptoolsDeprecationWarning: setup.py install is deprecated. Use build and pip and other standards-based tools.
  setuptools.SetuptoolsDeprecationWarning,
running install_lib
copying /home/mi/workplace/build/learning/build/lib/learning/safe.py -> /home/mi/workplace/install/learning/lib/python3.6/site-packages/learning
copying /home/mi/workplace/build/learning/build/lib/learning/walktest.py -> /home/mi/workplace/install/learning/lib/python3.6/site-packages/learning
copying /home/mi/workplace/build/learning/build/lib/learning/sit.py -> /home/mi/workplace/install/learning/lib/python3.6/site-packages/learning
copying /home/mi/workplace/build/learning/build/lib/learning/make_goal.py -> /home/mi/workplace/install/learning/lib/python3.6/site-packages/learning
copying /home/mi/workplace/build/learning/build/lib/learning/obstacle.py -> /home/mi/workplace/install/learning/lib/python3.6/site-packages/learning
copying /home/mi/workplace/build/learning/build/lib/learning/rgb_cam_suber.py -> /home/mi/workplace/install/learning/lib/python3.6/site-packages/learning
byte-compiling /home/mi/workplace/install/learning/lib/python3.6/site-packages/learning/safe.py to safe.cpython-36.pyc
byte-compiling /home/mi/workplace/install/learning/lib/python3.6/site-packages/learning/walktest.py to walktest.cpython-36.pyc
byte-compiling /home/mi/workplace/install/learning/lib/python3.6/site-packages/learning/sit.py to sit.cpython-36.pyc
byte-compiling /home/mi/workplace/install/learning/lib/python3.6/site-packages/learning/make_goal.py to make_goal.cpython-36.pyc
byte-compiling /home/mi/workplace/install/learning/lib/python3.6/site-packages/learning/obstacle.py to obstacle.cpython-36.pyc
byte-compiling /home/mi/workplace/install/learning/lib/python3.6/site-packages/learning/rgb_cam_suber.py to rgb_cam_suber.cpython-36.pyc
running install_data
running install_egg_info
removing '/home/mi/workplace/install/learning/lib/python3.6/site-packages/learning-0.0.0-py3.6.egg-info' (and everything under it)
Copying ../../build/learning/learning.egg-info to /home/mi/workplace/install/learning/lib/python3.6/site-packages/learning-0.0.0-py3.6.egg-info
running install_scripts
Installing camera script to /home/mi/workplace/install/learning/lib/learning
Installing crash script to /home/mi/workplace/install/learning/lib/learning
Installing data_receive script to /home/mi/workplace/install/learning/lib/learning
Installing get_data script to /home/mi/workplace/install/learning/lib/learning
Installing goal script to /home/mi/workplace/install/learning/lib/learning
Installing keeper script to /home/mi/workplace/install/learning/lib/learning
Installing move_x script to /home/mi/workplace/install/learning/lib/learning
Installing rgb script to /home/mi/workplace/install/learning/lib/learning
Installing rotate script to /home/mi/workplace/install/learning/lib/learning
Installing rotate_until_center1 script to /home/mi/workplace/install/learning/lib/learning
Installing sit script to /home/mi/workplace/install/learning/lib/learning
Installing stand script to /home/mi/workplace/install/learning/lib/learning
Installing track script to /home/mi/workplace/install/learning/lib/learning
Installing walk_t_sec script to /home/mi/workplace/install/learning/lib/learning
Installing walktest script to /home/mi/workplace/install/learning/lib/learning
writing list of installed files to '/home/mi/workplace/build/learning/install.log'
