[4.403s] Invoking command in '/home/mi/workplace/src/learning': PYTHONPATH=/home/mi/workplace/install/learning/lib/python3.6/site-packages:${PYTHONPATH} /usr/bin/python3 setup.py egg_info --egg-base ../../build/learning build --build-base /home/mi/workplace/build/learning/build install --prefix /home/mi/workplace/install/learning --record /home/mi/workplace/build/learning/install.log --single-version-externally-managed
[6.077s] running egg_info
[6.081s] writing ../../build/learning/learning.egg-info/PKG-INFO
[6.083s] writing dependency_links to ../../build/learning/learning.egg-info/dependency_links.txt
[6.084s] writing entry points to ../../build/learning/learning.egg-info/entry_points.txt
[6.084s] writing requirements to ../../build/learning/learning.egg-info/requires.txt
[6.087s] writing top-level names to ../../build/learning/learning.egg-info/top_level.txt
[6.101s] reading manifest file '../../build/learning/learning.egg-info/SOURCES.txt'
[6.109s] writing manifest file '../../build/learning/learning.egg-info/SOURCES.txt'
[6.115s] running build
[6.116s] running build_py
[6.116s] copying learning/crash.py -> /home/mi/workplace/build/learning/build/lib/learning
[6.117s] running install
[6.117s] /usr/local/lib/python3.6/dist-packages/setuptools/command/install.py:37: SetuptoolsDeprecationWarning: setup.py install is deprecated. Use build and pip and other standards-based tools.
[6.118s]   setuptools.SetuptoolsDeprecationWarning,
[6.119s] running install_lib
[6.121s] copying /home/mi/workplace/build/learning/build/lib/learning/crash.py -> /home/mi/workplace/install/learning/lib/python3.6/site-packages/learning
[6.123s] byte-compiling /home/mi/workplace/install/learning/lib/python3.6/site-packages/learning/crash.py to crash.cpython-36.pyc
[6.127s] running install_data
[6.129s] running install_egg_info
[6.139s] removing '/home/mi/workplace/install/learning/lib/python3.6/site-packages/learning-0.0.0-py3.6.egg-info' (and everything under it)
[6.140s] Copying ../../build/learning/learning.egg-info to /home/mi/workplace/install/learning/lib/python3.6/site-packages/learning-0.0.0-py3.6.egg-info
[6.147s] running install_scripts
[6.244s] Installing camera script to /home/mi/workplace/install/learning/lib/learning
[6.246s] Installing crash script to /home/mi/workplace/install/learning/lib/learning
[6.247s] Installing rgb script to /home/mi/workplace/install/learning/lib/learning
[6.255s] Installing stand script to /home/mi/workplace/install/learning/lib/learning
[6.257s] Installing track script to /home/mi/workplace/install/learning/lib/learning
[6.257s] Installing walktest script to /home/mi/workplace/install/learning/lib/learning
[6.258s] writing list of installed files to '/home/mi/workplace/build/learning/install.log'
[6.382s] Invoked command in '/home/mi/workplace/src/learning' returned '0': PYTHONPATH=/home/mi/workplace/install/learning/lib/python3.6/site-packages:${PYTHONPATH} /usr/bin/python3 setup.py egg_info --egg-base ../../build/learning build --build-base /home/mi/workplace/build/learning/build install --prefix /home/mi/workplace/install/learning --record /home/mi/workplace/build/learning/install.log --single-version-externally-managed
