[4.725s] Invoking command in '/home/mi/workplace/src/learning': PYTHONPATH=/home/mi/install/learning/lib/python3.6/site-packages:${PYTHONPATH} /usr/bin/python3 setup.py egg_info --egg-base ../../../build/learning build --build-base /home/mi/build/learning/build install --prefix /home/mi/install/learning --record /home/mi/build/learning/install.log --single-version-externally-managed
[7.068s] running egg_info
[7.074s] writing ../../../build/learning/learning.egg-info/PKG-INFO
[7.082s] writing dependency_links to ../../../build/learning/learning.egg-info/dependency_links.txt
[7.088s] writing entry points to ../../../build/learning/learning.egg-info/entry_points.txt
[7.090s] writing requirements to ../../../build/learning/learning.egg-info/requires.txt
[7.092s] writing top-level names to ../../../build/learning/learning.egg-info/top_level.txt
[7.107s] reading manifest file '../../../build/learning/learning.egg-info/SOURCES.txt'
[7.109s] writing manifest file '../../../build/learning/learning.egg-info/SOURCES.txt'
[7.110s] running build
[7.111s] running build_py
[7.113s] copying learning/get_loc.py -> /home/mi/build/learning/build/lib/learning
[7.113s] copying learning/move_x.py -> /home/mi/build/learning/build/lib/learning
[7.117s] running install
[7.118s] /usr/local/lib/python3.6/dist-packages/setuptools/command/install.py:37: SetuptoolsDeprecationWarning: setup.py install is deprecated. Use build and pip and other standards-based tools.
[7.118s]   setuptools.SetuptoolsDeprecationWarning,
[7.119s] running install_lib
[7.123s] copying /home/mi/build/learning/build/lib/learning/get_loc.py -> /home/mi/install/learning/lib/python3.6/site-packages/learning
[7.126s] copying /home/mi/build/learning/build/lib/learning/move_x.py -> /home/mi/install/learning/lib/python3.6/site-packages/learning
[7.131s] byte-compiling /home/mi/install/learning/lib/python3.6/site-packages/learning/get_loc.py to get_loc.cpython-36.pyc
[7.135s] byte-compiling /home/mi/install/learning/lib/python3.6/site-packages/learning/move_x.py to move_x.cpython-36.pyc
[7.138s]   File "/home/mi/install/learning/lib/python3.6/site-packages/learning/move_x.py", line 141
[7.141s]     else #球近就快速行走
[7.142s]                 ^
[7.142s] SyntaxError: invalid syntax
[7.143s] 
[7.143s] running install_data
[7.145s] running install_egg_info
[7.150s] removing '/home/mi/install/learning/lib/python3.6/site-packages/learning-0.0.0-py3.6.egg-info' (and everything under it)
[7.156s] Copying ../../../build/learning/learning.egg-info to /home/mi/install/learning/lib/python3.6/site-packages/learning-0.0.0-py3.6.egg-info
[7.157s] running install_scripts
[7.260s] Installing camera script to /home/mi/install/learning/lib/learning
[7.261s] Installing crash script to /home/mi/install/learning/lib/learning
[7.261s] Installing data_receive script to /home/mi/install/learning/lib/learning
[7.262s] Installing get_data script to /home/mi/install/learning/lib/learning
[7.262s] Installing goal script to /home/mi/install/learning/lib/learning
[7.263s] Installing keeper script to /home/mi/install/learning/lib/learning
[7.267s] Installing main_node script to /home/mi/install/learning/lib/learning
[7.269s] Installing move_x script to /home/mi/install/learning/lib/learning
[7.269s] Installing rgb script to /home/mi/install/learning/lib/learning
[7.271s] Installing rotate script to /home/mi/install/learning/lib/learning
[7.272s] Installing rotate_until_center1 script to /home/mi/install/learning/lib/learning
[7.274s] Installing stand script to /home/mi/install/learning/lib/learning
[7.276s] Installing track script to /home/mi/install/learning/lib/learning
[7.276s] Installing walk_t_sec script to /home/mi/install/learning/lib/learning
[7.277s] Installing walktest script to /home/mi/install/learning/lib/learning
[7.277s] writing list of installed files to '/home/mi/build/learning/install.log'
[7.399s] Invoked command in '/home/mi/workplace/src/learning' returned '0': PYTHONPATH=/home/mi/install/learning/lib/python3.6/site-packages:${PYTHONPATH} /usr/bin/python3 setup.py egg_info --egg-base ../../../build/learning build --build-base /home/mi/build/learning/build install --prefix /home/mi/install/learning --record /home/mi/build/learning/install.log --single-version-externally-managed
