[4.542s] Invoking command in '/home/mi/workplace/src/learning': PYTHONPATH=/home/mi/install/learning/lib/python3.6/site-packages:${PYTHONPATH} /usr/bin/python3 setup.py egg_info --egg-base ../../../build/learning build --build-base /home/mi/build/learning/build install --prefix /home/mi/install/learning --record /home/mi/build/learning/install.log --single-version-externally-managed
[6.231s] running egg_info
[6.235s] writing ../../../build/learning/learning.egg-info/PKG-INFO
[6.239s] writing dependency_links to ../../../build/learning/learning.egg-info/dependency_links.txt
[6.251s] writing entry points to ../../../build/learning/learning.egg-info/entry_points.txt
[6.251s] writing requirements to ../../../build/learning/learning.egg-info/requires.txt
[6.252s] writing top-level names to ../../../build/learning/learning.egg-info/top_level.txt
[6.260s] reading manifest file '../../../build/learning/learning.egg-info/SOURCES.txt'
[6.271s] writing manifest file '../../../build/learning/learning.egg-info/SOURCES.txt'
[6.272s] running build
[6.277s] running build_py
[6.278s] copying learning/move_node.py -> /home/mi/build/learning/build/lib/learning
[6.291s] running install
[6.292s] /usr/local/lib/python3.6/dist-packages/setuptools/command/install.py:37: SetuptoolsDeprecationWarning: setup.py install is deprecated. Use build and pip and other standards-based tools.
[6.293s]   setuptools.SetuptoolsDeprecationWarning,
[6.297s] running install_lib
[6.301s] copying /home/mi/build/learning/build/lib/learning/move_node.py -> /home/mi/install/learning/lib/python3.6/site-packages/learning
[6.311s] byte-compiling /home/mi/install/learning/lib/python3.6/site-packages/learning/move_node.py to move_node.cpython-36.pyc
[6.317s] running install_data
[6.322s] running install_egg_info
[6.334s] removing '/home/mi/install/learning/lib/python3.6/site-packages/learning-0.0.0-py3.6.egg-info' (and everything under it)
[6.334s] Copying ../../../build/learning/learning.egg-info to /home/mi/install/learning/lib/python3.6/site-packages/learning-0.0.0-py3.6.egg-info
[6.340s] running install_scripts
[6.464s] Installing camera script to /home/mi/install/learning/lib/learning
[6.468s] Installing crash script to /home/mi/install/learning/lib/learning
[6.478s] Installing data_receive script to /home/mi/install/learning/lib/learning
[6.479s] Installing get_data script to /home/mi/install/learning/lib/learning
[6.482s] Installing goal script to /home/mi/install/learning/lib/learning
[6.483s] Installing keeper script to /home/mi/install/learning/lib/learning
[6.485s] Installing main script to /home/mi/install/learning/lib/learning
[6.486s] Installing move_x script to /home/mi/install/learning/lib/learning
[6.486s] Installing rgb script to /home/mi/install/learning/lib/learning
[6.487s] Installing rotate script to /home/mi/install/learning/lib/learning
[6.488s] Installing rotate_until_center1 script to /home/mi/install/learning/lib/learning
[6.489s] Installing sit script to /home/mi/install/learning/lib/learning
[6.489s] Installing stand script to /home/mi/install/learning/lib/learning
[6.490s] Installing test script to /home/mi/install/learning/lib/learning
[6.497s] Installing track script to /home/mi/install/learning/lib/learning
[6.498s] Installing walk_t_sec script to /home/mi/install/learning/lib/learning
[6.504s] Installing walktest script to /home/mi/install/learning/lib/learning
[6.509s] writing list of installed files to '/home/mi/build/learning/install.log'
[6.631s] Invoked command in '/home/mi/workplace/src/learning' returned '0': PYTHONPATH=/home/mi/install/learning/lib/python3.6/site-packages:${PYTHONPATH} /usr/bin/python3 setup.py egg_info --egg-base ../../../build/learning build --build-base /home/mi/build/learning/build install --prefix /home/mi/install/learning --record /home/mi/build/learning/install.log --single-version-externally-managed
