2024-05-05 09:41:12.442 [info] Log level: Info
2024-05-05 09:41:12.442 [info] Validating found git in: "D:pp2ititmdit.exe"
2024-05-05 09:41:12.442 [info] Unable to find git on the PATH: "D:pp2ititmdit.exe". Error: spawn D:pp2ititmdit.exe ENOENT
2024-05-05 09:41:12.442 [info] Validating found git in: "git"
2024-05-05 09:41:12.442 [info] Using git "2.17.1" from "git"
2024-05-05 09:41:12.442 [info] > git rev-parse --show-toplevel [886ms]
2024-05-05 09:41:12.442 [info] > git rev-parse --git-dir --git-common-dir [134ms]
2024-05-05 09:41:12.442 [info] Open repository: /home/mi
2024-05-05 09:41:12.633 [info] > git rev-parse --show-toplevel [81ms]
2024-05-05 09:41:12.638 [info] > git config --get commit.template [103ms]
2024-05-05 09:41:14.238 [info] > git rev-parse --show-toplevel [1562ms]
2024-05-05 09:41:14.439 [info] > git for-each-ref --format=%(refname)%00%(upstream:short)%00%(objectname)%00%(upstream:track)%00%(upstream:remotename)%00%(upstream:remoteref) refs/heads/main refs/remotes/main [943ms]
2024-05-05 09:41:14.452 [info] > git check-ignore -v -z --stdin [187ms]
2024-05-05 09:41:14.466 [info] > git rev-parse --show-toplevel [171ms]
2024-05-05 09:41:14.550 [info] > git rev-parse --show-toplevel [60ms]
2024-05-05 09:41:14.721 [info] > git rev-parse --show-toplevel [116ms]
2024-05-05 09:41:14.797 [info] > git rev-parse --show-toplevel [49ms]
2024-05-05 09:41:14.838 [info] > git status -z -uall [262ms]
2024-05-05 09:41:14.845 [info] > git rev-parse --show-toplevel [24ms]
2024-05-05 09:41:15.713 [info] > git merge-base refs/heads/main refs/remotes/origin/main [816ms]
2024-05-05 09:41:15.761 [info] > git rev-list --count --left-right refs/heads/main...refs/remotes/origin/main [22ms]
2024-05-05 09:41:15.798 [info] > git config --get commit.template [207ms]
2024-05-05 09:41:15.800 [info] > git rev-parse --show-toplevel [237ms]
2024-05-05 09:41:16.618 [info] > git diff --name-status -z --diff-filter=ADMR 1785e2ffb5c58c7a4e066a01d5440065b3639e73...refs/remotes/origin/main [830ms]
2024-05-05 09:41:16.675 [info] > git rev-parse --show-toplevel [64ms]
2024-05-05 09:41:16.699 [info] > git for-each-ref --format=%(refname)%00%(upstream:short)%00%(objectname)%00%(upstream:track)%00%(upstream:remotename)%00%(upstream:remoteref) refs/heads/main refs/remotes/main [33ms]
2024-05-05 09:41:16.703 [info] > git rev-parse --show-toplevel [8ms]
2024-05-05 09:41:16.820 [info] > git rev-parse --show-toplevel [98ms]
2024-05-05 09:41:16.856 [info] > git rev-parse --show-toplevel [11ms]
2024-05-05 09:41:16.884 [info] > git rev-parse --show-toplevel [5ms]
2024-05-05 09:41:16.914 [info] > git rev-parse --show-toplevel [8ms]
2024-05-05 09:41:16.943 [info] > git rev-parse --show-toplevel [7ms]
2024-05-05 09:41:16.965 [info] > git rev-parse --show-toplevel [5ms]
2024-05-05 09:41:16.990 [info] > git rev-parse --show-toplevel [4ms]
2024-05-05 09:41:17.054 [info] > git status -z -uall [237ms]
2024-05-05 09:41:17.055 [info] > git rev-parse --show-toplevel [10ms]
2024-05-05 09:41:17.163 [info] > git rev-parse --show-toplevel [9ms]
2024-05-05 09:41:17.669 [info] > git rev-parse --show-toplevel [480ms]
2024-05-05 09:41:17.706 [info] > git rev-parse --show-toplevel [15ms]
2024-05-05 09:41:17.733 [info] > git rev-parse --show-toplevel [8ms]
2024-05-05 09:41:17.771 [info] > git rev-parse --show-toplevel [20ms]
2024-05-05 09:41:17.792 [info] > git rev-parse --show-toplevel [4ms]
2024-05-05 09:41:17.820 [info] > git rev-parse --show-toplevel [7ms]
2024-05-05 09:41:17.843 [info] > git rev-parse --show-toplevel [4ms]
2024-05-05 09:41:17.865 [info] > git rev-parse --show-toplevel [4ms]
2024-05-05 09:41:17.887 [info] > git rev-parse --show-toplevel [5ms]
2024-05-05 09:41:17.911 [info] > git rev-parse --show-toplevel [5ms]
2024-05-05 09:41:17.942 [info] > git rev-parse --show-toplevel [6ms]
2024-05-05 09:41:18.008 [info] > git show --textconv :README.md [28ms]
2024-05-05 09:41:18.030 [info] > git ls-files --stage -- /home/mi/README.md [25ms]
2024-05-05 09:41:18.054 [info] > git cat-file -s 77878e1b5fc68ff6eecacbf751c5cf9f5fa196dd [6ms]
2024-05-05 09:50:12.505 [info] > git show --textconv :.bashrc [30ms]
2024-05-05 09:50:12.523 [info] > git ls-files --stage -- /home/mi/.bashrc [21ms]
2024-05-05 09:50:12.554 [info] > git cat-file -s 0787b3142632c83a88f185be4c1567c05cc2f849 [15ms]
2024-05-05 09:50:15.035 [info] > git show --textconv :README.md [34ms]
2024-05-05 09:50:15.045 [info] > git ls-files --stage -- /home/mi/README.md [24ms]
2024-05-05 09:50:15.073 [info] > git cat-file -s 77878e1b5fc68ff6eecacbf751c5cf9f5fa196dd [10ms]
2024-05-05 09:52:02.012 [info] > git check-ignore -v -z --stdin [28ms]
