[3.784s] Invoking command in '/home/mi/workplace/src/learning': PYTHONPATH=/home/mi/workplace/install/learning/lib/python3.6/site-packages:${PYTHONPATH} /usr/bin/python3 setup.py egg_info --egg-base ../../build/learning build --build-base /home/mi/workplace/build/learning/build install --prefix /home/mi/workplace/install/learning --record /home/mi/workplace/build/learning/install.log --single-version-externally-managed
[5.229s] running egg_info
[5.231s] writing ../../build/learning/learning.egg-info/PKG-INFO
[5.234s] writing dependency_links to ../../build/learning/learning.egg-info/dependency_links.txt
[5.234s] writing entry points to ../../build/learning/learning.egg-info/entry_points.txt
[5.235s] writing requirements to ../../build/learning/learning.egg-info/requires.txt
[5.235s] writing top-level names to ../../build/learning/learning.egg-info/top_level.txt
[5.251s] reading manifest file '../../build/learning/learning.egg-info/SOURCES.txt'
[5.260s] writing manifest file '../../build/learning/learning.egg-info/SOURCES.txt'
[5.261s] running build
[5.262s] running build_py
[5.263s] copying learning/get_loc.py -> /home/mi/workplace/build/learning/build/lib/learning
[5.269s] running install
[5.270s] /usr/local/lib/python3.6/dist-packages/setuptools/command/install.py:37: SetuptoolsDeprecationWarning: setup.py install is deprecated. Use build and pip and other standards-based tools.
[5.271s]   setuptools.SetuptoolsDeprecationWarning,
[5.278s] running install_lib
[5.278s] copying /home/mi/workplace/build/learning/build/lib/learning/get_loc.py -> /home/mi/workplace/install/learning/lib/python3.6/site-packages/learning
[5.284s] byte-compiling /home/mi/workplace/install/learning/lib/python3.6/site-packages/learning/get_loc.py to get_loc.cpython-36.pyc
[5.291s] running install_data
[5.294s] running install_egg_info
[5.301s] removing '/home/mi/workplace/install/learning/lib/python3.6/site-packages/learning-0.0.0-py3.6.egg-info' (and everything under it)
[5.303s] Copying ../../build/learning/learning.egg-info to /home/mi/workplace/install/learning/lib/python3.6/site-packages/learning-0.0.0-py3.6.egg-info
[5.308s] running install_scripts
[5.392s] Installing camera script to /home/mi/workplace/install/learning/lib/learning
[5.393s] Installing crash script to /home/mi/workplace/install/learning/lib/learning
[5.394s] Installing data_receive script to /home/mi/workplace/install/learning/lib/learning
[5.395s] Installing get_data script to /home/mi/workplace/install/learning/lib/learning
[5.398s] Installing goal script to /home/mi/workplace/install/learning/lib/learning
[5.400s] Installing keeper script to /home/mi/workplace/install/learning/lib/learning
[5.400s] Installing main_node script to /home/mi/workplace/install/learning/lib/learning
[5.401s] Installing move_x script to /home/mi/workplace/install/learning/lib/learning
[5.402s] Installing rgb script to /home/mi/workplace/install/learning/lib/learning
[5.403s] Installing rotate script to /home/mi/workplace/install/learning/lib/learning
[5.403s] Installing rotate_until_center1 script to /home/mi/workplace/install/learning/lib/learning
[5.403s] Installing stand script to /home/mi/workplace/install/learning/lib/learning
[5.404s] Installing track script to /home/mi/workplace/install/learning/lib/learning
[5.406s] Installing walk_t_sec script to /home/mi/workplace/install/learning/lib/learning
[5.407s] Installing walktest script to /home/mi/workplace/install/learning/lib/learning
[5.408s] writing list of installed files to '/home/mi/workplace/build/learning/install.log'
[5.511s] Invoked command in '/home/mi/workplace/src/learning' returned '0': PYTHONPATH=/home/mi/workplace/install/learning/lib/python3.6/site-packages:${PYTHONPATH} /usr/bin/python3 setup.py egg_info --egg-base ../../build/learning build --build-base /home/mi/workplace/build/learning/build install --prefix /home/mi/workplace/install/learning --record /home/mi/workplace/build/learning/install.log --single-version-externally-managed
