[4.555s] Invoking command in '/home/mi/workplace/src/learning': PYTHONPATH=/home/mi/workplace/install/learning/lib/python3.6/site-packages:${PYTHONPATH} /usr/bin/python3 setup.py egg_info --egg-base ../../build/learning build --build-base /home/mi/workplace/build/learning/build install --prefix /home/mi/workplace/install/learning --record /home/mi/workplace/build/learning/install.log --single-version-externally-managed
[6.268s] running egg_info
[6.273s] writing ../../build/learning/learning.egg-info/PKG-INFO
[6.273s] writing dependency_links to ../../build/learning/learning.egg-info/dependency_links.txt
[6.274s] writing entry points to ../../build/learning/learning.egg-info/entry_points.txt
[6.276s] writing requirements to ../../build/learning/learning.egg-info/requires.txt
[6.276s] writing top-level names to ../../build/learning/learning.egg-info/top_level.txt
[6.295s] reading manifest file '../../build/learning/learning.egg-info/SOURCES.txt'
[6.303s] writing manifest file '../../build/learning/learning.egg-info/SOURCES.txt'
[6.308s] running build
[6.308s] running build_py
[6.309s] copying learning/main_node.py -> /home/mi/workplace/build/learning/build/lib/learning
[6.316s] running install
[6.317s] /usr/local/lib/python3.6/dist-packages/setuptools/command/install.py:37: SetuptoolsDeprecationWarning: setup.py install is deprecated. Use build and pip and other standards-based tools.
[6.317s]   setuptools.SetuptoolsDeprecationWarning,
[6.318s] running install_lib
[6.322s] copying /home/mi/workplace/build/learning/build/lib/learning/main_node.py -> /home/mi/workplace/install/learning/lib/python3.6/site-packages/learning
[6.331s] byte-compiling /home/mi/workplace/install/learning/lib/python3.6/site-packages/learning/main_node.py to main_node.cpython-36.pyc
[6.335s] running install_data
[6.343s] running install_egg_info
[6.346s] removing '/home/mi/workplace/install/learning/lib/python3.6/site-packages/learning-0.0.0-py3.6.egg-info' (and everything under it)
[6.349s] Copying ../../build/learning/learning.egg-info to /home/mi/workplace/install/learning/lib/python3.6/site-packages/learning-0.0.0-py3.6.egg-info
[6.354s] running install_scripts
[6.460s] Installing camera script to /home/mi/workplace/install/learning/lib/learning
[6.460s] Installing crash script to /home/mi/workplace/install/learning/lib/learning
[6.462s] Installing data_receive script to /home/mi/workplace/install/learning/lib/learning
[6.463s] Installing get_data script to /home/mi/workplace/install/learning/lib/learning
[6.464s] Installing goal script to /home/mi/workplace/install/learning/lib/learning
[6.466s] Installing keeper script to /home/mi/workplace/install/learning/lib/learning
[6.466s] Installing main script to /home/mi/workplace/install/learning/lib/learning
[6.471s] Installing move_x script to /home/mi/workplace/install/learning/lib/learning
[6.472s] Installing rgb script to /home/mi/workplace/install/learning/lib/learning
[6.473s] Installing rotate script to /home/mi/workplace/install/learning/lib/learning
[6.474s] Installing rotate_until_center1 script to /home/mi/workplace/install/learning/lib/learning
[6.475s] Installing sit script to /home/mi/workplace/install/learning/lib/learning
[6.476s] Installing stand script to /home/mi/workplace/install/learning/lib/learning
[6.478s] Installing track script to /home/mi/workplace/install/learning/lib/learning
[6.481s] Installing walk_t_sec script to /home/mi/workplace/install/learning/lib/learning
[6.482s] Installing walktest script to /home/mi/workplace/install/learning/lib/learning
[6.483s] writing list of installed files to '/home/mi/workplace/build/learning/install.log'
[6.599s] Invoked command in '/home/mi/workplace/src/learning' returned '0': PYTHONPATH=/home/mi/workplace/install/learning/lib/python3.6/site-packages:${PYTHONPATH} /usr/bin/python3 setup.py egg_info --egg-base ../../build/learning build --build-base /home/mi/workplace/build/learning/build install --prefix /home/mi/workplace/install/learning --record /home/mi/workplace/build/learning/install.log --single-version-externally-managed
