[4.238s] Invoking command in '/home/mi/workplace/src/learning': PYTHONPATH=/home/mi/workplace/install/learning/lib/python3.6/site-packages:${PYTHONPATH} /usr/bin/python3 setup.py egg_info --egg-base ../../build/learning build --build-base /home/mi/workplace/build/learning/build install --prefix /home/mi/workplace/install/learning --record /home/mi/workplace/build/learning/install.log --single-version-externally-managed
[5.991s] running egg_info
[5.994s] writing ../../build/learning/learning.egg-info/PKG-INFO
[5.997s] writing dependency_links to ../../build/learning/learning.egg-info/dependency_links.txt
[5.998s] writing entry points to ../../build/learning/learning.egg-info/entry_points.txt
[5.999s] writing requirements to ../../build/learning/learning.egg-info/requires.txt
[6.000s] writing top-level names to ../../build/learning/learning.egg-info/top_level.txt
[6.017s] reading manifest file '../../build/learning/learning.egg-info/SOURCES.txt'
[6.025s] writing manifest file '../../build/learning/learning.egg-info/SOURCES.txt'
[6.026s] running build
[6.026s] running build_py
[6.028s] copying learning/main_node.py -> /home/mi/workplace/build/learning/build/lib/learning
[6.038s] running install
[6.039s] /usr/local/lib/python3.6/dist-packages/setuptools/command/install.py:37: SetuptoolsDeprecationWarning: setup.py install is deprecated. Use build and pip and other standards-based tools.
[6.039s]   setuptools.SetuptoolsDeprecationWarning,
[6.040s] running install_lib
[6.044s] copying /home/mi/workplace/build/learning/build/lib/learning/main_node.py -> /home/mi/workplace/install/learning/lib/python3.6/site-packages/learning
[6.051s] byte-compiling /home/mi/workplace/install/learning/lib/python3.6/site-packages/learning/main_node.py to main_node.cpython-36.pyc
[6.058s] running install_data
[6.060s] running install_egg_info
[6.068s] removing '/home/mi/workplace/install/learning/lib/python3.6/site-packages/learning-0.0.0-py3.6.egg-info' (and everything under it)
[6.070s] Copying ../../build/learning/learning.egg-info to /home/mi/workplace/install/learning/lib/python3.6/site-packages/learning-0.0.0-py3.6.egg-info
[6.076s] running install_scripts
[6.166s] Installing camera script to /home/mi/workplace/install/learning/lib/learning
[6.167s] Installing crash script to /home/mi/workplace/install/learning/lib/learning
[6.168s] Installing data_receive script to /home/mi/workplace/install/learning/lib/learning
[6.171s] Installing get_data script to /home/mi/workplace/install/learning/lib/learning
[6.172s] Installing goal script to /home/mi/workplace/install/learning/lib/learning
[6.173s] Installing keeper script to /home/mi/workplace/install/learning/lib/learning
[6.176s] Installing main script to /home/mi/workplace/install/learning/lib/learning
[6.178s] Installing move_x script to /home/mi/workplace/install/learning/lib/learning
[6.179s] Installing rgb script to /home/mi/workplace/install/learning/lib/learning
[6.179s] Installing rotate script to /home/mi/workplace/install/learning/lib/learning
[6.180s] Installing rotate_until_center1 script to /home/mi/workplace/install/learning/lib/learning
[6.182s] Installing sit script to /home/mi/workplace/install/learning/lib/learning
[6.184s] Installing stand script to /home/mi/workplace/install/learning/lib/learning
[6.185s] Installing test script to /home/mi/workplace/install/learning/lib/learning
[6.186s] Installing track script to /home/mi/workplace/install/learning/lib/learning
[6.186s] Installing walk_t_sec script to /home/mi/workplace/install/learning/lib/learning
[6.187s] Installing walktest script to /home/mi/workplace/install/learning/lib/learning
[6.188s] writing list of installed files to '/home/mi/workplace/build/learning/install.log'
[6.304s] Invoked command in '/home/mi/workplace/src/learning' returned '0': PYTHONPATH=/home/mi/workplace/install/learning/lib/python3.6/site-packages:${PYTHONPATH} /usr/bin/python3 setup.py egg_info --egg-base ../../build/learning build --build-base /home/mi/workplace/build/learning/build install --prefix /home/mi/workplace/install/learning --record /home/mi/workplace/build/learning/install.log --single-version-externally-managed
