2024-05-05 16:53:28.818 [info] 日志级别: Info
2024-05-05 16:53:28.818 [info] 正在验证在以下位置找到的 git: "git"
2024-05-05 16:53:28.818 [info] 将使用位于 "2.17.1" 的 Git "git"
2024-05-05 16:53:28.818 [info] > git rev-parse --show-toplevel [58ms]
2024-05-05 16:53:28.818 [info] > git rev-parse --git-dir --git-common-dir [103ms]
2024-05-05 16:53:28.819 [info] Open repository: /home/mi
2024-05-05 16:53:28.909 [info] > git rev-parse --show-toplevel [40ms]
2024-05-05 16:53:28.914 [info] > git config --get commit.template [61ms]
2024-05-05 16:53:28.980 [info] > git rev-parse --show-toplevel [46ms]
2024-05-05 16:53:29.855 [info] > git for-each-ref --format=%(refname)%00%(upstream:short)%00%(objectname)%00%(upstream:track)%00%(upstream:remotename)%00%(upstream:remoteref) refs/heads/main refs/remotes/main [896ms]
2024-05-05 16:53:29.928 [info] > git rev-parse --show-toplevel [26ms]
2024-05-05 16:53:29.979 [info] > git check-ignore -v -z --stdin [93ms]
2024-05-05 16:53:29.988 [info] > git rev-parse --show-toplevel [44ms]
2024-05-05 16:53:30.057 [info] > git rev-parse --show-toplevel [11ms]
2024-05-05 16:53:30.084 [info] > git rev-parse --show-toplevel [5ms]
2024-05-05 16:53:30.147 [info] > git rev-parse --show-toplevel [46ms]
2024-05-05 16:53:30.170 [info] > git rev-parse --show-toplevel [7ms]
2024-05-05 16:53:30.196 [info] > git rev-parse --show-toplevel [5ms]
2024-05-05 16:53:30.259 [info] > git status -z -uall [292ms]
2024-05-05 16:53:30.262 [info] > git rev-parse --show-toplevel [49ms]
2024-05-05 16:53:31.376 [info] > git merge-base refs/heads/main refs/remotes/origin/main [1056ms]
2024-05-05 16:53:31.419 [info] > git config --get commit.template [127ms]
2024-05-05 16:53:31.420 [info] > git rev-parse --show-toplevel [154ms]
2024-05-05 16:53:31.442 [info] > git rev-list --count --left-right refs/heads/main...refs/remotes/origin/main [43ms]
2024-05-05 16:53:31.498 [info] > git rev-parse --show-toplevel [58ms]
2024-05-05 16:53:31.516 [info] > git for-each-ref --format=%(refname)%00%(upstream:short)%00%(objectname)%00%(upstream:track)%00%(upstream:remotename)%00%(upstream:remoteref) refs/heads/main refs/remotes/main [25ms]
2024-05-05 16:53:31.517 [info] > git diff --name-status -z --diff-filter=ADMR 1785e2ffb5c58c7a4e066a01d5440065b3639e73...refs/remotes/origin/main [47ms]
2024-05-05 16:53:31.546 [info] > git rev-parse --show-toplevel [5ms]
2024-05-05 16:53:31.586 [info] > git rev-parse --show-toplevel [23ms]
2024-05-05 16:53:31.610 [info] > git rev-parse --show-toplevel [6ms]
2024-05-05 16:53:31.671 [info] > git rev-parse --show-toplevel [11ms]
2024-05-05 16:53:31.700 [info] > git rev-parse --show-toplevel [8ms]
2024-05-05 16:53:31.736 [info] > git rev-parse --show-toplevel [10ms]
2024-05-05 16:53:31.775 [info] > git rev-parse --show-toplevel [7ms]
2024-05-05 16:53:31.808 [info] > git rev-parse --show-toplevel [7ms]
2024-05-05 16:53:31.838 [info] > git rev-parse --show-toplevel [7ms]
2024-05-05 16:53:31.883 [info] > git status -z -uall [300ms]
2024-05-05 16:53:31.982 [info] > git rev-parse --show-toplevel [107ms]
2024-05-05 16:53:32.541 [info] > git rev-parse --show-toplevel [538ms]
2024-05-05 16:53:32.564 [info] > git rev-parse --show-toplevel [5ms]
2024-05-05 16:53:32.587 [info] > git rev-parse --show-toplevel [3ms]
2024-05-05 16:53:32.606 [info] > git rev-parse --show-toplevel [3ms]
2024-05-05 16:53:32.635 [info] > git rev-parse --show-toplevel [9ms]
2024-05-05 16:53:32.661 [info] > git rev-parse --show-toplevel [7ms]
2024-05-05 16:53:32.684 [info] > git rev-parse --show-toplevel [4ms]
2024-05-05 16:53:32.707 [info] > git rev-parse --show-toplevel [4ms]
2024-05-05 16:53:33.966 [info] > git check-ignore -v -z --stdin [26ms]
2024-05-05 16:53:35.203 [info] > git check-ignore -v -z --stdin [28ms]
2024-05-05 16:53:35.755 [info] > git check-ignore -v -z --stdin [28ms]
2024-05-05 16:53:39.096 [info] > git check-ignore -v -z --stdin [40ms]
2024-05-05 16:53:41.073 [info] > git show --textconv :README.md [88ms]
2024-05-05 16:53:41.075 [info] > git ls-files --stage -- /home/mi/README.md [68ms]
2024-05-05 16:53:41.103 [info] > git cat-file -s 77878e1b5fc68ff6eecacbf751c5cf9f5fa196dd [8ms]
2024-05-05 16:58:14.641 [info] > git config --get commit.template [6ms]
2024-05-05 16:58:14.668 [info] > git for-each-ref --format=%(refname)%00%(upstream:short)%00%(objectname)%00%(upstream:track)%00%(upstream:remotename)%00%(upstream:remoteref) refs/heads/main refs/remotes/main [5ms]
2024-05-05 16:58:14.916 [info] > git status -z -uall [226ms]
2024-05-05 16:58:20.066 [info] > git config --get commit.template [6ms]
2024-05-05 16:58:20.089 [info] > git for-each-ref --format=%(refname)%00%(upstream:short)%00%(objectname)%00%(upstream:track)%00%(upstream:remotename)%00%(upstream:remoteref) refs/heads/main refs/remotes/main [5ms]
2024-05-05 16:58:20.323 [info] > git status -z -uall [211ms]
2024-05-05 16:59:13.751 [info] > git config --get commit.template [5ms]
2024-05-05 16:59:13.778 [info] > git for-each-ref --format=%(refname)%00%(upstream:short)%00%(objectname)%00%(upstream:track)%00%(upstream:remotename)%00%(upstream:remoteref) refs/heads/main refs/remotes/main [3ms]
2024-05-05 16:59:14.019 [info] > git status -z -uall [217ms]
2024-05-05 17:08:59.794 [info] > git config --get commit.template [34ms]
2024-05-05 17:08:59.883 [info] > git show --textconv :workplace/src/learning/learning/track.py [25ms]
2024-05-05 17:08:59.885 [info] > git for-each-ref --format=%(refname)%00%(upstream:short)%00%(objectname)%00%(upstream:track)%00%(upstream:remotename)%00%(upstream:remoteref) refs/heads/main refs/remotes/main [65ms]
2024-05-05 17:09:02.535 [info] > git ls-files --stage -- /home/mi/workplace/src/learning/learning/track.py [2654ms]
2024-05-05 17:09:02.661 [info] > git cat-file -s a962c6336d222a1efdebbf544f3a5b8f1d526b1d [103ms]
2024-05-05 17:09:02.903 [info] > git status -z -uall [315ms]
2024-05-05 17:09:51.654 [info] > git merge-base refs/heads/main refs/remotes/origin/main [7ms]
2024-05-05 17:09:51.696 [info] > git rev-list --count --left-right refs/heads/main...refs/remotes/origin/main [6ms]
2024-05-05 17:09:52.441 [info] > git check-ignore -v -z --stdin [42ms]
2024-05-05 17:10:04.081 [info] > git check-ignore -v -z --stdin [205ms]
2024-05-05 17:10:24.947 [info] > git config --get commit.template [29ms]
2024-05-05 17:10:24.949 [info] > git for-each-ref --format=%(refname)%00%(upstream:short)%00%(objectname)%00%(upstream:track)%00%(upstream:remotename)%00%(upstream:remoteref) refs/heads/main refs/remotes/main [8ms]
2024-05-05 17:10:25.204 [info] > git status -z -uall [231ms]
