[4.792s] Invoking command in '/home/mi/workplace/src/learning': PYTHONPATH=/home/mi/workplace/install/learning/lib/python3.6/site-packages:${PYTHONPATH} /usr/bin/python3 setup.py egg_info --egg-base ../../build/learning build --build-base /home/mi/workplace/build/learning/build install --prefix /home/mi/workplace/install/learning --record /home/mi/workplace/build/learning/install.log --single-version-externally-managed
[6.621s] running egg_info
[6.624s] writing ../../build/learning/learning.egg-info/PKG-INFO
[6.625s] writing dependency_links to ../../build/learning/learning.egg-info/dependency_links.txt
[6.627s] writing entry points to ../../build/learning/learning.egg-info/entry_points.txt
[6.632s] writing requirements to ../../build/learning/learning.egg-info/requires.txt
[6.634s] writing top-level names to ../../build/learning/learning.egg-info/top_level.txt
[6.645s] reading manifest file '../../build/learning/learning.egg-info/SOURCES.txt'
[6.657s] writing manifest file '../../build/learning/learning.egg-info/SOURCES.txt'
[6.658s] running build
[6.659s] running build_py
[6.660s] copying learning/routine.py -> /home/mi/workplace/build/learning/build/lib/learning
[6.661s] copying learning/data_receive.py -> /home/mi/workplace/build/learning/build/lib/learning
[6.662s] copying learning/striker.py -> /home/mi/workplace/build/learning/build/lib/learning
[6.663s] running install
[6.663s] /usr/local/lib/python3.6/dist-packages/setuptools/command/install.py:37: SetuptoolsDeprecationWarning: setup.py install is deprecated. Use build and pip and other standards-based tools.
[6.664s]   setuptools.SetuptoolsDeprecationWarning,
[6.665s] running install_lib
[6.673s] copying /home/mi/workplace/build/learning/build/lib/learning/routine.py -> /home/mi/workplace/install/learning/lib/python3.6/site-packages/learning
[6.674s] copying /home/mi/workplace/build/learning/build/lib/learning/data_receive.py -> /home/mi/workplace/install/learning/lib/python3.6/site-packages/learning
[6.675s] copying /home/mi/workplace/build/learning/build/lib/learning/striker.py -> /home/mi/workplace/install/learning/lib/python3.6/site-packages/learning
[6.679s] byte-compiling /home/mi/workplace/install/learning/lib/python3.6/site-packages/learning/routine.py to routine.cpython-36.pyc
[6.680s] byte-compiling /home/mi/workplace/install/learning/lib/python3.6/site-packages/learning/data_receive.py to data_receive.cpython-36.pyc
[6.680s] byte-compiling /home/mi/workplace/install/learning/lib/python3.6/site-packages/learning/striker.py to striker.cpython-36.pyc
[6.684s] running install_data
[6.685s] running install_egg_info
[6.700s] removing '/home/mi/workplace/install/learning/lib/python3.6/site-packages/learning-0.0.0-py3.6.egg-info' (and everything under it)
[6.700s] Copying ../../build/learning/learning.egg-info to /home/mi/workplace/install/learning/lib/python3.6/site-packages/learning-0.0.0-py3.6.egg-info
[6.702s] running install_scripts
[6.815s] Installing camera script to /home/mi/workplace/install/learning/lib/learning
[6.816s] Installing crash script to /home/mi/workplace/install/learning/lib/learning
[6.817s] Installing data_receive script to /home/mi/workplace/install/learning/lib/learning
[6.823s] Installing goal script to /home/mi/workplace/install/learning/lib/learning
[6.824s] Installing rgb script to /home/mi/workplace/install/learning/lib/learning
[6.825s] Installing rotate script to /home/mi/workplace/install/learning/lib/learning
[6.826s] Installing rotate_until_center1 script to /home/mi/workplace/install/learning/lib/learning
[6.828s] Installing stand script to /home/mi/workplace/install/learning/lib/learning
[6.829s] Installing track script to /home/mi/workplace/install/learning/lib/learning
[6.829s] Installing walk_t_sec script to /home/mi/workplace/install/learning/lib/learning
[6.830s] Installing walktest script to /home/mi/workplace/install/learning/lib/learning
[6.840s] writing list of installed files to '/home/mi/workplace/build/learning/install.log'
[6.958s] Invoked command in '/home/mi/workplace/src/learning' returned '0': PYTHONPATH=/home/mi/workplace/install/learning/lib/python3.6/site-packages:${PYTHONPATH} /usr/bin/python3 setup.py egg_info --egg-base ../../build/learning build --build-base /home/mi/workplace/build/learning/build install --prefix /home/mi/workplace/install/learning --record /home/mi/workplace/build/learning/install.log --single-version-externally-managed
