[4.214s] Invoking command in '/home/mi/workplace/src/learning': PYTHONPATH=/home/mi/install/learning/lib/python3.6/site-packages:${PYTHONPATH} /usr/bin/python3 setup.py egg_info --egg-base ../../../build/learning build --build-base /home/mi/build/learning/build install --prefix /home/mi/install/learning --record /home/mi/build/learning/install.log --single-version-externally-managed
[5.926s] running egg_info
[5.929s] writing ../../../build/learning/learning.egg-info/PKG-INFO
[5.937s] writing dependency_links to ../../../build/learning/learning.egg-info/dependency_links.txt
[5.938s] writing entry points to ../../../build/learning/learning.egg-info/entry_points.txt
[5.939s] writing requirements to ../../../build/learning/learning.egg-info/requires.txt
[5.940s] writing top-level names to ../../../build/learning/learning.egg-info/top_level.txt
[5.953s] reading manifest file '../../../build/learning/learning.egg-info/SOURCES.txt'
[5.962s] writing manifest file '../../../build/learning/learning.egg-info/SOURCES.txt'
[5.962s] running build
[5.963s] running build_py
[5.965s] copying learning/main_node.py -> /home/mi/build/learning/build/lib/learning
[5.967s] copying learning/rotate_to_line.py -> /home/mi/build/learning/build/lib/learning
[5.967s] copying learning/get_loc.py -> /home/mi/build/learning/build/lib/learning
[5.971s] copying learning/geometry.py -> /home/mi/build/learning/build/lib/learning
[5.972s] copying learning/stop_node.py -> /home/mi/build/learning/build/lib/learning
[5.973s] copying learning/move_x.py -> /home/mi/build/learning/build/lib/learning
[5.978s] /usr/local/lib/python3.6/dist-packages/setuptools/command/install.py:37: SetuptoolsDeprecationWarning: setup.py install is deprecated. Use build and pip and other standards-based tools.
[5.978s]   setuptools.SetuptoolsDeprecationWarning,
[5.980s] copying learning/rgb_cam_suber.py -> /home/mi/build/learning/build/lib/learning
[5.980s] running install
[5.981s] running install_lib
[5.983s] copying /home/mi/build/learning/build/lib/learning/main_node.py -> /home/mi/install/learning/lib/python3.6/site-packages/learning
[5.984s] copying /home/mi/build/learning/build/lib/learning/rotate_to_line.py -> /home/mi/install/learning/lib/python3.6/site-packages/learning
[5.985s] copying /home/mi/build/learning/build/lib/learning/get_loc.py -> /home/mi/install/learning/lib/python3.6/site-packages/learning
[5.986s] copying /home/mi/build/learning/build/lib/learning/geometry.py -> /home/mi/install/learning/lib/python3.6/site-packages/learning
[5.987s] copying /home/mi/build/learning/build/lib/learning/stop_node.py -> /home/mi/install/learning/lib/python3.6/site-packages/learning
[5.988s] copying /home/mi/build/learning/build/lib/learning/move_x.py -> /home/mi/install/learning/lib/python3.6/site-packages/learning
[5.991s] copying /home/mi/build/learning/build/lib/learning/rgb_cam_suber.py -> /home/mi/install/learning/lib/python3.6/site-packages/learning
[5.991s] byte-compiling /home/mi/install/learning/lib/python3.6/site-packages/learning/main_node.py to main_node.cpython-36.pyc
[5.994s] byte-compiling /home/mi/install/learning/lib/python3.6/site-packages/learning/rotate_to_line.py to rotate_to_line.cpython-36.pyc
[6.002s] byte-compiling /home/mi/install/learning/lib/python3.6/site-packages/learning/get_loc.py to get_loc.cpython-36.pyc
[6.005s] byte-compiling /home/mi/install/learning/lib/python3.6/site-packages/learning/geometry.py to geometry.cpython-36.pyc
[6.009s] byte-compiling /home/mi/install/learning/lib/python3.6/site-packages/learning/stop_node.py to stop_node.cpython-36.pyc
[6.012s] byte-compiling /home/mi/install/learning/lib/python3.6/site-packages/learning/move_x.py to move_x.cpython-36.pyc
[6.016s] byte-compiling /home/mi/install/learning/lib/python3.6/site-packages/learning/rgb_cam_suber.py to rgb_cam_suber.cpython-36.pyc
[6.019s] running install_data
[6.022s] running install_egg_info
[6.030s] removing '/home/mi/install/learning/lib/python3.6/site-packages/learning-0.0.0-py3.6.egg-info' (and everything under it)
[6.034s] Copying ../../../build/learning/learning.egg-info to /home/mi/install/learning/lib/python3.6/site-packages/learning-0.0.0-py3.6.egg-info
[6.042s] running install_scripts
[6.142s] Installing camera script to /home/mi/install/learning/lib/learning
[6.146s] Installing crash script to /home/mi/install/learning/lib/learning
[6.146s] Installing data_receive script to /home/mi/install/learning/lib/learning
[6.147s] Installing get_data script to /home/mi/install/learning/lib/learning
[6.149s] Installing goal script to /home/mi/install/learning/lib/learning
[6.150s] Installing keeper script to /home/mi/install/learning/lib/learning
[6.151s] Installing main_node script to /home/mi/install/learning/lib/learning
[6.152s] Installing move_x script to /home/mi/install/learning/lib/learning
[6.153s] Installing rgb script to /home/mi/install/learning/lib/learning
[6.154s] Installing rotate script to /home/mi/install/learning/lib/learning
[6.156s] Installing rotate_until_center1 script to /home/mi/install/learning/lib/learning
[6.157s] Installing stand script to /home/mi/install/learning/lib/learning
[6.157s] Installing track script to /home/mi/install/learning/lib/learning
[6.159s] Installing walk_t_sec script to /home/mi/install/learning/lib/learning
[6.160s] Installing walktest script to /home/mi/install/learning/lib/learning
[6.160s] writing list of installed files to '/home/mi/build/learning/install.log'
[6.299s] Invoked command in '/home/mi/workplace/src/learning' returned '0': PYTHONPATH=/home/mi/install/learning/lib/python3.6/site-packages:${PYTHONPATH} /usr/bin/python3 setup.py egg_info --egg-base ../../../build/learning build --build-base /home/mi/build/learning/build install --prefix /home/mi/install/learning --record /home/mi/build/learning/install.log --single-version-externally-managed
