2024-05-24 00:47:59.790 [info] Log level: Info
2024-05-24 00:47:59.790 [info] Validating found git in: "git"
2024-05-24 00:47:59.790 [info] Using git "2.17.1" from "git"
2024-05-24 00:47:59.792 [info] > git rev-parse --show-toplevel [861ms]
2024-05-24 00:47:59.792 [info] > git rev-parse --git-dir --git-common-dir [779ms]
2024-05-24 00:47:59.792 [info] Open repository: /home/mi
2024-05-24 00:47:59.870 [info] > git rev-parse --show-toplevel [239ms]
2024-05-24 00:47:59.878 [info] > git config --get commit.template [271ms]
2024-05-24 00:48:00.209 [info] > git for-each-ref --format=%(refname)%00%(upstream:short)%00%(objectname)%00%(upstream:track)%00%(upstream:remotename)%00%(upstream:remoteref) refs/heads/whf_play refs/remotes/whf_play [203ms]
2024-05-24 00:48:00.274 [info] > git rev-parse --show-toplevel [347ms]
2024-05-24 00:48:00.597 [info] > git check-ignore -v -z --stdin [254ms]
2024-05-24 00:48:00.618 [info] > git rev-parse --show-toplevel [214ms]
2024-05-24 00:48:01.188 [info] > git status -z -uall [917ms]
2024-05-24 00:48:02.213 [info] > git rev-parse --show-toplevel [1201ms]
2024-05-24 00:48:02.684 [info] > git config --get commit.template [514ms]
2024-05-24 00:48:02.884 [info] > git rev-parse --show-toplevel [218ms]
2024-05-24 00:48:03.355 [info] > git rev-parse --show-toplevel [403ms]
2024-05-24 00:48:03.357 [info] > git for-each-ref --format=%(refname)%00%(upstream:short)%00%(objectname)%00%(upstream:track)%00%(upstream:remotename)%00%(upstream:remoteref) refs/heads/whf_play refs/remotes/whf_play [442ms]
2024-05-24 00:48:03.554 [info] > git rev-parse --show-toplevel [144ms]
2024-05-24 00:48:03.621 [info] > git rev-parse --show-toplevel [43ms]
2024-05-24 00:48:03.717 [info] > git status -z -uall [338ms]
2024-05-24 00:48:03.719 [info] > git rev-parse --show-toplevel [57ms]
2024-05-24 00:48:04.621 [info] > git rev-parse --show-toplevel [798ms]
2024-05-24 00:48:04.699 [info] > git rev-parse --show-toplevel [17ms]
2024-05-24 00:48:04.999 [info] > git rev-parse --show-toplevel [56ms]
2024-05-24 00:48:05.323 [info] > git rev-parse --show-toplevel [110ms]
2024-05-24 00:48:05.397 [info] > git rev-parse --show-toplevel [54ms]
2024-05-24 00:48:05.430 [info] > git rev-parse --show-toplevel [7ms]
2024-05-24 00:48:05.457 [info] > git rev-parse --show-toplevel [8ms]
2024-05-24 00:48:05.557 [info] > git rev-parse --show-toplevel [66ms]
2024-05-24 00:48:05.587 [info] > git rev-parse --show-toplevel [9ms]
2024-05-24 00:48:05.616 [info] > git rev-parse --show-toplevel [6ms]
2024-05-24 00:48:05.679 [info] > git rev-parse --show-toplevel [42ms]
2024-05-24 00:48:05.717 [info] > git rev-parse --show-toplevel [15ms]
2024-05-24 00:48:05.786 [info] > git rev-parse --show-toplevel [44ms]
2024-05-24 00:48:05.839 [info] > git rev-parse --show-toplevel [9ms]
2024-05-24 00:48:05.902 [info] > git rev-parse --show-toplevel [34ms]
2024-05-24 00:48:05.951 [info] > git rev-parse --show-toplevel [20ms]
2024-05-24 00:48:06.054 [info] > git rev-parse --show-toplevel [10ms]
2024-05-24 00:48:06.087 [info] > git rev-parse --show-toplevel [11ms]
2024-05-24 00:48:06.140 [info] > git rev-parse --show-toplevel [21ms]
2024-05-24 00:48:06.249 [info] > git rev-parse --show-toplevel [35ms]
2024-05-24 00:48:06.335 [info] > git rev-parse --show-toplevel [33ms]
2024-05-24 00:48:06.427 [info] > git rev-parse --show-toplevel [21ms]
2024-05-24 00:48:06.530 [info] > git rev-parse --show-toplevel [50ms]
2024-05-24 00:48:06.740 [info] > git show --textconv :workplace/src/learning/learning/move_node.py [110ms]
2024-05-24 00:48:06.997 [info] > git ls-files --stage -- /home/mi/workplace/src/learning/learning/move_node.py [281ms]
2024-05-24 00:48:07.036 [info] > git cat-file -s e5495770e486e023c0be1223b9c07d6c56d5b9b7 [10ms]
