[2.010s] DEBUG:colcon:Command line arguments: ['/usr/bin/colcon', 'build', '--packages-select', 'learning']
[2.011s] DEBUG:colcon:Parsed command line arguments: Namespace(allow_overriding=[], ament_cmake_args=None, base_paths=['.'], build_base='build', catkin_cmake_args=None, catkin_skip_building_tests=False, cmake_args=None, cmake_clean_cache=False, cmake_clean_first=False, cmake_force_configure=False, cmake_target=None, cmake_target_skip_unavailable=False, continue_on_error=False, event_handlers=None, executor='parallel', ignore_user_meta=False, install_base='install', log_base=None, log_level=None, main=<bound method BuildVerb.main of <colcon_core.verb.build.BuildVerb object at 0x7fa0bc3048>>, merge_install=False, metas=['./colcon.meta'], packages_above=None, packages_above_and_dependencies=None, packages_above_depth=None, packages_end=None, packages_ignore=None, packages_ignore_regex=None, packages_select=['learning'], packages_select_build_failed=False, packages_select_by_dep=None, packages_select_regex=None, packages_select_test_failures=False, packages_skip=None, packages_skip_build_finished=False, packages_skip_by_dep=None, packages_skip_regex=None, packages_skip_test_passed=False, packages_skip_up_to=None, packages_start=None, packages_up_to=None, packages_up_to_regex=None, parallel_workers=6, paths=None, symlink_install=False, test_result_base=None, verb_extension=<colcon_core.verb.build.BuildVerb object at 0x7fa0bc3048>, verb_name='build', verb_parser=<colcon_defaults.argument_parser.defaults.DefaultArgumentsDecorator object at 0x7fa0ba62e8>)
[2.042s] Level 1:colcon.colcon_core.package_discovery:discover_packages(colcon_meta) check parameters
[2.043s] Level 1:colcon.colcon_core.package_discovery:discover_packages(recursive) check parameters
[2.043s] Level 1:colcon.colcon_core.package_discovery:discover_packages(ignore) check parameters
[2.043s] Level 1:colcon.colcon_core.package_discovery:discover_packages(path) check parameters
[2.043s] Level 1:colcon.colcon_core.package_discovery:discover_packages(colcon_meta) discover
[2.046s] Level 1:colcon.colcon_core.package_discovery:discover_packages(recursive) discover
[2.046s] INFO:colcon.colcon_core.package_discovery:Crawling recursively for packages in '/home/mi'
[2.047s] Level 1:colcon.colcon_core.package_identification:_identify(.) by extensions ['ignore', 'ignore_ament_install']
[2.048s] Level 1:colcon.colcon_core.package_identification:_identify(.) by extension 'ignore'
[2.049s] Level 1:colcon.colcon_core.package_identification:_identify(.) by extension 'ignore_ament_install'
[2.049s] Level 1:colcon.colcon_core.package_identification:_identify(.) by extensions ['colcon_pkg']
[2.049s] Level 1:colcon.colcon_core.package_identification:_identify(.) by extension 'colcon_pkg'
[2.050s] Level 1:colcon.colcon_core.package_identification:_identify(.) by extensions ['colcon_meta']
[2.050s] Level 1:colcon.colcon_core.package_identification:_identify(.) by extension 'colcon_meta'
[2.050s] Level 1:colcon.colcon_core.package_identification:_identify(.) by extensions ['ros']
[2.052s] Level 1:colcon.colcon_core.package_identification:_identify(.) by extension 'ros'
[2.499s] Level 1:colcon.colcon_core.package_identification:_identify(.) by extensions ['cmake', 'python']
[2.500s] Level 1:colcon.colcon_core.package_identification:_identify(.) by extension 'cmake'
[2.501s] Level 1:colcon.colcon_core.package_identification:_identify(.) by extension 'python'
[2.501s] Level 1:colcon.colcon_core.package_identification:_identify(.) by extensions ['python_setup_py']
[2.501s] Level 1:colcon.colcon_core.package_identification:_identify(.) by extension 'python_setup_py'
[2.502s] Level 1:colcon.colcon_core.package_identification:_identify(Desktop) by extensions ['ignore', 'ignore_ament_install']
[2.503s] Level 1:colcon.colcon_core.package_identification:_identify(Desktop) by extension 'ignore'
[2.503s] Level 1:colcon.colcon_core.package_identification:_identify(Desktop) by extension 'ignore_ament_install'
[2.504s] Level 1:colcon.colcon_core.package_identification:_identify(Desktop) by extensions ['colcon_pkg']
[2.504s] Level 1:colcon.colcon_core.package_identification:_identify(Desktop) by extension 'colcon_pkg'
[2.504s] Level 1:colcon.colcon_core.package_identification:_identify(Desktop) by extensions ['colcon_meta']
[2.504s] Level 1:colcon.colcon_core.package_identification:_identify(Desktop) by extension 'colcon_meta'
[2.505s] Level 1:colcon.colcon_core.package_identification:_identify(Desktop) by extensions ['ros']
[2.505s] Level 1:colcon.colcon_core.package_identification:_identify(Desktop) by extension 'ros'
[2.506s] Level 1:colcon.colcon_core.package_identification:_identify(Desktop) by extensions ['cmake', 'python']
[2.506s] Level 1:colcon.colcon_core.package_identification:_identify(Desktop) by extension 'cmake'
[2.506s] Level 1:colcon.colcon_core.package_identification:_identify(Desktop) by extension 'python'
[2.507s] Level 1:colcon.colcon_core.package_identification:_identify(Desktop) by extensions ['python_setup_py']
[2.507s] Level 1:colcon.colcon_core.package_identification:_identify(Desktop) by extension 'python_setup_py'
[2.508s] Level 1:colcon.colcon_core.package_identification:_identify(Documents) by extensions ['ignore', 'ignore_ament_install']
[2.508s] Level 1:colcon.colcon_core.package_identification:_identify(Documents) by extension 'ignore'
[2.508s] Level 1:colcon.colcon_core.package_identification:_identify(Documents) by extension 'ignore_ament_install'
[2.509s] Level 1:colcon.colcon_core.package_identification:_identify(Documents) by extensions ['colcon_pkg']
[2.509s] Level 1:colcon.colcon_core.package_identification:_identify(Documents) by extension 'colcon_pkg'
[2.509s] Level 1:colcon.colcon_core.package_identification:_identify(Documents) by extensions ['colcon_meta']
[2.510s] Level 1:colcon.colcon_core.package_identification:_identify(Documents) by extension 'colcon_meta'
[2.510s] Level 1:colcon.colcon_core.package_identification:_identify(Documents) by extensions ['ros']
[2.510s] Level 1:colcon.colcon_core.package_identification:_identify(Documents) by extension 'ros'
[2.511s] Level 1:colcon.colcon_core.package_identification:_identify(Documents) by extensions ['cmake', 'python']
[2.511s] Level 1:colcon.colcon_core.package_identification:_identify(Documents) by extension 'cmake'
[2.511s] Level 1:colcon.colcon_core.package_identification:_identify(Documents) by extension 'python'
[2.512s] Level 1:colcon.colcon_core.package_identification:_identify(Documents) by extensions ['python_setup_py']
[2.512s] Level 1:colcon.colcon_core.package_identification:_identify(Documents) by extension 'python_setup_py'
[2.512s] Level 1:colcon.colcon_core.package_identification:_identify(Downloads) by extensions ['ignore', 'ignore_ament_install']
[2.513s] Level 1:colcon.colcon_core.package_identification:_identify(Downloads) by extension 'ignore'
[2.513s] Level 1:colcon.colcon_core.package_identification:_identify(Downloads) by extension 'ignore_ament_install'
[2.514s] Level 1:colcon.colcon_core.package_identification:_identify(Downloads) by extensions ['colcon_pkg']
[2.514s] Level 1:colcon.colcon_core.package_identification:_identify(Downloads) by extension 'colcon_pkg'
[2.514s] Level 1:colcon.colcon_core.package_identification:_identify(Downloads) by extensions ['colcon_meta']
[2.515s] Level 1:colcon.colcon_core.package_identification:_identify(Downloads) by extension 'colcon_meta'
[2.515s] Level 1:colcon.colcon_core.package_identification:_identify(Downloads) by extensions ['ros']
[2.515s] Level 1:colcon.colcon_core.package_identification:_identify(Downloads) by extension 'ros'
[2.516s] Level 1:colcon.colcon_core.package_identification:_identify(Downloads) by extensions ['cmake', 'python']
[2.516s] Level 1:colcon.colcon_core.package_identification:_identify(Downloads) by extension 'cmake'
[2.516s] Level 1:colcon.colcon_core.package_identification:_identify(Downloads) by extension 'python'
[2.517s] Level 1:colcon.colcon_core.package_identification:_identify(Downloads) by extensions ['python_setup_py']
[2.517s] Level 1:colcon.colcon_core.package_identification:_identify(Downloads) by extension 'python_setup_py'
[2.518s] Level 1:colcon.colcon_core.package_identification:_identify(Downloads/lcm) by extensions ['ignore', 'ignore_ament_install']
[2.518s] Level 1:colcon.colcon_core.package_identification:_identify(Downloads/lcm) by extension 'ignore'
[2.519s] Level 1:colcon.colcon_core.package_identification:_identify(Downloads/lcm) by extension 'ignore_ament_install'
[2.519s] Level 1:colcon.colcon_core.package_identification:_identify(Downloads/lcm) by extensions ['colcon_pkg']
[2.519s] Level 1:colcon.colcon_core.package_identification:_identify(Downloads/lcm) by extension 'colcon_pkg'
[2.519s] Level 1:colcon.colcon_core.package_identification:_identify(Downloads/lcm) by extensions ['colcon_meta']
[2.520s] Level 1:colcon.colcon_core.package_identification:_identify(Downloads/lcm) by extension 'colcon_meta'
[2.520s] Level 1:colcon.colcon_core.package_identification:_identify(Downloads/lcm) by extensions ['ros']
[2.520s] Level 1:colcon.colcon_core.package_identification:_identify(Downloads/lcm) by extension 'ros'
[2.521s] Level 1:colcon.colcon_core.package_identification:_identify(Downloads/lcm) by extensions ['cmake', 'python']
[2.521s] Level 1:colcon.colcon_core.package_identification:_identify(Downloads/lcm) by extension 'cmake'
[2.933s] Level 1:colcon.colcon_core.package_identification:_identify(Downloads/lcm) by extension 'python'
[2.934s] DEBUG:colcon.colcon_core.package_identification:Package 'Downloads/lcm' with type 'cmake' and name 'lcm'
[2.934s] Level 1:colcon.colcon_core.package_identification:_identify(Music) by extensions ['ignore', 'ignore_ament_install']
[2.935s] Level 1:colcon.colcon_core.package_identification:_identify(Music) by extension 'ignore'
[2.935s] Level 1:colcon.colcon_core.package_identification:_identify(Music) by extension 'ignore_ament_install'
[2.936s] Level 1:colcon.colcon_core.package_identification:_identify(Music) by extensions ['colcon_pkg']
[2.936s] Level 1:colcon.colcon_core.package_identification:_identify(Music) by extension 'colcon_pkg'
[2.936s] Level 1:colcon.colcon_core.package_identification:_identify(Music) by extensions ['colcon_meta']
[2.936s] Level 1:colcon.colcon_core.package_identification:_identify(Music) by extension 'colcon_meta'
[2.936s] Level 1:colcon.colcon_core.package_identification:_identify(Music) by extensions ['ros']
[2.937s] Level 1:colcon.colcon_core.package_identification:_identify(Music) by extension 'ros'
[2.937s] Level 1:colcon.colcon_core.package_identification:_identify(Music) by extensions ['cmake', 'python']
[2.937s] Level 1:colcon.colcon_core.package_identification:_identify(Music) by extension 'cmake'
[2.938s] Level 1:colcon.colcon_core.package_identification:_identify(Music) by extension 'python'
[2.938s] Level 1:colcon.colcon_core.package_identification:_identify(Music) by extensions ['python_setup_py']
[2.938s] Level 1:colcon.colcon_core.package_identification:_identify(Music) by extension 'python_setup_py'
[2.939s] Level 1:colcon.colcon_core.package_identification:_identify(Pictures) by extensions ['ignore', 'ignore_ament_install']
[2.939s] Level 1:colcon.colcon_core.package_identification:_identify(Pictures) by extension 'ignore'
[2.940s] Level 1:colcon.colcon_core.package_identification:_identify(Pictures) by extension 'ignore_ament_install'
[2.940s] Level 1:colcon.colcon_core.package_identification:_identify(Pictures) by extensions ['colcon_pkg']
[2.941s] Level 1:colcon.colcon_core.package_identification:_identify(Pictures) by extension 'colcon_pkg'
[2.941s] Level 1:colcon.colcon_core.package_identification:_identify(Pictures) by extensions ['colcon_meta']
[2.941s] Level 1:colcon.colcon_core.package_identification:_identify(Pictures) by extension 'colcon_meta'
[2.942s] Level 1:colcon.colcon_core.package_identification:_identify(Pictures) by extensions ['ros']
[2.942s] Level 1:colcon.colcon_core.package_identification:_identify(Pictures) by extension 'ros'
[2.943s] Level 1:colcon.colcon_core.package_identification:_identify(Pictures) by extensions ['cmake', 'python']
[2.944s] Level 1:colcon.colcon_core.package_identification:_identify(Pictures) by extension 'cmake'
[2.944s] Level 1:colcon.colcon_core.package_identification:_identify(Pictures) by extension 'python'
[2.944s] Level 1:colcon.colcon_core.package_identification:_identify(Pictures) by extensions ['python_setup_py']
[2.945s] Level 1:colcon.colcon_core.package_identification:_identify(Pictures) by extension 'python_setup_py'
[2.945s] Level 1:colcon.colcon_core.package_identification:_identify(Public) by extensions ['ignore', 'ignore_ament_install']
[2.946s] Level 1:colcon.colcon_core.package_identification:_identify(Public) by extension 'ignore'
[2.946s] Level 1:colcon.colcon_core.package_identification:_identify(Public) by extension 'ignore_ament_install'
[2.946s] Level 1:colcon.colcon_core.package_identification:_identify(Public) by extensions ['colcon_pkg']
[2.946s] Level 1:colcon.colcon_core.package_identification:_identify(Public) by extension 'colcon_pkg'
[2.947s] Level 1:colcon.colcon_core.package_identification:_identify(Public) by extensions ['colcon_meta']
[2.947s] Level 1:colcon.colcon_core.package_identification:_identify(Public) by extension 'colcon_meta'
[2.947s] Level 1:colcon.colcon_core.package_identification:_identify(Public) by extensions ['ros']
[2.948s] Level 1:colcon.colcon_core.package_identification:_identify(Public) by extension 'ros'
[2.948s] Level 1:colcon.colcon_core.package_identification:_identify(Public) by extensions ['cmake', 'python']
[2.948s] Level 1:colcon.colcon_core.package_identification:_identify(Public) by extension 'cmake'
[2.949s] Level 1:colcon.colcon_core.package_identification:_identify(Public) by extension 'python'
[2.949s] Level 1:colcon.colcon_core.package_identification:_identify(Public) by extensions ['python_setup_py']
[2.949s] Level 1:colcon.colcon_core.package_identification:_identify(Public) by extension 'python_setup_py'
[2.950s] Level 1:colcon.colcon_core.package_identification:_identify(Templates) by extensions ['ignore', 'ignore_ament_install']
[2.950s] Level 1:colcon.colcon_core.package_identification:_identify(Templates) by extension 'ignore'
[2.951s] Level 1:colcon.colcon_core.package_identification:_identify(Templates) by extension 'ignore_ament_install'
[2.951s] Level 1:colcon.colcon_core.package_identification:_identify(Templates) by extensions ['colcon_pkg']
[2.951s] Level 1:colcon.colcon_core.package_identification:_identify(Templates) by extension 'colcon_pkg'
[2.951s] Level 1:colcon.colcon_core.package_identification:_identify(Templates) by extensions ['colcon_meta']
[2.952s] Level 1:colcon.colcon_core.package_identification:_identify(Templates) by extension 'colcon_meta'
[2.952s] Level 1:colcon.colcon_core.package_identification:_identify(Templates) by extensions ['ros']
[2.952s] Level 1:colcon.colcon_core.package_identification:_identify(Templates) by extension 'ros'
[2.953s] Level 1:colcon.colcon_core.package_identification:_identify(Templates) by extensions ['cmake', 'python']
[2.953s] Level 1:colcon.colcon_core.package_identification:_identify(Templates) by extension 'cmake'
[2.953s] Level 1:colcon.colcon_core.package_identification:_identify(Templates) by extension 'python'
[2.954s] Level 1:colcon.colcon_core.package_identification:_identify(Templates) by extensions ['python_setup_py']
[2.954s] Level 1:colcon.colcon_core.package_identification:_identify(Templates) by extension 'python_setup_py'
[2.958s] Level 1:colcon.colcon_core.package_identification:_identify(TomlLog) by extensions ['ignore', 'ignore_ament_install']
[2.959s] Level 1:colcon.colcon_core.package_identification:_identify(TomlLog) by extension 'ignore'
[2.960s] Level 1:colcon.colcon_core.package_identification:_identify(TomlLog) by extension 'ignore_ament_install'
[2.960s] Level 1:colcon.colcon_core.package_identification:_identify(TomlLog) by extensions ['colcon_pkg']
[2.960s] Level 1:colcon.colcon_core.package_identification:_identify(TomlLog) by extension 'colcon_pkg'
[2.961s] Level 1:colcon.colcon_core.package_identification:_identify(TomlLog) by extensions ['colcon_meta']
[2.961s] Level 1:colcon.colcon_core.package_identification:_identify(TomlLog) by extension 'colcon_meta'
[2.961s] Level 1:colcon.colcon_core.package_identification:_identify(TomlLog) by extensions ['ros']
[2.962s] Level 1:colcon.colcon_core.package_identification:_identify(TomlLog) by extension 'ros'
[2.962s] Level 1:colcon.colcon_core.package_identification:_identify(TomlLog) by extensions ['cmake', 'python']
[2.962s] Level 1:colcon.colcon_core.package_identification:_identify(TomlLog) by extension 'cmake'
[2.963s] Level 1:colcon.colcon_core.package_identification:_identify(TomlLog) by extension 'python'
[2.963s] Level 1:colcon.colcon_core.package_identification:_identify(TomlLog) by extensions ['python_setup_py']
[2.963s] Level 1:colcon.colcon_core.package_identification:_identify(TomlLog) by extension 'python_setup_py'
[2.964s] Level 1:colcon.colcon_core.package_identification:_identify(Videos) by extensions ['ignore', 'ignore_ament_install']
[2.964s] Level 1:colcon.colcon_core.package_identification:_identify(Videos) by extension 'ignore'
[2.965s] Level 1:colcon.colcon_core.package_identification:_identify(Videos) by extension 'ignore_ament_install'
[2.965s] Level 1:colcon.colcon_core.package_identification:_identify(Videos) by extensions ['colcon_pkg']
[2.965s] Level 1:colcon.colcon_core.package_identification:_identify(Videos) by extension 'colcon_pkg'
[2.966s] Level 1:colcon.colcon_core.package_identification:_identify(Videos) by extensions ['colcon_meta']
[2.966s] Level 1:colcon.colcon_core.package_identification:_identify(Videos) by extension 'colcon_meta'
[2.966s] Level 1:colcon.colcon_core.package_identification:_identify(Videos) by extensions ['ros']
[2.966s] Level 1:colcon.colcon_core.package_identification:_identify(Videos) by extension 'ros'
[2.967s] Level 1:colcon.colcon_core.package_identification:_identify(Videos) by extensions ['cmake', 'python']
[2.967s] Level 1:colcon.colcon_core.package_identification:_identify(Videos) by extension 'cmake'
[2.967s] Level 1:colcon.colcon_core.package_identification:_identify(Videos) by extension 'python'
[2.967s] Level 1:colcon.colcon_core.package_identification:_identify(Videos) by extensions ['python_setup_py']
[2.968s] Level 1:colcon.colcon_core.package_identification:_identify(Videos) by extension 'python_setup_py'
[2.968s] Level 1:colcon.colcon_core.package_identification:_identify(build) by extensions ['ignore', 'ignore_ament_install']
[2.969s] Level 1:colcon.colcon_core.package_identification:_identify(build) by extension 'ignore'
[2.969s] Level 1:colcon.colcon_core.package_identification:_identify(build) ignored
[2.971s] Level 1:colcon.colcon_core.package_identification:_identify(debug) by extensions ['ignore', 'ignore_ament_install']
[2.971s] Level 1:colcon.colcon_core.package_identification:_identify(debug) by extension 'ignore'
[2.972s] Level 1:colcon.colcon_core.package_identification:_identify(debug) by extension 'ignore_ament_install'
[2.972s] Level 1:colcon.colcon_core.package_identification:_identify(debug) by extensions ['colcon_pkg']
[2.972s] Level 1:colcon.colcon_core.package_identification:_identify(debug) by extension 'colcon_pkg'
[2.973s] Level 1:colcon.colcon_core.package_identification:_identify(debug) by extensions ['colcon_meta']
[2.974s] Level 1:colcon.colcon_core.package_identification:_identify(debug) by extension 'colcon_meta'
[2.974s] Level 1:colcon.colcon_core.package_identification:_identify(debug) by extensions ['ros']
[2.975s] Level 1:colcon.colcon_core.package_identification:_identify(debug) by extension 'ros'
[2.975s] Level 1:colcon.colcon_core.package_identification:_identify(debug) by extensions ['cmake', 'python']
[2.975s] Level 1:colcon.colcon_core.package_identification:_identify(debug) by extension 'cmake'
[2.976s] Level 1:colcon.colcon_core.package_identification:_identify(debug) by extension 'python'
[2.976s] Level 1:colcon.colcon_core.package_identification:_identify(debug) by extensions ['python_setup_py']
[2.976s] Level 1:colcon.colcon_core.package_identification:_identify(debug) by extension 'python_setup_py'
[2.977s] Level 1:colcon.colcon_core.package_identification:_identify(install) by extensions ['ignore', 'ignore_ament_install']
[2.978s] Level 1:colcon.colcon_core.package_identification:_identify(install) by extension 'ignore'
[2.978s] Level 1:colcon.colcon_core.package_identification:_identify(install) ignored
[2.979s] Level 1:colcon.colcon_core.package_identification:_identify(log) by extensions ['ignore', 'ignore_ament_install']
[2.979s] Level 1:colcon.colcon_core.package_identification:_identify(log) by extension 'ignore'
[2.979s] Level 1:colcon.colcon_core.package_identification:_identify(log) ignored
[2.980s] Level 1:colcon.colcon_core.package_identification:_identify(workplace) by extensions ['ignore', 'ignore_ament_install']
[2.980s] Level 1:colcon.colcon_core.package_identification:_identify(workplace) by extension 'ignore'
[2.980s] Level 1:colcon.colcon_core.package_identification:_identify(workplace) by extension 'ignore_ament_install'
[2.981s] Level 1:colcon.colcon_core.package_identification:_identify(workplace) by extensions ['colcon_pkg']
[2.981s] Level 1:colcon.colcon_core.package_identification:_identify(workplace) by extension 'colcon_pkg'
[2.981s] Level 1:colcon.colcon_core.package_identification:_identify(workplace) by extensions ['colcon_meta']
[2.981s] Level 1:colcon.colcon_core.package_identification:_identify(workplace) by extension 'colcon_meta'
[2.982s] Level 1:colcon.colcon_core.package_identification:_identify(workplace) by extensions ['ros']
[2.982s] Level 1:colcon.colcon_core.package_identification:_identify(workplace) by extension 'ros'
[2.982s] Level 1:colcon.colcon_core.package_identification:_identify(workplace) by extensions ['cmake', 'python']
[2.983s] Level 1:colcon.colcon_core.package_identification:_identify(workplace) by extension 'cmake'
[2.983s] Level 1:colcon.colcon_core.package_identification:_identify(workplace) by extension 'python'
[2.983s] Level 1:colcon.colcon_core.package_identification:_identify(workplace) by extensions ['python_setup_py']
[2.983s] Level 1:colcon.colcon_core.package_identification:_identify(workplace) by extension 'python_setup_py'
[2.984s] Level 1:colcon.colcon_core.package_identification:_identify(workplace/build) by extensions ['ignore', 'ignore_ament_install']
[2.985s] Level 1:colcon.colcon_core.package_identification:_identify(workplace/build) by extension 'ignore'
[2.985s] Level 1:colcon.colcon_core.package_identification:_identify(workplace/build) ignored
[2.985s] Level 1:colcon.colcon_core.package_identification:_identify(workplace/install) by extensions ['ignore', 'ignore_ament_install']
[2.986s] Level 1:colcon.colcon_core.package_identification:_identify(workplace/install) by extension 'ignore'
[2.986s] Level 1:colcon.colcon_core.package_identification:_identify(workplace/install) ignored
[2.988s] Level 1:colcon.colcon_core.package_identification:_identify(workplace/log) by extensions ['ignore', 'ignore_ament_install']
[2.988s] Level 1:colcon.colcon_core.package_identification:_identify(workplace/log) by extension 'ignore'
[2.989s] Level 1:colcon.colcon_core.package_identification:_identify(workplace/log) ignored
[2.989s] Level 1:colcon.colcon_core.package_identification:_identify(workplace/src) by extensions ['ignore', 'ignore_ament_install']
[2.990s] Level 1:colcon.colcon_core.package_identification:_identify(workplace/src) by extension 'ignore'
[2.990s] Level 1:colcon.colcon_core.package_identification:_identify(workplace/src) by extension 'ignore_ament_install'
[2.990s] Level 1:colcon.colcon_core.package_identification:_identify(workplace/src) by extensions ['colcon_pkg']
[2.991s] Level 1:colcon.colcon_core.package_identification:_identify(workplace/src) by extension 'colcon_pkg'
[2.991s] Level 1:colcon.colcon_core.package_identification:_identify(workplace/src) by extensions ['colcon_meta']
[2.991s] Level 1:colcon.colcon_core.package_identification:_identify(workplace/src) by extension 'colcon_meta'
[2.991s] Level 1:colcon.colcon_core.package_identification:_identify(workplace/src) by extensions ['ros']
[2.992s] Level 1:colcon.colcon_core.package_identification:_identify(workplace/src) by extension 'ros'
[2.992s] Level 1:colcon.colcon_core.package_identification:_identify(workplace/src) by extensions ['cmake', 'python']
[2.992s] Level 1:colcon.colcon_core.package_identification:_identify(workplace/src) by extension 'cmake'
[2.993s] Level 1:colcon.colcon_core.package_identification:_identify(workplace/src) by extension 'python'
[2.993s] Level 1:colcon.colcon_core.package_identification:_identify(workplace/src) by extensions ['python_setup_py']
[2.993s] Level 1:colcon.colcon_core.package_identification:_identify(workplace/src) by extension 'python_setup_py'
[2.994s] Level 1:colcon.colcon_core.package_identification:_identify(workplace/src/ai) by extensions ['ignore', 'ignore_ament_install']
[2.994s] Level 1:colcon.colcon_core.package_identification:_identify(workplace/src/ai) by extension 'ignore'
[2.995s] Level 1:colcon.colcon_core.package_identification:_identify(workplace/src/ai) by extension 'ignore_ament_install'
[2.995s] Level 1:colcon.colcon_core.package_identification:_identify(workplace/src/ai) by extensions ['colcon_pkg']
[2.995s] Level 1:colcon.colcon_core.package_identification:_identify(workplace/src/ai) by extension 'colcon_pkg'
[2.995s] Level 1:colcon.colcon_core.package_identification:_identify(workplace/src/ai) by extensions ['colcon_meta']
[2.996s] Level 1:colcon.colcon_core.package_identification:_identify(workplace/src/ai) by extension 'colcon_meta'
[2.996s] Level 1:colcon.colcon_core.package_identification:_identify(workplace/src/ai) by extensions ['ros']
[2.997s] Level 1:colcon.colcon_core.package_identification:_identify(workplace/src/ai) by extension 'ros'
[3.010s] DEBUG:colcon.colcon_core.package_identification:Package 'workplace/src/ai' with type 'ros.ament_python' and name 'ai'
[3.011s] Level 1:colcon.colcon_core.package_identification:_identify(workplace/src/lcm) by extensions ['ignore', 'ignore_ament_install']
[3.012s] Level 1:colcon.colcon_core.package_identification:_identify(workplace/src/lcm) by extension 'ignore'
[3.012s] Level 1:colcon.colcon_core.package_identification:_identify(workplace/src/lcm) by extension 'ignore_ament_install'
[3.013s] Level 1:colcon.colcon_core.package_identification:_identify(workplace/src/lcm) by extensions ['colcon_pkg']
[3.013s] Level 1:colcon.colcon_core.package_identification:_identify(workplace/src/lcm) by extension 'colcon_pkg'
[3.013s] Level 1:colcon.colcon_core.package_identification:_identify(workplace/src/lcm) by extensions ['colcon_meta']
[3.013s] Level 1:colcon.colcon_core.package_identification:_identify(workplace/src/lcm) by extension 'colcon_meta'
[3.014s] Level 1:colcon.colcon_core.package_identification:_identify(workplace/src/lcm) by extensions ['ros']
[3.014s] Level 1:colcon.colcon_core.package_identification:_identify(workplace/src/lcm) by extension 'ros'
[3.019s] DEBUG:colcon.colcon_core.package_identification:Package 'workplace/src/lcm' with type 'ros.ament_python' and name 'lcm'
[3.020s] Level 1:colcon.colcon_core.package_identification:_identify(workplace/src/learning) by extensions ['ignore', 'ignore_ament_install']
[3.020s] Level 1:colcon.colcon_core.package_identification:_identify(workplace/src/learning) by extension 'ignore'
[3.021s] Level 1:colcon.colcon_core.package_identification:_identify(workplace/src/learning) by extension 'ignore_ament_install'
[3.023s] Level 1:colcon.colcon_core.package_identification:_identify(workplace/src/learning) by extensions ['colcon_pkg']
[3.023s] Level 1:colcon.colcon_core.package_identification:_identify(workplace/src/learning) by extension 'colcon_pkg'
[3.023s] Level 1:colcon.colcon_core.package_identification:_identify(workplace/src/learning) by extensions ['colcon_meta']
[3.024s] Level 1:colcon.colcon_core.package_identification:_identify(workplace/src/learning) by extension 'colcon_meta'
[3.024s] Level 1:colcon.colcon_core.package_identification:_identify(workplace/src/learning) by extensions ['ros']
[3.024s] Level 1:colcon.colcon_core.package_identification:_identify(workplace/src/learning) by extension 'ros'
[3.030s] DEBUG:colcon.colcon_core.package_identification:Package 'workplace/src/learning' with type 'ros.ament_python' and name 'learning'
[3.030s] Level 1:colcon.colcon_core.package_discovery:discover_packages(recursive) using defaults
[3.031s] Level 1:colcon.colcon_core.package_discovery:discover_packages(ignore) discover
[3.032s] Level 1:colcon.colcon_core.package_discovery:discover_packages(ignore) using defaults
[3.032s] Level 1:colcon.colcon_core.package_discovery:discover_packages(path) discover
[3.032s] Level 1:colcon.colcon_core.package_discovery:discover_packages(path) using defaults
[3.146s] INFO:colcon.colcon_core.package_selection:Skipping not selected package 'ai' in 'workplace/src/ai'
[3.146s] INFO:colcon.colcon_core.package_selection:Skipping not selected package 'lcm' in 'workplace/src/lcm'
[3.147s] INFO:colcon.colcon_core.package_selection:Skipping not selected package 'lcm' in 'Downloads/lcm'
[3.153s] Level 5:colcon.colcon_core.verb:set package 'learning' build argument 'cmake_args' from command line to 'None'
[3.154s] Level 5:colcon.colcon_core.verb:set package 'learning' build argument 'cmake_target' from command line to 'None'
[3.154s] Level 5:colcon.colcon_core.verb:set package 'learning' build argument 'cmake_target_skip_unavailable' from command line to 'False'
[3.154s] Level 5:colcon.colcon_core.verb:set package 'learning' build argument 'cmake_clean_cache' from command line to 'False'
[3.154s] Level 5:colcon.colcon_core.verb:set package 'learning' build argument 'cmake_clean_first' from command line to 'False'
[3.155s] Level 5:colcon.colcon_core.verb:set package 'learning' build argument 'cmake_force_configure' from command line to 'False'
[3.155s] Level 5:colcon.colcon_core.verb:set package 'learning' build argument 'ament_cmake_args' from command line to 'None'
[3.155s] Level 5:colcon.colcon_core.verb:set package 'learning' build argument 'catkin_cmake_args' from command line to 'None'
[3.155s] Level 5:colcon.colcon_core.verb:set package 'learning' build argument 'catkin_skip_building_tests' from command line to 'False'
[3.156s] DEBUG:colcon.colcon_core.verb:Building package 'learning' with the following arguments: {'ament_cmake_args': None, 'build_base': '/home/mi/build/learning', 'catkin_cmake_args': None, 'catkin_skip_building_tests': False, 'cmake_args': None, 'cmake_clean_cache': False, 'cmake_clean_first': False, 'cmake_force_configure': False, 'cmake_target': None, 'cmake_target_skip_unavailable': False, 'install_base': '/home/mi/install/learning', 'merge_install': False, 'path': '/home/mi/workplace/src/learning', 'symlink_install': False, 'test_result_base': None}
[3.214s] WARNING:colcon.colcon_core.verb:Some selected packages are already built in one or more underlay workspaces:
	'learning' is in: /home/mi/workplace/install/learning, /home/mi/install/learning
If a package in a merged underlay workspace is overridden and it installs headers, then all packages in the overlay must sort their include directories by workspace order. Failure to do so may result in build failures or undefined behavior at run time.
If the overridden package is used by another package in any underlay, then the overriding package in the overlay must be API and ABI compatible or undefined behavior at run time may occur.

If you understand the risks and want to override a package anyways, add the following to the command line:
	--allow-overriding learning

This may be promoted to an error in a future release of colcon-core.
[3.218s] INFO:colcon.colcon_core.executor:Executing jobs using 'parallel' executor
[3.235s] DEBUG:colcon.colcon_parallel_executor.executor.parallel:run_until_complete
[3.236s] INFO:colcon.colcon_ros.task.ament_python.build:Building ROS package in '/home/mi/workplace/src/learning' with build type 'ament_python'
[3.237s] Level 1:colcon.colcon_core.shell:create_environment_hook('learning', 'ament_prefix_path')
[3.263s] INFO:colcon.colcon_core.plugin_system:Skipping extension 'colcon_core.shell.bat': Not used on non-Windows systems
[3.264s] INFO:colcon.colcon_core.shell:Creating environment hook '/home/mi/install/learning/share/learning/hook/ament_prefix_path.ps1'
[3.269s] INFO:colcon.colcon_core.shell:Creating environment descriptor '/home/mi/install/learning/share/learning/hook/ament_prefix_path.dsv'
[3.272s] INFO:colcon.colcon_core.shell:Creating environment hook '/home/mi/install/learning/share/learning/hook/ament_prefix_path.sh'
[3.283s] INFO:colcon.colcon_core.shell:Skip shell extension 'powershell' for command environment: Not usable outside of PowerShell
[3.284s] DEBUG:colcon.colcon_core.shell:Skip shell extension 'dsv' for command environment
[5.183s] INFO:colcon.colcon_core.task.python.build:Building Python package in '/home/mi/workplace/src/learning'
[5.192s] INFO:colcon.colcon_core.shell:Skip shell extension 'powershell' for command environment: Not usable outside of PowerShell
[5.194s] DEBUG:colcon.colcon_core.shell:Skip shell extension 'dsv' for command environment
[7.614s] DEBUG:colcon.colcon_core.event_handler.log_command:Invoking command in '/home/mi/workplace/src/learning': PYTHONPATH=/home/mi/install/learning/lib/python3.6/site-packages:${PYTHONPATH} /usr/bin/python3 setup.py egg_info --egg-base ../../../build/learning build --build-base /home/mi/build/learning/build install --prefix /home/mi/install/learning --record /home/mi/build/learning/install.log --single-version-externally-managed
[9.812s] DEBUG:colcon.colcon_core.event_handler.log_command:Invoked command in '/home/mi/workplace/src/learning' returned '0': PYTHONPATH=/home/mi/install/learning/lib/python3.6/site-packages:${PYTHONPATH} /usr/bin/python3 setup.py egg_info --egg-base ../../../build/learning build --build-base /home/mi/build/learning/build install --prefix /home/mi/install/learning --record /home/mi/build/learning/install.log --single-version-externally-managed
[9.847s] Level 1:colcon.colcon_core.environment:checking '/home/mi/install/learning' for CMake module files
[9.853s] Level 1:colcon.colcon_core.environment:checking '/home/mi/install/learning' for CMake config files
[9.863s] Level 1:colcon.colcon_core.environment:checking '/home/mi/install/learning/lib'
[9.866s] Level 1:colcon.colcon_core.environment:checking '/home/mi/install/learning/bin'
[9.866s] Level 1:colcon.colcon_core.environment:checking '/home/mi/install/learning/lib/pkgconfig/learning.pc'
[9.867s] Level 1:colcon.colcon_core.environment:checking '/home/mi/install/learning/lib/python3.6/site-packages'
[9.867s] Level 1:colcon.colcon_core.shell:create_environment_hook('learning', 'pythonpath')
[9.872s] INFO:colcon.colcon_core.shell:Creating environment hook '/home/mi/install/learning/share/learning/hook/pythonpath.ps1'
[9.875s] INFO:colcon.colcon_core.shell:Creating environment descriptor '/home/mi/install/learning/share/learning/hook/pythonpath.dsv'
[9.879s] INFO:colcon.colcon_core.shell:Creating environment hook '/home/mi/install/learning/share/learning/hook/pythonpath.sh'
[9.882s] Level 1:colcon.colcon_core.environment:create_environment_scripts_only(learning)
[9.887s] INFO:colcon.colcon_core.shell:Creating package script '/home/mi/install/learning/share/learning/package.ps1'
[9.893s] INFO:colcon.colcon_core.shell:Creating package descriptor '/home/mi/install/learning/share/learning/package.dsv'
[9.897s] INFO:colcon.colcon_core.shell:Creating package script '/home/mi/install/learning/share/learning/package.sh'
[9.903s] INFO:colcon.colcon_core.shell:Creating package script '/home/mi/install/learning/share/learning/package.bash'
[9.908s] INFO:colcon.colcon_core.shell:Creating package script '/home/mi/install/learning/share/learning/package.zsh'
[9.915s] Level 1:colcon.colcon_core.environment:create_file_with_runtime_dependencies(/home/mi/install/learning/share/colcon-core/packages/learning)
[9.920s] DEBUG:colcon.colcon_parallel_executor.executor.parallel:closing loop
[9.924s] DEBUG:colcon.colcon_parallel_executor.executor.parallel:loop closed
[9.924s] DEBUG:colcon.colcon_parallel_executor.executor.parallel:run_until_complete finished with '0'
[9.924s] DEBUG:colcon.colcon_core.event_reactor:joining thread
[9.966s] INFO:colcon.colcon_core.plugin_system:Skipping extension 'colcon_notification.desktop_notification.terminal_notifier': Not used on non-Darwin systems
[9.966s] INFO:colcon.colcon_core.plugin_system:Skipping extension 'colcon_notification.desktop_notification.win32': Not used on non-Windows systems
[9.967s] INFO:colcon.colcon_notification.desktop_notification:Sending desktop notification using 'notify2'
[10.048s] DEBUG:colcon.colcon_core.event_reactor:joined thread
[10.057s] INFO:colcon.colcon_core.shell:Creating prefix script '/home/mi/install/local_setup.ps1'
[10.067s] INFO:colcon.colcon_core.shell:Creating prefix util module '/home/mi/install/_local_setup_util_ps1.py'
[10.084s] INFO:colcon.colcon_core.shell:Creating prefix chain script '/home/mi/install/setup.ps1'
[10.094s] INFO:colcon.colcon_core.shell:Creating prefix script '/home/mi/install/local_setup.sh'
[10.098s] INFO:colcon.colcon_core.shell:Creating prefix util module '/home/mi/install/_local_setup_util_sh.py'
[10.108s] INFO:colcon.colcon_core.shell:Creating prefix chain script '/home/mi/install/setup.sh'
[10.117s] INFO:colcon.colcon_core.shell:Creating prefix script '/home/mi/install/local_setup.bash'
[10.120s] INFO:colcon.colcon_core.shell:Creating prefix chain script '/home/mi/install/setup.bash'
[10.129s] INFO:colcon.colcon_core.shell:Creating prefix script '/home/mi/install/local_setup.zsh'
[10.132s] INFO:colcon.colcon_core.shell:Creating prefix chain script '/home/mi/install/setup.zsh'
