2024-05-02 15:48:45.815 [info] 日志级别: Info
2024-05-02 15:48:45.815 [info] 正在验证在以下位置找到的 git: "git"
2024-05-02 15:48:45.815 [info] 将使用位于 "2.17.1" 的 Git "git"
2024-05-02 15:48:45.815 [info] > git rev-parse --show-toplevel [68ms]
2024-05-02 15:48:45.815 [info] fatal: not a git repository (or any of the parent directories): .git
2024-05-02 15:48:45.815 [info] > git rev-parse --show-toplevel [420ms]
2024-05-02 15:48:45.815 [info] fatal: not a git repository (or any of the parent directories): .git
2024-05-02 15:48:45.854 [info] > git rev-parse --show-toplevel [7ms]
2024-05-02 15:48:45.854 [info] fatal: not a git repository (or any of the parent directories): .git
2024-05-02 15:48:45.890 [info] > git rev-parse --show-toplevel [5ms]
2024-05-02 15:48:45.890 [info] fatal: not a git repository (or any of the parent directories): .git
2024-05-02 15:48:45.914 [info] > git rev-parse --show-toplevel [8ms]
2024-05-02 15:48:45.914 [info] fatal: not a git repository (or any of the parent directories): .git
2024-05-02 15:48:45.941 [info] > git rev-parse --show-toplevel [9ms]
2024-05-02 15:48:45.941 [info] fatal: not a git repository (or any of the parent directories): .git
2024-05-02 15:48:45.967 [info] > git rev-parse --show-toplevel [5ms]
2024-05-02 15:48:45.968 [info] fatal: not a git repository (or any of the parent directories): .git
2024-05-02 15:48:45.994 [info] > git rev-parse --show-toplevel [9ms]
2024-05-02 15:48:45.995 [info] fatal: not a git repository (or any of the parent directories): .git
2024-05-02 15:48:46.026 [info] > git rev-parse --show-toplevel [13ms]
2024-05-02 15:48:46.027 [info] fatal: not a git repository (or any of the parent directories): .git
2024-05-02 15:48:46.053 [info] > git rev-parse --show-toplevel [9ms]
2024-05-02 15:48:46.053 [info] fatal: not a git repository (or any of the parent directories): .git
2024-05-02 15:48:46.082 [info] > git rev-parse --show-toplevel [9ms]
2024-05-02 15:48:46.082 [info] fatal: not a git repository (or any of the parent directories): .git
2024-05-02 15:48:46.116 [info] > git rev-parse --show-toplevel [14ms]
2024-05-02 15:48:46.119 [info] fatal: not a git repository (or any of the parent directories): .git
2024-05-02 15:48:46.170 [info] > git rev-parse --show-toplevel [10ms]
2024-05-02 15:48:46.171 [info] fatal: not a git repository (or any of the parent directories): .git
2024-05-02 15:48:46.200 [info] > git rev-parse --show-toplevel [16ms]
2024-05-02 15:48:46.200 [info] fatal: not a git repository (or any of the parent directories): .git
2024-05-02 15:48:46.228 [info] > git rev-parse --show-toplevel [7ms]
2024-05-02 15:48:46.228 [info] fatal: not a git repository (or any of the parent directories): .git
2024-05-02 15:48:46.254 [info] > git rev-parse --show-toplevel [8ms]
2024-05-02 15:48:46.254 [info] fatal: not a git repository (or any of the parent directories): .git
2024-05-02 15:48:46.301 [info] > git rev-parse --show-toplevel [18ms]
2024-05-02 15:48:46.302 [info] fatal: not a git repository (or any of the parent directories): .git
2024-05-02 15:48:46.325 [info] > git rev-parse --show-toplevel [4ms]
2024-05-02 15:48:46.326 [info] fatal: not a git repository (or any of the parent directories): .git
2024-05-02 15:48:46.350 [info] > git rev-parse --show-toplevel [6ms]
2024-05-02 15:48:46.350 [info] fatal: not a git repository (or any of the parent directories): .git
2024-05-02 15:48:46.386 [info] > git rev-parse --show-toplevel [9ms]
2024-05-02 15:48:46.387 [info] fatal: not a git repository (or any of the parent directories): .git
2024-05-02 15:48:46.411 [info] > git rev-parse --show-toplevel [7ms]
2024-05-02 15:48:46.412 [info] fatal: not a git repository (or any of the parent directories): .git
2024-05-02 15:48:46.435 [info] > git rev-parse --show-toplevel [5ms]
2024-05-02 15:48:46.435 [info] fatal: not a git repository (or any of the parent directories): .git
2024-05-02 15:48:46.458 [info] > git rev-parse --show-toplevel [8ms]
2024-05-02 15:48:46.459 [info] fatal: not a git repository (or any of the parent directories): .git
2024-05-02 15:48:46.598 [info] > git rev-parse --show-toplevel [14ms]
2024-05-02 15:48:46.600 [info] fatal: not a git repository (or any of the parent directories): .git
2024-05-02 15:48:46.635 [info] > git rev-parse --show-toplevel [13ms]
2024-05-02 15:48:46.635 [info] fatal: not a git repository (or any of the parent directories): .git
2024-05-02 15:48:46.682 [info] > git rev-parse --show-toplevel [9ms]
2024-05-02 15:48:46.682 [info] fatal: not a git repository (or any of the parent directories): .git
2024-05-02 15:48:46.707 [info] > git rev-parse --show-toplevel [11ms]
2024-05-02 15:48:46.707 [info] fatal: not a git repository (or any of the parent directories): .git
2024-05-02 15:48:46.742 [info] > git rev-parse --show-toplevel [8ms]
2024-05-02 15:48:46.742 [info] fatal: not a git repository (or any of the parent directories): .git
2024-05-02 15:49:02.203 [info] > git rev-parse --show-toplevel [4ms]
2024-05-02 15:49:02.203 [info] fatal: not a git repository (or any of the parent directories): .git
2024-05-02 15:50:56.963 [info] > git rev-parse --show-toplevel [9ms]
2024-05-02 15:50:56.964 [info] fatal: not a git repository (or any of the parent directories): .git
2024-05-02 15:51:53.357 [info] > git rev-parse --show-toplevel [4ms]
2024-05-02 15:51:53.357 [info] fatal: not a git repository (or any of the parent directories): .git
2024-05-02 15:52:01.802 [info] > git rev-parse --show-toplevel [13ms]
2024-05-02 15:52:01.802 [info] fatal: not a git repository (or any of the parent directories): .git
2024-05-02 15:52:04.284 [info] > git rev-parse --show-toplevel [3ms]
2024-05-02 15:52:04.285 [info] fatal: not a git repository (or any of the parent directories): .git
2024-05-02 15:52:15.710 [info] > git rev-parse --show-toplevel [7ms]
2024-05-02 15:52:15.710 [info] fatal: not a git repository (or any of the parent directories): .git
2024-05-02 15:53:09.106 [info] > git rev-parse --show-toplevel [3ms]
2024-05-02 15:53:09.106 [info] fatal: not a git repository (or any of the parent directories): .git
2024-05-02 15:53:09.956 [info] > git rev-parse --show-toplevel [9ms]
2024-05-02 15:53:09.956 [info] fatal: not a git repository (or any of the parent directories): .git
2024-05-02 15:53:10.993 [info] > git rev-parse --show-toplevel [3ms]
2024-05-02 15:53:10.993 [info] fatal: not a git repository (or any of the parent directories): .git
2024-05-02 15:53:13.099 [info] > git rev-parse --show-toplevel [4ms]
2024-05-02 15:53:13.100 [info] fatal: not a git repository (or any of the parent directories): .git
2024-05-02 15:53:45.678 [info] > git rev-parse --show-toplevel [95ms]
2024-05-02 15:53:45.678 [info] fatal: not a git repository (or any of the parent directories): .git
2024-05-02 15:53:45.698 [info] > git rev-parse --show-toplevel [6ms]
2024-05-02 15:53:45.698 [info] fatal: not a git repository (or any of the parent directories): .git
2024-05-02 15:54:35.448 [info] > git rev-parse --show-toplevel [7ms]
2024-05-02 15:54:35.448 [info] fatal: not a git repository (or any of the parent directories): .git
2024-05-02 15:55:56.220 [info] > git rev-parse --show-toplevel [5ms]
2024-05-02 15:55:56.220 [info] fatal: not a git repository (or any of the parent directories): .git
2024-05-02 15:56:17.840 [info] > git rev-parse --show-toplevel [21ms]
2024-05-02 15:56:17.841 [info] fatal: not a git repository (or any of the parent directories): .git
2024-05-02 15:56:18.634 [info] > git rev-parse --show-toplevel [158ms]
2024-05-02 15:56:18.634 [info] fatal: not a git repository (or any of the parent directories): .git
2024-05-02 15:56:20.119 [info] > git rev-parse --show-toplevel [4ms]
2024-05-02 15:56:20.119 [info] fatal: not a git repository (or any of the parent directories): .git
2024-05-02 15:56:46.741 [info] > git rev-parse --show-toplevel [4ms]
2024-05-02 15:56:46.742 [info] fatal: not a git repository (or any of the parent directories): .git
2024-05-02 15:57:13.973 [info] > git rev-parse --show-toplevel [4ms]
2024-05-02 15:57:13.973 [info] fatal: not a git repository (or any of the parent directories): .git
2024-05-02 15:57:21.003 [info] > git rev-parse --show-toplevel [7ms]
2024-05-02 15:57:21.009 [info] fatal: not a git repository (or any of the parent directories): .git
2024-05-02 15:58:30.853 [info] > git rev-parse --show-toplevel [3ms]
2024-05-02 15:58:30.854 [info] fatal: not a git repository (or any of the parent directories): .git
2024-05-02 15:58:46.884 [info] > git rev-parse --show-toplevel [7ms]
2024-05-02 15:58:46.885 [info] fatal: not a git repository (or any of the parent directories): .git
2024-05-02 15:58:52.584 [info] > git rev-parse --show-toplevel [8ms]
2024-05-02 15:58:52.585 [info] fatal: not a git repository (or any of the parent directories): .git
2024-05-02 15:58:53.767 [info] > git rev-parse --show-toplevel [15ms]
2024-05-02 15:58:53.767 [info] fatal: not a git repository (or any of the parent directories): .git
2024-05-02 15:59:11.435 [info] > git rev-parse --show-toplevel [16ms]
2024-05-02 15:59:11.435 [info] fatal: not a git repository (or any of the parent directories): .git
2024-05-02 15:59:38.438 [info] > git rev-parse --show-toplevel [8ms]
2024-05-02 15:59:38.438 [info] fatal: not a git repository (or any of the parent directories): .git
2024-05-02 16:00:02.481 [info] > git rev-parse --show-toplevel [5ms]
2024-05-02 16:00:02.481 [info] fatal: not a git repository (or any of the parent directories): .git
2024-05-02 16:00:04.290 [info] > git rev-parse --show-toplevel [5ms]
2024-05-02 16:00:04.294 [info] fatal: not a git repository (or any of the parent directories): .git
2024-05-02 16:00:56.871 [info] > git rev-parse --show-toplevel [5ms]
2024-05-02 16:00:56.871 [info] fatal: not a git repository (or any of the parent directories): .git
2024-05-02 16:01:50.495 [info] > git rev-parse --show-toplevel [16ms]
2024-05-02 16:01:50.495 [info] fatal: not a git repository (or any of the parent directories): .git
2024-05-02 16:02:04.552 [info] > git rev-parse --show-toplevel [6ms]
2024-05-02 16:02:04.552 [info] fatal: not a git repository (or any of the parent directories): .git
2024-05-02 16:02:28.016 [info] > git rev-parse --show-toplevel [9ms]
2024-05-02 16:02:28.017 [info] fatal: not a git repository (or any of the parent directories): .git
2024-05-02 16:03:01.354 [info] > git rev-parse --show-toplevel [4ms]
2024-05-02 16:03:01.355 [info] fatal: not a git repository (or any of the parent directories): .git
2024-05-02 16:03:05.330 [info] > git rev-parse --show-toplevel [5ms]
2024-05-02 16:03:05.331 [info] fatal: not a git repository (or any of the parent directories): .git
