2024-05-11 21:50:46.697 [info] Log level: Info
2024-05-11 21:50:46.697 [info] Validating found git in: "git"
2024-05-11 21:50:46.697 [info] Using git "2.17.1" from "git"
2024-05-11 21:50:46.697 [info] > git rev-parse --show-toplevel [1263ms]
2024-05-11 21:50:46.697 [info] > git rev-parse --git-dir --git-common-dir [30ms]
2024-05-11 21:50:46.697 [info] Open repository: /home/mi
2024-05-11 21:50:46.791 [info] > git rev-parse --show-toplevel [58ms]
2024-05-11 21:50:46.797 [info] > git config --get commit.template [77ms]
2024-05-11 21:50:46.845 [info] > git rev-parse --show-toplevel [29ms]
2024-05-11 21:50:48.281 [info] > git for-each-ref --format=%(refname)%00%(upstream:short)%00%(objectname)%00%(upstream:track)%00%(upstream:remotename)%00%(upstream:remoteref) refs/heads/main refs/remotes/main [1443ms]
2024-05-11 21:50:48.320 [info] > git rev-parse --show-toplevel [1441ms]
2024-05-11 21:50:48.411 [info] > git check-ignore -v -z --stdin [107ms]
2024-05-11 21:50:48.431 [info] > git rev-parse --show-toplevel [90ms]
2024-05-11 21:50:48.710 [info] > git rev-parse --show-toplevel [241ms]
2024-05-11 21:50:48.847 [info] > git rev-parse --show-toplevel [79ms]
2024-05-11 21:50:49.064 [info] > git rev-parse --show-toplevel [197ms]
2024-05-11 21:50:50.011 [info] > git rev-parse --show-toplevel [257ms]
2024-05-11 21:50:50.080 [info] > git status -z -uall [1708ms]
2024-05-11 21:50:50.082 [info] > git rev-parse --show-toplevel [49ms]
2024-05-11 21:50:55.613 [info] > git merge-base refs/heads/main refs/remotes/origin/main [4818ms]
2024-05-11 21:50:55.642 [info] > git rev-parse --show-toplevel [5463ms]
2024-05-11 21:50:55.776 [info] > git config --get commit.template [295ms]
2024-05-11 21:50:55.846 [info] > git rev-parse --show-toplevel [152ms]
2024-05-11 21:50:55.847 [info] > git rev-list --count --left-right refs/heads/main...refs/remotes/origin/main [209ms]
2024-05-11 21:50:55.969 [info] > git rev-parse --show-toplevel [43ms]
2024-05-11 21:50:55.970 [info] > git for-each-ref --format=%(refname)%00%(upstream:short)%00%(objectname)%00%(upstream:track)%00%(upstream:remotename)%00%(upstream:remoteref) refs/heads/main refs/remotes/main [68ms]
2024-05-11 21:50:55.972 [info] > git diff --name-status -z --diff-filter=ADMR 0c18e4dc8c3fd7cf8af4392e06f85ad5b80f72d0...refs/remotes/origin/main [93ms]
2024-05-11 21:50:56.394 [info] > git rev-parse --show-toplevel [75ms]
2024-05-11 21:50:56.451 [info] > git rev-parse --show-toplevel [16ms]
2024-05-11 21:50:56.482 [info] > git rev-parse --show-toplevel [5ms]
2024-05-11 21:50:56.510 [info] > git rev-parse --show-toplevel [4ms]
2024-05-11 21:50:56.582 [info] > git rev-parse --show-toplevel [49ms]
2024-05-11 21:50:56.626 [info] > git rev-parse --show-toplevel [21ms]
2024-05-11 21:50:56.667 [info] > git rev-parse --show-toplevel [7ms]
2024-05-11 21:50:56.713 [info] > git rev-parse --show-toplevel [17ms]
2024-05-11 21:50:56.768 [info] > git rev-parse --show-toplevel [19ms]
2024-05-11 21:50:56.809 [info] > git rev-parse --show-toplevel [20ms]
2024-05-11 21:50:56.844 [info] > git status -z -uall [429ms]
2024-05-11 21:50:56.846 [info] > git rev-parse --show-toplevel [13ms]
2024-05-11 21:51:01.977 [info] > git rev-parse --show-toplevel [5107ms]
2024-05-11 21:51:02.013 [info] > git rev-parse --show-toplevel [10ms]
2024-05-11 21:51:02.318 [info] > git rev-parse --show-toplevel [9ms]
2024-05-11 21:51:02.352 [info] > git rev-parse --show-toplevel [8ms]
2024-05-11 21:51:02.389 [info] > git rev-parse --show-toplevel [5ms]
2024-05-11 21:51:02.421 [info] > git rev-parse --show-toplevel [6ms]
2024-05-11 21:51:02.456 [info] > git rev-parse --show-toplevel [3ms]
2024-05-11 21:51:52.483 [info] > git check-ignore -v -z --stdin [35ms]
2024-05-11 21:52:01.081 [info] > git check-ignore -v -z --stdin [478ms]
2024-05-11 21:52:01.091 [info] > git config --get commit.template [45ms]
2024-05-11 21:52:03.413 [info] > git show --textconv :workplace/src/learning/learning/sensor_node.py [2276ms]
2024-05-11 21:52:03.497 [info] > git for-each-ref --format=%(refname)%00%(upstream:short)%00%(objectname)%00%(upstream:track)%00%(upstream:remotename)%00%(upstream:remoteref) refs/heads/main refs/remotes/main [2288ms]
2024-05-11 21:52:03.499 [info] > git ls-files --stage -- /home/mi/workplace/src/learning/learning/sensor_node.py [2332ms]
2024-05-11 21:52:03.735 [info] > git cat-file -s 02e72f4508c47356d43f9e6cc1e0c779b5d2af62 [211ms]
2024-05-11 21:52:03.739 [info] > git for-each-ref --sort -committerdate --format %(refname) %(objectname) %(*objectname) [260ms]
2024-05-11 21:52:04.859 [info] > git status -z -uall [1056ms]
2024-05-11 21:52:13.330 [info] > git checkout -q -b dev --no-track HEAD [803ms]
2024-05-11 21:52:13.419 [info] > git config --get commit.template [34ms]
2024-05-11 21:52:13.502 [info] > git for-each-ref --format=%(refname)%00%(upstream:short)%00%(objectname)%00%(upstream:track)%00%(upstream:remotename)%00%(upstream:remoteref) refs/heads/dev refs/remotes/dev [32ms]
2024-05-11 21:52:14.024 [info] > git status -z -uall [496ms]
2024-05-11 21:52:19.979 [info] > git config --get commit.template [62ms]
2024-05-11 21:52:20.213 [info] > git for-each-ref --format=%(refname)%00%(upstream:short)%00%(objectname)%00%(upstream:track)%00%(upstream:remotename)%00%(upstream:remoteref) refs/heads/dev refs/remotes/dev [157ms]
2024-05-11 21:52:20.278 [info] > git ls-files --stage -- /home/mi/workplace/src/learning/learning/sensor_node.py [114ms]
2024-05-11 21:52:20.359 [info] > git cat-file -s 02e72f4508c47356d43f9e6cc1e0c779b5d2af62 [27ms]
2024-05-11 21:52:20.491 [info] > git show --textconv :workplace/src/learning/learning/sensor_node.py [40ms]
2024-05-11 21:52:21.017 [info] > git status -z -uall [769ms]
2024-05-11 21:52:27.822 [info] > git config --get commit.template [60ms]
2024-05-11 21:52:27.828 [info] > git for-each-ref --format=%(refname)%00%(upstream:short)%00%(objectname)%00%(upstream:track)%00%(upstream:remotename)%00%(upstream:remoteref) refs/heads/dev refs/remotes/dev [11ms]
2024-05-11 21:52:28.394 [info] > git status -z -uall [530ms]
2024-05-11 21:53:23.230 [info] > git config --get commit.template [4ms]
2024-05-11 21:53:23.267 [info] > git for-each-ref --format=%(refname)%00%(upstream:short)%00%(objectname)%00%(upstream:track)%00%(upstream:remotename)%00%(upstream:remoteref) refs/heads/dev refs/remotes/dev [6ms]
2024-05-11 21:53:23.625 [info] > git status -z -uall [328ms]
2024-05-11 21:53:27.895 [info] > git check-ignore -v -z --stdin [15ms]
2024-05-11 21:53:35.544 [info] > git config --get commit.template [8ms]
2024-05-11 21:53:35.579 [info] > git for-each-ref --format=%(refname)%00%(upstream:short)%00%(objectname)%00%(upstream:track)%00%(upstream:remotename)%00%(upstream:remoteref) refs/heads/dev refs/remotes/dev [6ms]
2024-05-11 21:53:35.928 [info] > git status -z -uall [321ms]
2024-05-11 21:53:40.129 [info] > git check-ignore -v -z --stdin [26ms]
2024-05-11 21:53:41.430 [info] > git config --get commit.template [3ms]
2024-05-11 21:53:41.466 [info] > git for-each-ref --format=%(refname)%00%(upstream:short)%00%(objectname)%00%(upstream:track)%00%(upstream:remotename)%00%(upstream:remoteref) refs/heads/dev refs/remotes/dev [5ms]
2024-05-11 21:53:41.788 [info] > git status -z -uall [293ms]
2024-05-11 21:53:45.972 [info] > git show --textconv :workplace/src/learning/learning/get_loc.py [39ms]
2024-05-11 21:53:45.978 [info] > git ls-files --stage -- /home/mi/workplace/src/learning/learning/get_loc.py [14ms]
2024-05-11 21:53:46.156 [info] > git check-ignore -v -z --stdin [15ms]
2024-05-11 21:53:47.294 [info] > git config --get commit.template [43ms]
2024-05-11 21:53:47.305 [info] > git for-each-ref --format=%(refname)%00%(upstream:short)%00%(objectname)%00%(upstream:track)%00%(upstream:remotename)%00%(upstream:remoteref) refs/heads/dev refs/remotes/dev [14ms]
2024-05-11 21:53:47.689 [info] > git status -z -uall [348ms]
2024-05-11 21:53:53.155 [info] > git config --get commit.template [7ms]
2024-05-11 21:53:53.195 [info] > git for-each-ref --format=%(refname)%00%(upstream:short)%00%(objectname)%00%(upstream:track)%00%(upstream:remotename)%00%(upstream:remoteref) refs/heads/dev refs/remotes/dev [9ms]
2024-05-11 21:53:53.585 [info] > git status -z -uall [360ms]
2024-05-11 21:54:14.084 [info] > git show --textconv :workplace/src/learning/learning/rgb_cam_suber.py [40ms]
2024-05-11 21:54:14.095 [info] > git ls-files --stage -- /home/mi/workplace/src/learning/learning/rgb_cam_suber.py [20ms]
2024-05-11 21:54:14.140 [info] > git cat-file -s 3e0ff7b208544c4d0f41fce9b6bf39ae1679ec55 [11ms]
2024-05-11 21:54:54.540 [info] > git show --textconv :workplace/src/learning/learning/rotate.py [71ms]
2024-05-11 21:54:54.589 [info] > git ls-files --stage -- /home/mi/workplace/src/learning/learning/rotate.py [61ms]
2024-05-11 21:54:54.646 [info] > git cat-file -s e7b2e332236f0974352ac45addea76ecfbd536d5 [12ms]
2024-05-11 21:55:26.517 [info] > git show --textconv :workplace/src/learning/learning/rotate_to_line.py [30ms]
2024-05-11 21:55:26.531 [info] > git ls-files --stage -- /home/mi/workplace/src/learning/learning/rotate_to_line.py [18ms]
2024-05-11 21:55:26.742 [info] > git check-ignore -v -z --stdin [14ms]
2024-05-11 21:57:39.521 [info] > git show --textconv :workplace/src/learning/learning/stop_node.py [27ms]
2024-05-11 21:57:39.532 [info] > git ls-files --stage -- /home/mi/workplace/src/learning/learning/stop_node.py [14ms]
2024-05-11 21:57:39.723 [info] > git check-ignore -v -z --stdin [14ms]
2024-05-11 21:58:27.383 [info] > git show --textconv :workplace/src/learning/learning/geometry.py [26ms]
2024-05-11 21:58:27.395 [info] > git ls-files --stage -- /home/mi/workplace/src/learning/learning/geometry.py [14ms]
2024-05-11 21:58:27.604 [info] > git check-ignore -v -z --stdin [17ms]
2024-05-11 21:58:35.299 [info] > git show --textconv :workplace/src/learning/learning/rotate_to_line.py [63ms]
2024-05-11 21:58:35.310 [info] > git ls-files --stage -- /home/mi/workplace/src/learning/learning/rotate_to_line.py [37ms]
2024-05-11 21:59:13.412 [info] > git show --textconv :workplace/src/learning/learning/main_node.py [40ms]
2024-05-11 21:59:13.421 [info] > git ls-files --stage -- /home/mi/workplace/src/learning/learning/main_node.py [17ms]
2024-05-11 21:59:13.453 [info] > git cat-file -s 51799abc4a9a635daef6244f4f8fdc9eb68f4443 [8ms]
2024-05-11 22:01:21.941 [info] > git show --textconv :workplace/src/learning/learning/get_loc.py [49ms]
2024-05-11 22:01:21.949 [info] > git ls-files --stage -- /home/mi/workplace/src/learning/learning/get_loc.py [17ms]
2024-05-11 22:03:37.231 [info] > git show --textconv :workplace/src/learning/learning/main_node.py [48ms]
2024-05-11 22:03:37.243 [info] > git ls-files --stage -- /home/mi/workplace/src/learning/learning/main_node.py [26ms]
2024-05-11 22:03:37.288 [info] > git cat-file -s 51799abc4a9a635daef6244f4f8fdc9eb68f4443 [12ms]
2024-05-11 22:04:07.162 [info] > git config --get commit.template [52ms]
2024-05-11 22:04:07.213 [info] > git for-each-ref --format=%(refname)%00%(upstream:short)%00%(objectname)%00%(upstream:track)%00%(upstream:remotename)%00%(upstream:remoteref) refs/heads/dev refs/remotes/dev [16ms]
2024-05-11 22:04:08.000 [info] > git status -z -uall [750ms]
2024-05-11 22:04:41.777 [info] > git config --get commit.template [86ms]
2024-05-11 22:04:41.832 [info] > git for-each-ref --format=%(refname)%00%(upstream:short)%00%(objectname)%00%(upstream:track)%00%(upstream:remotename)%00%(upstream:remoteref) refs/heads/dev refs/remotes/dev [14ms]
2024-05-11 22:04:42.659 [info] > git status -z -uall [794ms]
2024-05-11 22:04:48.421 [info] > git show --textconv :workplace/src/learning/learning/get_loc.py [53ms]
2024-05-11 22:04:48.429 [info] > git ls-files --stage -- /home/mi/workplace/src/learning/learning/get_loc.py [23ms]
2024-05-11 22:04:55.599 [info] > git show --textconv :workplace/src/learning/learning/main_node.py [47ms]
2024-05-11 22:04:55.611 [info] > git ls-files --stage -- /home/mi/workplace/src/learning/learning/main_node.py [21ms]
2024-05-11 22:04:55.651 [info] > git cat-file -s 51799abc4a9a635daef6244f4f8fdc9eb68f4443 [6ms]
2024-05-11 22:05:10.081 [info] > git show --textconv :workplace/src/learning/learning/stand.py [41ms]
2024-05-11 22:05:10.092 [info] > git ls-files --stage -- /home/mi/workplace/src/learning/learning/stand.py [15ms]
2024-05-11 22:05:10.130 [info] > git cat-file -s 41c5054b09baa67aa9903831f3021dd47e8bdccc [5ms]
2024-05-11 22:05:16.652 [info] > git show --textconv :workplace/src/learning/learning/main_node.py [50ms]
2024-05-11 22:05:16.661 [info] > git ls-files --stage -- /home/mi/workplace/src/learning/learning/main_node.py [22ms]
2024-05-11 22:05:16.703 [info] > git cat-file -s 51799abc4a9a635daef6244f4f8fdc9eb68f4443 [9ms]
2024-05-11 22:05:33.188 [info] > git config --get commit.template [60ms]
2024-05-11 22:05:33.194 [info] > git for-each-ref --format=%(refname)%00%(upstream:short)%00%(objectname)%00%(upstream:track)%00%(upstream:remotename)%00%(upstream:remoteref) refs/heads/dev refs/remotes/dev [16ms]
2024-05-11 22:05:33.539 [info] > git status -z -uall [311ms]
2024-05-11 22:05:37.258 [info] > git show --textconv :workplace/src/learning/learning/get_loc.py [43ms]
2024-05-11 22:05:37.267 [info] > git ls-files --stage -- /home/mi/workplace/src/learning/learning/get_loc.py [16ms]
2024-05-11 22:05:45.344 [info] > git show --textconv :workplace/src/learning/learning/main_node.py [50ms]
2024-05-11 22:05:45.350 [info] > git ls-files --stage -- /home/mi/workplace/src/learning/learning/main_node.py [17ms]
2024-05-11 22:05:45.398 [info] > git cat-file -s 51799abc4a9a635daef6244f4f8fdc9eb68f4443 [9ms]
2024-05-11 22:06:03.752 [info] > git show --textconv :workplace/src/learning/learning/get_loc.py [57ms]
2024-05-11 22:06:03.758 [info] > git ls-files --stage -- /home/mi/workplace/src/learning/learning/get_loc.py [24ms]
2024-05-11 22:06:13.800 [info] > git show --textconv :workplace/src/learning/learning/main_node.py [109ms]
2024-05-11 22:06:13.807 [info] > git ls-files --stage -- /home/mi/workplace/src/learning/learning/main_node.py [74ms]
2024-05-11 22:06:13.852 [info] > git cat-file -s 51799abc4a9a635daef6244f4f8fdc9eb68f4443 [11ms]
2024-05-11 22:06:29.644 [info] > git show --textconv :workplace/src/learning/learning/get_loc.py [47ms]
2024-05-11 22:06:29.658 [info] > git ls-files --stage -- /home/mi/workplace/src/learning/learning/get_loc.py [24ms]
2024-05-11 22:06:32.896 [info] > git show --textconv :workplace/src/learning/learning/main_node.py [53ms]
2024-05-11 22:06:32.903 [info] > git ls-files --stage -- /home/mi/workplace/src/learning/learning/main_node.py [18ms]
2024-05-11 22:06:32.947 [info] > git cat-file -s 51799abc4a9a635daef6244f4f8fdc9eb68f4443 [9ms]
2024-05-11 22:06:44.121 [info] > git show --textconv :workplace/src/learning/setup.py [64ms]
2024-05-11 22:06:44.130 [info] > git ls-files --stage -- /home/mi/workplace/src/learning/setup.py [18ms]
2024-05-11 22:06:44.172 [info] > git cat-file -s 2064cf4f9a1bcc987c076d555df4f3e78eeea6af [7ms]
2024-05-11 22:06:48.947 [info] > git config --get commit.template [8ms]
2024-05-11 22:06:49.000 [info] > git for-each-ref --format=%(refname)%00%(upstream:short)%00%(objectname)%00%(upstream:track)%00%(upstream:remotename)%00%(upstream:remoteref) refs/heads/dev refs/remotes/dev [9ms]
2024-05-11 22:06:49.513 [info] > git status -z -uall [473ms]
2024-05-11 22:07:05.693 [info] > git config --get commit.template [10ms]
2024-05-11 22:07:05.741 [info] > git for-each-ref --format=%(refname)%00%(upstream:short)%00%(objectname)%00%(upstream:track)%00%(upstream:remotename)%00%(upstream:remoteref) refs/heads/dev refs/remotes/dev [8ms]
2024-05-11 22:07:06.367 [info] > git status -z -uall [589ms]
2024-05-11 22:07:39.629 [info] > git check-ignore -v -z --stdin [26ms]
2024-05-11 22:07:40.143 [info] > git show --textconv :workplace/src/learning/learning/main_node.py [46ms]
2024-05-11 22:07:40.149 [info] > git ls-files --stage -- /home/mi/workplace/src/learning/learning/main_node.py [16ms]
2024-05-11 22:07:40.195 [info] > git cat-file -s 51799abc4a9a635daef6244f4f8fdc9eb68f4443 [10ms]
2024-05-11 22:07:41.385 [info] > git show --textconv :workplace/src/learning/learning/rotate_to_line.py [50ms]
2024-05-11 22:07:41.390 [info] > git ls-files --stage -- /home/mi/workplace/src/learning/learning/rotate_to_line.py [14ms]
2024-05-11 22:07:42.206 [info] > git show --textconv :workplace/src/learning/learning/rgb_cam_suber.py [46ms]
2024-05-11 22:07:42.227 [info] > git ls-files --stage -- /home/mi/workplace/src/learning/learning/rgb_cam_suber.py [29ms]
2024-05-11 22:07:42.275 [info] > git cat-file -s 3e0ff7b208544c4d0f41fce9b6bf39ae1679ec55 [10ms]
2024-05-11 22:07:42.892 [info] > git show --textconv :workplace/src/learning/learning/get_loc.py [51ms]
2024-05-11 22:07:42.896 [info] > git ls-files --stage -- /home/mi/workplace/src/learning/learning/get_loc.py [18ms]
2024-05-11 22:07:43.720 [info] > git show --textconv :workplace/src/learning/setup.py [44ms]
2024-05-11 22:07:43.732 [info] > git ls-files --stage -- /home/mi/workplace/src/learning/setup.py [20ms]
2024-05-11 22:07:43.776 [info] > git cat-file -s 2064cf4f9a1bcc987c076d555df4f3e78eeea6af [8ms]
2024-05-11 22:07:44.809 [info] > git show --textconv :workplace/src/learning/learning/geometry.py [87ms]
2024-05-11 22:07:44.826 [info] > git ls-files --stage -- /home/mi/workplace/src/learning/learning/geometry.py [66ms]
2024-05-11 22:08:29.548 [info] > git show --textconv :workplace/src/learning/learning/stop_node.py [53ms]
2024-05-11 22:08:29.564 [info] > git ls-files --stage -- /home/mi/workplace/src/learning/learning/stop_node.py [28ms]
2024-05-11 22:08:30.123 [info] > git show --textconv :workplace/src/learning/setup.py [46ms]
2024-05-11 22:08:30.131 [info] > git ls-files --stage -- /home/mi/workplace/src/learning/setup.py [17ms]
2024-05-11 22:08:30.175 [info] > git cat-file -s 2064cf4f9a1bcc987c076d555df4f3e78eeea6af [8ms]
2024-05-11 22:08:30.707 [info] > git show --textconv :workplace/src/learning/learning/main_node.py [41ms]
2024-05-11 22:08:30.722 [info] > git ls-files --stage -- /home/mi/workplace/src/learning/learning/main_node.py [21ms]
2024-05-11 22:08:30.760 [info] > git cat-file -s 51799abc4a9a635daef6244f4f8fdc9eb68f4443 [5ms]
2024-05-11 22:08:31.191 [info] > git show --textconv :workplace/src/learning/learning/rotate_to_line.py [49ms]
2024-05-11 22:08:31.200 [info] > git ls-files --stage -- /home/mi/workplace/src/learning/learning/rotate_to_line.py [18ms]
2024-05-11 22:08:31.788 [info] > git show --textconv :workplace/src/learning/learning/rgb_cam_suber.py [46ms]
2024-05-11 22:08:31.799 [info] > git ls-files --stage -- /home/mi/workplace/src/learning/learning/rgb_cam_suber.py [14ms]
2024-05-11 22:08:31.836 [info] > git cat-file -s 3e0ff7b208544c4d0f41fce9b6bf39ae1679ec55 [4ms]
2024-05-11 22:09:58.178 [info] > git show --textconv :workplace/src/learning/learning/get_loc.py [88ms]
2024-05-11 22:09:58.184 [info] > git ls-files --stage -- /home/mi/workplace/src/learning/learning/get_loc.py [48ms]
2024-05-11 22:10:01.543 [info] > git show --textconv :workplace/src/learning/learning/main_node.py [52ms]
2024-05-11 22:10:01.553 [info] > git ls-files --stage -- /home/mi/workplace/src/learning/learning/main_node.py [20ms]
2024-05-11 22:10:01.593 [info] > git cat-file -s 51799abc4a9a635daef6244f4f8fdc9eb68f4443 [8ms]
2024-05-11 22:10:05.835 [info] > git show --textconv :workplace/src/learning/setup.py [43ms]
2024-05-11 22:10:05.843 [info] > git ls-files --stage -- /home/mi/workplace/src/learning/setup.py [18ms]
2024-05-11 22:10:05.882 [info] > git cat-file -s 2064cf4f9a1bcc987c076d555df4f3e78eeea6af [8ms]
2024-05-11 22:10:14.115 [info] > git show --textconv :workplace/src/learning/learning/main_node.py [62ms]
2024-05-11 22:10:14.117 [info] > git ls-files --stage -- /home/mi/workplace/src/learning/learning/main_node.py [30ms]
2024-05-11 22:10:14.159 [info] > git cat-file -s 51799abc4a9a635daef6244f4f8fdc9eb68f4443 [11ms]
2024-05-11 22:10:27.962 [info] > git show --textconv :workplace/src/learning/learning/get_loc.py [43ms]
2024-05-11 22:10:27.969 [info] > git ls-files --stage -- /home/mi/workplace/src/learning/learning/get_loc.py [17ms]
2024-05-11 22:12:36.905 [info] > git show --textconv :workplace/src/learning/learning/rotate.py [48ms]
2024-05-11 22:12:36.914 [info] > git ls-files --stage -- /home/mi/workplace/src/learning/learning/rotate.py [23ms]
2024-05-11 22:12:36.968 [info] > git cat-file -s e7b2e332236f0974352ac45addea76ecfbd536d5 [20ms]
2024-05-11 22:13:05.702 [info] > git show --textconv :workplace/src/learning/learning/get_loc.py [43ms]
2024-05-11 22:13:05.719 [info] > git ls-files --stage -- /home/mi/workplace/src/learning/learning/get_loc.py [26ms]
2024-05-11 22:13:23.857 [info] > git config --get commit.template [15ms]
2024-05-11 22:13:23.896 [info] > git for-each-ref --format=%(refname)%00%(upstream:short)%00%(objectname)%00%(upstream:track)%00%(upstream:remotename)%00%(upstream:remoteref) refs/heads/dev refs/remotes/dev [6ms]
2024-05-11 22:13:24.298 [info] > git status -z -uall [368ms]
2024-05-11 22:17:48.131 [info] > git show --textconv :workplace/src/learning/learning/data_receive.py [49ms]
2024-05-11 22:17:48.138 [info] > git ls-files --stage -- /home/mi/workplace/src/learning/learning/data_receive.py [18ms]
2024-05-11 22:17:48.180 [info] > git cat-file -s c0aa6033670997c58e11fbb8255110343cb4a88c [8ms]
2024-05-11 22:17:53.686 [info] > git show --textconv :workplace/src/learning/learning/rgb_cam_suber.py [47ms]
2024-05-11 22:17:53.696 [info] > git ls-files --stage -- /home/mi/workplace/src/learning/learning/rgb_cam_suber.py [20ms]
2024-05-11 22:17:53.737 [info] > git cat-file -s 3e0ff7b208544c4d0f41fce9b6bf39ae1679ec55 [9ms]
2024-05-11 22:17:56.684 [info] > git show --textconv :workplace/src/learning/learning/rotate_to_line.py [45ms]
2024-05-11 22:17:56.703 [info] > git ls-files --stage -- /home/mi/workplace/src/learning/learning/rotate_to_line.py [27ms]
2024-05-11 22:17:57.761 [info] > git show --textconv :workplace/src/learning/learning/safe.py [58ms]
2024-05-11 22:17:57.770 [info] > git ls-files --stage -- /home/mi/workplace/src/learning/learning/safe.py [28ms]
2024-05-11 22:17:57.845 [info] > git cat-file -s 8d5b27f609675d3a1e4db6908878df56ec32e570 [15ms]
2024-05-11 22:18:06.777 [info] > git show --textconv :workplace/src/learning/learning/sensor_node.py [52ms]
2024-05-11 22:18:06.799 [info] > git ls-files --stage -- /home/mi/workplace/src/learning/learning/sensor_node.py [34ms]
2024-05-11 22:18:06.845 [info] > git cat-file -s 02e72f4508c47356d43f9e6cc1e0c779b5d2af62 [6ms]
2024-05-11 22:20:32.002 [info] > git show --textconv :workplace/src/learning/learning/rotate_to_line.py [46ms]
2024-05-11 22:20:32.016 [info] > git ls-files --stage -- /home/mi/workplace/src/learning/learning/rotate_to_line.py [20ms]
2024-05-11 22:20:36.125 [info] > git show --textconv :workplace/src/learning/learning/rotate.py [50ms]
2024-05-11 22:20:36.135 [info] > git ls-files --stage -- /home/mi/workplace/src/learning/learning/rotate.py [20ms]
2024-05-11 22:20:36.184 [info] > git cat-file -s e7b2e332236f0974352ac45addea76ecfbd536d5 [15ms]
2024-05-11 22:22:34.326 [info] > git show --textconv :workplace/src/learning/learning/main_node.py [111ms]
2024-05-11 22:22:34.342 [info] > git ls-files --stage -- /home/mi/workplace/src/learning/learning/main_node.py [50ms]
2024-05-11 22:22:34.402 [info] > git cat-file -s 51799abc4a9a635daef6244f4f8fdc9eb68f4443 [4ms]
2024-05-11 22:22:39.424 [info] > git show --textconv :workplace/src/learning/learning/get_loc.py [53ms]
2024-05-11 22:22:39.431 [info] > git ls-files --stage -- /home/mi/workplace/src/learning/learning/get_loc.py [21ms]
2024-05-11 22:24:36.131 [info] > git config --get commit.template [38ms]
2024-05-11 22:24:36.137 [info] > git for-each-ref --format=%(refname)%00%(upstream:short)%00%(objectname)%00%(upstream:track)%00%(upstream:remotename)%00%(upstream:remoteref) refs/heads/dev refs/remotes/dev [8ms]
2024-05-11 22:24:36.505 [info] > git status -z -uall [337ms]
2024-05-11 22:42:59.427 [info] > git show --textconv :workplace/src/learning/learning/data_receive.py [97ms]
2024-05-11 22:42:59.432 [info] > git ls-files --stage -- /home/mi/workplace/src/learning/learning/data_receive.py [33ms]
2024-05-11 22:42:59.492 [info] > git cat-file -s c0aa6033670997c58e11fbb8255110343cb4a88c [18ms]
2024-05-11 22:43:25.678 [info] > git show --textconv :workplace/src/learning/setup.py [59ms]
2024-05-11 22:43:25.686 [info] > git ls-files --stage -- /home/mi/workplace/src/learning/setup.py [19ms]
2024-05-11 22:43:25.732 [info] > git cat-file -s 2064cf4f9a1bcc987c076d555df4f3e78eeea6af [4ms]
2024-05-11 22:44:01.387 [info] > git show --textconv :workplace/src/learning/learning/get_data.py [120ms]
2024-05-11 22:44:01.418 [info] > git ls-files --stage -- /home/mi/workplace/src/learning/learning/get_data.py [58ms]
2024-05-11 22:44:01.499 [info] > git cat-file -s 800d7233d01b573967820d7dbb6e9559de33a623 [25ms]
2024-05-11 22:44:05.478 [info] > git show --textconv :workplace/src/learning/learning/data_receive.py [73ms]
2024-05-11 22:44:05.488 [info] > git ls-files --stage -- /home/mi/workplace/src/learning/learning/data_receive.py [26ms]
2024-05-11 22:44:05.544 [info] > git cat-file -s c0aa6033670997c58e11fbb8255110343cb4a88c [16ms]
2024-05-11 22:44:14.919 [info] > git show --textconv :workplace/src/learning/setup.py [140ms]
2024-05-11 22:44:14.920 [info] > git show --textconv :workplace/src/learning/learning/data_receive.py [100ms]
2024-05-11 22:44:14.922 [info] > git ls-files --stage -- /home/mi/workplace/src/learning/setup.py [55ms]
2024-05-11 22:44:14.977 [info] > git cat-file -s 2064cf4f9a1bcc987c076d555df4f3e78eeea6af [17ms]
2024-05-11 22:44:14.979 [info] > git ls-files --stage -- /home/mi/workplace/src/learning/learning/data_receive.py [71ms]
2024-05-11 22:44:15.028 [info] > git cat-file -s c0aa6033670997c58e11fbb8255110343cb4a88c [13ms]
2024-05-11 22:44:16.934 [info] > git show --textconv :workplace/src/learning/learning/main_node.py [63ms]
2024-05-11 22:44:16.941 [info] > git ls-files --stage -- /home/mi/workplace/src/learning/learning/main_node.py [24ms]
2024-05-11 22:44:16.990 [info] > git cat-file -s 51799abc4a9a635daef6244f4f8fdc9eb68f4443 [6ms]
2024-05-11 22:45:00.758 [info] > git show --textconv :workplace/src/learning/learning/rotate_to_line.py [65ms]
2024-05-11 22:45:00.768 [info] > git ls-files --stage -- /home/mi/workplace/src/learning/learning/rotate_to_line.py [31ms]
2024-05-11 22:45:03.328 [info] > git show --textconv :workplace/src/learning/learning/get_loc.py [68ms]
2024-05-11 22:45:03.334 [info] > git ls-files --stage -- /home/mi/workplace/src/learning/learning/get_loc.py [28ms]
2024-05-11 22:46:48.026 [info] > git show --textconv :workplace/src/learning/learning/get_loc.py [55ms]
2024-05-11 22:46:48.032 [info] > git ls-files --stage -- /home/mi/workplace/src/learning/learning/get_loc.py [16ms]
2024-05-11 22:47:02.555 [info] > git show --textconv :workplace/src/learning/learning/rgb_cam_suber.py [53ms]
2024-05-11 22:47:02.568 [info] > git ls-files --stage -- /home/mi/workplace/src/learning/learning/rgb_cam_suber.py [26ms]
2024-05-11 22:47:02.608 [info] > git cat-file -s 3e0ff7b208544c4d0f41fce9b6bf39ae1679ec55 [4ms]
2024-05-11 22:49:42.341 [info] > git show --textconv :workplace/src/learning/learning/rgb_cam_suber.py [60ms]
2024-05-11 22:49:42.355 [info] > git ls-files --stage -- /home/mi/workplace/src/learning/learning/rgb_cam_suber.py [23ms]
2024-05-11 22:49:42.401 [info] > git cat-file -s 3e0ff7b208544c4d0f41fce9b6bf39ae1679ec55 [6ms]
2024-05-11 22:49:43.597 [info] > git show --textconv :workplace/src/learning/learning/get_loc.py [56ms]
2024-05-11 22:49:43.607 [info] > git ls-files --stage -- /home/mi/workplace/src/learning/learning/get_loc.py [21ms]
2024-05-11 22:49:45.164 [info] > git show --textconv :workplace/src/learning/learning/rgb_cam_suber.py [56ms]
2024-05-11 22:49:45.177 [info] > git ls-files --stage -- /home/mi/workplace/src/learning/learning/rgb_cam_suber.py [25ms]
2024-05-11 22:49:45.233 [info] > git cat-file -s 3e0ff7b208544c4d0f41fce9b6bf39ae1679ec55 [11ms]
2024-05-11 22:49:46.180 [info] > git show --textconv :workplace/src/learning/learning/get_loc.py [67ms]
2024-05-11 22:49:46.186 [info] > git ls-files --stage -- /home/mi/workplace/src/learning/learning/get_loc.py [24ms]
2024-05-11 22:49:47.925 [info] > git show --textconv :workplace/src/learning/learning/rotate_to_line.py [58ms]
2024-05-11 22:49:47.938 [info] > git ls-files --stage -- /home/mi/workplace/src/learning/learning/rotate_to_line.py [20ms]
2024-05-11 22:49:48.911 [info] > git show --textconv :workplace/src/learning/learning/main_node.py [76ms]
2024-05-11 22:49:48.915 [info] > git ls-files --stage -- /home/mi/workplace/src/learning/learning/main_node.py [22ms]
2024-05-11 22:49:48.972 [info] > git cat-file -s 51799abc4a9a635daef6244f4f8fdc9eb68f4443 [15ms]
2024-05-11 22:50:52.970 [info] > git show --textconv :workplace/src/learning/learning/rotate_to_line.py [174ms]
2024-05-11 22:50:52.983 [info] > git ls-files --stage -- /home/mi/workplace/src/learning/learning/rotate_to_line.py [67ms]
2024-05-11 22:50:55.995 [info] > git show --textconv :workplace/src/learning/learning/get_loc.py [67ms]
2024-05-11 22:50:56.006 [info] > git ls-files --stage -- /home/mi/workplace/src/learning/learning/get_loc.py [36ms]
2024-05-11 22:50:58.721 [info] > git show --textconv :workplace/src/learning/learning/stop_node.py [66ms]
2024-05-11 22:50:58.730 [info] > git ls-files --stage -- /home/mi/workplace/src/learning/learning/stop_node.py [21ms]
2024-05-11 22:51:05.297 [info] > git show --textconv :workplace/src/learning/setup.py [61ms]
2024-05-11 22:51:05.319 [info] > git ls-files --stage -- /home/mi/workplace/src/learning/setup.py [30ms]
2024-05-11 22:51:05.372 [info] > git cat-file -s 2064cf4f9a1bcc987c076d555df4f3e78eeea6af [14ms]
2024-05-11 22:51:06.482 [info] > git show --textconv :workplace/src/learning/learning/main_node.py [57ms]
2024-05-11 22:51:06.496 [info] > git ls-files --stage -- /home/mi/workplace/src/learning/learning/main_node.py [24ms]
2024-05-11 22:51:06.548 [info] > git cat-file -s 51799abc4a9a635daef6244f4f8fdc9eb68f4443 [10ms]
2024-05-11 22:51:29.391 [info] > git show --textconv :workplace/src/learning/learning/rotate_to_line.py [70ms]
2024-05-11 22:51:29.401 [info] > git ls-files --stage -- /home/mi/workplace/src/learning/learning/rotate_to_line.py [34ms]
2024-05-11 22:51:34.495 [info] > git show --textconv :workplace/src/learning/learning/geometry.py [58ms]
2024-05-11 22:51:34.510 [info] > git ls-files --stage -- /home/mi/workplace/src/learning/learning/geometry.py [25ms]
2024-05-11 22:51:35.689 [info] > git show --textconv :workplace/src/learning/learning/rotate_to_line.py [58ms]
2024-05-11 22:51:35.704 [info] > git ls-files --stage -- /home/mi/workplace/src/learning/learning/rotate_to_line.py [25ms]
2024-05-11 22:51:40.347 [info] > git show --textconv :workplace/src/learning/setup.py [60ms]
2024-05-11 22:51:40.368 [info] > git ls-files --stage -- /home/mi/workplace/src/learning/setup.py [28ms]
2024-05-11 22:51:40.454 [info] > git cat-file -s 2064cf4f9a1bcc987c076d555df4f3e78eeea6af [16ms]
2024-05-11 22:51:41.651 [info] > git show --textconv :workplace/src/learning/learning/main_node.py [64ms]
2024-05-11 22:51:41.663 [info] > git ls-files --stage -- /home/mi/workplace/src/learning/learning/main_node.py [22ms]
2024-05-11 22:51:41.727 [info] > git cat-file -s 51799abc4a9a635daef6244f4f8fdc9eb68f4443 [5ms]
2024-05-11 22:51:42.259 [info] > git show --textconv :workplace/src/learning/learning/rotate_to_line.py [71ms]
2024-05-11 22:51:42.272 [info] > git ls-files --stage -- /home/mi/workplace/src/learning/learning/rotate_to_line.py [33ms]
2024-05-11 22:51:42.952 [info] > git show --textconv :workplace/src/learning/learning/rgb_cam_suber.py [57ms]
2024-05-11 22:51:42.976 [info] > git ls-files --stage -- /home/mi/workplace/src/learning/learning/rgb_cam_suber.py [30ms]
2024-05-11 22:51:43.034 [info] > git cat-file -s 3e0ff7b208544c4d0f41fce9b6bf39ae1679ec55 [9ms]
2024-05-11 22:51:45.600 [info] > git show --textconv :workplace/src/learning/learning/rotate.py [69ms]
2024-05-11 22:51:45.613 [info] > git ls-files --stage -- /home/mi/workplace/src/learning/learning/rotate.py [24ms]
2024-05-11 22:51:45.680 [info] > git cat-file -s e7b2e332236f0974352ac45addea76ecfbd536d5 [12ms]
2024-05-11 22:52:20.677 [info] > git show --textconv :workplace/src/learning/learning/get_loc.py [50ms]
2024-05-11 22:52:20.684 [info] > git ls-files --stage -- /home/mi/workplace/src/learning/learning/get_loc.py [15ms]
2024-05-11 22:52:32.325 [info] > git config --get commit.template [21ms]
2024-05-11 22:52:32.399 [info] > git for-each-ref --format=%(refname)%00%(upstream:short)%00%(objectname)%00%(upstream:track)%00%(upstream:remotename)%00%(upstream:remoteref) refs/heads/dev refs/remotes/dev [17ms]
2024-05-11 22:52:32.859 [info] > git status -z -uall [410ms]
2024-05-11 22:53:07.465 [info] > git show --textconv :workplace/src/learning/learning/data_receive.py [83ms]
2024-05-11 22:53:07.476 [info] > git ls-files --stage -- /home/mi/workplace/src/learning/learning/data_receive.py [38ms]
2024-05-11 22:53:07.535 [info] > git cat-file -s c0aa6033670997c58e11fbb8255110343cb4a88c [13ms]
2024-05-11 22:53:12.537 [info] > git show --textconv :workplace/src/learning/learning/get_loc.py [72ms]
2024-05-11 22:53:12.550 [info] > git ls-files --stage -- /home/mi/workplace/src/learning/learning/get_loc.py [31ms]
2024-05-11 22:54:49.932 [info] > git show --textconv :workplace/src/learning/learning/main_node.py [54ms]
2024-05-11 22:54:49.939 [info] > git ls-files --stage -- /home/mi/workplace/src/learning/learning/main_node.py [18ms]
2024-05-11 22:54:49.990 [info] > git cat-file -s 51799abc4a9a635daef6244f4f8fdc9eb68f4443 [10ms]
2024-05-11 22:55:04.075 [info] > git show --textconv :workplace/src/learning/learning/get_loc.py [62ms]
2024-05-11 22:55:04.080 [info] > git ls-files --stage -- /home/mi/workplace/src/learning/learning/get_loc.py [19ms]
2024-05-11 22:55:49.656 [info] > git config --get commit.template [38ms]
2024-05-11 22:55:49.725 [info] > git for-each-ref --format=%(refname)%00%(upstream:short)%00%(objectname)%00%(upstream:track)%00%(upstream:remotename)%00%(upstream:remoteref) refs/heads/dev refs/remotes/dev [11ms]
2024-05-11 22:55:50.896 [info] > git status -z -uall [1109ms]
2024-05-11 23:05:54.319 [info] > git config --get commit.template [4ms]
2024-05-11 23:05:54.373 [info] > git for-each-ref --format=%(refname)%00%(upstream:short)%00%(objectname)%00%(upstream:track)%00%(upstream:remotename)%00%(upstream:remoteref) refs/heads/dev refs/remotes/dev [5ms]
2024-05-11 23:05:54.846 [info] > git status -z -uall [433ms]
2024-05-11 23:12:53.210 [info] > git for-each-ref --format=%(refname)%00%(upstream:short)%00%(objectname)%00%(upstream:track)%00%(upstream:remotename)%00%(upstream:remoteref) refs/heads/dev refs/remotes/dev [12ms]
2024-05-11 23:12:53.212 [info] > git config --get commit.template [61ms]
2024-05-11 23:12:53.636 [info] > git status -z -uall [381ms]
2024-05-11 23:18:08.656 [info] > git config --get commit.template [24ms]
2024-05-11 23:18:08.708 [info] > git for-each-ref --format=%(refname)%00%(upstream:short)%00%(objectname)%00%(upstream:track)%00%(upstream:remotename)%00%(upstream:remoteref) refs/heads/dev refs/remotes/dev [9ms]
2024-05-11 23:18:09.110 [info] > git status -z -uall [358ms]
2024-05-11 23:33:06.822 [info] > git config --get commit.template [7ms]
2024-05-11 23:33:07.196 [info] > git for-each-ref --format=%(refname)%00%(upstream:short)%00%(objectname)%00%(upstream:track)%00%(upstream:remotename)%00%(upstream:remoteref) refs/heads/dev refs/remotes/dev [256ms]
2024-05-11 23:33:07.864 [info] > git status -z -uall [554ms]
2024-05-11 23:43:53.608 [info] > git show --textconv :workplace/src/learning/learning/geometry.py [93ms]
2024-05-11 23:43:53.611 [info] > git ls-files --stage -- /home/mi/workplace/src/learning/learning/geometry.py [26ms]
2024-05-11 23:44:00.681 [info] > git show --textconv :workplace/src/learning/learning/main_node.py [65ms]
2024-05-11 23:44:00.689 [info] > git ls-files --stage -- /home/mi/workplace/src/learning/learning/main_node.py [23ms]
2024-05-11 23:44:00.741 [info] > git cat-file -s 51799abc4a9a635daef6244f4f8fdc9eb68f4443 [9ms]
2024-05-11 23:48:39.629 [info] > git config --get commit.template [9ms]
2024-05-11 23:48:39.728 [info] > git for-each-ref --format=%(refname)%00%(upstream:short)%00%(objectname)%00%(upstream:track)%00%(upstream:remotename)%00%(upstream:remoteref) refs/heads/dev refs/remotes/dev [45ms]
2024-05-11 23:48:40.595 [info] > git status -z -uall [811ms]
2024-05-11 23:49:01.194 [info] > git show --textconv :workplace/src/learning/learning/geometry.py [77ms]
2024-05-11 23:49:01.209 [info] > git ls-files --stage -- /home/mi/workplace/src/learning/learning/geometry.py [29ms]
2024-05-11 23:49:15.831 [info] > git show --textconv :workplace/src/learning/learning/main_node.py [113ms]
2024-05-11 23:49:15.882 [info] > git ls-files --stage -- /home/mi/workplace/src/learning/learning/main_node.py [84ms]
2024-05-11 23:49:15.989 [info] > git cat-file -s 51799abc4a9a635daef6244f4f8fdc9eb68f4443 [25ms]
2024-05-11 23:50:30.158 [info] > git config --get commit.template [9ms]
2024-05-11 23:50:30.219 [info] > git for-each-ref --format=%(refname)%00%(upstream:short)%00%(objectname)%00%(upstream:track)%00%(upstream:remotename)%00%(upstream:remoteref) refs/heads/dev refs/remotes/dev [15ms]
2024-05-11 23:50:31.124 [info] > git status -z -uall [843ms]
2024-05-11 23:50:40.860 [info] > git show --textconv :workplace/src/learning/learning/geometry.py [87ms]
2024-05-11 23:50:40.865 [info] > git ls-files --stage -- /home/mi/workplace/src/learning/learning/geometry.py [29ms]
2024-05-11 23:55:03.594 [info] > git config --get commit.template [164ms]
2024-05-11 23:55:03.955 [info] > git for-each-ref --format=%(refname)%00%(upstream:short)%00%(objectname)%00%(upstream:track)%00%(upstream:remotename)%00%(upstream:remoteref) refs/heads/dev refs/remotes/dev [235ms]
2024-05-11 23:55:05.124 [info] > git status -z -uall [1006ms]
2024-05-11 23:55:19.454 [info] > git config --get commit.template [91ms]
2024-05-11 23:55:19.605 [info] > git for-each-ref --format=%(refname)%00%(upstream:short)%00%(objectname)%00%(upstream:track)%00%(upstream:remotename)%00%(upstream:remoteref) refs/heads/dev refs/remotes/dev [21ms]
2024-05-11 23:55:23.597 [info] > git status -z -uall [3847ms]
2024-05-11 23:55:33.180 [info] > git config --get commit.template [20ms]
2024-05-11 23:55:33.264 [info] > git for-each-ref --format=%(refname)%00%(upstream:short)%00%(objectname)%00%(upstream:track)%00%(upstream:remotename)%00%(upstream:remoteref) refs/heads/dev refs/remotes/dev [24ms]
2024-05-11 23:55:33.893 [info] > git status -z -uall [508ms]
2024-05-11 23:57:00.732 [info] > git config --get commit.template [88ms]
2024-05-11 23:57:00.965 [info] > git for-each-ref --format=%(refname)%00%(upstream:short)%00%(objectname)%00%(upstream:track)%00%(upstream:remotename)%00%(upstream:remoteref) refs/heads/dev refs/remotes/dev [147ms]
2024-05-11 23:57:03.327 [info] > git status -z -uall [2277ms]
2024-05-11 23:58:41.665 [info] > git config --get commit.template [270ms]
2024-05-11 23:58:41.898 [info] > git for-each-ref --format=%(refname)%00%(upstream:short)%00%(objectname)%00%(upstream:track)%00%(upstream:remotename)%00%(upstream:remoteref) refs/heads/dev refs/remotes/dev [87ms]
2024-05-11 23:58:43.950 [info] > git status -z -uall [1916ms]
2024-05-11 23:58:50.118 [info] > git config --get commit.template [98ms]
2024-05-11 23:58:50.134 [info] > git for-each-ref --format=%(refname)%00%(upstream:short)%00%(objectname)%00%(upstream:track)%00%(upstream:remotename)%00%(upstream:remoteref) refs/heads/dev refs/remotes/dev [22ms]
2024-05-11 23:58:50.772 [info] > git status -z -uall [540ms]
2024-05-12 00:01:12.916 [info] > git config --get commit.template [54ms]
2024-05-12 00:01:13.000 [info] > git for-each-ref --format=%(refname)%00%(upstream:short)%00%(objectname)%00%(upstream:track)%00%(upstream:remotename)%00%(upstream:remoteref) refs/heads/dev refs/remotes/dev [14ms]
2024-05-12 00:01:13.974 [info] > git status -z -uall [915ms]
2024-05-12 00:07:57.837 [info] > git show --textconv :workplace/src/learning/learning/main_node.py [78ms]
2024-05-12 00:07:57.852 [info] > git ls-files --stage -- /home/mi/workplace/src/learning/learning/main_node.py [32ms]
2024-05-12 00:07:57.924 [info] > git cat-file -s 51799abc4a9a635daef6244f4f8fdc9eb68f4443 [10ms]
2024-05-12 00:08:05.120 [info] > git show --textconv :workplace/src/learning/learning/get_loc.py [69ms]
2024-05-12 00:08:05.135 [info] > git ls-files --stage -- /home/mi/workplace/src/learning/learning/get_loc.py [32ms]
2024-05-12 00:08:12.033 [info] > git show --textconv :workplace/src/learning/learning/geometry.py [61ms]
2024-05-12 00:08:12.039 [info] > git ls-files --stage -- /home/mi/workplace/src/learning/learning/geometry.py [19ms]
2024-05-12 00:08:41.457 [info] > git config --get commit.template [111ms]
2024-05-12 00:08:41.526 [info] > git for-each-ref --format=%(refname)%00%(upstream:short)%00%(objectname)%00%(upstream:track)%00%(upstream:remotename)%00%(upstream:remoteref) refs/heads/dev refs/remotes/dev [8ms]
2024-05-12 00:08:42.605 [info] > git status -z -uall [1024ms]
2024-05-12 00:08:49.097 [info] > git show --textconv :workplace/src/learning/learning/get_loc.py [71ms]
2024-05-12 00:08:49.109 [info] > git ls-files --stage -- /home/mi/workplace/src/learning/learning/get_loc.py [21ms]
2024-05-12 00:08:52.051 [info] > git show --textconv :workplace/src/learning/learning/geometry.py [80ms]
2024-05-12 00:08:52.058 [info] > git ls-files --stage -- /home/mi/workplace/src/learning/learning/geometry.py [21ms]
2024-05-12 00:27:45.889 [info] > git show --textconv :workplace/src/learning/learning/get_loc.py [61ms]
2024-05-12 00:27:45.902 [info] > git ls-files --stage -- /home/mi/workplace/src/learning/learning/get_loc.py [22ms]
2024-05-12 00:27:46.716 [info] > git show --textconv :workplace/src/learning/learning/geometry.py [55ms]
2024-05-12 00:27:46.733 [info] > git ls-files --stage -- /home/mi/workplace/src/learning/learning/geometry.py [23ms]
2024-05-12 00:27:47.403 [info] > git show --textconv :workplace/src/learning/learning/rgb_cam_suber.py [52ms]
2024-05-12 00:27:47.424 [info] > git ls-files --stage -- /home/mi/workplace/src/learning/learning/rgb_cam_suber.py [28ms]
2024-05-12 00:27:47.492 [info] > git cat-file -s 3e0ff7b208544c4d0f41fce9b6bf39ae1679ec55 [22ms]
2024-05-12 00:27:48.351 [info] > git show --textconv :workplace/src/learning/learning/rotate.py [58ms]
2024-05-12 00:27:48.373 [info] > git ls-files --stage -- /home/mi/workplace/src/learning/learning/rotate.py [27ms]
2024-05-12 00:27:48.425 [info] > git cat-file -s e7b2e332236f0974352ac45addea76ecfbd536d5 [2ms]
2024-05-12 00:27:49.076 [info] > git show --textconv :workplace/src/learning/learning/rotate_to_line.py [59ms]
2024-05-12 00:27:49.083 [info] > git ls-files --stage -- /home/mi/workplace/src/learning/learning/rotate_to_line.py [18ms]
2024-05-12 00:27:49.645 [info] > git show --textconv :workplace/src/learning/learning/main_node.py [66ms]
2024-05-12 00:27:49.652 [info] > git ls-files --stage -- /home/mi/workplace/src/learning/learning/main_node.py [29ms]
2024-05-12 00:27:49.704 [info] > git cat-file -s 51799abc4a9a635daef6244f4f8fdc9eb68f4443 [5ms]
2024-05-12 00:27:51.923 [info] > git show --textconv :workplace/src/learning/setup.py [84ms]
2024-05-12 00:27:51.935 [info] > git ls-files --stage -- /home/mi/workplace/src/learning/setup.py [21ms]
2024-05-12 00:27:51.995 [info] > git cat-file -s 2064cf4f9a1bcc987c076d555df4f3e78eeea6af [15ms]
2024-05-12 00:27:52.607 [info] > git show --textconv :workplace/src/learning/learning/main_node.py [52ms]
2024-05-12 00:27:52.612 [info] > git ls-files --stage -- /home/mi/workplace/src/learning/learning/main_node.py [14ms]
2024-05-12 00:27:52.666 [info] > git cat-file -s 51799abc4a9a635daef6244f4f8fdc9eb68f4443 [10ms]
2024-05-12 00:27:53.664 [info] > git show --textconv :workplace/src/learning/learning/rotate_to_line.py [58ms]
2024-05-12 00:27:53.682 [info] > git ls-files --stage -- /home/mi/workplace/src/learning/learning/rotate_to_line.py [23ms]
2024-05-12 00:27:54.542 [info] > git show --textconv :workplace/src/learning/learning/rotate.py [54ms]
2024-05-12 00:27:54.562 [info] > git ls-files --stage -- /home/mi/workplace/src/learning/learning/rotate.py [30ms]
2024-05-12 00:27:54.614 [info] > git cat-file -s e7b2e332236f0974352ac45addea76ecfbd536d5 [3ms]
2024-05-12 00:27:56.459 [info] > git show --textconv :workplace/src/learning/learning/rgb_cam_suber.py [68ms]
2024-05-12 00:27:56.467 [info] > git ls-files --stage -- /home/mi/workplace/src/learning/learning/rgb_cam_suber.py [25ms]
2024-05-12 00:27:56.521 [info] > git cat-file -s 3e0ff7b208544c4d0f41fce9b6bf39ae1679ec55 [13ms]
2024-05-12 00:27:57.471 [info] > git show --textconv :workplace/src/learning/learning/geometry.py [64ms]
2024-05-12 00:27:57.483 [info] > git ls-files --stage -- /home/mi/workplace/src/learning/learning/geometry.py [20ms]
2024-05-12 00:28:04.753 [info] > git show --textconv :workplace/src/learning/learning/get_loc.py [69ms]
2024-05-12 00:28:04.763 [info] > git ls-files --stage -- /home/mi/workplace/src/learning/learning/get_loc.py [22ms]
2024-05-12 00:33:25.942 [info] > git config --get commit.template [10ms]
2024-05-12 00:33:26.000 [info] > git for-each-ref --format=%(refname)%00%(upstream:short)%00%(objectname)%00%(upstream:track)%00%(upstream:remotename)%00%(upstream:remoteref) refs/heads/main refs/remotes/main [9ms]
2024-05-12 00:33:26.451 [info] > git status -z -uall [399ms]
2024-05-12 00:33:31.272 [info] > git merge-base refs/heads/main refs/remotes/origin/main [4542ms]
2024-05-12 00:33:31.331 [info] > git rev-list --count --left-right refs/heads/main...refs/remotes/origin/main [4ms]
2024-05-12 00:33:31.395 [info] > git diff --name-status -z --diff-filter=ADMR 0c18e4dc8c3fd7cf8af4392e06f85ad5b80f72d0...refs/remotes/origin/main [10ms]
2024-05-12 00:33:32.209 [info] > git config --get commit.template [61ms]
2024-05-12 00:33:32.212 [info] > git for-each-ref --format=%(refname)%00%(upstream:short)%00%(objectname)%00%(upstream:track)%00%(upstream:remotename)%00%(upstream:remoteref) refs/heads/main refs/remotes/main [8ms]
2024-05-12 00:33:32.647 [info] > git status -z -uall [372ms]
2024-05-12 00:33:38.188 [info] > git config --get commit.template [4ms]
2024-05-12 00:33:38.249 [info] > git for-each-ref --format=%(refname)%00%(upstream:short)%00%(objectname)%00%(upstream:track)%00%(upstream:remotename)%00%(upstream:remoteref) refs/heads/main refs/remotes/main [5ms]
2024-05-12 00:33:38.632 [info] > git status -z -uall [322ms]
2024-05-12 00:33:44.189 [info] > git config --get commit.template [5ms]
2024-05-12 00:33:44.245 [info] > git for-each-ref --format=%(refname)%00%(upstream:short)%00%(objectname)%00%(upstream:track)%00%(upstream:remotename)%00%(upstream:remoteref) refs/heads/main refs/remotes/main [5ms]
2024-05-12 00:33:44.614 [info] > git status -z -uall [312ms]
2024-05-12 00:33:50.234 [info] > git config --get commit.template [64ms]
2024-05-12 00:33:50.237 [info] > git for-each-ref --format=%(refname)%00%(upstream:short)%00%(objectname)%00%(upstream:track)%00%(upstream:remotename)%00%(upstream:remoteref) refs/heads/main refs/remotes/main [7ms]
2024-05-12 00:33:50.657 [info] > git status -z -uall [353ms]
2024-05-12 00:33:56.212 [info] > git config --get commit.template [8ms]
2024-05-12 00:33:56.283 [info] > git for-each-ref --format=%(refname)%00%(upstream:short)%00%(objectname)%00%(upstream:track)%00%(upstream:remotename)%00%(upstream:remoteref) refs/heads/main refs/remotes/main [9ms]
2024-05-12 00:33:56.678 [info] > git status -z -uall [331ms]
2024-05-12 00:34:02.259 [info] > git config --get commit.template [8ms]
2024-05-12 00:34:02.317 [info] > git for-each-ref --format=%(refname)%00%(upstream:short)%00%(objectname)%00%(upstream:track)%00%(upstream:remotename)%00%(upstream:remoteref) refs/heads/main refs/remotes/main [6ms]
2024-05-12 00:34:02.714 [info] > git status -z -uall [344ms]
2024-05-12 00:34:08.241 [info] > git config --get commit.template [6ms]
2024-05-12 00:34:08.305 [info] > git for-each-ref --format=%(refname)%00%(upstream:short)%00%(objectname)%00%(upstream:track)%00%(upstream:remotename)%00%(upstream:remoteref) refs/heads/main refs/remotes/main [6ms]
2024-05-12 00:34:08.666 [info] > git status -z -uall [307ms]
2024-05-12 00:34:14.267 [info] > git config --get commit.template [5ms]
2024-05-12 00:34:14.330 [info] > git for-each-ref --format=%(refname)%00%(upstream:short)%00%(objectname)%00%(upstream:track)%00%(upstream:remotename)%00%(upstream:remoteref) refs/heads/main refs/remotes/main [5ms]
2024-05-12 00:34:14.724 [info] > git status -z -uall [333ms]
2024-05-12 00:34:20.252 [info] > git config --get commit.template [6ms]
2024-05-12 00:34:20.317 [info] > git for-each-ref --format=%(refname)%00%(upstream:short)%00%(objectname)%00%(upstream:track)%00%(upstream:remotename)%00%(upstream:remoteref) refs/heads/main refs/remotes/main [9ms]
2024-05-12 00:34:20.700 [info] > git status -z -uall [323ms]
2024-05-12 00:34:26.232 [info] > git config --get commit.template [5ms]
2024-05-12 00:34:26.304 [info] > git for-each-ref --format=%(refname)%00%(upstream:short)%00%(objectname)%00%(upstream:track)%00%(upstream:remotename)%00%(upstream:remoteref) refs/heads/main refs/remotes/main [11ms]
2024-05-12 00:34:26.681 [info] > git status -z -uall [323ms]
2024-05-12 00:34:32.220 [info] > git config --get commit.template [4ms]
2024-05-12 00:34:32.286 [info] > git for-each-ref --format=%(refname)%00%(upstream:short)%00%(objectname)%00%(upstream:track)%00%(upstream:remotename)%00%(upstream:remoteref) refs/heads/main refs/remotes/main [7ms]
2024-05-12 00:34:32.673 [info] > git status -z -uall [323ms]
2024-05-12 00:34:38.170 [info] > git config --get commit.template [6ms]
2024-05-12 00:34:38.231 [info] > git for-each-ref --format=%(refname)%00%(upstream:short)%00%(objectname)%00%(upstream:track)%00%(upstream:remotename)%00%(upstream:remoteref) refs/heads/main refs/remotes/main [4ms]
2024-05-12 00:34:38.627 [info] > git status -z -uall [335ms]
2024-05-12 00:34:44.167 [info] > git config --get commit.template [6ms]
2024-05-12 00:34:44.227 [info] > git for-each-ref --format=%(refname)%00%(upstream:short)%00%(objectname)%00%(upstream:track)%00%(upstream:remotename)%00%(upstream:remoteref) refs/heads/main refs/remotes/main [7ms]
2024-05-12 00:34:44.615 [info] > git status -z -uall [327ms]
2024-05-12 00:34:50.160 [info] > git config --get commit.template [8ms]
2024-05-12 00:34:50.225 [info] > git for-each-ref --format=%(refname)%00%(upstream:short)%00%(objectname)%00%(upstream:track)%00%(upstream:remotename)%00%(upstream:remoteref) refs/heads/main refs/remotes/main [4ms]
2024-05-12 00:34:50.603 [info] > git status -z -uall [310ms]
2024-05-12 00:34:56.126 [info] > git config --get commit.template [4ms]
2024-05-12 00:34:56.196 [info] > git for-each-ref --format=%(refname)%00%(upstream:short)%00%(objectname)%00%(upstream:track)%00%(upstream:remotename)%00%(upstream:remoteref) refs/heads/main refs/remotes/main [7ms]
2024-05-12 00:34:56.623 [info] > git status -z -uall [357ms]
2024-05-12 00:35:02.145 [info] > git config --get commit.template [3ms]
2024-05-12 00:35:02.212 [info] > git for-each-ref --format=%(refname)%00%(upstream:short)%00%(objectname)%00%(upstream:track)%00%(upstream:remotename)%00%(upstream:remoteref) refs/heads/main refs/remotes/main [5ms]
2024-05-12 00:35:02.623 [info] > git status -z -uall [341ms]
2024-05-12 00:42:57.023 [info] > git for-each-ref --sort -committerdate --format %(refname) %(objectname) %(*objectname) [10ms]
2024-05-12 00:43:30.824 [info] > git show --textconv :workplace/src/learning/learning/get_loc.py [88ms]
2024-05-12 00:43:30.836 [info] > git ls-files --stage -- /home/mi/workplace/src/learning/learning/get_loc.py [30ms]
2024-05-12 00:44:20.259 [info] > git ls-files --stage -- /home/mi/workplace/src/learning/learning/get_loc.py [13ms]
2024-05-12 00:44:20.399 [info] > git show --textconv :workplace/src/learning/learning/get_loc.py [18ms]
2024-05-12 00:44:24.862 [info] > git ls-files --stage -- /home/mi/workplace/src/learning/learning/get_loc.py [14ms]
2024-05-12 00:44:24.962 [info] > git show --textconv :workplace/src/learning/learning/get_loc.py [13ms]
2024-05-12 00:44:34.403 [info] > git ls-files --stage -- /home/mi/workplace/src/learning/learning/get_loc.py [15ms]
2024-05-12 00:44:34.483 [info] > git show --textconv :workplace/src/learning/learning/get_loc.py [19ms]
2024-05-12 00:51:59.132 [info] > git show --textconv :workplace/src/learning/learning/geometry.py [77ms]
2024-05-12 00:51:59.141 [info] > git ls-files --stage -- /home/mi/workplace/src/learning/learning/geometry.py [28ms]
2024-05-12 00:53:38.266 [info] > git config --get commit.template [50ms]
2024-05-12 00:53:38.270 [info] > git for-each-ref --format=%(refname)%00%(upstream:short)%00%(objectname)%00%(upstream:track)%00%(upstream:remotename)%00%(upstream:remoteref) refs/heads/main refs/remotes/main [7ms]
2024-05-12 00:53:38.651 [info] > git status -z -uall [337ms]
2024-05-12 00:53:42.774 [info] > git merge-base refs/heads/main refs/remotes/origin/main [3913ms]
2024-05-12 00:53:42.827 [info] > git rev-list --count --left-right refs/heads/main...refs/remotes/origin/main [4ms]
2024-05-12 00:53:42.885 [info] > git diff --name-status -z --diff-filter=ADMR 8d6b30f4bf1e51f3b0cd02c16b633a3ca6bedbe1...refs/remotes/origin/main [3ms]
