[4.571s] Invoking command in '/home/mi/workplace/src/learning': PYTHONPATH=/home/mi/workplace/install/learning/lib/python3.6/site-packages:${PYTHONPATH} /usr/bin/python3 setup.py egg_info --egg-base ../../build/learning build --build-base /home/mi/workplace/build/learning/build install --prefix /home/mi/workplace/install/learning --record /home/mi/workplace/build/learning/install.log --single-version-externally-managed
[6.407s] running egg_info
[6.413s] writing ../../build/learning/learning.egg-info/PKG-INFO
[6.414s] writing dependency_links to ../../build/learning/learning.egg-info/dependency_links.txt
[6.415s] writing entry points to ../../build/learning/learning.egg-info/entry_points.txt
[6.416s] writing requirements to ../../build/learning/learning.egg-info/requires.txt
[6.416s] writing top-level names to ../../build/learning/learning.egg-info/top_level.txt
[6.435s] reading manifest file '../../build/learning/learning.egg-info/SOURCES.txt'
[6.444s] writing manifest file '../../build/learning/learning.egg-info/SOURCES.txt'
[6.446s] running build
[6.447s] running build_py
[6.449s] copying learning/get_data.py -> /home/mi/workplace/build/learning/build/lib/learning
[6.455s] running install
[6.456s] /usr/local/lib/python3.6/dist-packages/setuptools/command/install.py:37: SetuptoolsDeprecationWarning: setup.py install is deprecated. Use build and pip and other standards-based tools.
[6.456s]   setuptools.SetuptoolsDeprecationWarning,
[6.457s] running install_lib
[6.462s] copying /home/mi/workplace/build/learning/build/lib/learning/get_data.py -> /home/mi/workplace/install/learning/lib/python3.6/site-packages/learning
[6.465s] byte-compiling /home/mi/workplace/install/learning/lib/python3.6/site-packages/learning/get_data.py to get_data.cpython-36.pyc
[6.469s] running install_data
[6.472s] running install_egg_info
[6.481s] removing '/home/mi/workplace/install/learning/lib/python3.6/site-packages/learning-0.0.0-py3.6.egg-info' (and everything under it)
[6.483s] Copying ../../build/learning/learning.egg-info to /home/mi/workplace/install/learning/lib/python3.6/site-packages/learning-0.0.0-py3.6.egg-info
[6.489s] running install_scripts
[6.597s] Installing camera script to /home/mi/workplace/install/learning/lib/learning
[6.597s] Installing crash script to /home/mi/workplace/install/learning/lib/learning
[6.599s] Installing data_receive script to /home/mi/workplace/install/learning/lib/learning
[6.599s] Installing get_data script to /home/mi/workplace/install/learning/lib/learning
[6.600s] Installing goal script to /home/mi/workplace/install/learning/lib/learning
[6.600s] Installing rgb script to /home/mi/workplace/install/learning/lib/learning
[6.601s] Installing rotate script to /home/mi/workplace/install/learning/lib/learning
[6.602s] Installing rotate_until_center1 script to /home/mi/workplace/install/learning/lib/learning
[6.604s] Installing stand script to /home/mi/workplace/install/learning/lib/learning
[6.605s] Installing track script to /home/mi/workplace/install/learning/lib/learning
[6.605s] Installing walk_t_sec script to /home/mi/workplace/install/learning/lib/learning
[6.606s] Installing walktest script to /home/mi/workplace/install/learning/lib/learning
[6.608s] writing list of installed files to '/home/mi/workplace/build/learning/install.log'
[6.753s] Invoked command in '/home/mi/workplace/src/learning' returned '0': PYTHONPATH=/home/mi/workplace/install/learning/lib/python3.6/site-packages:${PYTHONPATH} /usr/bin/python3 setup.py egg_info --egg-base ../../build/learning build --build-base /home/mi/workplace/build/learning/build install --prefix /home/mi/workplace/install/learning --record /home/mi/workplace/build/learning/install.log --single-version-externally-managed
