[3.969s] Invoking command in '/home/mi/workplace/src/learning': PYTHONPATH=/home/mi/workplace/install/learning/lib/python3.6/site-packages:${PYTHONPATH} /usr/bin/python3 setup.py egg_info --egg-base ../../build/learning build --build-base /home/mi/workplace/build/learning/build install --prefix /home/mi/workplace/install/learning --record /home/mi/workplace/build/learning/install.log --single-version-externally-managed
[5.431s] running egg_info
[5.434s] writing ../../build/learning/learning.egg-info/PKG-INFO
[5.435s] writing dependency_links to ../../build/learning/learning.egg-info/dependency_links.txt
[5.436s] writing entry points to ../../build/learning/learning.egg-info/entry_points.txt
[5.438s] writing requirements to ../../build/learning/learning.egg-info/requires.txt
[5.439s] writing top-level names to ../../build/learning/learning.egg-info/top_level.txt
[5.458s] reading manifest file '../../build/learning/learning.egg-info/SOURCES.txt'
[5.462s] writing manifest file '../../build/learning/learning.egg-info/SOURCES.txt'
[5.464s] running build
[5.464s] running build_py
[5.468s] copying learning/walk_t_sec.py -> /home/mi/workplace/build/learning/build/lib/learning
[5.469s] running install
[5.470s] /usr/local/lib/python3.6/dist-packages/setuptools/command/install.py:37: SetuptoolsDeprecationWarning: setup.py install is deprecated. Use build and pip and other standards-based tools.
[5.471s]   setuptools.SetuptoolsDeprecationWarning,
[5.473s] running install_lib
[5.478s] copying /home/mi/workplace/build/learning/build/lib/learning/walk_t_sec.py -> /home/mi/workplace/install/learning/lib/python3.6/site-packages/learning
[5.482s] byte-compiling /home/mi/workplace/install/learning/lib/python3.6/site-packages/learning/walk_t_sec.py to walk_t_sec.cpython-36.pyc
[5.488s] running install_data
[5.492s] running install_egg_info
[5.501s] removing '/home/mi/workplace/install/learning/lib/python3.6/site-packages/learning-0.0.0-py3.6.egg-info' (and everything under it)
[5.503s] Copying ../../build/learning/learning.egg-info to /home/mi/workplace/install/learning/lib/python3.6/site-packages/learning-0.0.0-py3.6.egg-info
[5.509s] running install_scripts
[5.610s] Installing camera script to /home/mi/workplace/install/learning/lib/learning
[5.611s] Installing crash script to /home/mi/workplace/install/learning/lib/learning
[5.612s] Installing data_receive script to /home/mi/workplace/install/learning/lib/learning
[5.612s] Installing rgb script to /home/mi/workplace/install/learning/lib/learning
[5.613s] Installing rotate_until_center1 script to /home/mi/workplace/install/learning/lib/learning
[5.618s] Installing stand script to /home/mi/workplace/install/learning/lib/learning
[5.618s] Installing track script to /home/mi/workplace/install/learning/lib/learning
[5.619s] Installing walk_t_sec script to /home/mi/workplace/install/learning/lib/learning
[5.619s] Installing walktest script to /home/mi/workplace/install/learning/lib/learning
[5.620s] writing list of installed files to '/home/mi/workplace/build/learning/install.log'
[5.748s] Invoked command in '/home/mi/workplace/src/learning' returned '0': PYTHONPATH=/home/mi/workplace/install/learning/lib/python3.6/site-packages:${PYTHONPATH} /usr/bin/python3 setup.py egg_info --egg-base ../../build/learning build --build-base /home/mi/workplace/build/learning/build install --prefix /home/mi/workplace/install/learning --record /home/mi/workplace/build/learning/install.log --single-version-externally-managed
