running egg_info
creating ../../build/learning/learning.egg-info
writing ../../build/learning/learning.egg-info/PKG-INFO
writing dependency_links to ../../build/learning/learning.egg-info/dependency_links.txt
writing entry points to ../../build/learning/learning.egg-info/entry_points.txt
writing requirements to ../../build/learning/learning.egg-info/requires.txt
writing top-level names to ../../build/learning/learning.egg-info/top_level.txt
writing manifest file '../../build/learning/learning.egg-info/SOURCES.txt'
reading manifest file '../../build/learning/learning.egg-info/SOURCES.txt'
writing manifest file '../../build/learning/learning.egg-info/SOURCES.txt'
running build
running build_py
creating /home/mi/workplace/build/learning/build
creating /home/mi/workplace/build/learning/build/lib
creating /home/mi/workplace/build/learning/build/lib/learning
copying learning/walktest.py -> /home/mi/workplace/build/learning/build/lib/learning
copying learning/__init__.py -> /home/mi/workplace/build/learning/build/lib/learning
running install
running install_lib
creating /home/mi/workplace/install/learning/lib/python3.6/site-packages/learning
copying /home/mi/workplace/build/learning/build/lib/learning/walktest.py -> /home/mi/workplace/install/learning/lib/python3.6/site-packages/learning
copying /home/mi/workplace/build/learning/build/lib/learning/__init__.py -> /home/mi/workplace/install/learning/lib/python3.6/site-packages/learning
byte-compiling /home/mi/workplace/install/learning/lib/python3.6/site-packages/learning/walktest.py to walktest.cpython-36.pyc
byte-compiling /home/mi/workplace/install/learning/lib/python3.6/site-packages/learning/__init__.py to __init__.cpython-36.pyc
running install_data
creating /home/mi/workplace/install/learning/share/ament_index
creating /home/mi/workplace/install/learning/share/ament_index/resource_index
creating /home/mi/workplace/install/learning/share/ament_index/resource_index/packages
copying resource/learning -> /home/mi/workplace/install/learning/share/ament_index/resource_index/packages
copying package.xml -> /home/mi/workplace/install/learning/share/learning
running install_egg_info
Copying ../../build/learning/learning.egg-info to /home/mi/workplace/install/learning/lib/python3.6/site-packages/learning-0.0.0-py3.6.egg-info
running install_scripts
Installing walktest script to /home/mi/workplace/install/learning/lib/learning
writing list of installed files to '/home/mi/workplace/build/learning/install.log'
