running egg_info
creating ../../../build/learning/learning.egg-info
writing ../../../build/learning/learning.egg-info/PKG-INFO
writing dependency_links to ../../../build/learning/learning.egg-info/dependency_links.txt
writing entry points to ../../../build/learning/learning.egg-info/entry_points.txt
writing requirements to ../../../build/learning/learning.egg-info/requires.txt
writing top-level names to ../../../build/learning/learning.egg-info/top_level.txt
writing manifest file '../../../build/learning/learning.egg-info/SOURCES.txt'
reading manifest file '../../../build/learning/learning.egg-info/SOURCES.txt'
writing manifest file '../../../build/learning/learning.egg-info/SOURCES.txt'
running build
running build_py
creating /home/mi/build/learning/build
creating /home/mi/build/learning/build/lib
creating /home/mi/build/learning/build/lib/learning
copying learning/walktest.py -> /home/mi/build/learning/build/lib/learning
copying learning/ZED_Tracker_color_range.py -> /home/mi/build/learning/build/lib/learning
copying learning/__init__.py -> /home/mi/build/learning/build/lib/learning
copying learning/camera.py -> /home/mi/build/learning/build/lib/learning
copying learning/stand.py -> /home/mi/build/learning/build/lib/learning
copying learning/track.py -> /home/mi/build/learning/build/lib/learning
copying learning/rgb_cam_suber.py -> /home/mi/build/learning/build/lib/learning
running install
running install_lib
creating /home/mi/install/learning/lib/python3.6/site-packages/learning
copying /home/mi/build/learning/build/lib/learning/walktest.py -> /home/mi/install/learning/lib/python3.6/site-packages/learning
copying /home/mi/build/learning/build/lib/learning/ZED_Tracker_color_range.py -> /home/mi/install/learning/lib/python3.6/site-packages/learning
copying /home/mi/build/learning/build/lib/learning/__init__.py -> /home/mi/install/learning/lib/python3.6/site-packages/learning
copying /home/mi/build/learning/build/lib/learning/camera.py -> /home/mi/install/learning/lib/python3.6/site-packages/learning
copying /home/mi/build/learning/build/lib/learning/stand.py -> /home/mi/install/learning/lib/python3.6/site-packages/learning
copying /home/mi/build/learning/build/lib/learning/track.py -> /home/mi/install/learning/lib/python3.6/site-packages/learning
copying /home/mi/build/learning/build/lib/learning/rgb_cam_suber.py -> /home/mi/install/learning/lib/python3.6/site-packages/learning
byte-compiling /home/mi/install/learning/lib/python3.6/site-packages/learning/walktest.py to walktest.cpython-36.pyc
byte-compiling /home/mi/install/learning/lib/python3.6/site-packages/learning/ZED_Tracker_color_range.py to ZED_Tracker_color_range.cpython-36.pyc
byte-compiling /home/mi/install/learning/lib/python3.6/site-packages/learning/__init__.py to __init__.cpython-36.pyc
byte-compiling /home/mi/install/learning/lib/python3.6/site-packages/learning/camera.py to camera.cpython-36.pyc
byte-compiling /home/mi/install/learning/lib/python3.6/site-packages/learning/stand.py to stand.cpython-36.pyc
byte-compiling /home/mi/install/learning/lib/python3.6/site-packages/learning/track.py to track.cpython-36.pyc
byte-compiling /home/mi/install/learning/lib/python3.6/site-packages/learning/rgb_cam_suber.py to rgb_cam_suber.cpython-36.pyc
running install_data
creating /home/mi/install/learning/share/ament_index
creating /home/mi/install/learning/share/ament_index/resource_index
creating /home/mi/install/learning/share/ament_index/resource_index/packages
copying resource/learning -> /home/mi/install/learning/share/ament_index/resource_index/packages
copying package.xml -> /home/mi/install/learning/share/learning
running install_egg_info
Copying ../../../build/learning/learning.egg-info to /home/mi/install/learning/lib/python3.6/site-packages/learning-0.0.0-py3.6.egg-info
running install_scripts
Installing camera script to /home/mi/install/learning/lib/learning
Installing rgb_cam_suber script to /home/mi/install/learning/lib/learning
Installing stand script to /home/mi/install/learning/lib/learning
Installing track script to /home/mi/install/learning/lib/learning
Installing walktest script to /home/mi/install/learning/lib/learning
writing list of installed files to '/home/mi/build/learning/install.log'
