2024-05-13 21:34:06.034 [info] Log level: Info
2024-05-13 21:34:06.034 [info] Validating found git in: "git"
2024-05-13 21:34:06.034 [info] Using git "2.17.1" from "git"
2024-05-13 21:34:06.034 [info] > git rev-parse --show-toplevel [679ms]
2024-05-13 21:34:06.034 [info] > git rev-parse --git-dir --git-common-dir [274ms]
2024-05-13 21:34:06.034 [info] Open repository: /home/mi
2024-05-13 21:34:06.034 [info] > git rev-parse --show-toplevel [1205ms]
2024-05-13 21:34:06.034 [info] > git config --get commit.template [1224ms]
2024-05-13 21:34:06.154 [info] > git check-ignore -v -z --stdin [301ms]
2024-05-13 21:34:06.165 [info] > git rev-parse --show-toplevel [71ms]
2024-05-13 21:34:06.295 [info] > git for-each-ref --format=%(refname)%00%(upstream:short)%00%(objectname)%00%(upstream:track)%00%(upstream:remotename)%00%(upstream:remoteref) refs/heads/main refs/remotes/main [163ms]
2024-05-13 21:34:06.359 [info] > git rev-parse --show-toplevel [109ms]
2024-05-13 21:34:06.668 [info] > git rev-parse --show-toplevel [105ms]
2024-05-13 21:34:06.760 [info] > git rev-parse --show-toplevel [29ms]
2024-05-13 21:34:06.800 [info] > git rev-parse --show-toplevel [6ms]
2024-05-13 21:34:06.844 [info] > git rev-parse --show-toplevel [23ms]
2024-05-13 21:34:06.954 [info] > git rev-parse --show-toplevel [91ms]
2024-05-13 21:34:07.600 [info] > git rev-parse --show-toplevel [622ms]
2024-05-13 21:34:07.655 [info] > git rev-parse --show-toplevel [28ms]
2024-05-13 21:34:08.188 [info] > git status -z -uall [1492ms]
2024-05-13 21:34:08.191 [info] > git rev-parse --show-toplevel [108ms]
2024-05-13 21:34:14.064 [info] > git merge-base refs/heads/main refs/remotes/origin/main [5507ms]
2024-05-13 21:34:14.090 [info] > git rev-parse --show-toplevel [5880ms]
2024-05-13 21:34:14.189 [info] > git rev-list --count --left-right refs/heads/main...refs/remotes/origin/main [101ms]
2024-05-13 21:34:14.224 [info] > git config --get commit.template [289ms]
2024-05-13 21:34:14.240 [info] > git diff --name-status -z --diff-filter=ADMR 8d6b30f4bf1e51f3b0cd02c16b633a3ca6bedbe1...refs/remotes/origin/main [22ms]
2024-05-13 21:34:14.245 [info] > git rev-parse --show-toplevel [108ms]
2024-05-13 21:34:14.467 [info] > git rev-parse --show-toplevel [176ms]
2024-05-13 21:34:14.469 [info] > git for-each-ref --format=%(refname)%00%(upstream:short)%00%(objectname)%00%(upstream:track)%00%(upstream:remotename)%00%(upstream:remoteref) refs/heads/main refs/remotes/main [198ms]
2024-05-13 21:34:14.510 [info] > git rev-parse --show-toplevel [16ms]
2024-05-13 21:34:14.610 [info] > git rev-parse --show-toplevel [68ms]
2024-05-13 21:34:14.679 [info] > git rev-parse --show-toplevel [43ms]
2024-05-13 21:34:14.765 [info] > git rev-parse --show-toplevel [19ms]
2024-05-13 21:34:15.121 [info] > git rev-parse --show-toplevel [59ms]
2024-05-13 21:34:15.179 [info] > git rev-parse --show-toplevel [35ms]
2024-05-13 21:34:15.229 [info] > git status -z -uall [665ms]
2024-05-13 21:34:15.231 [info] > git rev-parse --show-toplevel [19ms]
2024-05-13 21:34:22.364 [info] > git rev-parse --show-toplevel [1282ms]
2024-05-13 21:34:22.691 [info] > git rev-parse --show-toplevel [103ms]
2024-05-13 21:34:23.086 [info] > git rev-parse --show-toplevel [76ms]
2024-05-13 21:34:23.183 [info] > git rev-parse --show-toplevel [31ms]
2024-05-13 21:34:23.266 [info] > git rev-parse --show-toplevel [39ms]
2024-05-13 21:34:23.401 [info] > git rev-parse --show-toplevel [89ms]
2024-05-13 21:34:23.459 [info] > git rev-parse --show-toplevel [6ms]
2024-05-13 21:34:23.555 [info] > git rev-parse --show-toplevel [62ms]
2024-05-13 21:34:23.633 [info] > git rev-parse --show-toplevel [29ms]
2024-05-13 21:34:23.672 [info] > git rev-parse --show-toplevel [10ms]
2024-05-13 21:34:23.875 [info] > git show --textconv :workplace/src/learning/learning/geometry.py [101ms]
2024-05-13 21:34:23.884 [info] > git ls-files --stage -- /home/mi/workplace/src/learning/learning/geometry.py [52ms]
2024-05-13 21:35:05.134 [info] > git config --get commit.template [31ms]
2024-05-13 21:35:05.138 [info] > git for-each-ref --format=%(refname)%00%(upstream:short)%00%(objectname)%00%(upstream:track)%00%(upstream:remotename)%00%(upstream:remoteref) refs/heads/main refs/remotes/main [9ms]
2024-05-13 21:35:05.575 [info] > git status -z -uall [407ms]
2024-05-13 21:35:11.353 [info] > git config --get commit.template [7ms]
2024-05-13 21:35:11.390 [info] > git for-each-ref --format=%(refname)%00%(upstream:short)%00%(objectname)%00%(upstream:track)%00%(upstream:remotename)%00%(upstream:remoteref) refs/heads/main refs/remotes/main [4ms]
2024-05-13 21:35:11.726 [info] > git status -z -uall [307ms]
2024-05-13 21:35:32.659 [info] > git config --get commit.template [6ms]
2024-05-13 21:35:32.697 [info] > git for-each-ref --format=%(refname)%00%(upstream:short)%00%(objectname)%00%(upstream:track)%00%(upstream:remotename)%00%(upstream:remoteref) refs/heads/main refs/remotes/main [5ms]
2024-05-13 21:35:33.058 [info] > git status -z -uall [332ms]
2024-05-13 21:48:51.826 [info] > git config --get commit.template [5ms]
2024-05-13 21:48:51.858 [info] > git for-each-ref --format=%(refname)%00%(upstream:short)%00%(objectname)%00%(upstream:track)%00%(upstream:remotename)%00%(upstream:remoteref) refs/heads/main refs/remotes/main [7ms]
2024-05-13 21:48:52.245 [info] > git status -z -uall [361ms]
2024-05-13 21:56:36.128 [info] > git config --get commit.template [33ms]
2024-05-13 21:56:36.130 [info] > git for-each-ref --format=%(refname)%00%(upstream:short)%00%(objectname)%00%(upstream:track)%00%(upstream:remotename)%00%(upstream:remoteref) refs/heads/main refs/remotes/main [13ms]
2024-05-13 21:56:36.505 [info] > git status -z -uall [347ms]
2024-05-13 21:56:40.756 [info] > git check-ignore -v -z --stdin [36ms]
2024-05-13 21:56:42.018 [info] > git config --get commit.template [32ms]
2024-05-13 21:56:42.023 [info] > git for-each-ref --format=%(refname)%00%(upstream:short)%00%(objectname)%00%(upstream:track)%00%(upstream:remotename)%00%(upstream:remoteref) refs/heads/main refs/remotes/main [11ms]
2024-05-13 21:56:42.414 [info] > git status -z -uall [359ms]
2024-05-13 21:56:47.893 [info] > git config --get commit.template [6ms]
2024-05-13 21:56:47.927 [info] > git for-each-ref --format=%(refname)%00%(upstream:short)%00%(objectname)%00%(upstream:track)%00%(upstream:remotename)%00%(upstream:remoteref) refs/heads/main refs/remotes/main [5ms]
2024-05-13 21:56:48.268 [info] > git status -z -uall [310ms]
2024-05-13 21:56:52.600 [info] > git check-ignore -v -z --stdin [13ms]
2024-05-13 21:56:53.757 [info] > git config --get commit.template [6ms]
2024-05-13 21:56:53.792 [info] > git for-each-ref --format=%(refname)%00%(upstream:short)%00%(objectname)%00%(upstream:track)%00%(upstream:remotename)%00%(upstream:remoteref) refs/heads/main refs/remotes/main [6ms]
2024-05-13 21:56:54.119 [info] > git status -z -uall [296ms]
2024-05-13 21:56:59.611 [info] > git config --get commit.template [34ms]
2024-05-13 21:56:59.614 [info] > git for-each-ref --format=%(refname)%00%(upstream:short)%00%(objectname)%00%(upstream:track)%00%(upstream:remotename)%00%(upstream:remoteref) refs/heads/main refs/remotes/main [12ms]
2024-05-13 21:56:59.959 [info] > git status -z -uall [313ms]
2024-05-13 21:57:05.476 [info] > git config --get commit.template [36ms]
2024-05-13 21:57:05.481 [info] > git for-each-ref --format=%(refname)%00%(upstream:short)%00%(objectname)%00%(upstream:track)%00%(upstream:remotename)%00%(upstream:remoteref) refs/heads/main refs/remotes/main [14ms]
2024-05-13 21:57:05.814 [info] > git status -z -uall [298ms]
2024-05-13 21:57:09.442 [info] > git for-each-ref --sort -committerdate --format %(refname) %(objectname) %(*objectname) [11ms]
2024-05-13 21:57:09.463 [info] > git for-each-ref --sort -committerdate --format %(refname) %(objectname) %(*objectname) [66ms]
2024-05-13 21:57:22.779 [info] > git checkout -q -b whf_play --no-track HEAD [668ms]
2024-05-13 21:57:22.848 [info] > git config --get commit.template [36ms]
2024-05-13 21:57:22.850 [info] > git for-each-ref --format=%(refname)%00%(upstream:short)%00%(objectname)%00%(upstream:track)%00%(upstream:remotename)%00%(upstream:remoteref) refs/heads/whf_play refs/remotes/whf_play [5ms]
2024-05-13 21:57:23.177 [info] > git status -z -uall [294ms]
2024-05-13 21:57:26.700 [info] > git config --get commit.template [46ms]
2024-05-13 21:57:26.782 [info] > git for-each-ref --format=%(refname)%00%(upstream:short)%00%(objectname)%00%(upstream:track)%00%(upstream:remotename)%00%(upstream:remoteref) refs/heads/whf_play refs/remotes/whf_play [45ms]
2024-05-13 21:57:26.818 [info] > git ls-files --stage -- /home/mi/workplace/src/learning/learning/geometry.py [39ms]
2024-05-13 21:57:26.889 [info] > git show --textconv :workplace/src/learning/learning/geometry.py [12ms]
2024-05-13 21:57:27.102 [info] > git status -z -uall [288ms]
2024-05-13 21:57:41.404 [info] > git check-ignore -v -z --stdin [12ms]
2024-05-13 21:57:55.020 [info] > git show --textconv :workplace/src/data_collect/data_collect [43ms]
2024-05-13 21:57:55.028 [info] > git ls-files --stage -- /home/mi/workplace/src/data_collect/data_collect [12ms]
2024-05-13 21:57:55.085 [info] > git check-ignore -v -z --stdin [14ms]
2024-05-13 21:58:00.838 [info] > git show --textconv :workplace/src/data_collect/data_collect.py [40ms]
2024-05-13 21:58:00.847 [info] > git ls-files --stage -- /home/mi/workplace/src/data_collect/data_collect.py [12ms]
2024-05-13 21:58:01.087 [info] > git check-ignore -v -z --stdin [29ms]
2024-05-13 21:58:06.192 [info] > git show --textconv :workplace/src/learning/learning/geometry.py [63ms]
2024-05-13 21:58:06.248 [info] > git ls-files --stage -- /home/mi/workplace/src/learning/learning/geometry.py [42ms]
2024-05-13 21:58:29.410 [info] > git show --textconv :workplace/src/data_collect/data_collect/collect [38ms]
2024-05-13 21:58:29.419 [info] > git ls-files --stage -- /home/mi/workplace/src/data_collect/data_collect/collect [13ms]
2024-05-13 21:58:29.635 [info] > git check-ignore -v -z --stdin [14ms]
2024-05-13 21:58:41.483 [info] > git show --textconv :workplace/src/data_collect/data_collect/collect.py [35ms]
2024-05-13 21:58:41.500 [info] > git ls-files --stage -- /home/mi/workplace/src/data_collect/data_collect/collect.py [24ms]
2024-05-13 21:58:41.703 [info] > git check-ignore -v -z --stdin [13ms]
2024-05-13 21:58:43.976 [info] > git check-ignore -v -z --stdin [19ms]
2024-05-13 21:58:51.062 [info] > git show --textconv :workplace/src/learning/package.xml [35ms]
2024-05-13 21:58:51.069 [info] > git ls-files --stage -- /home/mi/workplace/src/learning/package.xml [12ms]
2024-05-13 21:58:51.098 [info] > git cat-file -s e3bd95ba842cd467d9921b9d569f7fd3e0aa636d [5ms]
2024-05-13 21:59:09.569 [info] > git check-ignore -v -z --stdin [15ms]
2024-05-13 21:59:14.544 [info] > git check-ignore -v -z --stdin [16ms]
2024-05-13 21:59:15.247 [info] > git show --textconv :workplace/src/learning/resource/learning [37ms]
2024-05-13 21:59:15.256 [info] > git ls-files --stage -- /home/mi/workplace/src/learning/resource/learning [16ms]
2024-05-13 21:59:15.283 [info] > git cat-file -s e69de29bb2d1d6434b8b29ae775ad8c2e48c5391 [4ms]
2024-05-13 21:59:17.111 [info] > git check-ignore -v -z --stdin [14ms]
2024-05-13 21:59:18.249 [info] > git show --textconv :workplace/src/learning/test/test_copyright.py [32ms]
2024-05-13 21:59:18.258 [info] > git ls-files --stage -- /home/mi/workplace/src/learning/test/test_copyright.py [14ms]
2024-05-13 21:59:18.287 [info] > git cat-file -s cc8ff03f79abb8eb061827a24f2a331e052c5c37 [8ms]
2024-05-13 21:59:20.847 [info] > git show --textconv :workplace/src/learning/test/test_flake8.py [59ms]
2024-05-13 21:59:20.864 [info] > git ls-files --stage -- /home/mi/workplace/src/learning/test/test_flake8.py [42ms]
2024-05-13 21:59:20.893 [info] > git cat-file -s 27ee1078ff077cc3a0fec75b7d023101a68164d1 [4ms]
2024-05-13 21:59:21.708 [info] > git show --textconv :workplace/src/learning/test/test_pep257.py [44ms]
2024-05-13 21:59:21.727 [info] > git ls-files --stage -- /home/mi/workplace/src/learning/test/test_pep257.py [23ms]
2024-05-13 21:59:21.805 [info] > git cat-file -s b234a3840f4c5bd38f043638c8622b8f240e1185 [49ms]
2024-05-13 22:01:40.014 [info] > git check-ignore -v -z --stdin [14ms]
2024-05-13 22:06:39.239 [info] > git check-ignore -v -z --stdin [17ms]
2024-05-13 22:06:40.778 [info] > git check-ignore -v -z --stdin [27ms]
2024-05-13 22:06:49.660 [info] > git check-ignore -v -z --stdin [17ms]
2024-05-13 22:06:59.085 [info] > git check-ignore -v -z --stdin [16ms]
2024-05-13 22:07:51.983 [info] > git check-ignore -v -z --stdin [13ms]
2024-05-13 22:07:55.711 [info] > git check-ignore -v -z --stdin [14ms]
2024-05-13 22:07:58.844 [info] > git check-ignore -v -z --stdin [15ms]
2024-05-13 22:08:13.575 [info] > git show --textconv :workplace/src/identify/package.xml [39ms]
2024-05-13 22:08:13.591 [info] > git ls-files --stage -- /home/mi/workplace/src/identify/package.xml [16ms]
2024-05-13 22:08:22.582 [info] > git show --textconv :workplace/src/learning/package.xml [40ms]
2024-05-13 22:08:22.587 [info] > git ls-files --stage -- /home/mi/workplace/src/learning/package.xml [19ms]
2024-05-13 22:08:22.615 [info] > git cat-file -s e3bd95ba842cd467d9921b9d569f7fd3e0aa636d [4ms]
2024-05-13 22:08:48.352 [info] > git show --textconv :workplace/src/identify/package.xml [40ms]
2024-05-13 22:08:48.359 [info] > git ls-files --stage -- /home/mi/workplace/src/identify/package.xml [16ms]
2024-05-13 22:09:16.711 [info] > git show --textconv :workplace/src/learning/package.xml [38ms]
2024-05-13 22:09:16.719 [info] > git ls-files --stage -- /home/mi/workplace/src/learning/package.xml [14ms]
2024-05-13 22:09:16.746 [info] > git cat-file -s e3bd95ba842cd467d9921b9d569f7fd3e0aa636d [3ms]
2024-05-13 22:09:18.818 [info] > git show --textconv :workplace/src/identify/package.xml [29ms]
2024-05-13 22:09:18.826 [info] > git ls-files --stage -- /home/mi/workplace/src/identify/package.xml [14ms]
2024-05-13 22:09:20.020 [info] > git show --textconv :workplace/src/learning/package.xml [35ms]
2024-05-13 22:09:20.027 [info] > git ls-files --stage -- /home/mi/workplace/src/learning/package.xml [14ms]
2024-05-13 22:09:20.052 [info] > git cat-file -s e3bd95ba842cd467d9921b9d569f7fd3e0aa636d [4ms]
2024-05-13 22:09:26.927 [info] > git show --textconv :workplace/src/identify/package.xml [35ms]
2024-05-13 22:09:26.934 [info] > git ls-files --stage -- /home/mi/workplace/src/identify/package.xml [12ms]
2024-05-13 22:09:28.176 [info] > git show --textconv :workplace/src/learning/package.xml [35ms]
2024-05-13 22:09:28.183 [info] > git ls-files --stage -- /home/mi/workplace/src/learning/package.xml [14ms]
2024-05-13 22:09:28.210 [info] > git cat-file -s e3bd95ba842cd467d9921b9d569f7fd3e0aa636d [6ms]
2024-05-13 22:09:35.985 [info] > git show --textconv :workplace/src/identify/package.xml [31ms]
2024-05-13 22:09:35.989 [info] > git ls-files --stage -- /home/mi/workplace/src/identify/package.xml [13ms]
2024-05-13 22:09:37.374 [info] > git show --textconv :workplace/src/learning/package.xml [31ms]
2024-05-13 22:09:37.383 [info] > git ls-files --stage -- /home/mi/workplace/src/learning/package.xml [15ms]
2024-05-13 22:09:37.408 [info] > git cat-file -s e3bd95ba842cd467d9921b9d569f7fd3e0aa636d [4ms]
2024-05-13 22:09:40.590 [info] > git show --textconv :workplace/src/identify/package.xml [28ms]
2024-05-13 22:09:40.597 [info] > git ls-files --stage -- /home/mi/workplace/src/identify/package.xml [12ms]
2024-05-13 22:09:41.548 [info] > git show --textconv :workplace/src/learning/package.xml [35ms]
2024-05-13 22:09:41.554 [info] > git ls-files --stage -- /home/mi/workplace/src/learning/package.xml [14ms]
2024-05-13 22:09:41.582 [info] > git cat-file -s e3bd95ba842cd467d9921b9d569f7fd3e0aa636d [8ms]
2024-05-13 22:09:51.915 [info] > git show --textconv :workplace/src/identify/package.xml [33ms]
2024-05-13 22:09:51.919 [info] > git ls-files --stage -- /home/mi/workplace/src/identify/package.xml [16ms]
2024-05-13 22:10:18.623 [info] > git show --textconv :workplace/src/learning/package.xml [37ms]
2024-05-13 22:10:18.627 [info] > git ls-files --stage -- /home/mi/workplace/src/learning/package.xml [16ms]
2024-05-13 22:10:18.656 [info] > git cat-file -s e3bd95ba842cd467d9921b9d569f7fd3e0aa636d [6ms]
2024-05-13 22:10:29.020 [info] > git show --textconv :workplace/src/identify/package.xml [35ms]
2024-05-13 22:10:29.029 [info] > git ls-files --stage -- /home/mi/workplace/src/identify/package.xml [17ms]
2024-05-13 22:10:30.595 [info] > git show --textconv :workplace/src/learning/package.xml [37ms]
2024-05-13 22:10:30.601 [info] > git ls-files --stage -- /home/mi/workplace/src/learning/package.xml [13ms]
2024-05-13 22:10:30.633 [info] > git cat-file -s e3bd95ba842cd467d9921b9d569f7fd3e0aa636d [5ms]
2024-05-13 22:10:35.607 [info] > git show --textconv :workplace/src/learning/setup.cfg [37ms]
2024-05-13 22:10:35.612 [info] > git ls-files --stage -- /home/mi/workplace/src/learning/setup.cfg [17ms]
2024-05-13 22:10:35.637 [info] > git cat-file -s ca98a7f59095777099163f475c26e1718a910d47 [5ms]
2024-05-13 22:10:41.919 [info] > git check-ignore -v -z --stdin [16ms]
2024-05-13 22:10:43.189 [info] > git show --textconv :workplace/src/identify/setup.py [33ms]
2024-05-13 22:10:43.197 [info] > git ls-files --stage -- /home/mi/workplace/src/identify/setup.py [16ms]
2024-05-13 22:10:45.516 [info] > git show --textconv :workplace/src/identify/CMakeLists.txt [60ms]
2024-05-13 22:10:45.527 [info] > git ls-files --stage -- /home/mi/workplace/src/identify/CMakeLists.txt [17ms]
2024-05-13 22:11:00.556 [info] > git show --textconv :workplace/src/learning/package.xml [37ms]
2024-05-13 22:11:00.566 [info] > git ls-files --stage -- /home/mi/workplace/src/learning/package.xml [16ms]
2024-05-13 22:11:00.593 [info] > git cat-file -s e3bd95ba842cd467d9921b9d569f7fd3e0aa636d [4ms]
2024-05-13 22:11:27.088 [info] > git config --get commit.template [47ms]
2024-05-13 22:11:27.136 [info] > git for-each-ref --format=%(refname)%00%(upstream:short)%00%(objectname)%00%(upstream:track)%00%(upstream:remotename)%00%(upstream:remoteref) refs/heads/whf_play refs/remotes/whf_play [10ms]
2024-05-13 22:11:27.596 [info] > git status -z -uall [420ms]
2024-05-13 22:12:24.859 [info] > git check-ignore -v -z --stdin [17ms]
2024-05-13 22:12:38.939 [info] > git check-ignore -v -z --stdin [18ms]
2024-05-13 22:12:40.043 [info] > git show --textconv :workplace/src/ai/package.xml [37ms]
2024-05-13 22:12:40.049 [info] > git ls-files --stage -- /home/mi/workplace/src/ai/package.xml [14ms]
2024-05-13 22:12:44.265 [info] > git show --textconv :workplace/src/learning/package.xml [32ms]
2024-05-13 22:12:44.274 [info] > git ls-files --stage -- /home/mi/workplace/src/learning/package.xml [14ms]
2024-05-13 22:12:44.304 [info] > git cat-file -s e3bd95ba842cd467d9921b9d569f7fd3e0aa636d [5ms]
2024-05-13 22:12:45.303 [info] > git show --textconv :workplace/src/ai/package.xml [32ms]
2024-05-13 22:12:45.312 [info] > git ls-files --stage -- /home/mi/workplace/src/ai/package.xml [11ms]
2024-05-13 22:12:46.527 [info] > git show --textconv :workplace/src/learning/package.xml [34ms]
2024-05-13 22:12:46.535 [info] > git ls-files --stage -- /home/mi/workplace/src/learning/package.xml [15ms]
2024-05-13 22:12:46.573 [info] > git cat-file -s e3bd95ba842cd467d9921b9d569f7fd3e0aa636d [8ms]
2024-05-13 22:12:48.908 [info] > git show --textconv :workplace/src/ai/package.xml [29ms]
2024-05-13 22:12:48.918 [info] > git ls-files --stage -- /home/mi/workplace/src/ai/package.xml [14ms]
2024-05-13 22:12:50.657 [info] > git show --textconv :workplace/src/learning/package.xml [41ms]
2024-05-13 22:12:50.662 [info] > git ls-files --stage -- /home/mi/workplace/src/learning/package.xml [16ms]
2024-05-13 22:12:50.694 [info] > git cat-file -s e3bd95ba842cd467d9921b9d569f7fd3e0aa636d [4ms]
2024-05-13 22:12:55.052 [info] > git show --textconv :workplace/src/ai/package.xml [29ms]
2024-05-13 22:12:55.061 [info] > git ls-files --stage -- /home/mi/workplace/src/ai/package.xml [12ms]
2024-05-13 22:13:01.870 [info] > git show --textconv :workplace/src/learning/package.xml [36ms]
2024-05-13 22:13:01.877 [info] > git ls-files --stage -- /home/mi/workplace/src/learning/package.xml [13ms]
2024-05-13 22:13:01.912 [info] > git cat-file -s e3bd95ba842cd467d9921b9d569f7fd3e0aa636d [10ms]
2024-05-13 22:13:05.742 [info] > git show --textconv :workplace/src/ai/package.xml [34ms]
2024-05-13 22:13:05.751 [info] > git ls-files --stage -- /home/mi/workplace/src/ai/package.xml [17ms]
2024-05-13 22:13:07.910 [info] > git show --textconv :workplace/src/learning/package.xml [34ms]
2024-05-13 22:13:07.916 [info] > git ls-files --stage -- /home/mi/workplace/src/learning/package.xml [13ms]
2024-05-13 22:13:07.947 [info] > git cat-file -s e3bd95ba842cd467d9921b9d569f7fd3e0aa636d [5ms]
2024-05-13 22:13:10.706 [info] > git show --textconv :workplace/src/ai/package.xml [41ms]
2024-05-13 22:13:10.711 [info] > git ls-files --stage -- /home/mi/workplace/src/ai/package.xml [13ms]
2024-05-13 22:13:11.763 [info] > git show --textconv :workplace/src/learning/package.xml [34ms]
2024-05-13 22:13:11.771 [info] > git ls-files --stage -- /home/mi/workplace/src/learning/package.xml [14ms]
2024-05-13 22:13:11.802 [info] > git cat-file -s e3bd95ba842cd467d9921b9d569f7fd3e0aa636d [7ms]
2024-05-13 22:13:12.680 [info] > git show --textconv :workplace/src/ai/package.xml [46ms]
2024-05-13 22:13:12.687 [info] > git ls-files --stage -- /home/mi/workplace/src/ai/package.xml [16ms]
2024-05-13 22:13:13.475 [info] > git show --textconv :workplace/src/learning/package.xml [33ms]
2024-05-13 22:13:13.482 [info] > git ls-files --stage -- /home/mi/workplace/src/learning/package.xml [13ms]
2024-05-13 22:13:13.511 [info] > git cat-file -s e3bd95ba842cd467d9921b9d569f7fd3e0aa636d [4ms]
2024-05-13 22:13:14.358 [info] > git show --textconv :workplace/src/ai/package.xml [44ms]
2024-05-13 22:13:14.367 [info] > git ls-files --stage -- /home/mi/workplace/src/ai/package.xml [18ms]
2024-05-13 22:13:15.147 [info] > git show --textconv :workplace/src/learning/package.xml [32ms]
2024-05-13 22:13:15.154 [info] > git ls-files --stage -- /home/mi/workplace/src/learning/package.xml [13ms]
2024-05-13 22:13:15.183 [info] > git cat-file -s e3bd95ba842cd467d9921b9d569f7fd3e0aa636d [4ms]
2024-05-13 22:13:19.607 [info] > git show --textconv :workplace/src/ai/setup.py [69ms]
2024-05-13 22:13:19.635 [info] > git ls-files --stage -- /home/mi/workplace/src/ai/setup.py [65ms]
2024-05-13 22:13:23.589 [info] > git show --textconv :workplace/src/learning/setup.py [42ms]
2024-05-13 22:13:23.606 [info] > git ls-files --stage -- /home/mi/workplace/src/learning/setup.py [30ms]
2024-05-13 22:13:23.639 [info] > git cat-file -s 2064cf4f9a1bcc987c076d555df4f3e78eeea6af [7ms]
2024-05-13 22:13:29.390 [info] > git show --textconv :workplace/src/ai/setup.py [34ms]
2024-05-13 22:13:29.401 [info] > git ls-files --stage -- /home/mi/workplace/src/ai/setup.py [17ms]
2024-05-13 22:13:49.001 [info] > git check-ignore -v -z --stdin [17ms]
2024-05-13 22:13:56.760 [info] > git show --textconv :workplace/src/ai/ai/photo.py [30ms]
2024-05-13 22:13:56.775 [info] > git ls-files --stage -- /home/mi/workplace/src/ai/ai/photo.py [18ms]
2024-05-13 22:13:56.980 [info] > git check-ignore -v -z --stdin [13ms]
2024-05-13 22:14:04.767 [info] > git show --textconv :workplace/src/learning/learning/camera.py [67ms]
2024-05-13 22:14:04.774 [info] > git ls-files --stage -- /home/mi/workplace/src/learning/learning/camera.py [22ms]
2024-05-13 22:14:04.805 [info] > git cat-file -s 57d25ca86ebe15ac4fd13d672c220a5052800460 [3ms]
2024-05-13 22:14:27.461 [info] > git show --textconv :workplace/src/learning/learning/rgb_cam_suber.py [48ms]
2024-05-13 22:14:27.467 [info] > git ls-files --stage -- /home/mi/workplace/src/learning/learning/rgb_cam_suber.py [26ms]
2024-05-13 22:14:27.509 [info] > git cat-file -s 3e0ff7b208544c4d0f41fce9b6bf39ae1679ec55 [17ms]
2024-05-13 22:14:34.875 [info] > git show --textconv :workplace/src/ai/ai/photo.py [32ms]
2024-05-13 22:14:34.885 [info] > git ls-files --stage -- /home/mi/workplace/src/ai/ai/photo.py [15ms]
2024-05-13 22:14:55.880 [info] > git config --get commit.template [5ms]
2024-05-13 22:14:55.910 [info] > git for-each-ref --format=%(refname)%00%(upstream:short)%00%(objectname)%00%(upstream:track)%00%(upstream:remotename)%00%(upstream:remoteref) refs/heads/whf_play refs/remotes/whf_play [6ms]
2024-05-13 22:14:56.300 [info] > git status -z -uall [363ms]
2024-05-13 22:15:12.439 [info] > git check-ignore -v -z --stdin [22ms]
2024-05-13 22:16:06.108 [info] > git show --textconv :workplace/src/learning/learning/camera.py [77ms]
2024-05-13 22:16:06.119 [info] > git ls-files --stage -- /home/mi/workplace/src/learning/learning/camera.py [54ms]
2024-05-13 22:16:06.151 [info] > git cat-file -s 57d25ca86ebe15ac4fd13d672c220a5052800460 [7ms]
2024-05-13 22:16:12.759 [info] > git show --textconv :workplace/src/learning/learning/see_and_crash.py [67ms]
2024-05-13 22:16:12.766 [info] > git ls-files --stage -- /home/mi/workplace/src/learning/learning/see_and_crash.py [18ms]
2024-05-13 22:16:12.802 [info] > git cat-file -s 44eef78457e5717ebd25127e3635dbcf502a9ce3 [6ms]
2024-05-13 22:16:16.243 [info] > git show --textconv :workplace/src/learning/learning/stop_node.py [54ms]
2024-05-13 22:16:16.250 [info] > git ls-files --stage -- /home/mi/workplace/src/learning/learning/stop_node.py [26ms]
2024-05-13 22:16:18.868 [info] > git show --textconv :workplace/src/learning/learning/ZED_Tracker_color_range.py [49ms]
2024-05-13 22:16:18.875 [info] > git ls-files --stage -- /home/mi/workplace/src/learning/learning/ZED_Tracker_color_range.py [19ms]
2024-05-13 22:16:18.909 [info] > git cat-file -s 7e2c5976d7c94eec15778677ea960a2635100827 [7ms]
2024-05-13 22:16:32.478 [info] > git show --textconv :workplace/src/ai/ai/photo.py [41ms]
2024-05-13 22:16:32.487 [info] > git ls-files --stage -- /home/mi/workplace/src/ai/ai/photo.py [23ms]
2024-05-13 22:20:49.599 [info] > git config --get commit.template [6ms]
2024-05-13 22:20:49.632 [info] > git for-each-ref --format=%(refname)%00%(upstream:short)%00%(objectname)%00%(upstream:track)%00%(upstream:remotename)%00%(upstream:remoteref) refs/heads/whf_play refs/remotes/whf_play [5ms]
2024-05-13 22:20:49.989 [info] > git status -z -uall [327ms]
2024-05-13 22:20:55.453 [info] > git config --get commit.template [4ms]
2024-05-13 22:20:55.488 [info] > git for-each-ref --format=%(refname)%00%(upstream:short)%00%(objectname)%00%(upstream:track)%00%(upstream:remotename)%00%(upstream:remoteref) refs/heads/whf_play refs/remotes/whf_play [6ms]
2024-05-13 22:20:55.842 [info] > git status -z -uall [323ms]
2024-05-13 22:21:01.291 [info] > git config --get commit.template [11ms]
2024-05-13 22:21:01.329 [info] > git for-each-ref --format=%(refname)%00%(upstream:short)%00%(objectname)%00%(upstream:track)%00%(upstream:remotename)%00%(upstream:remoteref) refs/heads/whf_play refs/remotes/whf_play [5ms]
2024-05-13 22:21:01.647 [info] > git status -z -uall [285ms]
2024-05-13 22:24:52.791 [info] > git show --textconv :workplace/src/ai/setup.py [38ms]
2024-05-13 22:24:52.798 [info] > git ls-files --stage -- /home/mi/workplace/src/ai/setup.py [16ms]
2024-05-13 22:25:10.559 [info] > git show --textconv :workplace/src/learning/setup.py [43ms]
2024-05-13 22:25:10.582 [info] > git ls-files --stage -- /home/mi/workplace/src/learning/setup.py [32ms]
2024-05-13 22:25:10.618 [info] > git cat-file -s 2064cf4f9a1bcc987c076d555df4f3e78eeea6af [6ms]
2024-05-13 22:25:17.202 [info] > git show --textconv :workplace/src/ai/setup.py [50ms]
2024-05-13 22:25:17.215 [info] > git ls-files --stage -- /home/mi/workplace/src/ai/setup.py [21ms]
2024-05-13 22:27:02.967 [info] > git show --textconv :workplace/src/learning/package.xml [38ms]
2024-05-13 22:27:02.974 [info] > git ls-files --stage -- /home/mi/workplace/src/learning/package.xml [12ms]
2024-05-13 22:27:03.004 [info] > git cat-file -s e3bd95ba842cd467d9921b9d569f7fd3e0aa636d [5ms]
2024-05-13 22:27:04.627 [info] > git show --textconv :workplace/src/ai/setup.py [42ms]
2024-05-13 22:27:04.633 [info] > git ls-files --stage -- /home/mi/workplace/src/ai/setup.py [17ms]
2024-05-13 22:27:06.144 [info] > git show --textconv :workplace/src/learning/setup.py [44ms]
2024-05-13 22:27:06.156 [info] > git ls-files --stage -- /home/mi/workplace/src/learning/setup.py [19ms]
2024-05-13 22:27:06.189 [info] > git cat-file -s 2064cf4f9a1bcc987c076d555df4f3e78eeea6af [7ms]
2024-05-13 22:27:06.902 [info] > git show --textconv :workplace/src/ai/setup.py [35ms]
2024-05-13 22:27:06.913 [info] > git ls-files --stage -- /home/mi/workplace/src/ai/setup.py [18ms]
2024-05-13 22:27:07.862 [info] > git show --textconv :workplace/src/ai/ai/photo.py [37ms]
2024-05-13 22:27:07.868 [info] > git ls-files --stage -- /home/mi/workplace/src/ai/ai/photo.py [13ms]
2024-05-13 22:28:23.102 [info] > git config --get commit.template [5ms]
2024-05-13 22:28:23.136 [info] > git for-each-ref --format=%(refname)%00%(upstream:short)%00%(objectname)%00%(upstream:track)%00%(upstream:remotename)%00%(upstream:remoteref) refs/heads/whf_play refs/remotes/whf_play [7ms]
2024-05-13 22:28:23.604 [info] > git show --textconv :README.md [203ms]
2024-05-13 22:28:23.605 [info] > git ls-files --stage -- /home/mi/README.md [176ms]
2024-05-13 22:28:23.667 [info] > git cat-file -s 7b01e21cfe3dad56c8a37ea5f2728290e55d4b0b [28ms]
2024-05-13 22:28:23.714 [info] > git status -z -uall [550ms]
2024-05-13 22:30:04.689 [info] > git show --textconv :workplace/src/ai/ai/photo.py [66ms]
2024-05-13 22:30:04.691 [info] > git ls-files --stage -- /home/mi/workplace/src/ai/ai/photo.py [32ms]
2024-05-13 22:31:17.687 [info] > git check-ignore -v -z --stdin [23ms]
2024-05-13 22:31:18.959 [info] > git check-ignore -v -z --stdin [21ms]
2024-05-13 22:32:23.692 [info] > git show --textconv :.bashrc [38ms]
2024-05-13 22:32:23.710 [info] > git ls-files --stage -- /home/mi/.bashrc [23ms]
2024-05-13 22:32:23.745 [info] > git cat-file -s 0787b3142632c83a88f185be4c1567c05cc2f849 [4ms]
2024-05-13 22:33:05.995 [info] > git check-ignore -v -z --stdin [22ms]
2024-05-13 22:33:06.742 [info] > git check-ignore -v -z --stdin [17ms]
2024-05-13 22:33:08.105 [info] > git show --textconv :workplace/install/setup.bash [47ms]
2024-05-13 22:33:08.116 [info] > git ls-files --stage -- /home/mi/workplace/install/setup.bash [14ms]
2024-05-13 22:33:08.151 [info] > git cat-file -s 1f400a394a288410ced59e77fe12af5e9fde778c [6ms]
2024-05-13 22:33:23.720 [info] > git show --textconv :workplace/install/setup.sh [53ms]
2024-05-13 22:33:23.729 [info] > git ls-files --stage -- /home/mi/workplace/install/setup.sh [25ms]
2024-05-13 22:33:23.770 [info] > git cat-file -s ad85a9304b879ea0bb50a88b96e38da329337d94 [6ms]
2024-05-13 22:35:13.878 [info] > git ls-files --stage -- /home/mi/workplace/install/setup.sh [14ms]
2024-05-13 22:35:13.912 [info] > git cat-file -s ad85a9304b879ea0bb50a88b96e38da329337d94 [6ms]
2024-05-13 22:35:14.064 [info] > git show --textconv :workplace/install/setup.sh [14ms]
2024-05-13 22:35:17.894 [info] > git ls-files --stage -- /home/mi/workplace/install/setup.sh [14ms]
2024-05-13 22:35:17.930 [info] > git cat-file -s ad85a9304b879ea0bb50a88b96e38da329337d94 [6ms]
2024-05-13 22:35:17.987 [info] > git show --textconv :workplace/install/setup.sh [14ms]
2024-05-13 22:36:04.463 [info] > git ls-files --stage -- /home/mi/workplace/install/setup.sh [14ms]
2024-05-13 22:36:04.499 [info] > git cat-file -s ad85a9304b879ea0bb50a88b96e38da329337d94 [5ms]
2024-05-13 22:36:04.561 [info] > git show --textconv :workplace/install/setup.sh [17ms]
2024-05-13 22:36:07.580 [info] > git ls-files --stage -- /home/mi/workplace/install/setup.sh [15ms]
2024-05-13 22:36:07.620 [info] > git cat-file -s ad85a9304b879ea0bb50a88b96e38da329337d94 [8ms]
2024-05-13 22:36:07.685 [info] > git show --textconv :workplace/install/setup.sh [13ms]
2024-05-13 22:37:17.224 [info] > git ls-files --stage -- /home/mi/workplace/install/setup.sh [13ms]
2024-05-13 22:37:17.261 [info] > git cat-file -s ad85a9304b879ea0bb50a88b96e38da329337d94 [5ms]
2024-05-13 22:37:17.370 [info] > git show --textconv :workplace/install/setup.sh [19ms]
2024-05-13 22:38:07.009 [info] > git ls-files --stage -- /home/mi/workplace/install/setup.sh [17ms]
2024-05-13 22:38:07.047 [info] > git cat-file -s ad85a9304b879ea0bb50a88b96e38da329337d94 [5ms]
2024-05-13 22:38:07.127 [info] > git show --textconv :workplace/install/setup.sh [21ms]
2024-05-13 22:38:14.777 [info] > git ls-files --stage -- /home/mi/workplace/install/setup.sh [13ms]
2024-05-13 22:38:14.813 [info] > git cat-file -s ad85a9304b879ea0bb50a88b96e38da329337d94 [4ms]
2024-05-13 22:38:14.878 [info] > git show --textconv :workplace/install/setup.sh [17ms]
2024-05-13 22:38:27.205 [info] > git show --textconv :workplace/src/ai/setup.py [120ms]
2024-05-13 22:38:27.215 [info] > git ls-files --stage -- /home/mi/workplace/src/ai/setup.py [50ms]
2024-05-13 22:38:27.257 [info] > git cat-file -s 941416fad11051c1617f648ca9475d48a440d79f [10ms]
2024-05-13 22:40:53.980 [info] > git show --textconv :workplace/src/ai/package.xml [52ms]
2024-05-13 22:40:53.984 [info] > git ls-files --stage -- /home/mi/workplace/src/ai/package.xml [18ms]
2024-05-13 22:40:54.017 [info] > git cat-file -s aa4c5aca4ed2b19d855b9a8c65a5d91c6533b977 [5ms]
2024-05-13 22:41:01.614 [info] > git show --textconv :workplace/src/learning/package.xml [46ms]
2024-05-13 22:41:01.624 [info] > git ls-files --stage -- /home/mi/workplace/src/learning/package.xml [18ms]
2024-05-13 22:41:01.660 [info] > git cat-file -s e3bd95ba842cd467d9921b9d569f7fd3e0aa636d [4ms]
2024-05-13 22:42:26.946 [info] > git check-ignore -v -z --stdin [17ms]
2024-05-13 22:42:28.563 [info] > git check-ignore -v -z --stdin [16ms]
2024-05-13 22:42:56.064 [info] > git show --textconv :workplace/src/ai/ai/__init__.py [72ms]
2024-05-13 22:42:56.077 [info] > git ls-files --stage -- /home/mi/workplace/src/ai/ai/__init__.py [37ms]
2024-05-13 22:42:56.146 [info] > git cat-file -s e69de29bb2d1d6434b8b29ae775ad8c2e48c5391 [15ms]
2024-05-13 22:45:49.841 [info] > git show --textconv :.bashrc [44ms]
2024-05-13 22:45:49.849 [info] > git ls-files --stage -- /home/mi/.bashrc [18ms]
2024-05-13 22:45:49.890 [info] > git cat-file -s 0787b3142632c83a88f185be4c1567c05cc2f849 [7ms]
2024-05-13 22:46:09.647 [info] > git check-ignore -v -z --stdin [17ms]
2024-05-13 22:46:11.080 [info] > git check-ignore -v -z --stdin [23ms]
2024-05-13 22:46:12.204 [info] > git check-ignore -v -z --stdin [18ms]
2024-05-13 22:46:13.344 [info] > git check-ignore -v -z --stdin [17ms]
2024-05-13 22:46:14.482 [info] > git show --textconv :workplace/install/ai/lib/python3.6/site-packages/ai/photo.py [75ms]
2024-05-13 22:46:14.494 [info] > git ls-files --stage -- /home/mi/workplace/install/ai/lib/python3.6/site-packages/ai/photo.py [32ms]
2024-05-13 22:46:17.087 [info] > git check-ignore -v -z --stdin [18ms]
2024-05-13 22:46:21.290 [info] > git show --textconv :workplace/install/setup.bash [47ms]
2024-05-13 22:46:21.302 [info] > git ls-files --stage -- /home/mi/workplace/install/setup.bash [25ms]
2024-05-13 22:46:21.342 [info] > git cat-file -s 1f400a394a288410ced59e77fe12af5e9fde778c [6ms]
2024-05-13 22:46:41.817 [info] > git check-ignore -v -z --stdin [23ms]
2024-05-13 22:47:11.755 [info] > git show --textconv :workplace/src/ai/package.xml [44ms]
2024-05-13 22:47:11.762 [info] > git ls-files --stage -- /home/mi/workplace/src/ai/package.xml [18ms]
2024-05-13 22:47:11.796 [info] > git cat-file -s aa4c5aca4ed2b19d855b9a8c65a5d91c6533b977 [6ms]
2024-05-13 22:47:19.865 [info] > git show --textconv :workplace/src/learning/package.xml [38ms]
2024-05-13 22:47:19.873 [info] > git ls-files --stage -- /home/mi/workplace/src/learning/package.xml [13ms]
2024-05-13 22:47:19.916 [info] > git cat-file -s e3bd95ba842cd467d9921b9d569f7fd3e0aa636d [7ms]
2024-05-13 22:47:21.260 [info] > git show --textconv :workplace/src/ai/package.xml [48ms]
2024-05-13 22:47:21.270 [info] > git ls-files --stage -- /home/mi/workplace/src/ai/package.xml [16ms]
2024-05-13 22:47:21.304 [info] > git cat-file -s aa4c5aca4ed2b19d855b9a8c65a5d91c6533b977 [5ms]
2024-05-13 22:47:22.818 [info] > git show --textconv :workplace/src/learning/package.xml [45ms]
2024-05-13 22:47:22.830 [info] > git ls-files --stage -- /home/mi/workplace/src/learning/package.xml [17ms]
2024-05-13 22:47:22.862 [info] > git cat-file -s e3bd95ba842cd467d9921b9d569f7fd3e0aa636d [5ms]
2024-05-13 22:47:26.624 [info] > git show --textconv :workplace/src/ai/package.xml [136ms]
2024-05-13 22:47:26.625 [info] > git show --textconv :workplace/src/learning/package.xml [97ms]
2024-05-13 22:47:26.626 [info] > git ls-files --stage -- /home/mi/workplace/src/ai/package.xml [63ms]
2024-05-13 22:47:26.662 [info] > git ls-files --stage -- /home/mi/workplace/src/learning/package.xml [45ms]
2024-05-13 22:47:26.701 [info] > git cat-file -s aa4c5aca4ed2b19d855b9a8c65a5d91c6533b977 [46ms]
2024-05-13 22:47:26.709 [info] > git cat-file -s e3bd95ba842cd467d9921b9d569f7fd3e0aa636d [12ms]
2024-05-13 22:51:53.974 [info] > git config --get commit.template [42ms]
2024-05-13 22:51:53.977 [info] > git for-each-ref --format=%(refname)%00%(upstream:short)%00%(objectname)%00%(upstream:track)%00%(upstream:remotename)%00%(upstream:remoteref) refs/heads/whf_play refs/remotes/whf_play [7ms]
2024-05-13 22:51:54.474 [info] > git status -z -uall [464ms] (cancelled)
