/home/mi/workplace/install/learning/lib/python3.6/site-packages/learning/walktest.py
/home/mi/workplace/install/learning/lib/python3.6/site-packages/learning/ZED_Tracker_color_range.py
/home/mi/workplace/install/learning/lib/python3.6/site-packages/learning/__init__.py
/home/mi/workplace/install/learning/lib/python3.6/site-packages/learning/camera.py
/home/mi/workplace/install/learning/lib/python3.6/site-packages/learning/stand.py
/home/mi/workplace/install/learning/lib/python3.6/site-packages/learning/track.py
/home/mi/workplace/install/learning/lib/python3.6/site-packages/learning/rgb_cam_suber.py
/home/mi/workplace/install/learning/lib/python3.6/site-packages/learning/__pycache__/walktest.cpython-36.pyc
/home/mi/workplace/install/learning/lib/python3.6/site-packages/learning/__pycache__/ZED_Tracker_color_range.cpython-36.pyc
/home/mi/workplace/install/learning/lib/python3.6/site-packages/learning/__pycache__/__init__.cpython-36.pyc
/home/mi/workplace/install/learning/lib/python3.6/site-packages/learning/__pycache__/camera.cpython-36.pyc
/home/mi/workplace/install/learning/lib/python3.6/site-packages/learning/__pycache__/stand.cpython-36.pyc
/home/mi/workplace/install/learning/lib/python3.6/site-packages/learning/__pycache__/track.cpython-36.pyc
/home/mi/workplace/install/learning/lib/python3.6/site-packages/learning/__pycache__/rgb_cam_suber.cpython-36.pyc
/home/mi/workplace/install/learning/share/ament_index/resource_index/packages/learning
/home/mi/workplace/install/learning/share/learning/package.xml
/home/mi/workplace/install/learning/lib/python3.6/site-packages/learning-0.0.0-py3.6.egg-info/zip-safe
/home/mi/workplace/install/learning/lib/python3.6/site-packages/learning-0.0.0-py3.6.egg-info/requires.txt
/home/mi/workplace/install/learning/lib/python3.6/site-packages/learning-0.0.0-py3.6.egg-info/dependency_links.txt
/home/mi/workplace/install/learning/lib/python3.6/site-packages/learning-0.0.0-py3.6.egg-info/SOURCES.txt
/home/mi/workplace/install/learning/lib/python3.6/site-packages/learning-0.0.0-py3.6.egg-info/entry_points.txt
/home/mi/workplace/install/learning/lib/python3.6/site-packages/learning-0.0.0-py3.6.egg-info/top_level.txt
/home/mi/workplace/install/learning/lib/python3.6/site-packages/learning-0.0.0-py3.6.egg-info/PKG-INFO
/home/mi/workplace/install/learning/lib/learning/camera
/home/mi/workplace/install/learning/lib/learning/rgb
/home/mi/workplace/install/learning/lib/learning/stand
/home/mi/workplace/install/learning/lib/learning/track
/home/mi/workplace/install/learning/lib/learning/walktest
