2024-05-23 22:58:27.829 [info] 日志级别: Info
2024-05-23 22:58:27.829 [info] 正在验证在以下位置找到的 git: "git"
2024-05-23 22:58:27.829 [info] 将使用位于 "2.17.1" 的 Git "git"
2024-05-23 22:58:27.829 [info] > git rev-parse --show-toplevel [65ms]
2024-05-23 22:58:27.829 [info] > git rev-parse --git-dir --git-common-dir [389ms]
2024-05-23 22:58:27.829 [info] Open repository: /home/mi
2024-05-23 22:58:27.852 [info] > git rev-parse --show-toplevel [255ms]
2024-05-23 22:58:27.861 [info] > git config --get commit.template [276ms]
2024-05-23 22:58:28.013 [info] > git for-each-ref --format=%(refname)%00%(upstream:short)%00%(objectname)%00%(upstream:track)%00%(upstream:remotename)%00%(upstream:remoteref) refs/heads/whf_play refs/remotes/whf_play [70ms]
2024-05-23 22:58:28.039 [info] > git rev-parse --show-toplevel [138ms]
2024-05-23 22:58:28.085 [info] > git rev-parse --show-toplevel [14ms]
2024-05-23 22:58:28.179 [info] > git rev-parse --show-toplevel [11ms]
2024-05-23 22:58:28.417 [info] > git rev-parse --show-toplevel [219ms]
2024-05-23 22:58:28.483 [info] > git rev-parse --show-toplevel [14ms]
2024-05-23 22:58:28.548 [info] > git status -z -uall [511ms]
2024-05-23 22:58:30.006 [info] > git check-ignore -v -z --stdin [1594ms]
2024-05-23 22:58:30.018 [info] > git rev-parse --show-toplevel [1485ms]
2024-05-23 22:58:30.161 [info] > git config --get commit.template [333ms]
2024-05-23 22:58:30.197 [info] > git rev-parse --show-toplevel [60ms]
2024-05-23 22:58:31.014 [info] > git rev-parse --show-toplevel [776ms]
2024-05-23 22:58:31.018 [info] > git for-each-ref --format=%(refname)%00%(upstream:short)%00%(objectname)%00%(upstream:track)%00%(upstream:remotename)%00%(upstream:remoteref) refs/heads/whf_play refs/remotes/whf_play [799ms]
2024-05-23 22:58:31.185 [info] > git rev-parse --show-toplevel [94ms]
2024-05-23 22:58:31.594 [info] > git status -z -uall [556ms]
2024-05-23 22:58:31.596 [info] > git rev-parse --show-toplevel [342ms]
2024-05-23 22:58:32.445 [info] > git rev-parse --show-toplevel [741ms]
2024-05-23 22:58:32.503 [info] > git rev-parse --show-toplevel [38ms]
2024-05-23 22:58:32.534 [info] > git rev-parse --show-toplevel [9ms]
2024-05-23 22:58:32.624 [info] > git rev-parse --show-toplevel [60ms]
2024-05-23 22:58:32.692 [info] > git rev-parse --show-toplevel [51ms]
2024-05-23 22:58:32.718 [info] > git rev-parse --show-toplevel [9ms]
2024-05-23 22:58:32.774 [info] > git rev-parse --show-toplevel [31ms]
2024-05-23 22:58:32.795 [info] > git rev-parse --show-toplevel [5ms]
2024-05-23 22:58:32.819 [info] > git rev-parse --show-toplevel [4ms]
2024-05-23 22:58:32.845 [info] > git rev-parse --show-toplevel [6ms]
2024-05-23 22:58:32.873 [info] > git rev-parse --show-toplevel [10ms]
2024-05-23 22:58:32.920 [info] > git rev-parse --show-toplevel [29ms]
2024-05-23 22:58:32.942 [info] > git rev-parse --show-toplevel [3ms]
2024-05-23 22:58:32.966 [info] > git rev-parse --show-toplevel [3ms]
2024-05-23 22:58:32.990 [info] > git rev-parse --show-toplevel [6ms]
2024-05-23 22:58:33.011 [info] > git rev-parse --show-toplevel [5ms]
2024-05-23 22:58:33.032 [info] > git rev-parse --show-toplevel [5ms]
2024-05-23 22:58:33.072 [info] > git rev-parse --show-toplevel [22ms]
2024-05-23 22:58:33.096 [info] > git rev-parse --show-toplevel [5ms]
2024-05-23 22:58:33.121 [info] > git rev-parse --show-toplevel [6ms]
2024-05-23 22:58:33.143 [info] > git rev-parse --show-toplevel [5ms]
2024-05-23 22:58:33.226 [info] > git show --textconv :workplace/src/learning/learning/camera.py [34ms]
2024-05-23 22:58:33.240 [info] > git ls-files --stage -- /home/mi/workplace/src/learning/learning/camera.py [26ms]
2024-05-23 22:58:33.262 [info] > git cat-file -s 57d25ca86ebe15ac4fd13d672c220a5052800460 [6ms]
2024-05-23 23:09:52.520 [info] > git check-ignore -v -z --stdin [31ms]
2024-05-23 23:09:53.101 [info] > git check-ignore -v -z --stdin [31ms]
2024-05-23 23:10:54.140 [info] > git show --textconv :workplace/src/learning/learning/get_data.py [29ms]
2024-05-23 23:10:54.157 [info] > git ls-files --stage -- /home/mi/workplace/src/learning/learning/get_data.py [19ms]
2024-05-23 23:10:54.184 [info] > git cat-file -s 9d13abeda5998bb74af7082f4c08702f1e5acef0 [6ms]
