2024-05-13 23:16:33.371 [info] (Client) Pylance async client (2024.5.1) started with python extension (2024.6.0)
2024-05-13 23:16:35.599 [info] [Info  - 11:16:35 PM] (27169) Pylance language server 2024.5.1 (pyright version 1.1.360, commit 4bc8428d) starting
2024-05-13 23:16:35.601 [info] [Info  - 11:16:35 PM] (27169) Server root directory: file:///home/mi/.vscode-server/extensions/ms-python.vscode-pylance-2024.5.1/dist
2024-05-13 23:16:35.619 [info] [Info  - 11:16:35 PM] (27169) Starting service instance "mi"
2024-05-13 23:16:35.670 [info] [Info  - 11:16:35 PM] (27169) Auto-Indent enabled
2024-05-13 23:16:36.011 [info] [Info  - 11:16:36 PM] (27169) Setting pythonPath for service "mi": "/usr/bin/python3"
2024-05-13 23:16:36.012 [info] [Info  - 11:16:36 PM] (27169) Setting environmentName for service "mi": "3.6.9 (global)"
2024-05-13 23:16:36.235 [info] [Info  - 11:16:36 PM] (27169) Assuming Python version 3.6.9.final.0
2024-05-13 23:16:38.613 [info] [Info  - 11:16:38 PM] (27169) Found 161 source files
2024-05-13 23:16:41.056 [info] [Info  - 11:16:41 PM] (27169) Background analysis(1) root directory: file:///home/mi/.vscode-server/extensions/ms-python.vscode-pylance-2024.5.1/dist
2024-05-13 23:16:41.058 [info] [Info  - 11:16:41 PM] (27169) Background analysis(1) started
2024-05-13 23:16:45.172 [info] [Info  - 11:16:45 PM] (27169) Indexer background runner(2) root directory: file:///home/mi/.vscode-server/extensions/ms-python.vscode-pylance-2024.5.1/dist (index)
2024-05-13 23:16:45.172 [info] [Info  - 11:16:45 PM] (27169) Indexing(2) started
2024-05-13 23:16:49.482 [info] [Info  - 11:16:49 PM] (27169) [IDX(2)] Long operation: scan packages file:///home/mi (4739ms)
2024-05-13 23:16:49.485 [info] [Info  - 11:16:49 PM] (27169) scanned(2) 331 files over 1 exec env
2024-05-13 23:16:51.943 [info] [Info  - 11:16:51 PM] (27169) indexed(2) 100 files over 1 exec env
2024-05-13 23:16:52.012 [info] [Info  - 11:16:52 PM] (27169) [BG(1)] Long operation: binding: file:///usr/local/lib/python3.6/dist-packages/numpy/__init__.py (3343ms)
2024-05-13 23:16:52.288 [info] [Info  - 11:16:52 PM] (27169) Indexing finished(2).
2024-05-13 23:16:53.826 [info] [Info  - 11:16:53 PM] (27169) [BG(1)] Long operation: checking: file:///home/mi/workplace/src/ai/ai/photo.py (9255ms)
2024-05-13 23:16:53.827 [info] [Info  - 11:16:53 PM] (27169) [BG(1)] Long operation: analyzing: file:///home/mi/workplace/src/ai/ai/photo.py (13006ms)
2024-05-13 23:17:50.154 [info] [Info  - 11:17:50 PM] (27169) [FG] Long operation: binding: file:///usr/local/lib/python3.6/dist-packages/numpy/__init__.py (2688ms)
