[4.502s] Invoking command in '/home/mi/workplace/src/learning': PYTHONPATH=/home/mi/workplace/install/learning/lib/python3.6/site-packages:${PYTHONPATH} /usr/bin/python3 setup.py egg_info --egg-base ../../build/learning build --build-base /home/mi/workplace/build/learning/build install --prefix /home/mi/workplace/install/learning --record /home/mi/workplace/build/learning/install.log --single-version-externally-managed
[6.298s] running egg_info
[6.303s] writing ../../build/learning/learning.egg-info/PKG-INFO
[6.305s] writing dependency_links to ../../build/learning/learning.egg-info/dependency_links.txt
[6.307s] writing entry points to ../../build/learning/learning.egg-info/entry_points.txt
[6.307s] writing requirements to ../../build/learning/learning.egg-info/requires.txt
[6.308s] writing top-level names to ../../build/learning/learning.egg-info/top_level.txt
[6.325s] reading manifest file '../../build/learning/learning.egg-info/SOURCES.txt'
[6.334s] writing manifest file '../../build/learning/learning.egg-info/SOURCES.txt'
[6.335s] running build
[6.336s] running build_py
[6.337s] copying learning/main_node.py -> /home/mi/workplace/build/learning/build/lib/learning
[6.337s] copying learning/move_node.py -> /home/mi/workplace/build/learning/build/lib/learning
[6.340s] copying learning/get_data.py -> /home/mi/workplace/build/learning/build/lib/learning
[6.344s] running install
[6.347s] /usr/local/lib/python3.6/dist-packages/setuptools/command/install.py:37: SetuptoolsDeprecationWarning: setup.py install is deprecated. Use build and pip and other standards-based tools.
[6.348s]   setuptools.SetuptoolsDeprecationWarning,
[6.350s] running install_lib
[6.355s] copying /home/mi/workplace/build/learning/build/lib/learning/main_node.py -> /home/mi/workplace/install/learning/lib/python3.6/site-packages/learning
[6.356s] copying /home/mi/workplace/build/learning/build/lib/learning/move_node.py -> /home/mi/workplace/install/learning/lib/python3.6/site-packages/learning
[6.357s] copying /home/mi/workplace/build/learning/build/lib/learning/get_data.py -> /home/mi/workplace/install/learning/lib/python3.6/site-packages/learning
[6.363s] byte-compiling /home/mi/workplace/install/learning/lib/python3.6/site-packages/learning/main_node.py to main_node.cpython-36.pyc
[6.364s] byte-compiling /home/mi/workplace/install/learning/lib/python3.6/site-packages/learning/move_node.py to move_node.cpython-36.pyc
[6.372s] byte-compiling /home/mi/workplace/install/learning/lib/python3.6/site-packages/learning/get_data.py to get_data.cpython-36.pyc
[6.378s] running install_data
[6.382s] running install_egg_info
[6.389s] removing '/home/mi/workplace/install/learning/lib/python3.6/site-packages/learning-0.0.0-py3.6.egg-info' (and everything under it)
[6.396s] Copying ../../build/learning/learning.egg-info to /home/mi/workplace/install/learning/lib/python3.6/site-packages/learning-0.0.0-py3.6.egg-info
[6.397s] running install_scripts
[6.500s] Installing camera script to /home/mi/workplace/install/learning/lib/learning
[6.502s] Installing crash script to /home/mi/workplace/install/learning/lib/learning
[6.502s] Installing data_receive script to /home/mi/workplace/install/learning/lib/learning
[6.508s] Installing get_data script to /home/mi/workplace/install/learning/lib/learning
[6.509s] Installing goal script to /home/mi/workplace/install/learning/lib/learning
[6.509s] Installing keeper script to /home/mi/workplace/install/learning/lib/learning
[6.520s] Installing main script to /home/mi/workplace/install/learning/lib/learning
[6.520s] Installing move_x script to /home/mi/workplace/install/learning/lib/learning
[6.523s] Installing rgb script to /home/mi/workplace/install/learning/lib/learning
[6.528s] Installing rotate script to /home/mi/workplace/install/learning/lib/learning
[6.529s] Installing rotate_until_center1 script to /home/mi/workplace/install/learning/lib/learning
[6.533s] Installing sit script to /home/mi/workplace/install/learning/lib/learning
[6.535s] Installing stand script to /home/mi/workplace/install/learning/lib/learning
[6.535s] Installing track script to /home/mi/workplace/install/learning/lib/learning
[6.536s] Installing walk_t_sec script to /home/mi/workplace/install/learning/lib/learning
[6.536s] Installing walktest script to /home/mi/workplace/install/learning/lib/learning
[6.543s] writing list of installed files to '/home/mi/workplace/build/learning/install.log'
[6.642s] Invoked command in '/home/mi/workplace/src/learning' returned '0': PYTHONPATH=/home/mi/workplace/install/learning/lib/python3.6/site-packages:${PYTHONPATH} /usr/bin/python3 setup.py egg_info --egg-base ../../build/learning build --build-base /home/mi/workplace/build/learning/build install --prefix /home/mi/workplace/install/learning --record /home/mi/workplace/build/learning/install.log --single-version-externally-managed
