[3.841s] Invoking command in '/home/mi/workplace/src/learning': PYTHONPATH=/home/mi/workplace/install/learning/lib/python3.6/site-packages:${PYTHONPATH} /usr/bin/python3 setup.py egg_info --egg-base ../../build/learning build --build-base /home/mi/workplace/build/learning/build install --prefix /home/mi/workplace/install/learning --record /home/mi/workplace/build/learning/install.log --single-version-externally-managed
[5.385s] running egg_info
[5.388s] writing ../../build/learning/learning.egg-info/PKG-INFO
[5.390s] writing dependency_links to ../../build/learning/learning.egg-info/dependency_links.txt
[5.391s] writing entry points to ../../build/learning/learning.egg-info/entry_points.txt
[5.392s] writing requirements to ../../build/learning/learning.egg-info/requires.txt
[5.392s] writing top-level names to ../../build/learning/learning.egg-info/top_level.txt
[5.409s] reading manifest file '../../build/learning/learning.egg-info/SOURCES.txt'
[5.417s] writing manifest file '../../build/learning/learning.egg-info/SOURCES.txt'
[5.418s] running build
[5.418s] running build_py
[5.420s] copying learning/walk_t_sec.py -> /home/mi/workplace/build/learning/build/lib/learning
[5.424s] running install
[5.425s] /usr/local/lib/python3.6/dist-packages/setuptools/command/install.py:37: SetuptoolsDeprecationWarning: setup.py install is deprecated. Use build and pip and other standards-based tools.
[5.426s]   setuptools.SetuptoolsDeprecationWarning,
[5.428s] running install_lib
[5.433s] copying /home/mi/workplace/build/learning/build/lib/learning/walk_t_sec.py -> /home/mi/workplace/install/learning/lib/python3.6/site-packages/learning
[5.437s] byte-compiling /home/mi/workplace/install/learning/lib/python3.6/site-packages/learning/walk_t_sec.py to walk_t_sec.cpython-36.pyc
[5.442s] running install_data
[5.444s] running install_egg_info
[5.453s] removing '/home/mi/workplace/install/learning/lib/python3.6/site-packages/learning-0.0.0-py3.6.egg-info' (and everything under it)
[5.455s] Copying ../../build/learning/learning.egg-info to /home/mi/workplace/install/learning/lib/python3.6/site-packages/learning-0.0.0-py3.6.egg-info
[5.460s] running install_scripts
[5.563s] Installing camera script to /home/mi/workplace/install/learning/lib/learning
[5.564s] Installing crash script to /home/mi/workplace/install/learning/lib/learning
[5.565s] Installing data_receive script to /home/mi/workplace/install/learning/lib/learning
[5.566s] Installing rgb script to /home/mi/workplace/install/learning/lib/learning
[5.567s] Installing rotate_until_center1 script to /home/mi/workplace/install/learning/lib/learning
[5.567s] Installing stand script to /home/mi/workplace/install/learning/lib/learning
[5.569s] Installing track script to /home/mi/workplace/install/learning/lib/learning
[5.570s] Installing walk_t_sec script to /home/mi/workplace/install/learning/lib/learning
[5.570s] Installing walktest script to /home/mi/workplace/install/learning/lib/learning
[5.573s] writing list of installed files to '/home/mi/workplace/build/learning/install.log'
[5.697s] Invoked command in '/home/mi/workplace/src/learning' returned '0': PYTHONPATH=/home/mi/workplace/install/learning/lib/python3.6/site-packages:${PYTHONPATH} /usr/bin/python3 setup.py egg_info --egg-base ../../build/learning build --build-base /home/mi/workplace/build/learning/build install --prefix /home/mi/workplace/install/learning --record /home/mi/workplace/build/learning/install.log --single-version-externally-managed
