[4.374s] Invoking command in '/home/mi/workplace/src/learning': PYTHONPATH=/home/mi/workplace/install/learning/lib/python3.6/site-packages:${PYTHONPATH} /usr/bin/python3 setup.py egg_info --egg-base ../../build/learning build --build-base /home/mi/workplace/build/learning/build install --prefix /home/mi/workplace/install/learning --record /home/mi/workplace/build/learning/install.log --single-version-externally-managed
[6.028s] running egg_info
[6.032s] writing ../../build/learning/learning.egg-info/PKG-INFO
[6.033s] writing dependency_links to ../../build/learning/learning.egg-info/dependency_links.txt
[6.034s] writing entry points to ../../build/learning/learning.egg-info/entry_points.txt
[6.035s] writing requirements to ../../build/learning/learning.egg-info/requires.txt
[6.036s] writing top-level names to ../../build/learning/learning.egg-info/top_level.txt
[6.056s] reading manifest file '../../build/learning/learning.egg-info/SOURCES.txt'
[6.065s] writing manifest file '../../build/learning/learning.egg-info/SOURCES.txt'
[6.066s] running build
[6.067s] running build_py
[6.072s] copying learning/move_x.py -> /home/mi/workplace/build/learning/build/lib/learning
[6.075s] /usr/local/lib/python3.6/dist-packages/setuptools/command/install.py:37: SetuptoolsDeprecationWarning: setup.py install is deprecated. Use build and pip and other standards-based tools.
[6.077s]   setuptools.SetuptoolsDeprecationWarning,
[6.078s] running install
[6.078s] running install_lib
[6.085s] copying /home/mi/workplace/build/learning/build/lib/learning/move_x.py -> /home/mi/workplace/install/learning/lib/python3.6/site-packages/learning
[6.088s] byte-compiling /home/mi/workplace/install/learning/lib/python3.6/site-packages/learning/move_x.py to move_x.cpython-36.pyc
[6.098s] running install_data
[6.105s] running install_egg_info
[6.111s] removing '/home/mi/workplace/install/learning/lib/python3.6/site-packages/learning-0.0.0-py3.6.egg-info' (and everything under it)
[6.113s] Copying ../../build/learning/learning.egg-info to /home/mi/workplace/install/learning/lib/python3.6/site-packages/learning-0.0.0-py3.6.egg-info
[6.117s] running install_scripts
[6.218s] Installing camera script to /home/mi/workplace/install/learning/lib/learning
[6.220s] Installing crash script to /home/mi/workplace/install/learning/lib/learning
[6.222s] Installing data_receive script to /home/mi/workplace/install/learning/lib/learning
[6.223s] Installing get_data script to /home/mi/workplace/install/learning/lib/learning
[6.224s] Installing goal script to /home/mi/workplace/install/learning/lib/learning
[6.224s] Installing keeper script to /home/mi/workplace/install/learning/lib/learning
[6.225s] Installing main_node script to /home/mi/workplace/install/learning/lib/learning
[6.235s] Installing move_x script to /home/mi/workplace/install/learning/lib/learning
[6.248s] Installing rgb script to /home/mi/workplace/install/learning/lib/learning
[6.253s] Installing rotate script to /home/mi/workplace/install/learning/lib/learning
[6.256s] Installing rotate_until_center1 script to /home/mi/workplace/install/learning/lib/learning
[6.256s] Installing stand script to /home/mi/workplace/install/learning/lib/learning
[6.257s] Installing track script to /home/mi/workplace/install/learning/lib/learning
[6.259s] Installing walk_t_sec script to /home/mi/workplace/install/learning/lib/learning
[6.261s] Installing walktest script to /home/mi/workplace/install/learning/lib/learning
[6.268s] writing list of installed files to '/home/mi/workplace/build/learning/install.log'
[6.358s] Invoked command in '/home/mi/workplace/src/learning' returned '0': PYTHONPATH=/home/mi/workplace/install/learning/lib/python3.6/site-packages:${PYTHONPATH} /usr/bin/python3 setup.py egg_info --egg-base ../../build/learning build --build-base /home/mi/workplace/build/learning/build install --prefix /home/mi/workplace/install/learning --record /home/mi/workplace/build/learning/install.log --single-version-externally-managed
