2024-05-13 21:34:08.103 [info] (Client) Pylance async client (2024.5.1) started with python extension (2024.6.0)
2024-05-13 21:34:14.062 [info] [Info  - 9:34:13 PM] (15219) Pylance language server 2024.5.1 (pyright version 1.1.360, commit 4bc8428d) starting
2024-05-13 21:34:14.187 [info] [Info  - 9:34:14 PM] (15219) Server root directory: file:///home/mi/.vscode-server/extensions/ms-python.vscode-pylance-2024.5.1/dist
2024-05-13 21:34:14.240 [info] [Info  - 9:34:14 PM] (15219) Starting service instance "mi"
2024-05-13 21:34:14.319 [info] [Info  - 9:34:14 PM] (15219) Auto-Indent enabled
2024-05-13 21:34:14.500 [info] [Info  - 9:34:14 PM] (15219) Background analysis(1) root directory: file:///home/mi/.vscode-server/extensions/ms-python.vscode-pylance-2024.5.1/dist
2024-05-13 21:34:14.509 [info] [Info  - 9:34:14 PM] (15219) Background analysis(1) started
2024-05-13 21:34:15.230 [info] [Info  - 9:34:15 PM] (15219) Setting pythonPath for service "mi": "/usr/bin/python3"
2024-05-13 21:34:15.233 [info] [Info  - 9:34:15 PM] (15219) Setting environmentName for service "mi": "3.6.9 (global)"
2024-05-13 21:34:21.505 [info] [Info  - 9:34:21 PM] (15219) Assuming Python version 3.6.9.final.0
2024-05-13 21:34:22.363 [info] [Info  - 9:34:22 PM] (15219) Found 151 source files
2024-05-13 21:34:23.084 [info] [Info  - 9:34:23 PM] (15219) Indexer background runner(2) root directory: file:///home/mi/.vscode-server/extensions/ms-python.vscode-pylance-2024.5.1/dist (index)
2024-05-13 21:34:23.162 [info] [Info  - 9:34:23 PM] (15219) Indexing(2) started
2024-05-13 21:34:27.018 [info] [Info  - 9:34:27 PM] (15219) [BG(1)] Long operation: checking: file:///home/mi/workplace/src/learning/learning/geometry.py (4913ms)
2024-05-13 21:34:27.019 [info] [Info  - 9:34:27 PM] (15219) [BG(1)] Long operation: analyzing: file:///home/mi/workplace/src/learning/learning/geometry.py (7187ms)
2024-05-13 21:34:29.859 [info] [Info  - 9:34:29 PM] (15219) [IDX(2)] Long operation: scan packages file:///home/mi (6814ms)
2024-05-13 21:34:29.862 [info] [Info  - 9:34:29 PM] (15219) scanned(2) 331 files over 1 exec env
2024-05-13 21:34:32.224 [info] [Info  - 9:34:32 PM] (15219) indexed(2) 100 files over 1 exec env
2024-05-13 21:34:32.565 [info] [Info  - 9:34:32 PM] (15219) Indexing finished(2).
2024-05-13 21:58:03.893 [info] [Info  - 9:58:03 PM] (15219) Found 152 source files
2024-05-13 21:58:09.331 [info] [Info  - 9:58:09 PM] (15219) Found 151 source files
2024-05-13 21:58:44.348 [info] [Info  - 9:58:44 PM] (15219) Found 152 source files
2024-05-13 21:59:11.900 [info] [Info  - 9:59:11 PM] (15219) Found 153 source files
2024-05-13 21:59:20.676 [info] [Info  - 9:59:20 PM] (15219) [BG(1)] Long operation: checking: file:///home/mi/workplace/src/learning/test/test_copyright.py (2216ms)
2024-05-13 21:59:20.677 [info] [Info  - 9:59:20 PM] (15219) [BG(1)] Long operation: analyzing: file:///home/mi/workplace/src/learning/test/test_copyright.py (2223ms)
2024-05-13 22:00:54.573 [info] [Info  - 10:00:54 PM] (15219) Found 151 source files
2024-05-13 22:00:57.739 [info] [Info  - 10:00:57 PM] (15219) [BG(1)] Long operation: checking: file:///home/mi/workplace/src/learning/test/test_pep257.py (2415ms)
2024-05-13 22:00:57.739 [info] [Info  - 10:00:57 PM] (15219) [BG(1)] Long operation: analyzing: file:///home/mi/workplace/src/learning/test/test_pep257.py (2999ms)
2024-05-13 22:10:43.889 [info] [Info  - 10:10:43 PM] (15219) Found 152 source files
2024-05-13 22:12:27.362 [info] [Info  - 10:12:27 PM] (15219) Found 157 source files
2024-05-13 22:12:36.197 [info] [Info  - 10:12:36 PM] (15219) Found 156 source files
2024-05-13 22:13:58.889 [info] [Info  - 10:13:58 PM] (15219) Found 157 source files
2024-05-13 22:16:15.629 [info] [Info  - 10:16:15 PM] (15219) [BG(1)] Long operation: binding: file:///usr/local/lib/python3.6/dist-packages/numpy/__init__.py (2904ms)
2024-05-13 22:16:16.022 [info] [Info  - 10:16:16 PM] (15219) [BG(1)] Long operation: SemanticTokens full at file:///home/mi/workplace/src/learning/learning/see_and_crash.py (3442ms)
2024-05-13 22:20:03.114 [info] [Info  - 10:20:03 PM] (15219) [FG] Long operation: binding: file:///usr/local/lib/python3.6/dist-packages/numpy/__init__.py (2481ms)
