[4.446s] Invoking command in '/home/mi/workplace/src/learning': PYTHONPATH=/home/mi/install/learning/lib/python3.6/site-packages:${PYTHONPATH} /usr/bin/python3 setup.py egg_info --egg-base ../../../build/learning build --build-base /home/mi/build/learning/build install --prefix /home/mi/install/learning --record /home/mi/build/learning/install.log --single-version-externally-managed
[6.149s] running egg_info
[6.151s] writing ../../../build/learning/learning.egg-info/PKG-INFO
[6.152s] writing dependency_links to ../../../build/learning/learning.egg-info/dependency_links.txt
[6.153s] writing entry points to ../../../build/learning/learning.egg-info/entry_points.txt
[6.154s] writing requirements to ../../../build/learning/learning.egg-info/requires.txt
[6.154s] writing top-level names to ../../../build/learning/learning.egg-info/top_level.txt
[6.173s] reading manifest file '../../../build/learning/learning.egg-info/SOURCES.txt'
[6.182s] writing manifest file '../../../build/learning/learning.egg-info/SOURCES.txt'
[6.185s] running build
[6.186s] running build_py
[6.191s] copying learning/move_x.py -> /home/mi/build/learning/build/lib/learning
[6.196s] running install
[6.203s] /usr/local/lib/python3.6/dist-packages/setuptools/command/install.py:37: SetuptoolsDeprecationWarning: setup.py install is deprecated. Use build and pip and other standards-based tools.
[6.204s]   setuptools.SetuptoolsDeprecationWarning,
[6.205s] running install_lib
[6.211s] copying /home/mi/build/learning/build/lib/learning/move_x.py -> /home/mi/install/learning/lib/python3.6/site-packages/learning
[6.219s] byte-compiling /home/mi/install/learning/lib/python3.6/site-packages/learning/move_x.py to move_x.cpython-36.pyc
[6.227s] running install_data
[6.231s] running install_egg_info
[6.241s] removing '/home/mi/install/learning/lib/python3.6/site-packages/learning-0.0.0-py3.6.egg-info' (and everything under it)
[6.242s] Copying ../../../build/learning/learning.egg-info to /home/mi/install/learning/lib/python3.6/site-packages/learning-0.0.0-py3.6.egg-info
[6.251s] running install_scripts
[6.359s] Installing camera script to /home/mi/install/learning/lib/learning
[6.361s] Installing crash script to /home/mi/install/learning/lib/learning
[6.362s] Installing data_receive script to /home/mi/install/learning/lib/learning
[6.362s] Installing get_data script to /home/mi/install/learning/lib/learning
[6.363s] Installing goal script to /home/mi/install/learning/lib/learning
[6.364s] Installing keeper script to /home/mi/install/learning/lib/learning
[6.364s] Installing move_x script to /home/mi/install/learning/lib/learning
[6.365s] Installing rgb script to /home/mi/install/learning/lib/learning
[6.369s] Installing rotate script to /home/mi/install/learning/lib/learning
[6.370s] Installing rotate_until_center1 script to /home/mi/install/learning/lib/learning
[6.371s] Installing stand script to /home/mi/install/learning/lib/learning
[6.372s] Installing track script to /home/mi/install/learning/lib/learning
[6.373s] Installing walk_t_sec script to /home/mi/install/learning/lib/learning
[6.373s] Installing walktest script to /home/mi/install/learning/lib/learning
[6.374s] writing list of installed files to '/home/mi/build/learning/install.log'
[6.506s] Invoked command in '/home/mi/workplace/src/learning' returned '0': PYTHONPATH=/home/mi/install/learning/lib/python3.6/site-packages:${PYTHONPATH} /usr/bin/python3 setup.py egg_info --egg-base ../../../build/learning build --build-base /home/mi/build/learning/build install --prefix /home/mi/install/learning --record /home/mi/build/learning/install.log --single-version-externally-managed
