[3.841s] Invoking command in '/home/mi/workplace/src/learning': PYTHONPATH=/home/mi/workplace/install/learning/lib/python3.6/site-packages:${PYTHONPATH} /usr/bin/python3 setup.py egg_info --egg-base ../../build/learning build --build-base /home/mi/workplace/build/learning/build install --prefix /home/mi/workplace/install/learning --record /home/mi/workplace/build/learning/install.log --single-version-externally-managed
[5.463s] running egg_info
[5.467s] writing ../../build/learning/learning.egg-info/PKG-INFO
[5.468s] writing dependency_links to ../../build/learning/learning.egg-info/dependency_links.txt
[5.469s] writing entry points to ../../build/learning/learning.egg-info/entry_points.txt
[5.470s] writing requirements to ../../build/learning/learning.egg-info/requires.txt
[5.471s] writing top-level names to ../../build/learning/learning.egg-info/top_level.txt
[5.491s] reading manifest file '../../build/learning/learning.egg-info/SOURCES.txt'
[5.499s] writing manifest file '../../build/learning/learning.egg-info/SOURCES.txt'
[5.500s] running build
[5.500s] running build_py
[5.505s] running install
[5.506s] /usr/local/lib/python3.6/dist-packages/setuptools/command/install.py:37: SetuptoolsDeprecationWarning: setup.py install is deprecated. Use build and pip and other standards-based tools.
[5.507s]   setuptools.SetuptoolsDeprecationWarning,
[5.508s] running install_lib
[5.522s] running install_data
[5.523s] running install_egg_info
[5.529s] removing '/home/mi/workplace/install/learning/lib/python3.6/site-packages/learning-0.0.0-py3.6.egg-info' (and everything under it)
[5.531s] Copying ../../build/learning/learning.egg-info to /home/mi/workplace/install/learning/lib/python3.6/site-packages/learning-0.0.0-py3.6.egg-info
[5.537s] running install_scripts
[5.641s] Installing camera script to /home/mi/workplace/install/learning/lib/learning
[5.642s] Installing crash script to /home/mi/workplace/install/learning/lib/learning
[5.643s] Installing data_receive script to /home/mi/workplace/install/learning/lib/learning
[5.644s] Installing rgb script to /home/mi/workplace/install/learning/lib/learning
[5.645s] Installing rotate_until_center1 script to /home/mi/workplace/install/learning/lib/learning
[5.645s] Installing stand script to /home/mi/workplace/install/learning/lib/learning
[5.646s] Installing track script to /home/mi/workplace/install/learning/lib/learning
[5.647s] Installing walktest script to /home/mi/workplace/install/learning/lib/learning
[5.651s] writing list of installed files to '/home/mi/workplace/build/learning/install.log'
[5.791s] Invoked command in '/home/mi/workplace/src/learning' returned '0': PYTHONPATH=/home/mi/workplace/install/learning/lib/python3.6/site-packages:${PYTHONPATH} /usr/bin/python3 setup.py egg_info --egg-base ../../build/learning build --build-base /home/mi/workplace/build/learning/build install --prefix /home/mi/workplace/install/learning --record /home/mi/workplace/build/learning/install.log --single-version-externally-managed
