[4.474s] Invoking command in '/home/mi/workplace/src/learning': PYTHONPATH=/home/mi/workplace/install/learning/lib/python3.6/site-packages:${PYTHONPATH} /usr/bin/python3 setup.py egg_info --egg-base ../../build/learning build --build-base /home/mi/workplace/build/learning/build install --prefix /home/mi/workplace/install/learning --record /home/mi/workplace/build/learning/install.log --single-version-externally-managed
[6.198s] running egg_info
[6.201s] writing ../../build/learning/learning.egg-info/PKG-INFO
[6.202s] writing dependency_links to ../../build/learning/learning.egg-info/dependency_links.txt
[6.202s] writing entry points to ../../build/learning/learning.egg-info/entry_points.txt
[6.203s] writing requirements to ../../build/learning/learning.egg-info/requires.txt
[6.204s] writing top-level names to ../../build/learning/learning.egg-info/top_level.txt
[6.226s] reading manifest file '../../build/learning/learning.egg-info/SOURCES.txt'
[6.230s] writing manifest file '../../build/learning/learning.egg-info/SOURCES.txt'
[6.231s] running build
[6.232s] running build_py
[6.232s] copying learning/data_receive.py -> /home/mi/workplace/build/learning/build/lib/learning
[6.235s] running install
[6.237s] /usr/local/lib/python3.6/dist-packages/setuptools/command/install.py:37: SetuptoolsDeprecationWarning: setup.py install is deprecated. Use build and pip and other standards-based tools.
[6.239s]   setuptools.SetuptoolsDeprecationWarning,
[6.239s] running install_lib
[6.243s] copying /home/mi/workplace/build/learning/build/lib/learning/data_receive.py -> /home/mi/workplace/install/learning/lib/python3.6/site-packages/learning
[6.245s] byte-compiling /home/mi/workplace/install/learning/lib/python3.6/site-packages/learning/data_receive.py to data_receive.cpython-36.pyc
[6.246s]   File "/home/mi/workplace/install/learning/lib/python3.6/site-packages/learning/data_receive.py", line 13
[6.247s]     def main:
[6.247s]             ^
[6.248s] SyntaxError: invalid syntax
[6.248s] 
[6.249s] running install_data
[6.250s] running install_egg_info
[6.259s] removing '/home/mi/workplace/install/learning/lib/python3.6/site-packages/learning-0.0.0-py3.6.egg-info' (and everything under it)
[6.260s] Copying ../../build/learning/learning.egg-info to /home/mi/workplace/install/learning/lib/python3.6/site-packages/learning-0.0.0-py3.6.egg-info
[6.270s] running install_scripts
[6.370s] Installing camera script to /home/mi/workplace/install/learning/lib/learning
[6.373s] Installing crash script to /home/mi/workplace/install/learning/lib/learning
[6.375s] Installing data_receive script to /home/mi/workplace/install/learning/lib/learning
[6.375s] Installing rgb script to /home/mi/workplace/install/learning/lib/learning
[6.376s] Installing stand script to /home/mi/workplace/install/learning/lib/learning
[6.376s] Installing track script to /home/mi/workplace/install/learning/lib/learning
[6.377s] Installing walktest script to /home/mi/workplace/install/learning/lib/learning
[6.378s] writing list of installed files to '/home/mi/workplace/build/learning/install.log'
[6.512s] Invoked command in '/home/mi/workplace/src/learning' returned '0': PYTHONPATH=/home/mi/workplace/install/learning/lib/python3.6/site-packages:${PYTHONPATH} /usr/bin/python3 setup.py egg_info --egg-base ../../build/learning build --build-base /home/mi/workplace/build/learning/build install --prefix /home/mi/workplace/install/learning --record /home/mi/workplace/build/learning/install.log --single-version-externally-managed
