[4.653s] Invoking command in '/home/mi/workplace/src/learning': PYTHONPATH=/home/mi/workplace/install/learning/lib/python3.6/site-packages:${PYTHONPATH} /usr/bin/python3 setup.py egg_info --egg-base ../../build/learning build --build-base /home/mi/workplace/build/learning/build install --prefix /home/mi/workplace/install/learning --record /home/mi/workplace/build/learning/install.log --single-version-externally-managed
[6.634s] running egg_info
[6.638s] writing ../../build/learning/learning.egg-info/PKG-INFO
[6.640s] writing dependency_links to ../../build/learning/learning.egg-info/dependency_links.txt
[6.641s] writing entry points to ../../build/learning/learning.egg-info/entry_points.txt
[6.643s] writing requirements to ../../build/learning/learning.egg-info/requires.txt
[6.644s] writing top-level names to ../../build/learning/learning.egg-info/top_level.txt
[6.666s] reading manifest file '../../build/learning/learning.egg-info/SOURCES.txt'
[6.678s] writing manifest file '../../build/learning/learning.egg-info/SOURCES.txt'
[6.679s] running build
[6.679s] running build_py
[6.680s] copying learning/main_node.py -> /home/mi/workplace/build/learning/build/lib/learning
[6.683s] copying learning/move_node.py -> /home/mi/workplace/build/learning/build/lib/learning
[6.687s] copying learning/get_data.py -> /home/mi/workplace/build/learning/build/lib/learning
[6.692s] running install
[6.693s] /usr/local/lib/python3.6/dist-packages/setuptools/command/install.py:37: SetuptoolsDeprecationWarning: setup.py install is deprecated. Use build and pip and other standards-based tools.
[6.694s]   setuptools.SetuptoolsDeprecationWarning,
[6.696s] running install_lib
[6.702s] copying /home/mi/workplace/build/learning/build/lib/learning/main_node.py -> /home/mi/workplace/install/learning/lib/python3.6/site-packages/learning
[6.704s] copying /home/mi/workplace/build/learning/build/lib/learning/move_node.py -> /home/mi/workplace/install/learning/lib/python3.6/site-packages/learning
[6.708s] copying /home/mi/workplace/build/learning/build/lib/learning/get_data.py -> /home/mi/workplace/install/learning/lib/python3.6/site-packages/learning
[6.712s] byte-compiling /home/mi/workplace/install/learning/lib/python3.6/site-packages/learning/main_node.py to main_node.cpython-36.pyc
[6.717s] byte-compiling /home/mi/workplace/install/learning/lib/python3.6/site-packages/learning/move_node.py to move_node.cpython-36.pyc
[6.724s] byte-compiling /home/mi/workplace/install/learning/lib/python3.6/site-packages/learning/get_data.py to get_data.cpython-36.pyc
[6.733s] running install_data
[6.736s] running install_egg_info
[6.747s] removing '/home/mi/workplace/install/learning/lib/python3.6/site-packages/learning-0.0.0-py3.6.egg-info' (and everything under it)
[6.748s] Copying ../../build/learning/learning.egg-info to /home/mi/workplace/install/learning/lib/python3.6/site-packages/learning-0.0.0-py3.6.egg-info
[6.754s] running install_scripts
[6.871s] Installing camera script to /home/mi/workplace/install/learning/lib/learning
[6.872s] Installing crash script to /home/mi/workplace/install/learning/lib/learning
[6.873s] Installing data_receive script to /home/mi/workplace/install/learning/lib/learning
[6.876s] Installing get_data script to /home/mi/workplace/install/learning/lib/learning
[6.876s] Installing goal script to /home/mi/workplace/install/learning/lib/learning
[6.878s] Installing keeper script to /home/mi/workplace/install/learning/lib/learning
[6.888s] Installing main script to /home/mi/workplace/install/learning/lib/learning
[6.890s] Installing move_x script to /home/mi/workplace/install/learning/lib/learning
[6.891s] Installing rgb script to /home/mi/workplace/install/learning/lib/learning
[6.891s] Installing rotate script to /home/mi/workplace/install/learning/lib/learning
[6.893s] Installing rotate_until_center1 script to /home/mi/workplace/install/learning/lib/learning
[6.896s] Installing sit script to /home/mi/workplace/install/learning/lib/learning
[6.897s] Installing stand script to /home/mi/workplace/install/learning/lib/learning
[6.899s] Installing test script to /home/mi/workplace/install/learning/lib/learning
[6.900s] Installing track script to /home/mi/workplace/install/learning/lib/learning
[6.901s] Installing walk_t_sec script to /home/mi/workplace/install/learning/lib/learning
[6.902s] Installing walktest script to /home/mi/workplace/install/learning/lib/learning
[6.903s] writing list of installed files to '/home/mi/workplace/build/learning/install.log'
[7.028s] Invoked command in '/home/mi/workplace/src/learning' returned '0': PYTHONPATH=/home/mi/workplace/install/learning/lib/python3.6/site-packages:${PYTHONPATH} /usr/bin/python3 setup.py egg_info --egg-base ../../build/learning build --build-base /home/mi/workplace/build/learning/build install --prefix /home/mi/workplace/install/learning --record /home/mi/workplace/build/learning/install.log --single-version-externally-managed
