2024-05-05 16:33:21.031 [info] 日志级别: Info
2024-05-05 16:33:21.031 [info] 正在验证在以下位置找到的 git: "git"
2024-05-05 16:33:21.031 [info] 将使用位于 "2.17.1" 的 Git "git"
2024-05-05 16:33:21.031 [info] > git rev-parse --show-toplevel [50ms]
2024-05-05 16:33:21.032 [info] > git rev-parse --git-dir --git-common-dir [40ms]
2024-05-05 16:33:21.032 [info] Open repository: /home/mi
2024-05-05 16:33:21.130 [info] > git rev-parse --show-toplevel [59ms]
2024-05-05 16:33:21.138 [info] > git config --get commit.template [81ms]
2024-05-05 16:33:21.271 [info] > git rev-parse --show-toplevel [74ms]
2024-05-05 16:33:22.285 [info] > git for-each-ref --format=%(refname)%00%(upstream:short)%00%(objectname)%00%(upstream:track)%00%(upstream:remotename)%00%(upstream:remoteref) refs/heads/main refs/remotes/main [1031ms]
2024-05-05 16:33:22.366 [info] > git rev-parse --show-toplevel [118ms]
2024-05-05 16:33:22.400 [info] > git check-ignore -v -z --stdin [174ms]
2024-05-05 16:33:22.414 [info] > git rev-parse --show-toplevel [28ms]
2024-05-05 16:33:22.463 [info] > git rev-parse --show-toplevel [7ms]
2024-05-05 16:33:22.526 [info] > git rev-parse --show-toplevel [35ms]
2024-05-05 16:33:22.549 [info] > git rev-parse --show-toplevel [4ms]
2024-05-05 16:33:22.576 [info] > git rev-parse --show-toplevel [6ms]
2024-05-05 16:33:22.639 [info] > git rev-parse --show-toplevel [43ms]
2024-05-05 16:33:22.660 [info] > git rev-parse --show-toplevel [4ms]
2024-05-05 16:33:22.684 [info] > git rev-parse --show-toplevel [4ms]
2024-05-05 16:33:22.794 [info] > git status -z -uall [357ms]
2024-05-05 16:33:23.836 [info] > git merge-base refs/heads/main refs/remotes/origin/main [985ms]
2024-05-05 16:33:23.863 [info] > git rev-parse --show-toplevel [1159ms]
2024-05-05 16:33:23.895 [info] > git config --get commit.template [91ms]
2024-05-05 16:33:23.899 [info] > git rev-parse --show-toplevel [15ms]
2024-05-05 16:33:23.900 [info] > git rev-list --count --left-right refs/heads/main...refs/remotes/origin/main [40ms]
2024-05-05 16:33:23.980 [info] > git rev-parse --show-toplevel [9ms]
2024-05-05 16:33:23.982 [info] > git for-each-ref --format=%(refname)%00%(upstream:short)%00%(objectname)%00%(upstream:track)%00%(upstream:remotename)%00%(upstream:remoteref) refs/heads/main refs/remotes/main [33ms]
2024-05-05 16:33:23.984 [info] > git diff --name-status -z --diff-filter=ADMR 1785e2ffb5c58c7a4e066a01d5440065b3639e73...refs/remotes/origin/main [55ms]
2024-05-05 16:33:24.016 [info] > git rev-parse --show-toplevel [9ms]
2024-05-05 16:33:24.061 [info] > git rev-parse --show-toplevel [6ms]
2024-05-05 16:33:24.090 [info] > git rev-parse --show-toplevel [6ms]
2024-05-05 16:33:24.115 [info] > git rev-parse --show-toplevel [3ms]
2024-05-05 16:33:24.142 [info] > git rev-parse --show-toplevel [6ms]
2024-05-05 16:33:24.169 [info] > git rev-parse --show-toplevel [3ms]
2024-05-05 16:33:24.192 [info] > git rev-parse --show-toplevel [4ms]
2024-05-05 16:33:24.215 [info] > git rev-parse --show-toplevel [3ms]
2024-05-05 16:33:24.239 [info] > git rev-parse --show-toplevel [3ms]
2024-05-05 16:33:24.261 [info] > git rev-parse --show-toplevel [4ms]
2024-05-05 16:33:24.286 [info] > git rev-parse --show-toplevel [3ms]
2024-05-05 16:33:24.310 [info] > git status -z -uall [274ms]
2024-05-05 16:33:24.411 [info] > git rev-parse --show-toplevel [102ms]
2024-05-05 16:33:24.972 [info] > git rev-parse --show-toplevel [543ms]
2024-05-05 16:33:24.998 [info] > git rev-parse --show-toplevel [4ms]
2024-05-05 16:33:25.023 [info] > git rev-parse --show-toplevel [3ms]
2024-05-05 16:33:25.048 [info] > git rev-parse --show-toplevel [4ms]
2024-05-05 16:33:39.133 [info] > git check-ignore -v -z --stdin [61ms]
2024-05-05 16:35:40.965 [info] > git check-ignore -v -z --stdin [28ms]
2024-05-05 16:35:42.867 [info] > git check-ignore -v -z --stdin [27ms]
2024-05-05 16:35:45.936 [info] > git check-ignore -v -z --stdin [32ms]
2024-05-05 16:35:49.803 [info] > git config --get commit.template [48ms]
2024-05-05 16:35:52.161 [info] > git show --textconv :workplace/src/learning/learning/rotate_until_center1.py [2335ms]
2024-05-05 16:35:52.305 [info] > git for-each-ref --format=%(refname)%00%(upstream:short)%00%(objectname)%00%(upstream:track)%00%(upstream:remotename)%00%(upstream:remoteref) refs/heads/main refs/remotes/main [2411ms]
2024-05-05 16:35:52.308 [info] > git ls-files --stage -- /home/mi/workplace/src/learning/learning/rotate_until_center1.py [2457ms]
2024-05-05 16:35:53.139 [info] > git status -z -uall [331ms]
2024-05-05 16:36:00.483 [info] > git config --get commit.template [21ms]
2024-05-05 16:36:00.531 [info] > git for-each-ref --format=%(refname)%00%(upstream:short)%00%(objectname)%00%(upstream:track)%00%(upstream:remotename)%00%(upstream:remoteref) refs/heads/main refs/remotes/main [7ms]
2024-05-05 16:36:00.928 [info] > git status -z -uall [372ms]
2024-05-05 16:37:06.125 [info] > git config --get commit.template [28ms]
2024-05-05 16:37:06.128 [info] > git for-each-ref --format=%(refname)%00%(upstream:short)%00%(objectname)%00%(upstream:track)%00%(upstream:remotename)%00%(upstream:remoteref) refs/heads/main refs/remotes/main [9ms]
2024-05-05 16:37:06.362 [info] > git status -z -uall [212ms]
2024-05-05 16:37:09.263 [info] > git show --textconv :workplace/src/learning/learning/data_receive.py [29ms]
2024-05-05 16:37:09.278 [info] > git ls-files --stage -- /home/mi/workplace/src/learning/learning/data_receive.py [19ms]
2024-05-05 16:37:11.493 [info] > git config --get commit.template [25ms]
2024-05-05 16:37:11.496 [info] > git for-each-ref --format=%(refname)%00%(upstream:short)%00%(objectname)%00%(upstream:track)%00%(upstream:remotename)%00%(upstream:remoteref) refs/heads/main refs/remotes/main [6ms]
2024-05-05 16:37:11.754 [info] > git status -z -uall [240ms]
2024-05-05 16:37:34.120 [info] > git show --textconv :workplace/src/learning/learning/camera.py [26ms]
2024-05-05 16:37:34.136 [info] > git ls-files --stage -- /home/mi/workplace/src/learning/learning/camera.py [21ms]
2024-05-05 16:37:34.163 [info] > git cat-file -s 57d25ca86ebe15ac4fd13d672c220a5052800460 [7ms]
2024-05-05 16:37:40.141 [info] > git show --textconv :workplace/src/learning/learning/rotate_until_center1.py [41ms]
2024-05-05 16:37:40.163 [info] > git ls-files --stage -- /home/mi/workplace/src/learning/learning/rotate_until_center1.py [27ms]
2024-05-05 16:38:13.710 [info] > git show --textconv :workplace/src/learning/learning/see_and_crash.py [27ms]
2024-05-05 16:38:13.721 [info] > git ls-files --stage -- /home/mi/workplace/src/learning/learning/see_and_crash.py [14ms]
2024-05-05 16:41:17.112 [info] > git config --get commit.template [4ms]
2024-05-05 16:41:17.136 [info] > git for-each-ref --format=%(refname)%00%(upstream:short)%00%(objectname)%00%(upstream:track)%00%(upstream:remotename)%00%(upstream:remoteref) refs/heads/main refs/remotes/main [5ms]
2024-05-05 16:41:17.393 [info] > git status -z -uall [236ms]
2024-05-05 16:41:22.529 [info] > git config --get commit.template [5ms]
2024-05-05 16:41:22.555 [info] > git for-each-ref --format=%(refname)%00%(upstream:short)%00%(objectname)%00%(upstream:track)%00%(upstream:remotename)%00%(upstream:remoteref) refs/heads/main refs/remotes/main [4ms]
2024-05-05 16:41:22.777 [info] > git status -z -uall [199ms]
2024-05-05 16:42:01.543 [info] > git config --get commit.template [10ms]
2024-05-05 16:42:01.567 [info] > git for-each-ref --format=%(refname)%00%(upstream:short)%00%(objectname)%00%(upstream:track)%00%(upstream:remotename)%00%(upstream:remoteref) refs/heads/main refs/remotes/main [5ms]
2024-05-05 16:42:01.809 [info] > git status -z -uall [223ms]
2024-05-05 16:43:37.767 [info] > git show --textconv :workplace/src/learning/learning/track.py [31ms]
2024-05-05 16:43:37.799 [info] > git ls-files --stage -- /home/mi/workplace/src/learning/learning/track.py [29ms]
2024-05-05 16:43:37.841 [info] > git cat-file -s a962c6336d222a1efdebbf544f3a5b8f1d526b1d [19ms]
2024-05-05 16:44:13.163 [info] > git check-ignore -v -z --stdin [23ms]
2024-05-05 16:44:15.133 [info] > git show --textconv :README.md [29ms]
2024-05-05 16:44:15.154 [info] > git ls-files --stage -- /home/mi/README.md [26ms]
2024-05-05 16:44:15.180 [info] > git cat-file -s 77878e1b5fc68ff6eecacbf751c5cf9f5fa196dd [4ms]
2024-05-05 16:51:51.816 [info] > git show --textconv :workplace/src/learning/learning/__init__.py [48ms]
2024-05-05 16:51:51.840 [info] > git ls-files --stage -- /home/mi/workplace/src/learning/learning/__init__.py [49ms]
2024-05-05 16:51:51.886 [info] > git cat-file -s e69de29bb2d1d6434b8b29ae775ad8c2e48c5391 [24ms]
2024-05-05 16:52:12.481 [info] > git show --textconv :workplace/src/learning/learning/camera.py [41ms]
2024-05-05 16:52:12.486 [info] > git ls-files --stage -- /home/mi/workplace/src/learning/learning/camera.py [20ms]
2024-05-05 16:52:12.518 [info] > git cat-file -s 57d25ca86ebe15ac4fd13d672c220a5052800460 [12ms]
2024-05-05 16:52:18.620 [info] > git show --textconv :workplace/src/learning/learning/rotate_until_center1.py [98ms]
2024-05-05 16:52:18.625 [info] > git ls-files --stage -- /home/mi/workplace/src/learning/learning/rotate_until_center1.py [49ms]
2024-05-05 16:52:22.307 [info] > git show --textconv :workplace/src/learning/learning/see_and_crash.py [43ms]
2024-05-05 16:52:22.318 [info] > git ls-files --stage -- /home/mi/workplace/src/learning/learning/see_and_crash.py [30ms]
2024-05-05 16:52:23.569 [info] > git show --textconv :workplace/src/learning/learning/track.py [25ms]
2024-05-05 16:52:23.586 [info] > git ls-files --stage -- /home/mi/workplace/src/learning/learning/track.py [20ms]
2024-05-05 16:52:23.624 [info] > git cat-file -s a962c6336d222a1efdebbf544f3a5b8f1d526b1d [17ms]
2024-05-05 16:52:28.613 [info] > git show --textconv :workplace/src/learning/learning/rotate_until_center1.py [52ms]
2024-05-05 16:52:28.623 [info] > git ls-files --stage -- /home/mi/workplace/src/learning/learning/rotate_until_center1.py [28ms]
2024-05-05 16:52:30.830 [info] > git show --textconv :workplace/src/learning/learning/data_receive.py [27ms]
2024-05-05 16:52:30.855 [info] > git ls-files --stage -- /home/mi/workplace/src/learning/learning/data_receive.py [28ms]
2024-05-05 16:52:36.353 [info] > git show --textconv :workplace/src/learning/learning/crash.py [48ms]
2024-05-05 16:52:36.391 [info] > git ls-files --stage -- /home/mi/workplace/src/learning/learning/crash.py [47ms]
2024-05-05 16:52:36.477 [info] > git cat-file -s 518bec84c0c8ea31da7e07918535ef2d0b0fd72b [29ms]
2024-05-05 16:54:34.009 [info] > git show --textconv :README.md [37ms]
2024-05-05 16:54:34.028 [info] > git ls-files --stage -- /home/mi/README.md [29ms]
2024-05-05 16:54:34.076 [info] > git cat-file -s 77878e1b5fc68ff6eecacbf751c5cf9f5fa196dd [27ms]
2024-05-05 16:54:51.325 [info] > git show --textconv :workplace/src/learning/learning/rotate_until_center1.py [58ms]
2024-05-05 16:54:51.373 [info] > git ls-files --stage -- /home/mi/workplace/src/learning/learning/rotate_until_center1.py [58ms]
2024-05-05 16:54:59.602 [info] > git show --textconv :workplace/src/learning/learning/see_and_crash.py [38ms]
2024-05-05 16:54:59.616 [info] > git ls-files --stage -- /home/mi/workplace/src/learning/learning/see_and_crash.py [27ms]
2024-05-05 16:55:00.861 [info] > git show --textconv :workplace/src/learning/learning/rotate_until_center1.py [38ms]
2024-05-05 16:55:00.869 [info] > git ls-files --stage -- /home/mi/workplace/src/learning/learning/rotate_until_center1.py [24ms]
2024-05-05 16:55:01.860 [info] > git show --textconv :workplace/src/learning/learning/stand.py [83ms]
2024-05-05 16:55:01.865 [info] > git ls-files --stage -- /home/mi/workplace/src/learning/learning/stand.py [54ms]
2024-05-05 16:55:01.893 [info] > git cat-file -s 41c5054b09baa67aa9903831f3021dd47e8bdccc [9ms]
2024-05-05 16:55:03.662 [info] > git show --textconv :workplace/src/learning/learning/rotate_until_center1.py [42ms]
2024-05-05 16:55:03.673 [info] > git ls-files --stage -- /home/mi/workplace/src/learning/learning/rotate_until_center1.py [18ms]
2024-05-05 16:55:04.754 [info] > git show --textconv :workplace/src/learning/learning/see_and_crash.py [41ms]
2024-05-05 16:55:04.765 [info] > git ls-files --stage -- /home/mi/workplace/src/learning/learning/see_and_crash.py [21ms]
2024-05-05 16:57:23.182 [info] > git show --textconv :workplace/src/learning/learning/rotate_until_center1.py [30ms]
2024-05-05 16:57:23.206 [info] > git ls-files --stage -- /home/mi/workplace/src/learning/learning/rotate_until_center1.py [30ms]
2024-05-05 17:05:56.273 [info] > git show --textconv :README.md [27ms]
2024-05-05 17:05:56.288 [info] > git ls-files --stage -- /home/mi/README.md [22ms]
2024-05-05 17:05:56.316 [info] > git cat-file -s 77878e1b5fc68ff6eecacbf751c5cf9f5fa196dd [7ms]
2024-05-05 17:08:28.312 [info] > git show --textconv :workplace/src/learning/learning/rotate_until_center1.py [32ms]
2024-05-05 17:08:28.323 [info] > git ls-files --stage -- /home/mi/workplace/src/learning/learning/rotate_until_center1.py [20ms]
2024-05-05 17:09:07.063 [info] > git show --textconv :workplace/src/learning/learning/track.py [50ms]
2024-05-05 17:09:07.124 [info] > git ls-files --stage -- /home/mi/workplace/src/learning/learning/track.py [67ms]
2024-05-05 17:09:07.183 [info] > git cat-file -s a962c6336d222a1efdebbf544f3a5b8f1d526b1d [15ms]
2024-05-05 17:09:48.446 [info] > git show --textconv :README.md [30ms]
2024-05-05 17:09:48.462 [info] > git ls-files --stage -- /home/mi/README.md [20ms]
2024-05-05 17:09:48.488 [info] > git cat-file -s 77878e1b5fc68ff6eecacbf751c5cf9f5fa196dd [7ms]
2024-05-05 17:14:16.421 [info] > git ls-files --stage -- /home/mi/README.md [24ms]
2024-05-05 17:14:16.447 [info] > git cat-file -s 26157e2ac78687b314787176e80dcf608d9737ed [5ms]
2024-05-05 17:14:16.511 [info] > git show --textconv :README.md [20ms]
2024-05-05 17:14:56.263 [info] > git ls-files --stage -- /home/mi/README.md [21ms]
2024-05-05 17:14:56.291 [info] > git cat-file -s 26157e2ac78687b314787176e80dcf608d9737ed [4ms]
2024-05-05 17:14:56.347 [info] > git show --textconv :README.md [22ms]
2024-05-05 17:19:19.590 [info] > git ls-files --stage -- /home/mi/README.md [27ms]
2024-05-05 17:19:19.616 [info] > git cat-file -s 26157e2ac78687b314787176e80dcf608d9737ed [4ms]
2024-05-05 17:19:19.686 [info] > git show --textconv :README.md [27ms]
2024-05-05 17:22:26.605 [info] > git show --textconv :workplace/src/learning/learning/track.py [30ms]
2024-05-05 17:22:26.623 [info] > git ls-files --stage -- /home/mi/workplace/src/learning/learning/track.py [22ms]
2024-05-05 17:22:26.648 [info] > git cat-file -s f60747abe8d7a5eb5217f22bef3c88073fdec74a [5ms]
