[4.166s] Invoking command in '/home/mi/workplace/src/learning': PYTHONPATH=/home/mi/workplace/install/learning/lib/python3.6/site-packages:${PYTHONPATH} /usr/bin/python3 setup.py egg_info --egg-base ../../build/learning build --build-base /home/mi/workplace/build/learning/build install --prefix /home/mi/workplace/install/learning --record /home/mi/workplace/build/learning/install.log --single-version-externally-managed
[5.753s] running egg_info
[5.755s] writing ../../build/learning/learning.egg-info/PKG-INFO
[5.759s] writing dependency_links to ../../build/learning/learning.egg-info/dependency_links.txt
[5.760s] writing entry points to ../../build/learning/learning.egg-info/entry_points.txt
[5.761s] writing requirements to ../../build/learning/learning.egg-info/requires.txt
[5.761s] writing top-level names to ../../build/learning/learning.egg-info/top_level.txt
[5.778s] reading manifest file '../../build/learning/learning.egg-info/SOURCES.txt'
[5.785s] writing manifest file '../../build/learning/learning.egg-info/SOURCES.txt'
[5.786s] running build
[5.786s] running build_py
[5.787s] copying learning/rgb_cam_suber.py -> /home/mi/workplace/build/learning/build/lib/learning
[5.789s] running install
[5.790s] /usr/local/lib/python3.6/dist-packages/setuptools/command/install.py:37: SetuptoolsDeprecationWarning: setup.py install is deprecated. Use build and pip and other standards-based tools.
[5.792s]   setuptools.SetuptoolsDeprecationWarning,
[5.792s] running install_lib
[5.796s] copying /home/mi/workplace/build/learning/build/lib/learning/rgb_cam_suber.py -> /home/mi/workplace/install/learning/lib/python3.6/site-packages/learning
[5.800s] byte-compiling /home/mi/workplace/install/learning/lib/python3.6/site-packages/learning/rgb_cam_suber.py to rgb_cam_suber.cpython-36.pyc
[5.802s] running install_data
[5.806s] running install_egg_info
[5.812s] removing '/home/mi/workplace/install/learning/lib/python3.6/site-packages/learning-0.0.0-py3.6.egg-info' (and everything under it)
[5.814s] Copying ../../build/learning/learning.egg-info to /home/mi/workplace/install/learning/lib/python3.6/site-packages/learning-0.0.0-py3.6.egg-info
[5.823s] running install_scripts
[5.929s] Installing camera script to /home/mi/workplace/install/learning/lib/learning
[5.930s] Installing rgb script to /home/mi/workplace/install/learning/lib/learning
[5.931s] Installing stand script to /home/mi/workplace/install/learning/lib/learning
[5.932s] Installing track script to /home/mi/workplace/install/learning/lib/learning
[5.932s] Installing walktest script to /home/mi/workplace/install/learning/lib/learning
[5.933s] writing list of installed files to '/home/mi/workplace/build/learning/install.log'
[6.050s] Invoked command in '/home/mi/workplace/src/learning' returned '0': PYTHONPATH=/home/mi/workplace/install/learning/lib/python3.6/site-packages:${PYTHONPATH} /usr/bin/python3 setup.py egg_info --egg-base ../../build/learning build --build-base /home/mi/workplace/build/learning/build install --prefix /home/mi/workplace/install/learning --record /home/mi/workplace/build/learning/install.log --single-version-externally-managed
