[4.110s] Invoking command in '/home/mi/workplace/src/learning': PYTHONPATH=/home/mi/workplace/install/learning/lib/python3.6/site-packages:${PYTHONPATH} /usr/bin/python3 setup.py egg_info --egg-base ../../build/learning build --build-base /home/mi/workplace/build/learning/build install --prefix /home/mi/workplace/install/learning --record /home/mi/workplace/build/learning/install.log --single-version-externally-managed
[5.789s] running egg_info
[5.793s] writing ../../build/learning/learning.egg-info/PKG-INFO
[5.794s] writing dependency_links to ../../build/learning/learning.egg-info/dependency_links.txt
[5.795s] writing entry points to ../../build/learning/learning.egg-info/entry_points.txt
[5.796s] writing requirements to ../../build/learning/learning.egg-info/requires.txt
[5.796s] writing top-level names to ../../build/learning/learning.egg-info/top_level.txt
[5.813s] reading manifest file '../../build/learning/learning.egg-info/SOURCES.txt'
[5.820s] writing manifest file '../../build/learning/learning.egg-info/SOURCES.txt'
[5.822s] running build
[5.823s] running build_py
[5.824s] copying learning/rotate_until_center.py -> /home/mi/workplace/build/learning/build/lib/learning
[5.825s] running install
[5.829s] /usr/local/lib/python3.6/dist-packages/setuptools/command/install.py:37: SetuptoolsDeprecationWarning: setup.py install is deprecated. Use build and pip and other standards-based tools.
[5.830s]   setuptools.SetuptoolsDeprecationWarning,
[5.830s] running install_lib
[5.834s] copying /home/mi/workplace/build/learning/build/lib/learning/rotate_until_center.py -> /home/mi/workplace/install/learning/lib/python3.6/site-packages/learning
[5.838s] byte-compiling /home/mi/workplace/install/learning/lib/python3.6/site-packages/learning/rotate_until_center.py to rotate_until_center.cpython-36.pyc
[5.843s] running install_data
[5.846s] running install_egg_info
[5.856s] removing '/home/mi/workplace/install/learning/lib/python3.6/site-packages/learning-0.0.0-py3.6.egg-info' (and everything under it)
[5.857s] Copying ../../build/learning/learning.egg-info to /home/mi/workplace/install/learning/lib/python3.6/site-packages/learning-0.0.0-py3.6.egg-info
[5.861s] running install_scripts
[5.957s] Installing camera script to /home/mi/workplace/install/learning/lib/learning
[5.958s] Installing crash script to /home/mi/workplace/install/learning/lib/learning
[5.960s] Installing data_receive script to /home/mi/workplace/install/learning/lib/learning
[5.962s] Installing rgb script to /home/mi/workplace/install/learning/lib/learning
[5.965s] Installing rotate_until_center script to /home/mi/workplace/install/learning/lib/learning
[5.973s] Installing stand script to /home/mi/workplace/install/learning/lib/learning
[5.976s] Installing track script to /home/mi/workplace/install/learning/lib/learning
[5.977s] Installing walktest script to /home/mi/workplace/install/learning/lib/learning
[5.978s] writing list of installed files to '/home/mi/workplace/build/learning/install.log'
[6.094s] Invoked command in '/home/mi/workplace/src/learning' returned '0': PYTHONPATH=/home/mi/workplace/install/learning/lib/python3.6/site-packages:${PYTHONPATH} /usr/bin/python3 setup.py egg_info --egg-base ../../build/learning build --build-base /home/mi/workplace/build/learning/build install --prefix /home/mi/workplace/install/learning --record /home/mi/workplace/build/learning/install.log --single-version-externally-managed
