2024-05-23 20:43:13.131 [info] Log level: Info
2024-05-23 20:43:13.131 [info] Validating found git in: "git"
2024-05-23 20:43:13.131 [info] Using git "2.17.1" from "git"
2024-05-23 20:43:13.131 [info] > git rev-parse --show-toplevel [834ms]
2024-05-23 20:43:13.131 [info] > git rev-parse --git-dir --git-common-dir [508ms]
2024-05-23 20:43:13.131 [info] Open repository: /home/mi
2024-05-23 20:43:13.436 [info] > git rev-parse --show-toplevel [256ms]
2024-05-23 20:43:13.443 [info] > git config --get commit.template [282ms]
2024-05-23 20:43:13.652 [info] > git rev-parse --show-toplevel [172ms]
2024-05-23 20:43:13.706 [info] > git for-each-ref --format=%(refname)%00%(upstream:short)%00%(objectname)%00%(upstream:track)%00%(upstream:remotename)%00%(upstream:remoteref) refs/heads/whf_play refs/remotes/whf_play [177ms]
2024-05-23 20:43:13.763 [info] > git rev-parse --show-toplevel [76ms]
2024-05-23 20:43:13.843 [info] > git rev-parse --show-toplevel [22ms]
2024-05-23 20:43:14.046 [info] > git rev-parse --show-toplevel [150ms]
2024-05-23 20:43:14.200 [info] > git check-ignore -v -z --stdin [254ms]
2024-05-23 20:43:14.209 [info] > git rev-parse --show-toplevel [99ms]
2024-05-23 20:43:14.279 [info] > git rev-parse --show-toplevel [32ms]
2024-05-23 20:43:15.299 [info] > git status -z -uall [1560ms]
2024-05-23 20:43:15.303 [info] > git rev-parse --show-toplevel [927ms]
2024-05-23 20:43:16.237 [info] > git config --get commit.template [342ms]
2024-05-23 20:43:16.238 [info] > git rev-parse --show-toplevel [364ms]
2024-05-23 20:43:17.102 [info] > git rev-parse --show-toplevel [409ms]
2024-05-23 20:43:17.137 [info] > git for-each-ref --format=%(refname)%00%(upstream:short)%00%(objectname)%00%(upstream:track)%00%(upstream:remotename)%00%(upstream:remoteref) refs/heads/whf_play refs/remotes/whf_play [63ms]
2024-05-23 20:43:17.337 [info] > git rev-parse --show-toplevel [214ms]
2024-05-23 20:43:17.426 [info] > git rev-parse --show-toplevel [60ms]
2024-05-23 20:43:17.471 [info] > git status -z -uall [316ms]
2024-05-23 20:43:17.474 [info] > git rev-parse --show-toplevel [26ms]
2024-05-23 20:43:18.004 [info] > git rev-parse --show-toplevel [440ms]
2024-05-23 20:43:18.061 [info] > git rev-parse --show-toplevel [21ms]
2024-05-23 20:43:18.154 [info] > git rev-parse --show-toplevel [72ms]
2024-05-23 20:43:18.236 [info] > git rev-parse --show-toplevel [64ms]
2024-05-23 20:43:18.272 [info] > git rev-parse --show-toplevel [5ms]
2024-05-23 20:43:18.297 [info] > git rev-parse --show-toplevel [4ms]
2024-05-23 20:43:18.323 [info] > git rev-parse --show-toplevel [7ms]
2024-05-23 20:43:18.372 [info] > git rev-parse --show-toplevel [32ms]
2024-05-23 20:43:18.665 [info] > git rev-parse --show-toplevel [274ms]
2024-05-23 20:43:18.827 [info] > git rev-parse --show-toplevel [137ms]
2024-05-23 20:43:18.902 [info] > git rev-parse --show-toplevel [5ms]
2024-05-23 20:43:18.946 [info] > git rev-parse --show-toplevel [18ms]
2024-05-23 20:43:19.015 [info] > git rev-parse --show-toplevel [43ms]
2024-05-23 20:43:19.049 [info] > git rev-parse --show-toplevel [13ms]
2024-05-23 20:43:19.109 [info] > git rev-parse --show-toplevel [36ms]
2024-05-23 20:43:19.141 [info] > git rev-parse --show-toplevel [12ms]
2024-05-23 20:43:19.185 [info] > git rev-parse --show-toplevel [15ms]
2024-05-23 20:43:19.405 [info] > git rev-parse --show-toplevel [179ms]
2024-05-23 20:43:19.429 [info] > git rev-parse --show-toplevel [5ms]
2024-05-23 20:43:19.639 [info] > git show --textconv :workplace/src/learning/learning/test.py [166ms]
2024-05-23 20:43:19.682 [info] > git ls-files --stage -- /home/mi/workplace/src/learning/learning/test.py [152ms]
2024-05-23 20:43:19.823 [info] > git cat-file -s 4fb3989259394ad4dded6fe29da27624b25a655e [72ms]
2024-05-23 20:43:25.854 [info] > git config --get commit.template [66ms]
2024-05-23 20:43:25.863 [info] > git for-each-ref --format=%(refname)%00%(upstream:short)%00%(objectname)%00%(upstream:track)%00%(upstream:remotename)%00%(upstream:remoteref) refs/heads/whf_play refs/remotes/whf_play [13ms]
2024-05-23 20:43:26.698 [info] > git status -z -uall [794ms]
2024-05-23 20:43:28.200 [info] > git show --textconv :workplace/src/learning/learning/move_node.py [64ms]
2024-05-23 20:43:28.235 [info] > git ls-files --stage -- /home/mi/workplace/src/learning/learning/move_node.py [48ms]
2024-05-23 20:43:28.353 [info] > git cat-file -s bd4ca092f2e8b0a21bbb7d98be2ca9b306f57420 [84ms]
2024-05-23 20:43:28.410 [info] > git check-ignore -v -z --stdin [88ms]
2024-05-23 20:43:45.110 [info] > git check-ignore -v -z --stdin [56ms]
2024-05-23 20:43:46.470 [info] > git show --textconv :README.md [50ms]
2024-05-23 20:43:46.475 [info] > git config --get commit.template [286ms]
2024-05-23 20:43:46.576 [info] > git for-each-ref --format=%(refname)%00%(upstream:short)%00%(objectname)%00%(upstream:track)%00%(upstream:remotename)%00%(upstream:remoteref) refs/heads/whf_play refs/remotes/whf_play [39ms]
2024-05-23 20:43:46.607 [info] > git ls-files --stage -- /home/mi/README.md [143ms]
2024-05-23 20:43:46.638 [info] > git cat-file -s 8c593d39f2ee23b8fe303ad65cc943d430a12738 [8ms]
2024-05-23 20:43:47.054 [info] > git status -z -uall [448ms]
2024-05-23 20:44:47.251 [info] > git show --textconv :workplace/src/learning/learning/move_node.py [31ms]
2024-05-23 20:44:47.278 [info] > git ls-files --stage -- /home/mi/workplace/src/learning/learning/move_node.py [37ms]
2024-05-23 20:44:47.317 [info] > git cat-file -s bd4ca092f2e8b0a21bbb7d98be2ca9b306f57420 [15ms]
2024-05-23 20:44:47.608 [info] > git check-ignore -v -z --stdin [31ms]
2024-05-23 20:44:49.013 [info] > git show --textconv :workplace/src/learning/learning/get_data.py [41ms]
2024-05-23 20:44:49.040 [info] > git ls-files --stage -- /home/mi/workplace/src/learning/learning/get_data.py [37ms]
2024-05-23 20:44:49.071 [info] > git cat-file -s 9d13abeda5998bb74af7082f4c08702f1e5acef0 [12ms]
2024-05-23 20:44:50.374 [info] > git show --textconv :workplace/src/learning/learning/move_node.py [39ms]
2024-05-23 20:44:50.383 [info] > git ls-files --stage -- /home/mi/workplace/src/learning/learning/move_node.py [22ms]
2024-05-23 20:44:50.414 [info] > git cat-file -s bd4ca092f2e8b0a21bbb7d98be2ca9b306f57420 [8ms]
2024-05-23 20:45:53.658 [info] > git show --textconv :workplace/src/learning/learning/main_node.py [51ms]
2024-05-23 20:45:53.675 [info] > git ls-files --stage -- /home/mi/workplace/src/learning/learning/main_node.py [35ms]
2024-05-23 20:45:53.703 [info] > git cat-file -s 56a00f76ba8a5ae4d2aa801fae4e3e7908778ca5 [9ms]
2024-05-23 20:46:55.762 [info] > git config --get commit.template [8ms]
2024-05-23 20:46:55.790 [info] > git for-each-ref --format=%(refname)%00%(upstream:short)%00%(objectname)%00%(upstream:track)%00%(upstream:remotename)%00%(upstream:remoteref) refs/heads/whf_play refs/remotes/whf_play [5ms]
2024-05-23 20:46:56.074 [info] > git status -z -uall [264ms]
2024-05-23 20:48:52.522 [info] > git config --get commit.template [9ms]
2024-05-23 20:48:52.551 [info] > git for-each-ref --format=%(refname)%00%(upstream:short)%00%(objectname)%00%(upstream:track)%00%(upstream:remotename)%00%(upstream:remoteref) refs/heads/whf_play refs/remotes/whf_play [7ms]
2024-05-23 20:48:52.843 [info] > git status -z -uall [272ms]
2024-05-23 20:48:57.947 [info] > git config --get commit.template [25ms]
2024-05-23 20:48:57.949 [info] > git for-each-ref --format=%(refname)%00%(upstream:short)%00%(objectname)%00%(upstream:track)%00%(upstream:remotename)%00%(upstream:remoteref) refs/heads/whf_play refs/remotes/whf_play [5ms]
2024-05-23 20:48:58.211 [info] > git status -z -uall [244ms]
2024-05-23 20:49:02.234 [info] > git show --textconv :workplace/src/learning/learning/move_node.py [28ms]
2024-05-23 20:49:02.250 [info] > git ls-files --stage -- /home/mi/workplace/src/learning/learning/move_node.py [23ms]
2024-05-23 20:49:02.277 [info] > git cat-file -s bd4ca092f2e8b0a21bbb7d98be2ca9b306f57420 [9ms]
2024-05-23 20:53:32.597 [info] > git show --textconv :workplace/src/learning/learning/main_node.py [51ms]
2024-05-23 20:53:32.608 [info] > git ls-files --stage -- /home/mi/workplace/src/learning/learning/main_node.py [38ms]
2024-05-23 20:53:32.641 [info] > git cat-file -s 56a00f76ba8a5ae4d2aa801fae4e3e7908778ca5 [8ms]
2024-05-23 20:54:06.101 [info] > git check-ignore -v -z --stdin [25ms]
2024-05-23 20:54:06.501 [info] > git show --textconv :README.md [35ms]
2024-05-23 20:54:06.525 [info] > git ls-files --stage -- /home/mi/README.md [38ms]
2024-05-23 20:54:06.555 [info] > git cat-file -s 8c593d39f2ee23b8fe303ad65cc943d430a12738 [10ms]
2024-05-23 20:56:56.090 [info] > git show --textconv :workplace/src/learning/learning/main_node.py [31ms]
2024-05-23 20:56:56.103 [info] > git ls-files --stage -- /home/mi/workplace/src/learning/learning/main_node.py [34ms]
2024-05-23 20:56:56.134 [info] > git cat-file -s 56a00f76ba8a5ae4d2aa801fae4e3e7908778ca5 [8ms]
2024-05-23 20:56:56.439 [info] > git check-ignore -v -z --stdin [28ms]
2024-05-23 21:01:09.245 [info] > git show --textconv :workplace/src/learning/learning/get_data.py [42ms]
2024-05-23 21:01:09.255 [info] > git ls-files --stage -- /home/mi/workplace/src/learning/learning/get_data.py [24ms]
2024-05-23 21:01:09.286 [info] > git cat-file -s 9d13abeda5998bb74af7082f4c08702f1e5acef0 [10ms]
2024-05-23 21:03:33.831 [info] > git show --textconv :workplace/src/learning/learning/main_node.py [39ms]
2024-05-23 21:03:33.853 [info] > git ls-files --stage -- /home/mi/workplace/src/learning/learning/main_node.py [29ms]
2024-05-23 21:03:33.881 [info] > git cat-file -s 56a00f76ba8a5ae4d2aa801fae4e3e7908778ca5 [4ms]
2024-05-23 21:03:56.074 [info] > git show --textconv :workplace/src/learning/learning/get_data.py [34ms]
2024-05-23 21:03:56.093 [info] > git ls-files --stage -- /home/mi/workplace/src/learning/learning/get_data.py [26ms]
2024-05-23 21:03:56.122 [info] > git cat-file -s 9d13abeda5998bb74af7082f4c08702f1e5acef0 [5ms]
2024-05-23 21:11:29.024 [info] > git config --get commit.template [27ms]
2024-05-23 21:11:29.026 [info] > git for-each-ref --format=%(refname)%00%(upstream:short)%00%(objectname)%00%(upstream:track)%00%(upstream:remotename)%00%(upstream:remoteref) refs/heads/whf_play refs/remotes/whf_play [9ms]
2024-05-23 21:11:29.338 [info] > git status -z -uall [289ms]
2024-05-23 21:11:45.436 [info] > git config --get commit.template [4ms]
2024-05-23 21:11:45.469 [info] > git for-each-ref --format=%(refname)%00%(upstream:short)%00%(objectname)%00%(upstream:track)%00%(upstream:remotename)%00%(upstream:remoteref) refs/heads/whf_play refs/remotes/whf_play [7ms]
2024-05-23 21:11:45.805 [info] > git status -z -uall [307ms]
2024-05-23 21:29:40.699 [info] > git config --get commit.template [38ms]
2024-05-23 21:29:40.704 [info] > git for-each-ref --format=%(refname)%00%(upstream:short)%00%(objectname)%00%(upstream:track)%00%(upstream:remotename)%00%(upstream:remoteref) refs/heads/whf_play refs/remotes/whf_play [16ms]
2024-05-23 21:29:41.071 [info] > git status -z -uall [340ms]
2024-05-23 21:29:46.184 [info] > git config --get commit.template [7ms]
2024-05-23 21:29:46.215 [info] > git for-each-ref --format=%(refname)%00%(upstream:short)%00%(objectname)%00%(upstream:track)%00%(upstream:remotename)%00%(upstream:remoteref) refs/heads/whf_play refs/remotes/whf_play [9ms]
2024-05-23 21:29:46.515 [info] > git status -z -uall [275ms]
2024-05-23 21:38:51.966 [info] > git check-ignore -v -z --stdin [27ms]
2024-05-23 21:39:03.602 [info] > git config --get commit.template [30ms]
2024-05-23 21:39:03.638 [info] > git for-each-ref --format=%(refname)%00%(upstream:short)%00%(objectname)%00%(upstream:track)%00%(upstream:remotename)%00%(upstream:remoteref) refs/heads/whf_play refs/remotes/whf_play [7ms]
2024-05-23 21:39:03.995 [info] > git status -z -uall [328ms]
2024-05-23 21:44:15.712 [info] > git show --textconv :workplace/src/learning/learning/move_node.py [50ms]
2024-05-23 21:44:15.739 [info] > git ls-files --stage -- /home/mi/workplace/src/learning/learning/move_node.py [46ms]
2024-05-23 21:44:15.794 [info] > git cat-file -s bd4ca092f2e8b0a21bbb7d98be2ca9b306f57420 [17ms]
2024-05-23 21:44:18.345 [info] > git show --textconv :workplace/src/learning/learning/get_data.py [46ms]
2024-05-23 21:44:18.363 [info] > git ls-files --stage -- /home/mi/workplace/src/learning/learning/get_data.py [37ms]
2024-05-23 21:44:18.399 [info] > git cat-file -s 9d13abeda5998bb74af7082f4c08702f1e5acef0 [11ms]
2024-05-23 21:44:20.348 [info] > git show --textconv :workplace/src/learning/learning/move_node.py [49ms]
2024-05-23 21:44:20.358 [info] > git ls-files --stage -- /home/mi/workplace/src/learning/learning/move_node.py [18ms]
2024-05-23 21:44:20.393 [info] > git cat-file -s bd4ca092f2e8b0a21bbb7d98be2ca9b306f57420 [9ms]
2024-05-23 21:44:26.833 [info] > git show --textconv :workplace/src/learning/learning/main_node.py [46ms]
2024-05-23 21:44:26.851 [info] > git ls-files --stage -- /home/mi/workplace/src/learning/learning/main_node.py [25ms]
2024-05-23 21:44:26.886 [info] > git cat-file -s 56a00f76ba8a5ae4d2aa801fae4e3e7908778ca5 [9ms]
2024-05-23 21:44:41.198 [info] > git show --textconv :workplace/src/learning/learning/get_data.py [41ms]
2024-05-23 21:44:41.229 [info] > git ls-files --stage -- /home/mi/workplace/src/learning/learning/get_data.py [39ms]
2024-05-23 21:44:41.262 [info] > git cat-file -s 9d13abeda5998bb74af7082f4c08702f1e5acef0 [10ms]
2024-05-23 21:48:09.649 [info] > git show --textconv :workplace/src/learning/learning/main_node.py [48ms]
2024-05-23 21:48:09.669 [info] > git ls-files --stage -- /home/mi/workplace/src/learning/learning/main_node.py [30ms]
2024-05-23 21:48:09.703 [info] > git cat-file -s 56a00f76ba8a5ae4d2aa801fae4e3e7908778ca5 [5ms]
2024-05-23 21:48:52.095 [info] > git show --textconv :README.md [39ms]
2024-05-23 21:48:52.117 [info] > git ls-files --stage -- /home/mi/README.md [32ms]
2024-05-23 21:48:52.148 [info] > git cat-file -s 8c593d39f2ee23b8fe303ad65cc943d430a12738 [7ms]
2024-05-23 21:53:35.969 [info] > git show --textconv :workplace/src/learning/learning/main_node.py [51ms]
2024-05-23 21:53:35.984 [info] > git ls-files --stage -- /home/mi/workplace/src/learning/learning/main_node.py [24ms]
2024-05-23 21:53:36.016 [info] > git cat-file -s 56a00f76ba8a5ae4d2aa801fae4e3e7908778ca5 [7ms]
2024-05-23 21:54:23.331 [info] > git show --textconv :workplace/src/learning/learning/get_data.py [79ms]
2024-05-23 21:54:23.345 [info] > git ls-files --stage -- /home/mi/workplace/src/learning/learning/get_data.py [51ms]
2024-05-23 21:54:23.390 [info] > git cat-file -s 9d13abeda5998bb74af7082f4c08702f1e5acef0 [15ms]
2024-05-23 21:54:43.903 [info] > git show --textconv :workplace/src/learning/learning/main_node.py [42ms]
2024-05-23 21:54:43.920 [info] > git ls-files --stage -- /home/mi/workplace/src/learning/learning/main_node.py [22ms]
2024-05-23 21:54:43.959 [info] > git cat-file -s 56a00f76ba8a5ae4d2aa801fae4e3e7908778ca5 [10ms]
2024-05-23 21:56:26.474 [info] > git show --textconv :workplace/src/learning/learning/move_node.py [32ms]
2024-05-23 21:56:26.510 [info] > git ls-files --stage -- /home/mi/workplace/src/learning/learning/move_node.py [42ms]
2024-05-23 21:56:26.550 [info] > git cat-file -s bd4ca092f2e8b0a21bbb7d98be2ca9b306f57420 [10ms]
2024-05-23 21:56:27.399 [info] > git show --textconv :README.md [68ms]
2024-05-23 21:56:27.407 [info] > git ls-files --stage -- /home/mi/README.md [45ms]
2024-05-23 21:56:27.440 [info] > git cat-file -s 8c593d39f2ee23b8fe303ad65cc943d430a12738 [6ms]
2024-05-23 21:56:28.105 [info] > git show --textconv :workplace/src/learning/learning/get_data.py [37ms]
2024-05-23 21:56:28.125 [info] > git ls-files --stage -- /home/mi/workplace/src/learning/learning/get_data.py [27ms]
2024-05-23 21:56:28.156 [info] > git cat-file -s 9d13abeda5998bb74af7082f4c08702f1e5acef0 [8ms]
2024-05-23 21:59:37.151 [info] > git show --textconv :workplace/src/learning/learning/move_node.py [43ms]
2024-05-23 21:59:37.169 [info] > git ls-files --stage -- /home/mi/workplace/src/learning/learning/move_node.py [28ms]
2024-05-23 21:59:37.202 [info] > git cat-file -s bd4ca092f2e8b0a21bbb7d98be2ca9b306f57420 [8ms]
2024-05-23 22:03:09.938 [info] > git show --textconv :workplace/src/learning/learning/main_node.py [36ms]
2024-05-23 22:03:09.958 [info] > git ls-files --stage -- /home/mi/workplace/src/learning/learning/main_node.py [26ms]
2024-05-23 22:03:09.986 [info] > git cat-file -s 56a00f76ba8a5ae4d2aa801fae4e3e7908778ca5 [4ms]
2024-05-23 22:03:34.813 [info] > git show --textconv :workplace/src/learning/learning/move_node.py [46ms]
2024-05-23 22:03:34.833 [info] > git ls-files --stage -- /home/mi/workplace/src/learning/learning/move_node.py [33ms]
2024-05-23 22:03:34.862 [info] > git cat-file -s bd4ca092f2e8b0a21bbb7d98be2ca9b306f57420 [6ms]
2024-05-23 22:04:18.001 [info] > git show --textconv :workplace/src/learning/learning/main_node.py [51ms]
2024-05-23 22:04:18.015 [info] > git ls-files --stage -- /home/mi/workplace/src/learning/learning/main_node.py [28ms]
2024-05-23 22:04:18.044 [info] > git cat-file -s 56a00f76ba8a5ae4d2aa801fae4e3e7908778ca5 [8ms]
2024-05-23 22:10:13.571 [info] > git show --textconv :workplace/src/learning/learning/move_node.py [54ms]
2024-05-23 22:10:13.589 [info] > git ls-files --stage -- /home/mi/workplace/src/learning/learning/move_node.py [34ms]
2024-05-23 22:10:13.625 [info] > git cat-file -s bd4ca092f2e8b0a21bbb7d98be2ca9b306f57420 [9ms]
2024-05-23 22:10:15.717 [info] > git show --textconv :workplace/src/learning/learning/get_data.py [45ms]
2024-05-23 22:10:15.727 [info] > git ls-files --stage -- /home/mi/workplace/src/learning/learning/get_data.py [23ms]
2024-05-23 22:10:15.784 [info] > git cat-file -s 9d13abeda5998bb74af7082f4c08702f1e5acef0 [25ms]
2024-05-23 22:10:17.675 [info] > git show --textconv :workplace/src/learning/learning/move_node.py [37ms]
2024-05-23 22:10:17.695 [info] > git ls-files --stage -- /home/mi/workplace/src/learning/learning/move_node.py [26ms]
2024-05-23 22:10:17.727 [info] > git cat-file -s bd4ca092f2e8b0a21bbb7d98be2ca9b306f57420 [7ms]
2024-05-23 23:05:33.657 [info] > git config --get commit.template [38ms]
2024-05-23 23:05:33.658 [info] > git for-each-ref --format=%(refname)%00%(upstream:short)%00%(objectname)%00%(upstream:track)%00%(upstream:remotename)%00%(upstream:remoteref) refs/heads/whf_play refs/remotes/whf_play [15ms]
2024-05-23 23:05:33.997 [info] > git status -z -uall [306ms]
2024-05-23 23:05:39.174 [info] > git config --get commit.template [35ms]
2024-05-23 23:05:39.175 [info] > git for-each-ref --format=%(refname)%00%(upstream:short)%00%(objectname)%00%(upstream:track)%00%(upstream:remotename)%00%(upstream:remoteref) refs/heads/whf_play refs/remotes/whf_play [5ms]
2024-05-23 23:05:39.511 [info] > git status -z -uall [308ms]
