2024-05-14 22:20:20.145 [info] Log level: Info
2024-05-14 22:20:20.145 [info] Validating found git in: "git"
2024-05-14 22:20:20.145 [info] Using git "2.17.1" from "git"
2024-05-14 22:20:20.145 [info] > git rev-parse --show-toplevel [78ms]
2024-05-14 22:20:20.145 [info] > git rev-parse --git-dir --git-common-dir [26ms]
2024-05-14 22:20:20.145 [info] Open repository: /home/mi
2024-05-14 22:20:20.358 [info] > git rev-parse --show-toplevel [177ms]
2024-05-14 22:20:20.362 [info] > git config --get commit.template [195ms]
2024-05-14 22:20:20.415 [info] > git rev-parse --show-toplevel [33ms]
2024-05-14 22:20:20.442 [info] > git for-each-ref --format=%(refname)%00%(upstream:short)%00%(objectname)%00%(upstream:track)%00%(upstream:remotename)%00%(upstream:remoteref) refs/heads/whf_play refs/remotes/whf_play [38ms]
2024-05-14 22:20:20.490 [info] > git rev-parse --show-toplevel [53ms]
2024-05-14 22:20:20.561 [info] > git rev-parse --show-toplevel [20ms]
2024-05-14 22:20:20.639 [info] > git rev-parse --show-toplevel [45ms]
2024-05-14 22:20:20.665 [info] > git rev-parse --show-toplevel [6ms]
2024-05-14 22:20:20.697 [info] > git rev-parse --show-toplevel [4ms]
2024-05-14 22:20:20.764 [info] > git rev-parse --show-toplevel [49ms]
2024-05-14 22:20:20.789 [info] > git check-ignore -v -z --stdin [52ms]
2024-05-14 22:20:20.801 [info] > git rev-parse --show-toplevel [19ms]
2024-05-14 22:20:20.832 [info] > git rev-parse --show-toplevel [8ms]
2024-05-14 22:20:20.934 [info] > git rev-parse --show-toplevel [77ms]
2024-05-14 22:20:21.060 [info] > git rev-parse --show-toplevel [102ms]
2024-05-14 22:20:22.131 [info] > git rev-parse --show-toplevel [904ms]
2024-05-14 22:20:22.473 [info] > git status -z -uall [2005ms]
2024-05-14 22:20:22.474 [info] > git check-ignore -v -z --stdin [324ms]
2024-05-14 22:20:22.482 [info] > git rev-parse --show-toplevel [304ms]
2024-05-14 22:20:27.987 [info] > git check-ignore -v -z --stdin [4591ms]
2024-05-14 22:20:27.997 [info] > git config --get commit.template [48ms]
2024-05-14 22:20:27.998 [info] > git rev-parse --show-toplevel [71ms]
2024-05-14 22:20:28.077 [info] > git check-ignore -v -z --stdin [54ms]
2024-05-14 22:20:28.090 [info] > git for-each-ref --format=%(refname)%00%(upstream:short)%00%(objectname)%00%(upstream:track)%00%(upstream:remotename)%00%(upstream:remoteref) refs/heads/whf_play refs/remotes/whf_play [17ms]
2024-05-14 22:20:28.111 [info] > git rev-parse --show-toplevel [65ms]
2024-05-14 22:20:28.143 [info] > git rev-parse --show-toplevel [6ms]
2024-05-14 22:20:28.169 [info] > git rev-parse --show-toplevel [4ms]
2024-05-14 22:20:28.261 [info] > git rev-parse --show-toplevel [21ms]
2024-05-14 22:20:28.287 [info] > git rev-parse --show-toplevel [5ms]
2024-05-14 22:20:28.313 [info] > git rev-parse --show-toplevel [4ms]
2024-05-14 22:20:28.339 [info] > git rev-parse --show-toplevel [7ms]
2024-05-14 22:20:28.365 [info] > git rev-parse --show-toplevel [7ms]
2024-05-14 22:20:28.387 [info] > git rev-parse --show-toplevel [4ms]
2024-05-14 22:20:28.410 [info] > git rev-parse --show-toplevel [4ms]
2024-05-14 22:20:28.433 [info] > git rev-parse --show-toplevel [4ms]
2024-05-14 22:20:28.509 [info] > git rev-parse --show-toplevel [57ms]
2024-05-14 22:20:28.583 [info] > git status -z -uall [473ms]
2024-05-14 22:20:28.584 [info] > git rev-parse --show-toplevel [12ms]
2024-05-14 22:20:32.817 [info] > git rev-parse --show-toplevel [74ms]
2024-05-14 22:20:33.134 [info] > git rev-parse --show-toplevel [293ms]
2024-05-14 22:20:41.564 [info] > git show --textconv :README.md [40ms]
2024-05-14 22:20:41.572 [info] > git ls-files --stage -- /home/mi/README.md [23ms]
2024-05-14 22:20:41.602 [info] > git cat-file -s 7b01e21cfe3dad56c8a37ea5f2728290e55d4b0b [10ms]
2024-05-14 22:23:06.173 [info] > git check-ignore -v -z --stdin [27ms]
2024-05-14 22:23:08.112 [info] > git check-ignore -v -z --stdin [22ms]
2024-05-14 22:23:10.399 [info] > git check-ignore -v -z --stdin [29ms]
2024-05-14 22:23:12.893 [info] > git check-ignore -v -z --stdin [26ms]
2024-05-14 22:23:47.522 [info] > git check-ignore -v -z --stdin [619ms]
2024-05-14 22:23:47.552 [info] > git config --get commit.template [66ms]
2024-05-14 22:23:50.330 [info] > git show --textconv :workplace/src/learning/learning/sit.py [2738ms]
2024-05-14 22:23:50.331 [info] > git ls-files --stage -- /home/mi/workplace/src/learning/learning/sit.py [2695ms]
2024-05-14 22:23:50.686 [info] > git for-each-ref --format=%(refname)%00%(upstream:short)%00%(objectname)%00%(upstream:track)%00%(upstream:remotename)%00%(upstream:remoteref) refs/heads/whf_play refs/remotes/whf_play [2948ms]
2024-05-14 22:23:51.807 [info] > git status -z -uall [1070ms]
2024-05-14 22:24:09.103 [info] > git config --get commit.template [191ms]
2024-05-14 22:24:09.113 [info] > git for-each-ref --format=%(refname)%00%(upstream:short)%00%(objectname)%00%(upstream:track)%00%(upstream:remotename)%00%(upstream:remoteref) refs/heads/whf_play refs/remotes/whf_play [16ms]
2024-05-14 22:24:10.163 [info] > git status -z -uall [980ms]
2024-05-14 22:24:32.663 [info] > git show --textconv :README.md [145ms]
2024-05-14 22:24:32.683 [info] > git ls-files --stage -- /home/mi/README.md [53ms]
2024-05-14 22:24:32.767 [info] > git cat-file -s 7b01e21cfe3dad56c8a37ea5f2728290e55d4b0b [48ms]
2024-05-14 22:25:18.863 [info] > git show --textconv :workplace/src/learning/setup.py [39ms]
2024-05-14 22:25:18.876 [info] > git ls-files --stage -- /home/mi/workplace/src/learning/setup.py [20ms]
2024-05-14 22:25:18.915 [info] > git cat-file -s 2064cf4f9a1bcc987c076d555df4f3e78eeea6af [9ms]
2024-05-14 22:26:34.129 [info] > git check-ignore -v -z --stdin [43ms]
2024-05-14 22:26:41.848 [info] > git check-ignore -v -z --stdin [25ms]
2024-05-14 22:26:45.856 [info] > git check-ignore -v -z --stdin [22ms]
2024-05-14 22:26:50.189 [info] > git check-ignore -v -z --stdin [22ms]
2024-05-14 22:28:22.909 [info] > git show --textconv :workplace/src/learning/learning/sit.py [41ms]
2024-05-14 22:28:22.956 [info] > git ls-files --stage -- /home/mi/workplace/src/learning/learning/sit.py [55ms]
2024-05-14 22:29:11.981 [info] > git show --textconv :workplace/src/learning/learning/stand.py [59ms]
2024-05-14 22:29:12.048 [info] > git ls-files --stage -- /home/mi/workplace/src/learning/learning/stand.py [87ms]
2024-05-14 22:29:12.090 [info] > git cat-file -s 41c5054b09baa67aa9903831f3021dd47e8bdccc [11ms]
2024-05-14 22:29:17.983 [info] > git show --textconv :workplace/src/learning/learning/sit.py [44ms]
2024-05-14 22:29:17.991 [info] > git ls-files --stage -- /home/mi/workplace/src/learning/learning/sit.py [26ms]
2024-05-14 22:29:20.503 [info] > git show --textconv :workplace/src/learning/learning/stand.py [47ms]
2024-05-14 22:29:20.520 [info] > git ls-files --stage -- /home/mi/workplace/src/learning/learning/stand.py [31ms]
2024-05-14 22:29:20.556 [info] > git cat-file -s 41c5054b09baa67aa9903831f3021dd47e8bdccc [11ms]
2024-05-14 22:29:21.073 [info] > git show --textconv :workplace/src/learning/learning/sit.py [43ms]
2024-05-14 22:29:21.087 [info] > git ls-files --stage -- /home/mi/workplace/src/learning/learning/sit.py [29ms]
2024-05-14 22:29:21.684 [info] > git show --textconv :workplace/src/learning/learning/stand.py [39ms]
2024-05-14 22:29:21.698 [info] > git ls-files --stage -- /home/mi/workplace/src/learning/learning/stand.py [24ms]
2024-05-14 22:29:21.733 [info] > git cat-file -s 41c5054b09baa67aa9903831f3021dd47e8bdccc [8ms]
2024-05-14 22:29:22.321 [info] > git show --textconv :workplace/src/learning/learning/sit.py [42ms]
2024-05-14 22:29:22.336 [info] > git ls-files --stage -- /home/mi/workplace/src/learning/learning/sit.py [30ms]
2024-05-14 22:29:22.924 [info] > git show --textconv :workplace/src/learning/learning/stand.py [46ms]
2024-05-14 22:29:22.932 [info] > git ls-files --stage -- /home/mi/workplace/src/learning/learning/stand.py [20ms]
2024-05-14 22:29:22.973 [info] > git cat-file -s 41c5054b09baa67aa9903831f3021dd47e8bdccc [15ms]
2024-05-14 22:29:23.396 [info] > git show --textconv :workplace/src/learning/learning/sit.py [47ms]
2024-05-14 22:29:23.406 [info] > git ls-files --stage -- /home/mi/workplace/src/learning/learning/sit.py [23ms]
2024-05-14 22:29:23.941 [info] > git show --textconv :workplace/src/learning/learning/stand.py [44ms]
2024-05-14 22:29:23.949 [info] > git ls-files --stage -- /home/mi/workplace/src/learning/learning/stand.py [19ms]
2024-05-14 22:29:23.984 [info] > git cat-file -s 41c5054b09baa67aa9903831f3021dd47e8bdccc [10ms]
2024-05-14 22:29:24.352 [info] > git show --textconv :workplace/src/learning/learning/sit.py [48ms]
2024-05-14 22:29:24.360 [info] > git ls-files --stage -- /home/mi/workplace/src/learning/learning/sit.py [20ms]
2024-05-14 23:01:00.833 [info] > git config --get commit.template [22ms]
2024-05-14 23:01:01.006 [info] > git for-each-ref --format=%(refname)%00%(upstream:short)%00%(objectname)%00%(upstream:track)%00%(upstream:remotename)%00%(upstream:remoteref) refs/heads/whf_play refs/remotes/whf_play [36ms]
2024-05-14 23:01:01.906 [info] > git status -z -uall [830ms]
2024-05-14 23:01:07.881 [info] > git config --get commit.template [6ms]
2024-05-14 23:01:07.921 [info] > git for-each-ref --format=%(refname)%00%(upstream:short)%00%(objectname)%00%(upstream:track)%00%(upstream:remotename)%00%(upstream:remoteref) refs/heads/whf_play refs/remotes/whf_play [8ms]
2024-05-14 23:01:08.291 [info] > git status -z -uall [340ms]
2024-05-14 23:01:13.833 [info] > git config --get commit.template [4ms]
2024-05-14 23:01:13.868 [info] > git for-each-ref --format=%(refname)%00%(upstream:short)%00%(objectname)%00%(upstream:track)%00%(upstream:remotename)%00%(upstream:remoteref) refs/heads/whf_play refs/remotes/whf_play [5ms]
2024-05-14 23:01:14.228 [info] > git status -z -uall [333ms]
2024-05-14 23:05:24.857 [info] > git ls-files --stage -- /home/mi/workplace/src/learning/learning/sit.py [15ms]
2024-05-14 23:05:24.911 [info] > git show --textconv :workplace/src/learning/learning/sit.py [13ms]
2024-05-14 23:05:44.277 [info] > git ls-files --stage -- /home/mi/workplace/src/learning/learning/sit.py [14ms]
2024-05-14 23:05:44.334 [info] > git show --textconv :workplace/src/learning/learning/sit.py [16ms]
2024-05-14 23:22:09.261 [info] > git ls-files --stage -- /home/mi/workplace/src/learning/learning/sit.py [14ms]
2024-05-14 23:22:09.315 [info] > git show --textconv :workplace/src/learning/learning/sit.py [14ms]
2024-05-14 23:27:25.093 [info] > git show --textconv :workplace/src/learning/learning/sit.py [42ms]
2024-05-14 23:27:25.098 [info] > git ls-files --stage -- /home/mi/workplace/src/learning/learning/sit.py [18ms]
2024-05-14 23:27:26.866 [info] > git show --textconv :README.md [33ms]
2024-05-14 23:27:26.878 [info] > git ls-files --stage -- /home/mi/README.md [17ms]
2024-05-14 23:27:26.907 [info] > git cat-file -s 7b01e21cfe3dad56c8a37ea5f2728290e55d4b0b [6ms]
2024-05-14 23:27:40.833 [info] > git show --textconv HEAD:README.md [31ms]
2024-05-14 23:27:40.837 [info] > git ls-tree -l HEAD -- /home/mi/README.md [6ms]
2024-05-14 23:27:40.913 [info] > git hash-object --stdin -w --path README.md [11ms]
2024-05-14 23:27:40.944 [info] > git show -s --format=%H%n%aN%n%aE%n%at%n%ct%n%P%n%D%n%B -z HEAD [6ms]
2024-05-14 23:27:40.978 [info] > git ls-tree -l HEAD -- README.md [6ms]
2024-05-14 23:27:41.057 [info] > git update-index  --cacheinfo 100644 35f637ca6fe0b5c37dac8310d05822d4b246b805
 README.md [47ms]
2024-05-14 23:27:41.057 [info] Ignoring path 
2024-05-14 23:27:41.096 [info] > git config --get commit.template [6ms]
2024-05-14 23:27:41.188 [info] > git ls-tree -l HEAD -- /home/mi/README.md [6ms]
2024-05-14 23:27:41.190 [info] > git ls-files --stage -- /home/mi/README.md [36ms]
2024-05-14 23:27:41.217 [info] > git for-each-ref --format=%(refname)%00%(upstream:short)%00%(objectname)%00%(upstream:track)%00%(upstream:remotename)%00%(upstream:remoteref) refs/heads/whf_play refs/remotes/whf_play [95ms]
2024-05-14 23:27:41.296 [info] > git cat-file -s 35f637ca6fe0b5c37dac8310d05822d4b246b805 [81ms]
2024-05-14 23:27:41.299 [info] > git show --textconv HEAD:README.md [6ms]
2024-05-14 23:27:41.358 [info] > git show --textconv :README.md [17ms]
2024-05-14 23:27:41.601 [info] > git status -z -uall [358ms]
2024-05-14 23:27:45.954 [info] > git config --get commit.template [209ms]
2024-05-14 23:27:46.065 [info] > git ls-files --stage -- /home/mi/README.md [35ms]
2024-05-14 23:27:46.094 [info] > git for-each-ref --format=%(refname)%00%(upstream:short)%00%(objectname)%00%(upstream:track)%00%(upstream:remotename)%00%(upstream:remoteref) refs/heads/whf_play refs/remotes/whf_play [102ms]
2024-05-14 23:27:46.132 [info] > git cat-file -s 35f637ca6fe0b5c37dac8310d05822d4b246b805 [38ms]
2024-05-14 23:27:46.135 [info] > git ls-files --stage -- /home/mi/README.md [76ms]
2024-05-14 23:27:46.182 [info] > git cat-file -s 35f637ca6fe0b5c37dac8310d05822d4b246b805 [6ms]
2024-05-14 23:27:46.279 [info] > git show --textconv :README.md [58ms]
2024-05-14 23:27:46.279 [info] > git show --textconv :README.md [23ms]
2024-05-14 23:27:46.451 [info] > git status -z -uall [325ms]
2024-05-14 23:28:43.660 [info] > git check-ignore -v -z --stdin [20ms]
2024-05-14 23:28:45.303 [info] > git check-ignore -v -z --stdin [16ms]
2024-05-14 23:28:45.835 [info] > git show --textconv :workplace/src/ai/ai/photo.py [42ms]
2024-05-14 23:28:45.848 [info] > git ls-files --stage -- /home/mi/workplace/src/ai/ai/photo.py [21ms]
2024-05-14 23:28:45.888 [info] > git cat-file -s 4683a9e36cdc02a0385fd4450817d00e71801b17 [9ms]
2024-05-14 23:31:02.079 [info] > git show --textconv :README.md [42ms]
2024-05-14 23:31:02.091 [info] > git ls-files --stage -- /home/mi/README.md [18ms]
2024-05-14 23:31:02.126 [info] > git cat-file -s 35f637ca6fe0b5c37dac8310d05822d4b246b805 [7ms]
2024-05-14 23:32:13.944 [info] > git show --textconv :workplace/src/ai/ai/photo.py [60ms]
2024-05-14 23:32:13.956 [info] > git ls-files --stage -- /home/mi/workplace/src/ai/ai/photo.py [32ms]
2024-05-14 23:32:14.004 [info] > git cat-file -s 4683a9e36cdc02a0385fd4450817d00e71801b17 [14ms]
2024-05-14 23:34:39.543 [info] > git show --textconv :README.md [55ms]
2024-05-14 23:34:39.554 [info] > git ls-files --stage -- /home/mi/README.md [21ms]
2024-05-14 23:34:39.585 [info] > git cat-file -s 35f637ca6fe0b5c37dac8310d05822d4b246b805 [6ms]
2024-05-14 23:35:29.120 [info] > git show --textconv :workplace/src/learning/learning/camera.py [46ms]
2024-05-14 23:35:29.152 [info] > git ls-files --stage -- /home/mi/workplace/src/learning/learning/camera.py [38ms]
2024-05-14 23:35:29.187 [info] > git cat-file -s 57d25ca86ebe15ac4fd13d672c220a5052800460 [7ms]
2024-05-14 23:39:21.987 [info] > git show --textconv :workplace/src/learning/learning/rgb_cam_suber.py [124ms]
2024-05-14 23:39:22.012 [info] > git ls-files --stage -- /home/mi/workplace/src/learning/learning/rgb_cam_suber.py [49ms]
2024-05-14 23:39:22.149 [info] > git cat-file -s 3e0ff7b208544c4d0f41fce9b6bf39ae1679ec55 [18ms]
2024-05-14 23:40:35.879 [info] > git show --textconv :README.md [40ms]
2024-05-14 23:40:35.890 [info] > git ls-files --stage -- /home/mi/README.md [15ms]
2024-05-14 23:40:35.933 [info] > git cat-file -s 35f637ca6fe0b5c37dac8310d05822d4b246b805 [7ms]
2024-05-14 23:40:41.211 [info] > git show --textconv :workplace/src/learning/learning/rgb_cam_suber.py [38ms]
2024-05-14 23:40:41.225 [info] > git ls-files --stage -- /home/mi/workplace/src/learning/learning/rgb_cam_suber.py [24ms]
2024-05-14 23:40:41.262 [info] > git cat-file -s 3e0ff7b208544c4d0f41fce9b6bf39ae1679ec55 [10ms]
2024-05-14 23:41:25.079 [info] > git show --textconv :workplace/src/learning/setup.py [55ms]
2024-05-14 23:41:25.085 [info] > git ls-files --stage -- /home/mi/workplace/src/learning/setup.py [19ms]
2024-05-14 23:41:25.137 [info] > git cat-file -s 2064cf4f9a1bcc987c076d555df4f3e78eeea6af [8ms]
2024-05-14 23:43:12.532 [info] > git for-each-ref --format=%(refname)%00%(upstream:short)%00%(objectname)%00%(upstream:track)%00%(upstream:remotename)%00%(upstream:remoteref) refs/heads/whf_play refs/remotes/whf_play [10ms]
2024-05-14 23:43:12.537 [info] > git config --get commit.template [50ms]
2024-05-14 23:43:13.042 [info] > git status -z -uall [473ms]
2024-05-14 23:43:17.164 [info] > git show --textconv :README.md [51ms]
2024-05-14 23:43:17.186 [info] > git ls-files --stage -- /home/mi/README.md [27ms]
2024-05-14 23:43:17.235 [info] > git cat-file -s 35f637ca6fe0b5c37dac8310d05822d4b246b805 [8ms]
2024-05-14 23:43:18.770 [info] > git config --get commit.template [6ms]
2024-05-14 23:43:18.814 [info] > git for-each-ref --format=%(refname)%00%(upstream:short)%00%(objectname)%00%(upstream:track)%00%(upstream:remotename)%00%(upstream:remoteref) refs/heads/whf_play refs/remotes/whf_play [6ms]
2024-05-14 23:43:19.189 [info] > git status -z -uall [333ms]
2024-05-14 23:44:39.665 [info] > git show --textconv :workplace/src/learning/learning/rgb_cam_suber.py [65ms]
2024-05-14 23:44:39.668 [info] > git ls-files --stage -- /home/mi/workplace/src/learning/learning/rgb_cam_suber.py [17ms]
2024-05-14 23:44:39.720 [info] > git cat-file -s 3e0ff7b208544c4d0f41fce9b6bf39ae1679ec55 [10ms]
2024-05-14 23:51:31.676 [info] > git config --get commit.template [63ms]
2024-05-14 23:51:31.682 [info] > git for-each-ref --format=%(refname)%00%(upstream:short)%00%(objectname)%00%(upstream:track)%00%(upstream:remotename)%00%(upstream:remoteref) refs/heads/whf_play refs/remotes/whf_play [17ms]
2024-05-14 23:51:32.168 [info] > git status -z -uall [450ms]
2024-05-14 23:51:36.483 [info] > git show --textconv :README.md [50ms]
2024-05-14 23:51:36.497 [info] > git ls-files --stage -- /home/mi/README.md [19ms]
2024-05-14 23:51:36.546 [info] > git cat-file -s 35f637ca6fe0b5c37dac8310d05822d4b246b805 [3ms]
2024-05-14 23:51:37.756 [info] > git config --get commit.template [6ms]
2024-05-14 23:51:37.801 [info] > git for-each-ref --format=%(refname)%00%(upstream:short)%00%(objectname)%00%(upstream:track)%00%(upstream:remotename)%00%(upstream:remoteref) refs/heads/whf_play refs/remotes/whf_play [6ms]
2024-05-14 23:51:38.198 [info] > git status -z -uall [357ms]
2024-05-14 23:51:43.744 [info] > git config --get commit.template [7ms]
2024-05-14 23:51:43.792 [info] > git for-each-ref --format=%(refname)%00%(upstream:short)%00%(objectname)%00%(upstream:track)%00%(upstream:remotename)%00%(upstream:remoteref) refs/heads/whf_play refs/remotes/whf_play [6ms]
2024-05-14 23:51:44.178 [info] > git status -z -uall [346ms]
2024-05-14 23:51:49.723 [info] > git config --get commit.template [4ms]
2024-05-14 23:51:49.782 [info] > git for-each-ref --format=%(refname)%00%(upstream:short)%00%(objectname)%00%(upstream:track)%00%(upstream:remotename)%00%(upstream:remoteref) refs/heads/whf_play refs/remotes/whf_play [8ms]
2024-05-14 23:51:50.206 [info] > git status -z -uall [385ms]
2024-05-14 23:51:55.786 [info] > git config --get commit.template [29ms]
2024-05-14 23:51:55.837 [info] > git for-each-ref --format=%(refname)%00%(upstream:short)%00%(objectname)%00%(upstream:track)%00%(upstream:remotename)%00%(upstream:remoteref) refs/heads/whf_play refs/remotes/whf_play [13ms]
2024-05-14 23:51:56.234 [info] > git status -z -uall [357ms]
2024-05-14 23:52:01.778 [info] > git config --get commit.template [30ms]
2024-05-14 23:52:01.838 [info] > git for-each-ref --format=%(refname)%00%(upstream:short)%00%(objectname)%00%(upstream:track)%00%(upstream:remotename)%00%(upstream:remoteref) refs/heads/whf_play refs/remotes/whf_play [16ms]
2024-05-14 23:52:02.275 [info] > git status -z -uall [399ms]
2024-05-14 23:52:07.774 [info] > git config --get commit.template [13ms]
2024-05-14 23:52:07.864 [info] > git for-each-ref --format=%(refname)%00%(upstream:short)%00%(objectname)%00%(upstream:track)%00%(upstream:remotename)%00%(upstream:remoteref) refs/heads/whf_play refs/remotes/whf_play [17ms]
2024-05-14 23:52:08.287 [info] > git status -z -uall [382ms]
2024-05-14 23:52:22.942 [info] > git config --get commit.template [29ms]
2024-05-14 23:52:22.992 [info] > git for-each-ref --format=%(refname)%00%(upstream:short)%00%(objectname)%00%(upstream:track)%00%(upstream:remotename)%00%(upstream:remoteref) refs/heads/whf_play refs/remotes/whf_play [10ms]
2024-05-14 23:52:23.385 [info] > git status -z -uall [337ms]
2024-05-14 23:52:28.901 [info] > git config --get commit.template [49ms]
2024-05-14 23:52:28.908 [info] > git for-each-ref --format=%(refname)%00%(upstream:short)%00%(objectname)%00%(upstream:track)%00%(upstream:remotename)%00%(upstream:remoteref) refs/heads/whf_play refs/remotes/whf_play [13ms]
2024-05-14 23:52:29.314 [info] > git status -z -uall [367ms]
2024-05-14 23:56:52.269 [info] > git config --get commit.template [16ms]
2024-05-14 23:56:52.302 [info] > git for-each-ref --format=%(refname)%00%(upstream:short)%00%(objectname)%00%(upstream:track)%00%(upstream:remotename)%00%(upstream:remoteref) refs/heads/whf_play refs/remotes/whf_play [4ms]
2024-05-14 23:56:52.726 [info] > git status -z -uall [393ms]
2024-05-14 23:56:58.292 [info] > git config --get commit.template [8ms]
2024-05-14 23:56:58.334 [info] > git for-each-ref --format=%(refname)%00%(upstream:short)%00%(objectname)%00%(upstream:track)%00%(upstream:remotename)%00%(upstream:remoteref) refs/heads/whf_play refs/remotes/whf_play [7ms]
2024-05-14 23:56:58.681 [info] > git status -z -uall [316ms]
2024-05-15 00:04:17.598 [info] > git config --get commit.template [8ms]
2024-05-15 00:04:17.634 [info] > git for-each-ref --format=%(refname)%00%(upstream:short)%00%(objectname)%00%(upstream:track)%00%(upstream:remotename)%00%(upstream:remoteref) refs/heads/whf_play refs/remotes/whf_play [6ms]
2024-05-15 00:04:18.098 [info] > git status -z -uall [438ms]
2024-05-15 00:04:22.247 [info] > git show --textconv :workplace/src/learning/learning/sit.py [69ms]
2024-05-15 00:04:22.257 [info] > git ls-files --stage -- /home/mi/workplace/src/learning/learning/sit.py [27ms]
2024-05-15 00:04:23.705 [info] > git config --get commit.template [63ms]
2024-05-15 00:04:23.719 [info] > git for-each-ref --format=%(refname)%00%(upstream:short)%00%(objectname)%00%(upstream:track)%00%(upstream:remotename)%00%(upstream:remoteref) refs/heads/whf_play refs/remotes/whf_play [16ms]
2024-05-15 00:04:24.465 [info] > git status -z -uall [699ms]
2024-05-15 00:04:30.281 [info] > git config --get commit.template [38ms]
2024-05-15 00:04:30.283 [info] > git for-each-ref --format=%(refname)%00%(upstream:short)%00%(objectname)%00%(upstream:track)%00%(upstream:remotename)%00%(upstream:remoteref) refs/heads/whf_play refs/remotes/whf_play [6ms]
2024-05-15 00:04:30.437 [info] > git ls-files --stage -- /home/mi/workplace/src/learning/learning/sit.py [15ms]
2024-05-15 00:04:30.508 [info] > git show --textconv :workplace/src/learning/learning/sit.py [17ms]
2024-05-15 00:04:30.795 [info] > git status -z -uall [476ms]
2024-05-15 00:04:36.314 [info] > git config --get commit.template [5ms]
2024-05-15 00:04:36.360 [info] > git for-each-ref --format=%(refname)%00%(upstream:short)%00%(objectname)%00%(upstream:track)%00%(upstream:remotename)%00%(upstream:remoteref) refs/heads/whf_play refs/remotes/whf_play [9ms]
2024-05-15 00:04:36.811 [info] > git status -z -uall [415ms]
2024-05-15 00:04:42.358 [info] > git config --get commit.template [3ms]
2024-05-15 00:04:42.405 [info] > git for-each-ref --format=%(refname)%00%(upstream:short)%00%(objectname)%00%(upstream:track)%00%(upstream:remotename)%00%(upstream:remoteref) refs/heads/whf_play refs/remotes/whf_play [11ms]
2024-05-15 00:04:42.874 [info] > git status -z -uall [429ms]
2024-05-15 00:04:48.433 [info] > git config --get commit.template [5ms]
2024-05-15 00:04:48.474 [info] > git for-each-ref --format=%(refname)%00%(upstream:short)%00%(objectname)%00%(upstream:track)%00%(upstream:remotename)%00%(upstream:remoteref) refs/heads/whf_play refs/remotes/whf_play [6ms]
2024-05-15 00:04:48.945 [info] > git status -z -uall [438ms]
2024-05-15 00:04:54.449 [info] > git config --get commit.template [4ms]
2024-05-15 00:04:54.485 [info] > git for-each-ref --format=%(refname)%00%(upstream:short)%00%(objectname)%00%(upstream:track)%00%(upstream:remotename)%00%(upstream:remoteref) refs/heads/whf_play refs/remotes/whf_play [5ms]
2024-05-15 00:04:54.940 [info] > git status -z -uall [422ms]
2024-05-15 00:05:00.497 [info] > git config --get commit.template [36ms]
2024-05-15 00:05:00.502 [info] > git for-each-ref --format=%(refname)%00%(upstream:short)%00%(objectname)%00%(upstream:track)%00%(upstream:remotename)%00%(upstream:remoteref) refs/heads/whf_play refs/remotes/whf_play [8ms]
2024-05-15 00:05:00.952 [info] > git status -z -uall [419ms]
2024-05-15 00:05:06.449 [info] > git config --get commit.template [6ms]
2024-05-15 00:05:06.491 [info] > git for-each-ref --format=%(refname)%00%(upstream:short)%00%(objectname)%00%(upstream:track)%00%(upstream:remotename)%00%(upstream:remoteref) refs/heads/whf_play refs/remotes/whf_play [6ms]
2024-05-15 00:05:06.973 [info] > git status -z -uall [445ms]
2024-05-15 00:05:12.499 [info] > git config --get commit.template [11ms]
2024-05-15 00:05:12.546 [info] > git for-each-ref --format=%(refname)%00%(upstream:short)%00%(objectname)%00%(upstream:track)%00%(upstream:remotename)%00%(upstream:remoteref) refs/heads/whf_play refs/remotes/whf_play [7ms]
2024-05-15 00:05:13.077 [info] > git status -z -uall [481ms]
2024-05-15 00:05:18.610 [info] > git for-each-ref --format=%(refname)%00%(upstream:short)%00%(objectname)%00%(upstream:track)%00%(upstream:remotename)%00%(upstream:remoteref) refs/heads/whf_play refs/remotes/whf_play [9ms]
2024-05-15 00:05:18.612 [info] > git config --get commit.template [48ms]
2024-05-15 00:05:19.072 [info] > git status -z -uall [419ms]
2024-05-15 00:05:24.562 [info] > git config --get commit.template [6ms]
2024-05-15 00:05:24.620 [info] > git for-each-ref --format=%(refname)%00%(upstream:short)%00%(objectname)%00%(upstream:track)%00%(upstream:remotename)%00%(upstream:remoteref) refs/heads/whf_play refs/remotes/whf_play [13ms]
2024-05-15 00:05:25.121 [info] > git status -z -uall [457ms]
2024-05-15 00:05:30.642 [info] > git config --get commit.template [5ms]
2024-05-15 00:05:30.741 [info] > git for-each-ref --format=%(refname)%00%(upstream:short)%00%(objectname)%00%(upstream:track)%00%(upstream:remotename)%00%(upstream:remoteref) refs/heads/whf_play refs/remotes/whf_play [55ms]
2024-05-15 00:05:30.788 [info] > git ls-files --stage -- /home/mi/workplace/src/learning/learning/sit.py [54ms]
2024-05-15 00:05:30.873 [info] > git show --textconv :workplace/src/learning/learning/sit.py [15ms]
2024-05-15 00:05:31.137 [info] > git status -z -uall [355ms]
2024-05-15 00:05:36.663 [info] > git config --get commit.template [3ms]
2024-05-15 00:05:36.719 [info] > git for-each-ref --format=%(refname)%00%(upstream:short)%00%(objectname)%00%(upstream:track)%00%(upstream:remotename)%00%(upstream:remoteref) refs/heads/whf_play refs/remotes/whf_play [6ms]
2024-05-15 00:05:37.133 [info] > git status -z -uall [370ms]
2024-05-15 00:05:42.633 [info] > git config --get commit.template [4ms]
2024-05-15 00:05:42.697 [info] > git for-each-ref --format=%(refname)%00%(upstream:short)%00%(objectname)%00%(upstream:track)%00%(upstream:remotename)%00%(upstream:remoteref) refs/heads/whf_play refs/remotes/whf_play [14ms]
2024-05-15 00:05:43.085 [info] > git status -z -uall [338ms]
2024-05-15 00:05:48.624 [info] > git config --get commit.template [7ms]
2024-05-15 00:05:48.674 [info] > git for-each-ref --format=%(refname)%00%(upstream:short)%00%(objectname)%00%(upstream:track)%00%(upstream:remotename)%00%(upstream:remoteref) refs/heads/whf_play refs/remotes/whf_play [6ms]
2024-05-15 00:05:49.050 [info] > git status -z -uall [329ms]
2024-05-15 00:05:54.544 [info] > git config --get commit.template [4ms]
2024-05-15 00:05:54.604 [info] > git for-each-ref --format=%(refname)%00%(upstream:short)%00%(objectname)%00%(upstream:track)%00%(upstream:remotename)%00%(upstream:remoteref) refs/heads/whf_play refs/remotes/whf_play [6ms]
2024-05-15 00:05:54.992 [info] > git status -z -uall [339ms]
2024-05-15 00:06:00.514 [info] > git config --get commit.template [5ms]
2024-05-15 00:06:00.576 [info] > git for-each-ref --format=%(refname)%00%(upstream:short)%00%(objectname)%00%(upstream:track)%00%(upstream:remotename)%00%(upstream:remoteref) refs/heads/whf_play refs/remotes/whf_play [5ms]
2024-05-15 00:06:00.957 [info] > git status -z -uall [326ms]
2024-05-15 00:06:06.468 [info] > git config --get commit.template [6ms]
2024-05-15 00:06:06.528 [info] > git for-each-ref --format=%(refname)%00%(upstream:short)%00%(objectname)%00%(upstream:track)%00%(upstream:remotename)%00%(upstream:remoteref) refs/heads/whf_play refs/remotes/whf_play [7ms]
2024-05-15 00:06:06.939 [info] > git status -z -uall [351ms]
2024-05-15 00:06:12.533 [info] > git config --get commit.template [65ms]
2024-05-15 00:06:12.536 [info] > git for-each-ref --format=%(refname)%00%(upstream:short)%00%(objectname)%00%(upstream:track)%00%(upstream:remotename)%00%(upstream:remoteref) refs/heads/whf_play refs/remotes/whf_play [9ms]
2024-05-15 00:06:12.908 [info] > git status -z -uall [317ms]
2024-05-15 00:06:18.430 [info] > git config --get commit.template [15ms]
2024-05-15 00:06:18.499 [info] > git for-each-ref --format=%(refname)%00%(upstream:short)%00%(objectname)%00%(upstream:track)%00%(upstream:remotename)%00%(upstream:remoteref) refs/heads/whf_play refs/remotes/whf_play [13ms]
2024-05-15 00:06:18.876 [info] > git status -z -uall [319ms]
2024-05-15 00:08:53.456 [info] > git config --get commit.template [4ms]
2024-05-15 00:08:53.491 [info] > git for-each-ref --format=%(refname)%00%(upstream:short)%00%(objectname)%00%(upstream:track)%00%(upstream:remotename)%00%(upstream:remoteref) refs/heads/whf_play refs/remotes/whf_play [8ms]
2024-05-15 00:08:53.899 [info] > git status -z -uall [380ms]
2024-05-15 00:08:59.486 [info] > git config --get commit.template [38ms]
2024-05-15 00:08:59.488 [info] > git for-each-ref --format=%(refname)%00%(upstream:short)%00%(objectname)%00%(upstream:track)%00%(upstream:remotename)%00%(upstream:remoteref) refs/heads/whf_play refs/remotes/whf_play [6ms]
2024-05-15 00:08:59.842 [info] > git status -z -uall [321ms]
