[4.774s] Invoking command in '/home/mi/workplace/src/learning': PYTHONPATH=/home/mi/workplace/install/learning/lib/python3.6/site-packages:${PYTHONPATH} /usr/bin/python3 setup.py egg_info --egg-base ../../build/learning build --build-base /home/mi/workplace/build/learning/build install --prefix /home/mi/workplace/install/learning --record /home/mi/workplace/build/learning/install.log --single-version-externally-managed
[6.515s] running egg_info
[6.519s] writing ../../build/learning/learning.egg-info/PKG-INFO
[6.520s] writing dependency_links to ../../build/learning/learning.egg-info/dependency_links.txt
[6.521s] writing entry points to ../../build/learning/learning.egg-info/entry_points.txt
[6.521s] writing requirements to ../../build/learning/learning.egg-info/requires.txt
[6.522s] writing top-level names to ../../build/learning/learning.egg-info/top_level.txt
[6.537s] reading manifest file '../../build/learning/learning.egg-info/SOURCES.txt'
[6.543s] writing manifest file '../../build/learning/learning.egg-info/SOURCES.txt'
[6.545s] running build
[6.546s] running build_py
[6.550s] copying learning/move_x.py -> /home/mi/workplace/build/learning/build/lib/learning
[6.554s] running install
[6.556s] /usr/local/lib/python3.6/dist-packages/setuptools/command/install.py:37: SetuptoolsDeprecationWarning: setup.py install is deprecated. Use build and pip and other standards-based tools.
[6.557s]   setuptools.SetuptoolsDeprecationWarning,
[6.560s] running install_lib
[6.563s] copying /home/mi/workplace/build/learning/build/lib/learning/move_x.py -> /home/mi/workplace/install/learning/lib/python3.6/site-packages/learning
[6.566s] byte-compiling /home/mi/workplace/install/learning/lib/python3.6/site-packages/learning/move_x.py to move_x.cpython-36.pyc
[6.571s] running install_data
[6.574s] running install_egg_info
[6.581s] removing '/home/mi/workplace/install/learning/lib/python3.6/site-packages/learning-0.0.0-py3.6.egg-info' (and everything under it)
[6.582s] Copying ../../build/learning/learning.egg-info to /home/mi/workplace/install/learning/lib/python3.6/site-packages/learning-0.0.0-py3.6.egg-info
[6.587s] running install_scripts
[6.669s] Installing camera script to /home/mi/workplace/install/learning/lib/learning
[6.670s] Installing crash script to /home/mi/workplace/install/learning/lib/learning
[6.671s] Installing data_receive script to /home/mi/workplace/install/learning/lib/learning
[6.671s] Installing get_data script to /home/mi/workplace/install/learning/lib/learning
[6.672s] Installing goal script to /home/mi/workplace/install/learning/lib/learning
[6.673s] Installing keeper script to /home/mi/workplace/install/learning/lib/learning
[6.674s] Installing move_x script to /home/mi/workplace/install/learning/lib/learning
[6.674s] Installing rgb script to /home/mi/workplace/install/learning/lib/learning
[6.675s] Installing rotate script to /home/mi/workplace/install/learning/lib/learning
[6.676s] Installing rotate_until_center1 script to /home/mi/workplace/install/learning/lib/learning
[6.678s] Installing stand script to /home/mi/workplace/install/learning/lib/learning
[6.678s] Installing track script to /home/mi/workplace/install/learning/lib/learning
[6.679s] Installing walk_t_sec script to /home/mi/workplace/install/learning/lib/learning
[6.680s] Installing walktest script to /home/mi/workplace/install/learning/lib/learning
[6.681s] writing list of installed files to '/home/mi/workplace/build/learning/install.log'
[6.809s] Invoked command in '/home/mi/workplace/src/learning' returned '0': PYTHONPATH=/home/mi/workplace/install/learning/lib/python3.6/site-packages:${PYTHONPATH} /usr/bin/python3 setup.py egg_info --egg-base ../../build/learning build --build-base /home/mi/workplace/build/learning/build install --prefix /home/mi/workplace/install/learning --record /home/mi/workplace/build/learning/install.log --single-version-externally-managed
