[4.327s] Invoking command in '/home/mi/workplace/src/learning': PYTHONPATH=/home/mi/workplace/install/learning/lib/python3.6/site-packages:${PYTHONPATH} /usr/bin/python3 setup.py egg_info --egg-base ../../build/learning build --build-base /home/mi/workplace/build/learning/build install --prefix /home/mi/workplace/install/learning --record /home/mi/workplace/build/learning/install.log --single-version-externally-managed
[5.945s] running egg_info
[5.951s] writing ../../build/learning/learning.egg-info/PKG-INFO
[5.954s] writing dependency_links to ../../build/learning/learning.egg-info/dependency_links.txt
[5.954s] writing entry points to ../../build/learning/learning.egg-info/entry_points.txt
[5.956s] writing requirements to ../../build/learning/learning.egg-info/requires.txt
[5.959s] writing top-level names to ../../build/learning/learning.egg-info/top_level.txt
[5.971s] reading manifest file '../../build/learning/learning.egg-info/SOURCES.txt'
[5.979s] writing manifest file '../../build/learning/learning.egg-info/SOURCES.txt'
[5.980s] running build
[5.981s] running build_py
[5.993s] running install
[5.999s] /usr/local/lib/python3.6/dist-packages/setuptools/command/install.py:37: SetuptoolsDeprecationWarning: setup.py install is deprecated. Use build and pip and other standards-based tools.
[6.000s]   setuptools.SetuptoolsDeprecationWarning,
[6.001s] running install_lib
[6.006s] running install_data
[6.008s] running install_egg_info
[6.015s] removing '/home/mi/workplace/install/learning/lib/python3.6/site-packages/learning-0.0.0-py3.6.egg-info' (and everything under it)
[6.017s] Copying ../../build/learning/learning.egg-info to /home/mi/workplace/install/learning/lib/python3.6/site-packages/learning-0.0.0-py3.6.egg-info
[6.025s] running install_scripts
[6.119s] Installing camera script to /home/mi/workplace/install/learning/lib/learning
[6.121s] Installing crash script to /home/mi/workplace/install/learning/lib/learning
[6.122s] Installing data_receive script to /home/mi/workplace/install/learning/lib/learning
[6.124s] Installing get_data script to /home/mi/workplace/install/learning/lib/learning
[6.125s] Installing goal script to /home/mi/workplace/install/learning/lib/learning
[6.126s] Installing keeper script to /home/mi/workplace/install/learning/lib/learning
[6.129s] Installing main_node script to /home/mi/workplace/install/learning/lib/learning
[6.129s] Installing move_x script to /home/mi/workplace/install/learning/lib/learning
[6.130s] Installing rgb script to /home/mi/workplace/install/learning/lib/learning
[6.131s] Installing rotate script to /home/mi/workplace/install/learning/lib/learning
[6.133s] Installing rotate_until_center1 script to /home/mi/workplace/install/learning/lib/learning
[6.133s] Installing stand script to /home/mi/workplace/install/learning/lib/learning
[6.139s] Installing track script to /home/mi/workplace/install/learning/lib/learning
[6.142s] Installing walk_t_sec script to /home/mi/workplace/install/learning/lib/learning
[6.143s] Installing walktest script to /home/mi/workplace/install/learning/lib/learning
[6.149s] writing list of installed files to '/home/mi/workplace/build/learning/install.log'
[6.268s] Invoked command in '/home/mi/workplace/src/learning' returned '0': PYTHONPATH=/home/mi/workplace/install/learning/lib/python3.6/site-packages:${PYTHONPATH} /usr/bin/python3 setup.py egg_info --egg-base ../../build/learning build --build-base /home/mi/workplace/build/learning/build install --prefix /home/mi/workplace/install/learning --record /home/mi/workplace/build/learning/install.log --single-version-externally-managed
