[4.540s] Invoking command in '/home/mi/workplace/src/learning': PYTHONPATH=/home/mi/workplace/install/learning/lib/python3.6/site-packages:${PYTHONPATH} /usr/bin/python3 setup.py egg_info --egg-base ../../build/learning build --build-base /home/mi/workplace/build/learning/build install --prefix /home/mi/workplace/install/learning --record /home/mi/workplace/build/learning/install.log --single-version-externally-managed
[6.499s] running egg_info
[6.505s] writing ../../build/learning/learning.egg-info/PKG-INFO
[6.507s] writing dependency_links to ../../build/learning/learning.egg-info/dependency_links.txt
[6.509s] writing entry points to ../../build/learning/learning.egg-info/entry_points.txt
[6.512s] writing requirements to ../../build/learning/learning.egg-info/requires.txt
[6.513s] writing top-level names to ../../build/learning/learning.egg-info/top_level.txt
[6.539s] reading manifest file '../../build/learning/learning.egg-info/SOURCES.txt'
[6.551s] writing manifest file '../../build/learning/learning.egg-info/SOURCES.txt'
[6.553s] running build
[6.554s] running build_py
[6.563s] running install
[6.564s] /usr/local/lib/python3.6/dist-packages/setuptools/command/install.py:37: SetuptoolsDeprecationWarning: setup.py install is deprecated. Use build and pip and other standards-based tools.
[6.565s]   setuptools.SetuptoolsDeprecationWarning,
[6.575s] running install_lib
[6.583s] running install_data
[6.586s] running install_egg_info
[6.595s] removing '/home/mi/workplace/install/learning/lib/python3.6/site-packages/learning-0.0.0-py3.6.egg-info' (and everything under it)
[6.598s] Copying ../../build/learning/learning.egg-info to /home/mi/workplace/install/learning/lib/python3.6/site-packages/learning-0.0.0-py3.6.egg-info
[6.610s] running install_scripts
[6.735s] Installing camera script to /home/mi/workplace/install/learning/lib/learning
[6.749s] Installing crash script to /home/mi/workplace/install/learning/lib/learning
[6.750s] Installing data_receive script to /home/mi/workplace/install/learning/lib/learning
[6.750s] Installing get_data script to /home/mi/workplace/install/learning/lib/learning
[6.753s] Installing goal script to /home/mi/workplace/install/learning/lib/learning
[6.753s] Installing keeper script to /home/mi/workplace/install/learning/lib/learning
[6.754s] Installing main script to /home/mi/workplace/install/learning/lib/learning
[6.754s] Installing move_x script to /home/mi/workplace/install/learning/lib/learning
[6.755s] Installing rgb script to /home/mi/workplace/install/learning/lib/learning
[6.755s] Installing rotate script to /home/mi/workplace/install/learning/lib/learning
[6.756s] Installing rotate_until_center1 script to /home/mi/workplace/install/learning/lib/learning
[6.756s] Installing sit script to /home/mi/workplace/install/learning/lib/learning
[6.757s] Installing stand script to /home/mi/workplace/install/learning/lib/learning
[6.757s] Installing test script to /home/mi/workplace/install/learning/lib/learning
[6.758s] Installing track script to /home/mi/workplace/install/learning/lib/learning
[6.758s] Installing walk_t_sec script to /home/mi/workplace/install/learning/lib/learning
[6.760s] Installing walktest script to /home/mi/workplace/install/learning/lib/learning
[6.761s] writing list of installed files to '/home/mi/workplace/build/learning/install.log'
[6.909s] Invoked command in '/home/mi/workplace/src/learning' returned '0': PYTHONPATH=/home/mi/workplace/install/learning/lib/python3.6/site-packages:${PYTHONPATH} /usr/bin/python3 setup.py egg_info --egg-base ../../build/learning build --build-base /home/mi/workplace/build/learning/build install --prefix /home/mi/workplace/install/learning --record /home/mi/workplace/build/learning/install.log --single-version-externally-managed
