[4.078s] Invoking command in '/home/mi/workplace/src/learning': PYTHONPATH=/home/mi/workplace/install/learning/lib/python3.6/site-packages:${PYTHONPATH} /usr/bin/python3 setup.py egg_info --egg-base ../../build/learning build --build-base /home/mi/workplace/build/learning/build install --prefix /home/mi/workplace/install/learning --record /home/mi/workplace/build/learning/install.log --single-version-externally-managed
[5.602s] running egg_info
[5.604s] writing ../../build/learning/learning.egg-info/PKG-INFO
[5.607s] writing dependency_links to ../../build/learning/learning.egg-info/dependency_links.txt
[5.609s] writing entry points to ../../build/learning/learning.egg-info/entry_points.txt
[5.610s] writing requirements to ../../build/learning/learning.egg-info/requires.txt
[5.612s] writing top-level names to ../../build/learning/learning.egg-info/top_level.txt
[5.625s] reading manifest file '../../build/learning/learning.egg-info/SOURCES.txt'
[5.633s] writing manifest file '../../build/learning/learning.egg-info/SOURCES.txt'
[5.634s] running build
[5.635s] running build_py
[5.636s] copying learning/walk_t_sec.py -> /home/mi/workplace/build/learning/build/lib/learning
[5.638s] copying learning/goal.py -> /home/mi/workplace/build/learning/build/lib/learning
[5.641s] running install
[5.641s] /usr/local/lib/python3.6/dist-packages/setuptools/command/install.py:37: SetuptoolsDeprecationWarning: setup.py install is deprecated. Use build and pip and other standards-based tools.
[5.642s]   setuptools.SetuptoolsDeprecationWarning,
[5.643s] running install_lib
[5.646s] copying /home/mi/workplace/build/learning/build/lib/learning/walk_t_sec.py -> /home/mi/workplace/install/learning/lib/python3.6/site-packages/learning
[5.648s] copying /home/mi/workplace/build/learning/build/lib/learning/goal.py -> /home/mi/workplace/install/learning/lib/python3.6/site-packages/learning
[5.651s] byte-compiling /home/mi/workplace/install/learning/lib/python3.6/site-packages/learning/walk_t_sec.py to walk_t_sec.cpython-36.pyc
[5.657s] byte-compiling /home/mi/workplace/install/learning/lib/python3.6/site-packages/learning/goal.py to goal.cpython-36.pyc
[5.658s] running install_data
[5.661s] running install_egg_info
[5.669s] removing '/home/mi/workplace/install/learning/lib/python3.6/site-packages/learning-0.0.0-py3.6.egg-info' (and everything under it)
[5.670s] Copying ../../build/learning/learning.egg-info to /home/mi/workplace/install/learning/lib/python3.6/site-packages/learning-0.0.0-py3.6.egg-info
[5.674s] running install_scripts
[5.768s] Installing camera script to /home/mi/workplace/install/learning/lib/learning
[5.769s] Installing crash script to /home/mi/workplace/install/learning/lib/learning
[5.771s] Installing data_receive script to /home/mi/workplace/install/learning/lib/learning
[5.773s] Installing goal script to /home/mi/workplace/install/learning/lib/learning
[5.773s] Installing rgb script to /home/mi/workplace/install/learning/lib/learning
[5.775s] Installing rotate_until_center1 script to /home/mi/workplace/install/learning/lib/learning
[5.776s] Installing stand script to /home/mi/workplace/install/learning/lib/learning
[5.776s] Installing track script to /home/mi/workplace/install/learning/lib/learning
[5.777s] Installing walk_t_sec script to /home/mi/workplace/install/learning/lib/learning
[5.777s] Installing walktest script to /home/mi/workplace/install/learning/lib/learning
[5.778s] writing list of installed files to '/home/mi/workplace/build/learning/install.log'
[5.906s] Invoked command in '/home/mi/workplace/src/learning' returned '0': PYTHONPATH=/home/mi/workplace/install/learning/lib/python3.6/site-packages:${PYTHONPATH} /usr/bin/python3 setup.py egg_info --egg-base ../../build/learning build --build-base /home/mi/workplace/build/learning/build install --prefix /home/mi/workplace/install/learning --record /home/mi/workplace/build/learning/install.log --single-version-externally-managed
