[3.950s] Invoking command in '/home/mi/workplace/src/lcm': PYTHONPATH=/home/mi/workplace/install/lcm/lib/python3.6/site-packages:${PYTHONPATH} /usr/bin/python3 setup.py egg_info --egg-base ../../build/lcm build --build-base /home/mi/workplace/build/lcm/build install --prefix /home/mi/workplace/install/lcm --record /home/mi/workplace/build/lcm/install.log --single-version-externally-managed
[5.455s] running egg_info
[5.458s] writing ../../build/lcm/lcm.egg-info/PKG-INFO
[5.459s] writing dependency_links to ../../build/lcm/lcm.egg-info/dependency_links.txt
[5.460s] writing entry points to ../../build/lcm/lcm.egg-info/entry_points.txt
[5.461s] writing requirements to ../../build/lcm/lcm.egg-info/requires.txt
[5.462s] writing top-level names to ../../build/lcm/lcm.egg-info/top_level.txt
[5.478s] reading manifest file '../../build/lcm/lcm.egg-info/SOURCES.txt'
[5.484s] writing manifest file '../../build/lcm/lcm.egg-info/SOURCES.txt'
[5.486s] running build
[5.487s] running build_py
[5.491s] copying lcm/lcm_test.py -> /home/mi/workplace/build/lcm/build/lib/lcm
[5.492s] running install
[5.492s] running install_lib
[5.493s] /usr/local/lib/python3.6/dist-packages/setuptools/command/install.py:37: SetuptoolsDeprecationWarning: setup.py install is deprecated. Use build and pip and other standards-based tools.
[5.493s]   setuptools.SetuptoolsDeprecationWarning,
[5.495s] copying /home/mi/workplace/build/lcm/build/lib/lcm/lcm_test.py -> /home/mi/workplace/install/lcm/lib/python3.6/site-packages/lcm
[5.497s] byte-compiling /home/mi/workplace/install/lcm/lib/python3.6/site-packages/lcm/lcm_test.py to lcm_test.cpython-36.pyc
[5.499s] running install_data
[5.501s] running install_egg_info
[5.508s] removing '/home/mi/workplace/install/lcm/lib/python3.6/site-packages/lcm-0.0.0-py3.6.egg-info' (and everything under it)
[5.510s] Copying ../../build/lcm/lcm.egg-info to /home/mi/workplace/install/lcm/lib/python3.6/site-packages/lcm-0.0.0-py3.6.egg-info
[5.513s] running install_scripts
[5.602s] Installing lcm_test script to /home/mi/workplace/install/lcm/lib/lcm
[5.604s] writing list of installed files to '/home/mi/workplace/build/lcm/install.log'
[5.710s] Invoked command in '/home/mi/workplace/src/lcm' returned '0': PYTHONPATH=/home/mi/workplace/install/lcm/lib/python3.6/site-packages:${PYTHONPATH} /usr/bin/python3 setup.py egg_info --egg-base ../../build/lcm build --build-base /home/mi/workplace/build/lcm/build install --prefix /home/mi/workplace/install/lcm --record /home/mi/workplace/build/lcm/install.log --single-version-externally-managed
