[4.524s] Invoking command in '/home/mi/workplace/src/learning': PYTHONPATH=/home/mi/workplace/install/learning/lib/python3.6/site-packages:${PYTHONPATH} /usr/bin/python3 setup.py egg_info --egg-base ../../build/learning build --build-base /home/mi/workplace/build/learning/build install --prefix /home/mi/workplace/install/learning --record /home/mi/workplace/build/learning/install.log --single-version-externally-managed
[6.611s] running egg_info
[6.616s] writing ../../build/learning/learning.egg-info/PKG-INFO
[6.617s] writing dependency_links to ../../build/learning/learning.egg-info/dependency_links.txt
[6.619s] writing entry points to ../../build/learning/learning.egg-info/entry_points.txt
[6.626s] writing requirements to ../../build/learning/learning.egg-info/requires.txt
[6.627s] writing top-level names to ../../build/learning/learning.egg-info/top_level.txt
[6.647s] reading manifest file '../../build/learning/learning.egg-info/SOURCES.txt'
[6.656s] writing manifest file '../../build/learning/learning.egg-info/SOURCES.txt'
[6.657s] running build
[6.657s] running build_py
[6.662s] copying learning/move_node.py -> /home/mi/workplace/build/learning/build/lib/learning
[6.670s] running install
[6.673s] /usr/local/lib/python3.6/dist-packages/setuptools/command/install.py:37: SetuptoolsDeprecationWarning: setup.py install is deprecated. Use build and pip and other standards-based tools.
[6.674s]   setuptools.SetuptoolsDeprecationWarning,
[6.675s] running install_lib
[6.681s] copying /home/mi/workplace/build/learning/build/lib/learning/move_node.py -> /home/mi/workplace/install/learning/lib/python3.6/site-packages/learning
[6.688s] byte-compiling /home/mi/workplace/install/learning/lib/python3.6/site-packages/learning/move_node.py to move_node.cpython-36.pyc
[6.697s] running install_data
[6.701s] running install_egg_info
[6.712s] removing '/home/mi/workplace/install/learning/lib/python3.6/site-packages/learning-0.0.0-py3.6.egg-info' (and everything under it)
[6.714s] Copying ../../build/learning/learning.egg-info to /home/mi/workplace/install/learning/lib/python3.6/site-packages/learning-0.0.0-py3.6.egg-info
[6.723s] running install_scripts
[6.839s] Installing camera script to /home/mi/workplace/install/learning/lib/learning
[6.841s] Installing crash script to /home/mi/workplace/install/learning/lib/learning
[6.841s] Installing data_receive script to /home/mi/workplace/install/learning/lib/learning
[6.844s] Installing get_data script to /home/mi/workplace/install/learning/lib/learning
[6.853s] Installing goal script to /home/mi/workplace/install/learning/lib/learning
[6.853s] Installing keeper script to /home/mi/workplace/install/learning/lib/learning
[6.860s] Installing main script to /home/mi/workplace/install/learning/lib/learning
[6.862s] Installing move_x script to /home/mi/workplace/install/learning/lib/learning
[6.863s] Installing rgb script to /home/mi/workplace/install/learning/lib/learning
[6.863s] Installing rotate script to /home/mi/workplace/install/learning/lib/learning
[6.864s] Installing rotate_until_center1 script to /home/mi/workplace/install/learning/lib/learning
[6.864s] Installing sit script to /home/mi/workplace/install/learning/lib/learning
[6.865s] Installing stand script to /home/mi/workplace/install/learning/lib/learning
[6.865s] Installing track script to /home/mi/workplace/install/learning/lib/learning
[6.865s] Installing walk_t_sec script to /home/mi/workplace/install/learning/lib/learning
[6.866s] Installing walktest script to /home/mi/workplace/install/learning/lib/learning
[6.866s] writing list of installed files to '/home/mi/workplace/build/learning/install.log'
[7.010s] Invoked command in '/home/mi/workplace/src/learning' returned '0': PYTHONPATH=/home/mi/workplace/install/learning/lib/python3.6/site-packages:${PYTHONPATH} /usr/bin/python3 setup.py egg_info --egg-base ../../build/learning build --build-base /home/mi/workplace/build/learning/build install --prefix /home/mi/workplace/install/learning --record /home/mi/workplace/build/learning/install.log --single-version-externally-managed
