[3.982s] Invoking command in '/home/mi/workplace/src/lcm': PYTHONPATH=/home/mi/install/lcm/lib/python3.6/site-packages:${PYTHONPATH} /usr/bin/python3 setup.py egg_info --egg-base ../../../build/lcm build --build-base /home/mi/build/lcm/build install --prefix /home/mi/install/lcm --record /home/mi/build/lcm/install.log --single-version-externally-managed
[5.583s] running egg_info
[5.585s] writing ../../../build/lcm/lcm.egg-info/PKG-INFO
[5.586s] writing dependency_links to ../../../build/lcm/lcm.egg-info/dependency_links.txt
[5.587s] writing entry points to ../../../build/lcm/lcm.egg-info/entry_points.txt
[5.588s] writing requirements to ../../../build/lcm/lcm.egg-info/requires.txt
[5.588s] writing top-level names to ../../../build/lcm/lcm.egg-info/top_level.txt
[5.603s] reading manifest file '../../../build/lcm/lcm.egg-info/SOURCES.txt'
[5.610s] writing manifest file '../../../build/lcm/lcm.egg-info/SOURCES.txt'
[5.611s] running build
[5.611s] running build_py
[5.612s] copying lcm/teest.py -> /home/mi/build/lcm/build/lib/lcm
[5.614s] copying lcm/lcm_test.py -> /home/mi/build/lcm/build/lib/lcm
[5.615s] running install
[5.616s] /usr/local/lib/python3.6/dist-packages/setuptools/command/install.py:37: SetuptoolsDeprecationWarning: setup.py install is deprecated. Use build and pip and other standards-based tools.
[5.617s]   setuptools.SetuptoolsDeprecationWarning,
[5.618s] running install_lib
[5.619s] copying /home/mi/build/lcm/build/lib/lcm/teest.py -> /home/mi/install/lcm/lib/python3.6/site-packages/lcm
[5.620s] copying /home/mi/build/lcm/build/lib/lcm/lcm_test.py -> /home/mi/install/lcm/lib/python3.6/site-packages/lcm
[5.622s] byte-compiling /home/mi/install/lcm/lib/python3.6/site-packages/lcm/teest.py to teest.cpython-36.pyc
[5.627s] byte-compiling /home/mi/install/lcm/lib/python3.6/site-packages/lcm/lcm_test.py to lcm_test.cpython-36.pyc
[5.628s] running install_data
[5.632s] running install_egg_info
[5.639s] removing '/home/mi/install/lcm/lib/python3.6/site-packages/lcm-0.0.0-py3.6.egg-info' (and everything under it)
[5.640s] Copying ../../../build/lcm/lcm.egg-info to /home/mi/install/lcm/lib/python3.6/site-packages/lcm-0.0.0-py3.6.egg-info
[5.644s] running install_scripts
[5.733s] Installing lcm_test script to /home/mi/install/lcm/lib/lcm
[5.734s] writing list of installed files to '/home/mi/build/lcm/install.log'
[5.837s] Invoked command in '/home/mi/workplace/src/lcm' returned '0': PYTHONPATH=/home/mi/install/lcm/lib/python3.6/site-packages:${PYTHONPATH} /usr/bin/python3 setup.py egg_info --egg-base ../../../build/lcm build --build-base /home/mi/build/lcm/build install --prefix /home/mi/install/lcm --record /home/mi/build/lcm/install.log --single-version-externally-managed
