[3.960s] Invoking command in '/home/mi/workplace/src/learning': PYTHONPATH=/home/mi/workplace/install/learning/lib/python3.6/site-packages:${PYTHONPATH} /usr/bin/python3 setup.py egg_info --egg-base ../../build/learning build --build-base /home/mi/workplace/build/learning/build install --prefix /home/mi/workplace/install/learning --record /home/mi/workplace/build/learning/install.log --single-version-externally-managed
[5.516s] running egg_info
[5.519s] writing ../../build/learning/learning.egg-info/PKG-INFO
[5.520s] writing dependency_links to ../../build/learning/learning.egg-info/dependency_links.txt
[5.523s] writing entry points to ../../build/learning/learning.egg-info/entry_points.txt
[5.524s] writing requirements to ../../build/learning/learning.egg-info/requires.txt
[5.524s] writing top-level names to ../../build/learning/learning.egg-info/top_level.txt
[5.540s] reading manifest file '../../build/learning/learning.egg-info/SOURCES.txt'
[5.547s] writing manifest file '../../build/learning/learning.egg-info/SOURCES.txt'
[5.548s] running build
[5.549s] running build_py
[5.551s] copying learning/main_node.py -> /home/mi/workplace/build/learning/build/lib/learning
[5.560s] running install
[5.561s] /usr/local/lib/python3.6/dist-packages/setuptools/command/install.py:37: SetuptoolsDeprecationWarning: setup.py install is deprecated. Use build and pip and other standards-based tools.
[5.562s]   setuptools.SetuptoolsDeprecationWarning,
[5.563s] running install_lib
[5.566s] copying /home/mi/workplace/build/learning/build/lib/learning/main_node.py -> /home/mi/workplace/install/learning/lib/python3.6/site-packages/learning
[5.572s] byte-compiling /home/mi/workplace/install/learning/lib/python3.6/site-packages/learning/main_node.py to main_node.cpython-36.pyc
[5.579s] running install_data
[5.581s] running install_egg_info
[5.589s] removing '/home/mi/workplace/install/learning/lib/python3.6/site-packages/learning-0.0.0-py3.6.egg-info' (and everything under it)
[5.590s] Copying ../../build/learning/learning.egg-info to /home/mi/workplace/install/learning/lib/python3.6/site-packages/learning-0.0.0-py3.6.egg-info
[5.595s] running install_scripts
[5.683s] Installing camera script to /home/mi/workplace/install/learning/lib/learning
[5.685s] Installing crash script to /home/mi/workplace/install/learning/lib/learning
[5.686s] Installing data_receive script to /home/mi/workplace/install/learning/lib/learning
[5.689s] Installing get_data script to /home/mi/workplace/install/learning/lib/learning
[5.690s] Installing goal script to /home/mi/workplace/install/learning/lib/learning
[5.691s] Installing keeper script to /home/mi/workplace/install/learning/lib/learning
[5.692s] Installing main script to /home/mi/workplace/install/learning/lib/learning
[5.693s] Installing move_x script to /home/mi/workplace/install/learning/lib/learning
[5.694s] Installing rgb script to /home/mi/workplace/install/learning/lib/learning
[5.695s] Installing rotate script to /home/mi/workplace/install/learning/lib/learning
[5.695s] Installing rotate_until_center1 script to /home/mi/workplace/install/learning/lib/learning
[5.696s] Installing sit script to /home/mi/workplace/install/learning/lib/learning
[5.697s] Installing stand script to /home/mi/workplace/install/learning/lib/learning
[5.697s] Installing test script to /home/mi/workplace/install/learning/lib/learning
[5.698s] Installing track script to /home/mi/workplace/install/learning/lib/learning
[5.698s] Installing walk_t_sec script to /home/mi/workplace/install/learning/lib/learning
[5.699s] Installing walktest script to /home/mi/workplace/install/learning/lib/learning
[5.701s] writing list of installed files to '/home/mi/workplace/build/learning/install.log'
[5.815s] Invoked command in '/home/mi/workplace/src/learning' returned '0': PYTHONPATH=/home/mi/workplace/install/learning/lib/python3.6/site-packages:${PYTHONPATH} /usr/bin/python3 setup.py egg_info --egg-base ../../build/learning build --build-base /home/mi/workplace/build/learning/build install --prefix /home/mi/workplace/install/learning --record /home/mi/workplace/build/learning/install.log --single-version-externally-managed
