[4.878s] Invoking command in '/home/mi/workplace/src/learning': PYTHONPATH=/home/mi/workplace/install/learning/lib/python3.6/site-packages:${PYTHONPATH} /usr/bin/python3 setup.py egg_info --egg-base ../../build/learning build --build-base /home/mi/workplace/build/learning/build install --prefix /home/mi/workplace/install/learning --record /home/mi/workplace/build/learning/install.log --single-version-externally-managed
[6.950s] running egg_info
[6.967s] writing ../../build/learning/learning.egg-info/PKG-INFO
[6.968s] writing dependency_links to ../../build/learning/learning.egg-info/dependency_links.txt
[6.969s] writing entry points to ../../build/learning/learning.egg-info/entry_points.txt
[6.980s] writing requirements to ../../build/learning/learning.egg-info/requires.txt
[6.980s] writing top-level names to ../../build/learning/learning.egg-info/top_level.txt
[6.981s] reading manifest file '../../build/learning/learning.egg-info/SOURCES.txt'
[6.992s] writing manifest file '../../build/learning/learning.egg-info/SOURCES.txt'
[6.992s] running build
[6.993s] running build_py
[6.998s] copying learning/crash.py -> /home/mi/workplace/build/learning/build/lib/learning
[6.999s] running install
[7.000s] running install_lib
[7.003s] /usr/local/lib/python3.6/dist-packages/setuptools/command/install.py:37: SetuptoolsDeprecationWarning: setup.py install is deprecated. Use build and pip and other standards-based tools.
[7.004s]   setuptools.SetuptoolsDeprecationWarning,
[7.011s] copying /home/mi/workplace/build/learning/build/lib/learning/crash.py -> /home/mi/workplace/install/learning/lib/python3.6/site-packages/learning
[7.019s] byte-compiling /home/mi/workplace/install/learning/lib/python3.6/site-packages/learning/crash.py to crash.cpython-36.pyc
[7.020s] running install_data
[7.021s] running install_egg_info
[7.024s] removing '/home/mi/workplace/install/learning/lib/python3.6/site-packages/learning-0.0.0-py3.6.egg-info' (and everything under it)
[7.027s] Copying ../../build/learning/learning.egg-info to /home/mi/workplace/install/learning/lib/python3.6/site-packages/learning-0.0.0-py3.6.egg-info
[7.033s] running install_scripts
[7.135s] Installing camera script to /home/mi/workplace/install/learning/lib/learning
[7.135s] Installing crash script to /home/mi/workplace/install/learning/lib/learning
[7.137s] Installing rgb script to /home/mi/workplace/install/learning/lib/learning
[7.138s] Installing stand script to /home/mi/workplace/install/learning/lib/learning
[7.139s] Installing track script to /home/mi/workplace/install/learning/lib/learning
[7.140s] Installing walktest script to /home/mi/workplace/install/learning/lib/learning
[7.143s] writing list of installed files to '/home/mi/workplace/build/learning/install.log'
[7.280s] Invoked command in '/home/mi/workplace/src/learning' returned '0': PYTHONPATH=/home/mi/workplace/install/learning/lib/python3.6/site-packages:${PYTHONPATH} /usr/bin/python3 setup.py egg_info --egg-base ../../build/learning build --build-base /home/mi/workplace/build/learning/build install --prefix /home/mi/workplace/install/learning --record /home/mi/workplace/build/learning/install.log --single-version-externally-managed
