[4.515s] Invoking command in '/home/mi/workplace/src/learning': PYTHONPATH=/home/mi/workplace/install/learning/lib/python3.6/site-packages:${PYTHONPATH} /usr/bin/python3 setup.py egg_info --egg-base ../../build/learning build --build-base /home/mi/workplace/build/learning/build install --prefix /home/mi/workplace/install/learning --record /home/mi/workplace/build/learning/install.log --single-version-externally-managed
[6.404s] running egg_info
[6.407s] writing ../../build/learning/learning.egg-info/PKG-INFO
[6.408s] writing dependency_links to ../../build/learning/learning.egg-info/dependency_links.txt
[6.415s] writing entry points to ../../build/learning/learning.egg-info/entry_points.txt
[6.417s] writing requirements to ../../build/learning/learning.egg-info/requires.txt
[6.418s] writing top-level names to ../../build/learning/learning.egg-info/top_level.txt
[6.432s] reading manifest file '../../build/learning/learning.egg-info/SOURCES.txt'
[6.441s] writing manifest file '../../build/learning/learning.egg-info/SOURCES.txt'
[6.442s] running build
[6.443s] running build_py
[6.446s] copying learning/move_node.py -> /home/mi/workplace/build/learning/build/lib/learning
[6.455s] running install
[6.459s] /usr/local/lib/python3.6/dist-packages/setuptools/command/install.py:37: SetuptoolsDeprecationWarning: setup.py install is deprecated. Use build and pip and other standards-based tools.
[6.460s]   setuptools.SetuptoolsDeprecationWarning,
[6.460s] running install_lib
[6.463s] copying /home/mi/workplace/build/learning/build/lib/learning/move_node.py -> /home/mi/workplace/install/learning/lib/python3.6/site-packages/learning
[6.472s] byte-compiling /home/mi/workplace/install/learning/lib/python3.6/site-packages/learning/move_node.py to move_node.cpython-36.pyc
[6.481s] running install_data
[6.484s] running install_egg_info
[6.492s] removing '/home/mi/workplace/install/learning/lib/python3.6/site-packages/learning-0.0.0-py3.6.egg-info' (and everything under it)
[6.496s] Copying ../../build/learning/learning.egg-info to /home/mi/workplace/install/learning/lib/python3.6/site-packages/learning-0.0.0-py3.6.egg-info
[6.498s] running install_scripts
[6.611s] Installing camera script to /home/mi/workplace/install/learning/lib/learning
[6.612s] Installing crash script to /home/mi/workplace/install/learning/lib/learning
[6.621s] Installing data_receive script to /home/mi/workplace/install/learning/lib/learning
[6.630s] Installing get_data script to /home/mi/workplace/install/learning/lib/learning
[6.630s] Installing goal script to /home/mi/workplace/install/learning/lib/learning
[6.631s] Installing keeper script to /home/mi/workplace/install/learning/lib/learning
[6.631s] Installing main script to /home/mi/workplace/install/learning/lib/learning
[6.632s] Installing move_x script to /home/mi/workplace/install/learning/lib/learning
[6.632s] Installing rgb script to /home/mi/workplace/install/learning/lib/learning
[6.633s] Installing rotate script to /home/mi/workplace/install/learning/lib/learning
[6.633s] Installing rotate_until_center1 script to /home/mi/workplace/install/learning/lib/learning
[6.634s] Installing sit script to /home/mi/workplace/install/learning/lib/learning
[6.634s] Installing stand script to /home/mi/workplace/install/learning/lib/learning
[6.634s] Installing test script to /home/mi/workplace/install/learning/lib/learning
[6.635s] Installing track script to /home/mi/workplace/install/learning/lib/learning
[6.637s] Installing walk_t_sec script to /home/mi/workplace/install/learning/lib/learning
[6.637s] Installing walktest script to /home/mi/workplace/install/learning/lib/learning
[6.638s] writing list of installed files to '/home/mi/workplace/build/learning/install.log'
[6.766s] Invoked command in '/home/mi/workplace/src/learning' returned '0': PYTHONPATH=/home/mi/workplace/install/learning/lib/python3.6/site-packages:${PYTHONPATH} /usr/bin/python3 setup.py egg_info --egg-base ../../build/learning build --build-base /home/mi/workplace/build/learning/build install --prefix /home/mi/workplace/install/learning --record /home/mi/workplace/build/learning/install.log --single-version-externally-managed
