2024-05-15 21:22:34.469 [info] (Client) Pylance async client (2024.5.1) started with python extension (2024.6.0)
2024-05-15 21:22:36.734 [info] [Info  - 9:22:36 PM] (16968) Pylance language server 2024.5.1 (pyright version 1.1.360, commit 4bc8428d) starting
2024-05-15 21:22:36.746 [info] [Info  - 9:22:36 PM] (16968) Server root directory: file:///home/mi/.vscode-server/extensions/ms-python.vscode-pylance-2024.5.1/dist
2024-05-15 21:22:36.749 [info] [Info  - 9:22:36 PM] (16968) Starting service instance "mi"
2024-05-15 21:22:36.751 [info] [Info  - 9:22:36 PM] (16968) Auto-Indent enabled
2024-05-15 21:22:37.045 [info] [Info  - 9:22:37 PM] (16968) Setting pythonPath for service "mi": "/usr/bin/python3"
2024-05-15 21:22:37.045 [info] [Info  - 9:22:37 PM] (16968) Setting environmentName for service "mi": "3.6.9 (global)"
2024-05-15 21:22:37.268 [info] [Info  - 9:22:37 PM] (16968) Assuming Python version 3.6.9.final.0
2024-05-15 21:22:40.019 [info] [Info  - 9:22:40 PM] (16968) Found 164 source files
2024-05-15 21:22:42.001 [info] [Info  - 9:22:42 PM] (16968) Background analysis(1) root directory: file:///home/mi/.vscode-server/extensions/ms-python.vscode-pylance-2024.5.1/dist
2024-05-15 21:22:42.002 [info] [Info  - 9:22:42 PM] (16968) Background analysis(1) started
2024-05-15 21:22:43.429 [info] [Info  - 9:22:43 PM] (16968) Indexer background runner(2) root directory: file:///home/mi/.vscode-server/extensions/ms-python.vscode-pylance-2024.5.1/dist (index)
2024-05-15 21:22:43.432 [info] [Info  - 9:22:43 PM] (16968) Indexing(2) started
2024-05-15 21:22:49.225 [info] [Info  - 9:22:49 PM] (16968) [IDX(2)] Long operation: scan packages file:///home/mi (5099ms)
2024-05-15 21:22:49.226 [info] [Info  - 9:22:49 PM] (16968) scanned(2) 332 files over 1 exec env
2024-05-15 21:22:50.810 [info] [Info  - 9:22:50 PM] (16968) [BG(1)] Long operation: checking: file:///home/mi/workplace/src/learning/learning/sit.py (5533ms)
2024-05-15 21:22:50.810 [info] [Info  - 9:22:50 PM] (16968) [BG(1)] Long operation: analyzing: file:///home/mi/workplace/src/learning/learning/sit.py (7923ms)
2024-05-15 21:22:51.590 [info] [Info  - 9:22:51 PM] (16968) indexed(2) 100 files over 1 exec env
2024-05-15 21:22:51.996 [info] [Info  - 9:22:51 PM] (16968) Indexing finished(2).
2024-05-15 21:25:06.305 [info] [Info  - 9:25:06 PM] (16968) [BG(1)] Long operation: binding: file:///usr/local/lib/python3.6/dist-packages/numpy/__init__.py (2815ms)
2024-05-15 21:25:06.676 [info] [Info  - 9:25:06 PM] (16968) [BG(1)] Long operation: checking: file:///home/mi/workplace/src/learning/learning/striker.py (5770ms)
2024-05-15 21:25:06.676 [info] [Info  - 9:25:06 PM] (16968) [BG(1)] Long operation: analyzing: file:///home/mi/workplace/src/learning/learning/striker.py (5793ms)
2024-05-15 21:42:32.858 [info] [Info  - 9:42:32 PM] (16968) Found 165 source files
2024-05-15 21:42:37.975 [info] [Info  - 9:42:37 PM] (16968) [BG(1)] Long operation: checking: file:///home/mi/workplace/src/learning/learning/rgb_cam_suber.py (4526ms)
2024-05-15 21:42:37.977 [info] [Info  - 9:42:37 PM] (16968) [BG(1)] Long operation: analyzing: file:///home/mi/workplace/src/learning/learning/rgb_cam_suber.py (5021ms)
2024-05-15 21:43:49.132 [info] [Info  - 9:43:49 PM] (16968) Found 166 source files
2024-05-15 21:43:53.668 [info] [Info  - 9:43:53 PM] (16968) [BG(1)] Long operation: checking: file:///home/mi/workplace/src/learning/learning/rgb_cam_suber.py (2218ms)
2024-05-15 21:43:53.669 [info] [Info  - 9:43:53 PM] (16968) [BG(1)] Long operation: analyzing: file:///home/mi/workplace/src/learning/learning/rgb_cam_suber.py (2218ms)
2024-05-15 21:44:03.837 [info] [Info  - 9:44:03 PM] (16968) Found 165 source files
2024-05-15 21:44:07.373 [info] [Info  - 9:44:07 PM] (16968) [BG(1)] Long operation: checking: file:///home/mi/workplace/src/learning/learning/rgb_cam_suber.py (3137ms)
2024-05-15 21:44:07.378 [info] [Info  - 9:44:07 PM] (16968) [BG(1)] Long operation: analyzing: file:///home/mi/workplace/src/learning/learning/rgb_cam_suber.py (3442ms)
