[4.178s] Invoking command in '/home/mi/workplace/src/learning': PYTHONPATH=/home/mi/workplace/install/learning/lib/python3.6/site-packages:${PYTHONPATH} /usr/bin/python3 setup.py egg_info --egg-base ../../build/learning build --build-base /home/mi/workplace/build/learning/build install --prefix /home/mi/workplace/install/learning --record /home/mi/workplace/build/learning/install.log --single-version-externally-managed
[5.971s] running egg_info
[5.975s] writing ../../build/learning/learning.egg-info/PKG-INFO
[5.976s] writing dependency_links to ../../build/learning/learning.egg-info/dependency_links.txt
[5.978s] writing entry points to ../../build/learning/learning.egg-info/entry_points.txt
[5.979s] writing requirements to ../../build/learning/learning.egg-info/requires.txt
[5.979s] writing top-level names to ../../build/learning/learning.egg-info/top_level.txt
[5.996s] reading manifest file '../../build/learning/learning.egg-info/SOURCES.txt'
[6.008s] writing manifest file '../../build/learning/learning.egg-info/SOURCES.txt'
[6.008s] running build
[6.009s] running build_py
[6.009s] copying learning/walk_t_sec.py -> /home/mi/workplace/build/learning/build/lib/learning
[6.011s] running install
[6.012s] /usr/local/lib/python3.6/dist-packages/setuptools/command/install.py:37: SetuptoolsDeprecationWarning: setup.py install is deprecated. Use build and pip and other standards-based tools.
[6.012s]   setuptools.SetuptoolsDeprecationWarning,
[6.014s] running install_lib
[6.018s] copying /home/mi/workplace/build/learning/build/lib/learning/walk_t_sec.py -> /home/mi/workplace/install/learning/lib/python3.6/site-packages/learning
[6.022s] byte-compiling /home/mi/workplace/install/learning/lib/python3.6/site-packages/learning/walk_t_sec.py to walk_t_sec.cpython-36.pyc
[6.029s] running install_data
[6.031s] running install_egg_info
[6.041s] removing '/home/mi/workplace/install/learning/lib/python3.6/site-packages/learning-0.0.0-py3.6.egg-info' (and everything under it)
[6.050s] Copying ../../build/learning/learning.egg-info to /home/mi/workplace/install/learning/lib/python3.6/site-packages/learning-0.0.0-py3.6.egg-info
[6.051s] running install_scripts
[6.135s] Installing camera script to /home/mi/workplace/install/learning/lib/learning
[6.136s] Installing crash script to /home/mi/workplace/install/learning/lib/learning
[6.137s] Installing data_receive script to /home/mi/workplace/install/learning/lib/learning
[6.138s] Installing rgb script to /home/mi/workplace/install/learning/lib/learning
[6.139s] Installing rotate_until_center1 script to /home/mi/workplace/install/learning/lib/learning
[6.139s] Installing stand script to /home/mi/workplace/install/learning/lib/learning
[6.141s] Installing track script to /home/mi/workplace/install/learning/lib/learning
[6.141s] Installing walk_t_sec script to /home/mi/workplace/install/learning/lib/learning
[6.142s] Installing walktest script to /home/mi/workplace/install/learning/lib/learning
[6.145s] writing list of installed files to '/home/mi/workplace/build/learning/install.log'
[6.258s] Invoked command in '/home/mi/workplace/src/learning' returned '0': PYTHONPATH=/home/mi/workplace/install/learning/lib/python3.6/site-packages:${PYTHONPATH} /usr/bin/python3 setup.py egg_info --egg-base ../../build/learning build --build-base /home/mi/workplace/build/learning/build install --prefix /home/mi/workplace/install/learning --record /home/mi/workplace/build/learning/install.log --single-version-externally-managed
