[4.474s] Invoking command in '/home/mi/workplace/src/learning': PYTHONPATH=/home/mi/workplace/install/learning/lib/python3.6/site-packages:${PYTHONPATH} /usr/bin/python3 setup.py egg_info --egg-base ../../build/learning build --build-base /home/mi/workplace/build/learning/build install --prefix /home/mi/workplace/install/learning --record /home/mi/workplace/build/learning/install.log --single-version-externally-managed
[6.194s] running egg_info
[6.198s] writing ../../build/learning/learning.egg-info/PKG-INFO
[6.199s] writing dependency_links to ../../build/learning/learning.egg-info/dependency_links.txt
[6.201s] writing entry points to ../../build/learning/learning.egg-info/entry_points.txt
[6.202s] writing requirements to ../../build/learning/learning.egg-info/requires.txt
[6.203s] writing top-level names to ../../build/learning/learning.egg-info/top_level.txt
[6.219s] reading manifest file '../../build/learning/learning.egg-info/SOURCES.txt'
[6.228s] writing manifest file '../../build/learning/learning.egg-info/SOURCES.txt'
[6.229s] running build
[6.229s] running build_py
[6.247s] running install
[6.247s] /usr/local/lib/python3.6/dist-packages/setuptools/command/install.py:37: SetuptoolsDeprecationWarning: setup.py install is deprecated. Use build and pip and other standards-based tools.
[6.249s]   setuptools.SetuptoolsDeprecationWarning,
[6.249s] running install_lib
[6.254s] running install_data
[6.257s] running install_egg_info
[6.265s] removing '/home/mi/workplace/install/learning/lib/python3.6/site-packages/learning-0.0.0-py3.6.egg-info' (and everything under it)
[6.267s] Copying ../../build/learning/learning.egg-info to /home/mi/workplace/install/learning/lib/python3.6/site-packages/learning-0.0.0-py3.6.egg-info
[6.271s] running install_scripts
[6.369s] Installing camera script to /home/mi/workplace/install/learning/lib/learning
[6.372s] Installing crash script to /home/mi/workplace/install/learning/lib/learning
[6.372s] Installing data_receive script to /home/mi/workplace/install/learning/lib/learning
[6.374s] Installing get_data script to /home/mi/workplace/install/learning/lib/learning
[6.374s] Installing goal script to /home/mi/workplace/install/learning/lib/learning
[6.375s] Installing keeper script to /home/mi/workplace/install/learning/lib/learning
[6.377s] Installing move_x script to /home/mi/workplace/install/learning/lib/learning
[6.377s] Installing rgb script to /home/mi/workplace/install/learning/lib/learning
[6.378s] Installing rotate script to /home/mi/workplace/install/learning/lib/learning
[6.378s] Installing rotate_until_center1 script to /home/mi/workplace/install/learning/lib/learning
[6.384s] Installing sit script to /home/mi/workplace/install/learning/lib/learning
[6.385s] Installing stand script to /home/mi/workplace/install/learning/lib/learning
[6.392s] Installing track script to /home/mi/workplace/install/learning/lib/learning
[6.393s] Installing walk_t_sec script to /home/mi/workplace/install/learning/lib/learning
[6.394s] Installing walktest script to /home/mi/workplace/install/learning/lib/learning
[6.395s] writing list of installed files to '/home/mi/workplace/build/learning/install.log'
[6.545s] Invoked command in '/home/mi/workplace/src/learning' returned '0': PYTHONPATH=/home/mi/workplace/install/learning/lib/python3.6/site-packages:${PYTHONPATH} /usr/bin/python3 setup.py egg_info --egg-base ../../build/learning build --build-base /home/mi/workplace/build/learning/build install --prefix /home/mi/workplace/install/learning --record /home/mi/workplace/build/learning/install.log --single-version-externally-managed
