[4.904s] Invoking command in '/home/mi/workplace/src/learning': PYTHONPATH=/home/mi/workplace/install/learning/lib/python3.6/site-packages:${PYTHONPATH} /usr/bin/python3 setup.py egg_info --egg-base ../../build/learning build --build-base /home/mi/workplace/build/learning/build install --prefix /home/mi/workplace/install/learning --record /home/mi/workplace/build/learning/install.log --single-version-externally-managed
[6.949s] running egg_info
[6.959s] writing ../../build/learning/learning.egg-info/PKG-INFO
[6.960s] writing dependency_links to ../../build/learning/learning.egg-info/dependency_links.txt
[6.960s] writing entry points to ../../build/learning/learning.egg-info/entry_points.txt
[6.961s] writing requirements to ../../build/learning/learning.egg-info/requires.txt
[6.970s] writing top-level names to ../../build/learning/learning.egg-info/top_level.txt
[6.984s] reading manifest file '../../build/learning/learning.egg-info/SOURCES.txt'
[6.997s] writing manifest file '../../build/learning/learning.egg-info/SOURCES.txt'
[6.998s] running build
[6.998s] running build_py
[7.005s] /usr/local/lib/python3.6/dist-packages/setuptools/command/install.py:37: SetuptoolsDeprecationWarning: setup.py install is deprecated. Use build and pip and other standards-based tools.
[7.005s]   setuptools.SetuptoolsDeprecationWarning,
[7.006s] running install
[7.006s] running install_lib
[7.022s] running install_data
[7.023s] running install_egg_info
[7.034s] removing '/home/mi/workplace/install/learning/lib/python3.6/site-packages/learning-0.0.0-py3.6.egg-info' (and everything under it)
[7.038s] Copying ../../build/learning/learning.egg-info to /home/mi/workplace/install/learning/lib/python3.6/site-packages/learning-0.0.0-py3.6.egg-info
[7.050s] running install_scripts
[7.182s] Installing camera script to /home/mi/workplace/install/learning/lib/learning
[7.182s] Installing crash script to /home/mi/workplace/install/learning/lib/learning
[7.183s] Installing data_receive script to /home/mi/workplace/install/learning/lib/learning
[7.183s] Installing rgb script to /home/mi/workplace/install/learning/lib/learning
[7.184s] Installing rotate_until_center1 script to /home/mi/workplace/install/learning/lib/learning
[7.187s] Installing stand script to /home/mi/workplace/install/learning/lib/learning
[7.187s] Installing track script to /home/mi/workplace/install/learning/lib/learning
[7.188s] Installing walktest script to /home/mi/workplace/install/learning/lib/learning
[7.193s] writing list of installed files to '/home/mi/workplace/build/learning/install.log'
[7.339s] Invoked command in '/home/mi/workplace/src/learning' returned '0': PYTHONPATH=/home/mi/workplace/install/learning/lib/python3.6/site-packages:${PYTHONPATH} /usr/bin/python3 setup.py egg_info --egg-base ../../build/learning build --build-base /home/mi/workplace/build/learning/build install --prefix /home/mi/workplace/install/learning --record /home/mi/workplace/build/learning/install.log --single-version-externally-managed
