[4.779s] Invoking command in '/home/mi/workplace/src/learning': PYTHONPATH=/home/mi/workplace/install/learning/lib/python3.6/site-packages:${PYTHONPATH} /usr/bin/python3 setup.py egg_info --egg-base ../../build/learning build --build-base /home/mi/workplace/build/learning/build install --prefix /home/mi/workplace/install/learning --record /home/mi/workplace/build/learning/install.log --single-version-externally-managed
[6.569s] running egg_info
[6.572s] writing ../../build/learning/learning.egg-info/PKG-INFO
[6.575s] writing dependency_links to ../../build/learning/learning.egg-info/dependency_links.txt
[6.577s] writing entry points to ../../build/learning/learning.egg-info/entry_points.txt
[6.578s] writing requirements to ../../build/learning/learning.egg-info/requires.txt
[6.578s] writing top-level names to ../../build/learning/learning.egg-info/top_level.txt
[6.598s] reading manifest file '../../build/learning/learning.egg-info/SOURCES.txt'
[6.608s] writing manifest file '../../build/learning/learning.egg-info/SOURCES.txt'
[6.609s] running build
[6.609s] running build_py
[6.611s] copying learning/move_node.py -> /home/mi/workplace/build/learning/build/lib/learning
[6.619s] running install
[6.620s] /usr/local/lib/python3.6/dist-packages/setuptools/command/install.py:37: SetuptoolsDeprecationWarning: setup.py install is deprecated. Use build and pip and other standards-based tools.
[6.621s]   setuptools.SetuptoolsDeprecationWarning,
[6.623s] running install_lib
[6.628s] copying /home/mi/workplace/build/learning/build/lib/learning/move_node.py -> /home/mi/workplace/install/learning/lib/python3.6/site-packages/learning
[6.639s] byte-compiling /home/mi/workplace/install/learning/lib/python3.6/site-packages/learning/move_node.py to move_node.cpython-36.pyc
[6.648s] running install_data
[6.651s] running install_egg_info
[6.662s] removing '/home/mi/workplace/install/learning/lib/python3.6/site-packages/learning-0.0.0-py3.6.egg-info' (and everything under it)
[6.666s] Copying ../../build/learning/learning.egg-info to /home/mi/workplace/install/learning/lib/python3.6/site-packages/learning-0.0.0-py3.6.egg-info
[6.675s] running install_scripts
[6.798s] Installing camera script to /home/mi/workplace/install/learning/lib/learning
[6.800s] Installing crash script to /home/mi/workplace/install/learning/lib/learning
[6.801s] Installing data_receive script to /home/mi/workplace/install/learning/lib/learning
[6.802s] Installing get_data script to /home/mi/workplace/install/learning/lib/learning
[6.802s] Installing goal script to /home/mi/workplace/install/learning/lib/learning
[6.805s] Installing keeper script to /home/mi/workplace/install/learning/lib/learning
[6.808s] Installing main script to /home/mi/workplace/install/learning/lib/learning
[6.809s] Installing move_x script to /home/mi/workplace/install/learning/lib/learning
[6.810s] Installing rgb script to /home/mi/workplace/install/learning/lib/learning
[6.811s] Installing rotate script to /home/mi/workplace/install/learning/lib/learning
[6.811s] Installing rotate_until_center1 script to /home/mi/workplace/install/learning/lib/learning
[6.812s] Installing sit script to /home/mi/workplace/install/learning/lib/learning
[6.813s] Installing stand script to /home/mi/workplace/install/learning/lib/learning
[6.813s] Installing test script to /home/mi/workplace/install/learning/lib/learning
[6.814s] Installing track script to /home/mi/workplace/install/learning/lib/learning
[6.815s] Installing walk_t_sec script to /home/mi/workplace/install/learning/lib/learning
[6.816s] Installing walktest script to /home/mi/workplace/install/learning/lib/learning
[6.818s] writing list of installed files to '/home/mi/workplace/build/learning/install.log'
[6.972s] Invoked command in '/home/mi/workplace/src/learning' returned '0': PYTHONPATH=/home/mi/workplace/install/learning/lib/python3.6/site-packages:${PYTHONPATH} /usr/bin/python3 setup.py egg_info --egg-base ../../build/learning build --build-base /home/mi/workplace/build/learning/build install --prefix /home/mi/workplace/install/learning --record /home/mi/workplace/build/learning/install.log --single-version-externally-managed
