2024-05-25 21:56:25.940 [info] Experiment 'pythonCreateEnvOnPipInstall' is active
2024-05-25 21:56:25.941 [info] Experiment 'pythonRecommendTensorboardExt' is active
2024-05-25 21:56:25.941 [info] Experiment 'pythonTerminalEnvVarActivation' is active
2024-05-25 21:56:25.941 [info] Experiment 'pythonTestAdapter' is active
2024-05-25 21:56:25.941 [info] Default formatter is set to null for workspace /home/mi
2024-05-25 21:56:26.866 [info] > pyenv which python
2024-05-25 21:56:26.867 [info] cwd: .
2024-05-25 21:56:31.853 [info] > /usr/bin/python3 -I ./.vscode-server/extensions/ms-python.python-2024.6.0/python_files/get_output_via_markers.py ./.vscode-server/extensions/ms-python.python-2024.6.0/python_files/interpreterInfo.py
2024-05-25 21:56:32.085 [info] Python interpreter path: /usr/bin/python3
2024-05-25 21:56:36.660 [info] Starting Pylance language server.
2024-05-25 22:02:54.221 [info] Discover tests for workspace name: mi - uri: /home/mi/workplace/src/learning/learning/move_node.py
2024-05-25 22:06:42.655 [info] Discover tests for workspace name: mi - uri: /home/mi/workplace/src/learning/learning/get_data.py
2024-05-25 22:06:51.529 [info] Discover tests for workspace name: mi - uri: /home/mi/workplace/src/learning/learning/get_data.py
2024-05-25 22:07:07.372 [info] > /usr/bin/python3 ./.vscode-server/extensions/ms-python.python-2024.6.0/python_files/normalizeSelection.py
2024-05-25 22:07:07.722 [info] Send text to terminal: /usr/bin/python3
2024-05-25 22:15:37.308 [info] Discover tests for workspace name: mi - uri: /home/mi/workplace/src/learning/learning/constants.py
2024-05-25 22:15:43.910 [info] Discover tests for workspace name: mi - uri: /home/mi/workplace/src/learning/learning/constants.py
2024-05-25 22:18:31.887 [info] Discover tests for workspace name: mi - uri: /home/mi/workplace/src/learning/learning/get_data.py
2024-05-25 22:20:26.653 [info] Discover tests for workspace name: mi - uri: /home/mi/workplace/src/learning/learning/get_data.py
2024-05-25 22:22:07.564 [info] Discover tests for workspace name: mi - uri: /home/mi/workplace/src/learning/learning/move_node.py
2024-05-25 22:51:59.047 [info] Discover tests for workspace name: mi - uri: /home/mi/workplace/src/learning/learning/constants.py
2024-05-25 22:54:32.771 [info] Discover tests for workspace name: mi - uri: /home/mi/workplace/src/learning/learning/get_data.py
2024-05-25 23:08:47.920 [info] Discover tests for workspace name: mi - uri: /home/mi/workplace/src/learning/learning/move_node.py
2024-05-25 23:08:52.395 [info] Discover tests for workspace name: mi - uri: /home/mi/workplace/src/learning/learning/move_node.py
2024-05-25 23:08:58.355 [info] Discover tests for workspace name: mi - uri: /home/mi/workplace/src/learning/learning/move_node.py
2024-05-25 23:13:06.086 [info] Discover tests for workspace name: mi - uri: /home/mi/workplace/src/learning/learning/main_node.py
2024-05-25 23:15:12.890 [info] Discover tests for workspace name: mi - uri: /home/mi/workplace/src/learning/learning/main_node.py
2024-05-25 23:15:29.585 [info] Discover tests for workspace name: mi - uri: /home/mi/workplace/src/learning/learning/main_node.py
2024-05-25 23:21:10.636 [info] Discover tests for workspace name: mi - uri: /home/mi/workplace/src/learning/learning/get_data.py
2024-05-25 23:21:59.047 [info] Discover tests for workspace name: mi - uri: /home/mi/workplace/src/learning/learning/get_data.py
2024-05-25 23:30:19.834 [info] Discover tests for workspace name: mi - uri: /home/mi/workplace/src/learning/learning/get_data.py
2024-05-25 23:45:53.888 [info] Discover tests for workspace name: mi - uri: /home/mi/workplace/src/learning/learning/get_data.py
2024-05-25 23:56:45.745 [info] Discover tests for workspace name: mi - uri: /home/mi/workplace/src/learning/learning/main_node.py
2024-05-26 00:00:58.345 [info] Discover tests for workspace name: mi - uri: /home/mi/workplace/src/learning/learning/constants.py
2024-05-26 00:01:55.602 [info] Discover tests for workspace name: mi - uri: /home/mi/workplace/src/learning/learning/get_data.py
2024-05-26 00:02:10.542 [info] Discover tests for workspace name: mi - uri: /home/mi/workplace/src/learning/learning/get_data.py
2024-05-26 00:12:14.769 [info] Discover tests for workspace name: mi - uri: /home/mi/workplace/src/learning/learning/geometry.py
2024-05-26 00:14:14.729 [info] Discover tests for workspace name: mi - uri: /home/mi/workplace/src/learning/learning/geometry.py
2024-05-26 00:14:16.078 [info] Discover tests for workspace name: mi - uri: /home/mi/workplace/src/learning/learning/geometry.py
2024-05-26 00:15:29.123 [info] Discover tests for workspace name: mi - uri: /home/mi/workplace/src/learning/learning/constants.py
2024-05-26 00:22:52.104 [info] Discover tests for workspace name: mi - uri: /home/mi/workplace/src/learning/learning/move_node.py
2024-05-26 00:24:30.528 [info] Discover tests for workspace name: mi - uri: /home/mi/workplace/src/learning/learning/get_data.py
2024-05-26 00:45:34.563 [info] Discover tests for workspace name: mi - uri: /home/mi/workplace/src/learning/learning/get_data.py
2024-05-26 00:46:21.973 [info] Discover tests for workspace name: mi - uri: /home/mi/workplace/src/learning/learning/get_data.py
2024-05-26 00:47:27.847 [info] Discover tests for workspace name: mi - uri: /home/mi/workplace/src/learning/learning/get_data.py
2024-05-26 00:47:44.459 [info] Discover tests for workspace name: mi - uri: /home/mi/workplace/src/learning/learning/get_data.py
2024-05-26 00:49:30.922 [info] Discover tests for workspace name: mi - uri: /home/mi/workplace/src/learning/learning/get_data.py
2024-05-26 00:49:31.800 [info] Discover tests for workspace name: mi - uri: /home/mi/workplace/src/learning/learning/get_data.py
2024-05-26 00:50:08.739 [info] Discover tests for workspace name: mi - uri: /home/mi/workplace/src/learning/learning/get_data.py
2024-05-26 00:51:16.963 [info] Discover tests for workspace name: mi - uri: /home/mi/workplace/src/learning/learning/main_node.py
2024-05-26 00:51:53.169 [info] Discover tests for workspace name: mi - uri: /home/mi/workplace/src/learning/learning/main_node.py
2024-05-26 00:52:35.874 [info] Discover tests for workspace name: mi - uri: /home/mi/workplace/src/learning/learning/main_node.py
2024-05-26 00:52:41.081 [info] Discover tests for workspace name: mi - uri: /home/mi/workplace/src/learning/learning/main_node.py
2024-05-26 00:53:52.202 [info] Discover tests for workspace name: mi - uri: /home/mi/workplace/src/learning/learning/move_node.py
2024-05-26 00:54:19.000 [info] Discover tests for workspace name: mi - uri: /home/mi/workplace/src/learning/learning/main_node.py
2024-05-26 01:01:53.144 [info] Discover tests for workspace name: mi - uri: /home/mi/workplace/src/learning/learning/move_node.py
2024-05-26 01:13:47.398 [info] Discover tests for workspace name: mi - uri: /home/mi/workplace/src/learning/learning/move_node.py
2024-05-26 01:14:01.698 [info] Discover tests for workspace name: mi - uri: /home/mi/workplace/src/learning/learning/move_node.py
2024-05-26 01:14:22.915 [info] Discover tests for workspace name: mi - uri: /home/mi/workplace/src/learning/learning/move_node.py
2024-05-26 01:14:38.996 [info] Discover tests for workspace name: mi - uri: /home/mi/workplace/src/learning/learning/constants.py
2024-05-26 01:21:31.657 [info] Discover tests for workspace name: mi - uri: /home/mi/workplace/src/learning/learning/move_node.py
2024-05-26 01:21:53.044 [info] Discover tests for workspace name: mi - uri: /home/mi/workplace/src/learning/learning/move_node.py
2024-05-26 01:23:49.178 [info] Discover tests for workspace name: mi - uri: /home/mi/workplace/src/learning/learning/move_node.py
2024-05-26 01:24:17.460 [info] Discover tests for workspace name: mi - uri: /home/mi/workplace/src/learning/learning/move_node.py
2024-05-26 01:24:19.210 [info] Discover tests for workspace name: mi - uri: /home/mi/workplace/src/learning/learning/move_node.py
2024-05-26 01:24:24.953 [info] Discover tests for workspace name: mi - uri: /home/mi/workplace/src/learning/learning/move_node.py
