running egg_info
writing ../../build/ai/ai.egg-info/PKG-INFO
writing dependency_links to ../../build/ai/ai.egg-info/dependency_links.txt
writing entry points to ../../build/ai/ai.egg-info/entry_points.txt
writing requirements to ../../build/ai/ai.egg-info/requires.txt
writing top-level names to ../../build/ai/ai.egg-info/top_level.txt
reading manifest file '../../build/ai/ai.egg-info/SOURCES.txt'
writing manifest file '../../build/ai/ai.egg-info/SOURCES.txt'
running build
running build_py
copying ai/photo.py -> /home/mi/workplace/build/ai/build/lib/ai
running install
/usr/local/lib/python3.6/dist-packages/setuptools/command/install.py:37: SetuptoolsDeprecationWarning: setup.py install is deprecated. Use build and pip and other standards-based tools.
  setuptools.SetuptoolsDeprecationWarning,
running install_lib
copying /home/mi/workplace/build/ai/build/lib/ai/photo.py -> /home/mi/workplace/install/ai/lib/python3.6/site-packages/ai
byte-compiling /home/mi/workplace/install/ai/lib/python3.6/site-packages/ai/photo.py to photo.cpython-36.pyc
running install_data
running install_egg_info
removing '/home/mi/workplace/install/ai/lib/python3.6/site-packages/ai-0.0.0-py3.6.egg-info' (and everything under it)
Copying ../../build/ai/ai.egg-info to /home/mi/workplace/install/ai/lib/python3.6/site-packages/ai-0.0.0-py3.6.egg-info
running install_scripts
Installing photo script to /home/mi/workplace/install/ai/lib/ai
writing list of installed files to '/home/mi/workplace/build/ai/install.log'
