[4.116s] Invoking command in '/home/mi/workplace/src/ai': PYTHONPATH=/home/mi/workplace/install/ai/lib/python3.6/site-packages:${PYTHONPATH} /usr/bin/python3 setup.py egg_info --egg-base ../../build/ai build --build-base /home/mi/workplace/build/ai/build install --prefix /home/mi/workplace/install/ai --record /home/mi/workplace/build/ai/install.log --single-version-externally-managed
[5.751s] running egg_info
[5.754s] writing ../../build/ai/ai.egg-info/PKG-INFO
[5.758s] writing dependency_links to ../../build/ai/ai.egg-info/dependency_links.txt
[5.759s] writing entry points to ../../build/ai/ai.egg-info/entry_points.txt
[5.759s] writing requirements to ../../build/ai/ai.egg-info/requires.txt
[5.760s] writing top-level names to ../../build/ai/ai.egg-info/top_level.txt
[5.773s] reading manifest file '../../build/ai/ai.egg-info/SOURCES.txt'
[5.779s] writing manifest file '../../build/ai/ai.egg-info/SOURCES.txt'
[5.781s] running build
[5.782s] running build_py
[5.782s] copying ai/photo.py -> /home/mi/workplace/build/ai/build/lib/ai
[5.784s] running install
[5.786s] /usr/local/lib/python3.6/dist-packages/setuptools/command/install.py:37: SetuptoolsDeprecationWarning: setup.py install is deprecated. Use build and pip and other standards-based tools.
[5.787s]   setuptools.SetuptoolsDeprecationWarning,
[5.787s] running install_lib
[5.791s] copying /home/mi/workplace/build/ai/build/lib/ai/photo.py -> /home/mi/workplace/install/ai/lib/python3.6/site-packages/ai
[5.796s] byte-compiling /home/mi/workplace/install/ai/lib/python3.6/site-packages/ai/photo.py to photo.cpython-36.pyc
[5.798s] running install_data
[5.800s] running install_egg_info
[5.810s] removing '/home/mi/workplace/install/ai/lib/python3.6/site-packages/ai-0.0.0-py3.6.egg-info' (and everything under it)
[5.811s] Copying ../../build/ai/ai.egg-info to /home/mi/workplace/install/ai/lib/python3.6/site-packages/ai-0.0.0-py3.6.egg-info
[5.815s] running install_scripts
[5.910s] Installing photo script to /home/mi/workplace/install/ai/lib/ai
[5.911s] writing list of installed files to '/home/mi/workplace/build/ai/install.log'
[6.037s] Invoked command in '/home/mi/workplace/src/ai' returned '0': PYTHONPATH=/home/mi/workplace/install/ai/lib/python3.6/site-packages:${PYTHONPATH} /usr/bin/python3 setup.py egg_info --egg-base ../../build/ai build --build-base /home/mi/workplace/build/ai/build install --prefix /home/mi/workplace/install/ai --record /home/mi/workplace/build/ai/install.log --single-version-externally-managed
