[4.448s] Invoking command in '/home/mi/workplace/src/learning': PYTHONPATH=/home/mi/workplace/install/learning/lib/python3.6/site-packages:${PYTHONPATH} /usr/bin/python3 setup.py egg_info --egg-base ../../build/learning build --build-base /home/mi/workplace/build/learning/build install --prefix /home/mi/workplace/install/learning --record /home/mi/workplace/build/learning/install.log --single-version-externally-managed
[6.159s] running egg_info
[6.161s] writing ../../build/learning/learning.egg-info/PKG-INFO
[6.164s] writing dependency_links to ../../build/learning/learning.egg-info/dependency_links.txt
[6.166s] writing entry points to ../../build/learning/learning.egg-info/entry_points.txt
[6.171s] writing requirements to ../../build/learning/learning.egg-info/requires.txt
[6.172s] writing top-level names to ../../build/learning/learning.egg-info/top_level.txt
[6.185s] reading manifest file '../../build/learning/learning.egg-info/SOURCES.txt'
[6.195s] writing manifest file '../../build/learning/learning.egg-info/SOURCES.txt'
[6.195s] running build
[6.196s] running build_py
[6.204s] running install
[6.206s] /usr/local/lib/python3.6/dist-packages/setuptools/command/install.py:37: SetuptoolsDeprecationWarning: setup.py install is deprecated. Use build and pip and other standards-based tools.
[6.207s]   setuptools.SetuptoolsDeprecationWarning,
[6.208s] running install_lib
[6.222s] running install_data
[6.226s] running install_egg_info
[6.237s] removing '/home/mi/workplace/install/learning/lib/python3.6/site-packages/learning-0.0.0-py3.6.egg-info' (and everything under it)
[6.238s] Copying ../../build/learning/learning.egg-info to /home/mi/workplace/install/learning/lib/python3.6/site-packages/learning-0.0.0-py3.6.egg-info
[6.238s] running install_scripts
[6.337s] Installing camera script to /home/mi/workplace/install/learning/lib/learning
[6.339s] Installing crash script to /home/mi/workplace/install/learning/lib/learning
[6.340s] Installing data_receive script to /home/mi/workplace/install/learning/lib/learning
[6.347s] Installing get_data script to /home/mi/workplace/install/learning/lib/learning
[6.348s] Installing goal script to /home/mi/workplace/install/learning/lib/learning
[6.351s] Installing keeper script to /home/mi/workplace/install/learning/lib/learning
[6.352s] Installing move_x script to /home/mi/workplace/install/learning/lib/learning
[6.352s] Installing rgb script to /home/mi/workplace/install/learning/lib/learning
[6.353s] Installing rotate script to /home/mi/workplace/install/learning/lib/learning
[6.353s] Installing rotate_until_center1 script to /home/mi/workplace/install/learning/lib/learning
[6.354s] Installing stand script to /home/mi/workplace/install/learning/lib/learning
[6.355s] Installing track script to /home/mi/workplace/install/learning/lib/learning
[6.355s] Installing walk_t_sec script to /home/mi/workplace/install/learning/lib/learning
[6.356s] Installing walktest script to /home/mi/workplace/install/learning/lib/learning
[6.357s] writing list of installed files to '/home/mi/workplace/build/learning/install.log'
[6.491s] Invoked command in '/home/mi/workplace/src/learning' returned '0': PYTHONPATH=/home/mi/workplace/install/learning/lib/python3.6/site-packages:${PYTHONPATH} /usr/bin/python3 setup.py egg_info --egg-base ../../build/learning build --build-base /home/mi/workplace/build/learning/build install --prefix /home/mi/workplace/install/learning --record /home/mi/workplace/build/learning/install.log --single-version-externally-managed
