[4.239s] Invoking command in '/home/mi/workplace/src/learning': PYTHONPATH=/home/mi/workplace/install/learning/lib/python3.6/site-packages:${PYTHONPATH} /usr/bin/python3 setup.py egg_info --egg-base ../../build/learning build --build-base /home/mi/workplace/build/learning/build install --prefix /home/mi/workplace/install/learning --record /home/mi/workplace/build/learning/install.log --single-version-externally-managed
[5.910s] running egg_info
[5.914s] writing ../../build/learning/learning.egg-info/PKG-INFO
[5.915s] writing dependency_links to ../../build/learning/learning.egg-info/dependency_links.txt
[5.917s] writing entry points to ../../build/learning/learning.egg-info/entry_points.txt
[5.918s] writing requirements to ../../build/learning/learning.egg-info/requires.txt
[5.918s] writing top-level names to ../../build/learning/learning.egg-info/top_level.txt
[5.938s] reading manifest file '../../build/learning/learning.egg-info/SOURCES.txt'
[5.944s] writing manifest file '../../build/learning/learning.egg-info/SOURCES.txt'
[5.945s] running build
[5.946s] running build_py
[5.949s] copying learning/main_node.py -> /home/mi/workplace/build/learning/build/lib/learning
[5.954s] running install
[5.956s] /usr/local/lib/python3.6/dist-packages/setuptools/command/install.py:37: SetuptoolsDeprecationWarning: setup.py install is deprecated. Use build and pip and other standards-based tools.
[5.957s]   setuptools.SetuptoolsDeprecationWarning,
[5.960s] running install_lib
[5.963s] copying /home/mi/workplace/build/learning/build/lib/learning/main_node.py -> /home/mi/workplace/install/learning/lib/python3.6/site-packages/learning
[5.969s] byte-compiling /home/mi/workplace/install/learning/lib/python3.6/site-packages/learning/main_node.py to main_node.cpython-36.pyc
[5.975s] running install_data
[5.978s] running install_egg_info
[5.989s] removing '/home/mi/workplace/install/learning/lib/python3.6/site-packages/learning-0.0.0-py3.6.egg-info' (and everything under it)
[5.989s] Copying ../../build/learning/learning.egg-info to /home/mi/workplace/install/learning/lib/python3.6/site-packages/learning-0.0.0-py3.6.egg-info
[5.996s] running install_scripts
[6.106s] Installing camera script to /home/mi/workplace/install/learning/lib/learning
[6.107s] Installing crash script to /home/mi/workplace/install/learning/lib/learning
[6.108s] Installing data_receive script to /home/mi/workplace/install/learning/lib/learning
[6.110s] Installing get_data script to /home/mi/workplace/install/learning/lib/learning
[6.112s] Installing goal script to /home/mi/workplace/install/learning/lib/learning
[6.117s] Installing keeper script to /home/mi/workplace/install/learning/lib/learning
[6.118s] Installing main script to /home/mi/workplace/install/learning/lib/learning
[6.118s] Installing move_x script to /home/mi/workplace/install/learning/lib/learning
[6.119s] Installing rgb script to /home/mi/workplace/install/learning/lib/learning
[6.119s] Installing rotate script to /home/mi/workplace/install/learning/lib/learning
[6.120s] Installing rotate_until_center1 script to /home/mi/workplace/install/learning/lib/learning
[6.120s] Installing sit script to /home/mi/workplace/install/learning/lib/learning
[6.121s] Installing stand script to /home/mi/workplace/install/learning/lib/learning
[6.127s] Installing track script to /home/mi/workplace/install/learning/lib/learning
[6.127s] Installing walk_t_sec script to /home/mi/workplace/install/learning/lib/learning
[6.128s] Installing walktest script to /home/mi/workplace/install/learning/lib/learning
[6.129s] writing list of installed files to '/home/mi/workplace/build/learning/install.log'
[6.280s] Invoked command in '/home/mi/workplace/src/learning' returned '0': PYTHONPATH=/home/mi/workplace/install/learning/lib/python3.6/site-packages:${PYTHONPATH} /usr/bin/python3 setup.py egg_info --egg-base ../../build/learning build --build-base /home/mi/workplace/build/learning/build install --prefix /home/mi/workplace/install/learning --record /home/mi/workplace/build/learning/install.log --single-version-externally-managed
