2024-05-04 18:02:12.544 [info] 日志级别: Info
2024-05-04 18:02:12.545 [info] 正在验证在以下位置找到的 git: "git"
2024-05-04 18:02:12.545 [info] 将使用位于 "2.17.1" 的 Git "git"
2024-05-04 18:02:12.545 [info] > git rev-parse --show-toplevel [1955ms]
2024-05-04 18:02:12.545 [info] > git rev-parse --git-dir --git-common-dir [141ms]
2024-05-04 18:02:12.545 [info] Open repository: /home/mi
2024-05-04 18:02:12.545 [info] > git rev-parse --show-toplevel [184ms]
2024-05-04 18:02:12.545 [info] > git config --get commit.template [211ms]
2024-05-04 18:02:14.264 [info] > git rev-parse --show-toplevel [1675ms]
2024-05-04 18:02:14.459 [info] > git for-each-ref --format=%(refname)%00%(upstream:short)%00%(objectname)%00%(upstream:track)%00%(upstream:remotename)%00%(upstream:remoteref) refs/heads/main refs/remotes/main [908ms]
2024-05-04 18:02:14.510 [info] > git check-ignore -v -z --stdin [216ms]
2024-05-04 18:02:14.519 [info] > git rev-parse --show-toplevel [89ms]
2024-05-04 18:02:15.309 [info] > git rev-parse --show-toplevel [722ms]
2024-05-04 18:02:15.535 [info] > git rev-parse --show-toplevel [166ms]
2024-05-04 18:02:15.677 [info] > git rev-parse --show-toplevel [95ms]
2024-05-04 18:02:15.724 [info] > git rev-parse --show-toplevel [13ms]
2024-05-04 18:02:15.786 [info] > git rev-parse --show-toplevel [37ms]
2024-05-04 18:02:16.150 [info] > git rev-parse --show-toplevel [331ms]
2024-05-04 18:02:16.195 [info] > git rev-parse --show-toplevel [14ms]
2024-05-04 18:02:16.251 [info] > git rev-parse --show-toplevel [11ms]
2024-05-04 18:02:16.294 [info] > git rev-parse --show-toplevel [9ms]
2024-05-04 18:02:16.367 [info] > git rev-parse --show-toplevel [16ms]
2024-05-04 18:02:16.473 [info] > git rev-parse --show-toplevel [73ms]
2024-05-04 18:02:16.521 [info] > git rev-parse --show-toplevel [8ms]
2024-05-04 18:02:16.601 [info] > git rev-parse --show-toplevel [43ms]
2024-05-04 18:02:16.656 [info] > git rev-parse --show-toplevel [23ms]
2024-05-04 18:02:16.719 [info] > git rev-parse --show-toplevel [15ms]
2024-05-04 18:02:16.768 [info] > git rev-parse --show-toplevel [16ms]
2024-05-04 18:02:16.856 [info] > git rev-parse --show-toplevel [51ms]
2024-05-04 18:02:16.916 [info] > git rev-parse --show-toplevel [34ms]
2024-05-04 18:02:16.943 [info] > git rev-parse --show-toplevel [3ms]
2024-05-04 18:02:16.970 [info] > git rev-parse --show-toplevel [5ms]
2024-05-04 18:02:17.001 [info] > git rev-parse --show-toplevel [7ms]
2024-05-04 18:02:17.027 [info] > git rev-parse --show-toplevel [4ms]
2024-05-04 18:02:17.054 [info] > git rev-parse --show-toplevel [4ms]
2024-05-04 18:02:17.096 [info] > git rev-parse --show-toplevel [21ms]
2024-05-04 18:02:17.120 [info] > git rev-parse --show-toplevel [4ms]
2024-05-04 18:02:17.155 [info] > git rev-parse --show-toplevel [9ms]
2024-05-04 18:02:17.179 [info] > git rev-parse --show-toplevel [4ms]
2024-05-04 18:02:17.212 [info] > git rev-parse --show-toplevel [5ms]
2024-05-04 18:02:17.294 [info] > git show --textconv :workplace/src/learning/learning/rgb_cam_suber.py [36ms]
2024-05-04 18:02:17.304 [info] > git ls-files --stage -- /home/mi/workplace/src/learning/learning/rgb_cam_suber.py [17ms]
2024-05-04 18:02:18.923 [info] > git status -z -uall [3581ms]
2024-05-04 18:02:22.312 [info] > git merge-base refs/heads/main refs/remotes/origin/main [3210ms]
2024-05-04 18:02:22.403 [info] > git rev-list --count --left-right refs/heads/main...refs/remotes/origin/main [63ms]
2024-05-04 18:02:22.435 [info] > git config --get commit.template [152ms]
2024-05-04 18:02:22.442 [info] > git diff --name-status -z --diff-filter=ADMR 204e76f159ef4a5b90ad15a9c05af0a3b3984d4b...refs/remotes/origin/main [13ms]
2024-05-04 18:02:22.484 [info] > git for-each-ref --format=%(refname)%00%(upstream:short)%00%(objectname)%00%(upstream:track)%00%(upstream:remotename)%00%(upstream:remoteref) refs/heads/main refs/remotes/main [7ms]
2024-05-04 18:02:25.981 [info] > git status -z -uall [3472ms]
2024-05-04 18:05:43.842 [info] > git show --textconv :.bashrc [44ms]
2024-05-04 18:05:43.852 [info] > git ls-files --stage -- /home/mi/.bashrc [25ms]
2024-05-04 18:05:43.884 [info] > git cat-file -s 07035dda157cb2043954fcd188a7f18805062990 [6ms]
2024-05-04 18:06:09.413 [info] > git check-ignore -v -z --stdin [30ms]
2024-05-04 18:06:15.027 [info] > git config --get commit.template [33ms]
2024-05-04 18:06:15.029 [info] > git for-each-ref --format=%(refname)%00%(upstream:short)%00%(objectname)%00%(upstream:track)%00%(upstream:remotename)%00%(upstream:remoteref) refs/heads/main refs/remotes/main [9ms]
2024-05-04 18:06:18.212 [info] > git status -z -uall [3153ms]
