[3.731s] Invoking command in '/home/mi/workplace/src/learning': PYTHONPATH=/home/mi/workplace/install/learning/lib/python3.6/site-packages:${PYTHONPATH} /usr/bin/python3 setup.py egg_info --egg-base ../../build/learning build --build-base /home/mi/workplace/build/learning/build install --prefix /home/mi/workplace/install/learning --record /home/mi/workplace/build/learning/install.log --single-version-externally-managed
[5.426s] running egg_info
[5.429s] writing ../../build/learning/learning.egg-info/PKG-INFO
[5.431s] writing dependency_links to ../../build/learning/learning.egg-info/dependency_links.txt
[5.433s] writing entry points to ../../build/learning/learning.egg-info/entry_points.txt
[5.434s] writing requirements to ../../build/learning/learning.egg-info/requires.txt
[5.435s] writing top-level names to ../../build/learning/learning.egg-info/top_level.txt
[5.452s] reading manifest file '../../build/learning/learning.egg-info/SOURCES.txt'
[5.460s] writing manifest file '../../build/learning/learning.egg-info/SOURCES.txt'
[5.461s] running build
[5.462s] running build_py
[5.463s] copying learning/track.py -> /home/mi/workplace/build/learning/build/lib/learning
[5.465s] running install
[5.466s] /usr/local/lib/python3.6/dist-packages/setuptools/command/install.py:37: SetuptoolsDeprecationWarning: setup.py install is deprecated. Use build and pip and other standards-based tools.
[5.467s]   setuptools.SetuptoolsDeprecationWarning,
[5.468s] running install_lib
[5.474s] copying /home/mi/workplace/build/learning/build/lib/learning/track.py -> /home/mi/workplace/install/learning/lib/python3.6/site-packages/learning
[5.478s] byte-compiling /home/mi/workplace/install/learning/lib/python3.6/site-packages/learning/track.py to track.cpython-36.pyc
[5.484s] running install_data
[5.487s] running install_egg_info
[5.500s] removing '/home/mi/workplace/install/learning/lib/python3.6/site-packages/learning-0.0.0-py3.6.egg-info' (and everything under it)
[5.501s] Copying ../../build/learning/learning.egg-info to /home/mi/workplace/install/learning/lib/python3.6/site-packages/learning-0.0.0-py3.6.egg-info
[5.506s] running install_scripts
[5.604s] Installing camera script to /home/mi/workplace/install/learning/lib/learning
[5.605s] Installing crash script to /home/mi/workplace/install/learning/lib/learning
[5.606s] Installing rgb script to /home/mi/workplace/install/learning/lib/learning
[5.607s] Installing stand script to /home/mi/workplace/install/learning/lib/learning
[5.608s] Installing track script to /home/mi/workplace/install/learning/lib/learning
[5.609s] Installing walktest script to /home/mi/workplace/install/learning/lib/learning
[5.612s] writing list of installed files to '/home/mi/workplace/build/learning/install.log'
[5.742s] Invoked command in '/home/mi/workplace/src/learning' returned '0': PYTHONPATH=/home/mi/workplace/install/learning/lib/python3.6/site-packages:${PYTHONPATH} /usr/bin/python3 setup.py egg_info --egg-base ../../build/learning build --build-base /home/mi/workplace/build/learning/build install --prefix /home/mi/workplace/install/learning --record /home/mi/workplace/build/learning/install.log --single-version-externally-managed
