[3.844s] Invoking command in '/home/mi/workplace/src/lcm': PYTHONPATH=/home/mi/workplace/install/lcm/lib/python3.6/site-packages:${PYTHONPATH} /usr/bin/python3 setup.py egg_info --egg-base ../../build/lcm build --build-base /home/mi/workplace/build/lcm/build install --prefix /home/mi/workplace/install/lcm --record /home/mi/workplace/build/lcm/install.log --single-version-externally-managed
[5.367s] running egg_info
[5.370s] writing ../../build/lcm/lcm.egg-info/PKG-INFO
[5.371s] writing dependency_links to ../../build/lcm/lcm.egg-info/dependency_links.txt
[5.373s] writing entry points to ../../build/lcm/lcm.egg-info/entry_points.txt
[5.373s] writing requirements to ../../build/lcm/lcm.egg-info/requires.txt
[5.374s] writing top-level names to ../../build/lcm/lcm.egg-info/top_level.txt
[5.390s] reading manifest file '../../build/lcm/lcm.egg-info/SOURCES.txt'
[5.395s] writing manifest file '../../build/lcm/lcm.egg-info/SOURCES.txt'
[5.396s] running build
[5.396s] running build_py
[5.400s] copying lcm/lcm_test.py -> /home/mi/workplace/build/lcm/build/lib/lcm
[5.400s] running install
[5.401s] /usr/local/lib/python3.6/dist-packages/setuptools/command/install.py:37: SetuptoolsDeprecationWarning: setup.py install is deprecated. Use build and pip and other standards-based tools.
[5.402s]   setuptools.SetuptoolsDeprecationWarning,
[5.403s] running install_lib
[5.406s] copying /home/mi/workplace/build/lcm/build/lib/lcm/lcm_test.py -> /home/mi/workplace/install/lcm/lib/python3.6/site-packages/lcm
[5.409s] byte-compiling /home/mi/workplace/install/lcm/lib/python3.6/site-packages/lcm/lcm_test.py to lcm_test.cpython-36.pyc
[5.411s] running install_data
[5.413s] running install_egg_info
[5.421s] removing '/home/mi/workplace/install/lcm/lib/python3.6/site-packages/lcm-0.0.0-py3.6.egg-info' (and everything under it)
[5.423s] Copying ../../build/lcm/lcm.egg-info to /home/mi/workplace/install/lcm/lib/python3.6/site-packages/lcm-0.0.0-py3.6.egg-info
[5.428s] running install_scripts
[5.512s] Installing lcm_test script to /home/mi/workplace/install/lcm/lib/lcm
[5.515s] writing list of installed files to '/home/mi/workplace/build/lcm/install.log'
[5.615s] Invoked command in '/home/mi/workplace/src/lcm' returned '0': PYTHONPATH=/home/mi/workplace/install/lcm/lib/python3.6/site-packages:${PYTHONPATH} /usr/bin/python3 setup.py egg_info --egg-base ../../build/lcm build --build-base /home/mi/workplace/build/lcm/build install --prefix /home/mi/workplace/install/lcm --record /home/mi/workplace/build/lcm/install.log --single-version-externally-managed
