[4.573s] Invoking command in '/home/mi/workplace/src/learning': PYTHONPATH=/home/mi/workplace/install/learning/lib/python3.6/site-packages:${PYTHONPATH} /usr/bin/python3 setup.py egg_info --egg-base ../../build/learning build --build-base /home/mi/workplace/build/learning/build install --prefix /home/mi/workplace/install/learning --record /home/mi/workplace/build/learning/install.log --single-version-externally-managed
[6.398s] running egg_info
[6.401s] writing ../../build/learning/learning.egg-info/PKG-INFO
[6.406s] writing dependency_links to ../../build/learning/learning.egg-info/dependency_links.txt
[6.406s] writing entry points to ../../build/learning/learning.egg-info/entry_points.txt
[6.407s] writing requirements to ../../build/learning/learning.egg-info/requires.txt
[6.412s] writing top-level names to ../../build/learning/learning.egg-info/top_level.txt
[6.427s] reading manifest file '../../build/learning/learning.egg-info/SOURCES.txt'
[6.436s] writing manifest file '../../build/learning/learning.egg-info/SOURCES.txt'
[6.438s] running build
[6.439s] running build_py
[6.449s] running install
[6.450s] /usr/local/lib/python3.6/dist-packages/setuptools/command/install.py:37: SetuptoolsDeprecationWarning: setup.py install is deprecated. Use build and pip and other standards-based tools.
[6.451s]   setuptools.SetuptoolsDeprecationWarning,
[6.451s] running install_lib
[6.472s] running install_data
[6.473s] running install_egg_info
[6.476s] removing '/home/mi/workplace/install/learning/lib/python3.6/site-packages/learning-0.0.0-py3.6.egg-info' (and everything under it)
[6.481s] Copying ../../build/learning/learning.egg-info to /home/mi/workplace/install/learning/lib/python3.6/site-packages/learning-0.0.0-py3.6.egg-info
[6.485s] running install_scripts
[6.591s] Installing camera script to /home/mi/workplace/install/learning/lib/learning
[6.592s] Installing crash script to /home/mi/workplace/install/learning/lib/learning
[6.593s] Installing data_receive script to /home/mi/workplace/install/learning/lib/learning
[6.603s] Installing get_data script to /home/mi/workplace/install/learning/lib/learning
[6.604s] Installing goal script to /home/mi/workplace/install/learning/lib/learning
[6.605s] Installing keeper script to /home/mi/workplace/install/learning/lib/learning
[6.606s] Installing move_x script to /home/mi/workplace/install/learning/lib/learning
[6.607s] Installing rgb script to /home/mi/workplace/install/learning/lib/learning
[6.622s] Installing rotate script to /home/mi/workplace/install/learning/lib/learning
[6.623s] Installing rotate_until_center1 script to /home/mi/workplace/install/learning/lib/learning
[6.623s] Installing sit script to /home/mi/workplace/install/learning/lib/learning
[6.624s] Installing stand script to /home/mi/workplace/install/learning/lib/learning
[6.624s] Installing track script to /home/mi/workplace/install/learning/lib/learning
[6.625s] Installing walk_t_sec script to /home/mi/workplace/install/learning/lib/learning
[6.631s] Installing walktest script to /home/mi/workplace/install/learning/lib/learning
[6.631s] writing list of installed files to '/home/mi/workplace/build/learning/install.log'
[6.758s] Invoked command in '/home/mi/workplace/src/learning' returned '0': PYTHONPATH=/home/mi/workplace/install/learning/lib/python3.6/site-packages:${PYTHONPATH} /usr/bin/python3 setup.py egg_info --egg-base ../../build/learning build --build-base /home/mi/workplace/build/learning/build install --prefix /home/mi/workplace/install/learning --record /home/mi/workplace/build/learning/install.log --single-version-externally-managed
