[4.396s] Invoking command in '/home/mi/workplace/src/learning': PYTHONPATH=/home/mi/workplace/install/learning/lib/python3.6/site-packages:${PYTHONPATH} /usr/bin/python3 setup.py egg_info --egg-base ../../build/learning build --build-base /home/mi/workplace/build/learning/build install --prefix /home/mi/workplace/install/learning --record /home/mi/workplace/build/learning/install.log --single-version-externally-managed
[6.079s] running egg_info
[6.083s] writing ../../build/learning/learning.egg-info/PKG-INFO
[6.083s] writing dependency_links to ../../build/learning/learning.egg-info/dependency_links.txt
[6.086s] writing entry points to ../../build/learning/learning.egg-info/entry_points.txt
[6.087s] writing requirements to ../../build/learning/learning.egg-info/requires.txt
[6.088s] writing top-level names to ../../build/learning/learning.egg-info/top_level.txt
[6.109s] reading manifest file '../../build/learning/learning.egg-info/SOURCES.txt'
[6.116s] writing manifest file '../../build/learning/learning.egg-info/SOURCES.txt'
[6.116s] running build
[6.117s] running build_py
[6.117s] copying learning/main_node.py -> /home/mi/workplace/build/learning/build/lib/learning
[6.130s] running install
[6.131s] /usr/local/lib/python3.6/dist-packages/setuptools/command/install.py:37: SetuptoolsDeprecationWarning: setup.py install is deprecated. Use build and pip and other standards-based tools.
[6.132s]   setuptools.SetuptoolsDeprecationWarning,
[6.134s] running install_lib
[6.137s] copying /home/mi/workplace/build/learning/build/lib/learning/main_node.py -> /home/mi/workplace/install/learning/lib/python3.6/site-packages/learning
[6.142s] byte-compiling /home/mi/workplace/install/learning/lib/python3.6/site-packages/learning/main_node.py to main_node.cpython-36.pyc
[6.147s] running install_data
[6.149s] running install_egg_info
[6.157s] removing '/home/mi/workplace/install/learning/lib/python3.6/site-packages/learning-0.0.0-py3.6.egg-info' (and everything under it)
[6.162s] Copying ../../build/learning/learning.egg-info to /home/mi/workplace/install/learning/lib/python3.6/site-packages/learning-0.0.0-py3.6.egg-info
[6.166s] running install_scripts
[6.268s] Installing camera script to /home/mi/workplace/install/learning/lib/learning
[6.271s] Installing crash script to /home/mi/workplace/install/learning/lib/learning
[6.273s] Installing data_receive script to /home/mi/workplace/install/learning/lib/learning
[6.275s] Installing get_data script to /home/mi/workplace/install/learning/lib/learning
[6.278s] Installing goal script to /home/mi/workplace/install/learning/lib/learning
[6.279s] Installing keeper script to /home/mi/workplace/install/learning/lib/learning
[6.280s] Installing main script to /home/mi/workplace/install/learning/lib/learning
[6.282s] Installing move_x script to /home/mi/workplace/install/learning/lib/learning
[6.283s] Installing rgb script to /home/mi/workplace/install/learning/lib/learning
[6.283s] Installing rotate script to /home/mi/workplace/install/learning/lib/learning
[6.286s] Installing rotate_until_center1 script to /home/mi/workplace/install/learning/lib/learning
[6.287s] Installing sit script to /home/mi/workplace/install/learning/lib/learning
[6.288s] Installing stand script to /home/mi/workplace/install/learning/lib/learning
[6.289s] Installing test script to /home/mi/workplace/install/learning/lib/learning
[6.290s] Installing track script to /home/mi/workplace/install/learning/lib/learning
[6.290s] Installing walk_t_sec script to /home/mi/workplace/install/learning/lib/learning
[6.291s] Installing walktest script to /home/mi/workplace/install/learning/lib/learning
[6.292s] writing list of installed files to '/home/mi/workplace/build/learning/install.log'
[6.432s] Invoked command in '/home/mi/workplace/src/learning' returned '0': PYTHONPATH=/home/mi/workplace/install/learning/lib/python3.6/site-packages:${PYTHONPATH} /usr/bin/python3 setup.py egg_info --egg-base ../../build/learning build --build-base /home/mi/workplace/build/learning/build install --prefix /home/mi/workplace/install/learning --record /home/mi/workplace/build/learning/install.log --single-version-externally-managed
