2024-05-03 21:29:20.202 [info] 日志级别: Info
2024-05-03 21:29:20.202 [info] 正在验证在以下位置找到的 git: "git"
2024-05-03 21:29:20.202 [info] 将使用位于 "2.17.1" 的 Git "git"
2024-05-03 21:29:20.202 [info] > git rev-parse --show-toplevel [922ms]
2024-05-03 21:29:20.221 [info] > git rev-parse --git-dir --git-common-dir [24ms]
2024-05-03 21:29:20.292 [info] Open repository: /home/mi
2024-05-03 21:29:20.690 [info] > git config --get commit.template [167ms]
2024-05-03 21:29:20.695 [info] > git rev-parse --show-toplevel [62ms]
2024-05-03 21:29:20.754 [info] > git for-each-ref --format=%(refname)%00%(upstream:short)%00%(objectname)%00%(upstream:track)%00%(upstream:remotename)%00%(upstream:remoteref) refs/heads/main refs/remotes/main [33ms]
2024-05-03 21:29:20.785 [info] > git rev-parse --show-toplevel [40ms]
2024-05-03 21:29:20.839 [info] > git rev-parse --show-toplevel [18ms]
2024-05-03 21:29:20.940 [info] > git rev-parse --show-toplevel [67ms]
2024-05-03 21:29:21.035 [info] > git rev-parse --show-toplevel [20ms]
2024-05-03 21:29:21.135 [info] > git rev-parse --show-toplevel [64ms]
2024-05-03 21:29:21.272 [info] > git check-ignore -v -z --stdin [145ms]
2024-05-03 21:29:21.279 [info] > git rev-parse --show-toplevel [107ms]
2024-05-03 21:29:21.347 [info] > git rev-parse --show-toplevel [49ms]
2024-05-03 21:29:22.053 [info] > git rev-parse --show-toplevel [550ms]
2024-05-03 21:29:22.121 [info] > git rev-parse --show-toplevel [22ms]
2024-05-03 21:29:22.194 [info] > git rev-parse --show-toplevel [16ms]
2024-05-03 21:29:22.229 [info] > git rev-parse --show-toplevel [8ms]
2024-05-03 21:29:22.311 [info] > git rev-parse --show-toplevel [47ms]
2024-05-03 21:29:22.364 [info] > git rev-parse --show-toplevel [14ms]
2024-05-03 21:29:22.417 [info] > git rev-parse --show-toplevel [25ms]
2024-05-03 21:29:22.499 [info] > git rev-parse --show-toplevel [22ms]
2024-05-03 21:29:22.600 [info] > git rev-parse --show-toplevel [33ms]
2024-05-03 21:29:22.682 [info] > git rev-parse --show-toplevel [11ms]
2024-05-03 21:29:22.762 [info] > git rev-parse --show-toplevel [20ms]
2024-05-03 21:29:22.809 [info] > git rev-parse --show-toplevel [17ms]
2024-05-03 21:29:22.950 [info] > git rev-parse --show-toplevel [106ms]
2024-05-03 21:29:23.071 [info] > git rev-parse --show-toplevel [9ms]
2024-05-03 21:29:23.172 [info] > git rev-parse --show-toplevel [63ms]
2024-05-03 21:29:23.242 [info] > git rev-parse --show-toplevel [16ms]
2024-05-03 21:29:23.287 [info] > git check-ignore -v -z --stdin [124ms]
2024-05-03 21:29:23.308 [info] > git rev-parse --show-toplevel [24ms]
2024-05-03 21:29:23.352 [info] > git rev-parse --show-toplevel [12ms]
2024-05-03 21:29:23.429 [info] > git rev-parse --show-toplevel [34ms]
2024-05-03 21:29:23.502 [info] > git rev-parse --show-toplevel [33ms]
2024-05-03 21:29:23.790 [info] > git rev-parse --show-toplevel [194ms]
2024-05-03 21:29:23.850 [info] > git rev-parse --show-toplevel [11ms]
2024-05-03 21:29:23.892 [info] > git rev-parse --show-toplevel [7ms]
2024-05-03 21:29:24.080 [info] > git show --textconv :workplace/src/learning/learning/camera.py [86ms]
2024-05-03 21:29:24.104 [info] > git ls-files --stage -- /home/mi/workplace/src/learning/learning/camera.py [43ms]
2024-05-03 21:29:26.265 [info] > git status -z -uall [5360ms]
2024-05-03 21:29:27.727 [info] > git show --textconv :workplace/src/learning/learning/rgb_cam_suber.py [80ms]
2024-05-03 21:29:27.878 [info] > git merge-base refs/heads/main refs/remotes/origin/main [1525ms]
2024-05-03 21:29:27.935 [info] > git rev-list --count --left-right refs/heads/main...refs/remotes/origin/main [36ms]
2024-05-03 21:29:27.964 [info] > git config --get commit.template [238ms]
2024-05-03 21:29:27.965 [info] > git ls-files --stage -- /home/mi/workplace/src/learning/learning/rgb_cam_suber.py [284ms]
2024-05-03 21:29:27.990 [info] > git diff --name-status -z --diff-filter=ADMR 204e76f159ef4a5b90ad15a9c05af0a3b3984d4b...refs/remotes/origin/main [32ms]
2024-05-03 21:29:28.024 [info] > git for-each-ref --format=%(refname)%00%(upstream:short)%00%(objectname)%00%(upstream:track)%00%(upstream:remotename)%00%(upstream:remoteref) refs/heads/main refs/remotes/main [13ms]
2024-05-03 21:29:28.762 [info] > git show --textconv :workplace/src/learning/learning/camera.py [41ms]
2024-05-03 21:29:28.769 [info] > git ls-files --stage -- /home/mi/workplace/src/learning/learning/camera.py [21ms]
2024-05-03 21:29:30.210 [info] > git show --textconv :workplace/src/learning/learning/stand.py [47ms]
2024-05-03 21:29:30.233 [info] > git ls-files --stage -- /home/mi/workplace/src/learning/learning/stand.py [28ms]
2024-05-03 21:29:30.278 [info] > git cat-file -s 41c5054b09baa67aa9903831f3021dd47e8bdccc [14ms]
2024-05-03 21:29:30.876 [info] > git show --textconv :workplace/src/learning/learning/rgb_cam_suber.py [123ms]
2024-05-03 21:29:30.877 [info] > git ls-files --stage -- /home/mi/workplace/src/learning/learning/rgb_cam_suber.py [88ms]
2024-05-03 21:29:32.156 [info] > git status -z -uall [4083ms]
2024-05-03 21:33:19.405 [info] > git config --get commit.template [5ms]
2024-05-03 21:33:19.430 [info] > git for-each-ref --format=%(refname)%00%(upstream:short)%00%(objectname)%00%(upstream:track)%00%(upstream:remotename)%00%(upstream:remoteref) refs/heads/main refs/remotes/main [6ms]
2024-05-03 21:33:22.946 [info] > git status -z -uall [3493ms]
