[4.134s] Invoking command in '/home/mi/workplace/src/learning': PYTHONPATH=/home/mi/workplace/install/learning/lib/python3.6/site-packages:${PYTHONPATH} /usr/bin/python3 setup.py egg_info --egg-base ../../build/learning build --build-base /home/mi/workplace/build/learning/build install --prefix /home/mi/workplace/install/learning --record /home/mi/workplace/build/learning/install.log --single-version-externally-managed
[5.728s] running egg_info
[5.732s] writing ../../build/learning/learning.egg-info/PKG-INFO
[5.733s] writing dependency_links to ../../build/learning/learning.egg-info/dependency_links.txt
[5.734s] writing entry points to ../../build/learning/learning.egg-info/entry_points.txt
[5.735s] writing requirements to ../../build/learning/learning.egg-info/requires.txt
[5.736s] writing top-level names to ../../build/learning/learning.egg-info/top_level.txt
[5.758s] reading manifest file '../../build/learning/learning.egg-info/SOURCES.txt'
[5.768s] writing manifest file '../../build/learning/learning.egg-info/SOURCES.txt'
[5.768s] running build
[5.769s] running build_py
[5.771s] copying learning/walk.py -> /home/mi/workplace/build/learning/build/lib/learning
[5.772s] copying learning/track.py -> /home/mi/workplace/build/learning/build/lib/learning
[5.775s] running install
[5.777s] /usr/local/lib/python3.6/dist-packages/setuptools/command/install.py:37: SetuptoolsDeprecationWarning: setup.py install is deprecated. Use build and pip and other standards-based tools.
[5.778s]   setuptools.SetuptoolsDeprecationWarning,
[5.779s] running install_lib
[5.783s] copying /home/mi/workplace/build/learning/build/lib/learning/walk.py -> /home/mi/workplace/install/learning/lib/python3.6/site-packages/learning
[5.785s] copying /home/mi/workplace/build/learning/build/lib/learning/track.py -> /home/mi/workplace/install/learning/lib/python3.6/site-packages/learning
[5.788s] byte-compiling /home/mi/workplace/install/learning/lib/python3.6/site-packages/learning/walk.py to walk.cpython-36.pyc
[5.789s] byte-compiling /home/mi/workplace/install/learning/lib/python3.6/site-packages/learning/track.py to track.cpython-36.pyc
[5.794s] running install_data
[5.797s] running install_egg_info
[5.807s] removing '/home/mi/workplace/install/learning/lib/python3.6/site-packages/learning-0.0.0-py3.6.egg-info' (and everything under it)
[5.809s] Copying ../../build/learning/learning.egg-info to /home/mi/workplace/install/learning/lib/python3.6/site-packages/learning-0.0.0-py3.6.egg-info
[5.817s] running install_scripts
[5.919s] Installing camera script to /home/mi/workplace/install/learning/lib/learning
[5.920s] Installing crash script to /home/mi/workplace/install/learning/lib/learning
[5.921s] Installing rgb script to /home/mi/workplace/install/learning/lib/learning
[5.921s] Installing stand script to /home/mi/workplace/install/learning/lib/learning
[5.922s] Installing track script to /home/mi/workplace/install/learning/lib/learning
[5.923s] Installing walktest script to /home/mi/workplace/install/learning/lib/learning
[5.927s] writing list of installed files to '/home/mi/workplace/build/learning/install.log'
[6.062s] Invoked command in '/home/mi/workplace/src/learning' returned '0': PYTHONPATH=/home/mi/workplace/install/learning/lib/python3.6/site-packages:${PYTHONPATH} /usr/bin/python3 setup.py egg_info --egg-base ../../build/learning build --build-base /home/mi/workplace/build/learning/build install --prefix /home/mi/workplace/install/learning --record /home/mi/workplace/build/learning/install.log --single-version-externally-managed
