[4.371s] Invoking command in '/home/mi/workplace/src/learning': PYTHONPATH=/home/mi/workplace/install/learning/lib/python3.6/site-packages:${PYTHONPATH} /usr/bin/python3 setup.py egg_info --egg-base ../../build/learning build --build-base /home/mi/workplace/build/learning/build install --prefix /home/mi/workplace/install/learning --record /home/mi/workplace/build/learning/install.log --single-version-externally-managed
[6.119s] running egg_info
[6.122s] writing ../../build/learning/learning.egg-info/PKG-INFO
[6.124s] writing dependency_links to ../../build/learning/learning.egg-info/dependency_links.txt
[6.129s] writing entry points to ../../build/learning/learning.egg-info/entry_points.txt
[6.129s] writing requirements to ../../build/learning/learning.egg-info/requires.txt
[6.130s] writing top-level names to ../../build/learning/learning.egg-info/top_level.txt
[6.146s] reading manifest file '../../build/learning/learning.egg-info/SOURCES.txt'
[6.155s] writing manifest file '../../build/learning/learning.egg-info/SOURCES.txt'
[6.156s] running build
[6.165s] running build_py
[6.166s] copying learning/get_loc.py -> /home/mi/workplace/build/learning/build/lib/learning
[6.166s] copying learning/data_receive.py -> /home/mi/workplace/build/learning/build/lib/learning
[6.174s] copying learning/move_x.py -> /home/mi/workplace/build/learning/build/lib/learning
[6.175s] copying learning/rgb_cam_suber.py -> /home/mi/workplace/build/learning/build/lib/learning
[6.176s] running install
[6.177s] /usr/local/lib/python3.6/dist-packages/setuptools/command/install.py:37: SetuptoolsDeprecationWarning: setup.py install is deprecated. Use build and pip and other standards-based tools.
[6.179s]   setuptools.SetuptoolsDeprecationWarning,
[6.179s] running install_lib
[6.180s] copying /home/mi/workplace/build/learning/build/lib/learning/get_loc.py -> /home/mi/workplace/install/learning/lib/python3.6/site-packages/learning
[6.183s] copying /home/mi/workplace/build/learning/build/lib/learning/data_receive.py -> /home/mi/workplace/install/learning/lib/python3.6/site-packages/learning
[6.186s] copying /home/mi/workplace/build/learning/build/lib/learning/move_x.py -> /home/mi/workplace/install/learning/lib/python3.6/site-packages/learning
[6.187s] copying /home/mi/workplace/build/learning/build/lib/learning/rgb_cam_suber.py -> /home/mi/workplace/install/learning/lib/python3.6/site-packages/learning
[6.188s] byte-compiling /home/mi/workplace/install/learning/lib/python3.6/site-packages/learning/get_loc.py to get_loc.cpython-36.pyc
[6.190s] byte-compiling /home/mi/workplace/install/learning/lib/python3.6/site-packages/learning/data_receive.py to data_receive.cpython-36.pyc
[6.191s] byte-compiling /home/mi/workplace/install/learning/lib/python3.6/site-packages/learning/move_x.py to move_x.cpython-36.pyc
[6.198s] byte-compiling /home/mi/workplace/install/learning/lib/python3.6/site-packages/learning/rgb_cam_suber.py to rgb_cam_suber.cpython-36.pyc
[6.201s] running install_data
[6.206s] running install_egg_info
[6.213s] removing '/home/mi/workplace/install/learning/lib/python3.6/site-packages/learning-0.0.0-py3.6.egg-info' (and everything under it)
[6.214s] Copying ../../build/learning/learning.egg-info to /home/mi/workplace/install/learning/lib/python3.6/site-packages/learning-0.0.0-py3.6.egg-info
[6.219s] running install_scripts
[6.315s] Installing camera script to /home/mi/workplace/install/learning/lib/learning
[6.316s] Installing crash script to /home/mi/workplace/install/learning/lib/learning
[6.317s] Installing data_receive script to /home/mi/workplace/install/learning/lib/learning
[6.318s] Installing get_data script to /home/mi/workplace/install/learning/lib/learning
[6.319s] Installing goal script to /home/mi/workplace/install/learning/lib/learning
[6.320s] Installing keeper script to /home/mi/workplace/install/learning/lib/learning
[6.321s] Installing main_node script to /home/mi/workplace/install/learning/lib/learning
[6.322s] Installing move_x script to /home/mi/workplace/install/learning/lib/learning
[6.322s] Installing rgb script to /home/mi/workplace/install/learning/lib/learning
[6.323s] Installing rotate script to /home/mi/workplace/install/learning/lib/learning
[6.324s] Installing rotate_until_center1 script to /home/mi/workplace/install/learning/lib/learning
[6.325s] Installing stand script to /home/mi/workplace/install/learning/lib/learning
[6.325s] Installing track script to /home/mi/workplace/install/learning/lib/learning
[6.326s] Installing walk_t_sec script to /home/mi/workplace/install/learning/lib/learning
[6.326s] Installing walktest script to /home/mi/workplace/install/learning/lib/learning
[6.330s] writing list of installed files to '/home/mi/workplace/build/learning/install.log'
[6.476s] Invoked command in '/home/mi/workplace/src/learning' returned '0': PYTHONPATH=/home/mi/workplace/install/learning/lib/python3.6/site-packages:${PYTHONPATH} /usr/bin/python3 setup.py egg_info --egg-base ../../build/learning build --build-base /home/mi/workplace/build/learning/build install --prefix /home/mi/workplace/install/learning --record /home/mi/workplace/build/learning/install.log --single-version-externally-managed
