2024-05-05 17:09:05.228 [info] (Client) Pylance async client (2024.4.1) started with python extension (2024.4.1)
2024-05-05 17:09:08.090 [info] [Info  - 5:09:08 PM] (13213) Pylance language server 2024.4.1 (pyright version 1.1.356, commit 6652c4a8) starting
2024-05-05 17:09:08.092 [info] [Info  - 5:09:08 PM] (13213) Server root directory: file:///home/mi/.vscode-server/extensions/ms-python.vscode-pylance-2024.4.1/dist
2024-05-05 17:09:08.103 [info] [Info  - 5:09:08 PM] (13213) Starting service instance "mi"
2024-05-05 17:09:08.422 [info] [Info  - 5:09:08 PM] (13213) Setting pythonPath for service "mi": "/home/mi/.venv/bin/python"
2024-05-05 17:09:08.423 [info] [Info  - 5:09:08 PM] (13213) Setting environmentName for service "mi": "3.6.9 (.venv venv)"
2024-05-05 17:09:08.608 [info] [Info  - 5:09:08 PM] (13213) Assuming Python version 3.6.9.final.0
2024-05-05 17:09:09.345 [info] [Info  - 5:09:09 PM] (13213) Found 60 source files
2024-05-05 17:09:11.315 [info] [Info  - 5:09:11 PM] (13213) Background analysis(1) root directory: file:///home/mi/.vscode-server/extensions/ms-python.vscode-pylance-2024.4.1/dist
2024-05-05 17:09:11.317 [info] [Info  - 5:09:11 PM] (13213) Background analysis(1) started
2024-05-05 17:09:12.691 [info] [Info  - 5:09:12 PM] (13213) Indexer background runner(2) root directory: file:///home/mi/.vscode-server/extensions/ms-python.vscode-pylance-2024.4.1/dist (index)
2024-05-05 17:09:12.693 [info] [Info  - 5:09:12 PM] (13213) Indexing(2) started
2024-05-05 17:09:17.111 [info] [Info  - 5:09:17 PM] (13213) [IDX(2)] Long operation: scan packages file:///home/mi (4380ms)
2024-05-05 17:09:17.113 [info] [Info  - 5:09:17 PM] (13213) scanned(2) 143 files over 1 exec env
2024-05-05 17:09:17.938 [info] [Info  - 5:09:17 PM] (13213) [BG(1)] Long operation: checking: file:///home/mi/workplace/src/learning/learning/track.py (4432ms)
2024-05-05 17:09:17.940 [info] [Info  - 5:09:17 PM] (13213) [BG(1)] Long operation: analyzing: file:///home/mi/workplace/src/learning/learning/track.py (6116ms)
2024-05-05 17:09:20.851 [info] [Info  - 5:09:20 PM] (13213) indexed(2) 14 files over 1 exec env
2024-05-05 17:09:21.040 [info] [Info  - 5:09:21 PM] (13213) Indexing finished(2).
2024-05-05 17:09:52.065 [info] [Info  - 5:09:52 PM] (13213) Setting pythonPath for service "mi": "/home/mi/.venv/bin/python"
2024-05-05 17:09:52.066 [info] [Info  - 5:09:52 PM] (13213) Setting environmentName for service "mi": "3.6.9 (.venv venv)"
2024-05-05 17:09:52.217 [info] [Info  - 5:09:52 PM] (13213) Assuming Python version 3.6.9.final.0
2024-05-05 17:09:52.741 [info] [Info  - 5:09:52 PM] (13213) Found 60 source files
2024-05-05 17:09:55.452 [info] [Info  - 5:09:55 PM] (13213) Indexer background runner(3) root directory: file:///home/mi/.vscode-server/extensions/ms-python.vscode-pylance-2024.4.1/dist (index)
2024-05-05 17:09:55.454 [info] [Info  - 5:09:55 PM] (13213) Indexing(3) started
2024-05-05 17:09:56.518 [info] [Info  - 5:09:56 PM] (13213) [BG(1)] Long operation: checking: file:///home/mi/workplace/src/learning/learning/track.py (2271ms)
2024-05-05 17:09:56.521 [info] [Info  - 5:09:56 PM] (13213) [BG(1)] Long operation: analyzing: file:///home/mi/workplace/src/learning/learning/track.py (3131ms)
2024-05-05 17:09:58.859 [info] [Info  - 5:09:58 PM] (13213) [IDX(3)] Long operation: scan packages file:///home/mi (2771ms)
2024-05-05 17:09:58.860 [info] [Info  - 5:09:58 PM] (13213) scanned(3) 143 files over 1 exec env
2024-05-05 17:10:01.983 [info] [Info  - 5:10:01 PM] (13213) indexed(3) 14 files over 1 exec env
2024-05-05 17:10:02.150 [info] [Info  - 5:10:02 PM] (13213) Indexing finished(3).
