/home/mi/workplace/install/lcm/lib/python3.6/site-packages/lcm/localization_lcmt.py
/home/mi/workplace/install/lcm/lib/python3.6/site-packages/lcm/teest.py
/home/mi/workplace/install/lcm/lib/python3.6/site-packages/lcm/test.py
/home/mi/workplace/install/lcm/lib/python3.6/site-packages/lcm/get_msg_from_lcm.py
/home/mi/workplace/install/lcm/lib/python3.6/site-packages/lcm/__init__.py
/home/mi/workplace/install/lcm/lib/python3.6/site-packages/lcm/__pycache__/localization_lcmt.cpython-36.pyc
/home/mi/workplace/install/lcm/lib/python3.6/site-packages/lcm/__pycache__/teest.cpython-36.pyc
/home/mi/workplace/install/lcm/lib/python3.6/site-packages/lcm/__pycache__/test.cpython-36.pyc
/home/mi/workplace/install/lcm/lib/python3.6/site-packages/lcm/__pycache__/get_msg_from_lcm.cpython-36.pyc
/home/mi/workplace/install/lcm/lib/python3.6/site-packages/lcm/__pycache__/__init__.cpython-36.pyc
/home/mi/workplace/install/lcm/share/ament_index/resource_index/packages/lcm
/home/mi/workplace/install/lcm/share/lcm/package.xml
/home/mi/workplace/install/lcm/lib/python3.6/site-packages/lcm-0.0.0-py3.6.egg-info/zip-safe
/home/mi/workplace/install/lcm/lib/python3.6/site-packages/lcm-0.0.0-py3.6.egg-info/requires.txt
/home/mi/workplace/install/lcm/lib/python3.6/site-packages/lcm-0.0.0-py3.6.egg-info/dependency_links.txt
/home/mi/workplace/install/lcm/lib/python3.6/site-packages/lcm-0.0.0-py3.6.egg-info/SOURCES.txt
/home/mi/workplace/install/lcm/lib/python3.6/site-packages/lcm-0.0.0-py3.6.egg-info/entry_points.txt
/home/mi/workplace/install/lcm/lib/python3.6/site-packages/lcm-0.0.0-py3.6.egg-info/top_level.txt
/home/mi/workplace/install/lcm/lib/python3.6/site-packages/lcm-0.0.0-py3.6.egg-info/PKG-INFO
/home/mi/workplace/install/lcm/lib/lcm/lcm_test
