[3.876s] Invoking command in '/home/mi/workplace/src/learning': PYTHONPATH=/home/mi/workplace/install/learning/lib/python3.6/site-packages:${PYTHONPATH} /usr/bin/python3 setup.py egg_info --egg-base ../../build/learning build --build-base /home/mi/workplace/build/learning/build install --prefix /home/mi/workplace/install/learning --record /home/mi/workplace/build/learning/install.log --single-version-externally-managed
[5.469s] running egg_info
[5.472s] writing ../../build/learning/learning.egg-info/PKG-INFO
[5.473s] writing dependency_links to ../../build/learning/learning.egg-info/dependency_links.txt
[5.474s] writing entry points to ../../build/learning/learning.egg-info/entry_points.txt
[5.477s] writing requirements to ../../build/learning/learning.egg-info/requires.txt
[5.477s] writing top-level names to ../../build/learning/learning.egg-info/top_level.txt
[5.492s] reading manifest file '../../build/learning/learning.egg-info/SOURCES.txt'
[5.501s] writing manifest file '../../build/learning/learning.egg-info/SOURCES.txt'
[5.502s] running build
[5.502s] running build_py
[5.506s] copying learning/move_node.py -> /home/mi/workplace/build/learning/build/lib/learning
[5.508s] copying learning/geometry.py -> /home/mi/workplace/build/learning/build/lib/learning
[5.510s] copying learning/constants.py -> /home/mi/workplace/build/learning/build/lib/learning
[5.514s] running install
[5.515s] /usr/local/lib/python3.6/dist-packages/setuptools/command/install.py:37: SetuptoolsDeprecationWarning: setup.py install is deprecated. Use build and pip and other standards-based tools.
[5.515s]   setuptools.SetuptoolsDeprecationWarning,
[5.517s] running install_lib
[5.522s] copying /home/mi/workplace/build/learning/build/lib/learning/move_node.py -> /home/mi/workplace/install/learning/lib/python3.6/site-packages/learning
[5.524s] copying /home/mi/workplace/build/learning/build/lib/learning/geometry.py -> /home/mi/workplace/install/learning/lib/python3.6/site-packages/learning
[5.525s] copying /home/mi/workplace/build/learning/build/lib/learning/constants.py -> /home/mi/workplace/install/learning/lib/python3.6/site-packages/learning
[5.529s] byte-compiling /home/mi/workplace/install/learning/lib/python3.6/site-packages/learning/move_node.py to move_node.cpython-36.pyc
[5.538s] byte-compiling /home/mi/workplace/install/learning/lib/python3.6/site-packages/learning/geometry.py to geometry.cpython-36.pyc
[5.543s] byte-compiling /home/mi/workplace/install/learning/lib/python3.6/site-packages/learning/constants.py to constants.cpython-36.pyc
[5.545s] running install_data
[5.547s] running install_egg_info
[5.555s] removing '/home/mi/workplace/install/learning/lib/python3.6/site-packages/learning-0.0.0-py3.6.egg-info' (and everything under it)
[5.557s] Copying ../../build/learning/learning.egg-info to /home/mi/workplace/install/learning/lib/python3.6/site-packages/learning-0.0.0-py3.6.egg-info
[5.562s] running install_scripts
[5.649s] Installing camera script to /home/mi/workplace/install/learning/lib/learning
[5.650s] Installing crash script to /home/mi/workplace/install/learning/lib/learning
[5.652s] Installing data_receive script to /home/mi/workplace/install/learning/lib/learning
[5.653s] Installing get_data script to /home/mi/workplace/install/learning/lib/learning
[5.653s] Installing goal script to /home/mi/workplace/install/learning/lib/learning
[5.654s] Installing keeper script to /home/mi/workplace/install/learning/lib/learning
[5.655s] Installing main script to /home/mi/workplace/install/learning/lib/learning
[5.656s] Installing move_x script to /home/mi/workplace/install/learning/lib/learning
[5.657s] Installing rgb script to /home/mi/workplace/install/learning/lib/learning
[5.659s] Installing rotate script to /home/mi/workplace/install/learning/lib/learning
[5.659s] Installing rotate_until_center1 script to /home/mi/workplace/install/learning/lib/learning
[5.661s] Installing sit script to /home/mi/workplace/install/learning/lib/learning
[5.661s] Installing stand script to /home/mi/workplace/install/learning/lib/learning
[5.663s] Installing test script to /home/mi/workplace/install/learning/lib/learning
[5.665s] Installing track script to /home/mi/workplace/install/learning/lib/learning
[5.666s] Installing walk_t_sec script to /home/mi/workplace/install/learning/lib/learning
[5.666s] Installing walktest script to /home/mi/workplace/install/learning/lib/learning
[5.672s] writing list of installed files to '/home/mi/workplace/build/learning/install.log'
[5.810s] Invoked command in '/home/mi/workplace/src/learning' returned '0': PYTHONPATH=/home/mi/workplace/install/learning/lib/python3.6/site-packages:${PYTHONPATH} /usr/bin/python3 setup.py egg_info --egg-base ../../build/learning build --build-base /home/mi/workplace/build/learning/build install --prefix /home/mi/workplace/install/learning --record /home/mi/workplace/build/learning/install.log --single-version-externally-managed
