[4.588s] Invoking command in '/home/mi/workplace/src/learning': PYTHONPATH=/home/mi/workplace/install/learning/lib/python3.6/site-packages:${PYTHONPATH} /usr/bin/python3 setup.py egg_info --egg-base ../../build/learning build --build-base /home/mi/workplace/build/learning/build install --prefix /home/mi/workplace/install/learning --record /home/mi/workplace/build/learning/install.log --single-version-externally-managed
[6.338s] running egg_info
[6.341s] writing ../../build/learning/learning.egg-info/PKG-INFO
[6.343s] writing dependency_links to ../../build/learning/learning.egg-info/dependency_links.txt
[6.344s] writing entry points to ../../build/learning/learning.egg-info/entry_points.txt
[6.345s] writing requirements to ../../build/learning/learning.egg-info/requires.txt
[6.347s] writing top-level names to ../../build/learning/learning.egg-info/top_level.txt
[6.363s] reading manifest file '../../build/learning/learning.egg-info/SOURCES.txt'
[6.370s] writing manifest file '../../build/learning/learning.egg-info/SOURCES.txt'
[6.370s] running build
[6.372s] running build_py
[6.373s] running install
[6.376s] /usr/local/lib/python3.6/dist-packages/setuptools/command/install.py:37: SetuptoolsDeprecationWarning: setup.py install is deprecated. Use build and pip and other standards-based tools.
[6.377s]   setuptools.SetuptoolsDeprecationWarning,
[6.377s] running install_lib
[6.385s] running install_data
[6.387s] running install_egg_info
[6.397s] removing '/home/mi/workplace/install/learning/lib/python3.6/site-packages/learning-0.0.0-py3.6.egg-info' (and everything under it)
[6.398s] Copying ../../build/learning/learning.egg-info to /home/mi/workplace/install/learning/lib/python3.6/site-packages/learning-0.0.0-py3.6.egg-info
[6.407s] running install_scripts
[6.508s] Installing camera script to /home/mi/workplace/install/learning/lib/learning
[6.509s] Installing rgb_cam_suber script to /home/mi/workplace/install/learning/lib/learning
[6.510s] Installing stand script to /home/mi/workplace/install/learning/lib/learning
[6.511s] Installing walktest script to /home/mi/workplace/install/learning/lib/learning
[6.511s] writing list of installed files to '/home/mi/workplace/build/learning/install.log'
[6.655s] Invoked command in '/home/mi/workplace/src/learning' returned '0': PYTHONPATH=/home/mi/workplace/install/learning/lib/python3.6/site-packages:${PYTHONPATH} /usr/bin/python3 setup.py egg_info --egg-base ../../build/learning build --build-base /home/mi/workplace/build/learning/build install --prefix /home/mi/workplace/install/learning --record /home/mi/workplace/build/learning/install.log --single-version-externally-managed
