2024-05-10 21:47:27.579 [info] Log level: Info
2024-05-10 21:47:27.579 [info] Validating found git in: "D:\app2\git\Git\cmd\git.exe"
2024-05-10 21:47:27.579 [info] Unable to find git on the PATH: "D:\app2\git\Git\cmd\git.exe". Error: spawn D:\app2\git\Git\cmd\git.exe ENOENT
2024-05-10 21:47:27.579 [info] Validating found git in: "git"
2024-05-10 21:47:27.579 [info] Using git "2.17.1" from "git"
2024-05-10 21:47:27.580 [info] > git rev-parse --show-toplevel [1331ms]
2024-05-10 21:47:27.580 [info] > git rev-parse --git-dir --git-common-dir [915ms]
2024-05-10 21:47:27.580 [info] Open repository: /home/mi
2024-05-10 21:47:27.580 [info] > git rev-parse --show-toplevel [256ms]
2024-05-10 21:47:27.580 [info] > git config --get commit.template [281ms]
2024-05-10 21:47:29.546 [info] > git rev-parse --show-toplevel [1925ms]
2024-05-10 21:47:29.708 [info] > git for-each-ref --format=%(refname)%00%(upstream:short)%00%(objectname)%00%(upstream:track)%00%(upstream:remotename)%00%(upstream:remoteref) refs/heads/main refs/remotes/main [292ms]
2024-05-10 21:47:29.756 [info] > git check-ignore -v -z --stdin [187ms]
2024-05-10 21:47:29.763 [info] > git rev-parse --show-toplevel [125ms]
2024-05-10 21:47:30.561 [info] > git rev-parse --show-toplevel [743ms]
2024-05-10 21:47:30.748 [info] > git rev-parse --show-toplevel [143ms]
2024-05-10 21:47:30.798 [info] > git rev-parse --show-toplevel [28ms]
2024-05-10 21:47:30.933 [info] > git rev-parse --show-toplevel [114ms]
2024-05-10 21:47:30.969 [info] > git rev-parse --show-toplevel [18ms]
2024-05-10 21:47:31.094 [info] > git rev-parse --show-toplevel [100ms]
2024-05-10 21:47:32.223 [info] > git status -z -uall [1639ms]
2024-05-10 21:47:32.225 [info] > git rev-parse --show-toplevel [1086ms]
2024-05-10 21:47:37.389 [info] > git merge-base refs/heads/main refs/remotes/origin/main [4884ms]
2024-05-10 21:47:37.456 [info] > git rev-list --count --left-right refs/heads/main...refs/remotes/origin/main [41ms]
2024-05-10 21:47:37.491 [info] > git config --get commit.template [260ms]
2024-05-10 21:47:37.492 [info] > git rev-parse --show-toplevel [285ms]
2024-05-10 21:47:37.900 [info] > git diff --name-status -z --diff-filter=ADMR 21626f168829463fbdb6bb865728de227f8f58f2...refs/remotes/origin/main [416ms]
2024-05-10 21:47:37.949 [info] > git rev-parse --show-toplevel [61ms]
2024-05-10 21:47:37.976 [info] > git for-each-ref --format=%(refname)%00%(upstream:short)%00%(objectname)%00%(upstream:track)%00%(upstream:remotename)%00%(upstream:remoteref) refs/heads/main refs/remotes/main [48ms]
2024-05-10 21:47:37.982 [info] > git rev-parse --show-toplevel [11ms]
2024-05-10 21:47:38.033 [info] > git rev-parse --show-toplevel [27ms]
2024-05-10 21:47:38.059 [info] > git rev-parse --show-toplevel [5ms]
2024-05-10 21:47:38.084 [info] > git rev-parse --show-toplevel [4ms]
2024-05-10 21:47:38.144 [info] > git rev-parse --show-toplevel [39ms]
2024-05-10 21:47:38.188 [info] > git rev-parse --show-toplevel [24ms]
2024-05-10 21:47:38.216 [info] > git rev-parse --show-toplevel [9ms]
2024-05-10 21:47:38.241 [info] > git rev-parse --show-toplevel [6ms]
2024-05-10 21:47:38.265 [info] > git rev-parse --show-toplevel [5ms]
2024-05-10 21:47:38.289 [info] > git rev-parse --show-toplevel [5ms]
2024-05-10 21:47:38.317 [info] > git rev-parse --show-toplevel [9ms]
2024-05-10 21:47:38.363 [info] > git rev-parse --show-toplevel [26ms]
2024-05-10 21:47:38.409 [info] > git rev-parse --show-toplevel [12ms]
2024-05-10 21:47:38.418 [info] > git status -z -uall [391ms]
2024-05-10 21:47:42.342 [info] > git rev-parse --show-toplevel [54ms]
2024-05-10 21:47:42.408 [info] > git rev-parse --show-toplevel [8ms]
2024-05-10 21:47:42.439 [info] > git rev-parse --show-toplevel [6ms]
2024-05-10 21:47:42.469 [info] > git rev-parse --show-toplevel [8ms]
2024-05-10 21:47:42.498 [info] > git rev-parse --show-toplevel [7ms]
2024-05-10 21:47:42.598 [info] > git show --textconv :README.md [43ms]
2024-05-10 21:47:42.614 [info] > git ls-files --stage -- /home/mi/README.md [35ms]
2024-05-10 21:47:42.648 [info] > git cat-file -s eb1a8f7603f5cf2e3532f8ae24200e8afda0630f [11ms]
2024-05-10 22:04:16.827 [info] > git check-ignore -v -z --stdin [21ms]
2024-05-10 22:07:09.678 [info] > git config --get commit.template [6ms]
2024-05-10 22:07:09.707 [info] > git for-each-ref --format=%(refname)%00%(upstream:short)%00%(objectname)%00%(upstream:track)%00%(upstream:remotename)%00%(upstream:remoteref) refs/heads/main refs/remotes/main [6ms]
2024-05-10 22:07:10.028 [info] > git status -z -uall [297ms]
2024-05-10 22:07:44.224 [info] > git config --get commit.template [5ms]
2024-05-10 22:07:44.252 [info] > git for-each-ref --format=%(refname)%00%(upstream:short)%00%(objectname)%00%(upstream:track)%00%(upstream:remotename)%00%(upstream:remoteref) refs/heads/main refs/remotes/main [5ms]
2024-05-10 22:07:44.556 [info] > git status -z -uall [280ms]
2024-05-10 22:09:50.495 [info] > git show --textconv :workplace/src/learning/learning/track.py [35ms]
2024-05-10 22:09:50.504 [info] > git ls-files --stage -- /home/mi/workplace/src/learning/learning/track.py [14ms]
2024-05-10 22:09:50.530 [info] > git cat-file -s f60747abe8d7a5eb5217f22bef3c88073fdec74a [3ms]
2024-05-10 22:09:50.640 [info] > git check-ignore -v -z --stdin [16ms]
2024-05-10 22:09:51.746 [info] > git show --textconv :workplace/src/learning/learning/move_x.py [31ms]
2024-05-10 22:09:51.757 [info] > git ls-files --stage -- /home/mi/workplace/src/learning/learning/move_x.py [15ms]
2024-05-10 22:09:51.781 [info] > git cat-file -s ce1ea152c6f840de9402267b4e62f606911418d8 [4ms]
2024-05-10 22:09:52.119 [info] > git check-ignore -v -z --stdin [27ms]
2024-05-10 22:16:36.373 [info] > git check-ignore -v -z --stdin [17ms]
2024-05-10 22:16:38.271 [info] > git check-ignore -v -z --stdin [38ms]
2024-05-10 22:16:39.528 [info] > git check-ignore -v -z --stdin [19ms]
2024-05-10 22:16:43.970 [info] > git check-ignore -v -z --stdin [18ms]
2024-05-10 22:16:45.334 [info] > git check-ignore -v -z --stdin [17ms]
2024-05-10 22:16:47.571 [info] > git show --textconv :workplace/install/learning/lib/python3.6/site-packages/learning/move_x.py [36ms]
2024-05-10 22:16:47.588 [info] > git ls-files --stage -- /home/mi/workplace/install/learning/lib/python3.6/site-packages/learning/move_x.py [21ms]
2024-05-10 22:16:47.612 [info] > git cat-file -s 3a6bacc7489e478a856bea7122fc2cacc73b8ccc [5ms]
2024-05-10 22:16:47.775 [info] > git check-ignore -v -z --stdin [14ms]
2024-05-10 22:17:08.084 [info] > git show --textconv :workplace/src/learning/learning/move_x.py [24ms]
2024-05-10 22:17:08.100 [info] > git ls-files --stage -- /home/mi/workplace/src/learning/learning/move_x.py [18ms]
2024-05-10 22:17:08.123 [info] > git cat-file -s ce1ea152c6f840de9402267b4e62f606911418d8 [5ms]
2024-05-10 22:17:09.986 [info] > git show --textconv :workplace/install/learning/lib/python3.6/site-packages/learning/move_x.py [28ms]
2024-05-10 22:17:09.995 [info] > git ls-files --stage -- /home/mi/workplace/install/learning/lib/python3.6/site-packages/learning/move_x.py [16ms]
2024-05-10 22:17:10.017 [info] > git cat-file -s 3a6bacc7489e478a856bea7122fc2cacc73b8ccc [5ms]
2024-05-10 22:17:10.360 [info] > git check-ignore -v -z --stdin [17ms]
2024-05-10 22:17:11.603 [info] > git show --textconv :workplace/src/learning/learning/move_x.py [35ms]
2024-05-10 22:17:11.615 [info] > git ls-files --stage -- /home/mi/workplace/src/learning/learning/move_x.py [17ms]
2024-05-10 22:17:11.643 [info] > git cat-file -s ce1ea152c6f840de9402267b4e62f606911418d8 [6ms]
2024-05-10 22:17:14.267 [info] > git show --textconv :workplace/install/learning/lib/python3.6/site-packages/learning/move_x.py [24ms]
2024-05-10 22:17:14.279 [info] > git ls-files --stage -- /home/mi/workplace/install/learning/lib/python3.6/site-packages/learning/move_x.py [15ms]
2024-05-10 22:17:14.307 [info] > git cat-file -s 3a6bacc7489e478a856bea7122fc2cacc73b8ccc [7ms]
2024-05-10 22:17:15.013 [info] > git show --textconv :workplace/src/learning/learning/move_x.py [36ms]
2024-05-10 22:17:15.025 [info] > git ls-files --stage -- /home/mi/workplace/src/learning/learning/move_x.py [14ms]
2024-05-10 22:17:15.049 [info] > git cat-file -s ce1ea152c6f840de9402267b4e62f606911418d8 [4ms]
2024-05-10 22:17:29.773 [info] > git show --textconv :workplace/install/learning/lib/python3.6/site-packages/learning/move_x.py [28ms]
2024-05-10 22:17:29.787 [info] > git ls-files --stage -- /home/mi/workplace/install/learning/lib/python3.6/site-packages/learning/move_x.py [16ms]
2024-05-10 22:17:29.810 [info] > git cat-file -s 3a6bacc7489e478a856bea7122fc2cacc73b8ccc [5ms]
2024-05-10 22:18:20.426 [info] > git show --textconv :workplace/src/learning/learning/move_x.py [36ms]
2024-05-10 22:18:20.436 [info] > git ls-files --stage -- /home/mi/workplace/src/learning/learning/move_x.py [13ms]
2024-05-10 22:18:20.462 [info] > git cat-file -s ce1ea152c6f840de9402267b4e62f606911418d8 [8ms]
2024-05-10 22:18:20.819 [info] > git show --textconv :workplace/install/learning/lib/python3.6/site-packages/learning/move_x.py [24ms]
2024-05-10 22:18:20.830 [info] > git ls-files --stage -- /home/mi/workplace/install/learning/lib/python3.6/site-packages/learning/move_x.py [13ms]
2024-05-10 22:18:20.858 [info] > git cat-file -s 3a6bacc7489e478a856bea7122fc2cacc73b8ccc [5ms]
2024-05-10 22:18:37.209 [info] > git show --textconv :workplace/src/learning/learning/move_x.py [25ms]
2024-05-10 22:18:37.220 [info] > git ls-files --stage -- /home/mi/workplace/src/learning/learning/move_x.py [15ms]
2024-05-10 22:18:37.246 [info] > git cat-file -s ce1ea152c6f840de9402267b4e62f606911418d8 [6ms]
2024-05-10 22:18:56.248 [info] > git show --textconv :workplace/install/learning/lib/python3.6/site-packages/learning/move_x.py [29ms]
2024-05-10 22:18:56.256 [info] > git ls-files --stage -- /home/mi/workplace/install/learning/lib/python3.6/site-packages/learning/move_x.py [14ms]
2024-05-10 22:18:56.288 [info] > git cat-file -s 3a6bacc7489e478a856bea7122fc2cacc73b8ccc [7ms]
2024-05-10 22:18:57.504 [info] > git show --textconv :workplace/src/learning/learning/move_x.py [26ms]
2024-05-10 22:18:57.518 [info] > git ls-files --stage -- /home/mi/workplace/src/learning/learning/move_x.py [15ms]
2024-05-10 22:18:57.543 [info] > git cat-file -s ce1ea152c6f840de9402267b4e62f606911418d8 [6ms]
2024-05-10 22:19:00.283 [info] > git show --textconv :workplace/install/learning/lib/python3.6/site-packages/learning/move_x.py [29ms]
2024-05-10 22:19:00.296 [info] > git ls-files --stage -- /home/mi/workplace/install/learning/lib/python3.6/site-packages/learning/move_x.py [15ms]
2024-05-10 22:19:00.325 [info] > git cat-file -s 3a6bacc7489e478a856bea7122fc2cacc73b8ccc [5ms]
2024-05-10 22:19:18.691 [info] > git show --textconv :workplace/src/learning/learning/move_x.py [29ms]
2024-05-10 22:19:18.704 [info] > git ls-files --stage -- /home/mi/workplace/src/learning/learning/move_x.py [16ms]
2024-05-10 22:19:18.726 [info] > git cat-file -s ce1ea152c6f840de9402267b4e62f606911418d8 [6ms]
2024-05-10 22:19:32.496 [info] > git show --textconv :workplace/install/learning/lib/python3.6/site-packages/learning/move_x.py [26ms]
2024-05-10 22:19:32.522 [info] > git ls-files --stage -- /home/mi/workplace/install/learning/lib/python3.6/site-packages/learning/move_x.py [30ms]
2024-05-10 22:19:32.549 [info] > git cat-file -s 3a6bacc7489e478a856bea7122fc2cacc73b8ccc [6ms]
2024-05-10 22:19:37.146 [info] > git show --textconv :workplace/src/learning/learning/move_x.py [28ms]
2024-05-10 22:19:37.159 [info] > git ls-files --stage -- /home/mi/workplace/src/learning/learning/move_x.py [16ms]
2024-05-10 22:19:37.180 [info] > git cat-file -s ce1ea152c6f840de9402267b4e62f606911418d8 [4ms]
2024-05-10 22:19:39.222 [info] > git show --textconv :workplace/install/learning/lib/python3.6/site-packages/learning/move_x.py [22ms]
2024-05-10 22:19:39.234 [info] > git ls-files --stage -- /home/mi/workplace/install/learning/lib/python3.6/site-packages/learning/move_x.py [15ms]
2024-05-10 22:19:39.258 [info] > git cat-file -s 3a6bacc7489e478a856bea7122fc2cacc73b8ccc [7ms]
2024-05-10 22:19:40.557 [info] > git show --textconv :workplace/src/learning/learning/move_x.py [34ms]
2024-05-10 22:19:40.571 [info] > git ls-files --stage -- /home/mi/workplace/src/learning/learning/move_x.py [25ms]
2024-05-10 22:19:40.599 [info] > git cat-file -s ce1ea152c6f840de9402267b4e62f606911418d8 [4ms]
2024-05-10 22:55:48.186 [info] > git show --textconv :workplace/install/learning/lib/python3.6/site-packages/learning/move_x.py [25ms]
2024-05-10 22:55:48.203 [info] > git ls-files --stage -- /home/mi/workplace/install/learning/lib/python3.6/site-packages/learning/move_x.py [19ms]
2024-05-10 22:55:48.228 [info] > git cat-file -s 3a6bacc7489e478a856bea7122fc2cacc73b8ccc [2ms]
2024-05-10 22:55:57.346 [info] > git show --textconv :workplace/src/learning/learning/move_x.py [23ms]
2024-05-10 22:55:57.358 [info] > git ls-files --stage -- /home/mi/workplace/src/learning/learning/move_x.py [14ms]
2024-05-10 22:55:57.383 [info] > git cat-file -s ce1ea152c6f840de9402267b4e62f606911418d8 [4ms]
2024-05-10 22:55:57.875 [info] > git show --textconv :workplace/install/learning/lib/python3.6/site-packages/learning/move_x.py [23ms]
2024-05-10 22:55:57.888 [info] > git ls-files --stage -- /home/mi/workplace/install/learning/lib/python3.6/site-packages/learning/move_x.py [15ms]
2024-05-10 22:55:57.912 [info] > git cat-file -s 3a6bacc7489e478a856bea7122fc2cacc73b8ccc [4ms]
2024-05-10 22:56:04.117 [info] > git show --textconv :workplace/src/learning/learning/move_x.py [26ms]
2024-05-10 22:56:04.131 [info] > git ls-files --stage -- /home/mi/workplace/src/learning/learning/move_x.py [17ms]
2024-05-10 22:56:04.154 [info] > git cat-file -s ce1ea152c6f840de9402267b4e62f606911418d8 [4ms]
2024-05-10 22:56:44.896 [info] > git show --textconv :workplace/install/learning/lib/python3.6/site-packages/learning/move_x.py [34ms]
2024-05-10 22:56:44.907 [info] > git ls-files --stage -- /home/mi/workplace/install/learning/lib/python3.6/site-packages/learning/move_x.py [15ms]
2024-05-10 22:56:44.929 [info] > git cat-file -s 3a6bacc7489e478a856bea7122fc2cacc73b8ccc [4ms]
2024-05-10 22:56:45.511 [info] > git show --textconv :workplace/src/learning/learning/move_x.py [33ms]
2024-05-10 22:56:45.528 [info] > git ls-files --stage -- /home/mi/workplace/src/learning/learning/move_x.py [22ms]
2024-05-10 22:56:45.577 [info] > git cat-file -s ce1ea152c6f840de9402267b4e62f606911418d8 [7ms]
2024-05-10 22:56:49.694 [info] > git show --textconv :workplace/install/learning/lib/python3.6/site-packages/learning/move_x.py [36ms]
2024-05-10 22:56:49.710 [info] > git ls-files --stage -- /home/mi/workplace/install/learning/lib/python3.6/site-packages/learning/move_x.py [18ms]
2024-05-10 22:56:49.737 [info] > git cat-file -s 3a6bacc7489e478a856bea7122fc2cacc73b8ccc [4ms]
2024-05-10 22:56:56.779 [info] > git show --textconv :workplace/src/learning/learning/move_x.py [29ms]
2024-05-10 22:56:56.790 [info] > git ls-files --stage -- /home/mi/workplace/src/learning/learning/move_x.py [14ms]
2024-05-10 22:56:56.816 [info] > git cat-file -s ce1ea152c6f840de9402267b4e62f606911418d8 [5ms]
2024-05-10 22:56:59.730 [info] > git show --textconv :workplace/install/learning/lib/python3.6/site-packages/learning/move_x.py [23ms]
2024-05-10 22:56:59.743 [info] > git ls-files --stage -- /home/mi/workplace/install/learning/lib/python3.6/site-packages/learning/move_x.py [15ms]
2024-05-10 22:56:59.766 [info] > git cat-file -s 3a6bacc7489e478a856bea7122fc2cacc73b8ccc [4ms]
2024-05-10 22:57:16.935 [info] > git show --textconv :workplace/src/learning/learning/keeper.py [30ms]
2024-05-10 22:57:16.948 [info] > git ls-files --stage -- /home/mi/workplace/src/learning/learning/keeper.py [16ms]
2024-05-10 22:57:16.977 [info] > git cat-file -s e75319f133867d0692c03d9adaa19d897d9218cf [9ms]
2024-05-10 22:57:20.185 [info] > git show --textconv :workplace/src/learning/learning/move_x.py [36ms]
2024-05-10 22:57:20.192 [info] > git ls-files --stage -- /home/mi/workplace/src/learning/learning/move_x.py [17ms]
2024-05-10 22:57:20.225 [info] > git cat-file -s ce1ea152c6f840de9402267b4e62f606911418d8 [7ms]
2024-05-10 23:00:45.489 [info] > git show --textconv :workplace/install/learning/lib/python3.6/site-packages/learning/move_x.py [24ms]
2024-05-10 23:00:45.500 [info] > git ls-files --stage -- /home/mi/workplace/install/learning/lib/python3.6/site-packages/learning/move_x.py [14ms]
2024-05-10 23:00:45.525 [info] > git cat-file -s 3a6bacc7489e478a856bea7122fc2cacc73b8ccc [5ms]
2024-05-10 23:00:48.561 [info] > git show --textconv :workplace/src/learning/learning/move_x.py [27ms]
2024-05-10 23:00:48.571 [info] > git ls-files --stage -- /home/mi/workplace/src/learning/learning/move_x.py [12ms]
2024-05-10 23:00:48.596 [info] > git cat-file -s ce1ea152c6f840de9402267b4e62f606911418d8 [7ms]
2024-05-10 23:00:50.585 [info] > git show --textconv :workplace/install/learning/lib/python3.6/site-packages/learning/move_x.py [24ms]
2024-05-10 23:00:50.603 [info] > git ls-files --stage -- /home/mi/workplace/install/learning/lib/python3.6/site-packages/learning/move_x.py [20ms]
2024-05-10 23:00:50.626 [info] > git cat-file -s 3a6bacc7489e478a856bea7122fc2cacc73b8ccc [4ms]
2024-05-10 23:00:55.158 [info] > git show --textconv :workplace/src/learning/setup.py [29ms]
2024-05-10 23:00:55.171 [info] > git ls-files --stage -- /home/mi/workplace/src/learning/setup.py [16ms]
2024-05-10 23:00:55.194 [info] > git cat-file -s 2064cf4f9a1bcc987c076d555df4f3e78eeea6af [3ms]
2024-05-10 23:00:56.810 [info] > git show --textconv :workplace/src/learning/learning/move_x.py [27ms]
2024-05-10 23:00:56.820 [info] > git ls-files --stage -- /home/mi/workplace/src/learning/learning/move_x.py [11ms]
2024-05-10 23:00:56.843 [info] > git cat-file -s ce1ea152c6f840de9402267b4e62f606911418d8 [4ms]
2024-05-10 23:04:07.331 [info] > git show --textconv :workplace/install/learning/lib/python3.6/site-packages/learning/move_x.py [21ms]
2024-05-10 23:04:07.343 [info] > git ls-files --stage -- /home/mi/workplace/install/learning/lib/python3.6/site-packages/learning/move_x.py [14ms]
2024-05-10 23:04:07.378 [info] > git cat-file -s 3a6bacc7489e478a856bea7122fc2cacc73b8ccc [9ms]
2024-05-10 23:04:12.034 [info] > git show --textconv :workplace/src/learning/learning/move_x.py [21ms]
2024-05-10 23:04:12.046 [info] > git ls-files --stage -- /home/mi/workplace/src/learning/learning/move_x.py [14ms]
2024-05-10 23:04:12.071 [info] > git cat-file -s ce1ea152c6f840de9402267b4e62f606911418d8 [5ms]
2024-05-10 23:05:44.202 [info] > git show --textconv :workplace/install/learning/lib/python3.6/site-packages/learning/move_x.py [56ms]
2024-05-10 23:05:44.206 [info] > git ls-files --stage -- /home/mi/workplace/install/learning/lib/python3.6/site-packages/learning/move_x.py [11ms]
2024-05-10 23:05:44.238 [info] > git cat-file -s 3a6bacc7489e478a856bea7122fc2cacc73b8ccc [6ms]
2024-05-10 23:05:46.653 [info] > git show --textconv :workplace/src/learning/learning/move_x.py [36ms]
2024-05-10 23:05:46.659 [info] > git ls-files --stage -- /home/mi/workplace/src/learning/learning/move_x.py [8ms]
2024-05-10 23:05:46.685 [info] > git cat-file -s ce1ea152c6f840de9402267b4e62f606911418d8 [5ms]
2024-05-10 23:06:44.399 [info] > git show --textconv :workplace/install/learning/lib/python3.6/site-packages/learning/move_x.py [30ms]
2024-05-10 23:06:44.410 [info] > git ls-files --stage -- /home/mi/workplace/install/learning/lib/python3.6/site-packages/learning/move_x.py [18ms]
2024-05-10 23:06:44.439 [info] > git cat-file -s 3a6bacc7489e478a856bea7122fc2cacc73b8ccc [5ms]
2024-05-10 23:06:47.585 [info] > git show --textconv :workplace/src/learning/learning/move_x.py [27ms]
2024-05-10 23:06:47.603 [info] > git ls-files --stage -- /home/mi/workplace/src/learning/learning/move_x.py [24ms]
2024-05-10 23:06:47.632 [info] > git cat-file -s ce1ea152c6f840de9402267b4e62f606911418d8 [6ms]
2024-05-10 23:10:04.913 [info] > git show --textconv :workplace/install/learning/lib/python3.6/site-packages/learning/move_x.py [23ms]
2024-05-10 23:10:04.924 [info] > git ls-files --stage -- /home/mi/workplace/install/learning/lib/python3.6/site-packages/learning/move_x.py [14ms]
2024-05-10 23:10:04.948 [info] > git cat-file -s 3a6bacc7489e478a856bea7122fc2cacc73b8ccc [6ms]
2024-05-10 23:12:23.860 [info] > git show --textconv :workplace/src/learning/learning/move_x.py [34ms]
2024-05-10 23:12:23.870 [info] > git ls-files --stage -- /home/mi/workplace/src/learning/learning/move_x.py [13ms]
2024-05-10 23:12:23.894 [info] > git cat-file -s ce1ea152c6f840de9402267b4e62f606911418d8 [5ms]
2024-05-10 23:18:23.158 [info] > git show --textconv :workplace/install/learning/lib/python3.6/site-packages/learning/move_x.py [24ms]
2024-05-10 23:18:23.173 [info] > git ls-files --stage -- /home/mi/workplace/install/learning/lib/python3.6/site-packages/learning/move_x.py [17ms]
2024-05-10 23:18:23.196 [info] > git cat-file -s 3a6bacc7489e478a856bea7122fc2cacc73b8ccc [3ms]
2024-05-10 23:24:07.188 [info] > git show --textconv :workplace/src/learning/learning/move_x.py [25ms]
2024-05-10 23:24:07.199 [info] > git ls-files --stage -- /home/mi/workplace/src/learning/learning/move_x.py [13ms]
2024-05-10 23:24:07.220 [info] > git cat-file -s ce1ea152c6f840de9402267b4e62f606911418d8 [4ms]
2024-05-10 23:26:27.294 [info] > git show --textconv :workplace/install/learning/lib/python3.6/site-packages/learning/move_x.py [23ms]
2024-05-10 23:26:27.308 [info] > git ls-files --stage -- /home/mi/workplace/install/learning/lib/python3.6/site-packages/learning/move_x.py [18ms]
2024-05-10 23:26:27.331 [info] > git cat-file -s 3a6bacc7489e478a856bea7122fc2cacc73b8ccc [4ms]
2024-05-10 23:26:29.855 [info] > git show --textconv :workplace/src/learning/learning/move_x.py [22ms]
2024-05-10 23:26:29.869 [info] > git ls-files --stage -- /home/mi/workplace/src/learning/learning/move_x.py [17ms]
2024-05-10 23:26:29.891 [info] > git cat-file -s ce1ea152c6f840de9402267b4e62f606911418d8 [4ms]
2024-05-10 23:34:16.359 [info] > git ls-files --stage -- /home/mi/workplace/install/learning/lib/python3.6/site-packages/learning/move_x.py [14ms]
2024-05-10 23:34:16.381 [info] > git show --textconv :workplace/install/learning/lib/python3.6/site-packages/learning/move_x.py [60ms]
2024-05-10 23:34:16.388 [info] > git cat-file -s 3a6bacc7489e478a856bea7122fc2cacc73b8ccc [9ms]
2024-05-10 23:34:18.937 [info] > git show --textconv :workplace/src/learning/learning/move_x.py [24ms]
2024-05-10 23:34:18.946 [info] > git ls-files --stage -- /home/mi/workplace/src/learning/learning/move_x.py [15ms]
2024-05-10 23:34:18.972 [info] > git cat-file -s ce1ea152c6f840de9402267b4e62f606911418d8 [5ms]
2024-05-10 23:36:24.966 [info] > git show --textconv :workplace/install/learning/lib/python3.6/site-packages/learning/move_x.py [23ms]
2024-05-10 23:36:24.980 [info] > git ls-files --stage -- /home/mi/workplace/install/learning/lib/python3.6/site-packages/learning/move_x.py [15ms]
2024-05-10 23:36:25.001 [info] > git cat-file -s 3a6bacc7489e478a856bea7122fc2cacc73b8ccc [4ms]
2024-05-10 23:36:34.318 [info] > git show --textconv :workplace/src/learning/learning/move_x.py [30ms]
2024-05-10 23:36:34.331 [info] > git ls-files --stage -- /home/mi/workplace/src/learning/learning/move_x.py [15ms]
2024-05-10 23:36:34.359 [info] > git cat-file -s ce1ea152c6f840de9402267b4e62f606911418d8 [3ms]
2024-05-10 23:41:07.875 [info] > git show --textconv :workplace/install/learning/lib/python3.6/site-packages/learning/move_x.py [29ms]
2024-05-10 23:41:07.889 [info] > git ls-files --stage -- /home/mi/workplace/install/learning/lib/python3.6/site-packages/learning/move_x.py [16ms]
2024-05-10 23:41:07.912 [info] > git cat-file -s 3a6bacc7489e478a856bea7122fc2cacc73b8ccc [4ms]
2024-05-10 23:41:21.643 [info] > git show --textconv :workplace/src/learning/learning/move_x.py [31ms]
2024-05-10 23:41:21.656 [info] > git ls-files --stage -- /home/mi/workplace/src/learning/learning/move_x.py [15ms]
2024-05-10 23:41:21.678 [info] > git cat-file -s ce1ea152c6f840de9402267b4e62f606911418d8 [5ms]
2024-05-10 23:59:38.072 [info] > git show --textconv :workplace/install/learning/lib/python3.6/site-packages/learning/move_x.py [24ms]
2024-05-10 23:59:38.083 [info] > git ls-files --stage -- /home/mi/workplace/install/learning/lib/python3.6/site-packages/learning/move_x.py [14ms]
2024-05-10 23:59:38.106 [info] > git cat-file -s 3a6bacc7489e478a856bea7122fc2cacc73b8ccc [4ms]
2024-05-10 23:59:44.797 [info] > git show --textconv :workplace/src/learning/learning/move_x.py [27ms]
2024-05-10 23:59:44.805 [info] > git ls-files --stage -- /home/mi/workplace/src/learning/learning/move_x.py [10ms]
2024-05-10 23:59:44.830 [info] > git cat-file -s ce1ea152c6f840de9402267b4e62f606911418d8 [3ms]
2024-05-10 23:59:47.099 [info] > git show --textconv :workplace/install/learning/lib/python3.6/site-packages/learning/move_x.py [27ms]
2024-05-10 23:59:47.111 [info] > git ls-files --stage -- /home/mi/workplace/install/learning/lib/python3.6/site-packages/learning/move_x.py [15ms]
2024-05-10 23:59:47.134 [info] > git cat-file -s 3a6bacc7489e478a856bea7122fc2cacc73b8ccc [4ms]
2024-05-11 00:01:22.603 [info] > git show --textconv :workplace/src/learning/learning/move_x.py [27ms]
2024-05-11 00:01:22.618 [info] > git ls-files --stage -- /home/mi/workplace/src/learning/learning/move_x.py [20ms]
2024-05-11 00:01:22.642 [info] > git cat-file -s ce1ea152c6f840de9402267b4e62f606911418d8 [5ms]
2024-05-11 00:07:11.859 [info] > git ls-files --stage -- /home/mi/workplace/src/learning/learning/move_x.py [13ms]
2024-05-11 00:07:11.882 [info] > git cat-file -s ce1ea152c6f840de9402267b4e62f606911418d8 [3ms]
2024-05-11 00:07:11.931 [info] > git show --textconv :workplace/src/learning/learning/move_x.py [15ms]
2024-05-11 00:08:47.971 [info] > git config --get commit.template [6ms]
2024-05-11 00:08:47.998 [info] > git for-each-ref --format=%(refname)%00%(upstream:short)%00%(objectname)%00%(upstream:track)%00%(upstream:remotename)%00%(upstream:remoteref) refs/heads/main refs/remotes/main [7ms]
2024-05-11 00:08:48.326 [info] > git status -z -uall [302ms]
2024-05-11 00:08:53.812 [info] > git config --get commit.template [28ms]
2024-05-11 00:08:53.816 [info] > git for-each-ref --format=%(refname)%00%(upstream:short)%00%(objectname)%00%(upstream:track)%00%(upstream:remotename)%00%(upstream:remoteref) refs/heads/main refs/remotes/main [11ms]
2024-05-11 00:08:54.102 [info] > git status -z -uall [259ms]
2024-05-11 00:08:58.267 [info] > git ls-files --stage -- /home/mi/workplace/src/learning/learning/move_x.py [13ms]
2024-05-11 00:08:58.295 [info] > git cat-file -s ce1ea152c6f840de9402267b4e62f606911418d8 [4ms]
2024-05-11 00:08:58.354 [info] > git show --textconv :workplace/src/learning/learning/move_x.py [13ms]
2024-05-11 00:09:03.616 [info] > git ls-files --stage -- /home/mi/workplace/src/learning/learning/move_x.py [13ms]
2024-05-11 00:09:03.643 [info] > git cat-file -s ce1ea152c6f840de9402267b4e62f606911418d8 [4ms]
2024-05-11 00:09:03.712 [info] > git show --textconv :workplace/src/learning/learning/move_x.py [15ms]
2024-05-11 00:09:51.776 [info] > git ls-files --stage -- /home/mi/workplace/src/learning/learning/move_x.py [12ms]
2024-05-11 00:09:51.800 [info] > git cat-file -s f2676a261e6c7eb0519912f3173d348e5cbdf09b [5ms]
2024-05-11 00:09:51.857 [info] > git show --textconv :workplace/src/learning/learning/move_x.py [17ms]
2024-05-11 00:10:04.101 [info] > git ls-files --stage -- /home/mi/workplace/src/learning/learning/move_x.py [14ms]
2024-05-11 00:10:04.127 [info] > git cat-file -s f2676a261e6c7eb0519912f3173d348e5cbdf09b [3ms]
2024-05-11 00:10:04.190 [info] > git show --textconv :workplace/src/learning/learning/move_x.py [16ms]
2024-05-11 00:10:16.521 [info] > git ls-files --stage -- /home/mi/workplace/src/learning/learning/move_x.py [17ms]
2024-05-11 00:10:16.546 [info] > git cat-file -s f2676a261e6c7eb0519912f3173d348e5cbdf09b [4ms]
2024-05-11 00:10:16.629 [info] > git show --textconv :workplace/src/learning/learning/move_x.py [16ms]
2024-05-11 00:10:25.867 [info] > git ls-files --stage -- /home/mi/workplace/src/learning/learning/move_x.py [12ms]
2024-05-11 00:10:25.892 [info] > git cat-file -s f2676a261e6c7eb0519912f3173d348e5cbdf09b [5ms]
2024-05-11 00:10:25.943 [info] > git show --textconv :workplace/src/learning/learning/move_x.py [14ms]
2024-05-11 00:10:47.052 [info] > git ls-files --stage -- /home/mi/workplace/src/learning/learning/move_x.py [15ms]
2024-05-11 00:10:47.076 [info] > git cat-file -s f2676a261e6c7eb0519912f3173d348e5cbdf09b [3ms]
2024-05-11 00:10:47.143 [info] > git show --textconv :workplace/src/learning/learning/move_x.py [15ms]
