[4.514s] Invoking command in '/home/mi/workplace/src/learning': PYTHONPATH=/home/mi/workplace/install/learning/lib/python3.6/site-packages:${PYTHONPATH} /usr/bin/python3 setup.py egg_info --egg-base ../../build/learning build --build-base /home/mi/workplace/build/learning/build install --prefix /home/mi/workplace/install/learning --record /home/mi/workplace/build/learning/install.log --single-version-externally-managed
[6.234s] running egg_info
[6.238s] writing ../../build/learning/learning.egg-info/PKG-INFO
[6.241s] writing dependency_links to ../../build/learning/learning.egg-info/dependency_links.txt
[6.243s] writing entry points to ../../build/learning/learning.egg-info/entry_points.txt
[6.244s] writing requirements to ../../build/learning/learning.egg-info/requires.txt
[6.245s] writing top-level names to ../../build/learning/learning.egg-info/top_level.txt
[6.268s] reading manifest file '../../build/learning/learning.egg-info/SOURCES.txt'
[6.276s] writing manifest file '../../build/learning/learning.egg-info/SOURCES.txt'
[6.277s] running build
[6.278s] running build_py
[6.279s] copying learning/track.py -> /home/mi/workplace/build/learning/build/lib/learning
[6.281s] running install
[6.288s] /usr/local/lib/python3.6/dist-packages/setuptools/command/install.py:37: SetuptoolsDeprecationWarning: setup.py install is deprecated. Use build and pip and other standards-based tools.
[6.290s]   setuptools.SetuptoolsDeprecationWarning,
[6.291s] running install_lib
[6.291s] copying /home/mi/workplace/build/learning/build/lib/learning/track.py -> /home/mi/workplace/install/learning/lib/python3.6/site-packages/learning
[6.297s] byte-compiling /home/mi/workplace/install/learning/lib/python3.6/site-packages/learning/track.py to track.cpython-36.pyc
[6.301s] running install_data
[6.305s] running install_egg_info
[6.315s] removing '/home/mi/workplace/install/learning/lib/python3.6/site-packages/learning-0.0.0-py3.6.egg-info' (and everything under it)
[6.318s] Copying ../../build/learning/learning.egg-info to /home/mi/workplace/install/learning/lib/python3.6/site-packages/learning-0.0.0-py3.6.egg-info
[6.325s] running install_scripts
[6.444s] Installing camera script to /home/mi/workplace/install/learning/lib/learning
[6.445s] Installing rgb script to /home/mi/workplace/install/learning/lib/learning
[6.446s] Installing stand script to /home/mi/workplace/install/learning/lib/learning
[6.447s] Installing track script to /home/mi/workplace/install/learning/lib/learning
[6.447s] Installing walktest script to /home/mi/workplace/install/learning/lib/learning
[6.451s] writing list of installed files to '/home/mi/workplace/build/learning/install.log'
[6.605s] Invoked command in '/home/mi/workplace/src/learning' returned '0': PYTHONPATH=/home/mi/workplace/install/learning/lib/python3.6/site-packages:${PYTHONPATH} /usr/bin/python3 setup.py egg_info --egg-base ../../build/learning build --build-base /home/mi/workplace/build/learning/build install --prefix /home/mi/workplace/install/learning --record /home/mi/workplace/build/learning/install.log --single-version-externally-managed
