[4.362s] Invoking command in '/home/mi/workplace/src/learning': PYTHONPATH=/home/mi/workplace/install/learning/lib/python3.6/site-packages:${PYTHONPATH} /usr/bin/python3 setup.py egg_info --egg-base ../../build/learning build --build-base /home/mi/workplace/build/learning/build install --prefix /home/mi/workplace/install/learning --record /home/mi/workplace/build/learning/install.log --single-version-externally-managed
[6.176s] running egg_info
[6.181s] writing ../../build/learning/learning.egg-info/PKG-INFO
[6.181s] writing dependency_links to ../../build/learning/learning.egg-info/dependency_links.txt
[6.187s] writing entry points to ../../build/learning/learning.egg-info/entry_points.txt
[6.187s] writing requirements to ../../build/learning/learning.egg-info/requires.txt
[6.188s] writing top-level names to ../../build/learning/learning.egg-info/top_level.txt
[6.201s] reading manifest file '../../build/learning/learning.egg-info/SOURCES.txt'
[6.211s] writing manifest file '../../build/learning/learning.egg-info/SOURCES.txt'
[6.212s] running build
[6.213s] running build_py
[6.218s] copying learning/get_data.py -> /home/mi/workplace/build/learning/build/lib/learning
[6.222s] running install
[6.224s] /usr/local/lib/python3.6/dist-packages/setuptools/command/install.py:37: SetuptoolsDeprecationWarning: setup.py install is deprecated. Use build and pip and other standards-based tools.
[6.225s]   setuptools.SetuptoolsDeprecationWarning,
[6.225s] running install_lib
[6.235s] copying /home/mi/workplace/build/learning/build/lib/learning/get_data.py -> /home/mi/workplace/install/learning/lib/python3.6/site-packages/learning
[6.239s] byte-compiling /home/mi/workplace/install/learning/lib/python3.6/site-packages/learning/get_data.py to get_data.cpython-36.pyc
[6.243s] running install_data
[6.247s] running install_egg_info
[6.254s] removing '/home/mi/workplace/install/learning/lib/python3.6/site-packages/learning-0.0.0-py3.6.egg-info' (and everything under it)
[6.255s] Copying ../../build/learning/learning.egg-info to /home/mi/workplace/install/learning/lib/python3.6/site-packages/learning-0.0.0-py3.6.egg-info
[6.260s] running install_scripts
[6.361s] Installing camera script to /home/mi/workplace/install/learning/lib/learning
[6.366s] Installing crash script to /home/mi/workplace/install/learning/lib/learning
[6.368s] Installing data_receive script to /home/mi/workplace/install/learning/lib/learning
[6.368s] Installing get_data script to /home/mi/workplace/install/learning/lib/learning
[6.369s] Installing goal script to /home/mi/workplace/install/learning/lib/learning
[6.370s] Installing keeper script to /home/mi/workplace/install/learning/lib/learning
[6.371s] Installing main script to /home/mi/workplace/install/learning/lib/learning
[6.374s] Installing move_x script to /home/mi/workplace/install/learning/lib/learning
[6.376s] Installing rgb script to /home/mi/workplace/install/learning/lib/learning
[6.377s] Installing rotate script to /home/mi/workplace/install/learning/lib/learning
[6.379s] Installing rotate_until_center1 script to /home/mi/workplace/install/learning/lib/learning
[6.382s] Installing sit script to /home/mi/workplace/install/learning/lib/learning
[6.382s] Installing stand script to /home/mi/workplace/install/learning/lib/learning
[6.383s] Installing track script to /home/mi/workplace/install/learning/lib/learning
[6.384s] Installing walk_t_sec script to /home/mi/workplace/install/learning/lib/learning
[6.384s] Installing walktest script to /home/mi/workplace/install/learning/lib/learning
[6.385s] writing list of installed files to '/home/mi/workplace/build/learning/install.log'
[6.500s] Invoked command in '/home/mi/workplace/src/learning' returned '0': PYTHONPATH=/home/mi/workplace/install/learning/lib/python3.6/site-packages:${PYTHONPATH} /usr/bin/python3 setup.py egg_info --egg-base ../../build/learning build --build-base /home/mi/workplace/build/learning/build install --prefix /home/mi/workplace/install/learning --record /home/mi/workplace/build/learning/install.log --single-version-externally-managed
