[4.261s] Invoking command in '/home/mi/workplace/src/learning': PYTHONPATH=/home/mi/workplace/install/learning/lib/python3.6/site-packages:${PYTHONPATH} /usr/bin/python3 setup.py egg_info --egg-base ../../build/learning build --build-base /home/mi/workplace/build/learning/build install --prefix /home/mi/workplace/install/learning --record /home/mi/workplace/build/learning/install.log --single-version-externally-managed
[5.978s] running egg_info
[5.982s] writing ../../build/learning/learning.egg-info/PKG-INFO
[5.984s] writing dependency_links to ../../build/learning/learning.egg-info/dependency_links.txt
[5.985s] writing entry points to ../../build/learning/learning.egg-info/entry_points.txt
[5.986s] writing requirements to ../../build/learning/learning.egg-info/requires.txt
[5.987s] writing top-level names to ../../build/learning/learning.egg-info/top_level.txt
[6.003s] reading manifest file '../../build/learning/learning.egg-info/SOURCES.txt'
[6.011s] writing manifest file '../../build/learning/learning.egg-info/SOURCES.txt'
[6.011s] running build
[6.012s] running build_py
[6.017s] copying learning/get_data.py -> /home/mi/workplace/build/learning/build/lib/learning
[6.019s] running install
[6.022s] /usr/local/lib/python3.6/dist-packages/setuptools/command/install.py:37: SetuptoolsDeprecationWarning: setup.py install is deprecated. Use build and pip and other standards-based tools.
[6.023s]   setuptools.SetuptoolsDeprecationWarning,
[6.023s] running install_lib
[6.027s] copying /home/mi/workplace/build/learning/build/lib/learning/get_data.py -> /home/mi/workplace/install/learning/lib/python3.6/site-packages/learning
[6.032s] byte-compiling /home/mi/workplace/install/learning/lib/python3.6/site-packages/learning/get_data.py to get_data.cpython-36.pyc
[6.036s] running install_data
[6.040s] running install_egg_info
[6.050s] removing '/home/mi/workplace/install/learning/lib/python3.6/site-packages/learning-0.0.0-py3.6.egg-info' (and everything under it)
[6.054s] Copying ../../build/learning/learning.egg-info to /home/mi/workplace/install/learning/lib/python3.6/site-packages/learning-0.0.0-py3.6.egg-info
[6.060s] running install_scripts
[6.182s] Installing camera script to /home/mi/workplace/install/learning/lib/learning
[6.188s] Installing crash script to /home/mi/workplace/install/learning/lib/learning
[6.189s] Installing data_receive script to /home/mi/workplace/install/learning/lib/learning
[6.190s] Installing get_data script to /home/mi/workplace/install/learning/lib/learning
[6.191s] Installing goal script to /home/mi/workplace/install/learning/lib/learning
[6.192s] Installing rgb script to /home/mi/workplace/install/learning/lib/learning
[6.192s] Installing rotate script to /home/mi/workplace/install/learning/lib/learning
[6.193s] Installing rotate_until_center1 script to /home/mi/workplace/install/learning/lib/learning
[6.193s] Installing stand script to /home/mi/workplace/install/learning/lib/learning
[6.194s] Installing track script to /home/mi/workplace/install/learning/lib/learning
[6.195s] Installing walk_t_sec script to /home/mi/workplace/install/learning/lib/learning
[6.195s] Installing walktest script to /home/mi/workplace/install/learning/lib/learning
[6.196s] writing list of installed files to '/home/mi/workplace/build/learning/install.log'
[6.314s] Invoked command in '/home/mi/workplace/src/learning' returned '0': PYTHONPATH=/home/mi/workplace/install/learning/lib/python3.6/site-packages:${PYTHONPATH} /usr/bin/python3 setup.py egg_info --egg-base ../../build/learning build --build-base /home/mi/workplace/build/learning/build install --prefix /home/mi/workplace/install/learning --record /home/mi/workplace/build/learning/install.log --single-version-externally-managed
