[4.332s] Invoking command in '/home/mi/workplace/src/learning': PYTHONPATH=/home/mi/workplace/install/learning/lib/python3.6/site-packages:${PYTHONPATH} /usr/bin/python3 setup.py egg_info --egg-base ../../build/learning build --build-base /home/mi/workplace/build/learning/build install --prefix /home/mi/workplace/install/learning --record /home/mi/workplace/build/learning/install.log --single-version-externally-managed
[6.072s] running egg_info
[6.074s] writing ../../build/learning/learning.egg-info/PKG-INFO
[6.074s] writing dependency_links to ../../build/learning/learning.egg-info/dependency_links.txt
[6.076s] writing entry points to ../../build/learning/learning.egg-info/entry_points.txt
[6.077s] writing requirements to ../../build/learning/learning.egg-info/requires.txt
[6.078s] writing top-level names to ../../build/learning/learning.egg-info/top_level.txt
[6.095s] reading manifest file '../../build/learning/learning.egg-info/SOURCES.txt'
[6.102s] writing manifest file '../../build/learning/learning.egg-info/SOURCES.txt'
[6.103s] running build
[6.104s] running build_py
[6.109s] copying learning/main_node.py -> /home/mi/workplace/build/learning/build/lib/learning
[6.115s] running install
[6.116s] /usr/local/lib/python3.6/dist-packages/setuptools/command/install.py:37: SetuptoolsDeprecationWarning: setup.py install is deprecated. Use build and pip and other standards-based tools.
[6.118s]   setuptools.SetuptoolsDeprecationWarning,
[6.119s] running install_lib
[6.121s] copying /home/mi/workplace/build/learning/build/lib/learning/main_node.py -> /home/mi/workplace/install/learning/lib/python3.6/site-packages/learning
[6.127s] byte-compiling /home/mi/workplace/install/learning/lib/python3.6/site-packages/learning/main_node.py to main_node.cpython-36.pyc
[6.133s] running install_data
[6.136s] running install_egg_info
[6.144s] removing '/home/mi/workplace/install/learning/lib/python3.6/site-packages/learning-0.0.0-py3.6.egg-info' (and everything under it)
[6.146s] Copying ../../build/learning/learning.egg-info to /home/mi/workplace/install/learning/lib/python3.6/site-packages/learning-0.0.0-py3.6.egg-info
[6.151s] running install_scripts
[6.245s] Installing camera script to /home/mi/workplace/install/learning/lib/learning
[6.247s] Installing crash script to /home/mi/workplace/install/learning/lib/learning
[6.249s] Installing data_receive script to /home/mi/workplace/install/learning/lib/learning
[6.253s] Installing get_data script to /home/mi/workplace/install/learning/lib/learning
[6.254s] Installing goal script to /home/mi/workplace/install/learning/lib/learning
[6.254s] Installing keeper script to /home/mi/workplace/install/learning/lib/learning
[6.255s] Installing main script to /home/mi/workplace/install/learning/lib/learning
[6.256s] Installing move_x script to /home/mi/workplace/install/learning/lib/learning
[6.257s] Installing rgb script to /home/mi/workplace/install/learning/lib/learning
[6.258s] Installing rotate script to /home/mi/workplace/install/learning/lib/learning
[6.259s] Installing rotate_until_center1 script to /home/mi/workplace/install/learning/lib/learning
[6.259s] Installing sit script to /home/mi/workplace/install/learning/lib/learning
[6.260s] Installing stand script to /home/mi/workplace/install/learning/lib/learning
[6.260s] Installing track script to /home/mi/workplace/install/learning/lib/learning
[6.261s] Installing walk_t_sec script to /home/mi/workplace/install/learning/lib/learning
[6.261s] Installing walktest script to /home/mi/workplace/install/learning/lib/learning
[6.262s] writing list of installed files to '/home/mi/workplace/build/learning/install.log'
[6.386s] Invoked command in '/home/mi/workplace/src/learning' returned '0': PYTHONPATH=/home/mi/workplace/install/learning/lib/python3.6/site-packages:${PYTHONPATH} /usr/bin/python3 setup.py egg_info --egg-base ../../build/learning build --build-base /home/mi/workplace/build/learning/build install --prefix /home/mi/workplace/install/learning --record /home/mi/workplace/build/learning/install.log --single-version-externally-managed
