[4.615s] Invoking command in '/home/mi/workplace/src/learning': PYTHONPATH=/home/mi/workplace/install/learning/lib/python3.6/site-packages:${PYTHONPATH} /usr/bin/python3 setup.py egg_info --egg-base ../../build/learning build --build-base /home/mi/workplace/build/learning/build install --prefix /home/mi/workplace/install/learning --record /home/mi/workplace/build/learning/install.log --single-version-externally-managed
[6.540s] running egg_info
[6.544s] writing ../../build/learning/learning.egg-info/PKG-INFO
[6.547s] writing dependency_links to ../../build/learning/learning.egg-info/dependency_links.txt
[6.551s] writing entry points to ../../build/learning/learning.egg-info/entry_points.txt
[6.551s] writing requirements to ../../build/learning/learning.egg-info/requires.txt
[6.552s] writing top-level names to ../../build/learning/learning.egg-info/top_level.txt
[6.571s] reading manifest file '../../build/learning/learning.egg-info/SOURCES.txt'
[6.579s] writing manifest file '../../build/learning/learning.egg-info/SOURCES.txt'
[6.580s] running build
[6.581s] running build_py
[6.582s] copying learning/rgb_cam_suber.py -> /home/mi/workplace/build/learning/build/lib/learning
[6.584s] running install
[6.586s] /usr/local/lib/python3.6/dist-packages/setuptools/command/install.py:37: SetuptoolsDeprecationWarning: setup.py install is deprecated. Use build and pip and other standards-based tools.
[6.586s]   setuptools.SetuptoolsDeprecationWarning,
[6.589s] running install_lib
[6.595s] copying /home/mi/workplace/build/learning/build/lib/learning/rgb_cam_suber.py -> /home/mi/workplace/install/learning/lib/python3.6/site-packages/learning
[6.600s] byte-compiling /home/mi/workplace/install/learning/lib/python3.6/site-packages/learning/rgb_cam_suber.py to rgb_cam_suber.cpython-36.pyc
[6.604s] running install_data
[6.609s] running install_egg_info
[6.619s] removing '/home/mi/workplace/install/learning/lib/python3.6/site-packages/learning-0.0.0-py3.6.egg-info' (and everything under it)
[6.625s] Copying ../../build/learning/learning.egg-info to /home/mi/workplace/install/learning/lib/python3.6/site-packages/learning-0.0.0-py3.6.egg-info
[6.626s] running install_scripts
[6.767s] Installing camera script to /home/mi/workplace/install/learning/lib/learning
[6.769s] Installing rgb_cam_suber script to /home/mi/workplace/install/learning/lib/learning
[6.773s] Installing stand script to /home/mi/workplace/install/learning/lib/learning
[6.774s] Installing walktest script to /home/mi/workplace/install/learning/lib/learning
[6.775s] writing list of installed files to '/home/mi/workplace/build/learning/install.log'
[6.915s] Invoked command in '/home/mi/workplace/src/learning' returned '0': PYTHONPATH=/home/mi/workplace/install/learning/lib/python3.6/site-packages:${PYTHONPATH} /usr/bin/python3 setup.py egg_info --egg-base ../../build/learning build --build-base /home/mi/workplace/build/learning/build install --prefix /home/mi/workplace/install/learning --record /home/mi/workplace/build/learning/install.log --single-version-externally-managed
