[3.940s] Invoking command in '/home/mi/workplace/src/learning': PYTHONPATH=/home/mi/workplace/install/learning/lib/python3.6/site-packages:${PYTHONPATH} /usr/bin/python3 setup.py egg_info --egg-base ../../build/learning build --build-base /home/mi/workplace/build/learning/build install --prefix /home/mi/workplace/install/learning --record /home/mi/workplace/build/learning/install.log --single-version-externally-managed
[5.493s] running egg_info
[5.496s] writing ../../build/learning/learning.egg-info/PKG-INFO
[5.498s] writing dependency_links to ../../build/learning/learning.egg-info/dependency_links.txt
[5.500s] writing entry points to ../../build/learning/learning.egg-info/entry_points.txt
[5.500s] writing requirements to ../../build/learning/learning.egg-info/requires.txt
[5.502s] writing top-level names to ../../build/learning/learning.egg-info/top_level.txt
[5.516s] reading manifest file '../../build/learning/learning.egg-info/SOURCES.txt'
[5.523s] writing manifest file '../../build/learning/learning.egg-info/SOURCES.txt'
[5.523s] running build
[5.524s] running build_py
[5.525s] copying learning/rgb_cam_suber.py -> /home/mi/workplace/build/learning/build/lib/learning
[5.526s] running install
[5.527s] /usr/local/lib/python3.6/dist-packages/setuptools/command/install.py:37: SetuptoolsDeprecationWarning: setup.py install is deprecated. Use build and pip and other standards-based tools.
[5.527s]   setuptools.SetuptoolsDeprecationWarning,
[5.528s] running install_lib
[5.532s] copying /home/mi/workplace/build/learning/build/lib/learning/rgb_cam_suber.py -> /home/mi/workplace/install/learning/lib/python3.6/site-packages/learning
[5.534s] byte-compiling /home/mi/workplace/install/learning/lib/python3.6/site-packages/learning/rgb_cam_suber.py to rgb_cam_suber.cpython-36.pyc
[5.537s] running install_data
[5.539s] running install_egg_info
[5.552s] removing '/home/mi/workplace/install/learning/lib/python3.6/site-packages/learning-0.0.0-py3.6.egg-info' (and everything under it)
[5.553s] Copying ../../build/learning/learning.egg-info to /home/mi/workplace/install/learning/lib/python3.6/site-packages/learning-0.0.0-py3.6.egg-info
[5.555s] running install_scripts
[5.653s] Installing rgb script to /home/mi/workplace/install/learning/lib/learning
[5.654s] Installing stand script to /home/mi/workplace/install/learning/lib/learning
[5.655s] Installing walktest script to /home/mi/workplace/install/learning/lib/learning
[5.659s] writing list of installed files to '/home/mi/workplace/build/learning/install.log'
[5.776s] Invoked command in '/home/mi/workplace/src/learning' returned '0': PYTHONPATH=/home/mi/workplace/install/learning/lib/python3.6/site-packages:${PYTHONPATH} /usr/bin/python3 setup.py egg_info --egg-base ../../build/learning build --build-base /home/mi/workplace/build/learning/build install --prefix /home/mi/workplace/install/learning --record /home/mi/workplace/build/learning/install.log --single-version-externally-managed
