[3.837s] Invoking command in '/home/mi/workplace/src/learning': PYTHONPATH=/home/mi/workplace/install/learning/lib/python3.6/site-packages:${PYTHONPATH} /usr/bin/python3 setup.py egg_info --egg-base ../../build/learning build --build-base /home/mi/workplace/build/learning/build install --prefix /home/mi/workplace/install/learning --record /home/mi/workplace/build/learning/install.log --single-version-externally-managed
[5.352s] running egg_info
[5.354s] writing ../../build/learning/learning.egg-info/PKG-INFO
[5.355s] writing dependency_links to ../../build/learning/learning.egg-info/dependency_links.txt
[5.356s] writing entry points to ../../build/learning/learning.egg-info/entry_points.txt
[5.357s] writing requirements to ../../build/learning/learning.egg-info/requires.txt
[5.358s] writing top-level names to ../../build/learning/learning.egg-info/top_level.txt
[5.374s] reading manifest file '../../build/learning/learning.egg-info/SOURCES.txt'
[5.380s] writing manifest file '../../build/learning/learning.egg-info/SOURCES.txt'
[5.381s] running build
[5.382s] running build_py
[5.384s] copying learning/get_loc.py -> /home/mi/workplace/build/learning/build/lib/learning
[5.390s] running install
[5.391s] /usr/local/lib/python3.6/dist-packages/setuptools/command/install.py:37: SetuptoolsDeprecationWarning: setup.py install is deprecated. Use build and pip and other standards-based tools.
[5.392s]   setuptools.SetuptoolsDeprecationWarning,
[5.393s] running install_lib
[5.397s] copying /home/mi/workplace/build/learning/build/lib/learning/get_loc.py -> /home/mi/workplace/install/learning/lib/python3.6/site-packages/learning
[5.402s] byte-compiling /home/mi/workplace/install/learning/lib/python3.6/site-packages/learning/get_loc.py to get_loc.cpython-36.pyc
[5.409s] running install_data
[5.412s] running install_egg_info
[5.419s] removing '/home/mi/workplace/install/learning/lib/python3.6/site-packages/learning-0.0.0-py3.6.egg-info' (and everything under it)
[5.429s] Copying ../../build/learning/learning.egg-info to /home/mi/workplace/install/learning/lib/python3.6/site-packages/learning-0.0.0-py3.6.egg-info
[5.430s] running install_scripts
[5.510s] Installing camera script to /home/mi/workplace/install/learning/lib/learning
[5.512s] Installing crash script to /home/mi/workplace/install/learning/lib/learning
[5.512s] Installing data_receive script to /home/mi/workplace/install/learning/lib/learning
[5.513s] Installing get_data script to /home/mi/workplace/install/learning/lib/learning
[5.514s] Installing goal script to /home/mi/workplace/install/learning/lib/learning
[5.515s] Installing keeper script to /home/mi/workplace/install/learning/lib/learning
[5.516s] Installing main_node script to /home/mi/workplace/install/learning/lib/learning
[5.517s] Installing move_x script to /home/mi/workplace/install/learning/lib/learning
[5.518s] Installing rgb script to /home/mi/workplace/install/learning/lib/learning
[5.519s] Installing rotate script to /home/mi/workplace/install/learning/lib/learning
[5.519s] Installing rotate_until_center1 script to /home/mi/workplace/install/learning/lib/learning
[5.520s] Installing stand script to /home/mi/workplace/install/learning/lib/learning
[5.520s] Installing track script to /home/mi/workplace/install/learning/lib/learning
[5.520s] Installing walk_t_sec script to /home/mi/workplace/install/learning/lib/learning
[5.521s] Installing walktest script to /home/mi/workplace/install/learning/lib/learning
[5.525s] writing list of installed files to '/home/mi/workplace/build/learning/install.log'
[5.632s] Invoked command in '/home/mi/workplace/src/learning' returned '0': PYTHONPATH=/home/mi/workplace/install/learning/lib/python3.6/site-packages:${PYTHONPATH} /usr/bin/python3 setup.py egg_info --egg-base ../../build/learning build --build-base /home/mi/workplace/build/learning/build install --prefix /home/mi/workplace/install/learning --record /home/mi/workplace/build/learning/install.log --single-version-externally-managed
