[4.382s] Invoking command in '/home/mi/workplace/src/learning': PYTHONPATH=/home/mi/workplace/install/learning/lib/python3.6/site-packages:${PYTHONPATH} /usr/bin/python3 setup.py egg_info --egg-base ../../build/learning build --build-base /home/mi/workplace/build/learning/build install --prefix /home/mi/workplace/install/learning --record /home/mi/workplace/build/learning/install.log --single-version-externally-managed
[6.112s] running egg_info
[6.115s] writing ../../build/learning/learning.egg-info/PKG-INFO
[6.117s] writing dependency_links to ../../build/learning/learning.egg-info/dependency_links.txt
[6.120s] writing entry points to ../../build/learning/learning.egg-info/entry_points.txt
[6.120s] writing requirements to ../../build/learning/learning.egg-info/requires.txt
[6.120s] writing top-level names to ../../build/learning/learning.egg-info/top_level.txt
[6.139s] reading manifest file '../../build/learning/learning.egg-info/SOURCES.txt'
[6.147s] writing manifest file '../../build/learning/learning.egg-info/SOURCES.txt'
[6.147s] running build
[6.148s] running build_py
[6.150s] copying learning/keeper.py -> /home/mi/workplace/build/learning/build/lib/learning
[6.151s] copying learning/main_node.py -> /home/mi/workplace/build/learning/build/lib/learning
[6.155s] copying learning/move_x.py -> /home/mi/workplace/build/learning/build/lib/learning
[6.159s] running install
[6.160s] /usr/local/lib/python3.6/dist-packages/setuptools/command/install.py:37: SetuptoolsDeprecationWarning: setup.py install is deprecated. Use build and pip and other standards-based tools.
[6.160s]   setuptools.SetuptoolsDeprecationWarning,
[6.162s] running install_lib
[6.167s] copying /home/mi/workplace/build/learning/build/lib/learning/keeper.py -> /home/mi/workplace/install/learning/lib/python3.6/site-packages/learning
[6.168s] copying /home/mi/workplace/build/learning/build/lib/learning/main_node.py -> /home/mi/workplace/install/learning/lib/python3.6/site-packages/learning
[6.170s] copying /home/mi/workplace/build/learning/build/lib/learning/move_x.py -> /home/mi/workplace/install/learning/lib/python3.6/site-packages/learning
[6.174s] byte-compiling /home/mi/workplace/install/learning/lib/python3.6/site-packages/learning/keeper.py to keeper.cpython-36.pyc
[6.175s] byte-compiling /home/mi/workplace/install/learning/lib/python3.6/site-packages/learning/main_node.py to main_node.cpython-36.pyc
[6.178s] byte-compiling /home/mi/workplace/install/learning/lib/python3.6/site-packages/learning/move_x.py to move_x.cpython-36.pyc
[6.185s] running install_data
[6.189s] running install_egg_info
[6.197s] removing '/home/mi/workplace/install/learning/lib/python3.6/site-packages/learning-0.0.0-py3.6.egg-info' (and everything under it)
[6.201s] Copying ../../build/learning/learning.egg-info to /home/mi/workplace/install/learning/lib/python3.6/site-packages/learning-0.0.0-py3.6.egg-info
[6.204s] running install_scripts
[6.311s] Installing camera script to /home/mi/workplace/install/learning/lib/learning
[6.313s] Installing crash script to /home/mi/workplace/install/learning/lib/learning
[6.313s] Installing data_receive script to /home/mi/workplace/install/learning/lib/learning
[6.314s] Installing get_data script to /home/mi/workplace/install/learning/lib/learning
[6.315s] Installing goal script to /home/mi/workplace/install/learning/lib/learning
[6.317s] Installing keeper script to /home/mi/workplace/install/learning/lib/learning
[6.317s] Installing move_x script to /home/mi/workplace/install/learning/lib/learning
[6.319s] Installing rgb script to /home/mi/workplace/install/learning/lib/learning
[6.319s] Installing rotate script to /home/mi/workplace/install/learning/lib/learning
[6.320s] Installing rotate_until_center1 script to /home/mi/workplace/install/learning/lib/learning
[6.321s] Installing stand script to /home/mi/workplace/install/learning/lib/learning
[6.321s] Installing track script to /home/mi/workplace/install/learning/lib/learning
[6.322s] Installing walk_t_sec script to /home/mi/workplace/install/learning/lib/learning
[6.322s] Installing walktest script to /home/mi/workplace/install/learning/lib/learning
[6.324s] writing list of installed files to '/home/mi/workplace/build/learning/install.log'
[6.466s] Invoked command in '/home/mi/workplace/src/learning' returned '0': PYTHONPATH=/home/mi/workplace/install/learning/lib/python3.6/site-packages:${PYTHONPATH} /usr/bin/python3 setup.py egg_info --egg-base ../../build/learning build --build-base /home/mi/workplace/build/learning/build install --prefix /home/mi/workplace/install/learning --record /home/mi/workplace/build/learning/install.log --single-version-externally-managed
