[4.229s] Invoking command in '/home/mi/workplace/src/learning': PYTHONPATH=/home/mi/workplace/install/learning/lib/python3.6/site-packages:${PYTHONPATH} /usr/bin/python3 setup.py egg_info --egg-base ../../build/learning build --build-base /home/mi/workplace/build/learning/build install --prefix /home/mi/workplace/install/learning --record /home/mi/workplace/build/learning/install.log --single-version-externally-managed
[5.817s] running egg_info
[5.820s] writing ../../build/learning/learning.egg-info/PKG-INFO
[5.822s] writing dependency_links to ../../build/learning/learning.egg-info/dependency_links.txt
[5.825s] writing entry points to ../../build/learning/learning.egg-info/entry_points.txt
[5.826s] writing requirements to ../../build/learning/learning.egg-info/requires.txt
[5.826s] writing top-level names to ../../build/learning/learning.egg-info/top_level.txt
[5.847s] reading manifest file '../../build/learning/learning.egg-info/SOURCES.txt'
[5.854s] writing manifest file '../../build/learning/learning.egg-info/SOURCES.txt'
[5.855s] running build
[5.855s] running build_py
[5.859s] copying learning/walk_t_sec.py -> /home/mi/workplace/build/learning/build/lib/learning
[5.862s] running install
[5.863s] /usr/local/lib/python3.6/dist-packages/setuptools/command/install.py:37: SetuptoolsDeprecationWarning: setup.py install is deprecated. Use build and pip and other standards-based tools.
[5.864s]   setuptools.SetuptoolsDeprecationWarning,
[5.866s] running install_lib
[5.871s] copying /home/mi/workplace/build/learning/build/lib/learning/walk_t_sec.py -> /home/mi/workplace/install/learning/lib/python3.6/site-packages/learning
[5.877s] byte-compiling /home/mi/workplace/install/learning/lib/python3.6/site-packages/learning/walk_t_sec.py to walk_t_sec.cpython-36.pyc
[5.880s] running install_data
[5.883s] running install_egg_info
[5.891s] removing '/home/mi/workplace/install/learning/lib/python3.6/site-packages/learning-0.0.0-py3.6.egg-info' (and everything under it)
[5.893s] Copying ../../build/learning/learning.egg-info to /home/mi/workplace/install/learning/lib/python3.6/site-packages/learning-0.0.0-py3.6.egg-info
[5.901s] running install_scripts
[6.000s] Installing camera script to /home/mi/workplace/install/learning/lib/learning
[6.001s] Installing crash script to /home/mi/workplace/install/learning/lib/learning
[6.001s] Installing data_receive script to /home/mi/workplace/install/learning/lib/learning
[6.002s] Installing rgb script to /home/mi/workplace/install/learning/lib/learning
[6.003s] Installing rotate_until_center1 = learning.rotate_until_center1walk_t_sec script to /home/mi/workplace/install/learning/lib/learning
[6.004s] Installing stand script to /home/mi/workplace/install/learning/lib/learning
[6.005s] Installing track script to /home/mi/workplace/install/learning/lib/learning
[6.006s] Installing walktest script to /home/mi/workplace/install/learning/lib/learning
[6.010s] writing list of installed files to '/home/mi/workplace/build/learning/install.log'
[6.137s] Invoked command in '/home/mi/workplace/src/learning' returned '0': PYTHONPATH=/home/mi/workplace/install/learning/lib/python3.6/site-packages:${PYTHONPATH} /usr/bin/python3 setup.py egg_info --egg-base ../../build/learning build --build-base /home/mi/workplace/build/learning/build install --prefix /home/mi/workplace/install/learning --record /home/mi/workplace/build/learning/install.log --single-version-externally-managed
