[4.220s] Invoking command in '/home/mi/workplace/src/learning': PYTHONPATH=/home/mi/workplace/install/learning/lib/python3.6/site-packages:${PYTHONPATH} /usr/bin/python3 setup.py egg_info --egg-base ../../build/learning build --build-base /home/mi/workplace/build/learning/build install --prefix /home/mi/workplace/install/learning --record /home/mi/workplace/build/learning/install.log --single-version-externally-managed
[6.241s] running egg_info
[6.245s] writing ../../build/learning/learning.egg-info/PKG-INFO
[6.247s] writing dependency_links to ../../build/learning/learning.egg-info/dependency_links.txt
[6.250s] writing entry points to ../../build/learning/learning.egg-info/entry_points.txt
[6.251s] writing requirements to ../../build/learning/learning.egg-info/requires.txt
[6.251s] writing top-level names to ../../build/learning/learning.egg-info/top_level.txt
[6.270s] reading manifest file '../../build/learning/learning.egg-info/SOURCES.txt'
[6.279s] writing manifest file '../../build/learning/learning.egg-info/SOURCES.txt'
[6.280s] running build
[6.280s] running build_py
[6.287s] running install
[6.289s] /usr/local/lib/python3.6/dist-packages/setuptools/command/install.py:37: SetuptoolsDeprecationWarning: setup.py install is deprecated. Use build and pip and other standards-based tools.
[6.293s]   setuptools.SetuptoolsDeprecationWarning,
[6.294s] running install_lib
[6.301s] byte-compiling /home/mi/workplace/install/learning/lib/python3.6/site-packages/learning/move_x.py to move_x.cpython-36.pyc
[6.309s] running install_data
[6.311s] running install_egg_info
[6.321s] removing '/home/mi/workplace/install/learning/lib/python3.6/site-packages/learning-0.0.0-py3.6.egg-info' (and everything under it)
[6.323s] Copying ../../build/learning/learning.egg-info to /home/mi/workplace/install/learning/lib/python3.6/site-packages/learning-0.0.0-py3.6.egg-info
[6.328s] running install_scripts
[6.432s] Installing camera script to /home/mi/workplace/install/learning/lib/learning
[6.439s] Installing crash script to /home/mi/workplace/install/learning/lib/learning
[6.440s] Installing data_receive script to /home/mi/workplace/install/learning/lib/learning
[6.441s] Installing get_data script to /home/mi/workplace/install/learning/lib/learning
[6.443s] Installing goal script to /home/mi/workplace/install/learning/lib/learning
[6.447s] Installing keeper script to /home/mi/workplace/install/learning/lib/learning
[6.447s] Installing move_x script to /home/mi/workplace/install/learning/lib/learning
[6.448s] Installing rgb script to /home/mi/workplace/install/learning/lib/learning
[6.449s] Installing rotate script to /home/mi/workplace/install/learning/lib/learning
[6.450s] Installing rotate_until_center1 script to /home/mi/workplace/install/learning/lib/learning
[6.459s] Installing stand script to /home/mi/workplace/install/learning/lib/learning
[6.460s] Installing track script to /home/mi/workplace/install/learning/lib/learning
[6.461s] Installing walk_t_sec script to /home/mi/workplace/install/learning/lib/learning
[6.462s] Installing walktest script to /home/mi/workplace/install/learning/lib/learning
[6.463s] writing list of installed files to '/home/mi/workplace/build/learning/install.log'
[6.576s] Invoked command in '/home/mi/workplace/src/learning' returned '0': PYTHONPATH=/home/mi/workplace/install/learning/lib/python3.6/site-packages:${PYTHONPATH} /usr/bin/python3 setup.py egg_info --egg-base ../../build/learning build --build-base /home/mi/workplace/build/learning/build install --prefix /home/mi/workplace/install/learning --record /home/mi/workplace/build/learning/install.log --single-version-externally-managed
