[4.304s] Invoking command in '/home/mi/workplace/src/learning': PYTHONPATH=/home/mi/install/learning/lib/python3.6/site-packages:${PYTHONPATH} /usr/bin/python3 setup.py egg_info --egg-base ../../../build/learning build --build-base /home/mi/build/learning/build install --prefix /home/mi/install/learning --record /home/mi/build/learning/install.log --single-version-externally-managed
[5.973s] running egg_info
[5.975s] writing ../../../build/learning/learning.egg-info/PKG-INFO
[5.981s] writing dependency_links to ../../../build/learning/learning.egg-info/dependency_links.txt
[5.982s] writing entry points to ../../../build/learning/learning.egg-info/entry_points.txt
[5.984s] writing requirements to ../../../build/learning/learning.egg-info/requires.txt
[5.984s] writing top-level names to ../../../build/learning/learning.egg-info/top_level.txt
[5.999s] reading manifest file '../../../build/learning/learning.egg-info/SOURCES.txt'
[6.005s] writing manifest file '../../../build/learning/learning.egg-info/SOURCES.txt'
[6.007s] running build
[6.007s] running build_py
[6.011s] copying learning/move_x.py -> /home/mi/build/learning/build/lib/learning
[6.016s] running install
[6.019s] /usr/local/lib/python3.6/dist-packages/setuptools/command/install.py:37: SetuptoolsDeprecationWarning: setup.py install is deprecated. Use build and pip and other standards-based tools.
[6.020s]   setuptools.SetuptoolsDeprecationWarning,
[6.020s] running install_lib
[6.025s] copying /home/mi/build/learning/build/lib/learning/move_x.py -> /home/mi/install/learning/lib/python3.6/site-packages/learning
[6.033s] byte-compiling /home/mi/install/learning/lib/python3.6/site-packages/learning/move_x.py to move_x.cpython-36.pyc
[6.037s] running install_data
[6.041s] running install_egg_info
[6.047s] removing '/home/mi/install/learning/lib/python3.6/site-packages/learning-0.0.0-py3.6.egg-info' (and everything under it)
[6.054s] Copying ../../../build/learning/learning.egg-info to /home/mi/install/learning/lib/python3.6/site-packages/learning-0.0.0-py3.6.egg-info
[6.055s] running install_scripts
[6.153s] Installing camera script to /home/mi/install/learning/lib/learning
[6.155s] Installing crash script to /home/mi/install/learning/lib/learning
[6.156s] Installing data_receive script to /home/mi/install/learning/lib/learning
[6.159s] Installing get_data script to /home/mi/install/learning/lib/learning
[6.162s] Installing goal script to /home/mi/install/learning/lib/learning
[6.163s] Installing keeper script to /home/mi/install/learning/lib/learning
[6.163s] Installing move_x script to /home/mi/install/learning/lib/learning
[6.164s] Installing rgb script to /home/mi/install/learning/lib/learning
[6.165s] Installing rotate script to /home/mi/install/learning/lib/learning
[6.166s] Installing rotate_until_center1 script to /home/mi/install/learning/lib/learning
[6.166s] Installing stand script to /home/mi/install/learning/lib/learning
[6.167s] Installing track script to /home/mi/install/learning/lib/learning
[6.168s] Installing walk_t_sec script to /home/mi/install/learning/lib/learning
[6.168s] Installing walktest script to /home/mi/install/learning/lib/learning
[6.169s] writing list of installed files to '/home/mi/build/learning/install.log'
[6.304s] Invoked command in '/home/mi/workplace/src/learning' returned '0': PYTHONPATH=/home/mi/install/learning/lib/python3.6/site-packages:${PYTHONPATH} /usr/bin/python3 setup.py egg_info --egg-base ../../../build/learning build --build-base /home/mi/build/learning/build install --prefix /home/mi/install/learning --record /home/mi/build/learning/install.log --single-version-externally-managed
