[4.475s] Invoking command in '/home/mi/workplace/src/learning': PYTHONPATH=/home/mi/workplace/install/learning/lib/python3.6/site-packages:${PYTHONPATH} /usr/bin/python3 setup.py egg_info --egg-base ../../build/learning build --build-base /home/mi/workplace/build/learning/build install --prefix /home/mi/workplace/install/learning --record /home/mi/workplace/build/learning/install.log --single-version-externally-managed
[6.359s] running egg_info
[6.364s] writing ../../build/learning/learning.egg-info/PKG-INFO
[6.368s] writing dependency_links to ../../build/learning/learning.egg-info/dependency_links.txt
[6.369s] writing entry points to ../../build/learning/learning.egg-info/entry_points.txt
[6.370s] writing requirements to ../../build/learning/learning.egg-info/requires.txt
[6.371s] writing top-level names to ../../build/learning/learning.egg-info/top_level.txt
[6.389s] reading manifest file '../../build/learning/learning.egg-info/SOURCES.txt'
[6.395s] writing manifest file '../../build/learning/learning.egg-info/SOURCES.txt'
[6.398s] running build
[6.399s] running build_py
[6.401s] copying learning/camera.py -> /home/mi/workplace/build/learning/build/lib/learning
[6.403s] /usr/local/lib/python3.6/dist-packages/setuptools/command/install.py:37: SetuptoolsDeprecationWarning: setup.py install is deprecated. Use build and pip and other standards-based tools.
[6.406s]   setuptools.SetuptoolsDeprecationWarning,
[6.407s] running install
[6.408s] running install_lib
[6.410s] copying /home/mi/workplace/build/learning/build/lib/learning/camera.py -> /home/mi/workplace/install/learning/lib/python3.6/site-packages/learning
[6.412s] byte-compiling /home/mi/workplace/install/learning/lib/python3.6/site-packages/learning/camera.py to camera.cpython-36.pyc
[6.414s] running install_data
[6.422s] running install_egg_info
[6.427s] removing '/home/mi/workplace/install/learning/lib/python3.6/site-packages/learning-0.0.0-py3.6.egg-info' (and everything under it)
[6.430s] Copying ../../build/learning/learning.egg-info to /home/mi/workplace/install/learning/lib/python3.6/site-packages/learning-0.0.0-py3.6.egg-info
[6.434s] running install_scripts
[6.577s] Installing camera script to /home/mi/workplace/install/learning/lib/learning
[6.578s] Installing rgb_cam_suber script to /home/mi/workplace/install/learning/lib/learning
[6.579s] Installing stand script to /home/mi/workplace/install/learning/lib/learning
[6.585s] Installing walktest script to /home/mi/workplace/install/learning/lib/learning
[6.585s] writing list of installed files to '/home/mi/workplace/build/learning/install.log'
[6.710s] Invoked command in '/home/mi/workplace/src/learning' returned '0': PYTHONPATH=/home/mi/workplace/install/learning/lib/python3.6/site-packages:${PYTHONPATH} /usr/bin/python3 setup.py egg_info --egg-base ../../build/learning build --build-base /home/mi/workplace/build/learning/build install --prefix /home/mi/workplace/install/learning --record /home/mi/workplace/build/learning/install.log --single-version-externally-managed
