[3.917s] Invoking command in '/home/mi/workplace/src/learning': PYTHONPATH=/home/mi/workplace/install/learning/lib/python3.6/site-packages:${PYTHONPATH} /usr/bin/python3 setup.py egg_info --egg-base ../../build/learning build --build-base /home/mi/workplace/build/learning/build install --prefix /home/mi/workplace/install/learning --record /home/mi/workplace/build/learning/install.log --single-version-externally-managed
[5.547s] running egg_info
[5.549s] writing ../../build/learning/learning.egg-info/PKG-INFO
[5.550s] writing dependency_links to ../../build/learning/learning.egg-info/dependency_links.txt
[5.552s] writing entry points to ../../build/learning/learning.egg-info/entry_points.txt
[5.553s] writing requirements to ../../build/learning/learning.egg-info/requires.txt
[5.554s] writing top-level names to ../../build/learning/learning.egg-info/top_level.txt
[5.571s] reading manifest file '../../build/learning/learning.egg-info/SOURCES.txt'
[5.578s] writing manifest file '../../build/learning/learning.egg-info/SOURCES.txt'
[5.580s] running build
[5.580s] running build_py
[5.581s] copying learning/track.py -> /home/mi/workplace/build/learning/build/lib/learning
[5.583s] running install
[5.585s] /usr/local/lib/python3.6/dist-packages/setuptools/command/install.py:37: SetuptoolsDeprecationWarning: setup.py install is deprecated. Use build and pip and other standards-based tools.
[5.585s]   setuptools.SetuptoolsDeprecationWarning,
[5.587s] running install_lib
[5.592s] copying /home/mi/workplace/build/learning/build/lib/learning/track.py -> /home/mi/workplace/install/learning/lib/python3.6/site-packages/learning
[5.595s] byte-compiling /home/mi/workplace/install/learning/lib/python3.6/site-packages/learning/track.py to track.cpython-36.pyc
[5.596s]   File "/home/mi/workplace/install/learning/lib/python3.6/site-packages/learning/track.py", line 16
[5.596s]     sleep 0.1s
[5.596s]             ^
[5.597s] SyntaxError: invalid syntax
[5.597s] 
[5.598s] running install_data
[5.598s] running install_egg_info
[5.608s] removing '/home/mi/workplace/install/learning/lib/python3.6/site-packages/learning-0.0.0-py3.6.egg-info' (and everything under it)
[5.608s] Copying ../../build/learning/learning.egg-info to /home/mi/workplace/install/learning/lib/python3.6/site-packages/learning-0.0.0-py3.6.egg-info
[5.614s] running install_scripts
[5.719s] Installing camera script to /home/mi/workplace/install/learning/lib/learning
[5.725s] Installing crash script to /home/mi/workplace/install/learning/lib/learning
[5.725s] Installing rgb script to /home/mi/workplace/install/learning/lib/learning
[5.728s] Installing stand script to /home/mi/workplace/install/learning/lib/learning
[5.728s] Installing track script to /home/mi/workplace/install/learning/lib/learning
[5.729s] Installing walktest script to /home/mi/workplace/install/learning/lib/learning
[5.730s] writing list of installed files to '/home/mi/workplace/build/learning/install.log'
[5.847s] Invoked command in '/home/mi/workplace/src/learning' returned '0': PYTHONPATH=/home/mi/workplace/install/learning/lib/python3.6/site-packages:${PYTHONPATH} /usr/bin/python3 setup.py egg_info --egg-base ../../build/learning build --build-base /home/mi/workplace/build/learning/build install --prefix /home/mi/workplace/install/learning --record /home/mi/workplace/build/learning/install.log --single-version-externally-managed
