[3.921s] Invoking command in '/home/mi/workplace/src/learning': PYTHONPATH=/home/mi/workplace/install/learning/lib/python3.6/site-packages:${PYTHONPATH} /usr/bin/python3 setup.py egg_info --egg-base ../../build/learning build --build-base /home/mi/workplace/build/learning/build install --prefix /home/mi/workplace/install/learning --record /home/mi/workplace/build/learning/install.log --single-version-externally-managed
[5.534s] running egg_info
[5.537s] writing ../../build/learning/learning.egg-info/PKG-INFO
[5.538s] writing dependency_links to ../../build/learning/learning.egg-info/dependency_links.txt
[5.540s] writing entry points to ../../build/learning/learning.egg-info/entry_points.txt
[5.541s] writing requirements to ../../build/learning/learning.egg-info/requires.txt
[5.542s] writing top-level names to ../../build/learning/learning.egg-info/top_level.txt
[5.558s] reading manifest file '../../build/learning/learning.egg-info/SOURCES.txt'
[5.566s] writing manifest file '../../build/learning/learning.egg-info/SOURCES.txt'
[5.567s] running build
[5.568s] running build_py
[5.571s] copying learning/track.py -> /home/mi/workplace/build/learning/build/lib/learning
[5.575s] /usr/local/lib/python3.6/dist-packages/setuptools/command/install.py:37: SetuptoolsDeprecationWarning: setup.py install is deprecated. Use build and pip and other standards-based tools.
[5.576s]   setuptools.SetuptoolsDeprecationWarning,
[5.576s] running install
[5.577s] running install_lib
[5.583s] copying /home/mi/workplace/build/learning/build/lib/learning/track.py -> /home/mi/workplace/install/learning/lib/python3.6/site-packages/learning
[5.587s] byte-compiling /home/mi/workplace/install/learning/lib/python3.6/site-packages/learning/track.py to track.cpython-36.pyc
[5.590s] running install_data
[5.593s] running install_egg_info
[5.601s] removing '/home/mi/workplace/install/learning/lib/python3.6/site-packages/learning-0.0.0-py3.6.egg-info' (and everything under it)
[5.604s] Copying ../../build/learning/learning.egg-info to /home/mi/workplace/install/learning/lib/python3.6/site-packages/learning-0.0.0-py3.6.egg-info
[5.610s] running install_scripts
[5.712s] Installing camera script to /home/mi/workplace/install/learning/lib/learning
[5.713s] Installing crash script to /home/mi/workplace/install/learning/lib/learning
[5.714s] Installing rgb script to /home/mi/workplace/install/learning/lib/learning
[5.715s] Installing stand script to /home/mi/workplace/install/learning/lib/learning
[5.716s] Installing track script to /home/mi/workplace/install/learning/lib/learning
[5.717s] Installing walktest script to /home/mi/workplace/install/learning/lib/learning
[5.719s] writing list of installed files to '/home/mi/workplace/build/learning/install.log'
[5.849s] Invoked command in '/home/mi/workplace/src/learning' returned '0': PYTHONPATH=/home/mi/workplace/install/learning/lib/python3.6/site-packages:${PYTHONPATH} /usr/bin/python3 setup.py egg_info --egg-base ../../build/learning build --build-base /home/mi/workplace/build/learning/build install --prefix /home/mi/workplace/install/learning --record /home/mi/workplace/build/learning/install.log --single-version-externally-managed
