running egg_info
creating ../../build/ai/ai.egg-info
writing ../../build/ai/ai.egg-info/PKG-INFO
writing dependency_links to ../../build/ai/ai.egg-info/dependency_links.txt
writing entry points to ../../build/ai/ai.egg-info/entry_points.txt
writing requirements to ../../build/ai/ai.egg-info/requires.txt
writing top-level names to ../../build/ai/ai.egg-info/top_level.txt
writing manifest file '../../build/ai/ai.egg-info/SOURCES.txt'
reading manifest file '../../build/ai/ai.egg-info/SOURCES.txt'
writing manifest file '../../build/ai/ai.egg-info/SOURCES.txt'
running build
running build_py
creating /home/mi/workplace/build/ai/build
creating /home/mi/workplace/build/ai/build/lib
creating /home/mi/workplace/build/ai/build/lib/ai
copying ai/photo.py -> /home/mi/workplace/build/ai/build/lib/ai
copying ai/__init__.py -> /home/mi/workplace/build/ai/build/lib/ai
running install
running install_lib
creating /home/mi/workplace/install/ai/lib/python3.6/site-packages/ai
copying /home/mi/workplace/build/ai/build/lib/ai/photo.py -> /home/mi/workplace/install/ai/lib/python3.6/site-packages/ai
copying /home/mi/workplace/build/ai/build/lib/ai/__init__.py -> /home/mi/workplace/install/ai/lib/python3.6/site-packages/ai
byte-compiling /home/mi/workplace/install/ai/lib/python3.6/site-packages/ai/photo.py to photo.cpython-36.pyc
byte-compiling /home/mi/workplace/install/ai/lib/python3.6/site-packages/ai/__init__.py to __init__.cpython-36.pyc
running install_data
creating /home/mi/workplace/install/ai/share/ament_index
creating /home/mi/workplace/install/ai/share/ament_index/resource_index
creating /home/mi/workplace/install/ai/share/ament_index/resource_index/packages
copying resource/ai -> /home/mi/workplace/install/ai/share/ament_index/resource_index/packages
copying package.xml -> /home/mi/workplace/install/ai/share/ai
running install_egg_info
Copying ../../build/ai/ai.egg-info to /home/mi/workplace/install/ai/lib/python3.6/site-packages/ai-0.0.0-py3.6.egg-info
running install_scripts
Installing photo script to /home/mi/workplace/install/ai/lib/ai
writing list of installed files to '/home/mi/workplace/build/ai/install.log'
