2024-05-05 09:31:44.226 [info] Log level: Info
2024-05-05 09:31:44.226 [info] Validating found git in: "D:pp2ititmdit.exe"
2024-05-05 09:31:44.226 [info] Unable to find git on the PATH: "D:pp2ititmdit.exe". Error: spawn D:pp2ititmdit.exe ENOENT
2024-05-05 09:31:44.226 [info] Validating found git in: "git"
2024-05-05 09:31:44.226 [info] Using git "2.17.1" from "git"
2024-05-05 09:31:44.226 [info] > git rev-parse --show-toplevel [910ms]
2024-05-05 09:31:44.226 [info] > git rev-parse --git-dir --git-common-dir [814ms]
2024-05-05 09:31:44.226 [info] Open repository: /home/mi
2024-05-05 09:31:44.226 [info] > git rev-parse --show-toplevel [178ms]
2024-05-05 09:31:44.226 [info] > git config --get commit.template [197ms]
2024-05-05 09:31:44.492 [info] > git rev-parse --show-toplevel [181ms]
2024-05-05 09:31:45.894 [info] > git for-each-ref --format=%(refname)%00%(upstream:short)%00%(objectname)%00%(upstream:track)%00%(upstream:remotename)%00%(upstream:remoteref) refs/heads/main refs/remotes/main [1436ms]
2024-05-05 09:31:46.058 [info] > git rev-parse --show-toplevel [168ms]
2024-05-05 09:31:46.139 [info] > git check-ignore -v -z --stdin [216ms]
2024-05-05 09:31:46.163 [info] > git rev-parse --show-toplevel [82ms]
2024-05-05 09:31:46.326 [info] > git rev-parse --show-toplevel [102ms]
2024-05-05 09:31:46.387 [info] > git rev-parse --show-toplevel [40ms]
2024-05-05 09:31:46.431 [info] > git rev-parse --show-toplevel [25ms]
2024-05-05 09:31:46.441 [info] > git status -z -uall [252ms]
2024-05-05 09:31:47.278 [info] > git merge-base refs/heads/main refs/remotes/origin/main [781ms]
2024-05-05 09:31:47.321 [info] > git rev-list --count --left-right refs/heads/main...refs/remotes/origin/main [21ms]
2024-05-05 09:31:47.354 [info] > git config --get commit.template [182ms]
2024-05-05 09:31:47.355 [info] > git rev-parse --show-toplevel [210ms]
2024-05-05 09:31:48.108 [info] > git diff --name-status -z --diff-filter=ADMR 1785e2ffb5c58c7a4e066a01d5440065b3639e73...refs/remotes/origin/main [762ms]
2024-05-05 09:31:48.235 [info] > git rev-parse --show-toplevel [130ms]
2024-05-05 09:31:48.260 [info] > git for-each-ref --format=%(refname)%00%(upstream:short)%00%(objectname)%00%(upstream:track)%00%(upstream:remotename)%00%(upstream:remoteref) refs/heads/main refs/remotes/main [105ms]
2024-05-05 09:31:48.264 [info] > git rev-parse --show-toplevel [8ms]
2024-05-05 09:31:48.305 [info] > git rev-parse --show-toplevel [24ms]
2024-05-05 09:31:48.336 [info] > git rev-parse --show-toplevel [11ms]
2024-05-05 09:31:48.361 [info] > git rev-parse --show-toplevel [4ms]
2024-05-05 09:31:48.382 [info] > git rev-parse --show-toplevel [3ms]
2024-05-05 09:31:48.439 [info] > git rev-parse --show-toplevel [37ms]
2024-05-05 09:31:48.465 [info] > git rev-parse --show-toplevel [6ms]
2024-05-05 09:31:48.486 [info] > git rev-parse --show-toplevel [4ms]
2024-05-05 09:31:48.510 [info] > git rev-parse --show-toplevel [7ms]
2024-05-05 09:31:48.532 [info] > git status -z -uall [231ms]
2024-05-05 09:31:48.605 [info] > git rev-parse --show-toplevel [78ms]
2024-05-05 09:31:48.628 [info] > git rev-parse --show-toplevel [4ms]
2024-05-05 09:31:49.073 [info] > git rev-parse --show-toplevel [427ms]
2024-05-05 09:31:49.109 [info] > git rev-parse --show-toplevel [18ms]
2024-05-05 09:31:49.133 [info] > git rev-parse --show-toplevel [5ms]
2024-05-05 09:31:49.176 [info] > git rev-parse --show-toplevel [24ms]
2024-05-05 09:31:49.198 [info] > git rev-parse --show-toplevel [5ms]
2024-05-05 09:31:49.222 [info] > git rev-parse --show-toplevel [6ms]
2024-05-05 09:31:49.253 [info] > git rev-parse --show-toplevel [7ms]
2024-05-05 09:31:49.276 [info] > git rev-parse --show-toplevel [3ms]
2024-05-05 09:31:49.300 [info] > git rev-parse --show-toplevel [7ms]
2024-05-05 09:31:49.327 [info] > git rev-parse --show-toplevel [8ms]
2024-05-05 09:31:49.391 [info] > git show --textconv :README.md [24ms]
2024-05-05 09:31:49.411 [info] > git ls-files --stage -- /home/mi/README.md [25ms]
2024-05-05 09:31:49.432 [info] > git cat-file -s 77878e1b5fc68ff6eecacbf751c5cf9f5fa196dd [5ms]
2024-05-05 09:37:59.900 [info] > git show --textconv :.bashrc [27ms]
2024-05-05 09:37:59.918 [info] > git ls-files --stage -- /home/mi/.bashrc [21ms]
2024-05-05 09:37:59.941 [info] > git cat-file -s 0787b3142632c83a88f185be4c1567c05cc2f849 [6ms]
2024-05-05 09:38:56.971 [info] > git show --textconv :README.md [24ms]
2024-05-05 09:38:56.986 [info] > git ls-files --stage -- /home/mi/README.md [23ms]
2024-05-05 09:38:57.012 [info] > git cat-file -s 77878e1b5fc68ff6eecacbf751c5cf9f5fa196dd [8ms]
