2024-05-13 23:15:01.209 [info] Log level: Info
2024-05-13 23:15:01.209 [info] Validating found git in: "git"
2024-05-13 23:15:01.209 [info] Using git "2.17.1" from "git"
2024-05-13 23:15:01.209 [info] > git rev-parse --show-toplevel [1453ms]
2024-05-13 23:15:01.209 [info] > git rev-parse --git-dir --git-common-dir [126ms]
2024-05-13 23:15:01.209 [info] Open repository: /home/mi
2024-05-13 23:15:01.410 [info] > git rev-parse --show-toplevel [136ms]
2024-05-13 23:15:01.417 [info] > git config --get commit.template [163ms]
2024-05-13 23:15:01.590 [info] > git for-each-ref --format=%(refname)%00%(upstream:short)%00%(objectname)%00%(upstream:track)%00%(upstream:remotename)%00%(upstream:remoteref) refs/heads/whf_play refs/remotes/whf_play [107ms]
2024-05-13 23:15:01.626 [info] > git rev-parse --show-toplevel [181ms]
2024-05-13 23:15:02.158 [info] > git rev-parse --show-toplevel [465ms]
2024-05-13 23:15:02.229 [info] > git rev-parse --show-toplevel [18ms]
2024-05-13 23:15:02.300 [info] > git rev-parse --show-toplevel [17ms]
2024-05-13 23:15:02.472 [info] > git rev-parse --show-toplevel [29ms]
2024-05-13 23:15:02.881 [info] > git status -z -uall [1258ms] (cancelled)
2024-05-13 23:15:02.887 [info] > git check-ignore -v -z --stdin [129ms]
2024-05-13 23:15:02.910 [info] > git rev-parse --show-toplevel [393ms]
2024-05-13 23:15:03.047 [info] > git rev-parse --show-toplevel [90ms]
2024-05-13 23:15:03.166 [info] > git rev-parse --show-toplevel [97ms]
2024-05-13 23:15:04.215 [info] > git rev-parse --show-toplevel [781ms]
2024-05-13 23:15:05.550 [info] > git rev-parse --show-toplevel [1300ms]
2024-05-13 23:15:09.482 [info] > git rev-parse --show-toplevel [74ms]
2024-05-13 23:15:09.485 [info] > git config --get commit.template [94ms]
2024-05-13 23:15:09.531 [info] > git rev-parse --show-toplevel [28ms]
2024-05-13 23:15:09.534 [info] > git for-each-ref --format=%(refname)%00%(upstream:short)%00%(objectname)%00%(upstream:track)%00%(upstream:remotename)%00%(upstream:remoteref) refs/heads/whf_play refs/remotes/whf_play [8ms]
2024-05-13 23:15:09.640 [info] > git rev-parse --show-toplevel [62ms]
2024-05-13 23:15:09.666 [info] > git rev-parse --show-toplevel [7ms]
2024-05-13 23:15:09.741 [info] > git rev-parse --show-toplevel [56ms]
2024-05-13 23:15:09.766 [info] > git rev-parse --show-toplevel [6ms]
2024-05-13 23:15:09.788 [info] > git rev-parse --show-toplevel [4ms]
2024-05-13 23:15:09.815 [info] > git rev-parse --show-toplevel [3ms]
2024-05-13 23:15:09.840 [info] > git rev-parse --show-toplevel [7ms]
2024-05-13 23:15:09.862 [info] > git rev-parse --show-toplevel [4ms]
2024-05-13 23:15:09.887 [info] > git rev-parse --show-toplevel [5ms]
2024-05-13 23:15:09.910 [info] > git rev-parse --show-toplevel [5ms]
2024-05-13 23:15:10.010 [info] > git check-ignore -v -z --stdin [39ms]
2024-05-13 23:15:10.016 [info] > git rev-parse --show-toplevel [88ms]
2024-05-13 23:15:10.578 [info] > git status -z -uall [1023ms] (cancelled)
2024-05-13 23:15:10.579 [info] > git rev-parse --show-toplevel [543ms]
2024-05-13 23:15:15.254 [info] > git rev-parse --show-toplevel [119ms]
2024-05-13 23:15:15.552 [info] > git check-ignore -v -z --stdin [307ms]
2024-05-13 23:15:15.607 [info] > git rev-parse --show-toplevel [325ms]
2024-05-13 23:15:15.636 [info] > git rev-parse --show-toplevel [4ms]
2024-05-13 23:15:15.662 [info] > git rev-parse --show-toplevel [6ms]
2024-05-13 23:15:15.690 [info] > git rev-parse --show-toplevel [6ms]
2024-05-13 23:15:16.772 [info] > git show --textconv :README.md [763ms]
2024-05-13 23:15:16.775 [info] > git ls-files --stage -- /home/mi/README.md [725ms]
2024-05-13 23:15:16.819 [info] > git cat-file -s 7b01e21cfe3dad56c8a37ea5f2728290e55d4b0b [21ms]
2024-05-13 23:16:26.986 [info] > git check-ignore -v -z --stdin [17ms]
2024-05-13 23:16:29.295 [info] > git show --textconv :workplace/src/ai/ai/photo.py [41ms]
2024-05-13 23:16:29.305 [info] > git ls-files --stage -- /home/mi/workplace/src/ai/ai/photo.py [27ms]
2024-05-13 23:16:31.409 [info] > git cat-file -s 49a57b75ba31a8cb86618cf6c74eb1c4c0f99ab0 [2082ms]
2024-05-13 23:18:02.341 [info] > git show --textconv :README.md [39ms]
2024-05-13 23:18:02.356 [info] > git ls-files --stage -- /home/mi/README.md [27ms]
2024-05-13 23:18:02.387 [info] > git cat-file -s 7b01e21cfe3dad56c8a37ea5f2728290e55d4b0b [10ms]
