2024-05-05 09:27:23.443 [info] Log level: Info
2024-05-05 09:27:23.443 [info] Validating found git in: "D:pp2ititmdit.exe"
2024-05-05 09:27:23.443 [info] Unable to find git on the PATH: "D:pp2ititmdit.exe". Error: spawn D:pp2ititmdit.exe ENOENT
2024-05-05 09:27:23.443 [info] Validating found git in: "git"
2024-05-05 09:27:23.443 [info] Using git "2.17.1" from "git"
2024-05-05 09:27:23.443 [info] > git rev-parse --show-toplevel [38ms]
2024-05-05 09:27:23.531 [info] > git rev-parse --git-dir --git-common-dir [1531ms]
2024-05-05 09:27:23.596 [info] Open repository: /home/mi
2024-05-05 09:27:23.658 [info] > git rev-parse --show-toplevel [19ms]
2024-05-05 09:27:23.664 [info] > git config --get commit.template [37ms]
2024-05-05 09:27:23.753 [info] > git rev-parse --show-toplevel [69ms]
2024-05-05 09:27:23.824 [info] > git for-each-ref --format=%(refname)%00%(upstream:short)%00%(objectname)%00%(upstream:track)%00%(upstream:remotename)%00%(upstream:remoteref) refs/heads/main refs/remotes/main [101ms]
2024-05-05 09:27:23.895 [info] > git rev-parse --show-toplevel [126ms]
2024-05-05 09:27:23.936 [info] > git rev-parse --show-toplevel [24ms]
2024-05-05 09:27:23.991 [info] > git rev-parse --show-toplevel [39ms]
2024-05-05 09:27:24.100 [info] > git rev-parse --show-toplevel [88ms]
2024-05-05 09:27:24.127 [info] > git rev-parse --show-toplevel [5ms]
2024-05-05 09:27:24.148 [info] > git rev-parse --show-toplevel [5ms]
2024-05-05 09:27:24.174 [info] > git rev-parse --show-toplevel [5ms]
2024-05-05 09:27:24.203 [info] > git rev-parse --show-toplevel [7ms]
2024-05-05 09:27:24.233 [info] > git status -z -uall [262ms]
2024-05-05 09:27:25.087 [info] > git merge-base refs/heads/main refs/remotes/origin/main [807ms]
2024-05-05 09:27:25.109 [info] > git rev-parse --show-toplevel [887ms]
2024-05-05 09:27:25.806 [info] > git check-ignore -v -z --stdin [673ms]
2024-05-05 09:27:25.814 [info] > git rev-list --count --left-right refs/heads/main...refs/remotes/origin/main [707ms]
2024-05-05 09:27:25.839 [info] > git config --get commit.template [758ms]
2024-05-05 09:27:25.873 [info] > git diff --name-status -z --diff-filter=ADMR 1785e2ffb5c58c7a4e066a01d5440065b3639e73...refs/remotes/origin/main [40ms]
2024-05-05 09:27:25.878 [info] > git rev-parse --show-toplevel [75ms]
2024-05-05 09:27:25.913 [info] > git for-each-ref --format=%(refname)%00%(upstream:short)%00%(objectname)%00%(upstream:track)%00%(upstream:remotename)%00%(upstream:remoteref) refs/heads/main refs/remotes/main [21ms]
2024-05-05 09:27:25.917 [info] > git rev-parse --show-toplevel [7ms]
2024-05-05 09:27:25.935 [info] > git rev-parse --show-toplevel [5ms]
2024-05-05 09:27:26.127 [info] > git rev-parse --show-toplevel [160ms]
2024-05-05 09:27:26.150 [info] > git rev-parse --show-toplevel [5ms]
2024-05-05 09:27:26.169 [info] > git status -z -uall [220ms]
2024-05-05 09:27:26.262 [info] > git rev-parse --show-toplevel [95ms]
2024-05-05 09:27:26.296 [info] > git rev-parse --show-toplevel [20ms]
2024-05-05 09:27:26.792 [info] > git rev-parse --show-toplevel [88ms]
2024-05-05 09:27:26.811 [info] > git rev-parse --show-toplevel [5ms]
2024-05-05 09:27:26.837 [info] > git rev-parse --show-toplevel [7ms]
2024-05-05 09:27:26.854 [info] > git rev-parse --show-toplevel [4ms]
2024-05-05 09:27:26.873 [info] > git rev-parse --show-toplevel [4ms]
2024-05-05 09:27:26.890 [info] > git rev-parse --show-toplevel [3ms]
2024-05-05 09:27:26.911 [info] > git rev-parse --show-toplevel [8ms]
2024-05-05 09:27:26.929 [info] > git rev-parse --show-toplevel [3ms]
2024-05-05 09:27:26.947 [info] > git rev-parse --show-toplevel [4ms]
2024-05-05 09:27:26.966 [info] > git rev-parse --show-toplevel [3ms]
2024-05-05 09:27:26.985 [info] > git rev-parse --show-toplevel [2ms]
2024-05-05 09:27:27.009 [info] > git rev-parse --show-toplevel [7ms]
2024-05-05 09:27:27.378 [info] > git check-ignore -v -z --stdin [23ms]
2024-05-05 09:27:28.594 [info] > git check-ignore -v -z --stdin [24ms]
2024-05-05 09:27:31.185 [info] > git check-ignore -v -z --stdin [27ms]
2024-05-05 09:27:32.724 [info] > git check-ignore -v -z --stdin [32ms]
2024-05-05 09:27:40.542 [info] > git config --get commit.template [308ms]
2024-05-05 09:27:40.623 [info] > git show --textconv :workplace/src/learning/learning/camera.py [54ms]
2024-05-05 09:27:40.639 [info] > git for-each-ref --format=%(refname)%00%(upstream:short)%00%(objectname)%00%(upstream:track)%00%(upstream:remotename)%00%(upstream:remoteref) refs/heads/main refs/remotes/main [21ms]
2024-05-05 09:27:40.640 [info] > git ls-files --stage -- /home/mi/workplace/src/learning/learning/camera.py [50ms]
2024-05-05 09:27:43.299 [info] > git cat-file -s 57d25ca86ebe15ac4fd13d672c220a5052800460 [2644ms]
2024-05-05 09:27:43.690 [info] > git status -z -uall [246ms]
2024-05-05 09:27:44.283 [info] > git check-ignore -v -z --stdin [482ms]
2024-05-05 09:27:46.040 [info] > git check-ignore -v -z --stdin [35ms]
2024-05-05 09:27:50.239 [info] > git show --textconv :README.md [137ms]
2024-05-05 09:27:50.242 [info] > git ls-files --stage -- /home/mi/README.md [88ms]
2024-05-05 09:27:50.276 [info] > git cat-file -s 77878e1b5fc68ff6eecacbf751c5cf9f5fa196dd [11ms]
2024-05-05 09:27:52.321 [info] > git config --get commit.template [204ms]
2024-05-05 09:27:52.394 [info] > git for-each-ref --format=%(refname)%00%(upstream:short)%00%(objectname)%00%(upstream:track)%00%(upstream:remotename)%00%(upstream:remoteref) refs/heads/main refs/remotes/main [14ms]
2024-05-05 09:27:52.712 [info] > git status -z -uall [279ms]
2024-05-05 09:29:09.605 [info] > git show --textconv :.bashrc [25ms]
2024-05-05 09:29:09.624 [info] > git ls-files --stage -- /home/mi/.bashrc [24ms]
2024-05-05 09:29:09.647 [info] > git cat-file -s 0787b3142632c83a88f185be4c1567c05cc2f849 [5ms]
2024-05-05 09:29:40.827 [info] > git show --textconv :workplace/src/learning/learning/track.py [32ms]
2024-05-05 09:29:40.852 [info] > git ls-files --stage -- /home/mi/workplace/src/learning/learning/track.py [34ms]
2024-05-05 09:29:40.878 [info] > git cat-file -s a962c6336d222a1efdebbf544f3a5b8f1d526b1d [8ms]
2024-05-05 09:29:45.268 [info] > git show --textconv :README.md [49ms]
2024-05-05 09:29:45.317 [info] > git ls-files --stage -- /home/mi/README.md [62ms]
2024-05-05 09:29:45.361 [info] > git cat-file -s 77878e1b5fc68ff6eecacbf751c5cf9f5fa196dd [25ms]
2024-05-05 09:30:38.093 [info] > git config --get commit.template [4ms]
2024-05-05 09:30:38.121 [info] > git for-each-ref --format=%(refname)%00%(upstream:short)%00%(objectname)%00%(upstream:track)%00%(upstream:remotename)%00%(upstream:remoteref) refs/heads/main refs/remotes/main [5ms]
2024-05-05 09:30:38.344 [info] > git status -z -uall [202ms]
