[4.079s] Invoking command in '/home/mi/workplace/src/learning': PYTHONPATH=/home/mi/workplace/install/learning/lib/python3.6/site-packages:${PYTHONPATH} /usr/bin/python3 setup.py egg_info --egg-base ../../build/learning build --build-base /home/mi/workplace/build/learning/build install --prefix /home/mi/workplace/install/learning --record /home/mi/workplace/build/learning/install.log --single-version-externally-managed
[5.540s] running egg_info
[5.542s] writing ../../build/learning/learning.egg-info/PKG-INFO
[5.543s] writing dependency_links to ../../build/learning/learning.egg-info/dependency_links.txt
[5.544s] writing entry points to ../../build/learning/learning.egg-info/entry_points.txt
[5.545s] writing requirements to ../../build/learning/learning.egg-info/requires.txt
[5.546s] writing top-level names to ../../build/learning/learning.egg-info/top_level.txt
[5.561s] reading manifest file '../../build/learning/learning.egg-info/SOURCES.txt'
[5.567s] writing manifest file '../../build/learning/learning.egg-info/SOURCES.txt'
[5.568s] running build
[5.569s] running build_py
[5.573s] running install
[5.575s] /usr/local/lib/python3.6/dist-packages/setuptools/command/install.py:37: SetuptoolsDeprecationWarning: setup.py install is deprecated. Use build and pip and other standards-based tools.
[5.576s]   setuptools.SetuptoolsDeprecationWarning,
[5.577s] running install_lib
[5.582s] running install_data
[5.585s] running install_egg_info
[5.592s] removing '/home/mi/workplace/install/learning/lib/python3.6/site-packages/learning-0.0.0-py3.6.egg-info' (and everything under it)
[5.594s] Copying ../../build/learning/learning.egg-info to /home/mi/workplace/install/learning/lib/python3.6/site-packages/learning-0.0.0-py3.6.egg-info
[5.598s] running install_scripts
[5.685s] Installing camera script to /home/mi/workplace/install/learning/lib/learning
[5.686s] Installing crash script to /home/mi/workplace/install/learning/lib/learning
[5.692s] Installing data_receive script to /home/mi/workplace/install/learning/lib/learning
[5.693s] Installing rgb script to /home/mi/workplace/install/learning/lib/learning
[5.694s] Installing rotate_until_center1 = learning.rotate_until_center1walk_t_sec script to /home/mi/workplace/install/learning/lib/learning
[5.695s] Installing stand script to /home/mi/workplace/install/learning/lib/learning
[5.695s] Installing track script to /home/mi/workplace/install/learning/lib/learning
[5.696s] Installing walktest script to /home/mi/workplace/install/learning/lib/learning
[5.697s] writing list of installed files to '/home/mi/workplace/build/learning/install.log'
[5.809s] Invoked command in '/home/mi/workplace/src/learning' returned '0': PYTHONPATH=/home/mi/workplace/install/learning/lib/python3.6/site-packages:${PYTHONPATH} /usr/bin/python3 setup.py egg_info --egg-base ../../build/learning build --build-base /home/mi/workplace/build/learning/build install --prefix /home/mi/workplace/install/learning --record /home/mi/workplace/build/learning/install.log --single-version-externally-managed
