[4.198s] Invoking command in '/home/mi/workplace/src/learning': PYTHONPATH=/home/mi/workplace/install/learning/lib/python3.6/site-packages:${PYTHONPATH} /usr/bin/python3 setup.py egg_info --egg-base ../../build/learning build --build-base /home/mi/workplace/build/learning/build install --prefix /home/mi/workplace/install/learning --record /home/mi/workplace/build/learning/install.log --single-version-externally-managed
[5.685s] running egg_info
[5.687s] writing ../../build/learning/learning.egg-info/PKG-INFO
[5.688s] writing dependency_links to ../../build/learning/learning.egg-info/dependency_links.txt
[5.690s] writing entry points to ../../build/learning/learning.egg-info/entry_points.txt
[5.691s] writing requirements to ../../build/learning/learning.egg-info/requires.txt
[5.691s] writing top-level names to ../../build/learning/learning.egg-info/top_level.txt
[5.707s] reading manifest file '../../build/learning/learning.egg-info/SOURCES.txt'
[5.716s] writing manifest file '../../build/learning/learning.egg-info/SOURCES.txt'
[5.717s] running build
[5.717s] running build_py
[5.718s] copying learning/goal.py -> /home/mi/workplace/build/learning/build/lib/learning
[5.720s] running install
[5.722s] /usr/local/lib/python3.6/dist-packages/setuptools/command/install.py:37: SetuptoolsDeprecationWarning: setup.py install is deprecated. Use build and pip and other standards-based tools.
[5.722s]   setuptools.SetuptoolsDeprecationWarning,
[5.723s] running install_lib
[5.726s] copying /home/mi/workplace/build/learning/build/lib/learning/goal.py -> /home/mi/workplace/install/learning/lib/python3.6/site-packages/learning
[5.730s] byte-compiling /home/mi/workplace/install/learning/lib/python3.6/site-packages/learning/goal.py to goal.cpython-36.pyc
[5.732s] running install_data
[5.734s] running install_egg_info
[5.741s] removing '/home/mi/workplace/install/learning/lib/python3.6/site-packages/learning-0.0.0-py3.6.egg-info' (and everything under it)
[5.743s] Copying ../../build/learning/learning.egg-info to /home/mi/workplace/install/learning/lib/python3.6/site-packages/learning-0.0.0-py3.6.egg-info
[5.748s] running install_scripts
[5.839s] Installing camera script to /home/mi/workplace/install/learning/lib/learning
[5.839s] Installing crash script to /home/mi/workplace/install/learning/lib/learning
[5.840s] Installing data_receive script to /home/mi/workplace/install/learning/lib/learning
[5.841s] Installing goal script to /home/mi/workplace/install/learning/lib/learning
[5.842s] Installing rgb script to /home/mi/workplace/install/learning/lib/learning
[5.842s] Installing rotate_until_center1 script to /home/mi/workplace/install/learning/lib/learning
[5.843s] Installing stand script to /home/mi/workplace/install/learning/lib/learning
[5.844s] Installing track script to /home/mi/workplace/install/learning/lib/learning
[5.844s] Installing walk_t_sec script to /home/mi/workplace/install/learning/lib/learning
[5.845s] Installing walktest script to /home/mi/workplace/install/learning/lib/learning
[5.848s] writing list of installed files to '/home/mi/workplace/build/learning/install.log'
[5.963s] Invoked command in '/home/mi/workplace/src/learning' returned '0': PYTHONPATH=/home/mi/workplace/install/learning/lib/python3.6/site-packages:${PYTHONPATH} /usr/bin/python3 setup.py egg_info --egg-base ../../build/learning build --build-base /home/mi/workplace/build/learning/build install --prefix /home/mi/workplace/install/learning --record /home/mi/workplace/build/learning/install.log --single-version-externally-managed
