[4.078s] Invoking command in '/home/mi/workplace/src/learning': PYTHONPATH=/home/mi/workplace/install/learning/lib/python3.6/site-packages:${PYTHONPATH} /usr/bin/python3 setup.py egg_info --egg-base ../../build/learning build --build-base /home/mi/workplace/build/learning/build install --prefix /home/mi/workplace/install/learning --record /home/mi/workplace/build/learning/install.log --single-version-externally-managed
[5.763s] running egg_info
[5.767s] writing ../../build/learning/learning.egg-info/PKG-INFO
[5.768s] writing dependency_links to ../../build/learning/learning.egg-info/dependency_links.txt
[5.772s] writing entry points to ../../build/learning/learning.egg-info/entry_points.txt
[5.773s] writing requirements to ../../build/learning/learning.egg-info/requires.txt
[5.773s] writing top-level names to ../../build/learning/learning.egg-info/top_level.txt
[5.790s] reading manifest file '../../build/learning/learning.egg-info/SOURCES.txt'
[5.798s] writing manifest file '../../build/learning/learning.egg-info/SOURCES.txt'
[5.799s] running build
[5.800s] running build_py
[5.810s] copying learning/walk_t_sec.py -> /home/mi/workplace/build/learning/build/lib/learning
[5.811s] running install
[5.815s] running install_lib
[5.820s] /usr/local/lib/python3.6/dist-packages/setuptools/command/install.py:37: SetuptoolsDeprecationWarning: setup.py install is deprecated. Use build and pip and other standards-based tools.
[5.821s]   setuptools.SetuptoolsDeprecationWarning,
[5.821s] copying /home/mi/workplace/build/learning/build/lib/learning/walk_t_sec.py -> /home/mi/workplace/install/learning/lib/python3.6/site-packages/learning
[5.825s] byte-compiling /home/mi/workplace/install/learning/lib/python3.6/site-packages/learning/walk_t_sec.py to walk_t_sec.cpython-36.pyc
[5.831s] running install_data
[5.834s] running install_egg_info
[5.843s] removing '/home/mi/workplace/install/learning/lib/python3.6/site-packages/learning-0.0.0-py3.6.egg-info' (and everything under it)
[5.846s] Copying ../../build/learning/learning.egg-info to /home/mi/workplace/install/learning/lib/python3.6/site-packages/learning-0.0.0-py3.6.egg-info
[5.851s] running install_scripts
[5.960s] Installing camera script to /home/mi/workplace/install/learning/lib/learning
[5.961s] Installing crash script to /home/mi/workplace/install/learning/lib/learning
[5.962s] Installing data_receive script to /home/mi/workplace/install/learning/lib/learning
[5.965s] Installing goal script to /home/mi/workplace/install/learning/lib/learning
[5.969s] Installing rgb script to /home/mi/workplace/install/learning/lib/learning
[5.970s] Installing rotate_until_center1 script to /home/mi/workplace/install/learning/lib/learning
[5.970s] Installing stand script to /home/mi/workplace/install/learning/lib/learning
[5.971s] Installing track script to /home/mi/workplace/install/learning/lib/learning
[5.971s] Installing walk_t_sec script to /home/mi/workplace/install/learning/lib/learning
[5.981s] Installing walktest script to /home/mi/workplace/install/learning/lib/learning
[5.982s] writing list of installed files to '/home/mi/workplace/build/learning/install.log'
[6.101s] Invoked command in '/home/mi/workplace/src/learning' returned '0': PYTHONPATH=/home/mi/workplace/install/learning/lib/python3.6/site-packages:${PYTHONPATH} /usr/bin/python3 setup.py egg_info --egg-base ../../build/learning build --build-base /home/mi/workplace/build/learning/build install --prefix /home/mi/workplace/install/learning --record /home/mi/workplace/build/learning/install.log --single-version-externally-managed
