[3.920s] Invoking command in '/home/mi/workplace/src/learning': PYTHONPATH=/home/mi/workplace/install/learning/lib/python3.6/site-packages:${PYTHONPATH} /usr/bin/python3 setup.py egg_info --egg-base ../../build/learning build --build-base /home/mi/workplace/build/learning/build install --prefix /home/mi/workplace/install/learning --record /home/mi/workplace/build/learning/install.log --single-version-externally-managed
[5.446s] running egg_info
[5.450s] writing ../../build/learning/learning.egg-info/PKG-INFO
[5.455s] writing dependency_links to ../../build/learning/learning.egg-info/dependency_links.txt
[5.456s] writing entry points to ../../build/learning/learning.egg-info/entry_points.txt
[5.457s] writing requirements to ../../build/learning/learning.egg-info/requires.txt
[5.457s] writing top-level names to ../../build/learning/learning.egg-info/top_level.txt
[5.474s] reading manifest file '../../build/learning/learning.egg-info/SOURCES.txt'
[5.481s] writing manifest file '../../build/learning/learning.egg-info/SOURCES.txt'
[5.482s] running build
[5.483s] running build_py
[5.484s] copying learning/walk_t_sec.py -> /home/mi/workplace/build/learning/build/lib/learning
[5.488s] running install
[5.489s] /usr/local/lib/python3.6/dist-packages/setuptools/command/install.py:37: SetuptoolsDeprecationWarning: setup.py install is deprecated. Use build and pip and other standards-based tools.
[5.490s]   setuptools.SetuptoolsDeprecationWarning,
[5.492s] running install_lib
[5.497s] copying /home/mi/workplace/build/learning/build/lib/learning/walk_t_sec.py -> /home/mi/workplace/install/learning/lib/python3.6/site-packages/learning
[5.501s] byte-compiling /home/mi/workplace/install/learning/lib/python3.6/site-packages/learning/walk_t_sec.py to walk_t_sec.cpython-36.pyc
[5.507s] running install_data
[5.510s] running install_egg_info
[5.519s] removing '/home/mi/workplace/install/learning/lib/python3.6/site-packages/learning-0.0.0-py3.6.egg-info' (and everything under it)
[5.521s] Copying ../../build/learning/learning.egg-info to /home/mi/workplace/install/learning/lib/python3.6/site-packages/learning-0.0.0-py3.6.egg-info
[5.528s] running install_scripts
[5.630s] Installing camera script to /home/mi/workplace/install/learning/lib/learning
[5.631s] Installing crash script to /home/mi/workplace/install/learning/lib/learning
[5.632s] Installing data_receive script to /home/mi/workplace/install/learning/lib/learning
[5.633s] Installing rgb script to /home/mi/workplace/install/learning/lib/learning
[5.634s] Installing rotate_until_center1 script to /home/mi/workplace/install/learning/lib/learning
[5.635s] Installing stand script to /home/mi/workplace/install/learning/lib/learning
[5.638s] Installing track script to /home/mi/workplace/install/learning/lib/learning
[5.639s] Installing walk_t_sec script to /home/mi/workplace/install/learning/lib/learning
[5.639s] Installing walktest script to /home/mi/workplace/install/learning/lib/learning
[5.641s] writing list of installed files to '/home/mi/workplace/build/learning/install.log'
[5.765s] Invoked command in '/home/mi/workplace/src/learning' returned '0': PYTHONPATH=/home/mi/workplace/install/learning/lib/python3.6/site-packages:${PYTHONPATH} /usr/bin/python3 setup.py egg_info --egg-base ../../build/learning build --build-base /home/mi/workplace/build/learning/build install --prefix /home/mi/workplace/install/learning --record /home/mi/workplace/build/learning/install.log --single-version-externally-managed
