[5.170s] Invoking command in '/home/mi/workplace/src/learning': PYTHONPATH=/home/mi/install/learning/lib/python3.6/site-packages:${PYTHONPATH} /usr/bin/python3 setup.py egg_info --egg-base ../../../build/learning build --build-base /home/mi/build/learning/build install --prefix /home/mi/install/learning --record /home/mi/build/learning/install.log --single-version-externally-managed
[6.780s] running egg_info
[6.780s] writing ../../../build/learning/learning.egg-info/PKG-INFO
[6.785s] writing dependency_links to ../../../build/learning/learning.egg-info/dependency_links.txt
[6.785s] writing entry points to ../../../build/learning/learning.egg-info/entry_points.txt
[6.786s] writing requirements to ../../../build/learning/learning.egg-info/requires.txt
[6.787s] writing top-level names to ../../../build/learning/learning.egg-info/top_level.txt
[6.802s] reading manifest file '../../../build/learning/learning.egg-info/SOURCES.txt'
[6.810s] writing manifest file '../../../build/learning/learning.egg-info/SOURCES.txt'
[6.811s] running build
[6.812s] running build_py
[6.817s] copying learning/get_loc.py -> /home/mi/build/learning/build/lib/learning
[6.818s] copying learning/move_x.py -> /home/mi/build/learning/build/lib/learning
[6.823s] /usr/local/lib/python3.6/dist-packages/setuptools/command/install.py:37: SetuptoolsDeprecationWarning: setup.py install is deprecated. Use build and pip and other standards-based tools.
[6.825s]   setuptools.SetuptoolsDeprecationWarning,
[6.826s] running install
[6.826s] running install_lib
[6.829s] copying /home/mi/build/learning/build/lib/learning/get_loc.py -> /home/mi/install/learning/lib/python3.6/site-packages/learning
[6.831s] copying /home/mi/build/learning/build/lib/learning/move_x.py -> /home/mi/install/learning/lib/python3.6/site-packages/learning
[6.836s] byte-compiling /home/mi/install/learning/lib/python3.6/site-packages/learning/get_loc.py to get_loc.cpython-36.pyc
[6.842s] byte-compiling /home/mi/install/learning/lib/python3.6/site-packages/learning/move_x.py to move_x.cpython-36.pyc
[6.851s] running install_data
[6.854s] running install_egg_info
[6.859s] removing '/home/mi/install/learning/lib/python3.6/site-packages/learning-0.0.0-py3.6.egg-info' (and everything under it)
[6.864s] Copying ../../../build/learning/learning.egg-info to /home/mi/install/learning/lib/python3.6/site-packages/learning-0.0.0-py3.6.egg-info
[6.866s] running install_scripts
[6.959s] Installing camera script to /home/mi/install/learning/lib/learning
[6.968s] Installing crash script to /home/mi/install/learning/lib/learning
[6.973s] Installing data_receive script to /home/mi/install/learning/lib/learning
[6.974s] Installing get_data script to /home/mi/install/learning/lib/learning
[6.974s] Installing goal script to /home/mi/install/learning/lib/learning
[6.975s] Installing keeper script to /home/mi/install/learning/lib/learning
[6.981s] Installing main_node script to /home/mi/install/learning/lib/learning
[6.981s] Installing move_x script to /home/mi/install/learning/lib/learning
[6.982s] Installing rgb script to /home/mi/install/learning/lib/learning
[6.983s] Installing rotate script to /home/mi/install/learning/lib/learning
[6.983s] Installing rotate_until_center1 script to /home/mi/install/learning/lib/learning
[6.984s] Installing stand script to /home/mi/install/learning/lib/learning
[6.984s] Installing track script to /home/mi/install/learning/lib/learning
[6.985s] Installing walk_t_sec script to /home/mi/install/learning/lib/learning
[6.985s] Installing walktest script to /home/mi/install/learning/lib/learning
[7.000s] writing list of installed files to '/home/mi/build/learning/install.log'
[7.135s] Invoked command in '/home/mi/workplace/src/learning' returned '0': PYTHONPATH=/home/mi/install/learning/lib/python3.6/site-packages:${PYTHONPATH} /usr/bin/python3 setup.py egg_info --egg-base ../../../build/learning build --build-base /home/mi/build/learning/build install --prefix /home/mi/install/learning --record /home/mi/build/learning/install.log --single-version-externally-managed
