[4.285s] Invoking command in '/home/mi/workplace/src/ai': PYTHONPATH=/home/mi/workplace/install/ai/lib/python3.6/site-packages:${PYTHONPATH} /usr/bin/python3 setup.py egg_info --egg-base ../../build/ai build --build-base /home/mi/workplace/build/ai/build install --prefix /home/mi/workplace/install/ai --record /home/mi/workplace/build/ai/install.log --single-version-externally-managed
[6.001s] running egg_info
[6.003s] writing ../../build/ai/ai.egg-info/PKG-INFO
[6.005s] writing dependency_links to ../../build/ai/ai.egg-info/dependency_links.txt
[6.008s] writing entry points to ../../build/ai/ai.egg-info/entry_points.txt
[6.012s] writing requirements to ../../build/ai/ai.egg-info/requires.txt
[6.013s] writing top-level names to ../../build/ai/ai.egg-info/top_level.txt
[6.028s] reading manifest file '../../build/ai/ai.egg-info/SOURCES.txt'
[6.034s] writing manifest file '../../build/ai/ai.egg-info/SOURCES.txt'
[6.036s] running build
[6.038s] running build_py
[6.040s] copying ai/photo.py -> /home/mi/workplace/build/ai/build/lib/ai
[6.041s] running install
[6.042s] /usr/local/lib/python3.6/dist-packages/setuptools/command/install.py:37: SetuptoolsDeprecationWarning: setup.py install is deprecated. Use build and pip and other standards-based tools.
[6.042s]   setuptools.SetuptoolsDeprecationWarning,
[6.043s] running install_lib
[6.044s] copying /home/mi/workplace/build/ai/build/lib/ai/photo.py -> /home/mi/workplace/install/ai/lib/python3.6/site-packages/ai
[6.045s] byte-compiling /home/mi/workplace/install/ai/lib/python3.6/site-packages/ai/photo.py to photo.cpython-36.pyc
[6.050s] running install_data
[6.052s] running install_egg_info
[6.060s] removing '/home/mi/workplace/install/ai/lib/python3.6/site-packages/ai-0.0.0-py3.6.egg-info' (and everything under it)
[6.062s] Copying ../../build/ai/ai.egg-info to /home/mi/workplace/install/ai/lib/python3.6/site-packages/ai-0.0.0-py3.6.egg-info
[6.067s] running install_scripts
[6.164s] Installing photo script to /home/mi/workplace/install/ai/lib/ai
[6.173s] writing list of installed files to '/home/mi/workplace/build/ai/install.log'
[6.289s] Invoked command in '/home/mi/workplace/src/ai' returned '0': PYTHONPATH=/home/mi/workplace/install/ai/lib/python3.6/site-packages:${PYTHONPATH} /usr/bin/python3 setup.py egg_info --egg-base ../../build/ai build --build-base /home/mi/workplace/build/ai/build install --prefix /home/mi/workplace/install/ai --record /home/mi/workplace/build/ai/install.log --single-version-externally-managed
