[4.151s] Invoking command in '/home/mi/workplace/src/learning': PYTHONPATH=/home/mi/workplace/install/learning/lib/python3.6/site-packages:${PYTHONPATH} /usr/bin/python3 setup.py egg_info --egg-base ../../build/learning build --build-base /home/mi/workplace/build/learning/build install --prefix /home/mi/workplace/install/learning --record /home/mi/workplace/build/learning/install.log --single-version-externally-managed
[5.691s] running egg_info
[5.693s] writing ../../build/learning/learning.egg-info/PKG-INFO
[5.695s] writing dependency_links to ../../build/learning/learning.egg-info/dependency_links.txt
[5.697s] writing entry points to ../../build/learning/learning.egg-info/entry_points.txt
[5.697s] writing requirements to ../../build/learning/learning.egg-info/requires.txt
[5.698s] writing top-level names to ../../build/learning/learning.egg-info/top_level.txt
[5.712s] reading manifest file '../../build/learning/learning.egg-info/SOURCES.txt'
[5.718s] writing manifest file '../../build/learning/learning.egg-info/SOURCES.txt'
[5.720s] running build
[5.721s] running build_py
[5.722s] copying learning/track.py -> /home/mi/workplace/build/learning/build/lib/learning
[5.724s] running install
[5.725s] /usr/local/lib/python3.6/dist-packages/setuptools/command/install.py:37: SetuptoolsDeprecationWarning: setup.py install is deprecated. Use build and pip and other standards-based tools.
[5.726s]   setuptools.SetuptoolsDeprecationWarning,
[5.727s] running install_lib
[5.731s] copying /home/mi/workplace/build/learning/build/lib/learning/track.py -> /home/mi/workplace/install/learning/lib/python3.6/site-packages/learning
[5.733s] byte-compiling /home/mi/workplace/install/learning/lib/python3.6/site-packages/learning/track.py to track.cpython-36.pyc
[5.737s] running install_data
[5.740s] running install_egg_info
[5.746s] removing '/home/mi/workplace/install/learning/lib/python3.6/site-packages/learning-0.0.0-py3.6.egg-info' (and everything under it)
[5.748s] Copying ../../build/learning/learning.egg-info to /home/mi/workplace/install/learning/lib/python3.6/site-packages/learning-0.0.0-py3.6.egg-info
[5.752s] running install_scripts
[5.848s] Installing camera script to /home/mi/workplace/install/learning/lib/learning
[5.855s] Installing crash script to /home/mi/workplace/install/learning/lib/learning
[5.858s] Installing rgb script to /home/mi/workplace/install/learning/lib/learning
[5.860s] Installing stand script to /home/mi/workplace/install/learning/lib/learning
[5.861s] Installing track script to /home/mi/workplace/install/learning/lib/learning
[5.862s] Installing walktest script to /home/mi/workplace/install/learning/lib/learning
[5.862s] writing list of installed files to '/home/mi/workplace/build/learning/install.log'
[5.985s] Invoked command in '/home/mi/workplace/src/learning' returned '0': PYTHONPATH=/home/mi/workplace/install/learning/lib/python3.6/site-packages:${PYTHONPATH} /usr/bin/python3 setup.py egg_info --egg-base ../../build/learning build --build-base /home/mi/workplace/build/learning/build install --prefix /home/mi/workplace/install/learning --record /home/mi/workplace/build/learning/install.log --single-version-externally-managed
