[4.735s] Invoking command in '/home/mi/workplace/src/learning': PYTHONPATH=/home/mi/workplace/install/learning/lib/python3.6/site-packages:${PYTHONPATH} /usr/bin/python3 setup.py egg_info --egg-base ../../build/learning build --build-base /home/mi/workplace/build/learning/build install --prefix /home/mi/workplace/install/learning --record /home/mi/workplace/build/learning/install.log --single-version-externally-managed
[6.408s] running egg_info
[6.410s] writing ../../build/learning/learning.egg-info/PKG-INFO
[6.414s] writing dependency_links to ../../build/learning/learning.egg-info/dependency_links.txt
[6.415s] writing entry points to ../../build/learning/learning.egg-info/entry_points.txt
[6.421s] writing requirements to ../../build/learning/learning.egg-info/requires.txt
[6.421s] writing top-level names to ../../build/learning/learning.egg-info/top_level.txt
[6.435s] reading manifest file '../../build/learning/learning.egg-info/SOURCES.txt'
[6.442s] writing manifest file '../../build/learning/learning.egg-info/SOURCES.txt'
[6.442s] running build
[6.443s] running build_py
[6.447s] copying learning/get_data.py -> /home/mi/workplace/build/learning/build/lib/learning
[6.449s] running install
[6.450s] /usr/local/lib/python3.6/dist-packages/setuptools/command/install.py:37: SetuptoolsDeprecationWarning: setup.py install is deprecated. Use build and pip and other standards-based tools.
[6.450s]   setuptools.SetuptoolsDeprecationWarning,
[6.451s] running install_lib
[6.457s] copying /home/mi/workplace/build/learning/build/lib/learning/get_data.py -> /home/mi/workplace/install/learning/lib/python3.6/site-packages/learning
[6.462s] byte-compiling /home/mi/workplace/install/learning/lib/python3.6/site-packages/learning/get_data.py to get_data.cpython-36.pyc
[6.466s] running install_data
[6.468s] running install_egg_info
[6.486s] removing '/home/mi/workplace/install/learning/lib/python3.6/site-packages/learning-0.0.0-py3.6.egg-info' (and everything under it)
[6.487s] Copying ../../build/learning/learning.egg-info to /home/mi/workplace/install/learning/lib/python3.6/site-packages/learning-0.0.0-py3.6.egg-info
[6.487s] running install_scripts
[6.592s] Installing camera script to /home/mi/workplace/install/learning/lib/learning
[6.594s] Installing crash script to /home/mi/workplace/install/learning/lib/learning
[6.595s] Installing data_receive script to /home/mi/workplace/install/learning/lib/learning
[6.598s] Installing get_data script to /home/mi/workplace/install/learning/lib/learning
[6.599s] Installing goal script to /home/mi/workplace/install/learning/lib/learning
[6.600s] Installing rgb script to /home/mi/workplace/install/learning/lib/learning
[6.601s] Installing rotate script to /home/mi/workplace/install/learning/lib/learning
[6.602s] Installing rotate_until_center1 script to /home/mi/workplace/install/learning/lib/learning
[6.603s] Installing stand script to /home/mi/workplace/install/learning/lib/learning
[6.606s] Installing track script to /home/mi/workplace/install/learning/lib/learning
[6.607s] Installing walk_t_sec script to /home/mi/workplace/install/learning/lib/learning
[6.608s] Installing walktest script to /home/mi/workplace/install/learning/lib/learning
[6.608s] writing list of installed files to '/home/mi/workplace/build/learning/install.log'
[6.725s] Invoked command in '/home/mi/workplace/src/learning' returned '0': PYTHONPATH=/home/mi/workplace/install/learning/lib/python3.6/site-packages:${PYTHONPATH} /usr/bin/python3 setup.py egg_info --egg-base ../../build/learning build --build-base /home/mi/workplace/build/learning/build install --prefix /home/mi/workplace/install/learning --record /home/mi/workplace/build/learning/install.log --single-version-externally-managed
