/home/mi/install/learning/lib/python3.6/site-packages/learning/routine.py
/home/mi/install/learning/lib/python3.6/site-packages/learning/keeper.py
/home/mi/install/learning/lib/python3.6/site-packages/learning/main_node.py
/home/mi/install/learning/lib/python3.6/site-packages/learning/walk.py
/home/mi/install/learning/lib/python3.6/site-packages/learning/rotate_to_line.py
/home/mi/install/learning/lib/python3.6/site-packages/learning/sensor_node.py
/home/mi/install/learning/lib/python3.6/site-packages/learning/see_and_crash.py
/home/mi/install/learning/lib/python3.6/site-packages/learning/crash.py
/home/mi/install/learning/lib/python3.6/site-packages/learning/move_node.py
/home/mi/install/learning/lib/python3.6/site-packages/learning/striker.py
/home/mi/install/learning/lib/python3.6/site-packages/learning/safe.py
/home/mi/install/learning/lib/python3.6/site-packages/learning/test.py
/home/mi/install/learning/lib/python3.6/site-packages/learning/walktest.py
/home/mi/install/learning/lib/python3.6/site-packages/learning/walk_t_sec.py
/home/mi/install/learning/lib/python3.6/site-packages/learning/sit.py
/home/mi/install/learning/lib/python3.6/site-packages/learning/make_goal.py
/home/mi/install/learning/lib/python3.6/site-packages/learning/shoot.py
/home/mi/install/learning/lib/python3.6/site-packages/learning/ZED_Tracker_color_range.py
/home/mi/install/learning/lib/python3.6/site-packages/learning/geometry.py
/home/mi/install/learning/lib/python3.6/site-packages/learning/__init__.py
/home/mi/install/learning/lib/python3.6/site-packages/learning/stop_node.py
/home/mi/install/learning/lib/python3.6/site-packages/learning/camera.py
/home/mi/install/learning/lib/python3.6/site-packages/learning/move_x.py
/home/mi/install/learning/lib/python3.6/site-packages/learning/get_data.py
/home/mi/install/learning/lib/python3.6/site-packages/learning/obstacle.py
/home/mi/install/learning/lib/python3.6/site-packages/learning/stand.py
/home/mi/install/learning/lib/python3.6/site-packages/learning/track.py
/home/mi/install/learning/lib/python3.6/site-packages/learning/rotate.py
/home/mi/install/learning/lib/python3.6/site-packages/learning/goal.py
/home/mi/install/learning/lib/python3.6/site-packages/learning/rgb_cam_suber.py
/home/mi/install/learning/lib/python3.6/site-packages/learning/__pycache__/routine.cpython-36.pyc
/home/mi/install/learning/lib/python3.6/site-packages/learning/__pycache__/keeper.cpython-36.pyc
/home/mi/install/learning/lib/python3.6/site-packages/learning/__pycache__/main_node.cpython-36.pyc
/home/mi/install/learning/lib/python3.6/site-packages/learning/__pycache__/walk.cpython-36.pyc
/home/mi/install/learning/lib/python3.6/site-packages/learning/__pycache__/rotate_to_line.cpython-36.pyc
/home/mi/install/learning/lib/python3.6/site-packages/learning/__pycache__/sensor_node.cpython-36.pyc
/home/mi/install/learning/lib/python3.6/site-packages/learning/__pycache__/see_and_crash.cpython-36.pyc
/home/mi/install/learning/lib/python3.6/site-packages/learning/__pycache__/crash.cpython-36.pyc
/home/mi/install/learning/lib/python3.6/site-packages/learning/__pycache__/move_node.cpython-36.pyc
/home/mi/install/learning/lib/python3.6/site-packages/learning/__pycache__/striker.cpython-36.pyc
/home/mi/install/learning/lib/python3.6/site-packages/learning/__pycache__/safe.cpython-36.pyc
/home/mi/install/learning/lib/python3.6/site-packages/learning/__pycache__/test.cpython-36.pyc
/home/mi/install/learning/lib/python3.6/site-packages/learning/__pycache__/walktest.cpython-36.pyc
/home/mi/install/learning/lib/python3.6/site-packages/learning/__pycache__/walk_t_sec.cpython-36.pyc
/home/mi/install/learning/lib/python3.6/site-packages/learning/__pycache__/sit.cpython-36.pyc
/home/mi/install/learning/lib/python3.6/site-packages/learning/__pycache__/make_goal.cpython-36.pyc
/home/mi/install/learning/lib/python3.6/site-packages/learning/__pycache__/shoot.cpython-36.pyc
/home/mi/install/learning/lib/python3.6/site-packages/learning/__pycache__/ZED_Tracker_color_range.cpython-36.pyc
/home/mi/install/learning/lib/python3.6/site-packages/learning/__pycache__/geometry.cpython-36.pyc
/home/mi/install/learning/lib/python3.6/site-packages/learning/__pycache__/__init__.cpython-36.pyc
/home/mi/install/learning/lib/python3.6/site-packages/learning/__pycache__/stop_node.cpython-36.pyc
/home/mi/install/learning/lib/python3.6/site-packages/learning/__pycache__/camera.cpython-36.pyc
/home/mi/install/learning/lib/python3.6/site-packages/learning/__pycache__/move_x.cpython-36.pyc
/home/mi/install/learning/lib/python3.6/site-packages/learning/__pycache__/get_data.cpython-36.pyc
/home/mi/install/learning/lib/python3.6/site-packages/learning/__pycache__/obstacle.cpython-36.pyc
/home/mi/install/learning/lib/python3.6/site-packages/learning/__pycache__/stand.cpython-36.pyc
/home/mi/install/learning/lib/python3.6/site-packages/learning/__pycache__/track.cpython-36.pyc
/home/mi/install/learning/lib/python3.6/site-packages/learning/__pycache__/rotate.cpython-36.pyc
/home/mi/install/learning/lib/python3.6/site-packages/learning/__pycache__/goal.cpython-36.pyc
/home/mi/install/learning/lib/python3.6/site-packages/learning/__pycache__/rgb_cam_suber.cpython-36.pyc
/home/mi/install/learning/share/ament_index/resource_index/packages/learning
/home/mi/install/learning/share/learning/package.xml
/home/mi/install/learning/lib/python3.6/site-packages/learning-0.0.0-py3.6.egg-info/zip-safe
/home/mi/install/learning/lib/python3.6/site-packages/learning-0.0.0-py3.6.egg-info/requires.txt
/home/mi/install/learning/lib/python3.6/site-packages/learning-0.0.0-py3.6.egg-info/dependency_links.txt
/home/mi/install/learning/lib/python3.6/site-packages/learning-0.0.0-py3.6.egg-info/SOURCES.txt
/home/mi/install/learning/lib/python3.6/site-packages/learning-0.0.0-py3.6.egg-info/entry_points.txt
/home/mi/install/learning/lib/python3.6/site-packages/learning-0.0.0-py3.6.egg-info/top_level.txt
/home/mi/install/learning/lib/python3.6/site-packages/learning-0.0.0-py3.6.egg-info/PKG-INFO
/home/mi/install/learning/lib/learning/camera
/home/mi/install/learning/lib/learning/crash
/home/mi/install/learning/lib/learning/data_receive
/home/mi/install/learning/lib/learning/get_data
/home/mi/install/learning/lib/learning/goal
/home/mi/install/learning/lib/learning/keeper
/home/mi/install/learning/lib/learning/main
/home/mi/install/learning/lib/learning/move_x
/home/mi/install/learning/lib/learning/rgb
/home/mi/install/learning/lib/learning/rotate
/home/mi/install/learning/lib/learning/rotate_until_center1
/home/mi/install/learning/lib/learning/sit
/home/mi/install/learning/lib/learning/stand
/home/mi/install/learning/lib/learning/test
/home/mi/install/learning/lib/learning/track
/home/mi/install/learning/lib/learning/walk_t_sec
/home/mi/install/learning/lib/learning/walktest
