[3.932s] Invoking command in '/home/mi/workplace/src/learning': PYTHONPATH=/home/mi/workplace/install/learning/lib/python3.6/site-packages:${PYTHONPATH} /usr/bin/python3 setup.py egg_info --egg-base ../../build/learning build --build-base /home/mi/workplace/build/learning/build install --prefix /home/mi/workplace/install/learning --record /home/mi/workplace/build/learning/install.log --single-version-externally-managed
[5.432s] running egg_info
[5.434s] writing ../../build/learning/learning.egg-info/PKG-INFO
[5.435s] writing dependency_links to ../../build/learning/learning.egg-info/dependency_links.txt
[5.436s] writing entry points to ../../build/learning/learning.egg-info/entry_points.txt
[5.437s] writing requirements to ../../build/learning/learning.egg-info/requires.txt
[5.437s] writing top-level names to ../../build/learning/learning.egg-info/top_level.txt
[5.454s] reading manifest file '../../build/learning/learning.egg-info/SOURCES.txt'
[5.462s] writing manifest file '../../build/learning/learning.egg-info/SOURCES.txt'
[5.462s] running build
[5.463s] running build_py
[5.466s] copying learning/data_receive.py -> /home/mi/workplace/build/learning/build/lib/learning
[5.469s] copying learning/get_data.py -> /home/mi/workplace/build/learning/build/lib/learning
[5.476s] running install
[5.477s] /usr/local/lib/python3.6/dist-packages/setuptools/command/install.py:37: SetuptoolsDeprecationWarning: setup.py install is deprecated. Use build and pip and other standards-based tools.
[5.483s]   setuptools.SetuptoolsDeprecationWarning,
[5.484s] running install_lib
[5.489s] copying /home/mi/workplace/build/learning/build/lib/learning/data_receive.py -> /home/mi/workplace/install/learning/lib/python3.6/site-packages/learning
[5.490s] copying /home/mi/workplace/build/learning/build/lib/learning/get_data.py -> /home/mi/workplace/install/learning/lib/python3.6/site-packages/learning
[5.492s] byte-compiling /home/mi/workplace/install/learning/lib/python3.6/site-packages/learning/data_receive.py to data_receive.cpython-36.pyc
[5.493s] byte-compiling /home/mi/workplace/install/learning/lib/python3.6/site-packages/learning/get_data.py to get_data.cpython-36.pyc
[5.497s] running install_data
[5.500s] running install_egg_info
[5.507s] removing '/home/mi/workplace/install/learning/lib/python3.6/site-packages/learning-0.0.0-py3.6.egg-info' (and everything under it)
[5.510s] Copying ../../build/learning/learning.egg-info to /home/mi/workplace/install/learning/lib/python3.6/site-packages/learning-0.0.0-py3.6.egg-info
[5.514s] running install_scripts
[5.609s] Installing camera script to /home/mi/workplace/install/learning/lib/learning
[5.610s] Installing crash script to /home/mi/workplace/install/learning/lib/learning
[5.610s] Installing data_receive script to /home/mi/workplace/install/learning/lib/learning
[5.611s] Installing get_data script to /home/mi/workplace/install/learning/lib/learning
[5.612s] Installing goal script to /home/mi/workplace/install/learning/lib/learning
[5.612s] Installing keeper script to /home/mi/workplace/install/learning/lib/learning
[5.616s] Installing move_x script to /home/mi/workplace/install/learning/lib/learning
[5.617s] Installing rgb script to /home/mi/workplace/install/learning/lib/learning
[5.618s] Installing rotate script to /home/mi/workplace/install/learning/lib/learning
[5.619s] Installing rotate_until_center1 script to /home/mi/workplace/install/learning/lib/learning
[5.621s] Installing sit script to /home/mi/workplace/install/learning/lib/learning
[5.622s] Installing stand script to /home/mi/workplace/install/learning/lib/learning
[5.622s] Installing track script to /home/mi/workplace/install/learning/lib/learning
[5.623s] Installing walk_t_sec script to /home/mi/workplace/install/learning/lib/learning
[5.624s] Installing walktest script to /home/mi/workplace/install/learning/lib/learning
[5.625s] writing list of installed files to '/home/mi/workplace/build/learning/install.log'
[5.752s] Invoked command in '/home/mi/workplace/src/learning' returned '0': PYTHONPATH=/home/mi/workplace/install/learning/lib/python3.6/site-packages:${PYTHONPATH} /usr/bin/python3 setup.py egg_info --egg-base ../../build/learning build --build-base /home/mi/workplace/build/learning/build install --prefix /home/mi/workplace/install/learning --record /home/mi/workplace/build/learning/install.log --single-version-externally-managed
