1714897243.8468320 [INFO] [launch]: All log files can be found below /home/mi/.ros/log/2024-05-05-16-20-43-827730-mi-desktop-8925
1714897243.8487895 [INFO] [launch]: Default logging verbosity is set to INFO
1714897243.9283550 [INFO] [launch.user]: mi 正在初始化 launch ...
1714897243.9297471 [INFO] [launch.user]: 正在加载 launch 文件:/opt/ros2/cyberdog/share/cyberdog_bringup/launch/base.launch.py
1714897246.1268156 [INFO] [launch.user]: mi 正在初始化 base launch ...
1714897246.1988492 [INFO] [launch.user]: 正在加载 launch 文件:/opt/ros2/cyberdog/share/navigation_bringup/launch/navigation.launch.py
1714897246.2587638 [INFO] [launch.user]: navigation sleep ...
1714897248.5900936 [INFO] [cyberdog_vp_engine-12]: process started with pid [9366]
1714897248.6907470 [INFO] [stereo_camera-20]: process started with pid [9442]
1714897249.1242862 [INFO] [connector-1]: process started with pid [9303]
1714897249.2214851 [INFO] [cyberdog_audio-2]: process started with pid [9304]
1714897249.2236915 [INFO] [device_manager-3]: process started with pid [9311]
1714897249.2246711 [INFO] [sensor_manager-4]: process started with pid [9312]
1714897249.2252493 [INFO] [motion_manager-5]: process started with pid [9313]
1714897249.3822806 [INFO] [realsense2_actuator_node-6]: process started with pid [9315]
1714897249.3829803 [INFO] [cyberdog_manager-7]: process started with pid [9320]
1714897249.3835871 [INFO] [odom_out_publisher-8]: process started with pid [9338]
1714897249.3841095 [INFO] [motor_bridge-9]: process started with pid [9341]
1714897249.4142442 [INFO] [app_server-10]: process started with pid [9350]
1714897249.4345074 [INFO] [bes_transmit_waiter-11]: process started with pid [9351]
1714897249.4352939 [INFO] [cyberdog_face-13]: process started with pid [9376]
1714897249.4358351 [INFO] [cyberdog_action-14]: process started with pid [9386]
1714897249.4363337 [INFO] [cyberdog_interactive-15]: process started with pid [9403]
1714897249.4368019 [INFO] [cyberdog_train-16]: process started with pid [9409]
1714897249.4697342 [INFO] [cyberdog_ai_sports-17]: process started with pid [9416]
1714897249.4742067 [INFO] [camera_server-18]: process started with pid [9428]
1714897249.4756963 [INFO] [vision_manager-19]: process started with pid [9434]
1714897254.1003523 [vision_manager-19] [INFO] [1714897253.755934012] [vision_manager cyberdog_model]: cyberdog_model Constructor
1714897254.1009254 [vision_manager-19] [INFO] [1714897253.756429236] [vision_manager cyberdog_model]: is_specified_version: 0
1714897254.1012423 [vision_manager-19] [INFO] [1714897253.756552242] [vision_manager cyberdog_model]: specified_version: 0.0
1714897254.1239173 [vision_manager-19] [INFO] [1714897253.756652240] [vision_manager cyberdog_model]: module_name: auto_track
1714897254.1264234 [vision_manager-19] [INFO] [1714897253.756745807] [vision_manager cyberdog_model]: model_dir: /SDCARD/vision/auto_track/
1714897254.1331959 [vision_manager-19] [INFO] [1714897253.756843181] [vision_manager cyberdog_model]: temp_download_path: /SDCARD/vision/auto_track/temp/
1714897254.1875319 [vision_manager-19] [INFO] [1714897253.781920555] [vision_manager cyberdog_model]: cyberdog_model Constructor
1714897254.1985571 [vision_manager-19] [INFO] [1714897253.782171911] [vision_manager cyberdog_model]: is_specified_version: 0
1714897254.2061656 [vision_manager-19] [INFO] [1714897253.782283653] [vision_manager cyberdog_model]: specified_version: 0.0
1714897254.2184758 [vision_manager-19] [INFO] [1714897253.782381155] [vision_manager cyberdog_model]: module_name: body_gesture
1714897254.2192874 [vision_manager-19] [INFO] [1714897253.782481602] [vision_manager cyberdog_model]: model_dir: /SDCARD/vision/body_gesture/
1714897254.2200119 [vision_manager-19] [INFO] [1714897253.782630463] [vision_manager cyberdog_model]: temp_download_path: /SDCARD/vision/body_gesture/temp/
1714897254.2207248 [vision_manager-19] [INFO] [1714897253.783716781] [vision_manager cyberdog_model]: cyberdog_model Constructor
1714897254.2210846 [vision_manager-19] [INFO] [1714897253.783861675] [vision_manager cyberdog_model]: is_specified_version: 0
1714897254.2215257 [vision_manager-19] [INFO] [1714897253.783972329] [vision_manager cyberdog_model]: specified_version: 0.0
1714897254.2218516 [vision_manager-19] [INFO] [1714897253.784081127] [vision_manager cyberdog_model]: module_name: face_recognition/age
1714897254.2221305 [vision_manager-19] [INFO] [1714897253.784187589] [vision_manager cyberdog_model]: model_dir: /SDCARD/vision/face_recognition/age/
1714897254.2224090 [vision_manager-19] [INFO] [1714897253.784295971] [vision_manager cyberdog_model]: temp_download_path: /SDCARD/vision/face_recognition/age/temp/
1714897254.2226644 [vision_manager-19] [INFO] [1714897253.785285779] [vision_manager cyberdog_model]: cyberdog_model Constructor
1714897254.2229156 [vision_manager-19] [INFO] [1714897253.785441680] [vision_manager cyberdog_model]: is_specified_version: 0
1714897254.2351692 [vision_manager-19] [INFO] [1714897253.785688332] [vision_manager cyberdog_model]: specified_version: 0.0
1714897254.2486522 [vision_manager-19] [INFO] [1714897253.785793098] [vision_manager cyberdog_model]: module_name: face_recognition/detect
1714897254.2502799 [vision_manager-19] [INFO] [1714897253.785891433] [vision_manager cyberdog_model]: model_dir: /SDCARD/vision/face_recognition/detect/
1714897254.2524984 [vision_manager-19] [INFO] [1714897253.785999879] [vision_manager cyberdog_model]: temp_download_path: /SDCARD/vision/face_recognition/detect/temp/
1714897254.2530274 [vision_manager-19] [INFO] [1714897253.786968119] [vision_manager cyberdog_model]: cyberdog_model Constructor
1714897254.2533913 [vision_manager-19] [INFO] [1714897253.787136948] [vision_manager cyberdog_model]: is_specified_version: 0
1714897254.2538610 [vision_manager-19] [INFO] [1714897253.787280274] [vision_manager cyberdog_model]: specified_version: 0.0
1714897254.2553711 [vision_manager-19] [INFO] [1714897253.787378704] [vision_manager cyberdog_model]: module_name: face_recognition/emotion
1714897254.2557752 [vision_manager-19] [INFO] [1714897253.787480686] [vision_manager cyberdog_model]: model_dir: /SDCARD/vision/face_recognition/emotion/
1714897254.2652631 [vision_manager-19] [INFO] [1714897253.787707914] [vision_manager cyberdog_model]: temp_download_path: /SDCARD/vision/face_recognition/emotion/temp/
1714897254.2741127 [vision_manager-19] [INFO] [1714897253.788702042] [vision_manager cyberdog_model]: cyberdog_model Constructor
1714897254.2745221 [vision_manager-19] [INFO] [1714897253.788833176] [vision_manager cyberdog_model]: is_specified_version: 0
1714897254.2781656 [vision_manager-19] [INFO] [1714897253.789013461] [vision_manager cyberdog_model]: specified_version: 0.0
1714897254.2835028 [vision_manager-19] [INFO] [1714897253.789147122] [vision_manager cyberdog_model]: module_name: face_recognition/feature
1714897254.2888248 [vision_manager-19] [INFO] [1714897253.789255409] [vision_manager cyberdog_model]: model_dir: /SDCARD/vision/face_recognition/feature/
1714897254.2978315 [vision_manager-19] [INFO] [1714897253.789361647] [vision_manager cyberdog_model]: temp_download_path: /SDCARD/vision/face_recognition/feature/temp/
1714897254.2982755 [vision_manager-19] [INFO] [1714897253.855981528] [vision_manager cyberdog_model]: cyberdog_model Constructor
1714897254.2986453 [vision_manager-19] [INFO] [1714897253.856221172] [vision_manager cyberdog_model]: is_specified_version: 0
1714897254.2989349 [vision_manager-19] [INFO] [1714897253.856327026] [vision_manager cyberdog_model]: specified_version: 0.0
1714897254.3084366 [vision_manager-19] [INFO] [1714897253.866932033] [vision_manager cyberdog_model]: module_name: face_recognition/landmark
1714897254.3088932 [vision_manager-19] [INFO] [1714897253.867080415] [vision_manager cyberdog_model]: model_dir: /SDCARD/vision/face_recognition/landmark/
1714897254.3100023 [vision_manager-19] [INFO] [1714897253.867195869] [vision_manager cyberdog_model]: temp_download_path: /SDCARD/vision/face_recognition/landmark/temp/
1714897254.3103538 [vision_manager-19] [INFO] [1714897253.868480039] [vision_manager cyberdog_model]: cyberdog_model Constructor
1714897254.3106525 [vision_manager-19] [INFO] [1714897253.868704804] [vision_manager cyberdog_model]: is_specified_version: 0
1714897254.3231442 [vision_manager-19] [INFO] [1714897253.882108900] [vision_manager cyberdog_model]: specified_version: 0.0
1714897254.3236468 [vision_manager-19] [INFO] [1714897253.882254658] [vision_manager cyberdog_model]: module_name: keypoints_detection
1714897254.3239913 [vision_manager-19] [INFO] [1714897253.882365984] [vision_manager cyberdog_model]: model_dir: /SDCARD/vision/keypoints_detection/
1714897254.3242803 [vision_manager-19] [INFO] [1714897253.901765308] [vision_manager cyberdog_model]: temp_download_path: /SDCARD/vision/keypoints_detection/temp/
1714897254.3250632 [vision_manager-19] [INFO] [1714897253.904038998] [vision_manager cyberdog_model]: cyberdog_model Constructor
1714897254.3253977 [vision_manager-19] [INFO] [1714897253.904239699] [vision_manager cyberdog_model]: is_specified_version: 0
1714897254.3257351 [vision_manager-19] [INFO] [1714897253.904347633] [vision_manager cyberdog_model]: specified_version: 0.0
1714897254.3260283 [vision_manager-19] [INFO] [1714897253.904446703] [vision_manager cyberdog_model]: module_name: person_reid
1714897254.3266654 [vision_manager-19] [INFO] [1714897253.904549038] [vision_manager cyberdog_model]: model_dir: /SDCARD/vision/person_reid/
1714897254.3275294 [vision_manager-19] [INFO] [1714897253.904655436] [vision_manager cyberdog_model]: temp_download_path: /SDCARD/vision/person_reid/temp/
1714897254.3828073 [vision_manager-19] [INFO] [1714897254.128757810] [az1.vision_manager]: Vision manager constructor complated.
1714897255.6675205 [camera_server-18] [INFO] [1714897255.662528357] [MainCameraNode]: CameraServerNode: Creating node camera_server.
1714897256.4141283 [camera_server-18] [INFO] [1714897256.402235444] [uninitialized WebRTCManager]: WebRTCManager has been created
1714897256.4180081 [camera_server-18] [INFO] [1714897256.402616046] [CameraContext]: initialize: initialize
1714897256.4232521 [camera_server-18] [INFO] [1714897256.403000936] [MainCameraNode]: on_configure: camera_server Configuring
1714897256.4529521 [camera_server-18] [INFO] [1714897256.432696856] [CameraContext]: createSession: createSession
1714897256.4536157 [camera_server-18] [INFO] [1714897256.432958164] [MainCameraNode]: on_activate: camera_server Activating
1714897258.4927385 [INFO] [launch.user]: navigation launch nav2_base
1714897260.2625003 [INFO] [controller_server-21]: process started with pid [10372]
1714897260.2634652 [INFO] [planner_server-22]: process started with pid [10373]
1714897260.2641065 [INFO] [bt_navigator_pose-23]: process started with pid [10374]
1714897260.2645533 [INFO] [recoveries_server-24]: process started with pid [10396]
1714897260.3893392 [vision_manager-19] [INFO] [1714897260.030995146] [az1.vision_manager]: Received signal to download model. 
1714897260.3903470 [vision_manager-19] [INFO] [1714897260.031342437] [az1.vision_manager]: Internet is ready, begin to download model.
1714897260.3911748 [vision_manager-19] [INFO] [1714897260.031521762] [vision_manager cyberdog_model]: update models fuc begin
1714897260.3918710 [vision_manager-19] [INFO] [1714897260.031624224] [vision_manager cyberdog_model]: init fuc
1714897260.4070628 [vision_manager-19] [INFO] [1714897260.147131289] [vision_manager cyberdog_model]: auto_track has 2 versions in fsd
1714897260.4079587 [vision_manager-19] [INFO] [1714897260.147381493] [vision_manager cyberdog_model]: read model version in toml file
1714897260.4087234 [vision_manager-19] [INFO] [1714897260.147540787] [vision_manager cyberdog_model]: Get_Model_Version func 
1714897260.4096265 [vision_manager-19] [INFO] [1714897260.150467938] [vision_manager cyberdog_model]: read key value from toml successfully
1714897260.4103739 [vision_manager-19] [INFO] [1714897260.150671070] [vision_manager cyberdog_model]: the model version in toml file is 1.1 
1714897260.4118693 [vision_manager-19] [INFO] [1714897260.150823292] [vision_manager cyberdog_model]: temp toml path /SDCARD/vision/auto_track/temp/version.toml do not exist!
1714897260.4126508 [vision_manager-19] [INFO] [1714897260.150944922] [vision_manager cyberdog_model]: obj: 1.0/
1714897260.4133661 [vision_manager-19] [INFO] [1714897260.151044152] [vision_manager cyberdog_model]: obj: 1.1/
1714897260.4141259 [vision_manager-19] [INFO] [1714897260.151143798] [vision_manager cyberdog_model]: ftp_newest_version  is 1.1
1714897260.4148333 [vision_manager-19] [INFO] [1714897260.151239189] [vision_manager cyberdog_model]: nx_version  is 1.1
1714897260.4155715 [vision_manager-19] [INFO] [1714897260.151332083] [vision_manager cyberdog_model]: nx model version is the newest version
1714897260.4173915 [vision_manager-19] [INFO] [1714897260.151434130] [vision_manager cyberdog_model]: DownloadModels fuc
1714897260.4182026 [vision_manager-19] [INFO] [1714897260.151526384] [vision_manager cyberdog_model]: do not need download
1714897260.4189374 [vision_manager-19] [ERROR] [1714897260.151630222] [vision_manager cyberdog_model]: download failed or do not need download
1714897260.4197454 [vision_manager-19] [ERROR] [1714897260.151777228] [az1.vision_manager]: Download model from Fds fail. 
1714897260.4204512 [vision_manager-19] [INFO] [1714897260.152014120] [vision_manager cyberdog_model]: update models fuc begin
1714897260.4211216 [vision_manager-19] [INFO] [1714897260.152114278] [vision_manager cyberdog_model]: init fuc
1714897260.4500690 [vision_manager-19] [INFO] [1714897260.262135995] [vision_manager cyberdog_model]: body_gesture has 2 versions in fsd
1714897260.4524155 [vision_manager-19] [INFO] [1714897260.262354712] [vision_manager cyberdog_model]: read model version in toml file
1714897260.4545178 [vision_manager-19] [INFO] [1714897260.262487093] [vision_manager cyberdog_model]: Get_Model_Version func 
1714897260.4553676 [vision_manager-19] [INFO] [1714897260.265577986] [vision_manager cyberdog_model]: read key value from toml successfully
1714897260.4566331 [vision_manager-19] [INFO] [1714897260.265783966] [vision_manager cyberdog_model]: the model version in toml file is 1.1 
1714897260.4573441 [vision_manager-19] [INFO] [1714897260.266994218] [vision_manager cyberdog_model]: temp toml path /SDCARD/vision/body_gesture/temp/version.toml do not exist!
1714897260.4591208 [vision_manager-19] [INFO] [1714897260.267174983] [vision_manager cyberdog_model]: obj: 1.0/
1714897260.4599679 [vision_manager-19] [INFO] [1714897260.267285957] [vision_manager cyberdog_model]: obj: 1.1/
1714897260.4631877 [vision_manager-19] [INFO] [1714897260.267385412] [vision_manager cyberdog_model]: ftp_newest_version  is 1.1
1714897260.4650700 [vision_manager-19] [INFO] [1714897260.267487458] [vision_manager cyberdog_model]: nx_version  is 1.1
1714897260.4658895 [vision_manager-19] [INFO] [1714897260.267612480] [vision_manager cyberdog_model]: nx model version is the newest version
1714897260.4665926 [vision_manager-19] [INFO] [1714897260.267719486] [vision_manager cyberdog_model]: DownloadModels fuc
1714897260.4685218 [vision_manager-19] [INFO] [1714897260.267813949] [vision_manager cyberdog_model]: do not need download
1714897260.4692013 [vision_manager-19] [ERROR] [1714897260.267910939] [vision_manager cyberdog_model]: download failed or do not need download
1714897260.4699061 [vision_manager-19] [ERROR] [1714897260.268017785] [az1.vision_manager]: Download model from Fds fail. 
1714897260.4717562 [vision_manager-19] [INFO] [1714897260.268256533] [vision_manager cyberdog_model]: update models fuc begin
1714897260.4728327 [vision_manager-19] [INFO] [1714897260.268354132] [vision_manager cyberdog_model]: init fuc
1714897260.4843280 [vision_manager-19] [INFO] [1714897260.397161519] [vision_manager cyberdog_model]: face_recognition/age has 2 versions in fsd
1714897260.4860940 [vision_manager-19] [INFO] [1714897260.397396075] [vision_manager cyberdog_model]: read model version in toml file
1714897260.4865048 [vision_manager-19] [INFO] [1714897260.397920675] [vision_manager cyberdog_model]: Get_Model_Version func 
1714897260.4910362 [vision_manager-19] [INFO] [1714897260.400278491] [vision_manager cyberdog_model]: read key value from toml successfully
1714897260.4927063 [vision_manager-19] [INFO] [1714897260.400456728] [vision_manager cyberdog_model]: the model version in toml file is 1.1 
1714897260.4930282 [vision_manager-19] [INFO] [1714897260.400608406] [vision_manager cyberdog_model]: temp toml path /SDCARD/vision/face_recognition/age/temp/version.toml do not exist!
1714897260.4946024 [vision_manager-19] [INFO] [1714897260.400732372] [vision_manager cyberdog_model]: obj: 1.0/
1714897260.5162158 [vision_manager-19] [INFO] [1714897260.400835378] [vision_manager cyberdog_model]: obj: 1.1/
1714897260.5167425 [vision_manager-19] [INFO] [1714897260.400932496] [vision_manager cyberdog_model]: ftp_newest_version  is 1.1
1714897260.5170348 [vision_manager-19] [INFO] [1714897260.401031087] [vision_manager cyberdog_model]: nx_version  is 1.1
1714897260.5172906 [vision_manager-19] [INFO] [1714897260.401127981] [vision_manager cyberdog_model]: nx model version is the newest version
1714897260.6077807 [vision_manager-19] [INFO] [1714897260.401231627] [vision_manager cyberdog_model]: DownloadModels fuc
1714897260.6083429 [vision_manager-19] [INFO] [1714897260.401327722] [vision_manager cyberdog_model]: do not need download
1714897260.6086364 [vision_manager-19] [ERROR] [1714897260.401429896] [vision_manager cyberdog_model]: download failed or do not need download
1714897260.6089249 [vision_manager-19] [ERROR] [1714897260.401619749] [az1.vision_manager]: Download model from Fds fail. 
1714897260.6091876 [vision_manager-19] [INFO] [1714897260.401840289] [vision_manager cyberdog_model]: update models fuc begin
1714897260.6199517 [vision_manager-19] [INFO] [1714897260.401940384] [vision_manager cyberdog_model]: init fuc
1714897260.6519458 [vision_manager-19] [INFO] [1714897260.505055880] [vision_manager cyberdog_model]: face_recognition/detect has 2 versions in fsd
1714897260.6525276 [vision_manager-19] [INFO] [1714897260.505311076] [vision_manager cyberdog_model]: read model version in toml file
1714897260.7090101 [vision_manager-19] [INFO] [1714897260.542709076] [vision_manager cyberdog_model]: Get_Model_Version func 
1714897260.7165737 [vision_manager-19] [INFO] [1714897260.562769637] [vision_manager cyberdog_model]: read key value from toml successfully
1714897260.7175272 [vision_manager-19] [INFO] [1714897260.563022945] [vision_manager cyberdog_model]: the model version in toml file is 1.1 
1714897260.7182679 [vision_manager-19] [INFO] [1714897260.574650239] [vision_manager cyberdog_model]: temp toml path /SDCARD/vision/face_recognition/detect/temp/version.toml do not exist!
1714897260.7188971 [vision_manager-19] [INFO] [1714897260.574998265] [vision_manager cyberdog_model]: obj: 1.0/
1714897260.7194731 [vision_manager-19] [INFO] [1714897260.575714477] [vision_manager cyberdog_model]: obj: 1.1/
1714897260.7240052 [vision_manager-19] [INFO] [1714897260.575827723] [vision_manager cyberdog_model]: ftp_newest_version  is 1.1
1714897260.7244244 [vision_manager-19] [INFO] [1714897260.575928010] [vision_manager cyberdog_model]: nx_version  is 1.1
1714897260.7305701 [vision_manager-19] [INFO] [1714897260.576026600] [vision_manager cyberdog_model]: nx model version is the newest version
1714897260.7353425 [vision_manager-19] [INFO] [1714897260.576129094] [vision_manager cyberdog_model]: DownloadModels fuc
1714897260.7358606 [vision_manager-19] [INFO] [1714897260.576221189] [vision_manager cyberdog_model]: do not need download
1714897260.7361758 [vision_manager-19] [ERROR] [1714897260.576317603] [vision_manager cyberdog_model]: download failed or do not need download
1714897260.7400072 [vision_manager-19] [ERROR] [1714897260.576433889] [az1.vision_manager]: Download model from Fds fail. 
1714897260.7404656 [vision_manager-19] [INFO] [1714897260.576656126] [vision_manager cyberdog_model]: update models fuc begin
1714897260.7646589 [vision_manager-19] [INFO] [1714897260.576755548] [vision_manager cyberdog_model]: init fuc
1714897261.0058401 [vision_manager-19] [INFO] [1714897260.763748557] [vision_manager cyberdog_model]: face_recognition/emotion has 1 versions in fsd
1714897261.0065401 [vision_manager-19] [INFO] [1714897260.763988169] [vision_manager cyberdog_model]: read model version in toml file
1714897261.0068505 [vision_manager-19] [INFO] [1714897260.764127015] [vision_manager cyberdog_model]: Get_Model_Version func 
1714897261.0072587 [vision_manager-19] [INFO] [1714897260.774586808] [vision_manager cyberdog_model]: read key value from toml successfully
1714897261.0075572 [vision_manager-19] [INFO] [1714897260.774836276] [vision_manager cyberdog_model]: the model version in toml file is 1.1 
1714897261.0078242 [vision_manager-19] [INFO] [1714897260.775014545] [vision_manager cyberdog_model]: temp toml path /SDCARD/vision/face_recognition/emotion/temp/version.toml do not exist!
1714897261.0080822 [vision_manager-19] [INFO] [1714897260.775150671] [vision_manager cyberdog_model]: obj: 1.1/
1714897261.0085049 [vision_manager-19] [INFO] [1714897260.775260525] [vision_manager cyberdog_model]: ftp_newest_version  is 1.1
1714897261.0087757 [vision_manager-19] [INFO] [1714897260.775366315] [vision_manager cyberdog_model]: nx_version  is 1.1
1714897261.0090268 [vision_manager-19] [INFO] [1714897260.775467914] [vision_manager cyberdog_model]: nx model version is the newest version
1714897261.0095491 [vision_manager-19] [INFO] [1714897260.775575912] [vision_manager cyberdog_model]: DownloadModels fuc
1714897261.0102713 [vision_manager-19] [INFO] [1714897260.775682758] [vision_manager cyberdog_model]: do not need download
1714897261.0107234 [vision_manager-19] [ERROR] [1714897260.775784612] [vision_manager cyberdog_model]: download failed or do not need download
1714897261.0110233 [vision_manager-19] [ERROR] [1714897260.775895011] [az1.vision_manager]: Download model from Fds fail. 
1714897261.0112920 [vision_manager-19] [INFO] [1714897260.776139935] [vision_manager cyberdog_model]: update models fuc begin
1714897261.0118124 [vision_manager-19] [INFO] [1714897260.776248925] [vision_manager cyberdog_model]: init fuc
1714897261.0215912 [vision_manager-19] [INFO] [1714897261.015704611] [vision_manager cyberdog_model]: face_recognition/feature has 2 versions in fsd
1714897261.0226314 [vision_manager-19] [INFO] [1714897261.015948191] [vision_manager cyberdog_model]: read model version in toml file
1714897261.0234482 [vision_manager-19] [INFO] [1714897261.016089757] [vision_manager cyberdog_model]: Get_Model_Version func 
1714897261.0257950 [vision_manager-19] [INFO] [1714897261.019877437] [vision_manager cyberdog_model]: read key value from toml successfully
1714897261.0266805 [vision_manager-19] [INFO] [1714897261.020128569] [vision_manager cyberdog_model]: the model version in toml file is 1.1 
1714897261.0273564 [vision_manager-19] [INFO] [1714897261.020286263] [vision_manager cyberdog_model]: temp toml path /SDCARD/vision/face_recognition/feature/temp/version.toml do not exist!
1714897261.0297158 [vision_manager-19] [INFO] [1714897261.020414356] [vision_manager cyberdog_model]: obj: 1.1/
1714897261.0305612 [vision_manager-19] [INFO] [1714897261.020516051] [vision_manager cyberdog_model]: obj: 1/
1714897261.0308802 [vision_manager-19] [INFO] [1714897261.020609969] [vision_manager cyberdog_model]: ftp_newest_version  is 1.1
1714897261.0311499 [vision_manager-19] [INFO] [1714897261.020708656] [vision_manager cyberdog_model]: nx_version  is 1.1
1714897261.0318320 [vision_manager-19] [INFO] [1714897261.020802190] [vision_manager cyberdog_model]: nx model version is the newest version
1714897261.0369353 [vision_manager-19] [INFO] [1714897261.020903308] [vision_manager cyberdog_model]: DownloadModels fuc
1714897261.0384798 [vision_manager-19] [INFO] [1714897261.020998155] [vision_manager cyberdog_model]: do not need download
1714897261.0392241 [vision_manager-19] [ERROR] [1714897261.021280902] [vision_manager cyberdog_model]: download failed or do not need download
1714897261.0402679 [vision_manager-19] [ERROR] [1714897261.021397028] [az1.vision_manager]: Download model from Fds fail. 
1714897261.0408576 [vision_manager-19] [INFO] [1714897261.021688671] [vision_manager cyberdog_model]: update models fuc begin
1714897261.0415614 [vision_manager-19] [INFO] [1714897261.021789341] [vision_manager cyberdog_model]: init fuc
1714897261.2188528 [vision_manager-19] [INFO] [1714897261.216528014] [vision_manager cyberdog_model]: face_recognition/landmark has 1 versions in fsd
1714897261.2196753 [vision_manager-19] [INFO] [1714897261.217072612] [vision_manager cyberdog_model]: read model version in toml file
1714897261.2207928 [vision_manager-19] [INFO] [1714897261.217235938] [vision_manager cyberdog_model]: Get_Model_Version func 
1714897261.3355663 [vision_manager-19] [INFO] [1714897261.328076649] [vision_manager cyberdog_model]: read key value from toml successfully
1714897261.4103065 [vision_manager-19] [INFO] [1714897261.337072403] [vision_manager cyberdog_model]: the model version in toml file is 1.1 
1714897261.4117582 [vision_manager-19] [INFO] [1714897261.337289775] [vision_manager cyberdog_model]: temp toml path /SDCARD/vision/face_recognition/landmark/temp/version.toml do not exist!
1714897261.4127488 [vision_manager-19] [INFO] [1714897261.337433677] [vision_manager cyberdog_model]: obj: 1.1/
1714897261.4131110 [vision_manager-19] [INFO] [1714897261.337597802] [vision_manager cyberdog_model]: ftp_newest_version  is 1.1
1714897261.4134302 [vision_manager-19] [INFO] [1714897261.337696137] [vision_manager cyberdog_model]: nx_version  is 1.1
1714897261.4192472 [vision_manager-19] [INFO] [1714897261.337795399] [vision_manager cyberdog_model]: nx model version is the newest version
1714897261.4202747 [vision_manager-19] [INFO] [1714897261.351354981] [vision_manager cyberdog_model]: DownloadModels fuc
1714897261.4225960 [vision_manager-19] [INFO] [1714897261.351561057] [vision_manager cyberdog_model]: do not need download
1714897261.4241531 [vision_manager-19] [ERROR] [1714897261.351665440] [vision_manager cyberdog_model]: download failed or do not need download
1714897261.4266973 [vision_manager-19] [ERROR] [1714897261.351791326] [az1.vision_manager]: Download model from Fds fail. 
1714897261.4271345 [vision_manager-19] [INFO] [1714897261.352054265] [vision_manager cyberdog_model]: update models fuc begin
1714897261.4279003 [vision_manager-19] [INFO] [1714897261.352188087] [vision_manager cyberdog_model]: init fuc
1714897261.5794220 [vision_manager-19] [INFO] [1714897261.570927415] [vision_manager cyberdog_model]: keypoints_detection has 2 versions in fsd
1714897261.5868144 [vision_manager-19] [INFO] [1714897261.571171859] [vision_manager cyberdog_model]: read model version in toml file
1714897261.5872595 [vision_manager-19] [INFO] [1714897261.571328368] [vision_manager cyberdog_model]: Get_Model_Version func 
1714897261.5875762 [vision_manager-19] [INFO] [1714897261.575154160] [vision_manager cyberdog_model]: read key value from toml successfully
1714897261.5878496 [vision_manager-19] [INFO] [1714897261.575380908] [vision_manager cyberdog_model]: the model version in toml file is 1.1 
1714897261.6841676 [vision_manager-19] [INFO] [1714897261.575539594] [vision_manager cyberdog_model]: temp toml path /SDCARD/vision/keypoints_detection/temp/version.toml do not exist!
1714897261.6931241 [vision_manager-19] [INFO] [1714897261.575687303] [vision_manager cyberdog_model]: obj: 1.0/
1714897261.7052708 [vision_manager-19] [INFO] [1714897261.575790566] [vision_manager cyberdog_model]: obj: 1.1/
1714897261.7337990 [vision_manager-19] [INFO] [1714897261.575886468] [vision_manager cyberdog_model]: ftp_newest_version  is 1.1
1714897261.7343843 [vision_manager-19] [INFO] [1714897261.576394972] [vision_manager cyberdog_model]: nx_version  is 1.1
1714897261.7346914 [vision_manager-19] [INFO] [1714897261.576499898] [vision_manager cyberdog_model]: nx model version is the newest version
1714897261.8321924 [vision_manager-19] [INFO] [1714897261.576674999] [vision_manager cyberdog_model]: DownloadModels fuc
1714897261.8754704 [vision_manager-19] [INFO] [1714897261.576795381] [vision_manager cyberdog_model]: do not need download
1714897261.9490614 [vision_manager-19] [ERROR] [1714897261.583296968] [vision_manager cyberdog_model]: download failed or do not need download
1714897261.9521599 [vision_manager-19] [ERROR] [1714897261.583511365] [az1.vision_manager]: Download model from Fds fail. 
1714897261.9545515 [vision_manager-19] [INFO] [1714897261.583770305] [vision_manager cyberdog_model]: update models fuc begin
1714897261.9553874 [vision_manager-19] [INFO] [1714897261.590525808] [vision_manager cyberdog_model]: init fuc
1714897263.3936484 [vision_manager-19] [INFO] [1714897263.391098662] [vision_manager cyberdog_model]: person_reid has 2 versions in fsd
1714897263.4320397 [vision_manager-19] [INFO] [1714897263.391437664] [vision_manager cyberdog_model]: read model version in toml file
1714897263.5935957 [vision_manager-19] [INFO] [1714897263.391636381] [vision_manager cyberdog_model]: Get_Model_Version func 
1714897263.6073854 [vision_manager-19] [INFO] [1714897263.410071241] [vision_manager cyberdog_model]: read key value from toml successfully
1714897263.6078815 [vision_manager-19] [INFO] [1714897263.413381810] [vision_manager cyberdog_model]: the model version in toml file is 1.1 
1714897263.6081908 [vision_manager-19] [INFO] [1714897263.413609006] [vision_manager cyberdog_model]: temp toml path /SDCARD/vision/person_reid/temp/version.toml do not exist!
1714897263.6084929 [vision_manager-19] [INFO] [1714897263.413743692] [vision_manager cyberdog_model]: obj: 1.0/
1714897263.6087670 [vision_manager-19] [INFO] [1714897263.413854058] [vision_manager cyberdog_model]: obj: 1.1/
1714897263.6090596 [vision_manager-19] [INFO] [1714897263.413952745] [vision_manager cyberdog_model]: ftp_newest_version  is 1.1
1714897263.6093173 [vision_manager-19] [INFO] [1714897263.414052359] [vision_manager cyberdog_model]: nx_version  is 1.1
1714897263.6095855 [vision_manager-19] [INFO] [1714897263.414148261] [vision_manager cyberdog_model]: nx model version is the newest version
1714897263.7256594 [vision_manager-19] [INFO] [1714897263.414307235] [vision_manager cyberdog_model]: DownloadModels fuc
1714897263.7261696 [vision_manager-19] [INFO] [1714897263.414408449] [vision_manager cyberdog_model]: do not need download
1714897263.7626090 [vision_manager-19] [ERROR] [1714897263.414508799] [vision_manager cyberdog_model]: download failed or do not need download
1714897263.7759838 [vision_manager-19] [ERROR] [1714897263.414620125] [az1.vision_manager]: Download model from Fds fail. 
1714897279.0206885 [INFO] [launch.user]: navigation launch occmap
1714897279.8656714 [INFO] [create_gridmap_node-25]: process started with pid [10664]
1714897279.8672638 [INFO] [publish_gridmap_node-26]: process started with pid [10665]
1714897280.5505378 [create_gridmap_node-25] [0m[INFO] [1714897280.532410067] [az1.create_gridmap_node]: create map path /home/mi/mapping/[0m
1714897280.6664348 [create_gridmap_node-25] [0m[INFO] [1714897280.637392604] [az1.create_gridmap_node]: loop pose path /SDCARD/miloc/maps/default/viusal/[0m
1714897280.6670547 [create_gridmap_node-25] [0m[INFO] [1714897280.653898152] [az1.create_gridmap_node]: calibration_file /SDCARD/calibrate.yaml[0m
1714897280.6674037 [create_gridmap_node-25] [0m[INFO] [1714897280.654361185] [az1.create_gridmap_node]: subscribe odom topic odom_slam[0m
1714897280.6697264 [create_gridmap_node-25] [0m[INFO] [1714897280.655396239] [az1.create_gridmap_node]: subscribe laser topic scan[0m
1714897280.6701057 [create_gridmap_node-25] [0m[INFO] [1714897280.655604460] [az1.create_gridmap_node]: create map service cyberdog_occmap/create_map_service[0m
1714897280.6704841 [create_gridmap_node-25] [0m[INFO] [1714897280.655790121] [az1.create_gridmap_node]: finish map service cyberdog_occmap/finish_map_service[0m
1714897280.6707940 [create_gridmap_node-25] [0m[INFO] [1714897280.655967046] [az1.create_gridmap_node]: start_nav_service cyberdog_occmap/start_nav_service[0m
1714897280.6710486 [create_gridmap_node-25] [0m[INFO] [1714897280.664702484] [az1.create_gridmap_node]: stop_nav_service cyberdog_occmap/stop_nav_service[0m
1714897284.0386055 [vision_manager-19] [INFO] [1714897284.037073685] [az1.vision_manager]: Configuring vision_manager. 
1714897284.0416212 [vision_manager-19] Semaphore set id is: 0
1714897284.0440240 [vision_manager-19] [INFO] [1714897284.039687529] [az1.vision_manager]: Create ROS object. 
1714897284.0913749 [vision_manager-19] [INFO] [1714897284.089240302] [az1.vision_manager]: Configure complated. 
1714897299.0249603 [INFO] [launch.user]: navigation launch state_publisher
1714897299.2033408 [INFO] [robot_state_publisher-27]: process started with pid [10864]
1714897303.0249469 [INFO] [launch.user]: navigation launch tracking
1714897303.1639977 [INFO] [cyberdog_tracking-28]: process started with pid [10911]
1714897307.0249712 [INFO] [launch.user]: navigation launch realsense
1714897307.3252308 [INFO] [realsense2_camera_node-29]: process started with pid [10963]
1714897311.0250995 [INFO] [launch.user]: navigation launch realsense_align
1714897311.3816915 [INFO] [realsense_align_node-30]: process started with pid [11011]
1714897315.0190456 [INFO] [launch.user]: navigation launch mcr_uwb
1714897315.1308298 [INFO] [mcr_uwb-31]: process started with pid [11060]
1714897315.4154847 [mcr_uwb-31] [INFO] [1714897315.413780015] [az1.mcr_uwb]: 
1714897315.4160554 [mcr_uwb-31] 	mcr_uwb lifecycle node launched. 
1714897315.4164224 [mcr_uwb-31] 	Waiting on external lifecycle transitions to activate
1714897315.4167078 [mcr_uwb-31] 	See https://design.ros2.org/articles/node_lifecycle.html for more information.
1714897315.4199827 [mcr_uwb-31] [INFO] [1714897315.414495043] [az1.mcr_uwb]: Creating
1714897319.0203462 [INFO] [launch.user]: navigation launch velocity_adaptor
1714897319.1496675 [INFO] [velocity_adaptor-32]: process started with pid [11108]
1714897323.0247293 [INFO] [launch.user]: navigation launch map_label_server
1714897323.1378720 [INFO] [label_server-33]: process started with pid [11158]
1714897327.0200789 [INFO] [launch.user]: navigation launch laser_mapping
1714897327.2623065 [INFO] [mapping-34]: process started with pid [11210]
1714897331.0211101 [INFO] [launch.user]: navigation launch laser_localization
1714897331.2597709 [INFO] [localization-35]: process started with pid [11266]
1714897335.0223422 [INFO] [launch.user]: navigation launch mivins_localization
1714897335.5272877 [INFO] [mivins_node-36]: process started with pid [11316]
1714897339.0209186 [INFO] [launch.user]: navigation launch mivins_mapping
1714897339.5536492 [INFO] [mivins_node-37]: process started with pid [11364]
1714897343.0264354 [INFO] [launch.user]: navigation launch mivins_vo
1714897343.4525640 [INFO] [mivins_node-38]: process started with pid [11410]
1714897347.0205760 [INFO] [launch.user]: navigation launch miloc
1714897347.1816735 [INFO] [miloc_server-39]: process started with pid [11457]
1714897351.0212224 [INFO] [launch.user]: navigation launch elevation_mapping_odom
1714897351.1934607 [INFO] [elevation_mapping-40]: process started with pid [11522]
1714897355.0207241 [INFO] [launch.user]: navigation launch head_tof_pc_publisher
1714897355.1936884 [INFO] [head_tof_pcl_publisher.py-41]: process started with pid [11568]
1714897359.0206907 [INFO] [launch.user]: navigation launch stair_align
1714897359.1418755 [INFO] [stair_align-42]: process started with pid [11614]
1714897363.0279100 [INFO] [launch.user]: navigation launch tracking_indication
1714897363.1533527 [INFO] [tracking_indication-43]: process started with pid [11662]
1714897367.0245202 [INFO] [launch.user]: navigation launch rosbag_recorder
1714897367.1399848 [INFO] [rosbag_recorder-44]: process started with pid [11713]
1714897367.6153193 [rosbag_recorder-44] [WARN] [1714897367.611968448] [az1.cyberdog_rosbag_recorder]: Rosbag recorder is not use, please set flag use: true, you can record.
1714897371.0258291 [INFO] [launch.user]: navigation launch tracking_base
1714897371.3394051 [INFO] [tracking_base-45]: process started with pid [11760]
1714897375.0224001 [INFO] [launch.user]: navigation launch emergency_stop
1714897375.1675978 [INFO] [cyberdog_emergency_stop-46]: process started with pid [11808]
1714897375.5838184 [cyberdog_emergency_stop-46] [INFO] [1714897375.582546597] [az1.cyberdog_emergency_stop]: Create enable emergency stop service......
1714897379.0309298 [INFO] [launch.user]: navigation launch cyberdog_pointnet
1714897379.1709397 [INFO] [cyberdog_pointnet-47]: process started with pid [11857]
1714897379.4545214 [cyberdog_pointnet-47] [INFO] [1714897379.453238023] [az1.cyberdog_pointnet]: Create service: release_pointnet
1714897379.5190623 [cyberdog_pointnet-47] [INFO] [1714897379.469993568] [uninitialized cyberdog_model]: cyberdog_model Constructor
1714897379.5196278 [cyberdog_pointnet-47] [INFO] [1714897379.470395072] [uninitialized cyberdog_model]: is_specified_version: 0
1714897379.5198996 [cyberdog_pointnet-47] [INFO] [1714897379.470509152] [uninitialized cyberdog_model]: specified_version: 1.1
1714897379.5201468 [cyberdog_pointnet-47] [INFO] [1714897379.470692128] [uninitialized cyberdog_model]: module_name: ground_segmentation
1714897379.5204127 [cyberdog_pointnet-47] [INFO] [1714897379.470789504] [uninitialized cyberdog_model]: model_dir: /SDCARD/vision/ground_segmentation/
1714897379.5206621 [cyberdog_pointnet-47] [INFO] [1714897379.470982592] [uninitialized cyberdog_model]: temp_download_path: /SDCARD/vision/ground_segmentation/temp/
1714897380.6215496 [cyberdog_pointnet-47] [INFO] [1714897380.620569308] [az1.cyberdog_pointnet]: [WifiSignalCallback] internet is ok!!!
1714897380.6259117 [cyberdog_pointnet-47] [INFO] [1714897380.620932604] [uninitialized cyberdog_model]: update models fuc begin
1714897380.6270304 [cyberdog_pointnet-47] [INFO] [1714897380.621037788] [uninitialized cyberdog_model]: init fuc
1714897380.7291787 [cyberdog_pointnet-47] [INFO] [1714897380.727098991] [uninitialized cyberdog_model]: ground_segmentation has 2 versions in fsd
1714897380.7309346 [cyberdog_pointnet-47] [INFO] [1714897380.727403567] [uninitialized cyberdog_model]: read model version in toml file
1714897380.7324851 [cyberdog_pointnet-47] [INFO] [1714897380.727576079] [uninitialized cyberdog_model]: Get_Model_Version func 
1714897380.7391019 [cyberdog_pointnet-47] [INFO] [1714897380.732311565] [uninitialized cyberdog_model]: read key value from toml successfully
1714897380.7404959 [cyberdog_pointnet-47] [INFO] [1714897380.732551085] [uninitialized cyberdog_model]: the model version in toml file is 1.0 
1714897380.7409222 [cyberdog_pointnet-47] [INFO] [1714897380.732734989] [uninitialized cyberdog_model]: temp toml path /SDCARD/vision/ground_segmentation/temp/version.toml exist!
1714897380.7412360 [cyberdog_pointnet-47] [INFO] [1714897380.732847469] [uninitialized cyberdog_model]: new models already downloaded into temp path, do not download again
1714897380.7415309 [cyberdog_pointnet-47] [INFO] [1714897380.732945933] [uninitialized cyberdog_model]: DownloadModels fuc
1714897380.7418010 [cyberdog_pointnet-47] [INFO] [1714897380.733096173] [uninitialized cyberdog_model]: do not need download
1714897380.7420743 [cyberdog_pointnet-47] [ERROR] [1714897380.733338381] [uninitialized cyberdog_model]: download failed or do not need download
1714897380.7425275 [cyberdog_pointnet-47] [INFO] [1714897380.733491757] [az1.cyberdog_pointnet]: Download and update ground_segmentation model from Fds failed or timeout
1714897383.0223336 [INFO] [launch.user]: navigation launch algorithm_manager
1714897383.1460950 [INFO] [algorithm_manager-48]: process started with pid [11913]
1714897384.5459044 [algorithm_manager-48] [INFO] [1714897384.544816008] [AlgorithmTaskManager]: diff_x threashold: 0.700000, diff_y threashold: 0.700000
1714897384.5505736 [algorithm_manager-48] [INFO] [1714897384.545459912] [AlgorithmTaskManager]: detect_duration: 5
1714897384.5511005 [algorithm_manager-48] [INFO] [1714897384.546662823] [AlgorithmTaskManager]: pose_topic_name: tracking_pose_transformed
1714897384.5513966 [algorithm_manager-48] [INFO] [1714897384.546841895] [AlgorithmTaskManager]: filter_size: 5
1714897385.4683328 [algorithm_manager-48] [INFO] [1714897385.389743588] [az1.LaserMapping]: DeclareParameters.
1714897390.0771284 [algorithm_manager-48] [INFO] [1714897390.075724912] [az1.VisionTracking]: tracking_keep_distance_: 1.500000, tracking_relative_pos_: 1, enable_visual_obstacle_avoidance_
1714897391.4512069 [algorithm_manager-48] [INFO] [1714897391.447904430] [az1.AutoDock]: ExecutorAutoDock server is ready
1714897392.3432264 [algorithm_manager-48] [INFO] [1714897392.342048566] [AlgorithmTaskManager]: MachineActuator Init, config file: /opt/ros2/cyberdog/share/params/toml_config/manager/state_machine_config.toml
1714897392.5174623 [algorithm_manager-48] [INFO] [1714897392.508080560] [AlgorithmTaskManager]: MachineActuator start on call.
1714897392.5180547 [algorithm_manager-48] [INFO] [1714897392.508334320] [AlgorithmTaskManager]: MachineActuator checkout state: SetUp.
1714897392.5185223 [algorithm_manager-48] [INFO] [1714897392.508454768] [AlgorithmTaskManager]: Get fsm: Setup
1714897392.5187991 [algorithm_manager-48] [INFO] [1714897392.508554672] [AlgorithmTaskManager]: MachineActuator service setup on call.
