2024-05-05 09:00:49.998 [info] 日志级别: Info
2024-05-05 09:00:49.998 [info] 正在验证在以下位置找到的 git: "git"
2024-05-05 09:00:49.999 [info] 将使用位于 "2.17.1" 的 Git "git"
2024-05-05 09:00:49.999 [info] > git rev-parse --show-toplevel [35ms]
2024-05-05 09:00:49.999 [info] > git rev-parse --git-dir --git-common-dir [45ms]
2024-05-05 09:00:49.999 [info] Open repository: /home/mi
2024-05-05 09:00:50.305 [info] > git rev-parse --show-toplevel [115ms]
2024-05-05 09:00:50.313 [info] > git config --get commit.template [136ms]
2024-05-05 09:00:51.947 [info] > git rev-parse --show-toplevel [1525ms]
2024-05-05 09:00:52.038 [info] > git for-each-ref --format=%(refname)%00%(upstream:short)%00%(objectname)%00%(upstream:track)%00%(upstream:remotename)%00%(upstream:remoteref) refs/heads/main refs/remotes/main [130ms]
2024-05-05 09:00:52.213 [info] > git check-ignore -v -z --stdin [240ms]
2024-05-05 09:00:52.300 [info] > git rev-parse --show-toplevel [296ms]
2024-05-05 09:00:52.472 [info] > git rev-parse --show-toplevel [106ms]
2024-05-05 09:00:53.078 [info] > git status -z -uall [581ms]
2024-05-05 09:00:53.086 [info] > git rev-parse --show-toplevel [528ms]
2024-05-05 09:00:54.065 [info] > git merge-base refs/heads/main refs/remotes/origin/main [716ms]
2024-05-05 09:00:54.090 [info] > git rev-parse --show-toplevel [847ms]
2024-05-05 09:00:54.186 [info] > git rev-list --count --left-right refs/heads/main...refs/remotes/origin/main [99ms]
2024-05-05 09:00:54.221 [info] > git config --get commit.template [230ms]
2024-05-05 09:00:54.236 [info] > git diff --name-status -z --diff-filter=ADMR 1785e2ffb5c58c7a4e066a01d5440065b3639e73...refs/remotes/origin/main [21ms]
2024-05-05 09:00:54.243 [info] > git rev-parse --show-toplevel [61ms]
2024-05-05 09:00:54.559 [info] > git for-each-ref --format=%(refname)%00%(upstream:short)%00%(objectname)%00%(upstream:track)%00%(upstream:remotename)%00%(upstream:remoteref) refs/heads/main refs/remotes/main [293ms]
2024-05-05 09:00:54.682 [info] > git rev-parse --show-toplevel [387ms]
2024-05-05 09:00:54.849 [info] > git rev-parse --show-toplevel [144ms]
2024-05-05 09:00:54.973 [info] > git rev-parse --show-toplevel [78ms]
2024-05-05 09:00:55.416 [info] > git status -z -uall [541ms]
2024-05-05 09:00:55.504 [info] > git rev-parse --show-toplevel [504ms]
2024-05-05 09:00:55.563 [info] > git rev-parse --show-toplevel [34ms]
2024-05-05 09:00:55.956 [info] > git rev-parse --show-toplevel [45ms]
2024-05-05 09:00:55.992 [info] > git rev-parse --show-toplevel [15ms]
2024-05-05 09:00:56.018 [info] > git rev-parse --show-toplevel [5ms]
2024-05-05 09:00:56.049 [info] > git rev-parse --show-toplevel [8ms]
2024-05-05 09:00:56.079 [info] > git rev-parse --show-toplevel [6ms]
2024-05-05 09:00:56.102 [info] > git rev-parse --show-toplevel [4ms]
2024-05-05 09:00:56.128 [info] > git rev-parse --show-toplevel [4ms]
2024-05-05 09:00:56.153 [info] > git rev-parse --show-toplevel [5ms]
2024-05-05 09:00:56.182 [info] > git rev-parse --show-toplevel [6ms]
2024-05-05 09:00:56.207 [info] > git rev-parse --show-toplevel [5ms]
2024-05-05 09:00:56.232 [info] > git rev-parse --show-toplevel [5ms]
2024-05-05 09:00:56.255 [info] > git rev-parse --show-toplevel [4ms]
2024-05-05 09:00:56.293 [info] > git rev-parse --show-toplevel [5ms]
2024-05-05 09:00:56.319 [info] > git rev-parse --show-toplevel [6ms]
2024-05-05 09:00:56.342 [info] > git rev-parse --show-toplevel [4ms]
2024-05-05 09:00:56.369 [info] > git rev-parse --show-toplevel [6ms]
2024-05-05 09:00:56.394 [info] > git rev-parse --show-toplevel [5ms]
2024-05-05 09:00:56.448 [info] > git rev-parse --show-toplevel [31ms]
2024-05-05 09:00:56.767 [info] > git rev-parse --show-toplevel [296ms]
2024-05-05 09:00:56.857 [info] > git show --textconv :workplace/src/learning/learning/track.py [53ms]
2024-05-05 09:00:56.944 [info] > git ls-files --stage -- /home/mi/workplace/src/learning/learning/track.py [117ms]
2024-05-05 09:00:56.976 [info] > git cat-file -s a962c6336d222a1efdebbf544f3a5b8f1d526b1d [6ms]
2024-05-05 09:01:24.123 [info] > git config --get commit.template [35ms]
2024-05-05 09:01:24.130 [info] > git for-each-ref --format=%(refname)%00%(upstream:short)%00%(objectname)%00%(upstream:track)%00%(upstream:remotename)%00%(upstream:remoteref) refs/heads/main refs/remotes/main [12ms]
2024-05-05 09:01:24.365 [info] > git status -z -uall [207ms]
