2024-05-05 17:10:58.875 [info] 日志级别: Info
2024-05-05 17:10:58.875 [info] 正在验证在以下位置找到的 git: "git"
2024-05-05 17:10:58.875 [info] 将使用位于 "2.17.1" 的 Git "git"
2024-05-05 17:10:58.875 [info] > git rev-parse --show-toplevel [3148ms]
2024-05-05 17:10:58.875 [info] > git rev-parse --git-dir --git-common-dir [25ms]
2024-05-05 17:10:58.875 [info] Open repository: /home/mi
2024-05-05 17:10:59.097 [info] > git rev-parse --show-toplevel [114ms]
2024-05-05 17:10:59.103 [info] > git config --get commit.template [141ms]
2024-05-05 17:10:59.500 [info] > git rev-parse --show-toplevel [110ms]
2024-05-05 17:10:59.526 [info] > git for-each-ref --format=%(refname)%00%(upstream:short)%00%(objectname)%00%(upstream:track)%00%(upstream:remotename)%00%(upstream:remoteref) refs/heads/main refs/remotes/main [94ms]
2024-05-05 17:11:00.015 [info] > git check-ignore -v -z --stdin [434ms]
2024-05-05 17:11:00.026 [info] > git rev-parse --show-toplevel [168ms]
2024-05-05 17:11:00.787 [info] > git status -z -uall [603ms]
2024-05-05 17:11:00.788 [info] > git rev-parse --show-toplevel [704ms]
2024-05-05 17:11:03.350 [info] > git merge-base refs/heads/main refs/remotes/origin/main [2092ms]
2024-05-05 17:11:03.398 [info] > git rev-parse --show-toplevel [2522ms]
2024-05-05 17:11:03.540 [info] > git rev-list --count --left-right refs/heads/main...refs/remotes/origin/main [151ms]
2024-05-05 17:11:03.577 [info] > git config --get commit.template [360ms]
2024-05-05 17:11:03.646 [info] > git diff --name-status -z --diff-filter=ADMR 1785e2ffb5c58c7a4e066a01d5440065b3639e73...refs/remotes/origin/main [74ms]
2024-05-05 17:11:03.651 [info] > git rev-parse --show-toplevel [179ms]
2024-05-05 17:11:03.779 [info] > git rev-parse --show-toplevel [67ms]
2024-05-05 17:11:03.781 [info] > git for-each-ref --format=%(refname)%00%(upstream:short)%00%(objectname)%00%(upstream:track)%00%(upstream:remotename)%00%(upstream:remoteref) refs/heads/main refs/remotes/main [100ms]
2024-05-05 17:11:03.828 [info] > git rev-parse --show-toplevel [14ms]
2024-05-05 17:11:04.070 [info] > git rev-parse --show-toplevel [214ms]
2024-05-05 17:11:04.217 [info] > git status -z -uall [333ms]
2024-05-05 17:11:05.183 [info] > git rev-parse --show-toplevel [985ms]
2024-05-05 17:11:05.244 [info] > git rev-parse --show-toplevel [16ms]
2024-05-05 17:11:05.302 [info] > git rev-parse --show-toplevel [22ms]
2024-05-05 17:11:05.347 [info] > git rev-parse --show-toplevel [12ms]
2024-05-05 17:11:05.397 [info] > git rev-parse --show-toplevel [7ms]
2024-05-05 17:11:05.441 [info] > git rev-parse --show-toplevel [14ms]
2024-05-05 17:11:05.476 [info] > git rev-parse --show-toplevel [10ms]
2024-05-05 17:11:05.515 [info] > git rev-parse --show-toplevel [9ms]
2024-05-05 17:11:05.556 [info] > git rev-parse --show-toplevel [12ms]
2024-05-05 17:11:05.591 [info] > git rev-parse --show-toplevel [7ms]
2024-05-05 17:11:05.623 [info] > git rev-parse --show-toplevel [4ms]
2024-05-05 17:11:05.657 [info] > git rev-parse --show-toplevel [5ms]
2024-05-05 17:11:05.697 [info] > git rev-parse --show-toplevel [10ms]
2024-05-05 17:11:05.731 [info] > git rev-parse --show-toplevel [11ms]
2024-05-05 17:11:05.769 [info] > git rev-parse --show-toplevel [6ms]
2024-05-05 17:11:05.806 [info] > git rev-parse --show-toplevel [5ms]
2024-05-05 17:11:05.840 [info] > git rev-parse --show-toplevel [7ms]
2024-05-05 17:11:05.876 [info] > git rev-parse --show-toplevel [4ms]
2024-05-05 17:11:05.920 [info] > git rev-parse --show-toplevel [14ms]
2024-05-05 17:11:05.977 [info] > git rev-parse --show-toplevel [11ms]
2024-05-05 17:11:06.032 [info] > git rev-parse --show-toplevel [18ms]
2024-05-05 17:11:07.823 [info] > git check-ignore -v -z --stdin [43ms]
2024-05-05 17:11:11.165 [info] > git check-ignore -v -z --stdin [35ms]
2024-05-05 17:11:11.806 [info] > git check-ignore -v -z --stdin [71ms]
2024-05-05 17:11:12.419 [info] > git check-ignore -v -z --stdin [71ms]
2024-05-05 17:11:22.639 [info] > git show --textconv :workplace/src/learning/learning/rgb_cam_suber.py [36ms]
2024-05-05 17:11:22.651 [info] > git ls-files --stage -- /home/mi/workplace/src/learning/learning/rgb_cam_suber.py [19ms]
2024-05-05 17:11:22.681 [info] > git cat-file -s 3e0ff7b208544c4d0f41fce9b6bf39ae1679ec55 [5ms]
2024-05-05 17:11:22.902 [info] > git check-ignore -v -z --stdin [111ms]
2024-05-05 17:11:32.677 [info] > git show --textconv :workplace/src/learning/learning/camera.py [38ms]
2024-05-05 17:11:32.698 [info] > git ls-files --stage -- /home/mi/workplace/src/learning/learning/camera.py [28ms]
2024-05-05 17:11:32.732 [info] > git cat-file -s 57d25ca86ebe15ac4fd13d672c220a5052800460 [10ms]
2024-05-05 17:11:36.292 [info] > git show --textconv :workplace/src/learning/learning/crash.py [55ms]
2024-05-05 17:11:36.301 [info] > git ls-files --stage -- /home/mi/workplace/src/learning/learning/crash.py [26ms]
2024-05-05 17:11:36.348 [info] > git cat-file -s 518bec84c0c8ea31da7e07918535ef2d0b0fd72b [19ms]
2024-05-05 17:11:37.962 [info] > git show --textconv :workplace/src/learning/learning/camera.py [55ms]
2024-05-05 17:11:38.014 [info] > git ls-files --stage -- /home/mi/workplace/src/learning/learning/camera.py [69ms]
2024-05-05 17:11:38.051 [info] > git cat-file -s 57d25ca86ebe15ac4fd13d672c220a5052800460 [10ms]
2024-05-05 17:11:40.109 [info] > git show --textconv :workplace/src/learning/learning/walk.py [41ms]
2024-05-05 17:11:40.118 [info] > git ls-files --stage -- /home/mi/workplace/src/learning/learning/walk.py [21ms]
2024-05-05 17:11:40.831 [info] > git show --textconv :workplace/src/learning/learning/ZED_Tracker_color_range.py [42ms]
2024-05-05 17:11:40.843 [info] > git ls-files --stage -- /home/mi/workplace/src/learning/learning/ZED_Tracker_color_range.py [29ms]
2024-05-05 17:11:40.885 [info] > git cat-file -s 7e2c5976d7c94eec15778677ea960a2635100827 [8ms]
