[4.160s] Invoking command in '/home/mi/workplace/src/learning': PYTHONPATH=/home/mi/install/learning/lib/python3.6/site-packages:${PYTHONPATH} /usr/bin/python3 setup.py egg_info --egg-base ../../../build/learning build --build-base /home/mi/build/learning/build install --prefix /home/mi/install/learning --record /home/mi/build/learning/install.log --single-version-externally-managed
[5.818s] running egg_info
[5.820s] writing ../../../build/learning/learning.egg-info/PKG-INFO
[5.823s] writing dependency_links to ../../../build/learning/learning.egg-info/dependency_links.txt
[5.824s] writing entry points to ../../../build/learning/learning.egg-info/entry_points.txt
[5.825s] writing requirements to ../../../build/learning/learning.egg-info/requires.txt
[5.825s] writing top-level names to ../../../build/learning/learning.egg-info/top_level.txt
[5.845s] reading manifest file '../../../build/learning/learning.egg-info/SOURCES.txt'
[5.851s] writing manifest file '../../../build/learning/learning.egg-info/SOURCES.txt'
[5.852s] running build
[5.852s] running build_py
[5.859s] running install
[5.860s] /usr/local/lib/python3.6/dist-packages/setuptools/command/install.py:37: SetuptoolsDeprecationWarning: setup.py install is deprecated. Use build and pip and other standards-based tools.
[5.861s]   setuptools.SetuptoolsDeprecationWarning,
[5.864s] running install_lib
[5.872s] running install_data
[5.875s] running install_egg_info
[5.883s] removing '/home/mi/install/learning/lib/python3.6/site-packages/learning-0.0.0-py3.6.egg-info' (and everything under it)
[5.884s] Copying ../../../build/learning/learning.egg-info to /home/mi/install/learning/lib/python3.6/site-packages/learning-0.0.0-py3.6.egg-info
[5.889s] running install_scripts
[5.989s] Installing camera script to /home/mi/install/learning/lib/learning
[5.996s] Installing crash script to /home/mi/install/learning/lib/learning
[5.998s] Installing data_receive script to /home/mi/install/learning/lib/learning
[5.999s] Installing get_data script to /home/mi/install/learning/lib/learning
[6.000s] Installing goal script to /home/mi/install/learning/lib/learning
[6.001s] Installing keeper script to /home/mi/install/learning/lib/learning
[6.001s] Installing move_x script to /home/mi/install/learning/lib/learning
[6.002s] Installing rgb script to /home/mi/install/learning/lib/learning
[6.002s] Installing rotate script to /home/mi/install/learning/lib/learning
[6.003s] Installing rotate_until_center1 script to /home/mi/install/learning/lib/learning
[6.003s] Installing stand script to /home/mi/install/learning/lib/learning
[6.004s] Installing track script to /home/mi/install/learning/lib/learning
[6.004s] Installing walk_t_sec script to /home/mi/install/learning/lib/learning
[6.008s] Installing walktest script to /home/mi/install/learning/lib/learning
[6.009s] writing list of installed files to '/home/mi/build/learning/install.log'
[6.135s] Invoked command in '/home/mi/workplace/src/learning' returned '0': PYTHONPATH=/home/mi/install/learning/lib/python3.6/site-packages:${PYTHONPATH} /usr/bin/python3 setup.py egg_info --egg-base ../../../build/learning build --build-base /home/mi/build/learning/build install --prefix /home/mi/install/learning --record /home/mi/build/learning/install.log --single-version-externally-managed
