2024-05-03 21:43:22.392 [info] 日志级别: Info
2024-05-03 21:43:22.392 [info] 正在验证在以下位置找到的 git: "git"
2024-05-03 21:43:22.392 [info] 将使用位于 "2.17.1" 的 Git "git"
2024-05-03 21:43:22.392 [info] > git rev-parse --show-toplevel [58ms]
2024-05-03 21:43:22.398 [info] > git rev-parse --git-dir --git-common-dir [289ms]
2024-05-03 21:43:22.467 [info] Open repository: /home/mi
2024-05-03 21:43:22.614 [info] > git rev-parse --show-toplevel [96ms]
2024-05-03 21:43:22.622 [info] > git config --get commit.template [118ms]
2024-05-03 21:43:22.687 [info] > git rev-parse --show-toplevel [46ms]
2024-05-03 21:43:22.697 [info] > git for-each-ref --format=%(refname)%00%(upstream:short)%00%(objectname)%00%(upstream:track)%00%(upstream:remotename)%00%(upstream:remoteref) refs/heads/main refs/remotes/main [20ms]
2024-05-03 21:43:22.745 [info] > git rev-parse --show-toplevel [27ms]
2024-05-03 21:43:22.825 [info] > git rev-parse --show-toplevel [21ms]
2024-05-03 21:43:22.878 [info] > git rev-parse --show-toplevel [16ms]
2024-05-03 21:43:22.918 [info] > git rev-parse --show-toplevel [17ms]
2024-05-03 21:43:22.955 [info] > git rev-parse --show-toplevel [3ms]
2024-05-03 21:43:23.042 [info] > git rev-parse --show-toplevel [31ms]
2024-05-03 21:43:23.078 [info] > git rev-parse --show-toplevel [12ms]
2024-05-03 21:43:23.136 [info] > git rev-parse --show-toplevel [40ms]
2024-05-03 21:43:23.194 [info] > git rev-parse --show-toplevel [21ms]
2024-05-03 21:43:23.243 [info] > git check-ignore -v -z --stdin [117ms]
2024-05-03 21:43:23.258 [info] > git rev-parse --show-toplevel [27ms]
2024-05-03 21:43:23.289 [info] > git rev-parse --show-toplevel [11ms]
2024-05-03 21:43:23.329 [info] > git rev-parse --show-toplevel [7ms]
2024-05-03 21:43:23.361 [info] > git rev-parse --show-toplevel [4ms]
2024-05-03 21:43:23.399 [info] > git rev-parse --show-toplevel [16ms]
2024-05-03 21:43:23.435 [info] > git rev-parse --show-toplevel [19ms]
2024-05-03 21:43:23.480 [info] > git rev-parse --show-toplevel [8ms]
2024-05-03 21:43:23.516 [info] > git rev-parse --show-toplevel [9ms]
2024-05-03 21:43:23.538 [info] > git rev-parse --show-toplevel [8ms]
2024-05-03 21:43:23.582 [info] > git rev-parse --show-toplevel [7ms]
2024-05-03 21:43:23.615 [info] > git rev-parse --show-toplevel [16ms]
2024-05-03 21:43:23.672 [info] > git rev-parse --show-toplevel [7ms]
2024-05-03 21:43:23.709 [info] > git rev-parse --show-toplevel [7ms]
2024-05-03 21:43:23.741 [info] > git rev-parse --show-toplevel [9ms]
2024-05-03 21:43:23.788 [info] > git rev-parse --show-toplevel [8ms]
2024-05-03 21:43:23.844 [info] > git rev-parse --show-toplevel [5ms]
2024-05-03 21:43:23.882 [info] > git rev-parse --show-toplevel [4ms]
2024-05-03 21:43:23.918 [info] > git rev-parse --show-toplevel [6ms]
2024-05-03 21:43:23.953 [info] > git rev-parse --show-toplevel [16ms]
2024-05-03 21:43:24.051 [info] > git show --textconv :.bashrc [35ms]
2024-05-03 21:43:24.079 [info] > git ls-files --stage -- /home/mi/.bashrc [28ms]
2024-05-03 21:43:24.122 [info] > git cat-file -s 07035dda157cb2043954fcd188a7f18805062990 [10ms]
2024-05-03 21:43:26.599 [info] > git status -z -uall [3860ms]
2024-05-03 21:43:30.386 [info] > git merge-base refs/heads/main refs/remotes/origin/main [3556ms]
2024-05-03 21:43:30.484 [info] > git rev-list --count --left-right refs/heads/main...refs/remotes/origin/main [50ms]
2024-05-03 21:43:30.525 [info] > git config --get commit.template [209ms]
2024-05-03 21:43:30.529 [info] > git diff --name-status -z --diff-filter=ADMR 204e76f159ef4a5b90ad15a9c05af0a3b3984d4b...refs/remotes/origin/main [10ms]
2024-05-03 21:43:30.563 [info] > git for-each-ref --format=%(refname)%00%(upstream:short)%00%(objectname)%00%(upstream:track)%00%(upstream:remotename)%00%(upstream:remoteref) refs/heads/main refs/remotes/main [13ms]
2024-05-03 21:43:33.477 [info] > git status -z -uall [2893ms]
2024-05-03 21:43:45.000 [info] > git show --textconv :realsense2_camera.bash [49ms]
2024-05-03 21:43:45.006 [info] > git ls-files --stage -- /home/mi/realsense2_camera.bash [33ms]
2024-05-03 21:43:45.028 [info] > git cat-file -s 6e92dfcd4fe24e353309f1fdb7fcb1081a31df8c [4ms]
2024-05-03 21:44:05.588 [info] > git check-ignore -v -z --stdin [17ms]
2024-05-03 21:46:38.860 [info] > git show --textconv :workplace/src/learning/learning/rgb_cam_suber.py [62ms]
2024-05-03 21:46:38.867 [info] > git ls-files --stage -- /home/mi/workplace/src/learning/learning/rgb_cam_suber.py [41ms]
2024-05-03 21:46:39.055 [info] > git check-ignore -v -z --stdin [18ms]
