[4.401s] Invoking command in '/home/mi/workplace/src/learning': PYTHONPATH=/home/mi/workplace/install/learning/lib/python3.6/site-packages:${PYTHONPATH} /usr/bin/python3 setup.py egg_info --egg-base ../../build/learning build --build-base /home/mi/workplace/build/learning/build install --prefix /home/mi/workplace/install/learning --record /home/mi/workplace/build/learning/install.log --single-version-externally-managed
[6.131s] running egg_info
[6.133s] writing ../../build/learning/learning.egg-info/PKG-INFO
[6.136s] writing dependency_links to ../../build/learning/learning.egg-info/dependency_links.txt
[6.137s] writing entry points to ../../build/learning/learning.egg-info/entry_points.txt
[6.137s] writing requirements to ../../build/learning/learning.egg-info/requires.txt
[6.139s] writing top-level names to ../../build/learning/learning.egg-info/top_level.txt
[6.154s] reading manifest file '../../build/learning/learning.egg-info/SOURCES.txt'
[6.161s] writing manifest file '../../build/learning/learning.egg-info/SOURCES.txt'
[6.162s] running build
[6.163s] running build_py
[6.166s] copying learning/rotate_until_center1.py -> /home/mi/workplace/build/learning/build/lib/learning
[6.168s] running install
[6.169s] /usr/local/lib/python3.6/dist-packages/setuptools/command/install.py:37: SetuptoolsDeprecationWarning: setup.py install is deprecated. Use build and pip and other standards-based tools.
[6.173s]   setuptools.SetuptoolsDeprecationWarning,
[6.173s] running install_lib
[6.176s] copying /home/mi/workplace/build/learning/build/lib/learning/rotate_until_center1.py -> /home/mi/workplace/install/learning/lib/python3.6/site-packages/learning
[6.182s] byte-compiling /home/mi/workplace/install/learning/lib/python3.6/site-packages/learning/rotate_until_center1.py to rotate_until_center1.cpython-36.pyc
[6.184s] running install_data
[6.189s] running install_egg_info
[6.195s] removing '/home/mi/workplace/install/learning/lib/python3.6/site-packages/learning-0.0.0-py3.6.egg-info' (and everything under it)
[6.197s] Copying ../../build/learning/learning.egg-info to /home/mi/workplace/install/learning/lib/python3.6/site-packages/learning-0.0.0-py3.6.egg-info
[6.205s] running install_scripts
[6.303s] Installing camera script to /home/mi/workplace/install/learning/lib/learning
[6.305s] Installing crash script to /home/mi/workplace/install/learning/lib/learning
[6.307s] Installing data_receive script to /home/mi/workplace/install/learning/lib/learning
[6.309s] Installing rgb script to /home/mi/workplace/install/learning/lib/learning
[6.309s] Installing rotate_until_center1 script to /home/mi/workplace/install/learning/lib/learning
[6.310s] Installing stand script to /home/mi/workplace/install/learning/lib/learning
[6.312s] Installing track script to /home/mi/workplace/install/learning/lib/learning
[6.313s] Installing walktest script to /home/mi/workplace/install/learning/lib/learning
[6.314s] writing list of installed files to '/home/mi/workplace/build/learning/install.log'
[6.442s] Invoked command in '/home/mi/workplace/src/learning' returned '0': PYTHONPATH=/home/mi/workplace/install/learning/lib/python3.6/site-packages:${PYTHONPATH} /usr/bin/python3 setup.py egg_info --egg-base ../../build/learning build --build-base /home/mi/workplace/build/learning/build install --prefix /home/mi/workplace/install/learning --record /home/mi/workplace/build/learning/install.log --single-version-externally-managed
