[4.303s] Invoking command in '/home/mi/workplace/src/ai': PYTHONPATH=/home/mi/workplace/install/ai/lib/python3.6/site-packages:${PYTHONPATH} /usr/bin/python3 setup.py egg_info --egg-base ../../build/ai build --build-base /home/mi/workplace/build/ai/build install --prefix /home/mi/workplace/install/ai --record /home/mi/workplace/build/ai/install.log --single-version-externally-managed
[6.024s] running egg_info
[6.028s] writing ../../build/ai/ai.egg-info/PKG-INFO
[6.031s] writing dependency_links to ../../build/ai/ai.egg-info/dependency_links.txt
[6.033s] writing entry points to ../../build/ai/ai.egg-info/entry_points.txt
[6.034s] writing requirements to ../../build/ai/ai.egg-info/requires.txt
[6.034s] writing top-level names to ../../build/ai/ai.egg-info/top_level.txt
[6.052s] reading manifest file '../../build/ai/ai.egg-info/SOURCES.txt'
[6.057s] writing manifest file '../../build/ai/ai.egg-info/SOURCES.txt'
[6.058s] running build
[6.058s] running build_py
[6.059s] copying ai/photo.py -> /home/mi/workplace/build/ai/build/lib/ai
[6.061s] running install
[6.061s] /usr/local/lib/python3.6/dist-packages/setuptools/command/install.py:37: SetuptoolsDeprecationWarning: setup.py install is deprecated. Use build and pip and other standards-based tools.
[6.062s]   setuptools.SetuptoolsDeprecationWarning,
[6.064s] running install_lib
[6.066s] copying /home/mi/workplace/build/ai/build/lib/ai/photo.py -> /home/mi/workplace/install/ai/lib/python3.6/site-packages/ai
[6.069s] byte-compiling /home/mi/workplace/install/ai/lib/python3.6/site-packages/ai/photo.py to photo.cpython-36.pyc
[6.072s] running install_data
[6.074s] running install_egg_info
[6.083s] removing '/home/mi/workplace/install/ai/lib/python3.6/site-packages/ai-0.0.0-py3.6.egg-info' (and everything under it)
[6.086s] Copying ../../build/ai/ai.egg-info to /home/mi/workplace/install/ai/lib/python3.6/site-packages/ai-0.0.0-py3.6.egg-info
[6.090s] running install_scripts
[6.188s] Installing photo script to /home/mi/workplace/install/ai/lib/ai
[6.191s] writing list of installed files to '/home/mi/workplace/build/ai/install.log'
[6.316s] Invoked command in '/home/mi/workplace/src/ai' returned '0': PYTHONPATH=/home/mi/workplace/install/ai/lib/python3.6/site-packages:${PYTHONPATH} /usr/bin/python3 setup.py egg_info --egg-base ../../build/ai build --build-base /home/mi/workplace/build/ai/build install --prefix /home/mi/workplace/install/ai --record /home/mi/workplace/build/ai/install.log --single-version-externally-managed
