[4.361s] Invoking command in '/home/mi/workplace/src/learning': PYTHONPATH=/home/mi/workplace/install/learning/lib/python3.6/site-packages:${PYTHONPATH} /usr/bin/python3 setup.py egg_info --egg-base ../../build/learning build --build-base /home/mi/workplace/build/learning/build install --prefix /home/mi/workplace/install/learning --record /home/mi/workplace/build/learning/install.log --single-version-externally-managed
[6.096s] running egg_info
[6.099s] writing ../../build/learning/learning.egg-info/PKG-INFO
[6.100s] writing dependency_links to ../../build/learning/learning.egg-info/dependency_links.txt
[6.104s] writing entry points to ../../build/learning/learning.egg-info/entry_points.txt
[6.105s] writing requirements to ../../build/learning/learning.egg-info/requires.txt
[6.105s] writing top-level names to ../../build/learning/learning.egg-info/top_level.txt
[6.125s] reading manifest file '../../build/learning/learning.egg-info/SOURCES.txt'
[6.135s] writing manifest file '../../build/learning/learning.egg-info/SOURCES.txt'
[6.136s] running build
[6.137s] running build_py
[6.137s] copying learning/main_node.py -> /home/mi/workplace/build/learning/build/lib/learning
[6.146s] running install
[6.147s] /usr/local/lib/python3.6/dist-packages/setuptools/command/install.py:37: SetuptoolsDeprecationWarning: setup.py install is deprecated. Use build and pip and other standards-based tools.
[6.148s]   setuptools.SetuptoolsDeprecationWarning,
[6.148s] running install_lib
[6.153s] copying /home/mi/workplace/build/learning/build/lib/learning/main_node.py -> /home/mi/workplace/install/learning/lib/python3.6/site-packages/learning
[6.159s] byte-compiling /home/mi/workplace/install/learning/lib/python3.6/site-packages/learning/main_node.py to main_node.cpython-36.pyc
[6.164s] running install_data
[6.168s] running install_egg_info
[6.177s] removing '/home/mi/workplace/install/learning/lib/python3.6/site-packages/learning-0.0.0-py3.6.egg-info' (and everything under it)
[6.179s] Copying ../../build/learning/learning.egg-info to /home/mi/workplace/install/learning/lib/python3.6/site-packages/learning-0.0.0-py3.6.egg-info
[6.185s] running install_scripts
[6.292s] Installing camera script to /home/mi/workplace/install/learning/lib/learning
[6.293s] Installing crash script to /home/mi/workplace/install/learning/lib/learning
[6.294s] Installing data_receive script to /home/mi/workplace/install/learning/lib/learning
[6.295s] Installing get_data script to /home/mi/workplace/install/learning/lib/learning
[6.296s] Installing goal script to /home/mi/workplace/install/learning/lib/learning
[6.296s] Installing keeper script to /home/mi/workplace/install/learning/lib/learning
[6.297s] Installing main script to /home/mi/workplace/install/learning/lib/learning
[6.298s] Installing move_x script to /home/mi/workplace/install/learning/lib/learning
[6.298s] Installing rgb script to /home/mi/workplace/install/learning/lib/learning
[6.299s] Installing rotate script to /home/mi/workplace/install/learning/lib/learning
[6.299s] Installing rotate_until_center1 script to /home/mi/workplace/install/learning/lib/learning
[6.300s] Installing sit script to /home/mi/workplace/install/learning/lib/learning
[6.301s] Installing stand script to /home/mi/workplace/install/learning/lib/learning
[6.302s] Installing track script to /home/mi/workplace/install/learning/lib/learning
[6.303s] Installing walk_t_sec script to /home/mi/workplace/install/learning/lib/learning
[6.303s] Installing walktest script to /home/mi/workplace/install/learning/lib/learning
[6.319s] writing list of installed files to '/home/mi/workplace/build/learning/install.log'
[6.446s] Invoked command in '/home/mi/workplace/src/learning' returned '0': PYTHONPATH=/home/mi/workplace/install/learning/lib/python3.6/site-packages:${PYTHONPATH} /usr/bin/python3 setup.py egg_info --egg-base ../../build/learning build --build-base /home/mi/workplace/build/learning/build install --prefix /home/mi/workplace/install/learning --record /home/mi/workplace/build/learning/install.log --single-version-externally-managed
