[4.312s] Invoking command in '/home/mi/workplace/src/learning': PYTHONPATH=/home/mi/workplace/install/learning/lib/python3.6/site-packages:${PYTHONPATH} /usr/bin/python3 setup.py egg_info --egg-base ../../build/learning build --build-base /home/mi/workplace/build/learning/build install --prefix /home/mi/workplace/install/learning --record /home/mi/workplace/build/learning/install.log --single-version-externally-managed
[6.013s] running egg_info
[6.017s] writing ../../build/learning/learning.egg-info/PKG-INFO
[6.019s] writing dependency_links to ../../build/learning/learning.egg-info/dependency_links.txt
[6.020s] writing entry points to ../../build/learning/learning.egg-info/entry_points.txt
[6.021s] writing requirements to ../../build/learning/learning.egg-info/requires.txt
[6.022s] writing top-level names to ../../build/learning/learning.egg-info/top_level.txt
[6.038s] reading manifest file '../../build/learning/learning.egg-info/SOURCES.txt'
[6.046s] writing manifest file '../../build/learning/learning.egg-info/SOURCES.txt'
[6.047s] running build
[6.047s] running build_py
[6.050s] copying learning/get_loc.py -> /home/mi/workplace/build/learning/build/lib/learning
[6.054s] copying learning/move_x.py -> /home/mi/workplace/build/learning/build/lib/learning
[6.058s] running install
[6.059s] /usr/local/lib/python3.6/dist-packages/setuptools/command/install.py:37: SetuptoolsDeprecationWarning: setup.py install is deprecated. Use build and pip and other standards-based tools.
[6.059s]   setuptools.SetuptoolsDeprecationWarning,
[6.060s] running install_lib
[6.069s] copying /home/mi/workplace/build/learning/build/lib/learning/get_loc.py -> /home/mi/workplace/install/learning/lib/python3.6/site-packages/learning
[6.070s] copying /home/mi/workplace/build/learning/build/lib/learning/move_x.py -> /home/mi/workplace/install/learning/lib/python3.6/site-packages/learning
[6.072s] byte-compiling /home/mi/workplace/install/learning/lib/python3.6/site-packages/learning/get_loc.py to get_loc.cpython-36.pyc
[6.077s] byte-compiling /home/mi/workplace/install/learning/lib/python3.6/site-packages/learning/move_x.py to move_x.cpython-36.pyc
[6.086s] running install_data
[6.088s] running install_egg_info
[6.099s] removing '/home/mi/workplace/install/learning/lib/python3.6/site-packages/learning-0.0.0-py3.6.egg-info' (and everything under it)
[6.101s] Copying ../../build/learning/learning.egg-info to /home/mi/workplace/install/learning/lib/python3.6/site-packages/learning-0.0.0-py3.6.egg-info
[6.106s] running install_scripts
[6.199s] Installing camera script to /home/mi/workplace/install/learning/lib/learning
[6.199s] Installing crash script to /home/mi/workplace/install/learning/lib/learning
[6.201s] Installing data_receive script to /home/mi/workplace/install/learning/lib/learning
[6.208s] Installing get_data script to /home/mi/workplace/install/learning/lib/learning
[6.211s] Installing goal script to /home/mi/workplace/install/learning/lib/learning
[6.214s] Installing keeper script to /home/mi/workplace/install/learning/lib/learning
[6.215s] Installing main_node script to /home/mi/workplace/install/learning/lib/learning
[6.216s] Installing move_x script to /home/mi/workplace/install/learning/lib/learning
[6.217s] Installing rgb script to /home/mi/workplace/install/learning/lib/learning
[6.217s] Installing rotate script to /home/mi/workplace/install/learning/lib/learning
[6.218s] Installing rotate_until_center1 script to /home/mi/workplace/install/learning/lib/learning
[6.219s] Installing stand script to /home/mi/workplace/install/learning/lib/learning
[6.219s] Installing track script to /home/mi/workplace/install/learning/lib/learning
[6.219s] Installing walk_t_sec script to /home/mi/workplace/install/learning/lib/learning
[6.220s] Installing walktest script to /home/mi/workplace/install/learning/lib/learning
[6.220s] writing list of installed files to '/home/mi/workplace/build/learning/install.log'
[6.337s] Invoked command in '/home/mi/workplace/src/learning' returned '0': PYTHONPATH=/home/mi/workplace/install/learning/lib/python3.6/site-packages:${PYTHONPATH} /usr/bin/python3 setup.py egg_info --egg-base ../../build/learning build --build-base /home/mi/workplace/build/learning/build install --prefix /home/mi/workplace/install/learning --record /home/mi/workplace/build/learning/install.log --single-version-externally-managed
