[3.897s] Invoking command in '/home/mi/workplace/src/lcm': PYTHONPATH=/home/mi/workplace/install/lcm/lib/python3.6/site-packages:${PYTHONPATH} /usr/bin/python3 setup.py egg_info --egg-base ../../build/lcm build --build-base /home/mi/workplace/build/lcm/build install --prefix /home/mi/workplace/install/lcm --record /home/mi/workplace/build/lcm/install.log --single-version-externally-managed
[5.417s] running egg_info
[5.420s] writing ../../build/lcm/lcm.egg-info/PKG-INFO
[5.422s] writing dependency_links to ../../build/lcm/lcm.egg-info/dependency_links.txt
[5.424s] writing entry points to ../../build/lcm/lcm.egg-info/entry_points.txt
[5.424s] writing requirements to ../../build/lcm/lcm.egg-info/requires.txt
[5.425s] writing top-level names to ../../build/lcm/lcm.egg-info/top_level.txt
[5.439s] reading manifest file '../../build/lcm/lcm.egg-info/SOURCES.txt'
[5.446s] writing manifest file '../../build/lcm/lcm.egg-info/SOURCES.txt'
[5.447s] running build
[5.447s] running build_py
[5.450s] copying lcm/localization_lcmt.py -> /home/mi/workplace/build/lcm/build/lib/lcm
[5.450s] copying lcm/teest.py -> /home/mi/workplace/build/lcm/build/lib/lcm
[5.451s] copying lcm/test.py -> /home/mi/workplace/build/lcm/build/lib/lcm
[5.451s] copying lcm/lcm_test.py -> /home/mi/workplace/build/lcm/build/lib/lcm
[5.455s] /usr/local/lib/python3.6/dist-packages/setuptools/command/install.py:37: SetuptoolsDeprecationWarning: setup.py install is deprecated. Use build and pip and other standards-based tools.
[5.456s]   setuptools.SetuptoolsDeprecationWarning,
[5.457s] running install
[5.458s] running install_lib
[5.458s] copying /home/mi/workplace/build/lcm/build/lib/lcm/localization_lcmt.py -> /home/mi/workplace/install/lcm/lib/python3.6/site-packages/lcm
[5.460s] copying /home/mi/workplace/build/lcm/build/lib/lcm/teest.py -> /home/mi/workplace/install/lcm/lib/python3.6/site-packages/lcm
[5.460s] copying /home/mi/workplace/build/lcm/build/lib/lcm/test.py -> /home/mi/workplace/install/lcm/lib/python3.6/site-packages/lcm
[5.461s] copying /home/mi/workplace/build/lcm/build/lib/lcm/lcm_test.py -> /home/mi/workplace/install/lcm/lib/python3.6/site-packages/lcm
[5.461s] byte-compiling /home/mi/workplace/install/lcm/lib/python3.6/site-packages/lcm/localization_lcmt.py to localization_lcmt.cpython-36.pyc
[5.466s] byte-compiling /home/mi/workplace/install/lcm/lib/python3.6/site-packages/lcm/teest.py to teest.cpython-36.pyc
[5.470s] byte-compiling /home/mi/workplace/install/lcm/lib/python3.6/site-packages/lcm/test.py to test.cpython-36.pyc
[5.471s] byte-compiling /home/mi/workplace/install/lcm/lib/python3.6/site-packages/lcm/lcm_test.py to lcm_test.cpython-36.pyc
[5.472s] running install_data
[5.475s] running install_egg_info
[5.483s] removing '/home/mi/workplace/install/lcm/lib/python3.6/site-packages/lcm-0.0.0-py3.6.egg-info' (and everything under it)
[5.484s] Copying ../../build/lcm/lcm.egg-info to /home/mi/workplace/install/lcm/lib/python3.6/site-packages/lcm-0.0.0-py3.6.egg-info
[5.488s] running install_scripts
[5.576s] Installing lcm_test script to /home/mi/workplace/install/lcm/lib/lcm
[5.579s] writing list of installed files to '/home/mi/workplace/build/lcm/install.log'
[5.691s] Invoked command in '/home/mi/workplace/src/lcm' returned '0': PYTHONPATH=/home/mi/workplace/install/lcm/lib/python3.6/site-packages:${PYTHONPATH} /usr/bin/python3 setup.py egg_info --egg-base ../../build/lcm build --build-base /home/mi/workplace/build/lcm/build install --prefix /home/mi/workplace/install/lcm --record /home/mi/workplace/build/lcm/install.log --single-version-externally-managed
