2024-05-02 16:03:33.467 [info] 日志级别: Info
2024-05-02 16:03:33.467 [info] 正在验证在以下位置找到的 git: "git"
2024-05-02 16:03:33.467 [info] 将使用位于 "2.17.1" 的 Git "git"
2024-05-02 16:03:33.467 [info] > git rev-parse --show-toplevel [62ms]
2024-05-02 16:03:33.467 [info] fatal: not a git repository (or any of the parent directories): .git
2024-05-02 16:03:33.467 [info] > git rev-parse --show-toplevel [353ms]
2024-05-02 16:03:33.467 [info] fatal: not a git repository (or any of the parent directories): .git
2024-05-02 16:03:33.479 [info] > git rev-parse --show-toplevel [12ms]
2024-05-02 16:03:33.479 [info] fatal: not a git repository (or any of the parent directories): .git
2024-05-02 16:03:33.511 [info] > git rev-parse --show-toplevel [10ms]
2024-05-02 16:03:33.511 [info] fatal: not a git repository (or any of the parent directories): .git
2024-05-02 16:03:33.542 [info] > git rev-parse --show-toplevel [14ms]
2024-05-02 16:03:33.542 [info] fatal: not a git repository (or any of the parent directories): .git
2024-05-02 16:03:33.629 [info] > git rev-parse --show-toplevel [65ms]
2024-05-02 16:03:33.629 [info] fatal: not a git repository (or any of the parent directories): .git
2024-05-02 16:03:33.659 [info] > git rev-parse --show-toplevel [11ms]
2024-05-02 16:03:33.659 [info] fatal: not a git repository (or any of the parent directories): .git
2024-05-02 16:03:33.690 [info] > git rev-parse --show-toplevel [12ms]
2024-05-02 16:03:33.690 [info] fatal: not a git repository (or any of the parent directories): .git
2024-05-02 16:03:33.727 [info] > git rev-parse --show-toplevel [4ms]
2024-05-02 16:03:33.727 [info] fatal: not a git repository (or any of the parent directories): .git
2024-05-02 16:03:33.749 [info] > git rev-parse --show-toplevel [7ms]
2024-05-02 16:03:33.749 [info] fatal: not a git repository (or any of the parent directories): .git
2024-05-02 16:03:33.781 [info] > git rev-parse --show-toplevel [11ms]
2024-05-02 16:03:33.781 [info] fatal: not a git repository (or any of the parent directories): .git
2024-05-02 16:03:33.809 [info] > git rev-parse --show-toplevel [12ms]
2024-05-02 16:03:33.809 [info] fatal: not a git repository (or any of the parent directories): .git
2024-05-02 16:03:33.842 [info] > git rev-parse --show-toplevel [17ms]
2024-05-02 16:03:33.842 [info] fatal: not a git repository (or any of the parent directories): .git
2024-05-02 16:03:33.868 [info] > git rev-parse --show-toplevel [4ms]
2024-05-02 16:03:33.868 [info] fatal: not a git repository (or any of the parent directories): .git
2024-05-02 16:03:33.891 [info] > git rev-parse --show-toplevel [3ms]
2024-05-02 16:03:33.891 [info] fatal: not a git repository (or any of the parent directories): .git
2024-05-02 16:03:33.912 [info] > git rev-parse --show-toplevel [3ms]
2024-05-02 16:03:33.912 [info] fatal: not a git repository (or any of the parent directories): .git
2024-05-02 16:03:33.932 [info] > git rev-parse --show-toplevel [5ms]
2024-05-02 16:03:33.932 [info] fatal: not a git repository (or any of the parent directories): .git
2024-05-02 16:03:33.979 [info] > git rev-parse --show-toplevel [7ms]
2024-05-02 16:03:33.979 [info] fatal: not a git repository (or any of the parent directories): .git
2024-05-02 16:03:34.003 [info] > git rev-parse --show-toplevel [4ms]
2024-05-02 16:03:34.003 [info] fatal: not a git repository (or any of the parent directories): .git
2024-05-02 16:03:34.023 [info] > git rev-parse --show-toplevel [3ms]
2024-05-02 16:03:34.023 [info] fatal: not a git repository (or any of the parent directories): .git
2024-05-02 16:03:34.045 [info] > git rev-parse --show-toplevel [5ms]
2024-05-02 16:03:34.046 [info] fatal: not a git repository (or any of the parent directories): .git
2024-05-02 16:03:34.070 [info] > git rev-parse --show-toplevel [5ms]
2024-05-02 16:03:34.070 [info] fatal: not a git repository (or any of the parent directories): .git
2024-05-02 16:03:34.096 [info] > git rev-parse --show-toplevel [6ms]
2024-05-02 16:03:34.096 [info] fatal: not a git repository (or any of the parent directories): .git
2024-05-02 16:03:34.114 [info] > git rev-parse --show-toplevel [4ms]
2024-05-02 16:03:34.114 [info] fatal: not a git repository (or any of the parent directories): .git
2024-05-02 16:03:34.133 [info] > git rev-parse --show-toplevel [4ms]
2024-05-02 16:03:34.134 [info] fatal: not a git repository (or any of the parent directories): .git
2024-05-02 16:03:34.156 [info] > git rev-parse --show-toplevel [7ms]
2024-05-02 16:03:34.157 [info] fatal: not a git repository (or any of the parent directories): .git
2024-05-02 16:03:34.175 [info] > git rev-parse --show-toplevel [5ms]
2024-05-02 16:03:34.176 [info] fatal: not a git repository (or any of the parent directories): .git
2024-05-02 16:03:34.195 [info] > git rev-parse --show-toplevel [3ms]
2024-05-02 16:03:34.195 [info] fatal: not a git repository (or any of the parent directories): .git
2024-05-02 17:32:29.922 [info] > git init [24ms]
2024-05-02 17:32:29.940 [info] > git rev-parse --show-toplevel [3ms]
2024-05-02 17:32:29.964 [info] > git rev-parse --git-dir --git-common-dir [3ms]
2024-05-02 17:32:30.053 [info] Open repository: /home/mi
2024-05-02 17:32:30.088 [info] > git config --get commit.template [4ms]
2024-05-02 17:32:30.112 [info] No remotes found in the git config file.
2024-05-02 17:32:30.122 [info] > git for-each-ref --format=%(refname)%00%(upstream:short)%00%(objectname)%00%(upstream:track)%00%(upstream:remotename)%00%(upstream:remoteref) refs/heads/master refs/remotes/master [17ms]
2024-05-02 17:32:30.124 [warning] No such branch: master.
2024-05-02 17:32:30.523 [info] > git status -z -uall [378ms] (cancelled)
2024-05-02 17:32:30.523 [info] > git show --textconv :realsense2_camera.bash [45ms]
2024-05-02 17:32:30.537 [info] > git ls-files --stage -- /home/mi/realsense2_camera.bash [38ms]
2024-05-02 17:32:30.711 [info] > git check-ignore -v -z --stdin [3ms]
2024-05-02 17:32:39.812 [info] > git config --get commit.template [4566ms]
2024-05-02 17:32:39.842 [info] No remotes found in the git config file.
2024-05-02 17:32:39.867 [info] > git for-each-ref --format=%(refname)%00%(upstream:short)%00%(objectname)%00%(upstream:track)%00%(upstream:remotename)%00%(upstream:remoteref) refs/heads/master refs/remotes/master [26ms]
2024-05-02 17:32:39.868 [warning] No such branch: master.
2024-05-02 17:32:44.987 [info] > git status -z -uall [5100ms] (cancelled)
2024-05-02 17:32:45.494 [info] > git check-ignore -v -z --stdin [7ms]
2024-05-02 17:32:56.989 [info] > git check-ignore -v -z --stdin [5ms]
2024-05-02 17:32:58.648 [info] > git check-ignore -v -z --stdin [7ms]
2024-05-02 17:32:59.824 [info] > git check-ignore -v -z --stdin [7ms]
2024-05-02 17:33:00.837 [info] > git check-ignore -v -z --stdin [8ms]
2024-05-02 17:33:09.102 [info] > git check-ignore -v -z --stdin [6ms]
2024-05-02 17:33:12.850 [info] > git add -A -- . [25224ms]
2024-05-02 17:33:13.919 [info] > git -c user.useConfigOnly=true commit --quiet [1042ms]
2024-05-02 17:33:13.920 [info] 
*** Please tell me who you are.

Run

  git config --global user.email "you@example.com"
  git config --global user.name "Your Name"

to set your account's default identity.
Omit --global to set the identity only in this repository.

fatal: no email was given and auto-detection is disabled
2024-05-02 17:33:13.947 [info] > git config --get-all user.name [4ms]
2024-05-02 17:33:13.998 [info] No remotes found in the git config file.
2024-05-02 17:33:14.000 [info] > git for-each-ref --format=%(refname)%00%(upstream:short)%00%(objectname)%00%(upstream:track)%00%(upstream:remotename)%00%(upstream:remoteref) refs/heads/master refs/remotes/master [5ms]
2024-05-02 17:33:14.001 [warning] No such branch: master.
2024-05-02 17:33:14.001 [info] > git config --get commit.template [30ms]
2024-05-02 17:33:18.585 [info] > git status -z -uall [4560ms] (cancelled)
2024-05-02 17:33:56.531 [info] > git check-ignore -v -z --stdin [21ms]
2024-05-02 17:34:38.268 [info] > git check-ignore -v -z --stdin [37ms]
2024-05-02 17:34:40.283 [info] > git check-ignore -v -z --stdin [15ms]
2024-05-02 17:40:39.915 [info] > git -c user.useConfigOnly=true commit --quiet [83ms]
2024-05-02 17:40:39.916 [info] 
*** Please tell me who you are.

Run

  git config --global user.email "you@example.com"
  git config --global user.name "Your Name"

to set your account's default identity.
Omit --global to set the identity only in this repository.

fatal: no email was given and auto-detection is disabled
2024-05-02 17:40:39.935 [info] > git config --get-all user.name [3ms]
2024-05-02 17:40:39.960 [info] > git config --get commit.template [4ms]
2024-05-02 17:40:39.963 [info] No remotes found in the git config file.
2024-05-02 17:40:39.995 [info] > git for-each-ref --format=%(refname)%00%(upstream:short)%00%(objectname)%00%(upstream:track)%00%(upstream:remotename)%00%(upstream:remoteref) refs/heads/master refs/remotes/master [11ms]
2024-05-02 17:40:39.996 [warning] No such branch: master.
2024-05-02 17:40:45.892 [info] > git status -z -uall [5879ms] (cancelled)
2024-05-02 17:42:09.088 [info] > git check-ignore -v -z --stdin [22ms]
2024-05-02 17:54:05.744 [info] > git for-each-ref --sort -committerdate --format %(refname) %(objectname) %(*objectname) [9ms]
2024-05-02 17:54:33.385 [info] > git check-ignore -v -z --stdin [23ms]
2024-05-02 17:54:35.365 [info] > git check-ignore -v -z --stdin [19ms]
2024-05-02 17:54:42.923 [info] > git -c user.useConfigOnly=true commit --quiet [290ms]
2024-05-02 17:54:42.950 [info] > git config --get-all user.name [4ms]
2024-05-02 17:54:42.975 [info] > git config --get-all user.email [4ms]
2024-05-02 17:54:43.008 [info] > git config --get commit.template [7ms]
2024-05-02 17:54:43.038 [info] > git for-each-ref --format=%(refname)%00%(upstream:short)%00%(objectname)%00%(upstream:track)%00%(upstream:remotename)%00%(upstream:remoteref) refs/heads/main refs/remotes/main [5ms]
2024-05-02 17:54:43.220 [info] > git status -z -uall [157ms]
2024-05-02 17:54:43.629 [info] > git for-each-ref --format=%(refname)%00%(upstream:short)%00%(objectname)%00%(upstream:track)%00%(upstream:remotename)%00%(upstream:remoteref) refs/heads/main [17ms]
2024-05-02 17:54:43.663 [info] > git for-each-ref --format=%(refname)%00%(upstream:short)%00%(objectname)%00%(upstream:track)%00%(upstream:remotename)%00%(upstream:remoteref) refs/heads/main [5ms]
2024-05-02 17:54:43.697 [info] > git config --local branch.main.vscode-merge-base [6ms]
2024-05-02 17:54:43.698 [warning] git config failed: Failed to execute git
2024-05-02 17:54:43.728 [info] > git reflog refs/heads/main --grep-reflog=branch: Created from *. [6ms]
2024-05-02 17:54:43.755 [info] > git symbolic-ref --short refs/remotes/origin/HEAD [6ms]
2024-05-02 17:54:43.755 [info] fatal: ref refs/remotes/origin/HEAD is not a symbolic ref
2024-05-02 17:54:43.756 [info] GitHistoryProvider:resolveHistoryItemGroupBase - Failed to resolve history item group base for 'refs/heads/main'
2024-05-02 17:54:43.756 [info] GitHistoryProvider:resolveHistoryItemGroupCommonAncestor - Failed to resolve history item group base for 'refs/heads/main'
2024-05-02 17:54:43.810 [info] > git for-each-ref --format=%(refname)%00%(upstream:short)%00%(objectname)%00%(upstream:track)%00%(upstream:remotename)%00%(upstream:remoteref) refs/heads/main [6ms]
2024-05-02 17:54:43.840 [info] > git for-each-ref --format=%(refname)%00%(upstream:short)%00%(objectname)%00%(upstream:track)%00%(upstream:remotename)%00%(upstream:remoteref) refs/heads/main [4ms]
2024-05-02 17:54:43.872 [info] > git config --local branch.main.vscode-merge-base [3ms]
2024-05-02 17:54:43.872 [warning] git config failed: Failed to execute git
2024-05-02 17:54:43.906 [info] > git reflog refs/heads/main --grep-reflog=branch: Created from *. [7ms]
2024-05-02 17:54:43.934 [info] > git symbolic-ref --short refs/remotes/origin/HEAD [4ms]
2024-05-02 17:54:43.934 [info] fatal: ref refs/remotes/origin/HEAD is not a symbolic ref
2024-05-02 17:54:43.934 [info] GitHistoryProvider:resolveHistoryItemGroupBase - Failed to resolve history item group base for 'refs/heads/main'
2024-05-02 17:54:43.934 [info] GitHistoryProvider:resolveHistoryItemGroupCommonAncestor - Failed to resolve history item group base for 'refs/heads/main'
2024-05-02 17:54:58.511 [info] > git for-each-ref --format=%(refname)%00%(upstream:short)%00%(objectname)%00%(upstream:track)%00%(upstream:remotename)%00%(upstream:remoteref) refs/heads/main [10ms]
2024-05-02 17:54:58.555 [info] > git for-each-ref --format=%(refname)%00%(upstream:short)%00%(objectname)%00%(upstream:track)%00%(upstream:remotename)%00%(upstream:remoteref) refs/heads/main [19ms]
2024-05-02 17:54:58.594 [info] > git config --local branch.main.vscode-merge-base [8ms]
2024-05-02 17:54:58.594 [warning] git config failed: Failed to execute git
2024-05-02 17:54:58.626 [info] > git reflog refs/heads/main --grep-reflog=branch: Created from *. [7ms]
2024-05-02 17:54:58.657 [info] > git symbolic-ref --short refs/remotes/origin/HEAD [5ms]
2024-05-02 17:54:58.657 [info] fatal: ref refs/remotes/origin/HEAD is not a symbolic ref
2024-05-02 17:54:58.658 [info] GitHistoryProvider:resolveHistoryItemGroupBase - Failed to resolve history item group base for 'refs/heads/main'
2024-05-02 17:54:58.658 [info] GitHistoryProvider:resolveHistoryItemGroupCommonAncestor - Failed to resolve history item group base for 'refs/heads/main'
2024-05-02 17:55:03.257 [info] > git for-each-ref --format=%(refname)%00%(upstream:short)%00%(objectname)%00%(upstream:track)%00%(upstream:remotename)%00%(upstream:remoteref) refs/heads/main [5ms]
2024-05-02 17:55:03.301 [info] > git for-each-ref --format=%(refname)%00%(upstream:short)%00%(objectname)%00%(upstream:track)%00%(upstream:remotename)%00%(upstream:remoteref) refs/heads/main [7ms]
2024-05-02 17:55:03.334 [info] > git config --local branch.main.vscode-merge-base [5ms]
2024-05-02 17:55:03.335 [warning] git config failed: Failed to execute git
2024-05-02 17:55:03.365 [info] > git reflog refs/heads/main --grep-reflog=branch: Created from *. [6ms]
2024-05-02 17:55:03.394 [info] > git symbolic-ref --short refs/remotes/origin/HEAD [6ms]
2024-05-02 17:55:03.395 [info] fatal: ref refs/remotes/origin/HEAD is not a symbolic ref
2024-05-02 17:55:03.395 [info] GitHistoryProvider:resolveHistoryItemGroupBase - Failed to resolve history item group base for 'refs/heads/main'
2024-05-02 17:55:03.396 [info] GitHistoryProvider:resolveHistoryItemGroupCommonAncestor - Failed to resolve history item group base for 'refs/heads/main'
2024-05-02 17:55:03.457 [info] > git for-each-ref --format=%(refname)%00%(upstream:short)%00%(objectname)%00%(upstream:track)%00%(upstream:remotename)%00%(upstream:remoteref) refs/heads/main [7ms]
2024-05-02 17:55:03.490 [info] > git for-each-ref --format=%(refname)%00%(upstream:short)%00%(objectname)%00%(upstream:track)%00%(upstream:remotename)%00%(upstream:remoteref) refs/heads/main [6ms]
2024-05-02 17:55:03.522 [info] > git config --local branch.main.vscode-merge-base [6ms]
2024-05-02 17:55:03.523 [warning] git config failed: Failed to execute git
2024-05-02 17:55:03.562 [info] > git reflog refs/heads/main --grep-reflog=branch: Created from *. [10ms]
2024-05-02 17:55:03.595 [info] > git symbolic-ref --short refs/remotes/origin/HEAD [9ms]
2024-05-02 17:55:03.595 [info] fatal: ref refs/remotes/origin/HEAD is not a symbolic ref
2024-05-02 17:55:03.596 [info] GitHistoryProvider:resolveHistoryItemGroupBase - Failed to resolve history item group base for 'refs/heads/main'
2024-05-02 17:55:03.596 [info] GitHistoryProvider:resolveHistoryItemGroupCommonAncestor - Failed to resolve history item group base for 'refs/heads/main'
2024-05-02 17:55:05.046 [info] > git check-ignore -v -z --stdin [58ms]
2024-05-02 17:55:19.513 [info] > git for-each-ref --format=%(refname)%00%(upstream:short)%00%(objectname)%00%(upstream:track)%00%(upstream:remotename)%00%(upstream:remoteref) refs/heads/main [19ms]
2024-05-02 17:55:19.555 [info] > git for-each-ref --format=%(refname)%00%(upstream:short)%00%(objectname)%00%(upstream:track)%00%(upstream:remotename)%00%(upstream:remoteref) refs/heads/main [9ms]
2024-05-02 17:55:19.593 [info] > git config --local branch.main.vscode-merge-base [5ms]
2024-05-02 17:55:19.593 [warning] git config failed: Failed to execute git
2024-05-02 17:55:19.642 [info] > git reflog refs/heads/main --grep-reflog=branch: Created from *. [21ms]
2024-05-02 17:55:19.671 [info] > git symbolic-ref --short refs/remotes/origin/HEAD [5ms]
2024-05-02 17:55:19.672 [info] fatal: ref refs/remotes/origin/HEAD is not a symbolic ref
2024-05-02 17:55:19.673 [info] GitHistoryProvider:resolveHistoryItemGroupBase - Failed to resolve history item group base for 'refs/heads/main'
2024-05-02 17:55:19.673 [info] GitHistoryProvider:resolveHistoryItemGroupCommonAncestor - Failed to resolve history item group base for 'refs/heads/main'
2024-05-02 17:55:19.744 [info] > git for-each-ref --format=%(refname)%00%(upstream:short)%00%(objectname)%00%(upstream:track)%00%(upstream:remotename)%00%(upstream:remoteref) refs/heads/main [7ms]
2024-05-02 17:55:19.780 [info] > git for-each-ref --format=%(refname)%00%(upstream:short)%00%(objectname)%00%(upstream:track)%00%(upstream:remotename)%00%(upstream:remoteref) refs/heads/main [6ms]
2024-05-02 17:55:19.818 [info] > git config --local branch.main.vscode-merge-base [8ms]
2024-05-02 17:55:19.819 [warning] git config failed: Failed to execute git
