[4.572s] Invoking command in '/home/mi/workplace/src/learning': PYTHONPATH=/home/mi/workplace/install/learning/lib/python3.6/site-packages:${PYTHONPATH} /usr/bin/python3 setup.py egg_info --egg-base ../../build/learning build --build-base /home/mi/workplace/build/learning/build install --prefix /home/mi/workplace/install/learning --record /home/mi/workplace/build/learning/install.log --single-version-externally-managed
[6.432s] running egg_info
[6.440s] writing ../../build/learning/learning.egg-info/PKG-INFO
[6.444s] writing dependency_links to ../../build/learning/learning.egg-info/dependency_links.txt
[6.445s] writing entry points to ../../build/learning/learning.egg-info/entry_points.txt
[6.445s] writing requirements to ../../build/learning/learning.egg-info/requires.txt
[6.446s] writing top-level names to ../../build/learning/learning.egg-info/top_level.txt
[6.458s] reading manifest file '../../build/learning/learning.egg-info/SOURCES.txt'
[6.463s] writing manifest file '../../build/learning/learning.egg-info/SOURCES.txt'
[6.463s] running build
[6.464s] running build_py
[6.465s] copying learning/track.py -> /home/mi/workplace/build/learning/build/lib/learning
[6.469s] running install
[6.470s] /usr/local/lib/python3.6/dist-packages/setuptools/command/install.py:37: SetuptoolsDeprecationWarning: setup.py install is deprecated. Use build and pip and other standards-based tools.
[6.471s]   setuptools.SetuptoolsDeprecationWarning,
[6.472s] running install_lib
[6.478s] copying /home/mi/workplace/build/learning/build/lib/learning/track.py -> /home/mi/workplace/install/learning/lib/python3.6/site-packages/learning
[6.482s] byte-compiling /home/mi/workplace/install/learning/lib/python3.6/site-packages/learning/track.py to track.cpython-36.pyc
[6.490s] running install_data
[6.492s] running install_egg_info
[6.499s] removing '/home/mi/workplace/install/learning/lib/python3.6/site-packages/learning-0.0.0-py3.6.egg-info' (and everything under it)
[6.503s] Copying ../../build/learning/learning.egg-info to /home/mi/workplace/install/learning/lib/python3.6/site-packages/learning-0.0.0-py3.6.egg-info
[6.507s] running install_scripts
[6.617s] Installing camera script to /home/mi/workplace/install/learning/lib/learning
[6.622s] Installing rgb script to /home/mi/workplace/install/learning/lib/learning
[6.623s] Installing stand script to /home/mi/workplace/install/learning/lib/learning
[6.625s] Installing track script to /home/mi/workplace/install/learning/lib/learning
[6.626s] Installing walktest script to /home/mi/workplace/install/learning/lib/learning
[6.627s] writing list of installed files to '/home/mi/workplace/build/learning/install.log'
[6.762s] Invoked command in '/home/mi/workplace/src/learning' returned '0': PYTHONPATH=/home/mi/workplace/install/learning/lib/python3.6/site-packages:${PYTHONPATH} /usr/bin/python3 setup.py egg_info --egg-base ../../build/learning build --build-base /home/mi/workplace/build/learning/build install --prefix /home/mi/workplace/install/learning --record /home/mi/workplace/build/learning/install.log --single-version-externally-managed
