2024-05-04 21:32:06.526 [info] 日志级别: Info
2024-05-04 21:32:06.526 [info] 正在验证在以下位置找到的 git: "git"
2024-05-04 21:32:06.526 [info] 将使用位于 "2.17.1" 的 Git "git"
2024-05-04 21:32:06.526 [info] > git rev-parse --show-toplevel [2043ms]
2024-05-04 21:32:06.526 [info] > git rev-parse --git-dir --git-common-dir [88ms]
2024-05-04 21:32:06.526 [info] Open repository: /home/mi
2024-05-04 21:32:06.544 [info] > git rev-parse --show-toplevel [99ms]
2024-05-04 21:32:06.551 [info] > git config --get commit.template [117ms]
2024-05-04 21:32:08.794 [info] > git check-ignore -v -z --stdin [506ms]
2024-05-04 21:32:08.803 [info] > git for-each-ref --format=%(refname)%00%(upstream:short)%00%(objectname)%00%(upstream:track)%00%(upstream:remotename)%00%(upstream:remoteref) refs/heads/main refs/remotes/main [566ms]
2024-05-04 21:32:08.806 [info] > git rev-parse --show-toplevel [2223ms]
2024-05-04 21:32:09.022 [info] > git rev-parse --show-toplevel [199ms]
2024-05-04 21:32:09.179 [info] > git rev-parse --show-toplevel [135ms]
2024-05-04 21:32:09.252 [info] > git rev-parse --show-toplevel [29ms]
2024-05-04 21:32:09.611 [info] > git status -z -uall [450ms]
2024-05-04 21:32:09.616 [info] > git rev-parse --show-toplevel [138ms]
2024-05-04 21:32:10.252 [info] > git merge-base refs/heads/main refs/remotes/origin/main [598ms]
2024-05-04 21:32:10.486 [info] > git config --get commit.template [382ms]
2024-05-04 21:32:10.487 [info] > git rev-parse --show-toplevel [406ms]
2024-05-04 21:32:10.693 [info] > git rev-list --count --left-right refs/heads/main...refs/remotes/origin/main [413ms]
2024-05-04 21:32:10.896 [info] > git diff --name-status -z --diff-filter=ADMR 1785e2ffb5c58c7a4e066a01d5440065b3639e73...refs/remotes/origin/main [178ms]
2024-05-04 21:32:10.901 [info] > git rev-parse --show-toplevel [383ms]
2024-05-04 21:32:10.953 [info] > git for-each-ref --format=%(refname)%00%(upstream:short)%00%(objectname)%00%(upstream:track)%00%(upstream:remotename)%00%(upstream:remoteref) refs/heads/main refs/remotes/main [203ms]
2024-05-04 21:32:10.980 [info] > git rev-parse --show-toplevel [55ms]
2024-05-04 21:32:11.484 [info] > git rev-parse --show-toplevel [464ms]
2024-05-04 21:32:11.583 [info] > git rev-parse --show-toplevel [55ms]
2024-05-04 21:32:11.613 [info] > git rev-parse --show-toplevel [9ms]
2024-05-04 21:32:11.639 [info] > git rev-parse --show-toplevel [4ms]
2024-05-04 21:32:11.694 [info] > git rev-parse --show-toplevel [36ms]
2024-05-04 21:32:11.722 [info] > git rev-parse --show-toplevel [8ms]
2024-05-04 21:32:11.747 [info] > git status -z -uall [242ms]
2024-05-04 21:32:11.806 [info] > git rev-parse --show-toplevel [62ms]
2024-05-04 21:32:12.097 [info] > git rev-parse --show-toplevel [269ms]
2024-05-04 21:32:12.143 [info] > git rev-parse --show-toplevel [25ms]
2024-05-04 21:32:12.445 [info] > git rev-parse --show-toplevel [282ms]
2024-05-04 21:32:12.525 [info] > git rev-parse --show-toplevel [59ms]
2024-05-04 21:32:12.593 [info] > git rev-parse --show-toplevel [46ms]
2024-05-04 21:32:12.625 [info] > git rev-parse --show-toplevel [10ms]
2024-05-04 21:32:12.661 [info] > git rev-parse --show-toplevel [15ms]
2024-05-04 21:32:12.691 [info] > git rev-parse --show-toplevel [9ms]
2024-05-04 21:32:12.723 [info] > git rev-parse --show-toplevel [8ms]
2024-05-04 21:32:12.749 [info] > git rev-parse --show-toplevel [7ms]
2024-05-04 21:32:12.779 [info] > git rev-parse --show-toplevel [9ms]
2024-05-04 21:32:12.811 [info] > git rev-parse --show-toplevel [7ms]
2024-05-04 21:32:12.846 [info] > git rev-parse --show-toplevel [7ms]
2024-05-04 21:32:12.899 [info] > git rev-parse --show-toplevel [33ms]
2024-05-04 21:32:12.938 [info] > git rev-parse --show-toplevel [11ms]
2024-05-04 21:32:13.033 [info] > git show --textconv :workplace/src/learning/learning/stand.py [55ms]
2024-05-04 21:32:13.041 [info] > git ls-files --stage -- /home/mi/workplace/src/learning/learning/stand.py [38ms]
2024-05-04 21:32:13.072 [info] > git cat-file -s 41c5054b09baa67aa9903831f3021dd47e8bdccc [5ms]
2024-05-04 21:33:20.604 [info] > git show --textconv :workplace/src/learning/learning/track.py [34ms]
2024-05-04 21:33:20.615 [info] > git ls-files --stage -- /home/mi/workplace/src/learning/learning/track.py [20ms]
2024-05-04 21:33:20.638 [info] > git cat-file -s a962c6336d222a1efdebbf544f3a5b8f1d526b1d [5ms]
2024-05-04 21:37:29.844 [info] > git check-ignore -v -z --stdin [34ms]
2024-05-04 21:37:32.901 [info] > git show --textconv :.bashrc [38ms]
2024-05-04 21:37:32.917 [info] > git ls-files --stage -- /home/mi/.bashrc [29ms]
2024-05-04 21:37:32.954 [info] > git cat-file -s 0787b3142632c83a88f185be4c1567c05cc2f849 [10ms]
2024-05-04 21:38:24.585 [info] > git show --textconv :workplace/src/learning/learning/rgb_cam_suber.py [45ms]
2024-05-04 21:38:24.599 [info] > git ls-files --stage -- /home/mi/workplace/src/learning/learning/rgb_cam_suber.py [35ms]
2024-05-04 21:38:24.631 [info] > git cat-file -s 3e0ff7b208544c4d0f41fce9b6bf39ae1679ec55 [6ms]
2024-05-04 21:38:25.567 [info] > git show --textconv :workplace/src/learning/learning/track.py [58ms]
2024-05-04 21:38:25.577 [info] > git ls-files --stage -- /home/mi/workplace/src/learning/learning/track.py [30ms]
2024-05-04 21:38:25.607 [info] > git cat-file -s a962c6336d222a1efdebbf544f3a5b8f1d526b1d [7ms]
2024-05-04 21:39:00.700 [info] > git show --textconv :.bashrc [75ms]
2024-05-04 21:39:00.733 [info] > git ls-files --stage -- /home/mi/.bashrc [44ms]
2024-05-04 21:39:00.800 [info] > git cat-file -s 0787b3142632c83a88f185be4c1567c05cc2f849 [33ms]
2024-05-04 21:39:18.009 [info] > git show --textconv :workplace/src/learning/learning/crash.py [46ms]
2024-05-04 21:39:18.020 [info] > git ls-files --stage -- /home/mi/workplace/src/learning/learning/crash.py [19ms]
2024-05-04 21:39:18.053 [info] > git cat-file -s 518bec84c0c8ea31da7e07918535ef2d0b0fd72b [4ms]
2024-05-04 21:42:07.076 [info] > git show --textconv :workplace/src/learning/learning/camera.py [50ms]
2024-05-04 21:42:07.098 [info] > git ls-files --stage -- /home/mi/workplace/src/learning/learning/camera.py [30ms]
2024-05-04 21:42:07.131 [info] > git cat-file -s 57d25ca86ebe15ac4fd13d672c220a5052800460 [7ms]
2024-05-04 21:44:24.529 [info] > git show --textconv :workplace/src/learning/learning/crash.py [42ms]
2024-05-04 21:44:24.579 [info] > git ls-files --stage -- /home/mi/workplace/src/learning/learning/crash.py [60ms]
2024-05-04 21:44:24.621 [info] > git cat-file -s 518bec84c0c8ea31da7e07918535ef2d0b0fd72b [7ms]
