running egg_info
writing ../../build/lcm/lcm.egg-info/PKG-INFO
writing dependency_links to ../../build/lcm/lcm.egg-info/dependency_links.txt
writing entry points to ../../build/lcm/lcm.egg-info/entry_points.txt
writing requirements to ../../build/lcm/lcm.egg-info/requires.txt
writing top-level names to ../../build/lcm/lcm.egg-info/top_level.txt
reading manifest file '../../build/lcm/lcm.egg-info/SOURCES.txt'
writing manifest file '../../build/lcm/lcm.egg-info/SOURCES.txt'
running build
running build_py
running install
running install_lib
running install_data
copying package.xml -> /home/mi/workplace/install/lcm/share/lcm
running install_egg_info
removing '/home/mi/workplace/install/lcm/lib/python3.6/site-packages/lcm-0.0.0-py3.6.egg-info' (and everything under it)
Copying ../../build/lcm/lcm.egg-info to /home/mi/workplace/install/lcm/lib/python3.6/site-packages/lcm-0.0.0-py3.6.egg-info
running install_scripts
Installing lcm_test script to /home/mi/workplace/install/lcm/lib/lcm
writing list of installed files to '/home/mi/workplace/build/lcm/install.log'
