[4.653s] Invoking command in '/home/mi/workplace/src/learning': PYTHONPATH=/home/mi/workplace/install/learning/lib/python3.6/site-packages:${PYTHONPATH} /usr/bin/python3 setup.py egg_info --egg-base ../../build/learning build --build-base /home/mi/workplace/build/learning/build install --prefix /home/mi/workplace/install/learning --record /home/mi/workplace/build/learning/install.log --single-version-externally-managed
[6.363s] running egg_info
[6.368s] writing ../../build/learning/learning.egg-info/PKG-INFO
[6.369s] writing dependency_links to ../../build/learning/learning.egg-info/dependency_links.txt
[6.371s] writing entry points to ../../build/learning/learning.egg-info/entry_points.txt
[6.374s] writing requirements to ../../build/learning/learning.egg-info/requires.txt
[6.375s] writing top-level names to ../../build/learning/learning.egg-info/top_level.txt
[6.394s] reading manifest file '../../build/learning/learning.egg-info/SOURCES.txt'
[6.405s] writing manifest file '../../build/learning/learning.egg-info/SOURCES.txt'
[6.405s] running build
[6.406s] running build_py
[6.409s] copying learning/move_node.py -> /home/mi/workplace/build/learning/build/lib/learning
[6.420s] running install
[6.421s] /usr/local/lib/python3.6/dist-packages/setuptools/command/install.py:37: SetuptoolsDeprecationWarning: setup.py install is deprecated. Use build and pip and other standards-based tools.
[6.421s]   setuptools.SetuptoolsDeprecationWarning,
[6.423s] running install_lib
[6.428s] copying /home/mi/workplace/build/learning/build/lib/learning/move_node.py -> /home/mi/workplace/install/learning/lib/python3.6/site-packages/learning
[6.435s] byte-compiling /home/mi/workplace/install/learning/lib/python3.6/site-packages/learning/move_node.py to move_node.cpython-36.pyc
[6.444s] running install_data
[6.448s] running install_egg_info
[6.457s] removing '/home/mi/workplace/install/learning/lib/python3.6/site-packages/learning-0.0.0-py3.6.egg-info' (and everything under it)
[6.459s] Copying ../../build/learning/learning.egg-info to /home/mi/workplace/install/learning/lib/python3.6/site-packages/learning-0.0.0-py3.6.egg-info
[6.467s] running install_scripts
[6.570s] Installing camera script to /home/mi/workplace/install/learning/lib/learning
[6.571s] Installing crash script to /home/mi/workplace/install/learning/lib/learning
[6.574s] Installing data_receive script to /home/mi/workplace/install/learning/lib/learning
[6.575s] Installing get_data script to /home/mi/workplace/install/learning/lib/learning
[6.576s] Installing goal script to /home/mi/workplace/install/learning/lib/learning
[6.577s] Installing keeper script to /home/mi/workplace/install/learning/lib/learning
[6.578s] Installing main script to /home/mi/workplace/install/learning/lib/learning
[6.578s] Installing move_x script to /home/mi/workplace/install/learning/lib/learning
[6.580s] Installing rgb script to /home/mi/workplace/install/learning/lib/learning
[6.581s] Installing rotate script to /home/mi/workplace/install/learning/lib/learning
[6.582s] Installing rotate_until_center1 script to /home/mi/workplace/install/learning/lib/learning
[6.583s] Installing sit script to /home/mi/workplace/install/learning/lib/learning
[6.583s] Installing stand script to /home/mi/workplace/install/learning/lib/learning
[6.584s] Installing track script to /home/mi/workplace/install/learning/lib/learning
[6.584s] Installing walk_t_sec script to /home/mi/workplace/install/learning/lib/learning
[6.584s] Installing walktest script to /home/mi/workplace/install/learning/lib/learning
[6.586s] writing list of installed files to '/home/mi/workplace/build/learning/install.log'
[6.717s] Invoked command in '/home/mi/workplace/src/learning' returned '0': PYTHONPATH=/home/mi/workplace/install/learning/lib/python3.6/site-packages:${PYTHONPATH} /usr/bin/python3 setup.py egg_info --egg-base ../../build/learning build --build-base /home/mi/workplace/build/learning/build install --prefix /home/mi/workplace/install/learning --record /home/mi/workplace/build/learning/install.log --single-version-externally-managed
