[4.301s] Invoking command in '/home/mi/workplace/src/learning': PYTHONPATH=/home/mi/workplace/install/learning/lib/python3.6/site-packages:${PYTHONPATH} /usr/bin/python3 setup.py egg_info --egg-base ../../build/learning build --build-base /home/mi/workplace/build/learning/build install --prefix /home/mi/workplace/install/learning --record /home/mi/workplace/build/learning/install.log --single-version-externally-managed
[5.948s] running egg_info
[5.955s] writing ../../build/learning/learning.egg-info/PKG-INFO
[5.957s] writing dependency_links to ../../build/learning/learning.egg-info/dependency_links.txt
[5.957s] writing entry points to ../../build/learning/learning.egg-info/entry_points.txt
[5.960s] writing requirements to ../../build/learning/learning.egg-info/requires.txt
[5.963s] writing top-level names to ../../build/learning/learning.egg-info/top_level.txt
[5.970s] reading manifest file '../../build/learning/learning.egg-info/SOURCES.txt'
[5.979s] writing manifest file '../../build/learning/learning.egg-info/SOURCES.txt'
[5.980s] running build
[5.980s] running build_py
[5.983s] copying learning/move_node.py -> /home/mi/workplace/build/learning/build/lib/learning
[5.990s] running install
[5.991s] /usr/local/lib/python3.6/dist-packages/setuptools/command/install.py:37: SetuptoolsDeprecationWarning: setup.py install is deprecated. Use build and pip and other standards-based tools.
[5.992s]   setuptools.SetuptoolsDeprecationWarning,
[5.992s] running install_lib
[6.003s] copying /home/mi/workplace/build/learning/build/lib/learning/move_node.py -> /home/mi/workplace/install/learning/lib/python3.6/site-packages/learning
[6.010s] byte-compiling /home/mi/workplace/install/learning/lib/python3.6/site-packages/learning/move_node.py to move_node.cpython-36.pyc
[6.014s] running install_data
[6.018s] running install_egg_info
[6.024s] removing '/home/mi/workplace/install/learning/lib/python3.6/site-packages/learning-0.0.0-py3.6.egg-info' (and everything under it)
[6.025s] Copying ../../build/learning/learning.egg-info to /home/mi/workplace/install/learning/lib/python3.6/site-packages/learning-0.0.0-py3.6.egg-info
[6.031s] running install_scripts
[6.129s] Installing camera script to /home/mi/workplace/install/learning/lib/learning
[6.130s] Installing crash script to /home/mi/workplace/install/learning/lib/learning
[6.145s] Installing data_receive script to /home/mi/workplace/install/learning/lib/learning
[6.146s] Installing get_data script to /home/mi/workplace/install/learning/lib/learning
[6.149s] Installing goal script to /home/mi/workplace/install/learning/lib/learning
[6.150s] Installing keeper script to /home/mi/workplace/install/learning/lib/learning
[6.150s] Installing main script to /home/mi/workplace/install/learning/lib/learning
[6.150s] Installing move_x script to /home/mi/workplace/install/learning/lib/learning
[6.152s] Installing rgb script to /home/mi/workplace/install/learning/lib/learning
[6.153s] Installing rotate script to /home/mi/workplace/install/learning/lib/learning
[6.154s] Installing rotate_until_center1 script to /home/mi/workplace/install/learning/lib/learning
[6.155s] Installing sit script to /home/mi/workplace/install/learning/lib/learning
[6.155s] Installing stand script to /home/mi/workplace/install/learning/lib/learning
[6.155s] Installing track script to /home/mi/workplace/install/learning/lib/learning
[6.156s] Installing walk_t_sec script to /home/mi/workplace/install/learning/lib/learning
[6.156s] Installing walktest script to /home/mi/workplace/install/learning/lib/learning
[6.157s] writing list of installed files to '/home/mi/workplace/build/learning/install.log'
[6.269s] Invoked command in '/home/mi/workplace/src/learning' returned '0': PYTHONPATH=/home/mi/workplace/install/learning/lib/python3.6/site-packages:${PYTHONPATH} /usr/bin/python3 setup.py egg_info --egg-base ../../build/learning build --build-base /home/mi/workplace/build/learning/build install --prefix /home/mi/workplace/install/learning --record /home/mi/workplace/build/learning/install.log --single-version-externally-managed
