[4.345s] Invoking command in '/home/mi/workplace/src/learning': PYTHONPATH=/home/mi/workplace/install/learning/lib/python3.6/site-packages:${PYTHONPATH} /usr/bin/python3 setup.py egg_info --egg-base ../../build/learning build --build-base /home/mi/workplace/build/learning/build install --prefix /home/mi/workplace/install/learning --record /home/mi/workplace/build/learning/install.log --single-version-externally-managed
[6.026s] running egg_info
[6.032s] writing ../../build/learning/learning.egg-info/PKG-INFO
[6.034s] writing dependency_links to ../../build/learning/learning.egg-info/dependency_links.txt
[6.034s] writing entry points to ../../build/learning/learning.egg-info/entry_points.txt
[6.035s] writing requirements to ../../build/learning/learning.egg-info/requires.txt
[6.036s] writing top-level names to ../../build/learning/learning.egg-info/top_level.txt
[6.054s] reading manifest file '../../build/learning/learning.egg-info/SOURCES.txt'
[6.060s] writing manifest file '../../build/learning/learning.egg-info/SOURCES.txt'
[6.065s] running build
[6.066s] running build_py
[6.067s] copying learning/crash.py -> /home/mi/workplace/build/learning/build/lib/learning
[6.068s] running install
[6.069s] /usr/local/lib/python3.6/dist-packages/setuptools/command/install.py:37: SetuptoolsDeprecationWarning: setup.py install is deprecated. Use build and pip and other standards-based tools.
[6.069s]   setuptools.SetuptoolsDeprecationWarning,
[6.070s] running install_lib
[6.074s] copying /home/mi/workplace/build/learning/build/lib/learning/crash.py -> /home/mi/workplace/install/learning/lib/python3.6/site-packages/learning
[6.077s] byte-compiling /home/mi/workplace/install/learning/lib/python3.6/site-packages/learning/crash.py to crash.cpython-36.pyc
[6.081s] running install_data
[6.085s] running install_egg_info
[6.092s] removing '/home/mi/workplace/install/learning/lib/python3.6/site-packages/learning-0.0.0-py3.6.egg-info' (and everything under it)
[6.093s] Copying ../../build/learning/learning.egg-info to /home/mi/workplace/install/learning/lib/python3.6/site-packages/learning-0.0.0-py3.6.egg-info
[6.099s] running install_scripts
[6.207s] Installing camera script to /home/mi/workplace/install/learning/lib/learning
[6.208s] Installing crash script to /home/mi/workplace/install/learning/lib/learning
[6.209s] Installing rgb script to /home/mi/workplace/install/learning/lib/learning
[6.210s] Installing stand script to /home/mi/workplace/install/learning/lib/learning
[6.211s] Installing track script to /home/mi/workplace/install/learning/lib/learning
[6.212s] Installing walktest script to /home/mi/workplace/install/learning/lib/learning
[6.215s] writing list of installed files to '/home/mi/workplace/build/learning/install.log'
[6.343s] Invoked command in '/home/mi/workplace/src/learning' returned '0': PYTHONPATH=/home/mi/workplace/install/learning/lib/python3.6/site-packages:${PYTHONPATH} /usr/bin/python3 setup.py egg_info --egg-base ../../build/learning build --build-base /home/mi/workplace/build/learning/build install --prefix /home/mi/workplace/install/learning --record /home/mi/workplace/build/learning/install.log --single-version-externally-managed
