2024-05-12 18:57:22.766 [info] 日志级别: Info
2024-05-12 18:57:22.766 [info] 正在验证在以下位置找到的 git: "git"
2024-05-12 18:57:22.766 [info] 将使用位于 "2.17.1" 的 Git "git"
2024-05-12 18:57:22.766 [info] > git rev-parse --show-toplevel [114ms]
2024-05-12 18:57:22.766 [info] > git rev-parse --git-dir --git-common-dir [505ms]
2024-05-12 18:57:22.766 [info] Open repository: /home/mi
2024-05-12 18:57:22.816 [info] > git rev-parse --show-toplevel [408ms]
2024-05-12 18:57:22.822 [info] > git config --get commit.template [437ms]
2024-05-12 18:57:23.272 [info] > git rev-parse --show-toplevel [405ms]
2024-05-12 18:57:23.364 [info] > git for-each-ref --format=%(refname)%00%(upstream:short)%00%(objectname)%00%(upstream:track)%00%(upstream:remotename)%00%(upstream:remoteref) refs/heads/main refs/remotes/main [467ms]
2024-05-12 18:57:23.376 [info] > git check-ignore -v -z --stdin [76ms]
2024-05-12 18:57:23.394 [info] > git rev-parse --show-toplevel [69ms]
2024-05-12 18:57:23.985 [info] > git rev-parse --show-toplevel [566ms]
2024-05-12 18:57:24.349 [info] > git rev-parse --show-toplevel [176ms]
2024-05-12 18:57:24.415 [info] > git rev-parse --show-toplevel [41ms]
2024-05-12 18:57:24.451 [info] > git rev-parse --show-toplevel [16ms]
2024-05-12 18:57:24.487 [info] > git rev-parse --show-toplevel [13ms]
2024-05-12 18:57:24.523 [info] > git rev-parse --show-toplevel [8ms]
2024-05-12 18:57:24.575 [info] > git rev-parse --show-toplevel [30ms]
2024-05-12 18:57:24.631 [info] > git rev-parse --show-toplevel [24ms]
2024-05-12 18:57:24.660 [info] > git status -z -uall [510ms]
2024-05-12 18:57:29.084 [info] > git merge-base refs/heads/main refs/remotes/origin/main [4081ms]
2024-05-12 18:57:29.110 [info] > git rev-parse --show-toplevel [4455ms]
2024-05-12 18:57:29.162 [info] > git rev-list --count --left-right refs/heads/main...refs/remotes/origin/main [53ms]
2024-05-12 18:57:29.198 [info] > git config --get commit.template [242ms]
2024-05-12 18:57:29.214 [info] > git diff --name-status -z --diff-filter=ADMR 8d6b30f4bf1e51f3b0cd02c16b633a3ca6bedbe1...refs/remotes/origin/main [21ms]
2024-05-12 18:57:29.219 [info] > git rev-parse --show-toplevel [64ms]
2024-05-12 18:57:29.291 [info] > git rev-parse --show-toplevel [20ms]
2024-05-12 18:57:29.293 [info] > git for-each-ref --format=%(refname)%00%(upstream:short)%00%(objectname)%00%(upstream:track)%00%(upstream:remotename)%00%(upstream:remoteref) refs/heads/main refs/remotes/main [51ms]
2024-05-12 18:57:29.394 [info] > git rev-parse --show-toplevel [73ms]
2024-05-12 18:57:29.470 [info] > git rev-parse --show-toplevel [16ms]
2024-05-12 18:57:29.505 [info] > git rev-parse --show-toplevel [7ms]
2024-05-12 18:57:29.542 [info] > git rev-parse --show-toplevel [11ms]
2024-05-12 18:57:29.569 [info] > git rev-parse --show-toplevel [5ms]
2024-05-12 18:57:29.605 [info] > git rev-parse --show-toplevel [12ms]
2024-05-12 18:57:29.634 [info] > git rev-parse --show-toplevel [7ms]
2024-05-12 18:57:29.663 [info] > git rev-parse --show-toplevel [6ms]
2024-05-12 18:57:29.694 [info] > git rev-parse --show-toplevel [6ms]
2024-05-12 18:57:29.727 [info] > git rev-parse --show-toplevel [11ms]
2024-05-12 18:57:29.761 [info] > git rev-parse --show-toplevel [7ms]
2024-05-12 18:57:29.813 [info] > git rev-parse --show-toplevel [29ms]
2024-05-12 18:57:29.902 [info] > git status -z -uall [483ms]
2024-05-12 18:57:29.906 [info] > git rev-parse --show-toplevel [48ms]
2024-05-12 18:57:35.480 [info] > git rev-parse --show-toplevel [125ms]
2024-05-12 18:57:35.511 [info] > git rev-parse --show-toplevel [5ms]
2024-05-12 18:57:35.539 [info] > git rev-parse --show-toplevel [5ms]
2024-05-12 18:57:35.615 [info] > git show --textconv :README.md [32ms]
2024-05-12 18:57:35.634 [info] > git ls-files --stage -- /home/mi/README.md [22ms]
2024-05-12 18:57:35.669 [info] > git cat-file -s 7b01e21cfe3dad56c8a37ea5f2728290e55d4b0b [7ms]
2024-05-12 19:01:58.084 [info] > git check-ignore -v -z --stdin [23ms]
2024-05-12 19:01:59.140 [info] > git check-ignore -v -z --stdin [17ms]
2024-05-12 19:02:00.192 [info] > git check-ignore -v -z --stdin [19ms]
2024-05-12 19:02:02.703 [info] > git check-ignore -v -z --stdin [20ms]
2024-05-12 19:02:03.543 [info] > git show --textconv :workplace/src/learning/learning/move_x.py [25ms]
2024-05-12 19:02:03.556 [info] > git ls-files --stage -- /home/mi/workplace/src/learning/learning/move_x.py [16ms]
2024-05-12 19:02:03.580 [info] > git cat-file -s 23d25b549076c32a85c0681fb4ab4199ea0d3dab [6ms]
2024-05-12 19:02:03.759 [info] > git check-ignore -v -z --stdin [15ms]
2024-05-12 19:20:28.412 [info] > git config --get commit.template [4ms]
2024-05-12 19:20:28.439 [info] > git for-each-ref --format=%(refname)%00%(upstream:short)%00%(objectname)%00%(upstream:track)%00%(upstream:remotename)%00%(upstream:remoteref) refs/heads/main refs/remotes/main [6ms]
2024-05-12 19:20:28.794 [info] > git status -z -uall [330ms]
