2024-05-13 22:53:14.255 [info] Log level: Info
2024-05-13 22:53:14.255 [info] Validating found git in: "git"
2024-05-13 22:53:14.255 [info] Using git "2.17.1" from "git"
2024-05-13 22:53:14.255 [info] > git rev-parse --show-toplevel [1368ms]
2024-05-13 22:53:14.255 [info] > git rev-parse --git-dir --git-common-dir [21ms]
2024-05-13 22:53:14.255 [info] Open repository: /home/mi
2024-05-13 22:53:14.255 [info] > git rev-parse --show-toplevel [68ms]
2024-05-13 22:53:14.255 [info] > git config --get commit.template [87ms]
2024-05-13 22:53:14.303 [info] > git rev-parse --show-toplevel [28ms]
2024-05-13 22:53:14.328 [info] > git for-each-ref --format=%(refname)%00%(upstream:short)%00%(objectname)%00%(upstream:track)%00%(upstream:remotename)%00%(upstream:remoteref) refs/heads/whf_play refs/remotes/whf_play [33ms]
2024-05-13 22:53:14.380 [info] > git rev-parse --show-toplevel [7ms]
2024-05-13 22:53:14.414 [info] > git rev-parse --show-toplevel [12ms]
2024-05-13 22:53:14.596 [info] > git rev-parse --show-toplevel [158ms]
2024-05-13 22:53:14.643 [info] > git rev-parse --show-toplevel [12ms]
2024-05-13 22:53:14.679 [info] > git rev-parse --show-toplevel [12ms]
2024-05-13 22:53:14.730 [info] > git rev-parse --show-toplevel [21ms]
2024-05-13 22:53:14.869 [info] > git check-ignore -v -z --stdin [56ms]
2024-05-13 22:53:14.879 [info] > git rev-parse --show-toplevel [118ms]
2024-05-13 22:53:14.956 [info] > git rev-parse --show-toplevel [54ms]
2024-05-13 22:53:15.048 [info] > git status -z -uall [696ms] (cancelled)
2024-05-13 22:53:15.052 [info] > git rev-parse --show-toplevel [64ms]
2024-05-13 22:53:15.089 [info] > git rev-parse --show-toplevel [6ms]
2024-05-13 22:53:15.118 [info] > git rev-parse --show-toplevel [8ms]
2024-05-13 22:53:15.187 [info] > git rev-parse --show-toplevel [50ms]
2024-05-13 22:53:15.212 [info] > git rev-parse --show-toplevel [5ms]
2024-05-13 22:53:15.238 [info] > git rev-parse --show-toplevel [6ms]
2024-05-13 22:53:15.264 [info] > git rev-parse --show-toplevel [6ms]
2024-05-13 22:53:15.367 [info] > git rev-parse --show-toplevel [80ms]
2024-05-13 22:53:15.857 [info] > git rev-parse --show-toplevel [295ms]
2024-05-13 22:53:16.043 [info] > git rev-parse --show-toplevel [31ms]
2024-05-13 22:53:17.217 [info] > git rev-parse --show-toplevel [780ms]
2024-05-13 22:53:17.242 [info] > git rev-parse --show-toplevel [6ms]
2024-05-13 22:53:17.265 [info] > git rev-parse --show-toplevel [5ms]
2024-05-13 22:53:17.286 [info] > git rev-parse --show-toplevel [5ms]
2024-05-13 22:53:17.311 [info] > git rev-parse --show-toplevel [5ms]
2024-05-13 22:53:17.332 [info] > git rev-parse --show-toplevel [5ms]
2024-05-13 22:53:17.355 [info] > git rev-parse --show-toplevel [5ms]
2024-05-13 22:53:17.437 [info] > git rev-parse --show-toplevel [63ms]
2024-05-13 22:53:17.468 [info] > git rev-parse --show-toplevel [10ms]
2024-05-13 22:53:17.494 [info] > git rev-parse --show-toplevel [7ms]
2024-05-13 22:53:17.522 [info] > git rev-parse --show-toplevel [10ms]
2024-05-13 22:53:17.548 [info] > git rev-parse --show-toplevel [6ms]
2024-05-13 22:53:17.658 [info] > git show --textconv :workplace/src/ai/package.xml [75ms]
2024-05-13 22:53:17.659 [info] > git show --textconv :workplace/src/learning/package.xml [55ms]
2024-05-13 22:53:17.660 [info] > git ls-files --stage -- /home/mi/workplace/src/ai/package.xml [29ms]
2024-05-13 22:53:17.707 [info] > git cat-file -s aa4c5aca4ed2b19d855b9a8c65a5d91c6533b977 [27ms]
2024-05-13 22:53:17.712 [info] > git ls-files --stage -- /home/mi/workplace/src/learning/package.xml [60ms]
2024-05-13 22:53:17.741 [info] > git cat-file -s e3bd95ba842cd467d9921b9d569f7fd3e0aa636d [12ms]
2024-05-13 22:54:29.961 [info] > git config --get commit.template [20ms]
2024-05-13 22:54:29.992 [info] > git for-each-ref --format=%(refname)%00%(upstream:short)%00%(objectname)%00%(upstream:track)%00%(upstream:remotename)%00%(upstream:remoteref) refs/heads/whf_play refs/remotes/whf_play [6ms]
2024-05-13 22:54:35.106 [info] > git status -z -uall [5092ms] (cancelled)
2024-05-13 22:55:13.158 [info] > git check-ignore -v -z --stdin [30ms]
2024-05-13 22:55:14.309 [info] > git show --textconv :README.md [47ms]
2024-05-13 22:55:14.315 [info] > git ls-files --stage -- /home/mi/README.md [23ms]
2024-05-13 22:55:14.348 [info] > git cat-file -s 7b01e21cfe3dad56c8a37ea5f2728290e55d4b0b [6ms]
2024-05-13 22:56:07.519 [info] > git check-ignore -v -z --stdin [14ms]
2024-05-13 22:56:13.444 [info] > git check-ignore -v -z --stdin [25ms]
2024-05-13 22:56:33.788 [info] > git show --textconv :workplace/src/ai/ai/photo.py [61ms]
2024-05-13 22:56:35.923 [info] > git ls-files --stage -- /home/mi/workplace/src/ai/ai/photo.py [2159ms]
2024-05-13 22:56:36.132 [info] > git check-ignore -v -z --stdin [134ms]
2024-05-13 22:56:36.148 [info] > git cat-file -s 49a57b75ba31a8cb86618cf6c74eb1c4c0f99ab0 [197ms]
2024-05-13 22:56:45.393 [info] > git check-ignore -v -z --stdin [65ms]
2024-05-13 22:56:47.299 [info] > git check-ignore -v -z --stdin [124ms]
2024-05-13 22:56:54.663 [info] > git check-ignore -v -z --stdin [104ms]
2024-05-13 22:58:55.794 [info] > git check-ignore -v -z --stdin [16ms]
2024-05-13 22:59:45.397 [info] > git check-ignore -v -z --stdin [41ms]
2024-05-13 22:59:46.460 [info] > git check-ignore -v -z --stdin [459ms]
2024-05-13 22:59:46.706 [info] > git check-ignore -v -z --stdin [30ms]
2024-05-13 22:59:51.545 [info] > git check-ignore -v -z --stdin [55ms]
2024-05-13 22:59:52.919 [info] > git check-ignore -v -z --stdin [22ms]
2024-05-13 22:59:54.919 [info] > git check-ignore -v -z --stdin [458ms]
2024-05-13 22:59:58.292 [info] > git check-ignore -v -z --stdin [53ms]
2024-05-13 23:00:01.735 [info] > git check-ignore -v -z --stdin [25ms]
2024-05-13 23:03:01.182 [info] > git check-ignore -v -z --stdin [16ms]
2024-05-13 23:03:02.658 [info] > git check-ignore -v -z --stdin [18ms]
2024-05-13 23:03:04.628 [info] > git check-ignore -v -z --stdin [15ms]
2024-05-13 23:03:11.847 [info] > git show --textconv :workplace/src/ai/ai/photo.py [50ms]
2024-05-13 23:03:11.858 [info] > git ls-files --stage -- /home/mi/workplace/src/ai/ai/photo.py [25ms]
2024-05-13 23:03:11.915 [info] > git cat-file -s 49a57b75ba31a8cb86618cf6c74eb1c4c0f99ab0 [17ms]
2024-05-13 23:04:30.021 [info] > git show --textconv :workplace/src/ai/package.xml [56ms]
2024-05-13 23:04:30.028 [info] > git ls-files --stage -- /home/mi/workplace/src/ai/package.xml [27ms]
2024-05-13 23:04:30.067 [info] > git cat-file -s aa4c5aca4ed2b19d855b9a8c65a5d91c6533b977 [8ms]
2024-05-13 23:04:32.719 [info] > git show --textconv :workplace/src/ai/ai/photo.py [160ms]
2024-05-13 23:04:32.733 [info] > git ls-files --stage -- /home/mi/workplace/src/ai/ai/photo.py [90ms]
2024-05-13 23:04:32.829 [info] > git cat-file -s 49a57b75ba31a8cb86618cf6c74eb1c4c0f99ab0 [39ms]
2024-05-13 23:05:03.349 [info] > git check-ignore -v -z --stdin [23ms]
2024-05-13 23:05:05.438 [info] > git check-ignore -v -z --stdin [31ms]
2024-05-13 23:05:06.701 [info] > git check-ignore -v -z --stdin [19ms]
2024-05-13 23:05:09.317 [info] > git show --textconv :log/build_2024-05-08_22-53-37/events.log [39ms]
2024-05-13 23:05:09.332 [info] > git ls-files --stage -- /home/mi/log/build_2024-05-08_22-53-37/events.log [19ms]
2024-05-13 23:05:31.341 [info] > git check-ignore -v -z --stdin [26ms]
2024-05-13 23:05:36.742 [info] > git check-ignore -v -z --stdin [23ms]
2024-05-13 23:05:46.459 [info] > git check-ignore -v -z --stdin [18ms]
2024-05-13 23:05:53.066 [info] > git show --textconv :workplace/src/ai/ai/photo.py [64ms]
2024-05-13 23:05:53.076 [info] > git ls-files --stage -- /home/mi/workplace/src/ai/ai/photo.py [38ms]
2024-05-13 23:05:53.130 [info] > git cat-file -s 49a57b75ba31a8cb86618cf6c74eb1c4c0f99ab0 [17ms]
2024-05-13 23:05:53.409 [info] > git check-ignore -v -z --stdin [22ms]
2024-05-13 23:12:02.854 [info] > git check-ignore -v -z --stdin [71ms]
2024-05-13 23:12:04.503 [info] > git check-ignore -v -z --stdin [40ms]
2024-05-13 23:12:10.056 [info] > git check-ignore -v -z --stdin [21ms]
2024-05-13 23:12:34.108 [info] > git check-ignore -v -z --stdin [20ms]
2024-05-13 23:12:35.108 [info] > git check-ignore -v -z --stdin [21ms]
2024-05-13 23:12:47.876 [info] > git show --textconv :README.md [45ms]
2024-05-13 23:12:47.888 [info] > git ls-files --stage -- /home/mi/README.md [23ms]
2024-05-13 23:12:47.925 [info] > git cat-file -s 7b01e21cfe3dad56c8a37ea5f2728290e55d4b0b [6ms]
2024-05-13 23:13:21.527 [info] > git show --textconv :workplace/src/ai/ai/photo.py [52ms]
2024-05-13 23:13:21.536 [info] > git ls-files --stage -- /home/mi/workplace/src/ai/ai/photo.py [26ms]
2024-05-13 23:13:21.580 [info] > git cat-file -s 49a57b75ba31a8cb86618cf6c74eb1c4c0f99ab0 [14ms]
