2024-05-03 21:59:26.105 [info] 日志级别: Info
2024-05-03 21:59:26.105 [info] 正在验证在以下位置找到的 git: "git"
2024-05-03 21:59:26.105 [info] 将使用位于 "2.17.1" 的 Git "git"
2024-05-03 21:59:26.105 [info] > git rev-parse --show-toplevel [366ms]
2024-05-03 21:59:26.105 [info] > git rev-parse --git-dir --git-common-dir [30ms]
2024-05-03 21:59:26.105 [info] Open repository: /home/mi
2024-05-03 21:59:26.123 [info] > git config --get commit.template [97ms]
2024-05-03 21:59:26.125 [info] > git rev-parse --show-toplevel [119ms]
2024-05-03 21:59:28.016 [info] > git for-each-ref --format=%(refname)%00%(upstream:short)%00%(objectname)%00%(upstream:track)%00%(upstream:remotename)%00%(upstream:remoteref) refs/heads/main refs/remotes/main [1847ms]
2024-05-03 21:59:28.019 [info] > git rev-parse --show-toplevel [1871ms]
2024-05-03 21:59:28.253 [info] > git check-ignore -v -z --stdin [208ms]
2024-05-03 21:59:28.261 [info] > git rev-parse --show-toplevel [184ms]
2024-05-03 21:59:28.436 [info] > git rev-parse --show-toplevel [108ms]
2024-05-03 21:59:28.525 [info] > git rev-parse --show-toplevel [71ms]
2024-05-03 21:59:29.394 [info] > git rev-parse --show-toplevel [342ms]
2024-05-03 21:59:29.531 [info] > git rev-parse --show-toplevel [118ms]
2024-05-03 21:59:29.925 [info] > git rev-parse --show-toplevel [368ms]
2024-05-03 21:59:30.123 [info] > git rev-parse --show-toplevel [156ms]
2024-05-03 21:59:30.685 [info] > git rev-parse --show-toplevel [81ms]
2024-05-03 21:59:30.722 [info] > git rev-parse --show-toplevel [10ms]
2024-05-03 21:59:30.749 [info] > git rev-parse --show-toplevel [8ms]
2024-05-03 21:59:30.771 [info] > git rev-parse --show-toplevel [4ms]
2024-05-03 21:59:30.793 [info] > git rev-parse --show-toplevel [6ms]
2024-05-03 21:59:30.850 [info] > git rev-parse --show-toplevel [37ms]
2024-05-03 21:59:30.885 [info] > git rev-parse --show-toplevel [19ms]
2024-05-03 21:59:30.919 [info] > git rev-parse --show-toplevel [14ms]
2024-05-03 21:59:30.953 [info] > git rev-parse --show-toplevel [7ms]
2024-05-03 21:59:30.979 [info] > git rev-parse --show-toplevel [5ms]
2024-05-03 21:59:31.007 [info] > git rev-parse --show-toplevel [7ms]
2024-05-03 21:59:31.045 [info] > git rev-parse --show-toplevel [12ms]
2024-05-03 21:59:31.078 [info] > git rev-parse --show-toplevel [12ms]
2024-05-03 21:59:31.102 [info] > git rev-parse --show-toplevel [4ms]
2024-05-03 21:59:31.129 [info] > git rev-parse --show-toplevel [5ms]
2024-05-03 21:59:31.168 [info] > git rev-parse --show-toplevel [18ms]
2024-05-03 21:59:31.191 [info] > git rev-parse --show-toplevel [6ms]
2024-05-03 21:59:31.225 [info] > git rev-parse --show-toplevel [17ms]
2024-05-03 21:59:31.247 [info] > git rev-parse --show-toplevel [4ms]
2024-05-03 21:59:31.270 [info] > git rev-parse --show-toplevel [4ms]
2024-05-03 21:59:31.292 [info] > git rev-parse --show-toplevel [4ms]
2024-05-03 21:59:31.333 [info] > git rev-parse --show-toplevel [25ms]
2024-05-03 21:59:31.403 [info] > git show --textconv :workplace/src/learning/learning/rgb_cam_suber.py [33ms]
2024-05-03 21:59:31.706 [info] > git ls-files --stage -- /home/mi/workplace/src/learning/learning/rgb_cam_suber.py [311ms]
2024-05-03 21:59:37.149 [info] > git status -z -uall [8789ms]
2024-05-03 21:59:41.008 [info] > git merge-base refs/heads/main refs/remotes/origin/main [3605ms]
2024-05-03 21:59:41.049 [info] > git rev-list --count --left-right refs/heads/main...refs/remotes/origin/main [14ms]
2024-05-03 21:59:41.079 [info] > git config --get commit.template [99ms]
2024-05-03 21:59:41.082 [info] > git diff --name-status -z --diff-filter=ADMR 204e76f159ef4a5b90ad15a9c05af0a3b3984d4b...refs/remotes/origin/main [9ms]
2024-05-03 21:59:41.114 [info] > git for-each-ref --format=%(refname)%00%(upstream:short)%00%(objectname)%00%(upstream:track)%00%(upstream:remotename)%00%(upstream:remoteref) refs/heads/main refs/remotes/main [5ms]
2024-05-03 21:59:45.447 [info] > git status -z -uall [4306ms]
2024-05-03 22:03:58.151 [info] > git show --textconv :workplace/src/learning/learning/camera.py [38ms]
2024-05-03 22:03:58.159 [info] > git ls-files --stage -- /home/mi/workplace/src/learning/learning/camera.py [21ms]
2024-05-03 22:09:34.411 [info] > git show --textconv :workplace/src/learning/learning/rgb_cam_suber.py [43ms]
2024-05-03 22:09:34.416 [info] > git ls-files --stage -- /home/mi/workplace/src/learning/learning/rgb_cam_suber.py [24ms]
2024-05-03 22:10:22.858 [info] > git config --get commit.template [8ms]
2024-05-03 22:10:22.887 [info] > git for-each-ref --format=%(refname)%00%(upstream:short)%00%(objectname)%00%(upstream:track)%00%(upstream:remotename)%00%(upstream:remoteref) refs/heads/main refs/remotes/main [7ms]
2024-05-03 22:10:25.989 [info] > git status -z -uall [3077ms]
2024-05-03 22:10:35.216 [info] > git config --get commit.template [4ms]
2024-05-03 22:10:35.247 [info] > git for-each-ref --format=%(refname)%00%(upstream:short)%00%(objectname)%00%(upstream:track)%00%(upstream:remotename)%00%(upstream:remoteref) refs/heads/main refs/remotes/main [8ms]
2024-05-03 22:10:38.309 [info] > git status -z -uall [3036ms]
2024-05-03 22:17:36.476 [info] > git config --get commit.template [7ms]
2024-05-03 22:17:36.500 [info] > git for-each-ref --format=%(refname)%00%(upstream:short)%00%(objectname)%00%(upstream:track)%00%(upstream:remotename)%00%(upstream:remoteref) refs/heads/main refs/remotes/main [5ms]
2024-05-03 22:17:39.813 [info] > git status -z -uall [3293ms]
2024-05-03 22:17:45.479 [info] > git config --get commit.template [28ms]
2024-05-03 22:17:45.481 [info] > git for-each-ref --format=%(refname)%00%(upstream:short)%00%(objectname)%00%(upstream:track)%00%(upstream:remotename)%00%(upstream:remoteref) refs/heads/main refs/remotes/main [8ms]
2024-05-03 22:17:48.517 [info] > git status -z -uall [3011ms]
2024-05-03 22:17:53.916 [info] > git config --get commit.template [7ms]
2024-05-03 22:17:53.947 [info] > git for-each-ref --format=%(refname)%00%(upstream:short)%00%(objectname)%00%(upstream:track)%00%(upstream:remotename)%00%(upstream:remoteref) refs/heads/main refs/remotes/main [5ms]
2024-05-03 22:17:57.121 [info] > git status -z -uall [3145ms]
2024-05-03 22:18:02.545 [info] > git config --get commit.template [5ms]
2024-05-03 22:18:02.574 [info] > git for-each-ref --format=%(refname)%00%(upstream:short)%00%(objectname)%00%(upstream:track)%00%(upstream:remotename)%00%(upstream:remoteref) refs/heads/main refs/remotes/main [6ms]
2024-05-03 22:18:05.646 [info] > git status -z -uall [3045ms]
2024-05-03 22:18:11.093 [info] > git config --get commit.template [4ms]
2024-05-03 22:18:11.126 [info] > git for-each-ref --format=%(refname)%00%(upstream:short)%00%(objectname)%00%(upstream:track)%00%(upstream:remotename)%00%(upstream:remoteref) refs/heads/main refs/remotes/main [4ms]
2024-05-03 22:18:14.192 [info] > git status -z -uall [3032ms]
2024-05-03 22:18:28.592 [info] > git config --get commit.template [31ms]
2024-05-03 22:18:28.594 [info] > git for-each-ref --format=%(refname)%00%(upstream:short)%00%(objectname)%00%(upstream:track)%00%(upstream:remotename)%00%(upstream:remoteref) refs/heads/main refs/remotes/main [6ms]
2024-05-03 22:18:30.662 [info] > git show --textconv :workplace/src/learning/learning/camera.py [36ms]
2024-05-03 22:18:30.669 [info] > git ls-files --stage -- /home/mi/workplace/src/learning/learning/camera.py [16ms]
2024-05-03 22:18:31.618 [info] > git status -z -uall [2998ms]
2024-05-03 22:18:34.347 [info] > git show --textconv :workplace/src/learning/learning/walktest.py [37ms]
2024-05-03 22:18:34.355 [info] > git ls-files --stage -- /home/mi/workplace/src/learning/learning/walktest.py [13ms]
2024-05-03 22:18:34.388 [info] > git cat-file -s e26daafd84b2f542235e99310ebb89f9de53a85e [5ms]
2024-05-03 22:18:35.247 [info] > git show --textconv :workplace/src/learning/learning/track.py [44ms]
2024-05-03 22:18:35.255 [info] > git ls-files --stage -- /home/mi/workplace/src/learning/learning/track.py [19ms]
2024-05-03 22:18:37.052 [info] > git config --get commit.template [30ms]
2024-05-03 22:18:37.054 [info] > git for-each-ref --format=%(refname)%00%(upstream:short)%00%(objectname)%00%(upstream:track)%00%(upstream:remotename)%00%(upstream:remoteref) refs/heads/main refs/remotes/main [5ms]
2024-05-03 22:18:40.173 [info] > git status -z -uall [3090ms]
2024-05-03 22:18:45.575 [info] > git config --get commit.template [4ms]
2024-05-03 22:18:45.608 [info] > git for-each-ref --format=%(refname)%00%(upstream:short)%00%(objectname)%00%(upstream:track)%00%(upstream:remotename)%00%(upstream:remoteref) refs/heads/main refs/remotes/main [5ms]
2024-05-03 22:18:48.667 [info] > git status -z -uall [3022ms]
2024-05-03 22:18:54.099 [info] > git config --get commit.template [6ms]
2024-05-03 22:18:54.137 [info] > git for-each-ref --format=%(refname)%00%(upstream:short)%00%(objectname)%00%(upstream:track)%00%(upstream:remotename)%00%(upstream:remoteref) refs/heads/main refs/remotes/main [4ms]
2024-05-03 22:18:57.160 [info] > git status -z -uall [2994ms]
2024-05-03 22:19:02.573 [info] > git config --get commit.template [34ms]
2024-05-03 22:19:02.575 [info] > git for-each-ref --format=%(refname)%00%(upstream:short)%00%(objectname)%00%(upstream:track)%00%(upstream:remotename)%00%(upstream:remoteref) refs/heads/main refs/remotes/main [5ms]
2024-05-03 22:19:05.613 [info] > git status -z -uall [3009ms]
2024-05-03 22:19:11.026 [info] > git config --get commit.template [35ms]
2024-05-03 22:19:11.029 [info] > git for-each-ref --format=%(refname)%00%(upstream:short)%00%(objectname)%00%(upstream:track)%00%(upstream:remotename)%00%(upstream:remoteref) refs/heads/main refs/remotes/main [6ms]
2024-05-03 22:19:14.051 [info] > git status -z -uall [2989ms]
2024-05-03 22:19:19.479 [info] > git config --get commit.template [35ms]
2024-05-03 22:19:19.482 [info] > git for-each-ref --format=%(refname)%00%(upstream:short)%00%(objectname)%00%(upstream:track)%00%(upstream:remotename)%00%(upstream:remoteref) refs/heads/main refs/remotes/main [6ms]
2024-05-03 22:19:22.497 [info] > git status -z -uall [2980ms]
2024-05-03 22:21:51.265 [info] > git config --get commit.template [7ms]
2024-05-03 22:21:51.294 [info] > git for-each-ref --format=%(refname)%00%(upstream:short)%00%(objectname)%00%(upstream:track)%00%(upstream:remotename)%00%(upstream:remoteref) refs/heads/main refs/remotes/main [5ms]
2024-05-03 22:21:54.321 [info] > git status -z -uall [3004ms]
2024-05-03 22:21:59.778 [info] > git config --get commit.template [6ms]
2024-05-03 22:21:59.809 [info] > git for-each-ref --format=%(refname)%00%(upstream:short)%00%(objectname)%00%(upstream:track)%00%(upstream:remotename)%00%(upstream:remoteref) refs/heads/main refs/remotes/main [7ms]
2024-05-03 22:22:02.819 [info] > git status -z -uall [2984ms]
2024-05-03 22:22:22.289 [info] > git config --get commit.template [6ms]
2024-05-03 22:22:22.318 [info] > git for-each-ref --format=%(refname)%00%(upstream:short)%00%(objectname)%00%(upstream:track)%00%(upstream:remotename)%00%(upstream:remoteref) refs/heads/main refs/remotes/main [4ms]
2024-05-03 22:22:25.468 [info] > git status -z -uall [3123ms]
2024-05-03 22:22:27.935 [info] > git show --textconv :workplace/src/learning/setup.py [33ms]
2024-05-03 22:22:27.945 [info] > git ls-files --stage -- /home/mi/workplace/src/learning/setup.py [16ms]
2024-05-03 22:22:27.980 [info] > git cat-file -s b5eb11c9b824695c45f11775b93bc890a5703296 [9ms]
2024-05-03 22:22:29.882 [info] > git show --textconv :workplace/src/learning/learning/track.py [37ms]
2024-05-03 22:22:29.892 [info] > git ls-files --stage -- /home/mi/workplace/src/learning/learning/track.py [18ms]
2024-05-03 22:22:30.893 [info] > git config --get commit.template [6ms]
2024-05-03 22:22:30.924 [info] > git for-each-ref --format=%(refname)%00%(upstream:short)%00%(objectname)%00%(upstream:track)%00%(upstream:remotename)%00%(upstream:remoteref) refs/heads/main refs/remotes/main [8ms]
2024-05-03 22:22:34.044 [info] > git status -z -uall [3092ms]
2024-05-03 22:22:39.501 [info] > git config --get commit.template [6ms]
2024-05-03 22:22:39.531 [info] > git for-each-ref --format=%(refname)%00%(upstream:short)%00%(objectname)%00%(upstream:track)%00%(upstream:remotename)%00%(upstream:remoteref) refs/heads/main refs/remotes/main [4ms]
2024-05-03 22:22:42.695 [info] > git status -z -uall [3138ms]
2024-05-03 22:22:48.245 [info] > git config --get commit.template [29ms]
2024-05-03 22:22:48.247 [info] > git for-each-ref --format=%(refname)%00%(upstream:short)%00%(objectname)%00%(upstream:track)%00%(upstream:remotename)%00%(upstream:remoteref) refs/heads/main refs/remotes/main [5ms]
2024-05-03 22:22:51.229 [info] > git status -z -uall [2957ms]
2024-05-03 22:22:56.640 [info] > git config --get commit.template [6ms]
2024-05-03 22:22:56.670 [info] > git for-each-ref --format=%(refname)%00%(upstream:short)%00%(objectname)%00%(upstream:track)%00%(upstream:remotename)%00%(upstream:remoteref) refs/heads/main refs/remotes/main [6ms]
2024-05-03 22:22:59.843 [info] > git status -z -uall [3144ms]
2024-05-03 22:23:02.261 [info] > git show --textconv :workplace/src/learning/learning/rgb_cam_suber.py [31ms]
2024-05-03 22:23:02.274 [info] > git ls-files --stage -- /home/mi/workplace/src/learning/learning/rgb_cam_suber.py [17ms]
2024-05-03 22:23:05.220 [info] > git config --get commit.template [6ms]
2024-05-03 22:23:05.252 [info] > git for-each-ref --format=%(refname)%00%(upstream:short)%00%(objectname)%00%(upstream:track)%00%(upstream:remotename)%00%(upstream:remoteref) refs/heads/main refs/remotes/main [5ms]
2024-05-03 22:23:08.295 [info] > git status -z -uall [3013ms]
2024-05-03 22:23:13.700 [info] > git config --get commit.template [5ms]
2024-05-03 22:23:13.733 [info] > git for-each-ref --format=%(refname)%00%(upstream:short)%00%(objectname)%00%(upstream:track)%00%(upstream:remotename)%00%(upstream:remoteref) refs/heads/main refs/remotes/main [5ms]
2024-05-03 22:23:16.856 [info] > git status -z -uall [3094ms]
2024-05-03 22:24:06.421 [info] > git config --get commit.template [35ms]
2024-05-03 22:24:06.423 [info] > git for-each-ref --format=%(refname)%00%(upstream:short)%00%(objectname)%00%(upstream:track)%00%(upstream:remotename)%00%(upstream:remoteref) refs/heads/main refs/remotes/main [7ms]
2024-05-03 22:24:09.430 [info] > git status -z -uall [2979ms]
2024-05-03 22:24:14.928 [info] > git config --get commit.template [7ms]
2024-05-03 22:24:14.964 [info] > git for-each-ref --format=%(refname)%00%(upstream:short)%00%(objectname)%00%(upstream:track)%00%(upstream:remotename)%00%(upstream:remoteref) refs/heads/main refs/remotes/main [6ms]
2024-05-03 22:24:17.988 [info] > git status -z -uall [2990ms]
2024-05-03 22:24:23.359 [info] > git config --get commit.template [5ms]
2024-05-03 22:24:23.394 [info] > git for-each-ref --format=%(refname)%00%(upstream:short)%00%(objectname)%00%(upstream:track)%00%(upstream:remotename)%00%(upstream:remoteref) refs/heads/main refs/remotes/main [6ms]
2024-05-03 22:24:26.398 [info] > git status -z -uall [2972ms]
2024-05-03 22:24:37.049 [info] > git config --get commit.template [5ms]
2024-05-03 22:24:37.080 [info] > git for-each-ref --format=%(refname)%00%(upstream:short)%00%(objectname)%00%(upstream:track)%00%(upstream:remotename)%00%(upstream:remoteref) refs/heads/main refs/remotes/main [4ms]
2024-05-03 22:24:40.051 [info] > git status -z -uall [2943ms]
2024-05-03 22:24:45.518 [info] > git config --get commit.template [4ms]
2024-05-03 22:24:45.549 [info] > git for-each-ref --format=%(refname)%00%(upstream:short)%00%(objectname)%00%(upstream:track)%00%(upstream:remotename)%00%(upstream:remoteref) refs/heads/main refs/remotes/main [5ms]
2024-05-03 22:24:48.652 [info] > git status -z -uall [3074ms]
2024-05-03 22:24:54.039 [info] > git config --get commit.template [23ms]
2024-05-03 22:24:54.075 [info] > git for-each-ref --format=%(refname)%00%(upstream:short)%00%(objectname)%00%(upstream:track)%00%(upstream:remotename)%00%(upstream:remoteref) refs/heads/main refs/remotes/main [5ms]
2024-05-03 22:24:57.108 [info] > git status -z -uall [2998ms]
2024-05-03 22:28:05.931 [info] > git config --get commit.template [5ms]
2024-05-03 22:28:05.960 [info] > git for-each-ref --format=%(refname)%00%(upstream:short)%00%(objectname)%00%(upstream:track)%00%(upstream:remotename)%00%(upstream:remoteref) refs/heads/main refs/remotes/main [6ms]
2024-05-03 22:28:09.062 [info] > git status -z -uall [3074ms]
2024-05-03 22:28:14.527 [info] > git config --get commit.template [4ms]
2024-05-03 22:28:14.561 [info] > git for-each-ref --format=%(refname)%00%(upstream:short)%00%(objectname)%00%(upstream:track)%00%(upstream:remotename)%00%(upstream:remoteref) refs/heads/main refs/remotes/main [4ms]
2024-05-03 22:28:17.585 [info] > git status -z -uall [2994ms]
2024-05-03 22:28:23.062 [info] > git config --get commit.template [9ms]
2024-05-03 22:28:23.101 [info] > git for-each-ref --format=%(refname)%00%(upstream:short)%00%(objectname)%00%(upstream:track)%00%(upstream:remotename)%00%(upstream:remoteref) refs/heads/main refs/remotes/main [4ms]
2024-05-03 22:28:26.145 [info] > git status -z -uall [3006ms]
2024-05-03 22:28:42.225 [info] > git config --get commit.template [4ms]
2024-05-03 22:28:42.257 [info] > git for-each-ref --format=%(refname)%00%(upstream:short)%00%(objectname)%00%(upstream:track)%00%(upstream:remotename)%00%(upstream:remoteref) refs/heads/main refs/remotes/main [5ms]
2024-05-03 22:28:45.325 [info] > git status -z -uall [3040ms]
2024-05-03 22:28:50.767 [info] > git config --get commit.template [4ms]
2024-05-03 22:28:50.802 [info] > git for-each-ref --format=%(refname)%00%(upstream:short)%00%(objectname)%00%(upstream:track)%00%(upstream:remotename)%00%(upstream:remoteref) refs/heads/main refs/remotes/main [5ms]
2024-05-03 22:28:54.510 [info] > git status -z -uall [3676ms]
2024-05-03 22:28:59.953 [info] > git config --get commit.template [33ms]
2024-05-03 22:28:59.955 [info] > git for-each-ref --format=%(refname)%00%(upstream:short)%00%(objectname)%00%(upstream:track)%00%(upstream:remotename)%00%(upstream:remoteref) refs/heads/main refs/remotes/main [6ms]
2024-05-03 22:29:03.007 [info] > git status -z -uall [3022ms]
2024-05-03 22:29:13.900 [info] > git config --get commit.template [4ms]
2024-05-03 22:29:13.937 [info] > git for-each-ref --format=%(refname)%00%(upstream:short)%00%(objectname)%00%(upstream:track)%00%(upstream:remotename)%00%(upstream:remoteref) refs/heads/main refs/remotes/main [7ms]
2024-05-03 22:29:16.988 [info] > git status -z -uall [3012ms]
2024-05-03 22:29:22.492 [info] > git config --get commit.template [7ms]
2024-05-03 22:29:22.528 [info] > git for-each-ref --format=%(refname)%00%(upstream:short)%00%(objectname)%00%(upstream:track)%00%(upstream:remotename)%00%(upstream:remoteref) refs/heads/main refs/remotes/main [6ms]
2024-05-03 22:29:25.663 [info] > git status -z -uall [3100ms]
2024-05-03 22:29:31.083 [info] > git config --get commit.template [45ms]
2024-05-03 22:29:31.098 [info] > git for-each-ref --format=%(refname)%00%(upstream:short)%00%(objectname)%00%(upstream:track)%00%(upstream:remotename)%00%(upstream:remoteref) refs/heads/main refs/remotes/main [17ms]
2024-05-03 22:29:34.142 [info] > git status -z -uall [3012ms]
2024-05-03 22:29:39.563 [info] > git config --get commit.template [7ms]
2024-05-03 22:29:39.603 [info] > git for-each-ref --format=%(refname)%00%(upstream:short)%00%(objectname)%00%(upstream:track)%00%(upstream:remotename)%00%(upstream:remoteref) refs/heads/main refs/remotes/main [4ms]
2024-05-03 22:29:42.754 [info] > git status -z -uall [3116ms]
2024-05-03 22:29:48.202 [info] > git config --get commit.template [20ms]
2024-05-03 22:29:48.240 [info] > git for-each-ref --format=%(refname)%00%(upstream:short)%00%(objectname)%00%(upstream:track)%00%(upstream:remotename)%00%(upstream:remoteref) refs/heads/main refs/remotes/main [5ms]
2024-05-03 22:29:51.279 [info] > git status -z -uall [3001ms]
2024-05-03 22:29:56.713 [info] > git config --get commit.template [3ms]
2024-05-03 22:29:56.753 [info] > git for-each-ref --format=%(refname)%00%(upstream:short)%00%(objectname)%00%(upstream:track)%00%(upstream:remotename)%00%(upstream:remoteref) refs/heads/main refs/remotes/main [4ms]
2024-05-03 22:29:59.818 [info] > git status -z -uall [3028ms]
2024-05-03 22:30:05.233 [info] > git config --get commit.template [6ms]
2024-05-03 22:30:05.279 [info] > git for-each-ref --format=%(refname)%00%(upstream:short)%00%(objectname)%00%(upstream:track)%00%(upstream:remotename)%00%(upstream:remoteref) refs/heads/main refs/remotes/main [5ms]
2024-05-03 22:30:08.384 [info] > git status -z -uall [3066ms]
2024-05-03 22:30:13.895 [info] > git config --get commit.template [8ms]
2024-05-03 22:30:13.939 [info] > git for-each-ref --format=%(refname)%00%(upstream:short)%00%(objectname)%00%(upstream:track)%00%(upstream:remotename)%00%(upstream:remoteref) refs/heads/main refs/remotes/main [8ms]
2024-05-03 22:30:17.021 [info] > git status -z -uall [3055ms]
2024-05-03 22:30:22.406 [info] > git config --get commit.template [4ms]
2024-05-03 22:30:22.439 [info] > git for-each-ref --format=%(refname)%00%(upstream:short)%00%(objectname)%00%(upstream:track)%00%(upstream:remotename)%00%(upstream:remoteref) refs/heads/main refs/remotes/main [5ms]
2024-05-03 22:30:25.457 [info] > git status -z -uall [2984ms]
2024-05-03 22:31:39.435 [info] > git config --get commit.template [6ms]
2024-05-03 22:31:39.474 [info] > git for-each-ref --format=%(refname)%00%(upstream:short)%00%(objectname)%00%(upstream:track)%00%(upstream:remotename)%00%(upstream:remoteref) refs/heads/main refs/remotes/main [7ms]
2024-05-03 22:31:42.544 [info] > git status -z -uall [3041ms]
2024-05-03 22:31:48.031 [info] > git config --get commit.template [4ms]
2024-05-03 22:31:48.067 [info] > git for-each-ref --format=%(refname)%00%(upstream:short)%00%(objectname)%00%(upstream:track)%00%(upstream:remotename)%00%(upstream:remoteref) refs/heads/main refs/remotes/main [5ms]
2024-05-03 22:31:51.246 [info] > git status -z -uall [3143ms]
