[4.284s] Invoking command in '/home/mi/workplace/src/learning': PYTHONPATH=/home/mi/workplace/install/learning/lib/python3.6/site-packages:${PYTHONPATH} /usr/bin/python3 setup.py egg_info --egg-base ../../build/learning build --build-base /home/mi/workplace/build/learning/build install --prefix /home/mi/workplace/install/learning --record /home/mi/workplace/build/learning/install.log --single-version-externally-managed
[5.977s] running egg_info
[5.981s] writing ../../build/learning/learning.egg-info/PKG-INFO
[5.983s] writing dependency_links to ../../build/learning/learning.egg-info/dependency_links.txt
[5.986s] writing entry points to ../../build/learning/learning.egg-info/entry_points.txt
[5.987s] writing requirements to ../../build/learning/learning.egg-info/requires.txt
[5.987s] writing top-level names to ../../build/learning/learning.egg-info/top_level.txt
[6.007s] reading manifest file '../../build/learning/learning.egg-info/SOURCES.txt'
[6.014s] writing manifest file '../../build/learning/learning.egg-info/SOURCES.txt'
[6.015s] running build
[6.015s] running build_py
[6.018s] copying learning/move_node.py -> /home/mi/workplace/build/learning/build/lib/learning
[6.021s] copying learning/get_data.py -> /home/mi/workplace/build/learning/build/lib/learning
[6.026s] running install
[6.028s] /usr/local/lib/python3.6/dist-packages/setuptools/command/install.py:37: SetuptoolsDeprecationWarning: setup.py install is deprecated. Use build and pip and other standards-based tools.
[6.029s]   setuptools.SetuptoolsDeprecationWarning,
[6.030s] running install_lib
[6.036s] copying /home/mi/workplace/build/learning/build/lib/learning/move_node.py -> /home/mi/workplace/install/learning/lib/python3.6/site-packages/learning
[6.037s] copying /home/mi/workplace/build/learning/build/lib/learning/get_data.py -> /home/mi/workplace/install/learning/lib/python3.6/site-packages/learning
[6.042s] byte-compiling /home/mi/workplace/install/learning/lib/python3.6/site-packages/learning/move_node.py to move_node.cpython-36.pyc
[6.048s] byte-compiling /home/mi/workplace/install/learning/lib/python3.6/site-packages/learning/get_data.py to get_data.cpython-36.pyc
[6.058s] running install_data
[6.062s] running install_egg_info
[6.075s] removing '/home/mi/workplace/install/learning/lib/python3.6/site-packages/learning-0.0.0-py3.6.egg-info' (and everything under it)
[6.078s] Copying ../../build/learning/learning.egg-info to /home/mi/workplace/install/learning/lib/python3.6/site-packages/learning-0.0.0-py3.6.egg-info
[6.084s] running install_scripts
[6.216s] Installing camera script to /home/mi/workplace/install/learning/lib/learning
[6.218s] Installing crash script to /home/mi/workplace/install/learning/lib/learning
[6.221s] Installing data_receive script to /home/mi/workplace/install/learning/lib/learning
[6.222s] Installing get_data script to /home/mi/workplace/install/learning/lib/learning
[6.223s] Installing goal script to /home/mi/workplace/install/learning/lib/learning
[6.224s] Installing keeper script to /home/mi/workplace/install/learning/lib/learning
[6.224s] Installing main script to /home/mi/workplace/install/learning/lib/learning
[6.225s] Installing move_x script to /home/mi/workplace/install/learning/lib/learning
[6.225s] Installing rgb script to /home/mi/workplace/install/learning/lib/learning
[6.227s] Installing rotate script to /home/mi/workplace/install/learning/lib/learning
[6.227s] Installing rotate_until_center1 script to /home/mi/workplace/install/learning/lib/learning
[6.230s] Installing sit script to /home/mi/workplace/install/learning/lib/learning
[6.232s] Installing stand script to /home/mi/workplace/install/learning/lib/learning
[6.233s] Installing track script to /home/mi/workplace/install/learning/lib/learning
[6.233s] Installing walk_t_sec script to /home/mi/workplace/install/learning/lib/learning
[6.234s] Installing walktest script to /home/mi/workplace/install/learning/lib/learning
[6.235s] writing list of installed files to '/home/mi/workplace/build/learning/install.log'
[6.365s] Invoked command in '/home/mi/workplace/src/learning' returned '0': PYTHONPATH=/home/mi/workplace/install/learning/lib/python3.6/site-packages:${PYTHONPATH} /usr/bin/python3 setup.py egg_info --egg-base ../../build/learning build --build-base /home/mi/workplace/build/learning/build install --prefix /home/mi/workplace/install/learning --record /home/mi/workplace/build/learning/install.log --single-version-externally-managed
