[4.143s] Invoking command in '/home/mi/workplace/src/learning': PYTHONPATH=/home/mi/install/learning/lib/python3.6/site-packages:${PYTHONPATH} /usr/bin/python3 setup.py egg_info --egg-base ../../../build/learning build --build-base /home/mi/build/learning/build install --prefix /home/mi/install/learning --record /home/mi/build/learning/install.log --single-version-externally-managed
[5.795s] running egg_info
[5.798s] writing ../../../build/learning/learning.egg-info/PKG-INFO
[5.799s] writing dependency_links to ../../../build/learning/learning.egg-info/dependency_links.txt
[5.801s] writing entry points to ../../../build/learning/learning.egg-info/entry_points.txt
[5.801s] writing requirements to ../../../build/learning/learning.egg-info/requires.txt
[5.802s] writing top-level names to ../../../build/learning/learning.egg-info/top_level.txt
[5.820s] reading manifest file '../../../build/learning/learning.egg-info/SOURCES.txt'
[5.827s] writing manifest file '../../../build/learning/learning.egg-info/SOURCES.txt'
[5.829s] running build
[5.830s] running build_py
[5.834s] copying learning/move_x.py -> /home/mi/build/learning/build/lib/learning
[5.841s] running install
[5.842s] /usr/local/lib/python3.6/dist-packages/setuptools/command/install.py:37: SetuptoolsDeprecationWarning: setup.py install is deprecated. Use build and pip and other standards-based tools.
[5.843s]   setuptools.SetuptoolsDeprecationWarning,
[5.843s] running install_lib
[5.847s] copying /home/mi/build/learning/build/lib/learning/move_x.py -> /home/mi/install/learning/lib/python3.6/site-packages/learning
[5.852s] byte-compiling /home/mi/install/learning/lib/python3.6/site-packages/learning/move_x.py to move_x.cpython-36.pyc
[5.861s] running install_data
[5.863s] running install_egg_info
[5.869s] removing '/home/mi/install/learning/lib/python3.6/site-packages/learning-0.0.0-py3.6.egg-info' (and everything under it)
[5.871s] Copying ../../../build/learning/learning.egg-info to /home/mi/install/learning/lib/python3.6/site-packages/learning-0.0.0-py3.6.egg-info
[5.881s] running install_scripts
[5.978s] Installing camera script to /home/mi/install/learning/lib/learning
[5.979s] Installing crash script to /home/mi/install/learning/lib/learning
[5.979s] Installing data_receive script to /home/mi/install/learning/lib/learning
[5.980s] Installing get_data script to /home/mi/install/learning/lib/learning
[5.981s] Installing goal script to /home/mi/install/learning/lib/learning
[5.982s] Installing keeper script to /home/mi/install/learning/lib/learning
[5.988s] Installing move_x script to /home/mi/install/learning/lib/learning
[5.989s] Installing rgb script to /home/mi/install/learning/lib/learning
[5.990s] Installing rotate script to /home/mi/install/learning/lib/learning
[5.993s] Installing rotate_until_center1 script to /home/mi/install/learning/lib/learning
[5.994s] Installing stand script to /home/mi/install/learning/lib/learning
[5.995s] Installing track script to /home/mi/install/learning/lib/learning
[5.995s] Installing walk_t_sec script to /home/mi/install/learning/lib/learning
[5.996s] Installing walktest script to /home/mi/install/learning/lib/learning
[5.997s] writing list of installed files to '/home/mi/build/learning/install.log'
[6.110s] Invoked command in '/home/mi/workplace/src/learning' returned '0': PYTHONPATH=/home/mi/install/learning/lib/python3.6/site-packages:${PYTHONPATH} /usr/bin/python3 setup.py egg_info --egg-base ../../../build/learning build --build-base /home/mi/build/learning/build install --prefix /home/mi/install/learning --record /home/mi/build/learning/install.log --single-version-externally-managed
