[4.538s] Invoking command in '/home/mi/workplace/src/learning': PYTHONPATH=/home/mi/workplace/install/learning/lib/python3.6/site-packages:${PYTHONPATH} /usr/bin/python3 setup.py egg_info --egg-base ../../build/learning build --build-base /home/mi/workplace/build/learning/build install --prefix /home/mi/workplace/install/learning --record /home/mi/workplace/build/learning/install.log --single-version-externally-managed
[6.394s] running egg_info
[6.396s] writing ../../build/learning/learning.egg-info/PKG-INFO
[6.398s] writing dependency_links to ../../build/learning/learning.egg-info/dependency_links.txt
[6.400s] writing entry points to ../../build/learning/learning.egg-info/entry_points.txt
[6.402s] writing requirements to ../../build/learning/learning.egg-info/requires.txt
[6.402s] writing top-level names to ../../build/learning/learning.egg-info/top_level.txt
[6.424s] reading manifest file '../../build/learning/learning.egg-info/SOURCES.txt'
[6.429s] writing manifest file '../../build/learning/learning.egg-info/SOURCES.txt'
[6.437s] running build
[6.441s] running build_py
[6.441s] copying learning/test.py -> /home/mi/workplace/build/learning/build/lib/learning
[6.442s] running install
[6.457s] /usr/local/lib/python3.6/dist-packages/setuptools/command/install.py:37: SetuptoolsDeprecationWarning: setup.py install is deprecated. Use build and pip and other standards-based tools.
[6.458s]   setuptools.SetuptoolsDeprecationWarning,
[6.459s] running install_lib
[6.461s] copying /home/mi/workplace/build/learning/build/lib/learning/test.py -> /home/mi/workplace/install/learning/lib/python3.6/site-packages/learning
[6.462s] byte-compiling /home/mi/workplace/install/learning/lib/python3.6/site-packages/learning/test.py to test.cpython-36.pyc
[6.463s] running install_data
[6.463s] running install_egg_info
[6.470s] removing '/home/mi/workplace/install/learning/lib/python3.6/site-packages/learning-0.0.0-py3.6.egg-info' (and everything under it)
[6.473s] Copying ../../build/learning/learning.egg-info to /home/mi/workplace/install/learning/lib/python3.6/site-packages/learning-0.0.0-py3.6.egg-info
[6.484s] running install_scripts
[6.576s] Installing camera script to /home/mi/workplace/install/learning/lib/learning
[6.578s] Installing crash script to /home/mi/workplace/install/learning/lib/learning
[6.583s] Installing data_receive script to /home/mi/workplace/install/learning/lib/learning
[6.584s] Installing get_data script to /home/mi/workplace/install/learning/lib/learning
[6.585s] Installing goal script to /home/mi/workplace/install/learning/lib/learning
[6.586s] Installing keeper script to /home/mi/workplace/install/learning/lib/learning
[6.588s] Installing main script to /home/mi/workplace/install/learning/lib/learning
[6.589s] Installing move_x script to /home/mi/workplace/install/learning/lib/learning
[6.589s] Installing rgb script to /home/mi/workplace/install/learning/lib/learning
[6.590s] Installing rotate script to /home/mi/workplace/install/learning/lib/learning
[6.591s] Installing rotate_until_center1 script to /home/mi/workplace/install/learning/lib/learning
[6.591s] Installing sit script to /home/mi/workplace/install/learning/lib/learning
[6.592s] Installing stand script to /home/mi/workplace/install/learning/lib/learning
[6.593s] Installing test script to /home/mi/workplace/install/learning/lib/learning
[6.593s] Installing track script to /home/mi/workplace/install/learning/lib/learning
[6.594s] Installing walk_t_sec script to /home/mi/workplace/install/learning/lib/learning
[6.595s] Installing walktest script to /home/mi/workplace/install/learning/lib/learning
[6.595s] writing list of installed files to '/home/mi/workplace/build/learning/install.log'
[6.718s] Invoked command in '/home/mi/workplace/src/learning' returned '0': PYTHONPATH=/home/mi/workplace/install/learning/lib/python3.6/site-packages:${PYTHONPATH} /usr/bin/python3 setup.py egg_info --egg-base ../../build/learning build --build-base /home/mi/workplace/build/learning/build install --prefix /home/mi/workplace/install/learning --record /home/mi/workplace/build/learning/install.log --single-version-externally-managed
