[4.786s] Invoking command in '/home/mi/workplace/src/learning': PYTHONPATH=/home/mi/workplace/install/learning/lib/python3.6/site-packages:${PYTHONPATH} /usr/bin/python3 setup.py egg_info --egg-base ../../build/learning build --build-base /home/mi/workplace/build/learning/build install --prefix /home/mi/workplace/install/learning --record /home/mi/workplace/build/learning/install.log --single-version-externally-managed
[6.495s] running egg_info
[6.499s] writing ../../build/learning/learning.egg-info/PKG-INFO
[6.503s] writing dependency_links to ../../build/learning/learning.egg-info/dependency_links.txt
[6.503s] writing entry points to ../../build/learning/learning.egg-info/entry_points.txt
[6.504s] writing requirements to ../../build/learning/learning.egg-info/requires.txt
[6.504s] writing top-level names to ../../build/learning/learning.egg-info/top_level.txt
[6.520s] reading manifest file '../../build/learning/learning.egg-info/SOURCES.txt'
[6.527s] writing manifest file '../../build/learning/learning.egg-info/SOURCES.txt'
[6.528s] running build
[6.529s] running build_py
[6.529s] copying learning/track.py -> /home/mi/workplace/build/learning/build/lib/learning
[6.531s] running install
[6.534s] /usr/local/lib/python3.6/dist-packages/setuptools/command/install.py:37: SetuptoolsDeprecationWarning: setup.py install is deprecated. Use build and pip and other standards-based tools.
[6.535s]   setuptools.SetuptoolsDeprecationWarning,
[6.536s] running install_lib
[6.541s] copying /home/mi/workplace/build/learning/build/lib/learning/track.py -> /home/mi/workplace/install/learning/lib/python3.6/site-packages/learning
[6.544s] byte-compiling /home/mi/workplace/install/learning/lib/python3.6/site-packages/learning/track.py to track.cpython-36.pyc
[6.548s] running install_data
[6.553s] running install_egg_info
[6.560s] removing '/home/mi/workplace/install/learning/lib/python3.6/site-packages/learning-0.0.0-py3.6.egg-info' (and everything under it)
[6.562s] Copying ../../build/learning/learning.egg-info to /home/mi/workplace/install/learning/lib/python3.6/site-packages/learning-0.0.0-py3.6.egg-info
[6.573s] running install_scripts
[6.674s] Installing camera script to /home/mi/workplace/install/learning/lib/learning
[6.674s] Installing rgb script to /home/mi/workplace/install/learning/lib/learning
[6.676s] Installing stand script to /home/mi/workplace/install/learning/lib/learning
[6.677s] Installing track script to /home/mi/workplace/install/learning/lib/learning
[6.677s] Installing walktest script to /home/mi/workplace/install/learning/lib/learning
[6.679s] writing list of installed files to '/home/mi/workplace/build/learning/install.log'
[6.832s] Invoked command in '/home/mi/workplace/src/learning' returned '0': PYTHONPATH=/home/mi/workplace/install/learning/lib/python3.6/site-packages:${PYTHONPATH} /usr/bin/python3 setup.py egg_info --egg-base ../../build/learning build --build-base /home/mi/workplace/build/learning/build install --prefix /home/mi/workplace/install/learning --record /home/mi/workplace/build/learning/install.log --single-version-externally-managed
