[4.003s] Invoking command in '/home/mi/workplace/src/learning': PYTHONPATH=/home/mi/workplace/install/learning/lib/python3.6/site-packages:${PYTHONPATH} /usr/bin/python3 setup.py egg_info --egg-base ../../build/learning build --build-base /home/mi/workplace/build/learning/build install --prefix /home/mi/workplace/install/learning --record /home/mi/workplace/build/learning/install.log --single-version-externally-managed
[5.467s] running egg_info
[5.475s] writing ../../build/learning/learning.egg-info/PKG-INFO
[5.476s] writing dependency_links to ../../build/learning/learning.egg-info/dependency_links.txt
[5.476s] writing entry points to ../../build/learning/learning.egg-info/entry_points.txt
[5.477s] writing requirements to ../../build/learning/learning.egg-info/requires.txt
[5.477s] writing top-level names to ../../build/learning/learning.egg-info/top_level.txt
[5.491s] reading manifest file '../../build/learning/learning.egg-info/SOURCES.txt'
[5.496s] writing manifest file '../../build/learning/learning.egg-info/SOURCES.txt'
[5.497s] running build
[5.497s] running build_py
[5.500s] copying learning/rotate.py -> /home/mi/workplace/build/learning/build/lib/learning
[5.502s] running install
[5.503s] /usr/local/lib/python3.6/dist-packages/setuptools/command/install.py:37: SetuptoolsDeprecationWarning: setup.py install is deprecated. Use build and pip and other standards-based tools.
[5.504s]   setuptools.SetuptoolsDeprecationWarning,
[5.505s] running install_lib
[5.509s] copying /home/mi/workplace/build/learning/build/lib/learning/rotate.py -> /home/mi/workplace/install/learning/lib/python3.6/site-packages/learning
[5.514s] byte-compiling /home/mi/workplace/install/learning/lib/python3.6/site-packages/learning/rotate.py to rotate.cpython-36.pyc
[5.519s] running install_data
[5.522s] running install_egg_info
[5.529s] removing '/home/mi/workplace/install/learning/lib/python3.6/site-packages/learning-0.0.0-py3.6.egg-info' (and everything under it)
[5.530s] Copying ../../build/learning/learning.egg-info to /home/mi/workplace/install/learning/lib/python3.6/site-packages/learning-0.0.0-py3.6.egg-info
[5.535s] running install_scripts
[5.619s] Installing camera script to /home/mi/workplace/install/learning/lib/learning
[5.620s] Installing crash script to /home/mi/workplace/install/learning/lib/learning
[5.624s] Installing data_receive script to /home/mi/workplace/install/learning/lib/learning
[5.624s] Installing goal script to /home/mi/workplace/install/learning/lib/learning
[5.625s] Installing rgb script to /home/mi/workplace/install/learning/lib/learning
[5.626s] Installing rotate script to /home/mi/workplace/install/learning/lib/learning
[5.626s] Installing rotate_until_center1 script to /home/mi/workplace/install/learning/lib/learning
[5.627s] Installing stand script to /home/mi/workplace/install/learning/lib/learning
[5.627s] Installing track script to /home/mi/workplace/install/learning/lib/learning
[5.628s] Installing walk_t_sec script to /home/mi/workplace/install/learning/lib/learning
[5.628s] Installing walktest script to /home/mi/workplace/install/learning/lib/learning
[5.629s] writing list of installed files to '/home/mi/workplace/build/learning/install.log'
[5.747s] Invoked command in '/home/mi/workplace/src/learning' returned '0': PYTHONPATH=/home/mi/workplace/install/learning/lib/python3.6/site-packages:${PYTHONPATH} /usr/bin/python3 setup.py egg_info --egg-base ../../build/learning build --build-base /home/mi/workplace/build/learning/build install --prefix /home/mi/workplace/install/learning --record /home/mi/workplace/build/learning/install.log --single-version-externally-managed
