[4.534s] Invoking command in '/home/mi/workplace/src/learning': PYTHONPATH=/home/mi/workplace/install/learning/lib/python3.6/site-packages:${PYTHONPATH} /usr/bin/python3 setup.py egg_info --egg-base ../../build/learning build --build-base /home/mi/workplace/build/learning/build install --prefix /home/mi/workplace/install/learning --record /home/mi/workplace/build/learning/install.log --single-version-externally-managed
[6.273s] running egg_info
[6.280s] writing ../../build/learning/learning.egg-info/PKG-INFO
[6.281s] writing dependency_links to ../../build/learning/learning.egg-info/dependency_links.txt
[6.282s] writing entry points to ../../build/learning/learning.egg-info/entry_points.txt
[6.285s] writing requirements to ../../build/learning/learning.egg-info/requires.txt
[6.286s] writing top-level names to ../../build/learning/learning.egg-info/top_level.txt
[6.303s] reading manifest file '../../build/learning/learning.egg-info/SOURCES.txt'
[6.311s] writing manifest file '../../build/learning/learning.egg-info/SOURCES.txt'
[6.313s] running build
[6.314s] running build_py
[6.316s] copying learning/striker.py -> /home/mi/workplace/build/learning/build/lib/learning
[6.319s] copying learning/get_data.py -> /home/mi/workplace/build/learning/build/lib/learning
[6.321s] copying learning/goal.py -> /home/mi/workplace/build/learning/build/lib/learning
[6.324s] running install
[6.325s] /usr/local/lib/python3.6/dist-packages/setuptools/command/install.py:37: SetuptoolsDeprecationWarning: setup.py install is deprecated. Use build and pip and other standards-based tools.
[6.326s]   setuptools.SetuptoolsDeprecationWarning,
[6.329s] running install_lib
[6.338s] copying /home/mi/workplace/build/learning/build/lib/learning/striker.py -> /home/mi/workplace/install/learning/lib/python3.6/site-packages/learning
[6.339s] copying /home/mi/workplace/build/learning/build/lib/learning/get_data.py -> /home/mi/workplace/install/learning/lib/python3.6/site-packages/learning
[6.340s] copying /home/mi/workplace/build/learning/build/lib/learning/goal.py -> /home/mi/workplace/install/learning/lib/python3.6/site-packages/learning
[6.343s] byte-compiling /home/mi/workplace/install/learning/lib/python3.6/site-packages/learning/striker.py to striker.cpython-36.pyc
[6.345s] byte-compiling /home/mi/workplace/install/learning/lib/python3.6/site-packages/learning/get_data.py to get_data.cpython-36.pyc
[6.352s] byte-compiling /home/mi/workplace/install/learning/lib/python3.6/site-packages/learning/goal.py to goal.cpython-36.pyc
[6.352s] running install_data
[6.356s] running install_egg_info
[6.367s] removing '/home/mi/workplace/install/learning/lib/python3.6/site-packages/learning-0.0.0-py3.6.egg-info' (and everything under it)
[6.367s] Copying ../../build/learning/learning.egg-info to /home/mi/workplace/install/learning/lib/python3.6/site-packages/learning-0.0.0-py3.6.egg-info
[6.372s] running install_scripts
[6.467s] Installing camera script to /home/mi/workplace/install/learning/lib/learning
[6.468s] Installing crash script to /home/mi/workplace/install/learning/lib/learning
[6.469s] Installing data_receive script to /home/mi/workplace/install/learning/lib/learning
[6.470s] Installing get_data script to /home/mi/workplace/install/learning/lib/learning
[6.471s] Installing goal script to /home/mi/workplace/install/learning/lib/learning
[6.472s] Installing rgb script to /home/mi/workplace/install/learning/lib/learning
[6.473s] Installing rotate script to /home/mi/workplace/install/learning/lib/learning
[6.473s] Installing rotate_until_center1 script to /home/mi/workplace/install/learning/lib/learning
[6.474s] Installing stand script to /home/mi/workplace/install/learning/lib/learning
[6.475s] Installing track script to /home/mi/workplace/install/learning/lib/learning
[6.476s] Installing walk_t_sec script to /home/mi/workplace/install/learning/lib/learning
[6.476s] Installing walktest script to /home/mi/workplace/install/learning/lib/learning
[6.486s] writing list of installed files to '/home/mi/workplace/build/learning/install.log'
[6.628s] Invoked command in '/home/mi/workplace/src/learning' returned '0': PYTHONPATH=/home/mi/workplace/install/learning/lib/python3.6/site-packages:${PYTHONPATH} /usr/bin/python3 setup.py egg_info --egg-base ../../build/learning build --build-base /home/mi/workplace/build/learning/build install --prefix /home/mi/workplace/install/learning --record /home/mi/workplace/build/learning/install.log --single-version-externally-managed
